[0.029s] Invoking command in '/home/jay/capstonerobot_ws/build/turtlebot3_description': CMAKE_PREFIX_PATH=${CMAKE_PREFIX_PATH}:/home/jay/capstonerobot_ws/install/turtlebot3_teleop:/home/jay/capstonerobot_ws/install/turtlebot3_example:/opt/ros/foxy /usr/bin/cmake /home/jay/capstonerobot_ws/src/turtlebot3/turtlebot3_description -DAMENT_CMAKE_SYMLINK_INSTALL=1 -DCMAKE_INSTALL_PREFIX=/home/jay/capstonerobot_ws/install/turtlebot3_description
[0.055s] -- Found ament_cmake: 0.9.12 (/opt/ros/foxy/share/ament_cmake/cmake)
[0.084s] -- Using PYTHON_EXECUTABLE: /usr/bin/python3
[0.212s] -- Override CMake install command with custom implementation using symlinks instead of copying resources
[0.239s] -- Found urdf: 2.4.0 (/opt/ros/foxy/share/urdf/cmake)
[0.318s] -- Configuring done
[0.324s] -- Generating done
[0.325s] -- Build files have been written to: /home/jay/capstonerobot_ws/build/turtlebot3_description
[0.328s] Invoked command in '/home/jay/capstonerobot_ws/build/turtlebot3_description' returned '0': CMAKE_PREFIX_PATH=${CMAKE_PREFIX_PATH}:/home/jay/capstonerobot_ws/install/turtlebot3_teleop:/home/jay/capstonerobot_ws/install/turtlebot3_example:/opt/ros/foxy /usr/bin/cmake /home/jay/capstonerobot_ws/src/turtlebot3/turtlebot3_description -DAMENT_CMAKE_SYMLINK_INSTALL=1 -DCMAKE_INSTALL_PREFIX=/home/jay/capstonerobot_ws/install/turtlebot3_description
[0.328s] Invoking command in '/home/jay/capstonerobot_ws/build/turtlebot3_description': CMAKE_PREFIX_PATH=${CMAKE_PREFIX_PATH}:/home/jay/capstonerobot_ws/install/turtlebot3_teleop:/home/jay/capstonerobot_ws/install/turtlebot3_example:/opt/ros/foxy /usr/bin/cmake --build /home/jay/capstonerobot_ws/build/turtlebot3_description -- -j4 -l4
[0.368s] Invoked command in '/home/jay/capstonerobot_ws/build/turtlebot3_description' returned '0': CMAKE_PREFIX_PATH=${CMAKE_PREFIX_PATH}:/home/jay/capstonerobot_ws/install/turtlebot3_teleop:/home/jay/capstonerobot_ws/install/turtlebot3_example:/opt/ros/foxy /usr/bin/cmake --build /home/jay/capstonerobot_ws/build/turtlebot3_description -- -j4 -l4
[0.403s] Invoking command in '/home/jay/capstonerobot_ws/build/turtlebot3_description': CMAKE_PREFIX_PATH=${CMAKE_PREFIX_PATH}:/home/jay/capstonerobot_ws/install/turtlebot3_teleop:/home/jay/capstonerobot_ws/install/turtlebot3_example:/opt/ros/foxy /usr/bin/cmake --install /home/jay/capstonerobot_ws/build/turtlebot3_description
[0.409s] -- Install configuration: ""
[0.409s] -- Execute custom install script
[0.410s] -- Up-to-date symlink: /home/jay/capstonerobot_ws/install/turtlebot3_description/share/turtlebot3_description/meshes/bases/burger_base.stl
[0.410s] -- Up-to-date symlink: /home/jay/capstonerobot_ws/install/turtlebot3_description/share/turtlebot3_description/meshes/bases/waffle_base.stl
[0.410s] -- Up-to-date symlink: /home/jay/capstonerobot_ws/install/turtlebot3_description/share/turtlebot3_description/meshes/bases/waffle_pi_base.stl
[0.410s] -- Up-to-date symlink: /home/jay/capstonerobot_ws/install/turtlebot3_description/share/turtlebot3_description/meshes/sensors/astra.dae
[0.410s] -- Up-to-date symlink: /home/jay/capstonerobot_ws/install/turtlebot3_description/share/turtlebot3_description/meshes/sensors/astra.jpg
[0.410s] -- Up-to-date symlink: /home/jay/capstonerobot_ws/install/turtlebot3_description/share/turtlebot3_description/meshes/sensors/lds.stl
[0.410s] -- Up-to-date symlink: /home/jay/capstonerobot_ws/install/turtlebot3_description/share/turtlebot3_description/meshes/sensors/r200.dae
[0.410s] -- Up-to-date symlink: /home/jay/capstonerobot_ws/install/turtlebot3_description/share/turtlebot3_description/meshes/sensors/r200.jpg
[0.410s] -- Up-to-date symlink: /home/jay/capstonerobot_ws/install/turtlebot3_description/share/turtlebot3_description/meshes/wheels/left_tire.stl
[0.410s] -- Up-to-date symlink: /home/jay/capstonerobot_ws/install/turtlebot3_description/share/turtlebot3_description/meshes/wheels/right_tire.stl
[0.410s] -- Up-to-date symlink: /home/jay/capstonerobot_ws/install/turtlebot3_description/share/turtlebot3_description/rviz/model.rviz
[0.411s] -- Up-to-date symlink: /home/jay/capstonerobot_ws/install/turtlebot3_description/share/turtlebot3_description/urdf/common_properties.urdf
[0.411s] -- Up-to-date symlink: /home/jay/capstonerobot_ws/install/turtlebot3_description/share/turtlebot3_description/urdf/turtlebot3_burger.urdf
[0.411s] -- Up-to-date symlink: /home/jay/capstonerobot_ws/install/turtlebot3_description/share/turtlebot3_description/urdf/turtlebot3_waffle.urdf
[0.411s] -- Up-to-date symlink: /home/jay/capstonerobot_ws/install/turtlebot3_description/share/turtlebot3_description/urdf/turtlebot3_waffle_pi.urdf
[0.412s] -- Up-to-date symlink: /home/jay/capstonerobot_ws/install/turtlebot3_description/share/ament_index/resource_index/package_run_dependencies/turtlebot3_description
[0.412s] -- Up-to-date symlink: /home/jay/capstonerobot_ws/install/turtlebot3_description/share/ament_index/resource_index/parent_prefix_path/turtlebot3_description
[0.412s] -- Up-to-date symlink: /home/jay/capstonerobot_ws/install/turtlebot3_description/share/turtlebot3_description/environment/ament_prefix_path.sh
[0.412s] -- Up-to-date symlink: /home/jay/capstonerobot_ws/install/turtlebot3_description/share/turtlebot3_description/environment/ament_prefix_path.dsv
[0.412s] -- Up-to-date symlink: /home/jay/capstonerobot_ws/install/turtlebot3_description/share/turtlebot3_description/environment/path.sh
[0.412s] -- Up-to-date symlink: /home/jay/capstonerobot_ws/install/turtlebot3_description/share/turtlebot3_description/environment/path.dsv
[0.413s] -- Up-to-date symlink: /home/jay/capstonerobot_ws/install/turtlebot3_description/share/turtlebot3_description/local_setup.bash
[0.413s] -- Up-to-date symlink: /home/jay/capstonerobot_ws/install/turtlebot3_description/share/turtlebot3_description/local_setup.sh
[0.413s] -- Up-to-date symlink: /home/jay/capstonerobot_ws/install/turtlebot3_description/share/turtlebot3_description/local_setup.zsh
[0.413s] -- Up-to-date symlink: /home/jay/capstonerobot_ws/install/turtlebot3_description/share/turtlebot3_description/local_setup.dsv
[0.413s] -- Symlinking: /home/jay/capstonerobot_ws/install/turtlebot3_description/share/turtlebot3_description/package.dsv
[0.419s] -- Up-to-date symlink: /home/jay/capstonerobot_ws/install/turtlebot3_description/share/ament_index/resource_index/packages/turtlebot3_description
[0.419s] -- Up-to-date symlink: /home/jay/capstonerobot_ws/install/turtlebot3_description/share/turtlebot3_description/cmake/turtlebot3_descriptionConfig.cmake
[0.420s] -- Up-to-date symlink: /home/jay/capstonerobot_ws/install/turtlebot3_description/share/turtlebot3_description/cmake/turtlebot3_descriptionConfig-version.cmake
[0.420s] -- Up-to-date symlink: /home/jay/capstonerobot_ws/install/turtlebot3_description/share/turtlebot3_description/package.xml
[0.423s] Invoked command in '/home/jay/capstonerobot_ws/build/turtlebot3_description' returned '0': CMAKE_PREFIX_PATH=${CMAKE_PREFIX_PATH}:/home/jay/capstonerobot_ws/install/turtlebot3_teleop:/home/jay/capstonerobot_ws/install/turtlebot3_example:/opt/ros/foxy /usr/bin/cmake --install /home/jay/capstonerobot_ws/build/turtlebot3_description
