[ 25%] Built target turtlebot3_drive
[ 50%] Built target obstacle2
[ 75%] Built target obstacles
[100%] Built target obstacle1
-- Install configuration: ""
-- Execute custom install script
-- Up-to-date symlink: /home/jay/capstonerobot_ws/install/turtlebot3_gazebo/lib/turtlebot3_gazebo/turtlebot3_drive
-- Up-to-date symlink: /home/jay/capstonerobot_ws/install/turtlebot3_gazebo/share/turtlebot3_gazebo//launch/empty_world.launch.py
-- Symlinking: /home/jay/capstonerobot_ws/install/turtlebot3_gazebo/share/turtlebot3_gazebo//launch/library_world.launch.py
-- Up-to-date symlink: /home/jay/capstonerobot_ws/install/turtlebot3_gazebo/share/turtlebot3_gazebo//launch/robot_state_publisher.launch.py
-- Up-to-date symlink: /home/jay/capstonerobot_ws/install/turtlebot3_gazebo/share/turtlebot3_gazebo//launch/turtlebot3_autorace.launch.py
-- Up-to-date symlink: /home/jay/capstonerobot_ws/install/turtlebot3_gazebo/share/turtlebot3_gazebo//launch/turtlebot3_dqn_stage1.launch.py
-- Up-to-date symlink: /home/jay/capstonerobot_ws/install/turtlebot3_gazebo/share/turtlebot3_gazebo//launch/turtlebot3_dqn_stage2.launch.py
-- Up-to-date symlink: /home/jay/capstonerobot_ws/install/turtlebot3_gazebo/share/turtlebot3_gazebo//launch/turtlebot3_dqn_stage3.launch.py
-- Up-to-date symlink: /home/jay/capstonerobot_ws/install/turtlebot3_gazebo/share/turtlebot3_gazebo//launch/turtlebot3_dqn_stage4.launch.py
-- Up-to-date symlink: /home/jay/capstonerobot_ws/install/turtlebot3_gazebo/share/turtlebot3_gazebo//launch/turtlebot3_house.launch.py
-- Up-to-date symlink: /home/jay/capstonerobot_ws/install/turtlebot3_gazebo/share/turtlebot3_gazebo//launch/turtlebot3_world.launch.py
-- Symlinking: /home/jay/capstonerobot_ws/install/turtlebot3_gazebo/share/turtlebot3_gazebo//models/library_table/materials/textures/1.jpg.002.jpg
-- Symlinking: /home/jay/capstonerobot_ws/install/turtlebot3_gazebo/share/turtlebot3_gazebo//models/library_table/materials/textures/10.jpg
-- Symlinking: /home/jay/capstonerobot_ws/install/turtlebot3_gazebo/share/turtlebot3_gazebo//models/library_table/materials/textures/100.jpg
-- Symlinking: /home/jay/capstonerobot_ws/install/turtlebot3_gazebo/share/turtlebot3_gazebo//models/library_table/materials/textures/101.jpg.001.jpg
-- Symlinking: /home/jay/capstonerobot_ws/install/turtlebot3_gazebo/share/turtlebot3_gazebo//models/library_table/materials/textures/102.jpg
-- Symlinking: /home/jay/capstonerobot_ws/install/turtlebot3_gazebo/share/turtlebot3_gazebo//models/library_table/materials/textures/103.jpg
-- Symlinking: /home/jay/capstonerobot_ws/install/turtlebot3_gazebo/share/turtlebot3_gazebo//models/library_table/materials/textures/104.jpg
-- Symlinking: /home/jay/capstonerobot_ws/install/turtlebot3_gazebo/share/turtlebot3_gazebo//models/library_table/materials/textures/105.jpg
-- Symlinking: /home/jay/capstonerobot_ws/install/turtlebot3_gazebo/share/turtlebot3_gazebo//models/library_table/materials/textures/106.jpg.001.jpg
-- Symlinking: /home/jay/capstonerobot_ws/install/turtlebot3_gazebo/share/turtlebot3_gazebo//models/library_table/materials/textures/107.jpg
-- Symlinking: /home/jay/capstonerobot_ws/install/turtlebot3_gazebo/share/turtlebot3_gazebo//models/library_table/materials/textures/108.jpg
-- Symlinking: /home/jay/capstonerobot_ws/install/turtlebot3_gazebo/share/turtlebot3_gazebo//models/library_table/materials/textures/109.jpg
-- Symlinking: /home/jay/capstonerobot_ws/install/turtlebot3_gazebo/share/turtlebot3_gazebo//models/library_table/materials/textures/11.jpg
-- Symlinking: /home/jay/capstonerobot_ws/install/turtlebot3_gazebo/share/turtlebot3_gazebo//models/library_table/materials/textures/110.jpg
-- Symlinking: /home/jay/capstonerobot_ws/install/turtlebot3_gazebo/share/turtlebot3_gazebo//models/library_table/materials/textures/111.jpg
-- Symlinking: /home/jay/capstonerobot_ws/install/turtlebot3_gazebo/share/turtlebot3_gazebo//models/library_table/materials/textures/112.jpg
-- Symlinking: /home/jay/capstonerobot_ws/install/turtlebot3_gazebo/share/turtlebot3_gazebo//models/library_table/materials/textures/113.jpg
-- Symlinking: /home/jay/capstonerobot_ws/install/turtlebot3_gazebo/share/turtlebot3_gazebo//models/library_table/materials/textures/114.jpg
-- Symlinking: /home/jay/capstonerobot_ws/install/turtlebot3_gazebo/share/turtlebot3_gazebo//models/library_table/materials/textures/115.jpg
-- Symlinking: /home/jay/capstonerobot_ws/install/turtlebot3_gazebo/share/turtlebot3_gazebo//models/library_table/materials/textures/116.jpg
-- Symlinking: /home/jay/capstonerobot_ws/install/turtlebot3_gazebo/share/turtlebot3_gazebo//models/library_table/materials/textures/117.jpg
-- Symlinking: /home/jay/capstonerobot_ws/install/turtlebot3_gazebo/share/turtlebot3_gazebo//models/library_table/materials/textures/118.jpg
-- Symlinking: /home/jay/capstonerobot_ws/install/turtlebot3_gazebo/share/turtlebot3_gazebo//models/library_table/materials/textures/119.jpg
-- Symlinking: /home/jay/capstonerobot_ws/install/turtlebot3_gazebo/share/turtlebot3_gazebo//models/library_table/materials/textures/12.jpg
-- Symlinking: /home/jay/capstonerobot_ws/install/turtlebot3_gazebo/share/turtlebot3_gazebo//models/library_table/materials/textures/120.jpg
-- Symlinking: /home/jay/capstonerobot_ws/install/turtlebot3_gazebo/share/turtlebot3_gazebo//models/library_table/materials/textures/121.jpg
-- Symlinking: /home/jay/capstonerobot_ws/install/turtlebot3_gazebo/share/turtlebot3_gazebo//models/library_table/materials/textures/122.jpg
-- Symlinking: /home/jay/capstonerobot_ws/install/turtlebot3_gazebo/share/turtlebot3_gazebo//models/library_table/materials/textures/123.jpg
-- Symlinking: /home/jay/capstonerobot_ws/install/turtlebot3_gazebo/share/turtlebot3_gazebo//models/library_table/materials/textures/124.jpg
-- Symlinking: /home/jay/capstonerobot_ws/install/turtlebot3_gazebo/share/turtlebot3_gazebo//models/library_table/materials/textures/125.jpg
-- Symlinking: /home/jay/capstonerobot_ws/install/turtlebot3_gazebo/share/turtlebot3_gazebo//models/library_table/materials/textures/126.jpg
-- Symlinking: /home/jay/capstonerobot_ws/install/turtlebot3_gazebo/share/turtlebot3_gazebo//models/library_table/materials/textures/127.jpg
-- Symlinking: /home/jay/capstonerobot_ws/install/turtlebot3_gazebo/share/turtlebot3_gazebo//models/library_table/materials/textures/128.jpg
-- Symlinking: /home/jay/capstonerobot_ws/install/turtlebot3_gazebo/share/turtlebot3_gazebo//models/library_table/materials/textures/129.jpg
-- Symlinking: /home/jay/capstonerobot_ws/install/turtlebot3_gazebo/share/turtlebot3_gazebo//models/library_table/materials/textures/13.jpg
-- Symlinking: /home/jay/capstonerobot_ws/install/turtlebot3_gazebo/share/turtlebot3_gazebo//models/library_table/materials/textures/130.jpg
-- Symlinking: /home/jay/capstonerobot_ws/install/turtlebot3_gazebo/share/turtlebot3_gazebo//models/library_table/materials/textures/131.jpg
-- Symlinking: /home/jay/capstonerobot_ws/install/turtlebot3_gazebo/share/turtlebot3_gazebo//models/library_table/materials/textures/132.jpg
-- Symlinking: /home/jay/capstonerobot_ws/install/turtlebot3_gazebo/share/turtlebot3_gazebo//models/library_table/materials/textures/133.jpg
-- Symlinking: /home/jay/capstonerobot_ws/install/turtlebot3_gazebo/share/turtlebot3_gazebo//models/library_table/materials/textures/134.jpg
-- Symlinking: /home/jay/capstonerobot_ws/install/turtlebot3_gazebo/share/turtlebot3_gazebo//models/library_table/materials/textures/135.jpg
-- Symlinking: /home/jay/capstonerobot_ws/install/turtlebot3_gazebo/share/turtlebot3_gazebo//models/library_table/materials/textures/136.jpg
-- Symlinking: /home/jay/capstonerobot_ws/install/turtlebot3_gazebo/share/turtlebot3_gazebo//models/library_table/materials/textures/137.jpg
-- Symlinking: /home/jay/capstonerobot_ws/install/turtlebot3_gazebo/share/turtlebot3_gazebo//models/library_table/materials/textures/138.jpg
-- Symlinking: /home/jay/capstonerobot_ws/install/turtlebot3_gazebo/share/turtlebot3_gazebo//models/library_table/materials/textures/139.jpg
-- Symlinking: /home/jay/capstonerobot_ws/install/turtlebot3_gazebo/share/turtlebot3_gazebo//models/library_table/materials/textures/14.jpg
-- Symlinking: /home/jay/capstonerobot_ws/install/turtlebot3_gazebo/share/turtlebot3_gazebo//models/library_table/materials/textures/140.jpg
-- Symlinking: /home/jay/capstonerobot_ws/install/turtlebot3_gazebo/share/turtlebot3_gazebo//models/library_table/materials/textures/141.jpg
-- Symlinking: /home/jay/capstonerobot_ws/install/turtlebot3_gazebo/share/turtlebot3_gazebo//models/library_table/materials/textures/142.jpg
-- Symlinking: /home/jay/capstonerobot_ws/install/turtlebot3_gazebo/share/turtlebot3_gazebo//models/library_table/materials/textures/143.jpg
-- Symlinking: /home/jay/capstonerobot_ws/install/turtlebot3_gazebo/share/turtlebot3_gazebo//models/library_table/materials/textures/144.jpg
-- Symlinking: /home/jay/capstonerobot_ws/install/turtlebot3_gazebo/share/turtlebot3_gazebo//models/library_table/materials/textures/145.jpg
-- Symlinking: /home/jay/capstonerobot_ws/install/turtlebot3_gazebo/share/turtlebot3_gazebo//models/library_table/materials/textures/146.jpg
-- Symlinking: /home/jay/capstonerobot_ws/install/turtlebot3_gazebo/share/turtlebot3_gazebo//models/library_table/materials/textures/147.jpg
-- Symlinking: /home/jay/capstonerobot_ws/install/turtlebot3_gazebo/share/turtlebot3_gazebo//models/library_table/materials/textures/148.jpg
-- Symlinking: /home/jay/capstonerobot_ws/install/turtlebot3_gazebo/share/turtlebot3_gazebo//models/library_table/materials/textures/149.jpg
-- Symlinking: /home/jay/capstonerobot_ws/install/turtlebot3_gazebo/share/turtlebot3_gazebo//models/library_table/materials/textures/15.jpg
-- Symlinking: /home/jay/capstonerobot_ws/install/turtlebot3_gazebo/share/turtlebot3_gazebo//models/library_table/materials/textures/150.jpg
-- Symlinking: /home/jay/capstonerobot_ws/install/turtlebot3_gazebo/share/turtlebot3_gazebo//models/library_table/materials/textures/151.jpg
-- Symlinking: /home/jay/capstonerobot_ws/install/turtlebot3_gazebo/share/turtlebot3_gazebo//models/library_table/materials/textures/152.jpg
-- Symlinking: /home/jay/capstonerobot_ws/install/turtlebot3_gazebo/share/turtlebot3_gazebo//models/library_table/materials/textures/153.jpg
-- Symlinking: /home/jay/capstonerobot_ws/install/turtlebot3_gazebo/share/turtlebot3_gazebo//models/library_table/materials/textures/154.jpg
-- Symlinking: /home/jay/capstonerobot_ws/install/turtlebot3_gazebo/share/turtlebot3_gazebo//models/library_table/materials/textures/155.jpg
-- Symlinking: /home/jay/capstonerobot_ws/install/turtlebot3_gazebo/share/turtlebot3_gazebo//models/library_table/materials/textures/156.jpg
-- Symlinking: /home/jay/capstonerobot_ws/install/turtlebot3_gazebo/share/turtlebot3_gazebo//models/library_table/materials/textures/157.jpg
-- Symlinking: /home/jay/capstonerobot_ws/install/turtlebot3_gazebo/share/turtlebot3_gazebo//models/library_table/materials/textures/158.jpg
-- Symlinking: /home/jay/capstonerobot_ws/install/turtlebot3_gazebo/share/turtlebot3_gazebo//models/library_table/materials/textures/159.jpg
-- Symlinking: /home/jay/capstonerobot_ws/install/turtlebot3_gazebo/share/turtlebot3_gazebo//models/library_table/materials/textures/16.jpg
-- Symlinking: /home/jay/capstonerobot_ws/install/turtlebot3_gazebo/share/turtlebot3_gazebo//models/library_table/materials/textures/160.jpg
-- Symlinking: /home/jay/capstonerobot_ws/install/turtlebot3_gazebo/share/turtlebot3_gazebo//models/library_table/materials/textures/161.jpg
-- Symlinking: /home/jay/capstonerobot_ws/install/turtlebot3_gazebo/share/turtlebot3_gazebo//models/library_table/materials/textures/162.jpg
-- Symlinking: /home/jay/capstonerobot_ws/install/turtlebot3_gazebo/share/turtlebot3_gazebo//models/library_table/materials/textures/163.jpg
-- Symlinking: /home/jay/capstonerobot_ws/install/turtlebot3_gazebo/share/turtlebot3_gazebo//models/library_table/materials/textures/164.jpg
-- Symlinking: /home/jay/capstonerobot_ws/install/turtlebot3_gazebo/share/turtlebot3_gazebo//models/library_table/materials/textures/165.jpg
-- Symlinking: /home/jay/capstonerobot_ws/install/turtlebot3_gazebo/share/turtlebot3_gazebo//models/library_table/materials/textures/166.jpg
-- Symlinking: /home/jay/capstonerobot_ws/install/turtlebot3_gazebo/share/turtlebot3_gazebo//models/library_table/materials/textures/167.jpg
-- Symlinking: /home/jay/capstonerobot_ws/install/turtlebot3_gazebo/share/turtlebot3_gazebo//models/library_table/materials/textures/168.jpg
-- Symlinking: /home/jay/capstonerobot_ws/install/turtlebot3_gazebo/share/turtlebot3_gazebo//models/library_table/materials/textures/169.jpg
-- Symlinking: /home/jay/capstonerobot_ws/install/turtlebot3_gazebo/share/turtlebot3_gazebo//models/library_table/materials/textures/17.jpg
-- Symlinking: /home/jay/capstonerobot_ws/install/turtlebot3_gazebo/share/turtlebot3_gazebo//models/library_table/materials/textures/170.jpg
-- Symlinking: /home/jay/capstonerobot_ws/install/turtlebot3_gazebo/share/turtlebot3_gazebo//models/library_table/materials/textures/171.jpg
-- Symlinking: /home/jay/capstonerobot_ws/install/turtlebot3_gazebo/share/turtlebot3_gazebo//models/library_table/materials/textures/172.jpg
-- Symlinking: /home/jay/capstonerobot_ws/install/turtlebot3_gazebo/share/turtlebot3_gazebo//models/library_table/materials/textures/173.jpg
-- Symlinking: /home/jay/capstonerobot_ws/install/turtlebot3_gazebo/share/turtlebot3_gazebo//models/library_table/materials/textures/174.jpg
-- Symlinking: /home/jay/capstonerobot_ws/install/turtlebot3_gazebo/share/turtlebot3_gazebo//models/library_table/materials/textures/175.jpg
-- Symlinking: /home/jay/capstonerobot_ws/install/turtlebot3_gazebo/share/turtlebot3_gazebo//models/library_table/materials/textures/176.jpg
-- Symlinking: /home/jay/capstonerobot_ws/install/turtlebot3_gazebo/share/turtlebot3_gazebo//models/library_table/materials/textures/177.jpg
-- Symlinking: /home/jay/capstonerobot_ws/install/turtlebot3_gazebo/share/turtlebot3_gazebo//models/library_table/materials/textures/178.jpg
-- Symlinking: /home/jay/capstonerobot_ws/install/turtlebot3_gazebo/share/turtlebot3_gazebo//models/library_table/materials/textures/179.jpg
-- Symlinking: /home/jay/capstonerobot_ws/install/turtlebot3_gazebo/share/turtlebot3_gazebo//models/library_table/materials/textures/18.jpg
-- Symlinking: /home/jay/capstonerobot_ws/install/turtlebot3_gazebo/share/turtlebot3_gazebo//models/library_table/materials/textures/180.jpg
-- Symlinking: /home/jay/capstonerobot_ws/install/turtlebot3_gazebo/share/turtlebot3_gazebo//models/library_table/materials/textures/181.jpg
-- Symlinking: /home/jay/capstonerobot_ws/install/turtlebot3_gazebo/share/turtlebot3_gazebo//models/library_table/materials/textures/182.jpg
-- Symlinking: /home/jay/capstonerobot_ws/install/turtlebot3_gazebo/share/turtlebot3_gazebo//models/library_table/materials/textures/183.jpg
-- Symlinking: /home/jay/capstonerobot_ws/install/turtlebot3_gazebo/share/turtlebot3_gazebo//models/library_table/materials/textures/184.jpg
-- Symlinking: /home/jay/capstonerobot_ws/install/turtlebot3_gazebo/share/turtlebot3_gazebo//models/library_table/materials/textures/185.jpg
-- Symlinking: /home/jay/capstonerobot_ws/install/turtlebot3_gazebo/share/turtlebot3_gazebo//models/library_table/materials/textures/186.jpg
-- Symlinking: /home/jay/capstonerobot_ws/install/turtlebot3_gazebo/share/turtlebot3_gazebo//models/library_table/materials/textures/187.jpg
-- Symlinking: /home/jay/capstonerobot_ws/install/turtlebot3_gazebo/share/turtlebot3_gazebo//models/library_table/materials/textures/188.jpg
-- Symlinking: /home/jay/capstonerobot_ws/install/turtlebot3_gazebo/share/turtlebot3_gazebo//models/library_table/materials/textures/189.jpg
-- Symlinking: /home/jay/capstonerobot_ws/install/turtlebot3_gazebo/share/turtlebot3_gazebo//models/library_table/materials/textures/19.jpg
-- Symlinking: /home/jay/capstonerobot_ws/install/turtlebot3_gazebo/share/turtlebot3_gazebo//models/library_table/materials/textures/190.jpg
-- Symlinking: /home/jay/capstonerobot_ws/install/turtlebot3_gazebo/share/turtlebot3_gazebo//models/library_table/materials/textures/191.jpg
-- Symlinking: /home/jay/capstonerobot_ws/install/turtlebot3_gazebo/share/turtlebot3_gazebo//models/library_table/materials/textures/192.jpg
-- Symlinking: /home/jay/capstonerobot_ws/install/turtlebot3_gazebo/share/turtlebot3_gazebo//models/library_table/materials/textures/193.jpg
-- Symlinking: /home/jay/capstonerobot_ws/install/turtlebot3_gazebo/share/turtlebot3_gazebo//models/library_table/materials/textures/194.jpg
-- Symlinking: /home/jay/capstonerobot_ws/install/turtlebot3_gazebo/share/turtlebot3_gazebo//models/library_table/materials/textures/195.jpg
-- Symlinking: /home/jay/capstonerobot_ws/install/turtlebot3_gazebo/share/turtlebot3_gazebo//models/library_table/materials/textures/196.jpg
-- Symlinking: /home/jay/capstonerobot_ws/install/turtlebot3_gazebo/share/turtlebot3_gazebo//models/library_table/materials/textures/197.jpg
-- Symlinking: /home/jay/capstonerobot_ws/install/turtlebot3_gazebo/share/turtlebot3_gazebo//models/library_table/materials/textures/198.jpg
-- Symlinking: /home/jay/capstonerobot_ws/install/turtlebot3_gazebo/share/turtlebot3_gazebo//models/library_table/materials/textures/199.jpg
-- Symlinking: /home/jay/capstonerobot_ws/install/turtlebot3_gazebo/share/turtlebot3_gazebo//models/library_table/materials/textures/2.jpg
-- Symlinking: /home/jay/capstonerobot_ws/install/turtlebot3_gazebo/share/turtlebot3_gazebo//models/library_table/materials/textures/20.jpg
-- Symlinking: /home/jay/capstonerobot_ws/install/turtlebot3_gazebo/share/turtlebot3_gazebo//models/library_table/materials/textures/200.jpg
-- Symlinking: /home/jay/capstonerobot_ws/install/turtlebot3_gazebo/share/turtlebot3_gazebo//models/library_table/materials/textures/201.jpg
-- Symlinking: /home/jay/capstonerobot_ws/install/turtlebot3_gazebo/share/turtlebot3_gazebo//models/library_table/materials/textures/202.jpg
-- Symlinking: /home/jay/capstonerobot_ws/install/turtlebot3_gazebo/share/turtlebot3_gazebo//models/library_table/materials/textures/203.jpg
-- Symlinking: /home/jay/capstonerobot_ws/install/turtlebot3_gazebo/share/turtlebot3_gazebo//models/library_table/materials/textures/204.jpg
-- Symlinking: /home/jay/capstonerobot_ws/install/turtlebot3_gazebo/share/turtlebot3_gazebo//models/library_table/materials/textures/205.jpg
-- Symlinking: /home/jay/capstonerobot_ws/install/turtlebot3_gazebo/share/turtlebot3_gazebo//models/library_table/materials/textures/206.jpg
-- Symlinking: /home/jay/capstonerobot_ws/install/turtlebot3_gazebo/share/turtlebot3_gazebo//models/library_table/materials/textures/207.jpg
-- Symlinking: /home/jay/capstonerobot_ws/install/turtlebot3_gazebo/share/turtlebot3_gazebo//models/library_table/materials/textures/208.jpg
-- Symlinking: /home/jay/capstonerobot_ws/install/turtlebot3_gazebo/share/turtlebot3_gazebo//models/library_table/materials/textures/209.jpg
-- Symlinking: /home/jay/capstonerobot_ws/install/turtlebot3_gazebo/share/turtlebot3_gazebo//models/library_table/materials/textures/21.jpg
-- Symlinking: /home/jay/capstonerobot_ws/install/turtlebot3_gazebo/share/turtlebot3_gazebo//models/library_table/materials/textures/210.jpg
-- Symlinking: /home/jay/capstonerobot_ws/install/turtlebot3_gazebo/share/turtlebot3_gazebo//models/library_table/materials/textures/211.jpg
-- Symlinking: /home/jay/capstonerobot_ws/install/turtlebot3_gazebo/share/turtlebot3_gazebo//models/library_table/materials/textures/212.jpg
-- Symlinking: /home/jay/capstonerobot_ws/install/turtlebot3_gazebo/share/turtlebot3_gazebo//models/library_table/materials/textures/213.jpg
-- Symlinking: /home/jay/capstonerobot_ws/install/turtlebot3_gazebo/share/turtlebot3_gazebo//models/library_table/materials/textures/214.jpg
-- Symlinking: /home/jay/capstonerobot_ws/install/turtlebot3_gazebo/share/turtlebot3_gazebo//models/library_table/materials/textures/215.jpg
-- Symlinking: /home/jay/capstonerobot_ws/install/turtlebot3_gazebo/share/turtlebot3_gazebo//models/library_table/materials/textures/216.jpg
-- Symlinking: /home/jay/capstonerobot_ws/install/turtlebot3_gazebo/share/turtlebot3_gazebo//models/library_table/materials/textures/217.jpg
-- Symlinking: /home/jay/capstonerobot_ws/install/turtlebot3_gazebo/share/turtlebot3_gazebo//models/library_table/materials/textures/218.jpg
-- Symlinking: /home/jay/capstonerobot_ws/install/turtlebot3_gazebo/share/turtlebot3_gazebo//models/library_table/materials/textures/219.jpg
-- Symlinking: /home/jay/capstonerobot_ws/install/turtlebot3_gazebo/share/turtlebot3_gazebo//models/library_table/materials/textures/22.jpg
-- Symlinking: /home/jay/capstonerobot_ws/install/turtlebot3_gazebo/share/turtlebot3_gazebo//models/library_table/materials/textures/220.jpg
-- Symlinking: /home/jay/capstonerobot_ws/install/turtlebot3_gazebo/share/turtlebot3_gazebo//models/library_table/materials/textures/221.jpg
-- Symlinking: /home/jay/capstonerobot_ws/install/turtlebot3_gazebo/share/turtlebot3_gazebo//models/library_table/materials/textures/222.jpg
-- Symlinking: /home/jay/capstonerobot_ws/install/turtlebot3_gazebo/share/turtlebot3_gazebo//models/library_table/materials/textures/223.jpg
-- Symlinking: /home/jay/capstonerobot_ws/install/turtlebot3_gazebo/share/turtlebot3_gazebo//models/library_table/materials/textures/224.jpg
-- Symlinking: /home/jay/capstonerobot_ws/install/turtlebot3_gazebo/share/turtlebot3_gazebo//models/library_table/materials/textures/225.jpg
-- Symlinking: /home/jay/capstonerobot_ws/install/turtlebot3_gazebo/share/turtlebot3_gazebo//models/library_table/materials/textures/226.jpg
-- Symlinking: /home/jay/capstonerobot_ws/install/turtlebot3_gazebo/share/turtlebot3_gazebo//models/library_table/materials/textures/227.jpg
-- Symlinking: /home/jay/capstonerobot_ws/install/turtlebot3_gazebo/share/turtlebot3_gazebo//models/library_table/materials/textures/228.jpg
-- Symlinking: /home/jay/capstonerobot_ws/install/turtlebot3_gazebo/share/turtlebot3_gazebo//models/library_table/materials/textures/229.jpg
-- Symlinking: /home/jay/capstonerobot_ws/install/turtlebot3_gazebo/share/turtlebot3_gazebo//models/library_table/materials/textures/23.jpg
-- Symlinking: /home/jay/capstonerobot_ws/install/turtlebot3_gazebo/share/turtlebot3_gazebo//models/library_table/materials/textures/230.jpg
-- Symlinking: /home/jay/capstonerobot_ws/install/turtlebot3_gazebo/share/turtlebot3_gazebo//models/library_table/materials/textures/231.jpg
-- Symlinking: /home/jay/capstonerobot_ws/install/turtlebot3_gazebo/share/turtlebot3_gazebo//models/library_table/materials/textures/232.jpg
-- Symlinking: /home/jay/capstonerobot_ws/install/turtlebot3_gazebo/share/turtlebot3_gazebo//models/library_table/materials/textures/233.jpg
-- Symlinking: /home/jay/capstonerobot_ws/install/turtlebot3_gazebo/share/turtlebot3_gazebo//models/library_table/materials/textures/234.jpg
-- Symlinking: /home/jay/capstonerobot_ws/install/turtlebot3_gazebo/share/turtlebot3_gazebo//models/library_table/materials/textures/235.jpg
-- Symlinking: /home/jay/capstonerobot_ws/install/turtlebot3_gazebo/share/turtlebot3_gazebo//models/library_table/materials/textures/236.jpg
-- Symlinking: /home/jay/capstonerobot_ws/install/turtlebot3_gazebo/share/turtlebot3_gazebo//models/library_table/materials/textures/237.jpg
-- Symlinking: /home/jay/capstonerobot_ws/install/turtlebot3_gazebo/share/turtlebot3_gazebo//models/library_table/materials/textures/238.jpg
-- Symlinking: /home/jay/capstonerobot_ws/install/turtlebot3_gazebo/share/turtlebot3_gazebo//models/library_table/materials/textures/239.jpg
-- Symlinking: /home/jay/capstonerobot_ws/install/turtlebot3_gazebo/share/turtlebot3_gazebo//models/library_table/materials/textures/24.jpg
-- Symlinking: /home/jay/capstonerobot_ws/install/turtlebot3_gazebo/share/turtlebot3_gazebo//models/library_table/materials/textures/240.jpg
-- Symlinking: /home/jay/capstonerobot_ws/install/turtlebot3_gazebo/share/turtlebot3_gazebo//models/library_table/materials/textures/241.jpg
-- Symlinking: /home/jay/capstonerobot_ws/install/turtlebot3_gazebo/share/turtlebot3_gazebo//models/library_table/materials/textures/242.jpg
-- Symlinking: /home/jay/capstonerobot_ws/install/turtlebot3_gazebo/share/turtlebot3_gazebo//models/library_table/materials/textures/243.jpg
-- Symlinking: /home/jay/capstonerobot_ws/install/turtlebot3_gazebo/share/turtlebot3_gazebo//models/library_table/materials/textures/244.jpg
-- Symlinking: /home/jay/capstonerobot_ws/install/turtlebot3_gazebo/share/turtlebot3_gazebo//models/library_table/materials/textures/245.jpg
-- Symlinking: /home/jay/capstonerobot_ws/install/turtlebot3_gazebo/share/turtlebot3_gazebo//models/library_table/materials/textures/246.jpg
-- Symlinking: /home/jay/capstonerobot_ws/install/turtlebot3_gazebo/share/turtlebot3_gazebo//models/library_table/materials/textures/247.jpg
-- Symlinking: /home/jay/capstonerobot_ws/install/turtlebot3_gazebo/share/turtlebot3_gazebo//models/library_table/materials/textures/248.jpg
-- Symlinking: /home/jay/capstonerobot_ws/install/turtlebot3_gazebo/share/turtlebot3_gazebo//models/library_table/materials/textures/249.jpg
-- Symlinking: /home/jay/capstonerobot_ws/install/turtlebot3_gazebo/share/turtlebot3_gazebo//models/library_table/materials/textures/25.jpg
-- Symlinking: /home/jay/capstonerobot_ws/install/turtlebot3_gazebo/share/turtlebot3_gazebo//models/library_table/materials/textures/250.jpg
-- Symlinking: /home/jay/capstonerobot_ws/install/turtlebot3_gazebo/share/turtlebot3_gazebo//models/library_table/materials/textures/251.jpg
-- Symlinking: /home/jay/capstonerobot_ws/install/turtlebot3_gazebo/share/turtlebot3_gazebo//models/library_table/materials/textures/252.jpg
-- Symlinking: /home/jay/capstonerobot_ws/install/turtlebot3_gazebo/share/turtlebot3_gazebo//models/library_table/materials/textures/253.jpg
-- Symlinking: /home/jay/capstonerobot_ws/install/turtlebot3_gazebo/share/turtlebot3_gazebo//models/library_table/materials/textures/254.jpg
-- Symlinking: /home/jay/capstonerobot_ws/install/turtlebot3_gazebo/share/turtlebot3_gazebo//models/library_table/materials/textures/255.jpg
-- Symlinking: /home/jay/capstonerobot_ws/install/turtlebot3_gazebo/share/turtlebot3_gazebo//models/library_table/materials/textures/256.jpg
-- Symlinking: /home/jay/capstonerobot_ws/install/turtlebot3_gazebo/share/turtlebot3_gazebo//models/library_table/materials/textures/257.jpg
-- Symlinking: /home/jay/capstonerobot_ws/install/turtlebot3_gazebo/share/turtlebot3_gazebo//models/library_table/materials/textures/258.jpg
-- Symlinking: /home/jay/capstonerobot_ws/install/turtlebot3_gazebo/share/turtlebot3_gazebo//models/library_table/materials/textures/259.jpg
-- Symlinking: /home/jay/capstonerobot_ws/install/turtlebot3_gazebo/share/turtlebot3_gazebo//models/library_table/materials/textures/26.jpg
-- Symlinking: /home/jay/capstonerobot_ws/install/turtlebot3_gazebo/share/turtlebot3_gazebo//models/library_table/materials/textures/260.jpg
-- Symlinking: /home/jay/capstonerobot_ws/install/turtlebot3_gazebo/share/turtlebot3_gazebo//models/library_table/materials/textures/261.jpg
-- Symlinking: /home/jay/capstonerobot_ws/install/turtlebot3_gazebo/share/turtlebot3_gazebo//models/library_table/materials/textures/262.jpg
-- Symlinking: /home/jay/capstonerobot_ws/install/turtlebot3_gazebo/share/turtlebot3_gazebo//models/library_table/materials/textures/263.jpg
-- Symlinking: /home/jay/capstonerobot_ws/install/turtlebot3_gazebo/share/turtlebot3_gazebo//models/library_table/materials/textures/264.jpg
-- Symlinking: /home/jay/capstonerobot_ws/install/turtlebot3_gazebo/share/turtlebot3_gazebo//models/library_table/materials/textures/265.jpg
-- Symlinking: /home/jay/capstonerobot_ws/install/turtlebot3_gazebo/share/turtlebot3_gazebo//models/library_table/materials/textures/266.jpg
-- Symlinking: /home/jay/capstonerobot_ws/install/turtlebot3_gazebo/share/turtlebot3_gazebo//models/library_table/materials/textures/267.jpg
-- Symlinking: /home/jay/capstonerobot_ws/install/turtlebot3_gazebo/share/turtlebot3_gazebo//models/library_table/materials/textures/268.jpg
-- Symlinking: /home/jay/capstonerobot_ws/install/turtlebot3_gazebo/share/turtlebot3_gazebo//models/library_table/materials/textures/269.jpg
-- Symlinking: /home/jay/capstonerobot_ws/install/turtlebot3_gazebo/share/turtlebot3_gazebo//models/library_table/materials/textures/27.jpg
-- Symlinking: /home/jay/capstonerobot_ws/install/turtlebot3_gazebo/share/turtlebot3_gazebo//models/library_table/materials/textures/270.jpg
-- Symlinking: /home/jay/capstonerobot_ws/install/turtlebot3_gazebo/share/turtlebot3_gazebo//models/library_table/materials/textures/271.jpg
-- Symlinking: /home/jay/capstonerobot_ws/install/turtlebot3_gazebo/share/turtlebot3_gazebo//models/library_table/materials/textures/272.jpg
-- Symlinking: /home/jay/capstonerobot_ws/install/turtlebot3_gazebo/share/turtlebot3_gazebo//models/library_table/materials/textures/273.jpg
-- Symlinking: /home/jay/capstonerobot_ws/install/turtlebot3_gazebo/share/turtlebot3_gazebo//models/library_table/materials/textures/274.jpg
-- Symlinking: /home/jay/capstonerobot_ws/install/turtlebot3_gazebo/share/turtlebot3_gazebo//models/library_table/materials/textures/275.jpg
-- Symlinking: /home/jay/capstonerobot_ws/install/turtlebot3_gazebo/share/turtlebot3_gazebo//models/library_table/materials/textures/276.jpg
-- Symlinking: /home/jay/capstonerobot_ws/install/turtlebot3_gazebo/share/turtlebot3_gazebo//models/library_table/materials/textures/277.jpg
-- Symlinking: /home/jay/capstonerobot_ws/install/turtlebot3_gazebo/share/turtlebot3_gazebo//models/library_table/materials/textures/278.jpg
-- Symlinking: /home/jay/capstonerobot_ws/install/turtlebot3_gazebo/share/turtlebot3_gazebo//models/library_table/materials/textures/279.jpg
-- Symlinking: /home/jay/capstonerobot_ws/install/turtlebot3_gazebo/share/turtlebot3_gazebo//models/library_table/materials/textures/28.jpg
-- Symlinking: /home/jay/capstonerobot_ws/install/turtlebot3_gazebo/share/turtlebot3_gazebo//models/library_table/materials/textures/280.jpg
-- Symlinking: /home/jay/capstonerobot_ws/install/turtlebot3_gazebo/share/turtlebot3_gazebo//models/library_table/materials/textures/281.jpg
-- Symlinking: /home/jay/capstonerobot_ws/install/turtlebot3_gazebo/share/turtlebot3_gazebo//models/library_table/materials/textures/282.jpg
-- Symlinking: /home/jay/capstonerobot_ws/install/turtlebot3_gazebo/share/turtlebot3_gazebo//models/library_table/materials/textures/283.jpg
-- Symlinking: /home/jay/capstonerobot_ws/install/turtlebot3_gazebo/share/turtlebot3_gazebo//models/library_table/materials/textures/284.jpg
-- Symlinking: /home/jay/capstonerobot_ws/install/turtlebot3_gazebo/share/turtlebot3_gazebo//models/library_table/materials/textures/285.jpg
-- Symlinking: /home/jay/capstonerobot_ws/install/turtlebot3_gazebo/share/turtlebot3_gazebo//models/library_table/materials/textures/286.jpg
-- Symlinking: /home/jay/capstonerobot_ws/install/turtlebot3_gazebo/share/turtlebot3_gazebo//models/library_table/materials/textures/287.jpg
-- Symlinking: /home/jay/capstonerobot_ws/install/turtlebot3_gazebo/share/turtlebot3_gazebo//models/library_table/materials/textures/288.jpg
-- Symlinking: /home/jay/capstonerobot_ws/install/turtlebot3_gazebo/share/turtlebot3_gazebo//models/library_table/materials/textures/289.jpg
-- Symlinking: /home/jay/capstonerobot_ws/install/turtlebot3_gazebo/share/turtlebot3_gazebo//models/library_table/materials/textures/29.jpg
-- Symlinking: /home/jay/capstonerobot_ws/install/turtlebot3_gazebo/share/turtlebot3_gazebo//models/library_table/materials/textures/290.jpg
-- Symlinking: /home/jay/capstonerobot_ws/install/turtlebot3_gazebo/share/turtlebot3_gazebo//models/library_table/materials/textures/291.jpg
-- Symlinking: /home/jay/capstonerobot_ws/install/turtlebot3_gazebo/share/turtlebot3_gazebo//models/library_table/materials/textures/292.jpg
-- Symlinking: /home/jay/capstonerobot_ws/install/turtlebot3_gazebo/share/turtlebot3_gazebo//models/library_table/materials/textures/293.jpg
-- Symlinking: /home/jay/capstonerobot_ws/install/turtlebot3_gazebo/share/turtlebot3_gazebo//models/library_table/materials/textures/294.jpg
-- Symlinking: /home/jay/capstonerobot_ws/install/turtlebot3_gazebo/share/turtlebot3_gazebo//models/library_table/materials/textures/295.jpg
-- Symlinking: /home/jay/capstonerobot_ws/install/turtlebot3_gazebo/share/turtlebot3_gazebo//models/library_table/materials/textures/296.jpg
-- Symlinking: /home/jay/capstonerobot_ws/install/turtlebot3_gazebo/share/turtlebot3_gazebo//models/library_table/materials/textures/297.jpg
-- Symlinking: /home/jay/capstonerobot_ws/install/turtlebot3_gazebo/share/turtlebot3_gazebo//models/library_table/materials/textures/298.jpg
-- Symlinking: /home/jay/capstonerobot_ws/install/turtlebot3_gazebo/share/turtlebot3_gazebo//models/library_table/materials/textures/299.jpg
-- Symlinking: /home/jay/capstonerobot_ws/install/turtlebot3_gazebo/share/turtlebot3_gazebo//models/library_table/materials/textures/3.jpg
-- Symlinking: /home/jay/capstonerobot_ws/install/turtlebot3_gazebo/share/turtlebot3_gazebo//models/library_table/materials/textures/30.jpg
-- Symlinking: /home/jay/capstonerobot_ws/install/turtlebot3_gazebo/share/turtlebot3_gazebo//models/library_table/materials/textures/300.jpg
-- Symlinking: /home/jay/capstonerobot_ws/install/turtlebot3_gazebo/share/turtlebot3_gazebo//models/library_table/materials/textures/31.jpg
-- Symlinking: /home/jay/capstonerobot_ws/install/turtlebot3_gazebo/share/turtlebot3_gazebo//models/library_table/materials/textures/32.jpg
-- Symlinking: /home/jay/capstonerobot_ws/install/turtlebot3_gazebo/share/turtlebot3_gazebo//models/library_table/materials/textures/33.jpg
-- Symlinking: /home/jay/capstonerobot_ws/install/turtlebot3_gazebo/share/turtlebot3_gazebo//models/library_table/materials/textures/34.jpg
-- Symlinking: /home/jay/capstonerobot_ws/install/turtlebot3_gazebo/share/turtlebot3_gazebo//models/library_table/materials/textures/35.jpg
-- Symlinking: /home/jay/capstonerobot_ws/install/turtlebot3_gazebo/share/turtlebot3_gazebo//models/library_table/materials/textures/36.jpg
-- Symlinking: /home/jay/capstonerobot_ws/install/turtlebot3_gazebo/share/turtlebot3_gazebo//models/library_table/materials/textures/37.jpg
-- Symlinking: /home/jay/capstonerobot_ws/install/turtlebot3_gazebo/share/turtlebot3_gazebo//models/library_table/materials/textures/38.jpg
-- Symlinking: /home/jay/capstonerobot_ws/install/turtlebot3_gazebo/share/turtlebot3_gazebo//models/library_table/materials/textures/39.jpg
-- Symlinking: /home/jay/capstonerobot_ws/install/turtlebot3_gazebo/share/turtlebot3_gazebo//models/library_table/materials/textures/4.jpg
-- Symlinking: /home/jay/capstonerobot_ws/install/turtlebot3_gazebo/share/turtlebot3_gazebo//models/library_table/materials/textures/40.jpg
-- Symlinking: /home/jay/capstonerobot_ws/install/turtlebot3_gazebo/share/turtlebot3_gazebo//models/library_table/materials/textures/41.jpg
-- Symlinking: /home/jay/capstonerobot_ws/install/turtlebot3_gazebo/share/turtlebot3_gazebo//models/library_table/materials/textures/42.jpg
-- Symlinking: /home/jay/capstonerobot_ws/install/turtlebot3_gazebo/share/turtlebot3_gazebo//models/library_table/materials/textures/43.jpg
-- Symlinking: /home/jay/capstonerobot_ws/install/turtlebot3_gazebo/share/turtlebot3_gazebo//models/library_table/materials/textures/44.jpg
-- Symlinking: /home/jay/capstonerobot_ws/install/turtlebot3_gazebo/share/turtlebot3_gazebo//models/library_table/materials/textures/45.jpg
-- Symlinking: /home/jay/capstonerobot_ws/install/turtlebot3_gazebo/share/turtlebot3_gazebo//models/library_table/materials/textures/46.jpg
-- Symlinking: /home/jay/capstonerobot_ws/install/turtlebot3_gazebo/share/turtlebot3_gazebo//models/library_table/materials/textures/47.jpg
-- Symlinking: /home/jay/capstonerobot_ws/install/turtlebot3_gazebo/share/turtlebot3_gazebo//models/library_table/materials/textures/48.jpg
-- Symlinking: /home/jay/capstonerobot_ws/install/turtlebot3_gazebo/share/turtlebot3_gazebo//models/library_table/materials/textures/49.jpg
-- Symlinking: /home/jay/capstonerobot_ws/install/turtlebot3_gazebo/share/turtlebot3_gazebo//models/library_table/materials/textures/5.jpg
-- Symlinking: /home/jay/capstonerobot_ws/install/turtlebot3_gazebo/share/turtlebot3_gazebo//models/library_table/materials/textures/50.jpg
-- Symlinking: /home/jay/capstonerobot_ws/install/turtlebot3_gazebo/share/turtlebot3_gazebo//models/library_table/materials/textures/51.jpg
-- Symlinking: /home/jay/capstonerobot_ws/install/turtlebot3_gazebo/share/turtlebot3_gazebo//models/library_table/materials/textures/52.jpg
-- Symlinking: /home/jay/capstonerobot_ws/install/turtlebot3_gazebo/share/turtlebot3_gazebo//models/library_table/materials/textures/53.jpg
-- Symlinking: /home/jay/capstonerobot_ws/install/turtlebot3_gazebo/share/turtlebot3_gazebo//models/library_table/materials/textures/54.jpg
-- Symlinking: /home/jay/capstonerobot_ws/install/turtlebot3_gazebo/share/turtlebot3_gazebo//models/library_table/materials/textures/55.jpg
-- Symlinking: /home/jay/capstonerobot_ws/install/turtlebot3_gazebo/share/turtlebot3_gazebo//models/library_table/materials/textures/56.jpg
-- Symlinking: /home/jay/capstonerobot_ws/install/turtlebot3_gazebo/share/turtlebot3_gazebo//models/library_table/materials/textures/57.jpg
-- Symlinking: /home/jay/capstonerobot_ws/install/turtlebot3_gazebo/share/turtlebot3_gazebo//models/library_table/materials/textures/58.jpg
-- Symlinking: /home/jay/capstonerobot_ws/install/turtlebot3_gazebo/share/turtlebot3_gazebo//models/library_table/materials/textures/59.jpg
-- Symlinking: /home/jay/capstonerobot_ws/install/turtlebot3_gazebo/share/turtlebot3_gazebo//models/library_table/materials/textures/6.jpg
-- Symlinking: /home/jay/capstonerobot_ws/install/turtlebot3_gazebo/share/turtlebot3_gazebo//models/library_table/materials/textures/60.jpg
-- Symlinking: /home/jay/capstonerobot_ws/install/turtlebot3_gazebo/share/turtlebot3_gazebo//models/library_table/materials/textures/61.jpg
-- Symlinking: /home/jay/capstonerobot_ws/install/turtlebot3_gazebo/share/turtlebot3_gazebo//models/library_table/materials/textures/62.jpg
-- Symlinking: /home/jay/capstonerobot_ws/install/turtlebot3_gazebo/share/turtlebot3_gazebo//models/library_table/materials/textures/63.jpg
-- Symlinking: /home/jay/capstonerobot_ws/install/turtlebot3_gazebo/share/turtlebot3_gazebo//models/library_table/materials/textures/64.jpg
-- Symlinking: /home/jay/capstonerobot_ws/install/turtlebot3_gazebo/share/turtlebot3_gazebo//models/library_table/materials/textures/65.jpg
-- Symlinking: /home/jay/capstonerobot_ws/install/turtlebot3_gazebo/share/turtlebot3_gazebo//models/library_table/materials/textures/66.jpg
-- Symlinking: /home/jay/capstonerobot_ws/install/turtlebot3_gazebo/share/turtlebot3_gazebo//models/library_table/materials/textures/67.jpg
-- Symlinking: /home/jay/capstonerobot_ws/install/turtlebot3_gazebo/share/turtlebot3_gazebo//models/library_table/materials/textures/68.jpg
-- Symlinking: /home/jay/capstonerobot_ws/install/turtlebot3_gazebo/share/turtlebot3_gazebo//models/library_table/materials/textures/69.jpg
-- Symlinking: /home/jay/capstonerobot_ws/install/turtlebot3_gazebo/share/turtlebot3_gazebo//models/library_table/materials/textures/7.jpg
-- Symlinking: /home/jay/capstonerobot_ws/install/turtlebot3_gazebo/share/turtlebot3_gazebo//models/library_table/materials/textures/70.jpg
-- Symlinking: /home/jay/capstonerobot_ws/install/turtlebot3_gazebo/share/turtlebot3_gazebo//models/library_table/materials/textures/71.jpg
-- Symlinking: /home/jay/capstonerobot_ws/install/turtlebot3_gazebo/share/turtlebot3_gazebo//models/library_table/materials/textures/72.jpg
-- Symlinking: /home/jay/capstonerobot_ws/install/turtlebot3_gazebo/share/turtlebot3_gazebo//models/library_table/materials/textures/73.jpg
-- Symlinking: /home/jay/capstonerobot_ws/install/turtlebot3_gazebo/share/turtlebot3_gazebo//models/library_table/materials/textures/74.jpg
-- Symlinking: /home/jay/capstonerobot_ws/install/turtlebot3_gazebo/share/turtlebot3_gazebo//models/library_table/materials/textures/75.jpg
-- Symlinking: /home/jay/capstonerobot_ws/install/turtlebot3_gazebo/share/turtlebot3_gazebo//models/library_table/materials/textures/76.jpg
-- Symlinking: /home/jay/capstonerobot_ws/install/turtlebot3_gazebo/share/turtlebot3_gazebo//models/library_table/materials/textures/77.jpg
-- Symlinking: /home/jay/capstonerobot_ws/install/turtlebot3_gazebo/share/turtlebot3_gazebo//models/library_table/materials/textures/78.jpg
-- Symlinking: /home/jay/capstonerobot_ws/install/turtlebot3_gazebo/share/turtlebot3_gazebo//models/library_table/materials/textures/79.jpg
-- Symlinking: /home/jay/capstonerobot_ws/install/turtlebot3_gazebo/share/turtlebot3_gazebo//models/library_table/materials/textures/8.jpg
-- Symlinking: /home/jay/capstonerobot_ws/install/turtlebot3_gazebo/share/turtlebot3_gazebo//models/library_table/materials/textures/80.jpg
-- Symlinking: /home/jay/capstonerobot_ws/install/turtlebot3_gazebo/share/turtlebot3_gazebo//models/library_table/materials/textures/81.jpg
-- Symlinking: /home/jay/capstonerobot_ws/install/turtlebot3_gazebo/share/turtlebot3_gazebo//models/library_table/materials/textures/82.jpg
-- Symlinking: /home/jay/capstonerobot_ws/install/turtlebot3_gazebo/share/turtlebot3_gazebo//models/library_table/materials/textures/83.jpg
-- Symlinking: /home/jay/capstonerobot_ws/install/turtlebot3_gazebo/share/turtlebot3_gazebo//models/library_table/materials/textures/84.jpg
-- Symlinking: /home/jay/capstonerobot_ws/install/turtlebot3_gazebo/share/turtlebot3_gazebo//models/library_table/materials/textures/85.jpg
-- Symlinking: /home/jay/capstonerobot_ws/install/turtlebot3_gazebo/share/turtlebot3_gazebo//models/library_table/materials/textures/86.jpg
-- Symlinking: /home/jay/capstonerobot_ws/install/turtlebot3_gazebo/share/turtlebot3_gazebo//models/library_table/materials/textures/87.jpg
-- Symlinking: /home/jay/capstonerobot_ws/install/turtlebot3_gazebo/share/turtlebot3_gazebo//models/library_table/materials/textures/88.jpg
-- Symlinking: /home/jay/capstonerobot_ws/install/turtlebot3_gazebo/share/turtlebot3_gazebo//models/library_table/materials/textures/89.jpg
-- Symlinking: /home/jay/capstonerobot_ws/install/turtlebot3_gazebo/share/turtlebot3_gazebo//models/library_table/materials/textures/9.jpg
-- Symlinking: /home/jay/capstonerobot_ws/install/turtlebot3_gazebo/share/turtlebot3_gazebo//models/library_table/materials/textures/90.jpg
-- Symlinking: /home/jay/capstonerobot_ws/install/turtlebot3_gazebo/share/turtlebot3_gazebo//models/library_table/materials/textures/91.jpg
-- Symlinking: /home/jay/capstonerobot_ws/install/turtlebot3_gazebo/share/turtlebot3_gazebo//models/library_table/materials/textures/92.jpg
-- Symlinking: /home/jay/capstonerobot_ws/install/turtlebot3_gazebo/share/turtlebot3_gazebo//models/library_table/materials/textures/93.jpg
-- Symlinking: /home/jay/capstonerobot_ws/install/turtlebot3_gazebo/share/turtlebot3_gazebo//models/library_table/materials/textures/94.jpg
-- Symlinking: /home/jay/capstonerobot_ws/install/turtlebot3_gazebo/share/turtlebot3_gazebo//models/library_table/materials/textures/95.jpg
-- Symlinking: /home/jay/capstonerobot_ws/install/turtlebot3_gazebo/share/turtlebot3_gazebo//models/library_table/materials/textures/96.jpg
-- Symlinking: /home/jay/capstonerobot_ws/install/turtlebot3_gazebo/share/turtlebot3_gazebo//models/library_table/materials/textures/97.jpg
-- Symlinking: /home/jay/capstonerobot_ws/install/turtlebot3_gazebo/share/turtlebot3_gazebo//models/library_table/materials/textures/98.jpg
-- Symlinking: /home/jay/capstonerobot_ws/install/turtlebot3_gazebo/share/turtlebot3_gazebo//models/library_table/materials/textures/99.jpg
-- Symlinking: /home/jay/capstonerobot_ws/install/turtlebot3_gazebo/share/turtlebot3_gazebo//models/library_table/meshes/shelf1.dae
-- Symlinking: /home/jay/capstonerobot_ws/install/turtlebot3_gazebo/share/turtlebot3_gazebo//models/library_table/meshes/shelf2.dae
-- Symlinking: /home/jay/capstonerobot_ws/install/turtlebot3_gazebo/share/turtlebot3_gazebo//models/library_table/meshes/shelf3.dae
-- Symlinking: /home/jay/capstonerobot_ws/install/turtlebot3_gazebo/share/turtlebot3_gazebo//models/library_table/model-1_4.sdf
-- Symlinking: /home/jay/capstonerobot_ws/install/turtlebot3_gazebo/share/turtlebot3_gazebo//models/library_table/model.config
-- Symlinking: /home/jay/capstonerobot_ws/install/turtlebot3_gazebo/share/turtlebot3_gazebo//models/library_table/model.sdf
-- Up-to-date symlink: /home/jay/capstonerobot_ws/install/turtlebot3_gazebo/share/turtlebot3_gazebo//models/turtlebot3_autorace/course/materials/scripts/course.material
-- Up-to-date symlink: /home/jay/capstonerobot_ws/install/turtlebot3_gazebo/share/turtlebot3_gazebo//models/turtlebot3_autorace/course/materials/textures/course.png
-- Up-to-date symlink: /home/jay/capstonerobot_ws/install/turtlebot3_gazebo/share/turtlebot3_gazebo//models/turtlebot3_autorace/course/model.config
-- Up-to-date symlink: /home/jay/capstonerobot_ws/install/turtlebot3_gazebo/share/turtlebot3_gazebo//models/turtlebot3_autorace/course/model.sdf
-- Up-to-date symlink: /home/jay/capstonerobot_ws/install/turtlebot3_gazebo/share/turtlebot3_gazebo//models/turtlebot3_autorace/ground/model.config
-- Up-to-date symlink: /home/jay/capstonerobot_ws/install/turtlebot3_gazebo/share/turtlebot3_gazebo//models/turtlebot3_autorace/ground/model.sdf
-- Up-to-date symlink: /home/jay/capstonerobot_ws/install/turtlebot3_gazebo/share/turtlebot3_gazebo//models/turtlebot3_autorace/lights/model.config
-- Up-to-date symlink: /home/jay/capstonerobot_ws/install/turtlebot3_gazebo/share/turtlebot3_gazebo//models/turtlebot3_autorace/lights/model.sdf
-- Up-to-date symlink: /home/jay/capstonerobot_ws/install/turtlebot3_gazebo/share/turtlebot3_gazebo//models/turtlebot3_autorace/model.config
-- Up-to-date symlink: /home/jay/capstonerobot_ws/install/turtlebot3_gazebo/share/turtlebot3_gazebo//models/turtlebot3_autorace/traffic_bar_down/materials/scripts/traffic_bar.material
-- Up-to-date symlink: /home/jay/capstonerobot_ws/install/turtlebot3_gazebo/share/turtlebot3_gazebo//models/turtlebot3_autorace/traffic_bar_down/materials/textures/traffic_bar.png
-- Up-to-date symlink: /home/jay/capstonerobot_ws/install/turtlebot3_gazebo/share/turtlebot3_gazebo//models/turtlebot3_autorace/traffic_bar_down/model.config
-- Up-to-date symlink: /home/jay/capstonerobot_ws/install/turtlebot3_gazebo/share/turtlebot3_gazebo//models/turtlebot3_autorace/traffic_bar_down/model.sdf
-- Up-to-date symlink: /home/jay/capstonerobot_ws/install/turtlebot3_gazebo/share/turtlebot3_gazebo//models/turtlebot3_autorace/traffic_bar_up/materials/scripts/traffic_bar.material
-- Up-to-date symlink: /home/jay/capstonerobot_ws/install/turtlebot3_gazebo/share/turtlebot3_gazebo//models/turtlebot3_autorace/traffic_bar_up/materials/textures/traffic_bar.png
-- Up-to-date symlink: /home/jay/capstonerobot_ws/install/turtlebot3_gazebo/share/turtlebot3_gazebo//models/turtlebot3_autorace/traffic_bar_up/model.config
-- Up-to-date symlink: /home/jay/capstonerobot_ws/install/turtlebot3_gazebo/share/turtlebot3_gazebo//models/turtlebot3_autorace/traffic_bar_up/model.sdf
-- Up-to-date symlink: /home/jay/capstonerobot_ws/install/turtlebot3_gazebo/share/turtlebot3_gazebo//models/turtlebot3_autorace/traffic_light_green/model.config
-- Up-to-date symlink: /home/jay/capstonerobot_ws/install/turtlebot3_gazebo/share/turtlebot3_gazebo//models/turtlebot3_autorace/traffic_light_green/model.sdf
-- Up-to-date symlink: /home/jay/capstonerobot_ws/install/turtlebot3_gazebo/share/turtlebot3_gazebo//models/turtlebot3_autorace/traffic_light_red/model.config
-- Up-to-date symlink: /home/jay/capstonerobot_ws/install/turtlebot3_gazebo/share/turtlebot3_gazebo//models/turtlebot3_autorace/traffic_light_red/model.sdf
-- Up-to-date symlink: /home/jay/capstonerobot_ws/install/turtlebot3_gazebo/share/turtlebot3_gazebo//models/turtlebot3_autorace/traffic_light_yellow/model.config
-- Up-to-date symlink: /home/jay/capstonerobot_ws/install/turtlebot3_gazebo/share/turtlebot3_gazebo//models/turtlebot3_autorace/traffic_light_yellow/model.sdf
-- Up-to-date symlink: /home/jay/capstonerobot_ws/install/turtlebot3_gazebo/share/turtlebot3_gazebo//models/turtlebot3_autorace/traffic_parking/materials/scripts/traffic_parking.material
-- Up-to-date symlink: /home/jay/capstonerobot_ws/install/turtlebot3_gazebo/share/turtlebot3_gazebo//models/turtlebot3_autorace/traffic_parking/materials/textures/traffic_parking.png
-- Up-to-date symlink: /home/jay/capstonerobot_ws/install/turtlebot3_gazebo/share/turtlebot3_gazebo//models/turtlebot3_autorace/traffic_parking/model.config
-- Up-to-date symlink: /home/jay/capstonerobot_ws/install/turtlebot3_gazebo/share/turtlebot3_gazebo//models/turtlebot3_autorace/traffic_parking/model.sdf
-- Up-to-date symlink: /home/jay/capstonerobot_ws/install/turtlebot3_gazebo/share/turtlebot3_gazebo//models/turtlebot3_autorace/traffic_stop/materials/scripts/traffic_stop.material
-- Up-to-date symlink: /home/jay/capstonerobot_ws/install/turtlebot3_gazebo/share/turtlebot3_gazebo//models/turtlebot3_autorace/traffic_stop/materials/textures/traffic_stop.png
-- Up-to-date symlink: /home/jay/capstonerobot_ws/install/turtlebot3_gazebo/share/turtlebot3_gazebo//models/turtlebot3_autorace/traffic_stop/model.config
-- Up-to-date symlink: /home/jay/capstonerobot_ws/install/turtlebot3_gazebo/share/turtlebot3_gazebo//models/turtlebot3_autorace/traffic_stop/model.sdf
-- Up-to-date symlink: /home/jay/capstonerobot_ws/install/turtlebot3_gazebo/share/turtlebot3_gazebo//models/turtlebot3_autorace/traffic_tunnel/materials/scripts/tunnel.material
-- Up-to-date symlink: /home/jay/capstonerobot_ws/install/turtlebot3_gazebo/share/turtlebot3_gazebo//models/turtlebot3_autorace/traffic_tunnel/materials/textures/tunnel.png
-- Up-to-date symlink: /home/jay/capstonerobot_ws/install/turtlebot3_gazebo/share/turtlebot3_gazebo//models/turtlebot3_autorace/traffic_tunnel/model.config
-- Up-to-date symlink: /home/jay/capstonerobot_ws/install/turtlebot3_gazebo/share/turtlebot3_gazebo//models/turtlebot3_autorace/traffic_tunnel/model.sdf
-- Up-to-date symlink: /home/jay/capstonerobot_ws/install/turtlebot3_gazebo/share/turtlebot3_gazebo//models/turtlebot3_autorace/tunnel_obstacles/model.config
-- Up-to-date symlink: /home/jay/capstonerobot_ws/install/turtlebot3_gazebo/share/turtlebot3_gazebo//models/turtlebot3_autorace/tunnel_obstacles/model.sdf
-- Up-to-date symlink: /home/jay/capstonerobot_ws/install/turtlebot3_gazebo/share/turtlebot3_gazebo//models/turtlebot3_autorace/tunnel_wall/model.config
-- Up-to-date symlink: /home/jay/capstonerobot_ws/install/turtlebot3_gazebo/share/turtlebot3_gazebo//models/turtlebot3_autorace/tunnel_wall/model.sdf
-- Up-to-date symlink: /home/jay/capstonerobot_ws/install/turtlebot3_gazebo/share/turtlebot3_gazebo//models/turtlebot3_burger/meshes/burger_base.dae
-- Up-to-date symlink: /home/jay/capstonerobot_ws/install/turtlebot3_gazebo/share/turtlebot3_gazebo//models/turtlebot3_burger/meshes/lds.dae
-- Up-to-date symlink: /home/jay/capstonerobot_ws/install/turtlebot3_gazebo/share/turtlebot3_gazebo//models/turtlebot3_burger/meshes/tire.dae
-- Up-to-date symlink: /home/jay/capstonerobot_ws/install/turtlebot3_gazebo/share/turtlebot3_gazebo//models/turtlebot3_burger/model-1_4.sdf
-- Up-to-date symlink: /home/jay/capstonerobot_ws/install/turtlebot3_gazebo/share/turtlebot3_gazebo//models/turtlebot3_burger/model.config
-- Up-to-date symlink: /home/jay/capstonerobot_ws/install/turtlebot3_gazebo/share/turtlebot3_gazebo//models/turtlebot3_burger/model.sdf
-- Symlinking: /home/jay/capstonerobot_ws/install/turtlebot3_gazebo/share/turtlebot3_gazebo//models/turtlebot3_burger_orig/meshes/burger_base.dae
-- Symlinking: /home/jay/capstonerobot_ws/install/turtlebot3_gazebo/share/turtlebot3_gazebo//models/turtlebot3_burger_orig/meshes/lds.dae
-- Symlinking: /home/jay/capstonerobot_ws/install/turtlebot3_gazebo/share/turtlebot3_gazebo//models/turtlebot3_burger_orig/meshes/tire.dae
-- Symlinking: /home/jay/capstonerobot_ws/install/turtlebot3_gazebo/share/turtlebot3_gazebo//models/turtlebot3_burger_orig/model-1_4.sdf
-- Symlinking: /home/jay/capstonerobot_ws/install/turtlebot3_gazebo/share/turtlebot3_gazebo//models/turtlebot3_burger_orig/model.config
-- Symlinking: /home/jay/capstonerobot_ws/install/turtlebot3_gazebo/share/turtlebot3_gazebo//models/turtlebot3_burger_orig/model.sdf
-- Up-to-date symlink: /home/jay/capstonerobot_ws/install/turtlebot3_gazebo/share/turtlebot3_gazebo//models/turtlebot3_dqn_world/goal_box/model.config
-- Up-to-date symlink: /home/jay/capstonerobot_ws/install/turtlebot3_gazebo/share/turtlebot3_gazebo//models/turtlebot3_dqn_world/goal_box/model.sdf
-- Up-to-date symlink: /home/jay/capstonerobot_ws/install/turtlebot3_gazebo/share/turtlebot3_gazebo//models/turtlebot3_dqn_world/inner_walls/model.config
-- Up-to-date symlink: /home/jay/capstonerobot_ws/install/turtlebot3_gazebo/share/turtlebot3_gazebo//models/turtlebot3_dqn_world/inner_walls/model.sdf
-- Up-to-date symlink: /home/jay/capstonerobot_ws/install/turtlebot3_gazebo/share/turtlebot3_gazebo//models/turtlebot3_dqn_world/model.config
-- Up-to-date symlink: /home/jay/capstonerobot_ws/install/turtlebot3_gazebo/share/turtlebot3_gazebo//models/turtlebot3_dqn_world/model.sdf
-- Up-to-date symlink: /home/jay/capstonerobot_ws/install/turtlebot3_gazebo/share/turtlebot3_gazebo//models/turtlebot3_dqn_world/obstacle1/model.config
-- Up-to-date symlink: /home/jay/capstonerobot_ws/install/turtlebot3_gazebo/share/turtlebot3_gazebo//models/turtlebot3_dqn_world/obstacle1/model.sdf
-- Up-to-date symlink: /home/jay/capstonerobot_ws/install/turtlebot3_gazebo/share/turtlebot3_gazebo//models/turtlebot3_dqn_world/obstacle2/model.config
-- Up-to-date symlink: /home/jay/capstonerobot_ws/install/turtlebot3_gazebo/share/turtlebot3_gazebo//models/turtlebot3_dqn_world/obstacle2/model.sdf
-- Up-to-date symlink: /home/jay/capstonerobot_ws/install/turtlebot3_gazebo/share/turtlebot3_gazebo//models/turtlebot3_dqn_world/obstacle_plugin/CMakeLists.txt
-- Up-to-date symlink: /home/jay/capstonerobot_ws/install/turtlebot3_gazebo/share/turtlebot3_gazebo//models/turtlebot3_dqn_world/obstacle_plugin/obstacle1.cc
-- Up-to-date symlink: /home/jay/capstonerobot_ws/install/turtlebot3_gazebo/share/turtlebot3_gazebo//models/turtlebot3_dqn_world/obstacle_plugin/obstacle2.cc
-- Up-to-date symlink: /home/jay/capstonerobot_ws/install/turtlebot3_gazebo/share/turtlebot3_gazebo//models/turtlebot3_dqn_world/obstacle_plugin/obstacles.cc
-- Up-to-date symlink: /home/jay/capstonerobot_ws/install/turtlebot3_gazebo/share/turtlebot3_gazebo//models/turtlebot3_dqn_world/obstacles/model.config
-- Up-to-date symlink: /home/jay/capstonerobot_ws/install/turtlebot3_gazebo/share/turtlebot3_gazebo//models/turtlebot3_dqn_world/obstacles/model.sdf
-- Up-to-date symlink: /home/jay/capstonerobot_ws/install/turtlebot3_gazebo/share/turtlebot3_gazebo//models/turtlebot3_house/model.config
-- Up-to-date symlink: /home/jay/capstonerobot_ws/install/turtlebot3_gazebo/share/turtlebot3_gazebo//models/turtlebot3_house/model.sdf
-- Up-to-date symlink: /home/jay/capstonerobot_ws/install/turtlebot3_gazebo/share/turtlebot3_gazebo//models/turtlebot3_waffle/meshes/lds.dae
-- Up-to-date symlink: /home/jay/capstonerobot_ws/install/turtlebot3_gazebo/share/turtlebot3_gazebo//models/turtlebot3_waffle/meshes/r200.dae
-- Up-to-date symlink: /home/jay/capstonerobot_ws/install/turtlebot3_gazebo/share/turtlebot3_gazebo//models/turtlebot3_waffle/meshes/tire.dae
-- Up-to-date symlink: /home/jay/capstonerobot_ws/install/turtlebot3_gazebo/share/turtlebot3_gazebo//models/turtlebot3_waffle/meshes/waffle_base.dae
-- Up-to-date symlink: /home/jay/capstonerobot_ws/install/turtlebot3_gazebo/share/turtlebot3_gazebo//models/turtlebot3_waffle/model-1_4.sdf
-- Up-to-date symlink: /home/jay/capstonerobot_ws/install/turtlebot3_gazebo/share/turtlebot3_gazebo//models/turtlebot3_waffle/model.config
-- Up-to-date symlink: /home/jay/capstonerobot_ws/install/turtlebot3_gazebo/share/turtlebot3_gazebo//models/turtlebot3_waffle/model.sdf
-- Up-to-date symlink: /home/jay/capstonerobot_ws/install/turtlebot3_gazebo/share/turtlebot3_gazebo//models/turtlebot3_waffle_pi/meshes/lds.dae
-- Up-to-date symlink: /home/jay/capstonerobot_ws/install/turtlebot3_gazebo/share/turtlebot3_gazebo//models/turtlebot3_waffle_pi/meshes/tire.dae
-- Up-to-date symlink: /home/jay/capstonerobot_ws/install/turtlebot3_gazebo/share/turtlebot3_gazebo//models/turtlebot3_waffle_pi/meshes/waffle_pi_base.dae
-- Up-to-date symlink: /home/jay/capstonerobot_ws/install/turtlebot3_gazebo/share/turtlebot3_gazebo//models/turtlebot3_waffle_pi/model-1_4_.sdf
-- Up-to-date symlink: /home/jay/capstonerobot_ws/install/turtlebot3_gazebo/share/turtlebot3_gazebo//models/turtlebot3_waffle_pi/model.config
-- Up-to-date symlink: /home/jay/capstonerobot_ws/install/turtlebot3_gazebo/share/turtlebot3_gazebo//models/turtlebot3_waffle_pi/model.sdf
-- Up-to-date symlink: /home/jay/capstonerobot_ws/install/turtlebot3_gazebo/share/turtlebot3_gazebo//models/turtlebot3_world/meshes/hexagon.dae
-- Up-to-date symlink: /home/jay/capstonerobot_ws/install/turtlebot3_gazebo/share/turtlebot3_gazebo//models/turtlebot3_world/meshes/wall.dae
-- Up-to-date symlink: /home/jay/capstonerobot_ws/install/turtlebot3_gazebo/share/turtlebot3_gazebo//models/turtlebot3_world/model-1_4.sdf
-- Up-to-date symlink: /home/jay/capstonerobot_ws/install/turtlebot3_gazebo/share/turtlebot3_gazebo//models/turtlebot3_world/model.config
-- Up-to-date symlink: /home/jay/capstonerobot_ws/install/turtlebot3_gazebo/share/turtlebot3_gazebo//models/turtlebot3_world/model.sdf
-- Up-to-date symlink: /home/jay/capstonerobot_ws/install/turtlebot3_gazebo/share/turtlebot3_gazebo//rviz/tb3_gazebo.rviz
-- Up-to-date symlink: /home/jay/capstonerobot_ws/install/turtlebot3_gazebo/share/turtlebot3_gazebo//worlds/empty_worlds/burger.model
-- Up-to-date symlink: /home/jay/capstonerobot_ws/install/turtlebot3_gazebo/share/turtlebot3_gazebo//worlds/empty_worlds/waffle.model
-- Up-to-date symlink: /home/jay/capstonerobot_ws/install/turtlebot3_gazebo/share/turtlebot3_gazebo//worlds/empty_worlds/waffle_pi.model
-- Symlinking: /home/jay/capstonerobot_ws/install/turtlebot3_gazebo/share/turtlebot3_gazebo//worlds/library_table/burger.model
-- Symlinking: /home/jay/capstonerobot_ws/install/turtlebot3_gazebo/share/turtlebot3_gazebo//worlds/library_table/turtlebot3_custom.urdf
-- Symlinking: /home/jay/capstonerobot_ws/install/turtlebot3_gazebo/share/turtlebot3_gazebo//worlds/library_table/waffle.model
-- Symlinking: /home/jay/capstonerobot_ws/install/turtlebot3_gazebo/share/turtlebot3_gazebo//worlds/library_table/waffle_pi.model
-- Up-to-date symlink: /home/jay/capstonerobot_ws/install/turtlebot3_gazebo/share/turtlebot3_gazebo//worlds/turtlebot3_autoraces/burger.model
-- Up-to-date symlink: /home/jay/capstonerobot_ws/install/turtlebot3_gazebo/share/turtlebot3_gazebo//worlds/turtlebot3_autoraces/waffle.model
-- Up-to-date symlink: /home/jay/capstonerobot_ws/install/turtlebot3_gazebo/share/turtlebot3_gazebo//worlds/turtlebot3_autoraces/waffle_pi.model
-- Up-to-date symlink: /home/jay/capstonerobot_ws/install/turtlebot3_gazebo/share/turtlebot3_gazebo//worlds/turtlebot3_dqn_stage1/burger.model
-- Up-to-date symlink: /home/jay/capstonerobot_ws/install/turtlebot3_gazebo/share/turtlebot3_gazebo//worlds/turtlebot3_dqn_stage1/waffle.model
-- Up-to-date symlink: /home/jay/capstonerobot_ws/install/turtlebot3_gazebo/share/turtlebot3_gazebo//worlds/turtlebot3_dqn_stage1/waffle_pi.model
-- Up-to-date symlink: /home/jay/capstonerobot_ws/install/turtlebot3_gazebo/share/turtlebot3_gazebo//worlds/turtlebot3_dqn_stage2/burger.model
-- Up-to-date symlink: /home/jay/capstonerobot_ws/install/turtlebot3_gazebo/share/turtlebot3_gazebo//worlds/turtlebot3_dqn_stage2/waffle.model
-- Up-to-date symlink: /home/jay/capstonerobot_ws/install/turtlebot3_gazebo/share/turtlebot3_gazebo//worlds/turtlebot3_dqn_stage2/waffle_pi.model
-- Up-to-date symlink: /home/jay/capstonerobot_ws/install/turtlebot3_gazebo/share/turtlebot3_gazebo//worlds/turtlebot3_dqn_stage3/burger.model
-- Up-to-date symlink: /home/jay/capstonerobot_ws/install/turtlebot3_gazebo/share/turtlebot3_gazebo//worlds/turtlebot3_dqn_stage3/waffle.model
-- Up-to-date symlink: /home/jay/capstonerobot_ws/install/turtlebot3_gazebo/share/turtlebot3_gazebo//worlds/turtlebot3_dqn_stage3/waffle_pi.model
-- Up-to-date symlink: /home/jay/capstonerobot_ws/install/turtlebot3_gazebo/share/turtlebot3_gazebo//worlds/turtlebot3_dqn_stage4/burger.model
-- Up-to-date symlink: /home/jay/capstonerobot_ws/install/turtlebot3_gazebo/share/turtlebot3_gazebo//worlds/turtlebot3_dqn_stage4/waffle.model
-- Up-to-date symlink: /home/jay/capstonerobot_ws/install/turtlebot3_gazebo/share/turtlebot3_gazebo//worlds/turtlebot3_dqn_stage4/waffle_pi.model
-- Up-to-date symlink: /home/jay/capstonerobot_ws/install/turtlebot3_gazebo/share/turtlebot3_gazebo//worlds/turtlebot3_houses/burger.model
-- Up-to-date symlink: /home/jay/capstonerobot_ws/install/turtlebot3_gazebo/share/turtlebot3_gazebo//worlds/turtlebot3_houses/waffle.model
-- Up-to-date symlink: /home/jay/capstonerobot_ws/install/turtlebot3_gazebo/share/turtlebot3_gazebo//worlds/turtlebot3_houses/waffle_pi.model
-- Up-to-date symlink: /home/jay/capstonerobot_ws/install/turtlebot3_gazebo/share/turtlebot3_gazebo//worlds/turtlebot3_worlds/burger.model
-- Up-to-date symlink: /home/jay/capstonerobot_ws/install/turtlebot3_gazebo/share/turtlebot3_gazebo//worlds/turtlebot3_worlds/waffle.model
-- Up-to-date symlink: /home/jay/capstonerobot_ws/install/turtlebot3_gazebo/share/turtlebot3_gazebo//worlds/turtlebot3_worlds/waffle_pi.model
-- Up-to-date symlink: /home/jay/capstonerobot_ws/install/turtlebot3_gazebo/include//turtlebot3_gazebo/turtlebot3_drive.hpp
-- Up-to-date symlink: /home/jay/capstonerobot_ws/install/turtlebot3_gazebo/share/ament_index/resource_index/package_run_dependencies/turtlebot3_gazebo
-- Up-to-date symlink: /home/jay/capstonerobot_ws/install/turtlebot3_gazebo/share/ament_index/resource_index/parent_prefix_path/turtlebot3_gazebo
-- Up-to-date symlink: /home/jay/capstonerobot_ws/install/turtlebot3_gazebo/share/turtlebot3_gazebo/environment/ament_prefix_path.sh
-- Up-to-date symlink: /home/jay/capstonerobot_ws/install/turtlebot3_gazebo/share/turtlebot3_gazebo/environment/ament_prefix_path.dsv
-- Up-to-date symlink: /home/jay/capstonerobot_ws/install/turtlebot3_gazebo/share/turtlebot3_gazebo/environment/path.sh
-- Up-to-date symlink: /home/jay/capstonerobot_ws/install/turtlebot3_gazebo/share/turtlebot3_gazebo/environment/path.dsv
-- Up-to-date symlink: /home/jay/capstonerobot_ws/install/turtlebot3_gazebo/share/turtlebot3_gazebo/local_setup.bash
-- Up-to-date symlink: /home/jay/capstonerobot_ws/install/turtlebot3_gazebo/share/turtlebot3_gazebo/local_setup.sh
-- Up-to-date symlink: /home/jay/capstonerobot_ws/install/turtlebot3_gazebo/share/turtlebot3_gazebo/local_setup.zsh
-- Up-to-date symlink: /home/jay/capstonerobot_ws/install/turtlebot3_gazebo/share/turtlebot3_gazebo/local_setup.dsv
-- Symlinking: /home/jay/capstonerobot_ws/install/turtlebot3_gazebo/share/turtlebot3_gazebo/package.dsv
-- Up-to-date symlink: /home/jay/capstonerobot_ws/install/turtlebot3_gazebo/share/ament_index/resource_index/packages/turtlebot3_gazebo
-- Up-to-date symlink: /home/jay/capstonerobot_ws/install/turtlebot3_gazebo/share/turtlebot3_gazebo/cmake/ament_cmake_export_include_directories-extras.cmake
-- Up-to-date symlink: /home/jay/capstonerobot_ws/install/turtlebot3_gazebo/share/turtlebot3_gazebo/cmake/ament_cmake_export_dependencies-extras.cmake
-- Up-to-date symlink: /home/jay/capstonerobot_ws/install/turtlebot3_gazebo/share/turtlebot3_gazebo/cmake/turtlebot3_gazeboConfig.cmake
-- Up-to-date symlink: /home/jay/capstonerobot_ws/install/turtlebot3_gazebo/share/turtlebot3_gazebo/cmake/turtlebot3_gazeboConfig-version.cmake
-- Up-to-date symlink: /home/jay/capstonerobot_ws/install/turtlebot3_gazebo/share/turtlebot3_gazebo/package.xml
