[0.048s] Invoking command in '/home/jay/capstonerobot_ws/build/turtlebot3_gazebo': CMAKE_PREFIX_PATH=${CMAKE_PREFIX_PATH}:/home/jay/colcon_ws/install/turtlebot3_fake_node:/opt/ros/foxy /usr/bin/cmake --build /home/jay/capstonerobot_ws/build/turtlebot3_gazebo -- -j4 -l4
[0.222s] [ 25%] Built target turtlebot3_drive
[0.242s] [ 50%] Built target obstacle2
[0.254s] [ 75%] Built target obstacles
[0.258s] [100%] Built target obstacle1
[0.269s] Invoked command in '/home/jay/capstonerobot_ws/build/turtlebot3_gazebo' returned '0': CMAKE_PREFIX_PATH=${CMAKE_PREFIX_PATH}:/home/jay/colcon_ws/install/turtlebot3_fake_node:/opt/ros/foxy /usr/bin/cmake --build /home/jay/capstonerobot_ws/build/turtlebot3_gazebo -- -j4 -l4
[0.366s] Invoking command in '/home/jay/capstonerobot_ws/build/turtlebot3_gazebo': CMAKE_PREFIX_PATH=${CMAKE_PREFIX_PATH}:/home/jay/colcon_ws/install/turtlebot3_fake_node:/opt/ros/foxy /usr/bin/cmake --install /home/jay/capstonerobot_ws/build/turtlebot3_gazebo
[0.373s] -- Install configuration: ""
[0.373s] -- Execute custom install script
[0.373s] -- Up-to-date symlink: /home/jay/capstonerobot_ws/install/turtlebot3_gazebo/lib/turtlebot3_gazebo/turtlebot3_drive
[0.374s] -- Up-to-date symlink: /home/jay/capstonerobot_ws/install/turtlebot3_gazebo/share/turtlebot3_gazebo//launch/empty_world.launch.py
[0.374s] -- Symlinking: /home/jay/capstonerobot_ws/install/turtlebot3_gazebo/share/turtlebot3_gazebo//launch/library_world.launch.py
[0.384s] -- Up-to-date symlink: /home/jay/capstonerobot_ws/install/turtlebot3_gazebo/share/turtlebot3_gazebo//launch/robot_state_publisher.launch.py
[0.385s] -- Up-to-date symlink: /home/jay/capstonerobot_ws/install/turtlebot3_gazebo/share/turtlebot3_gazebo//launch/turtlebot3_autorace.launch.py
[0.385s] -- Up-to-date symlink: /home/jay/capstonerobot_ws/install/turtlebot3_gazebo/share/turtlebot3_gazebo//launch/turtlebot3_dqn_stage1.launch.py
[0.385s] -- Up-to-date symlink: /home/jay/capstonerobot_ws/install/turtlebot3_gazebo/share/turtlebot3_gazebo//launch/turtlebot3_dqn_stage2.launch.py
[0.385s] -- Up-to-date symlink: /home/jay/capstonerobot_ws/install/turtlebot3_gazebo/share/turtlebot3_gazebo//launch/turtlebot3_dqn_stage3.launch.py
[0.386s] -- Up-to-date symlink: /home/jay/capstonerobot_ws/install/turtlebot3_gazebo/share/turtlebot3_gazebo//launch/turtlebot3_dqn_stage4.launch.py
[0.386s] -- Up-to-date symlink: /home/jay/capstonerobot_ws/install/turtlebot3_gazebo/share/turtlebot3_gazebo//launch/turtlebot3_house.launch.py
[0.386s] -- Up-to-date symlink: /home/jay/capstonerobot_ws/install/turtlebot3_gazebo/share/turtlebot3_gazebo//launch/turtlebot3_world.launch.py
[0.388s] -- Symlinking: /home/jay/capstonerobot_ws/install/turtlebot3_gazebo/share/turtlebot3_gazebo//models/library_table/materials/textures/1.jpg.002.jpg
[0.396s] -- Symlinking: /home/jay/capstonerobot_ws/install/turtlebot3_gazebo/share/turtlebot3_gazebo//models/library_table/materials/textures/10.jpg
[0.408s] -- Symlinking: /home/jay/capstonerobot_ws/install/turtlebot3_gazebo/share/turtlebot3_gazebo//models/library_table/materials/textures/100.jpg
[0.464s] -- Symlinking: /home/jay/capstonerobot_ws/install/turtlebot3_gazebo/share/turtlebot3_gazebo//models/library_table/materials/textures/101.jpg.001.jpg
[0.477s] -- Symlinking: /home/jay/capstonerobot_ws/install/turtlebot3_gazebo/share/turtlebot3_gazebo//models/library_table/materials/textures/102.jpg
[0.487s] -- Symlinking: /home/jay/capstonerobot_ws/install/turtlebot3_gazebo/share/turtlebot3_gazebo//models/library_table/materials/textures/103.jpg
[0.493s] -- Symlinking: /home/jay/capstonerobot_ws/install/turtlebot3_gazebo/share/turtlebot3_gazebo//models/library_table/materials/textures/104.jpg
[0.500s] -- Symlinking: /home/jay/capstonerobot_ws/install/turtlebot3_gazebo/share/turtlebot3_gazebo//models/library_table/materials/textures/105.jpg
[0.507s] -- Symlinking: /home/jay/capstonerobot_ws/install/turtlebot3_gazebo/share/turtlebot3_gazebo//models/library_table/materials/textures/106.jpg.001.jpg
[0.517s] -- Symlinking: /home/jay/capstonerobot_ws/install/turtlebot3_gazebo/share/turtlebot3_gazebo//models/library_table/materials/textures/107.jpg
[0.530s] -- Symlinking: /home/jay/capstonerobot_ws/install/turtlebot3_gazebo/share/turtlebot3_gazebo//models/library_table/materials/textures/108.jpg
[0.541s] -- Symlinking: /home/jay/capstonerobot_ws/install/turtlebot3_gazebo/share/turtlebot3_gazebo//models/library_table/materials/textures/109.jpg
[0.552s] -- Symlinking: /home/jay/capstonerobot_ws/install/turtlebot3_gazebo/share/turtlebot3_gazebo//models/library_table/materials/textures/11.jpg
[0.562s] -- Symlinking: /home/jay/capstonerobot_ws/install/turtlebot3_gazebo/share/turtlebot3_gazebo//models/library_table/materials/textures/110.jpg
[0.570s] -- Symlinking: /home/jay/capstonerobot_ws/install/turtlebot3_gazebo/share/turtlebot3_gazebo//models/library_table/materials/textures/111.jpg
[0.577s] -- Symlinking: /home/jay/capstonerobot_ws/install/turtlebot3_gazebo/share/turtlebot3_gazebo//models/library_table/materials/textures/112.jpg
[0.583s] -- Symlinking: /home/jay/capstonerobot_ws/install/turtlebot3_gazebo/share/turtlebot3_gazebo//models/library_table/materials/textures/113.jpg
[0.593s] -- Symlinking: /home/jay/capstonerobot_ws/install/turtlebot3_gazebo/share/turtlebot3_gazebo//models/library_table/materials/textures/114.jpg
[0.605s] -- Symlinking: /home/jay/capstonerobot_ws/install/turtlebot3_gazebo/share/turtlebot3_gazebo//models/library_table/materials/textures/115.jpg
[0.616s] -- Symlinking: /home/jay/capstonerobot_ws/install/turtlebot3_gazebo/share/turtlebot3_gazebo//models/library_table/materials/textures/116.jpg
[0.626s] -- Symlinking: /home/jay/capstonerobot_ws/install/turtlebot3_gazebo/share/turtlebot3_gazebo//models/library_table/materials/textures/117.jpg
[0.632s] -- Symlinking: /home/jay/capstonerobot_ws/install/turtlebot3_gazebo/share/turtlebot3_gazebo//models/library_table/materials/textures/118.jpg
[0.640s] -- Symlinking: /home/jay/capstonerobot_ws/install/turtlebot3_gazebo/share/turtlebot3_gazebo//models/library_table/materials/textures/119.jpg
[0.646s] -- Symlinking: /home/jay/capstonerobot_ws/install/turtlebot3_gazebo/share/turtlebot3_gazebo//models/library_table/materials/textures/12.jpg
[0.654s] -- Symlinking: /home/jay/capstonerobot_ws/install/turtlebot3_gazebo/share/turtlebot3_gazebo//models/library_table/materials/textures/120.jpg
[0.660s] -- Symlinking: /home/jay/capstonerobot_ws/install/turtlebot3_gazebo/share/turtlebot3_gazebo//models/library_table/materials/textures/121.jpg
[0.667s] -- Symlinking: /home/jay/capstonerobot_ws/install/turtlebot3_gazebo/share/turtlebot3_gazebo//models/library_table/materials/textures/122.jpg
[0.674s] -- Symlinking: /home/jay/capstonerobot_ws/install/turtlebot3_gazebo/share/turtlebot3_gazebo//models/library_table/materials/textures/123.jpg
[0.680s] -- Symlinking: /home/jay/capstonerobot_ws/install/turtlebot3_gazebo/share/turtlebot3_gazebo//models/library_table/materials/textures/124.jpg
[0.690s] -- Symlinking: /home/jay/capstonerobot_ws/install/turtlebot3_gazebo/share/turtlebot3_gazebo//models/library_table/materials/textures/125.jpg
[0.702s] -- Symlinking: /home/jay/capstonerobot_ws/install/turtlebot3_gazebo/share/turtlebot3_gazebo//models/library_table/materials/textures/126.jpg
[0.707s] -- Symlinking: /home/jay/capstonerobot_ws/install/turtlebot3_gazebo/share/turtlebot3_gazebo//models/library_table/materials/textures/127.jpg
[0.714s] -- Symlinking: /home/jay/capstonerobot_ws/install/turtlebot3_gazebo/share/turtlebot3_gazebo//models/library_table/materials/textures/128.jpg
[0.722s] -- Symlinking: /home/jay/capstonerobot_ws/install/turtlebot3_gazebo/share/turtlebot3_gazebo//models/library_table/materials/textures/129.jpg
[0.730s] -- Symlinking: /home/jay/capstonerobot_ws/install/turtlebot3_gazebo/share/turtlebot3_gazebo//models/library_table/materials/textures/13.jpg
[0.739s] -- Symlinking: /home/jay/capstonerobot_ws/install/turtlebot3_gazebo/share/turtlebot3_gazebo//models/library_table/materials/textures/130.jpg
[0.745s] -- Symlinking: /home/jay/capstonerobot_ws/install/turtlebot3_gazebo/share/turtlebot3_gazebo//models/library_table/materials/textures/131.jpg
[0.753s] -- Symlinking: /home/jay/capstonerobot_ws/install/turtlebot3_gazebo/share/turtlebot3_gazebo//models/library_table/materials/textures/132.jpg
[0.759s] -- Symlinking: /home/jay/capstonerobot_ws/install/turtlebot3_gazebo/share/turtlebot3_gazebo//models/library_table/materials/textures/133.jpg
[0.765s] -- Symlinking: /home/jay/capstonerobot_ws/install/turtlebot3_gazebo/share/turtlebot3_gazebo//models/library_table/materials/textures/134.jpg
[0.771s] -- Symlinking: /home/jay/capstonerobot_ws/install/turtlebot3_gazebo/share/turtlebot3_gazebo//models/library_table/materials/textures/135.jpg
[0.777s] -- Symlinking: /home/jay/capstonerobot_ws/install/turtlebot3_gazebo/share/turtlebot3_gazebo//models/library_table/materials/textures/136.jpg
[0.784s] -- Symlinking: /home/jay/capstonerobot_ws/install/turtlebot3_gazebo/share/turtlebot3_gazebo//models/library_table/materials/textures/137.jpg
[0.790s] -- Symlinking: /home/jay/capstonerobot_ws/install/turtlebot3_gazebo/share/turtlebot3_gazebo//models/library_table/materials/textures/138.jpg
[0.796s] -- Symlinking: /home/jay/capstonerobot_ws/install/turtlebot3_gazebo/share/turtlebot3_gazebo//models/library_table/materials/textures/139.jpg
[0.802s] -- Symlinking: /home/jay/capstonerobot_ws/install/turtlebot3_gazebo/share/turtlebot3_gazebo//models/library_table/materials/textures/14.jpg
[0.808s] -- Symlinking: /home/jay/capstonerobot_ws/install/turtlebot3_gazebo/share/turtlebot3_gazebo//models/library_table/materials/textures/140.jpg
[0.812s] -- Symlinking: /home/jay/capstonerobot_ws/install/turtlebot3_gazebo/share/turtlebot3_gazebo//models/library_table/materials/textures/141.jpg
[0.819s] -- Symlinking: /home/jay/capstonerobot_ws/install/turtlebot3_gazebo/share/turtlebot3_gazebo//models/library_table/materials/textures/142.jpg
[0.826s] -- Symlinking: /home/jay/capstonerobot_ws/install/turtlebot3_gazebo/share/turtlebot3_gazebo//models/library_table/materials/textures/143.jpg
[0.832s] -- Symlinking: /home/jay/capstonerobot_ws/install/turtlebot3_gazebo/share/turtlebot3_gazebo//models/library_table/materials/textures/144.jpg
[0.838s] -- Symlinking: /home/jay/capstonerobot_ws/install/turtlebot3_gazebo/share/turtlebot3_gazebo//models/library_table/materials/textures/145.jpg
[0.844s] -- Symlinking: /home/jay/capstonerobot_ws/install/turtlebot3_gazebo/share/turtlebot3_gazebo//models/library_table/materials/textures/146.jpg
[0.851s] -- Symlinking: /home/jay/capstonerobot_ws/install/turtlebot3_gazebo/share/turtlebot3_gazebo//models/library_table/materials/textures/147.jpg
[0.857s] -- Symlinking: /home/jay/capstonerobot_ws/install/turtlebot3_gazebo/share/turtlebot3_gazebo//models/library_table/materials/textures/148.jpg
[0.862s] -- Symlinking: /home/jay/capstonerobot_ws/install/turtlebot3_gazebo/share/turtlebot3_gazebo//models/library_table/materials/textures/149.jpg
[0.868s] -- Symlinking: /home/jay/capstonerobot_ws/install/turtlebot3_gazebo/share/turtlebot3_gazebo//models/library_table/materials/textures/15.jpg
[0.874s] -- Symlinking: /home/jay/capstonerobot_ws/install/turtlebot3_gazebo/share/turtlebot3_gazebo//models/library_table/materials/textures/150.jpg
[0.879s] -- Symlinking: /home/jay/capstonerobot_ws/install/turtlebot3_gazebo/share/turtlebot3_gazebo//models/library_table/materials/textures/151.jpg
[0.885s] -- Symlinking: /home/jay/capstonerobot_ws/install/turtlebot3_gazebo/share/turtlebot3_gazebo//models/library_table/materials/textures/152.jpg
[0.891s] -- Symlinking: /home/jay/capstonerobot_ws/install/turtlebot3_gazebo/share/turtlebot3_gazebo//models/library_table/materials/textures/153.jpg
[0.896s] -- Symlinking: /home/jay/capstonerobot_ws/install/turtlebot3_gazebo/share/turtlebot3_gazebo//models/library_table/materials/textures/154.jpg
[0.902s] -- Symlinking: /home/jay/capstonerobot_ws/install/turtlebot3_gazebo/share/turtlebot3_gazebo//models/library_table/materials/textures/155.jpg
[0.908s] -- Symlinking: /home/jay/capstonerobot_ws/install/turtlebot3_gazebo/share/turtlebot3_gazebo//models/library_table/materials/textures/156.jpg
[0.913s] -- Symlinking: /home/jay/capstonerobot_ws/install/turtlebot3_gazebo/share/turtlebot3_gazebo//models/library_table/materials/textures/157.jpg
[0.920s] -- Symlinking: /home/jay/capstonerobot_ws/install/turtlebot3_gazebo/share/turtlebot3_gazebo//models/library_table/materials/textures/158.jpg
[0.926s] -- Symlinking: /home/jay/capstonerobot_ws/install/turtlebot3_gazebo/share/turtlebot3_gazebo//models/library_table/materials/textures/159.jpg
[0.932s] -- Symlinking: /home/jay/capstonerobot_ws/install/turtlebot3_gazebo/share/turtlebot3_gazebo//models/library_table/materials/textures/16.jpg
[0.939s] -- Symlinking: /home/jay/capstonerobot_ws/install/turtlebot3_gazebo/share/turtlebot3_gazebo//models/library_table/materials/textures/160.jpg
[0.944s] -- Symlinking: /home/jay/capstonerobot_ws/install/turtlebot3_gazebo/share/turtlebot3_gazebo//models/library_table/materials/textures/161.jpg
[0.950s] -- Symlinking: /home/jay/capstonerobot_ws/install/turtlebot3_gazebo/share/turtlebot3_gazebo//models/library_table/materials/textures/162.jpg
[0.955s] -- Symlinking: /home/jay/capstonerobot_ws/install/turtlebot3_gazebo/share/turtlebot3_gazebo//models/library_table/materials/textures/163.jpg
[0.961s] -- Symlinking: /home/jay/capstonerobot_ws/install/turtlebot3_gazebo/share/turtlebot3_gazebo//models/library_table/materials/textures/164.jpg
[0.967s] -- Symlinking: /home/jay/capstonerobot_ws/install/turtlebot3_gazebo/share/turtlebot3_gazebo//models/library_table/materials/textures/165.jpg
[0.973s] -- Symlinking: /home/jay/capstonerobot_ws/install/turtlebot3_gazebo/share/turtlebot3_gazebo//models/library_table/materials/textures/166.jpg
[0.979s] -- Symlinking: /home/jay/capstonerobot_ws/install/turtlebot3_gazebo/share/turtlebot3_gazebo//models/library_table/materials/textures/167.jpg
[0.985s] -- Symlinking: /home/jay/capstonerobot_ws/install/turtlebot3_gazebo/share/turtlebot3_gazebo//models/library_table/materials/textures/168.jpg
[0.991s] -- Symlinking: /home/jay/capstonerobot_ws/install/turtlebot3_gazebo/share/turtlebot3_gazebo//models/library_table/materials/textures/169.jpg
[0.996s] -- Symlinking: /home/jay/capstonerobot_ws/install/turtlebot3_gazebo/share/turtlebot3_gazebo//models/library_table/materials/textures/17.jpg
[1.002s] -- Symlinking: /home/jay/capstonerobot_ws/install/turtlebot3_gazebo/share/turtlebot3_gazebo//models/library_table/materials/textures/170.jpg
[1.008s] -- Symlinking: /home/jay/capstonerobot_ws/install/turtlebot3_gazebo/share/turtlebot3_gazebo//models/library_table/materials/textures/171.jpg
[1.013s] -- Symlinking: /home/jay/capstonerobot_ws/install/turtlebot3_gazebo/share/turtlebot3_gazebo//models/library_table/materials/textures/172.jpg
[1.020s] -- Symlinking: /home/jay/capstonerobot_ws/install/turtlebot3_gazebo/share/turtlebot3_gazebo//models/library_table/materials/textures/173.jpg
[1.025s] -- Symlinking: /home/jay/capstonerobot_ws/install/turtlebot3_gazebo/share/turtlebot3_gazebo//models/library_table/materials/textures/174.jpg
[1.031s] -- Symlinking: /home/jay/capstonerobot_ws/install/turtlebot3_gazebo/share/turtlebot3_gazebo//models/library_table/materials/textures/175.jpg
[1.037s] -- Symlinking: /home/jay/capstonerobot_ws/install/turtlebot3_gazebo/share/turtlebot3_gazebo//models/library_table/materials/textures/176.jpg
[1.043s] -- Symlinking: /home/jay/capstonerobot_ws/install/turtlebot3_gazebo/share/turtlebot3_gazebo//models/library_table/materials/textures/177.jpg
[1.049s] -- Symlinking: /home/jay/capstonerobot_ws/install/turtlebot3_gazebo/share/turtlebot3_gazebo//models/library_table/materials/textures/178.jpg
[1.055s] -- Symlinking: /home/jay/capstonerobot_ws/install/turtlebot3_gazebo/share/turtlebot3_gazebo//models/library_table/materials/textures/179.jpg
[1.061s] -- Symlinking: /home/jay/capstonerobot_ws/install/turtlebot3_gazebo/share/turtlebot3_gazebo//models/library_table/materials/textures/18.jpg
[1.067s] -- Symlinking: /home/jay/capstonerobot_ws/install/turtlebot3_gazebo/share/turtlebot3_gazebo//models/library_table/materials/textures/180.jpg
[1.073s] -- Symlinking: /home/jay/capstonerobot_ws/install/turtlebot3_gazebo/share/turtlebot3_gazebo//models/library_table/materials/textures/181.jpg
[1.078s] -- Symlinking: /home/jay/capstonerobot_ws/install/turtlebot3_gazebo/share/turtlebot3_gazebo//models/library_table/materials/textures/182.jpg
[1.084s] -- Symlinking: /home/jay/capstonerobot_ws/install/turtlebot3_gazebo/share/turtlebot3_gazebo//models/library_table/materials/textures/183.jpg
[1.090s] -- Symlinking: /home/jay/capstonerobot_ws/install/turtlebot3_gazebo/share/turtlebot3_gazebo//models/library_table/materials/textures/184.jpg
[1.095s] -- Symlinking: /home/jay/capstonerobot_ws/install/turtlebot3_gazebo/share/turtlebot3_gazebo//models/library_table/materials/textures/185.jpg
[1.101s] -- Symlinking: /home/jay/capstonerobot_ws/install/turtlebot3_gazebo/share/turtlebot3_gazebo//models/library_table/materials/textures/186.jpg
[1.107s] -- Symlinking: /home/jay/capstonerobot_ws/install/turtlebot3_gazebo/share/turtlebot3_gazebo//models/library_table/materials/textures/187.jpg
[1.112s] -- Symlinking: /home/jay/capstonerobot_ws/install/turtlebot3_gazebo/share/turtlebot3_gazebo//models/library_table/materials/textures/188.jpg
[1.118s] -- Symlinking: /home/jay/capstonerobot_ws/install/turtlebot3_gazebo/share/turtlebot3_gazebo//models/library_table/materials/textures/189.jpg
[1.124s] -- Symlinking: /home/jay/capstonerobot_ws/install/turtlebot3_gazebo/share/turtlebot3_gazebo//models/library_table/materials/textures/19.jpg
[1.129s] -- Symlinking: /home/jay/capstonerobot_ws/install/turtlebot3_gazebo/share/turtlebot3_gazebo//models/library_table/materials/textures/190.jpg
[1.136s] -- Symlinking: /home/jay/capstonerobot_ws/install/turtlebot3_gazebo/share/turtlebot3_gazebo//models/library_table/materials/textures/191.jpg
[1.142s] -- Symlinking: /home/jay/capstonerobot_ws/install/turtlebot3_gazebo/share/turtlebot3_gazebo//models/library_table/materials/textures/192.jpg
[1.148s] -- Symlinking: /home/jay/capstonerobot_ws/install/turtlebot3_gazebo/share/turtlebot3_gazebo//models/library_table/materials/textures/193.jpg
[1.153s] -- Symlinking: /home/jay/capstonerobot_ws/install/turtlebot3_gazebo/share/turtlebot3_gazebo//models/library_table/materials/textures/194.jpg
[1.159s] -- Symlinking: /home/jay/capstonerobot_ws/install/turtlebot3_gazebo/share/turtlebot3_gazebo//models/library_table/materials/textures/195.jpg
[1.164s] -- Symlinking: /home/jay/capstonerobot_ws/install/turtlebot3_gazebo/share/turtlebot3_gazebo//models/library_table/materials/textures/196.jpg
[1.171s] -- Symlinking: /home/jay/capstonerobot_ws/install/turtlebot3_gazebo/share/turtlebot3_gazebo//models/library_table/materials/textures/197.jpg
[1.177s] -- Symlinking: /home/jay/capstonerobot_ws/install/turtlebot3_gazebo/share/turtlebot3_gazebo//models/library_table/materials/textures/198.jpg
[1.183s] -- Symlinking: /home/jay/capstonerobot_ws/install/turtlebot3_gazebo/share/turtlebot3_gazebo//models/library_table/materials/textures/199.jpg
[1.189s] -- Symlinking: /home/jay/capstonerobot_ws/install/turtlebot3_gazebo/share/turtlebot3_gazebo//models/library_table/materials/textures/2.jpg
[1.194s] -- Symlinking: /home/jay/capstonerobot_ws/install/turtlebot3_gazebo/share/turtlebot3_gazebo//models/library_table/materials/textures/20.jpg
[1.200s] -- Symlinking: /home/jay/capstonerobot_ws/install/turtlebot3_gazebo/share/turtlebot3_gazebo//models/library_table/materials/textures/200.jpg
[1.206s] -- Symlinking: /home/jay/capstonerobot_ws/install/turtlebot3_gazebo/share/turtlebot3_gazebo//models/library_table/materials/textures/201.jpg
[1.211s] -- Symlinking: /home/jay/capstonerobot_ws/install/turtlebot3_gazebo/share/turtlebot3_gazebo//models/library_table/materials/textures/202.jpg
[1.217s] -- Symlinking: /home/jay/capstonerobot_ws/install/turtlebot3_gazebo/share/turtlebot3_gazebo//models/library_table/materials/textures/203.jpg
[1.223s] -- Symlinking: /home/jay/capstonerobot_ws/install/turtlebot3_gazebo/share/turtlebot3_gazebo//models/library_table/materials/textures/204.jpg
[1.229s] -- Symlinking: /home/jay/capstonerobot_ws/install/turtlebot3_gazebo/share/turtlebot3_gazebo//models/library_table/materials/textures/205.jpg
[1.237s] -- Symlinking: /home/jay/capstonerobot_ws/install/turtlebot3_gazebo/share/turtlebot3_gazebo//models/library_table/materials/textures/206.jpg
[1.252s] -- Symlinking: /home/jay/capstonerobot_ws/install/turtlebot3_gazebo/share/turtlebot3_gazebo//models/library_table/materials/textures/207.jpg
[1.261s] -- Symlinking: /home/jay/capstonerobot_ws/install/turtlebot3_gazebo/share/turtlebot3_gazebo//models/library_table/materials/textures/208.jpg
[1.269s] -- Symlinking: /home/jay/capstonerobot_ws/install/turtlebot3_gazebo/share/turtlebot3_gazebo//models/library_table/materials/textures/209.jpg
[1.278s] -- Symlinking: /home/jay/capstonerobot_ws/install/turtlebot3_gazebo/share/turtlebot3_gazebo//models/library_table/materials/textures/21.jpg
[1.290s] -- Symlinking: /home/jay/capstonerobot_ws/install/turtlebot3_gazebo/share/turtlebot3_gazebo//models/library_table/materials/textures/210.jpg
[1.296s] -- Symlinking: /home/jay/capstonerobot_ws/install/turtlebot3_gazebo/share/turtlebot3_gazebo//models/library_table/materials/textures/211.jpg
[1.309s] -- Symlinking: /home/jay/capstonerobot_ws/install/turtlebot3_gazebo/share/turtlebot3_gazebo//models/library_table/materials/textures/212.jpg
[1.322s] -- Symlinking: /home/jay/capstonerobot_ws/install/turtlebot3_gazebo/share/turtlebot3_gazebo//models/library_table/materials/textures/213.jpg
[1.332s] -- Symlinking: /home/jay/capstonerobot_ws/install/turtlebot3_gazebo/share/turtlebot3_gazebo//models/library_table/materials/textures/214.jpg
[1.341s] -- Symlinking: /home/jay/capstonerobot_ws/install/turtlebot3_gazebo/share/turtlebot3_gazebo//models/library_table/materials/textures/215.jpg
[1.351s] -- Symlinking: /home/jay/capstonerobot_ws/install/turtlebot3_gazebo/share/turtlebot3_gazebo//models/library_table/materials/textures/216.jpg
[1.360s] -- Symlinking: /home/jay/capstonerobot_ws/install/turtlebot3_gazebo/share/turtlebot3_gazebo//models/library_table/materials/textures/217.jpg
[1.372s] -- Symlinking: /home/jay/capstonerobot_ws/install/turtlebot3_gazebo/share/turtlebot3_gazebo//models/library_table/materials/textures/218.jpg
[1.379s] -- Symlinking: /home/jay/capstonerobot_ws/install/turtlebot3_gazebo/share/turtlebot3_gazebo//models/library_table/materials/textures/219.jpg
[1.387s] -- Symlinking: /home/jay/capstonerobot_ws/install/turtlebot3_gazebo/share/turtlebot3_gazebo//models/library_table/materials/textures/22.jpg
[1.396s] -- Symlinking: /home/jay/capstonerobot_ws/install/turtlebot3_gazebo/share/turtlebot3_gazebo//models/library_table/materials/textures/220.jpg
[1.404s] -- Symlinking: /home/jay/capstonerobot_ws/install/turtlebot3_gazebo/share/turtlebot3_gazebo//models/library_table/materials/textures/221.jpg
[1.411s] -- Symlinking: /home/jay/capstonerobot_ws/install/turtlebot3_gazebo/share/turtlebot3_gazebo//models/library_table/materials/textures/222.jpg
[1.422s] -- Symlinking: /home/jay/capstonerobot_ws/install/turtlebot3_gazebo/share/turtlebot3_gazebo//models/library_table/materials/textures/223.jpg
[1.429s] -- Symlinking: /home/jay/capstonerobot_ws/install/turtlebot3_gazebo/share/turtlebot3_gazebo//models/library_table/materials/textures/224.jpg
[1.438s] -- Symlinking: /home/jay/capstonerobot_ws/install/turtlebot3_gazebo/share/turtlebot3_gazebo//models/library_table/materials/textures/225.jpg
[1.446s] -- Symlinking: /home/jay/capstonerobot_ws/install/turtlebot3_gazebo/share/turtlebot3_gazebo//models/library_table/materials/textures/226.jpg
[1.453s] -- Symlinking: /home/jay/capstonerobot_ws/install/turtlebot3_gazebo/share/turtlebot3_gazebo//models/library_table/materials/textures/227.jpg
[1.462s] -- Symlinking: /home/jay/capstonerobot_ws/install/turtlebot3_gazebo/share/turtlebot3_gazebo//models/library_table/materials/textures/228.jpg
[1.471s] -- Symlinking: /home/jay/capstonerobot_ws/install/turtlebot3_gazebo/share/turtlebot3_gazebo//models/library_table/materials/textures/229.jpg
[1.478s] -- Symlinking: /home/jay/capstonerobot_ws/install/turtlebot3_gazebo/share/turtlebot3_gazebo//models/library_table/materials/textures/23.jpg
[1.489s] -- Symlinking: /home/jay/capstonerobot_ws/install/turtlebot3_gazebo/share/turtlebot3_gazebo//models/library_table/materials/textures/230.jpg
[1.495s] -- Symlinking: /home/jay/capstonerobot_ws/install/turtlebot3_gazebo/share/turtlebot3_gazebo//models/library_table/materials/textures/231.jpg
[1.504s] -- Symlinking: /home/jay/capstonerobot_ws/install/turtlebot3_gazebo/share/turtlebot3_gazebo//models/library_table/materials/textures/232.jpg
[1.512s] -- Symlinking: /home/jay/capstonerobot_ws/install/turtlebot3_gazebo/share/turtlebot3_gazebo//models/library_table/materials/textures/233.jpg
[1.521s] -- Symlinking: /home/jay/capstonerobot_ws/install/turtlebot3_gazebo/share/turtlebot3_gazebo//models/library_table/materials/textures/234.jpg
[1.532s] -- Symlinking: /home/jay/capstonerobot_ws/install/turtlebot3_gazebo/share/turtlebot3_gazebo//models/library_table/materials/textures/235.jpg
[1.540s] -- Symlinking: /home/jay/capstonerobot_ws/install/turtlebot3_gazebo/share/turtlebot3_gazebo//models/library_table/materials/textures/236.jpg
[1.550s] -- Symlinking: /home/jay/capstonerobot_ws/install/turtlebot3_gazebo/share/turtlebot3_gazebo//models/library_table/materials/textures/237.jpg
[1.560s] -- Symlinking: /home/jay/capstonerobot_ws/install/turtlebot3_gazebo/share/turtlebot3_gazebo//models/library_table/materials/textures/238.jpg
[1.569s] -- Symlinking: /home/jay/capstonerobot_ws/install/turtlebot3_gazebo/share/turtlebot3_gazebo//models/library_table/materials/textures/239.jpg
[1.576s] -- Symlinking: /home/jay/capstonerobot_ws/install/turtlebot3_gazebo/share/turtlebot3_gazebo//models/library_table/materials/textures/24.jpg
[1.585s] -- Symlinking: /home/jay/capstonerobot_ws/install/turtlebot3_gazebo/share/turtlebot3_gazebo//models/library_table/materials/textures/240.jpg
[1.592s] -- Symlinking: /home/jay/capstonerobot_ws/install/turtlebot3_gazebo/share/turtlebot3_gazebo//models/library_table/materials/textures/241.jpg
[1.599s] -- Symlinking: /home/jay/capstonerobot_ws/install/turtlebot3_gazebo/share/turtlebot3_gazebo//models/library_table/materials/textures/242.jpg
[1.608s] -- Symlinking: /home/jay/capstonerobot_ws/install/turtlebot3_gazebo/share/turtlebot3_gazebo//models/library_table/materials/textures/243.jpg
[1.615s] -- Symlinking: /home/jay/capstonerobot_ws/install/turtlebot3_gazebo/share/turtlebot3_gazebo//models/library_table/materials/textures/244.jpg
[1.623s] -- Symlinking: /home/jay/capstonerobot_ws/install/turtlebot3_gazebo/share/turtlebot3_gazebo//models/library_table/materials/textures/245.jpg
[1.629s] -- Symlinking: /home/jay/capstonerobot_ws/install/turtlebot3_gazebo/share/turtlebot3_gazebo//models/library_table/materials/textures/246.jpg
[1.637s] -- Symlinking: /home/jay/capstonerobot_ws/install/turtlebot3_gazebo/share/turtlebot3_gazebo//models/library_table/materials/textures/247.jpg
[1.644s] -- Symlinking: /home/jay/capstonerobot_ws/install/turtlebot3_gazebo/share/turtlebot3_gazebo//models/library_table/materials/textures/248.jpg
[1.654s] -- Symlinking: /home/jay/capstonerobot_ws/install/turtlebot3_gazebo/share/turtlebot3_gazebo//models/library_table/materials/textures/249.jpg
[1.659s] -- Symlinking: /home/jay/capstonerobot_ws/install/turtlebot3_gazebo/share/turtlebot3_gazebo//models/library_table/materials/textures/25.jpg
[1.667s] -- Symlinking: /home/jay/capstonerobot_ws/install/turtlebot3_gazebo/share/turtlebot3_gazebo//models/library_table/materials/textures/250.jpg
[1.676s] -- Symlinking: /home/jay/capstonerobot_ws/install/turtlebot3_gazebo/share/turtlebot3_gazebo//models/library_table/materials/textures/251.jpg
[1.685s] -- Symlinking: /home/jay/capstonerobot_ws/install/turtlebot3_gazebo/share/turtlebot3_gazebo//models/library_table/materials/textures/252.jpg
[1.693s] -- Symlinking: /home/jay/capstonerobot_ws/install/turtlebot3_gazebo/share/turtlebot3_gazebo//models/library_table/materials/textures/253.jpg
[1.700s] -- Symlinking: /home/jay/capstonerobot_ws/install/turtlebot3_gazebo/share/turtlebot3_gazebo//models/library_table/materials/textures/254.jpg
[1.708s] -- Symlinking: /home/jay/capstonerobot_ws/install/turtlebot3_gazebo/share/turtlebot3_gazebo//models/library_table/materials/textures/255.jpg
[1.716s] -- Symlinking: /home/jay/capstonerobot_ws/install/turtlebot3_gazebo/share/turtlebot3_gazebo//models/library_table/materials/textures/256.jpg
[1.724s] -- Symlinking: /home/jay/capstonerobot_ws/install/turtlebot3_gazebo/share/turtlebot3_gazebo//models/library_table/materials/textures/257.jpg
[1.733s] -- Symlinking: /home/jay/capstonerobot_ws/install/turtlebot3_gazebo/share/turtlebot3_gazebo//models/library_table/materials/textures/258.jpg
[1.743s] -- Symlinking: /home/jay/capstonerobot_ws/install/turtlebot3_gazebo/share/turtlebot3_gazebo//models/library_table/materials/textures/259.jpg
[1.755s] -- Symlinking: /home/jay/capstonerobot_ws/install/turtlebot3_gazebo/share/turtlebot3_gazebo//models/library_table/materials/textures/26.jpg
[1.762s] -- Symlinking: /home/jay/capstonerobot_ws/install/turtlebot3_gazebo/share/turtlebot3_gazebo//models/library_table/materials/textures/260.jpg
[1.773s] -- Symlinking: /home/jay/capstonerobot_ws/install/turtlebot3_gazebo/share/turtlebot3_gazebo//models/library_table/materials/textures/261.jpg
[1.779s] -- Symlinking: /home/jay/capstonerobot_ws/install/turtlebot3_gazebo/share/turtlebot3_gazebo//models/library_table/materials/textures/262.jpg
[1.787s] -- Symlinking: /home/jay/capstonerobot_ws/install/turtlebot3_gazebo/share/turtlebot3_gazebo//models/library_table/materials/textures/263.jpg
[1.795s] -- Symlinking: /home/jay/capstonerobot_ws/install/turtlebot3_gazebo/share/turtlebot3_gazebo//models/library_table/materials/textures/264.jpg
[1.804s] -- Symlinking: /home/jay/capstonerobot_ws/install/turtlebot3_gazebo/share/turtlebot3_gazebo//models/library_table/materials/textures/265.jpg
[1.811s] -- Symlinking: /home/jay/capstonerobot_ws/install/turtlebot3_gazebo/share/turtlebot3_gazebo//models/library_table/materials/textures/266.jpg
[1.819s] -- Symlinking: /home/jay/capstonerobot_ws/install/turtlebot3_gazebo/share/turtlebot3_gazebo//models/library_table/materials/textures/267.jpg
[1.825s] -- Symlinking: /home/jay/capstonerobot_ws/install/turtlebot3_gazebo/share/turtlebot3_gazebo//models/library_table/materials/textures/268.jpg
[1.832s] -- Symlinking: /home/jay/capstonerobot_ws/install/turtlebot3_gazebo/share/turtlebot3_gazebo//models/library_table/materials/textures/269.jpg
[1.840s] -- Symlinking: /home/jay/capstonerobot_ws/install/turtlebot3_gazebo/share/turtlebot3_gazebo//models/library_table/materials/textures/27.jpg
[1.846s] -- Symlinking: /home/jay/capstonerobot_ws/install/turtlebot3_gazebo/share/turtlebot3_gazebo//models/library_table/materials/textures/270.jpg
[1.853s] -- Symlinking: /home/jay/capstonerobot_ws/install/turtlebot3_gazebo/share/turtlebot3_gazebo//models/library_table/materials/textures/271.jpg
[1.860s] -- Symlinking: /home/jay/capstonerobot_ws/install/turtlebot3_gazebo/share/turtlebot3_gazebo//models/library_table/materials/textures/272.jpg
[1.867s] -- Symlinking: /home/jay/capstonerobot_ws/install/turtlebot3_gazebo/share/turtlebot3_gazebo//models/library_table/materials/textures/273.jpg
[1.873s] -- Symlinking: /home/jay/capstonerobot_ws/install/turtlebot3_gazebo/share/turtlebot3_gazebo//models/library_table/materials/textures/274.jpg
[1.880s] -- Symlinking: /home/jay/capstonerobot_ws/install/turtlebot3_gazebo/share/turtlebot3_gazebo//models/library_table/materials/textures/275.jpg
[1.888s] -- Symlinking: /home/jay/capstonerobot_ws/install/turtlebot3_gazebo/share/turtlebot3_gazebo//models/library_table/materials/textures/276.jpg
[1.894s] -- Symlinking: /home/jay/capstonerobot_ws/install/turtlebot3_gazebo/share/turtlebot3_gazebo//models/library_table/materials/textures/277.jpg
[1.902s] -- Symlinking: /home/jay/capstonerobot_ws/install/turtlebot3_gazebo/share/turtlebot3_gazebo//models/library_table/materials/textures/278.jpg
[1.908s] -- Symlinking: /home/jay/capstonerobot_ws/install/turtlebot3_gazebo/share/turtlebot3_gazebo//models/library_table/materials/textures/279.jpg
[1.915s] -- Symlinking: /home/jay/capstonerobot_ws/install/turtlebot3_gazebo/share/turtlebot3_gazebo//models/library_table/materials/textures/28.jpg
[1.923s] -- Symlinking: /home/jay/capstonerobot_ws/install/turtlebot3_gazebo/share/turtlebot3_gazebo//models/library_table/materials/textures/280.jpg
[1.929s] -- Symlinking: /home/jay/capstonerobot_ws/install/turtlebot3_gazebo/share/turtlebot3_gazebo//models/library_table/materials/textures/281.jpg
[1.937s] -- Symlinking: /home/jay/capstonerobot_ws/install/turtlebot3_gazebo/share/turtlebot3_gazebo//models/library_table/materials/textures/282.jpg
[1.943s] -- Symlinking: /home/jay/capstonerobot_ws/install/turtlebot3_gazebo/share/turtlebot3_gazebo//models/library_table/materials/textures/283.jpg
[1.949s] -- Symlinking: /home/jay/capstonerobot_ws/install/turtlebot3_gazebo/share/turtlebot3_gazebo//models/library_table/materials/textures/284.jpg
[1.957s] -- Symlinking: /home/jay/capstonerobot_ws/install/turtlebot3_gazebo/share/turtlebot3_gazebo//models/library_table/materials/textures/285.jpg
[1.963s] -- Symlinking: /home/jay/capstonerobot_ws/install/turtlebot3_gazebo/share/turtlebot3_gazebo//models/library_table/materials/textures/286.jpg
[1.970s] -- Symlinking: /home/jay/capstonerobot_ws/install/turtlebot3_gazebo/share/turtlebot3_gazebo//models/library_table/materials/textures/287.jpg
[1.977s] -- Symlinking: /home/jay/capstonerobot_ws/install/turtlebot3_gazebo/share/turtlebot3_gazebo//models/library_table/materials/textures/288.jpg
[1.985s] -- Symlinking: /home/jay/capstonerobot_ws/install/turtlebot3_gazebo/share/turtlebot3_gazebo//models/library_table/materials/textures/289.jpg
[1.991s] -- Symlinking: /home/jay/capstonerobot_ws/install/turtlebot3_gazebo/share/turtlebot3_gazebo//models/library_table/materials/textures/29.jpg
[1.997s] -- Symlinking: /home/jay/capstonerobot_ws/install/turtlebot3_gazebo/share/turtlebot3_gazebo//models/library_table/materials/textures/290.jpg
[2.004s] -- Symlinking: /home/jay/capstonerobot_ws/install/turtlebot3_gazebo/share/turtlebot3_gazebo//models/library_table/materials/textures/291.jpg
[2.011s] -- Symlinking: /home/jay/capstonerobot_ws/install/turtlebot3_gazebo/share/turtlebot3_gazebo//models/library_table/materials/textures/292.jpg
[2.018s] -- Symlinking: /home/jay/capstonerobot_ws/install/turtlebot3_gazebo/share/turtlebot3_gazebo//models/library_table/materials/textures/293.jpg
[2.024s] -- Symlinking: /home/jay/capstonerobot_ws/install/turtlebot3_gazebo/share/turtlebot3_gazebo//models/library_table/materials/textures/294.jpg
[2.031s] -- Symlinking: /home/jay/capstonerobot_ws/install/turtlebot3_gazebo/share/turtlebot3_gazebo//models/library_table/materials/textures/295.jpg
[2.039s] -- Symlinking: /home/jay/capstonerobot_ws/install/turtlebot3_gazebo/share/turtlebot3_gazebo//models/library_table/materials/textures/296.jpg
[2.045s] -- Symlinking: /home/jay/capstonerobot_ws/install/turtlebot3_gazebo/share/turtlebot3_gazebo//models/library_table/materials/textures/297.jpg
[2.053s] -- Symlinking: /home/jay/capstonerobot_ws/install/turtlebot3_gazebo/share/turtlebot3_gazebo//models/library_table/materials/textures/298.jpg
[2.059s] -- Symlinking: /home/jay/capstonerobot_ws/install/turtlebot3_gazebo/share/turtlebot3_gazebo//models/library_table/materials/textures/299.jpg
[2.065s] -- Symlinking: /home/jay/capstonerobot_ws/install/turtlebot3_gazebo/share/turtlebot3_gazebo//models/library_table/materials/textures/3.jpg
[2.072s] -- Symlinking: /home/jay/capstonerobot_ws/install/turtlebot3_gazebo/share/turtlebot3_gazebo//models/library_table/materials/textures/30.jpg
[2.079s] -- Symlinking: /home/jay/capstonerobot_ws/install/turtlebot3_gazebo/share/turtlebot3_gazebo//models/library_table/materials/textures/300.jpg
[2.085s] -- Symlinking: /home/jay/capstonerobot_ws/install/turtlebot3_gazebo/share/turtlebot3_gazebo//models/library_table/materials/textures/31.jpg
[2.092s] -- Symlinking: /home/jay/capstonerobot_ws/install/turtlebot3_gazebo/share/turtlebot3_gazebo//models/library_table/materials/textures/32.jpg
[2.097s] -- Symlinking: /home/jay/capstonerobot_ws/install/turtlebot3_gazebo/share/turtlebot3_gazebo//models/library_table/materials/textures/33.jpg
[2.105s] -- Symlinking: /home/jay/capstonerobot_ws/install/turtlebot3_gazebo/share/turtlebot3_gazebo//models/library_table/materials/textures/34.jpg
[2.111s] -- Symlinking: /home/jay/capstonerobot_ws/install/turtlebot3_gazebo/share/turtlebot3_gazebo//models/library_table/materials/textures/35.jpg
[2.119s] -- Symlinking: /home/jay/capstonerobot_ws/install/turtlebot3_gazebo/share/turtlebot3_gazebo//models/library_table/materials/textures/36.jpg
[2.125s] -- Symlinking: /home/jay/capstonerobot_ws/install/turtlebot3_gazebo/share/turtlebot3_gazebo//models/library_table/materials/textures/37.jpg
[2.133s] -- Symlinking: /home/jay/capstonerobot_ws/install/turtlebot3_gazebo/share/turtlebot3_gazebo//models/library_table/materials/textures/38.jpg
[2.140s] -- Symlinking: /home/jay/capstonerobot_ws/install/turtlebot3_gazebo/share/turtlebot3_gazebo//models/library_table/materials/textures/39.jpg
[2.146s] -- Symlinking: /home/jay/capstonerobot_ws/install/turtlebot3_gazebo/share/turtlebot3_gazebo//models/library_table/materials/textures/4.jpg
[2.154s] -- Symlinking: /home/jay/capstonerobot_ws/install/turtlebot3_gazebo/share/turtlebot3_gazebo//models/library_table/materials/textures/40.jpg
[2.160s] -- Symlinking: /home/jay/capstonerobot_ws/install/turtlebot3_gazebo/share/turtlebot3_gazebo//models/library_table/materials/textures/41.jpg
[2.169s] -- Symlinking: /home/jay/capstonerobot_ws/install/turtlebot3_gazebo/share/turtlebot3_gazebo//models/library_table/materials/textures/42.jpg
[2.174s] -- Symlinking: /home/jay/capstonerobot_ws/install/turtlebot3_gazebo/share/turtlebot3_gazebo//models/library_table/materials/textures/43.jpg
[2.181s] -- Symlinking: /home/jay/capstonerobot_ws/install/turtlebot3_gazebo/share/turtlebot3_gazebo//models/library_table/materials/textures/44.jpg
[2.188s] -- Symlinking: /home/jay/capstonerobot_ws/install/turtlebot3_gazebo/share/turtlebot3_gazebo//models/library_table/materials/textures/45.jpg
[2.195s] -- Symlinking: /home/jay/capstonerobot_ws/install/turtlebot3_gazebo/share/turtlebot3_gazebo//models/library_table/materials/textures/46.jpg
[2.202s] -- Symlinking: /home/jay/capstonerobot_ws/install/turtlebot3_gazebo/share/turtlebot3_gazebo//models/library_table/materials/textures/47.jpg
[2.209s] -- Symlinking: /home/jay/capstonerobot_ws/install/turtlebot3_gazebo/share/turtlebot3_gazebo//models/library_table/materials/textures/48.jpg
[2.218s] -- Symlinking: /home/jay/capstonerobot_ws/install/turtlebot3_gazebo/share/turtlebot3_gazebo//models/library_table/materials/textures/49.jpg
[2.224s] -- Symlinking: /home/jay/capstonerobot_ws/install/turtlebot3_gazebo/share/turtlebot3_gazebo//models/library_table/materials/textures/5.jpg
[2.231s] -- Symlinking: /home/jay/capstonerobot_ws/install/turtlebot3_gazebo/share/turtlebot3_gazebo//models/library_table/materials/textures/50.jpg
[2.239s] -- Symlinking: /home/jay/capstonerobot_ws/install/turtlebot3_gazebo/share/turtlebot3_gazebo//models/library_table/materials/textures/51.jpg
[2.246s] -- Symlinking: /home/jay/capstonerobot_ws/install/turtlebot3_gazebo/share/turtlebot3_gazebo//models/library_table/materials/textures/52.jpg
[2.253s] -- Symlinking: /home/jay/capstonerobot_ws/install/turtlebot3_gazebo/share/turtlebot3_gazebo//models/library_table/materials/textures/53.jpg
[2.259s] -- Symlinking: /home/jay/capstonerobot_ws/install/turtlebot3_gazebo/share/turtlebot3_gazebo//models/library_table/materials/textures/54.jpg
[2.266s] -- Symlinking: /home/jay/capstonerobot_ws/install/turtlebot3_gazebo/share/turtlebot3_gazebo//models/library_table/materials/textures/55.jpg
[2.272s] -- Symlinking: /home/jay/capstonerobot_ws/install/turtlebot3_gazebo/share/turtlebot3_gazebo//models/library_table/materials/textures/56.jpg
[2.279s] -- Symlinking: /home/jay/capstonerobot_ws/install/turtlebot3_gazebo/share/turtlebot3_gazebo//models/library_table/materials/textures/57.jpg
[2.288s] -- Symlinking: /home/jay/capstonerobot_ws/install/turtlebot3_gazebo/share/turtlebot3_gazebo//models/library_table/materials/textures/58.jpg
[2.294s] -- Symlinking: /home/jay/capstonerobot_ws/install/turtlebot3_gazebo/share/turtlebot3_gazebo//models/library_table/materials/textures/59.jpg
[2.302s] -- Symlinking: /home/jay/capstonerobot_ws/install/turtlebot3_gazebo/share/turtlebot3_gazebo//models/library_table/materials/textures/6.jpg
[2.308s] -- Symlinking: /home/jay/capstonerobot_ws/install/turtlebot3_gazebo/share/turtlebot3_gazebo//models/library_table/materials/textures/60.jpg
[2.314s] -- Symlinking: /home/jay/capstonerobot_ws/install/turtlebot3_gazebo/share/turtlebot3_gazebo//models/library_table/materials/textures/61.jpg
[2.321s] -- Symlinking: /home/jay/capstonerobot_ws/install/turtlebot3_gazebo/share/turtlebot3_gazebo//models/library_table/materials/textures/62.jpg
[2.327s] -- Symlinking: /home/jay/capstonerobot_ws/install/turtlebot3_gazebo/share/turtlebot3_gazebo//models/library_table/materials/textures/63.jpg
[2.335s] -- Symlinking: /home/jay/capstonerobot_ws/install/turtlebot3_gazebo/share/turtlebot3_gazebo//models/library_table/materials/textures/64.jpg
[2.340s] -- Symlinking: /home/jay/capstonerobot_ws/install/turtlebot3_gazebo/share/turtlebot3_gazebo//models/library_table/materials/textures/65.jpg
[2.346s] -- Symlinking: /home/jay/capstonerobot_ws/install/turtlebot3_gazebo/share/turtlebot3_gazebo//models/library_table/materials/textures/66.jpg
[2.353s] -- Symlinking: /home/jay/capstonerobot_ws/install/turtlebot3_gazebo/share/turtlebot3_gazebo//models/library_table/materials/textures/67.jpg
[2.360s] -- Symlinking: /home/jay/capstonerobot_ws/install/turtlebot3_gazebo/share/turtlebot3_gazebo//models/library_table/materials/textures/68.jpg
[2.367s] -- Symlinking: /home/jay/capstonerobot_ws/install/turtlebot3_gazebo/share/turtlebot3_gazebo//models/library_table/materials/textures/69.jpg
[2.373s] -- Symlinking: /home/jay/capstonerobot_ws/install/turtlebot3_gazebo/share/turtlebot3_gazebo//models/library_table/materials/textures/7.jpg
[2.379s] -- Symlinking: /home/jay/capstonerobot_ws/install/turtlebot3_gazebo/share/turtlebot3_gazebo//models/library_table/materials/textures/70.jpg
[2.386s] -- Symlinking: /home/jay/capstonerobot_ws/install/turtlebot3_gazebo/share/turtlebot3_gazebo//models/library_table/materials/textures/71.jpg
[2.393s] -- Symlinking: /home/jay/capstonerobot_ws/install/turtlebot3_gazebo/share/turtlebot3_gazebo//models/library_table/materials/textures/72.jpg
[2.399s] -- Symlinking: /home/jay/capstonerobot_ws/install/turtlebot3_gazebo/share/turtlebot3_gazebo//models/library_table/materials/textures/73.jpg
[2.406s] -- Symlinking: /home/jay/capstonerobot_ws/install/turtlebot3_gazebo/share/turtlebot3_gazebo//models/library_table/materials/textures/74.jpg
[2.413s] -- Symlinking: /home/jay/capstonerobot_ws/install/turtlebot3_gazebo/share/turtlebot3_gazebo//models/library_table/materials/textures/75.jpg
[2.420s] -- Symlinking: /home/jay/capstonerobot_ws/install/turtlebot3_gazebo/share/turtlebot3_gazebo//models/library_table/materials/textures/76.jpg
[2.426s] -- Symlinking: /home/jay/capstonerobot_ws/install/turtlebot3_gazebo/share/turtlebot3_gazebo//models/library_table/materials/textures/77.jpg
[2.432s] -- Symlinking: /home/jay/capstonerobot_ws/install/turtlebot3_gazebo/share/turtlebot3_gazebo//models/library_table/materials/textures/78.jpg
[2.439s] -- Symlinking: /home/jay/capstonerobot_ws/install/turtlebot3_gazebo/share/turtlebot3_gazebo//models/library_table/materials/textures/79.jpg
[2.444s] -- Symlinking: /home/jay/capstonerobot_ws/install/turtlebot3_gazebo/share/turtlebot3_gazebo//models/library_table/materials/textures/8.jpg
[2.450s] -- Symlinking: /home/jay/capstonerobot_ws/install/turtlebot3_gazebo/share/turtlebot3_gazebo//models/library_table/materials/textures/80.jpg
[2.456s] -- Symlinking: /home/jay/capstonerobot_ws/install/turtlebot3_gazebo/share/turtlebot3_gazebo//models/library_table/materials/textures/81.jpg
[2.461s] -- Symlinking: /home/jay/capstonerobot_ws/install/turtlebot3_gazebo/share/turtlebot3_gazebo//models/library_table/materials/textures/82.jpg
[2.468s] -- Symlinking: /home/jay/capstonerobot_ws/install/turtlebot3_gazebo/share/turtlebot3_gazebo//models/library_table/materials/textures/83.jpg
[2.474s] -- Symlinking: /home/jay/capstonerobot_ws/install/turtlebot3_gazebo/share/turtlebot3_gazebo//models/library_table/materials/textures/84.jpg
[2.479s] -- Symlinking: /home/jay/capstonerobot_ws/install/turtlebot3_gazebo/share/turtlebot3_gazebo//models/library_table/materials/textures/85.jpg
[2.485s] -- Symlinking: /home/jay/capstonerobot_ws/install/turtlebot3_gazebo/share/turtlebot3_gazebo//models/library_table/materials/textures/86.jpg
[2.491s] -- Symlinking: /home/jay/capstonerobot_ws/install/turtlebot3_gazebo/share/turtlebot3_gazebo//models/library_table/materials/textures/87.jpg
[2.496s] -- Symlinking: /home/jay/capstonerobot_ws/install/turtlebot3_gazebo/share/turtlebot3_gazebo//models/library_table/materials/textures/88.jpg
[2.503s] -- Symlinking: /home/jay/capstonerobot_ws/install/turtlebot3_gazebo/share/turtlebot3_gazebo//models/library_table/materials/textures/89.jpg
[2.508s] -- Symlinking: /home/jay/capstonerobot_ws/install/turtlebot3_gazebo/share/turtlebot3_gazebo//models/library_table/materials/textures/9.jpg
[2.514s] -- Symlinking: /home/jay/capstonerobot_ws/install/turtlebot3_gazebo/share/turtlebot3_gazebo//models/library_table/materials/textures/90.jpg
[2.521s] -- Symlinking: /home/jay/capstonerobot_ws/install/turtlebot3_gazebo/share/turtlebot3_gazebo//models/library_table/materials/textures/91.jpg
[2.527s] -- Symlinking: /home/jay/capstonerobot_ws/install/turtlebot3_gazebo/share/turtlebot3_gazebo//models/library_table/materials/textures/92.jpg
[2.534s] -- Symlinking: /home/jay/capstonerobot_ws/install/turtlebot3_gazebo/share/turtlebot3_gazebo//models/library_table/materials/textures/93.jpg
[2.541s] -- Symlinking: /home/jay/capstonerobot_ws/install/turtlebot3_gazebo/share/turtlebot3_gazebo//models/library_table/materials/textures/94.jpg
[2.547s] -- Symlinking: /home/jay/capstonerobot_ws/install/turtlebot3_gazebo/share/turtlebot3_gazebo//models/library_table/materials/textures/95.jpg
[2.555s] -- Symlinking: /home/jay/capstonerobot_ws/install/turtlebot3_gazebo/share/turtlebot3_gazebo//models/library_table/materials/textures/96.jpg
[2.561s] -- Symlinking: /home/jay/capstonerobot_ws/install/turtlebot3_gazebo/share/turtlebot3_gazebo//models/library_table/materials/textures/97.jpg
[2.568s] -- Symlinking: /home/jay/capstonerobot_ws/install/turtlebot3_gazebo/share/turtlebot3_gazebo//models/library_table/materials/textures/98.jpg
[2.575s] -- Symlinking: /home/jay/capstonerobot_ws/install/turtlebot3_gazebo/share/turtlebot3_gazebo//models/library_table/materials/textures/99.jpg
[2.582s] -- Symlinking: /home/jay/capstonerobot_ws/install/turtlebot3_gazebo/share/turtlebot3_gazebo//models/library_table/meshes/shelf1.dae
[2.589s] -- Symlinking: /home/jay/capstonerobot_ws/install/turtlebot3_gazebo/share/turtlebot3_gazebo//models/library_table/meshes/shelf2.dae
[2.595s] -- Symlinking: /home/jay/capstonerobot_ws/install/turtlebot3_gazebo/share/turtlebot3_gazebo//models/library_table/meshes/shelf3.dae
[2.604s] -- Symlinking: /home/jay/capstonerobot_ws/install/turtlebot3_gazebo/share/turtlebot3_gazebo//models/library_table/model-1_4.sdf
[2.610s] -- Symlinking: /home/jay/capstonerobot_ws/install/turtlebot3_gazebo/share/turtlebot3_gazebo//models/library_table/model.config
[2.615s] -- Symlinking: /home/jay/capstonerobot_ws/install/turtlebot3_gazebo/share/turtlebot3_gazebo//models/library_table/model.sdf
[2.622s] -- Up-to-date symlink: /home/jay/capstonerobot_ws/install/turtlebot3_gazebo/share/turtlebot3_gazebo//models/turtlebot3_autorace/course/materials/scripts/course.material
[2.622s] -- Up-to-date symlink: /home/jay/capstonerobot_ws/install/turtlebot3_gazebo/share/turtlebot3_gazebo//models/turtlebot3_autorace/course/materials/textures/course.png
[2.622s] -- Up-to-date symlink: /home/jay/capstonerobot_ws/install/turtlebot3_gazebo/share/turtlebot3_gazebo//models/turtlebot3_autorace/course/model.config
[2.623s] -- Up-to-date symlink: /home/jay/capstonerobot_ws/install/turtlebot3_gazebo/share/turtlebot3_gazebo//models/turtlebot3_autorace/course/model.sdf
[2.623s] -- Up-to-date symlink: /home/jay/capstonerobot_ws/install/turtlebot3_gazebo/share/turtlebot3_gazebo//models/turtlebot3_autorace/ground/model.config
[2.623s] -- Up-to-date symlink: /home/jay/capstonerobot_ws/install/turtlebot3_gazebo/share/turtlebot3_gazebo//models/turtlebot3_autorace/ground/model.sdf
[2.624s] -- Up-to-date symlink: /home/jay/capstonerobot_ws/install/turtlebot3_gazebo/share/turtlebot3_gazebo//models/turtlebot3_autorace/lights/model.config
[2.624s] -- Up-to-date symlink: /home/jay/capstonerobot_ws/install/turtlebot3_gazebo/share/turtlebot3_gazebo//models/turtlebot3_autorace/lights/model.sdf
[2.624s] -- Up-to-date symlink: /home/jay/capstonerobot_ws/install/turtlebot3_gazebo/share/turtlebot3_gazebo//models/turtlebot3_autorace/model.config
[2.624s] -- Up-to-date symlink: /home/jay/capstonerobot_ws/install/turtlebot3_gazebo/share/turtlebot3_gazebo//models/turtlebot3_autorace/traffic_bar_down/materials/scripts/traffic_bar.material
[2.624s] -- Up-to-date symlink: /home/jay/capstonerobot_ws/install/turtlebot3_gazebo/share/turtlebot3_gazebo//models/turtlebot3_autorace/traffic_bar_down/materials/textures/traffic_bar.png
[2.624s] -- Up-to-date symlink: /home/jay/capstonerobot_ws/install/turtlebot3_gazebo/share/turtlebot3_gazebo//models/turtlebot3_autorace/traffic_bar_down/model.config
[2.624s] -- Up-to-date symlink: /home/jay/capstonerobot_ws/install/turtlebot3_gazebo/share/turtlebot3_gazebo//models/turtlebot3_autorace/traffic_bar_down/model.sdf
[2.625s] -- Up-to-date symlink: /home/jay/capstonerobot_ws/install/turtlebot3_gazebo/share/turtlebot3_gazebo//models/turtlebot3_autorace/traffic_bar_up/materials/scripts/traffic_bar.material
[2.625s] -- Up-to-date symlink: /home/jay/capstonerobot_ws/install/turtlebot3_gazebo/share/turtlebot3_gazebo//models/turtlebot3_autorace/traffic_bar_up/materials/textures/traffic_bar.png
[2.625s] -- Up-to-date symlink: /home/jay/capstonerobot_ws/install/turtlebot3_gazebo/share/turtlebot3_gazebo//models/turtlebot3_autorace/traffic_bar_up/model.config
[2.625s] -- Up-to-date symlink: /home/jay/capstonerobot_ws/install/turtlebot3_gazebo/share/turtlebot3_gazebo//models/turtlebot3_autorace/traffic_bar_up/model.sdf
[2.625s] -- Up-to-date symlink: /home/jay/capstonerobot_ws/install/turtlebot3_gazebo/share/turtlebot3_gazebo//models/turtlebot3_autorace/traffic_light_green/model.config
[2.625s] -- Up-to-date symlink: /home/jay/capstonerobot_ws/install/turtlebot3_gazebo/share/turtlebot3_gazebo//models/turtlebot3_autorace/traffic_light_green/model.sdf
[2.625s] -- Up-to-date symlink: /home/jay/capstonerobot_ws/install/turtlebot3_gazebo/share/turtlebot3_gazebo//models/turtlebot3_autorace/traffic_light_red/model.config
[2.626s] -- Up-to-date symlink: /home/jay/capstonerobot_ws/install/turtlebot3_gazebo/share/turtlebot3_gazebo//models/turtlebot3_autorace/traffic_light_red/model.sdf
[2.626s] -- Up-to-date symlink: /home/jay/capstonerobot_ws/install/turtlebot3_gazebo/share/turtlebot3_gazebo//models/turtlebot3_autorace/traffic_light_yellow/model.config
[2.626s] -- Up-to-date symlink: /home/jay/capstonerobot_ws/install/turtlebot3_gazebo/share/turtlebot3_gazebo//models/turtlebot3_autorace/traffic_light_yellow/model.sdf
[2.626s] -- Up-to-date symlink: /home/jay/capstonerobot_ws/install/turtlebot3_gazebo/share/turtlebot3_gazebo//models/turtlebot3_autorace/traffic_parking/materials/scripts/traffic_parking.material
[2.626s] -- Up-to-date symlink: /home/jay/capstonerobot_ws/install/turtlebot3_gazebo/share/turtlebot3_gazebo//models/turtlebot3_autorace/traffic_parking/materials/textures/traffic_parking.png
[2.626s] -- Up-to-date symlink: /home/jay/capstonerobot_ws/install/turtlebot3_gazebo/share/turtlebot3_gazebo//models/turtlebot3_autorace/traffic_parking/model.config
[2.627s] -- Up-to-date symlink: /home/jay/capstonerobot_ws/install/turtlebot3_gazebo/share/turtlebot3_gazebo//models/turtlebot3_autorace/traffic_parking/model.sdf
[2.627s] -- Up-to-date symlink: /home/jay/capstonerobot_ws/install/turtlebot3_gazebo/share/turtlebot3_gazebo//models/turtlebot3_autorace/traffic_stop/materials/scripts/traffic_stop.material
[2.627s] -- Up-to-date symlink: /home/jay/capstonerobot_ws/install/turtlebot3_gazebo/share/turtlebot3_gazebo//models/turtlebot3_autorace/traffic_stop/materials/textures/traffic_stop.png
[2.627s] -- Up-to-date symlink: /home/jay/capstonerobot_ws/install/turtlebot3_gazebo/share/turtlebot3_gazebo//models/turtlebot3_autorace/traffic_stop/model.config
[2.627s] -- Up-to-date symlink: /home/jay/capstonerobot_ws/install/turtlebot3_gazebo/share/turtlebot3_gazebo//models/turtlebot3_autorace/traffic_stop/model.sdf
[2.627s] -- Up-to-date symlink: /home/jay/capstonerobot_ws/install/turtlebot3_gazebo/share/turtlebot3_gazebo//models/turtlebot3_autorace/traffic_tunnel/materials/scripts/tunnel.material
[2.627s] -- Up-to-date symlink: /home/jay/capstonerobot_ws/install/turtlebot3_gazebo/share/turtlebot3_gazebo//models/turtlebot3_autorace/traffic_tunnel/materials/textures/tunnel.png
[2.627s] -- Up-to-date symlink: /home/jay/capstonerobot_ws/install/turtlebot3_gazebo/share/turtlebot3_gazebo//models/turtlebot3_autorace/traffic_tunnel/model.config
[2.628s] -- Up-to-date symlink: /home/jay/capstonerobot_ws/install/turtlebot3_gazebo/share/turtlebot3_gazebo//models/turtlebot3_autorace/traffic_tunnel/model.sdf
[2.628s] -- Up-to-date symlink: /home/jay/capstonerobot_ws/install/turtlebot3_gazebo/share/turtlebot3_gazebo//models/turtlebot3_autorace/tunnel_obstacles/model.config
[2.628s] -- Up-to-date symlink: /home/jay/capstonerobot_ws/install/turtlebot3_gazebo/share/turtlebot3_gazebo//models/turtlebot3_autorace/tunnel_obstacles/model.sdf
[2.628s] -- Up-to-date symlink: /home/jay/capstonerobot_ws/install/turtlebot3_gazebo/share/turtlebot3_gazebo//models/turtlebot3_autorace/tunnel_wall/model.config
[2.628s] -- Up-to-date symlink: /home/jay/capstonerobot_ws/install/turtlebot3_gazebo/share/turtlebot3_gazebo//models/turtlebot3_autorace/tunnel_wall/model.sdf
[2.628s] -- Up-to-date symlink: /home/jay/capstonerobot_ws/install/turtlebot3_gazebo/share/turtlebot3_gazebo//models/turtlebot3_burger/meshes/burger_base.dae
[2.629s] -- Up-to-date symlink: /home/jay/capstonerobot_ws/install/turtlebot3_gazebo/share/turtlebot3_gazebo//models/turtlebot3_burger/meshes/lds.dae
[2.629s] -- Up-to-date symlink: /home/jay/capstonerobot_ws/install/turtlebot3_gazebo/share/turtlebot3_gazebo//models/turtlebot3_burger/meshes/tire.dae
[2.629s] -- Up-to-date symlink: /home/jay/capstonerobot_ws/install/turtlebot3_gazebo/share/turtlebot3_gazebo//models/turtlebot3_burger/model-1_4.sdf
[2.629s] -- Up-to-date symlink: /home/jay/capstonerobot_ws/install/turtlebot3_gazebo/share/turtlebot3_gazebo//models/turtlebot3_burger/model.config
[2.629s] -- Up-to-date symlink: /home/jay/capstonerobot_ws/install/turtlebot3_gazebo/share/turtlebot3_gazebo//models/turtlebot3_burger/model.sdf
[2.629s] -- Symlinking: /home/jay/capstonerobot_ws/install/turtlebot3_gazebo/share/turtlebot3_gazebo//models/turtlebot3_burger_orig/meshes/burger_base.dae
[2.637s] -- Symlinking: /home/jay/capstonerobot_ws/install/turtlebot3_gazebo/share/turtlebot3_gazebo//models/turtlebot3_burger_orig/meshes/lds.dae
[2.643s] -- Symlinking: /home/jay/capstonerobot_ws/install/turtlebot3_gazebo/share/turtlebot3_gazebo//models/turtlebot3_burger_orig/meshes/tire.dae
[2.648s] -- Symlinking: /home/jay/capstonerobot_ws/install/turtlebot3_gazebo/share/turtlebot3_gazebo//models/turtlebot3_burger_orig/model-1_4.sdf
[2.654s] -- Symlinking: /home/jay/capstonerobot_ws/install/turtlebot3_gazebo/share/turtlebot3_gazebo//models/turtlebot3_burger_orig/model.config
[2.660s] -- Symlinking: /home/jay/capstonerobot_ws/install/turtlebot3_gazebo/share/turtlebot3_gazebo//models/turtlebot3_burger_orig/model.sdf
[2.666s] -- Up-to-date symlink: /home/jay/capstonerobot_ws/install/turtlebot3_gazebo/share/turtlebot3_gazebo//models/turtlebot3_dqn_world/goal_box/model.config
[2.666s] -- Up-to-date symlink: /home/jay/capstonerobot_ws/install/turtlebot3_gazebo/share/turtlebot3_gazebo//models/turtlebot3_dqn_world/goal_box/model.sdf
[2.666s] -- Up-to-date symlink: /home/jay/capstonerobot_ws/install/turtlebot3_gazebo/share/turtlebot3_gazebo//models/turtlebot3_dqn_world/inner_walls/model.config
[2.666s] -- Up-to-date symlink: /home/jay/capstonerobot_ws/install/turtlebot3_gazebo/share/turtlebot3_gazebo//models/turtlebot3_dqn_world/inner_walls/model.sdf
[2.666s] -- Up-to-date symlink: /home/jay/capstonerobot_ws/install/turtlebot3_gazebo/share/turtlebot3_gazebo//models/turtlebot3_dqn_world/model.config
[2.667s] -- Up-to-date symlink: /home/jay/capstonerobot_ws/install/turtlebot3_gazebo/share/turtlebot3_gazebo//models/turtlebot3_dqn_world/model.sdf
[2.667s] -- Up-to-date symlink: /home/jay/capstonerobot_ws/install/turtlebot3_gazebo/share/turtlebot3_gazebo//models/turtlebot3_dqn_world/obstacle1/model.config
[2.667s] -- Up-to-date symlink: /home/jay/capstonerobot_ws/install/turtlebot3_gazebo/share/turtlebot3_gazebo//models/turtlebot3_dqn_world/obstacle1/model.sdf
[2.667s] -- Up-to-date symlink: /home/jay/capstonerobot_ws/install/turtlebot3_gazebo/share/turtlebot3_gazebo//models/turtlebot3_dqn_world/obstacle2/model.config
[2.668s] -- Up-to-date symlink: /home/jay/capstonerobot_ws/install/turtlebot3_gazebo/share/turtlebot3_gazebo//models/turtlebot3_dqn_world/obstacle2/model.sdf
[2.668s] -- Up-to-date symlink: /home/jay/capstonerobot_ws/install/turtlebot3_gazebo/share/turtlebot3_gazebo//models/turtlebot3_dqn_world/obstacle_plugin/CMakeLists.txt
[2.668s] -- Up-to-date symlink: /home/jay/capstonerobot_ws/install/turtlebot3_gazebo/share/turtlebot3_gazebo//models/turtlebot3_dqn_world/obstacle_plugin/obstacle1.cc
[2.668s] -- Up-to-date symlink: /home/jay/capstonerobot_ws/install/turtlebot3_gazebo/share/turtlebot3_gazebo//models/turtlebot3_dqn_world/obstacle_plugin/obstacle2.cc
[2.668s] -- Up-to-date symlink: /home/jay/capstonerobot_ws/install/turtlebot3_gazebo/share/turtlebot3_gazebo//models/turtlebot3_dqn_world/obstacle_plugin/obstacles.cc
[2.668s] -- Up-to-date symlink: /home/jay/capstonerobot_ws/install/turtlebot3_gazebo/share/turtlebot3_gazebo//models/turtlebot3_dqn_world/obstacles/model.config
[2.668s] -- Up-to-date symlink: /home/jay/capstonerobot_ws/install/turtlebot3_gazebo/share/turtlebot3_gazebo//models/turtlebot3_dqn_world/obstacles/model.sdf
[2.669s] -- Up-to-date symlink: /home/jay/capstonerobot_ws/install/turtlebot3_gazebo/share/turtlebot3_gazebo//models/turtlebot3_house/model.config
[2.669s] -- Up-to-date symlink: /home/jay/capstonerobot_ws/install/turtlebot3_gazebo/share/turtlebot3_gazebo//models/turtlebot3_house/model.sdf
[2.669s] -- Up-to-date symlink: /home/jay/capstonerobot_ws/install/turtlebot3_gazebo/share/turtlebot3_gazebo//models/turtlebot3_waffle/meshes/lds.dae
[2.669s] -- Up-to-date symlink: /home/jay/capstonerobot_ws/install/turtlebot3_gazebo/share/turtlebot3_gazebo//models/turtlebot3_waffle/meshes/r200.dae
[2.669s] -- Up-to-date symlink: /home/jay/capstonerobot_ws/install/turtlebot3_gazebo/share/turtlebot3_gazebo//models/turtlebot3_waffle/meshes/tire.dae
[2.669s] -- Up-to-date symlink: /home/jay/capstonerobot_ws/install/turtlebot3_gazebo/share/turtlebot3_gazebo//models/turtlebot3_waffle/meshes/waffle_base.dae
[2.670s] -- Up-to-date symlink: /home/jay/capstonerobot_ws/install/turtlebot3_gazebo/share/turtlebot3_gazebo//models/turtlebot3_waffle/model-1_4.sdf
[2.670s] -- Up-to-date symlink: /home/jay/capstonerobot_ws/install/turtlebot3_gazebo/share/turtlebot3_gazebo//models/turtlebot3_waffle/model.config
[2.670s] -- Up-to-date symlink: /home/jay/capstonerobot_ws/install/turtlebot3_gazebo/share/turtlebot3_gazebo//models/turtlebot3_waffle/model.sdf
[2.670s] -- Up-to-date symlink: /home/jay/capstonerobot_ws/install/turtlebot3_gazebo/share/turtlebot3_gazebo//models/turtlebot3_waffle_pi/meshes/lds.dae
[2.670s] -- Up-to-date symlink: /home/jay/capstonerobot_ws/install/turtlebot3_gazebo/share/turtlebot3_gazebo//models/turtlebot3_waffle_pi/meshes/tire.dae
[2.670s] -- Up-to-date symlink: /home/jay/capstonerobot_ws/install/turtlebot3_gazebo/share/turtlebot3_gazebo//models/turtlebot3_waffle_pi/meshes/waffle_pi_base.dae
[2.670s] -- Up-to-date symlink: /home/jay/capstonerobot_ws/install/turtlebot3_gazebo/share/turtlebot3_gazebo//models/turtlebot3_waffle_pi/model-1_4_.sdf
[2.670s] -- Up-to-date symlink: /home/jay/capstonerobot_ws/install/turtlebot3_gazebo/share/turtlebot3_gazebo//models/turtlebot3_waffle_pi/model.config
[2.670s] -- Up-to-date symlink: /home/jay/capstonerobot_ws/install/turtlebot3_gazebo/share/turtlebot3_gazebo//models/turtlebot3_waffle_pi/model.sdf
[2.671s] -- Up-to-date symlink: /home/jay/capstonerobot_ws/install/turtlebot3_gazebo/share/turtlebot3_gazebo//models/turtlebot3_world/meshes/hexagon.dae
[2.671s] -- Up-to-date symlink: /home/jay/capstonerobot_ws/install/turtlebot3_gazebo/share/turtlebot3_gazebo//models/turtlebot3_world/meshes/wall.dae
[2.671s] -- Up-to-date symlink: /home/jay/capstonerobot_ws/install/turtlebot3_gazebo/share/turtlebot3_gazebo//models/turtlebot3_world/model-1_4.sdf
[2.671s] -- Up-to-date symlink: /home/jay/capstonerobot_ws/install/turtlebot3_gazebo/share/turtlebot3_gazebo//models/turtlebot3_world/model.config
[2.671s] -- Up-to-date symlink: /home/jay/capstonerobot_ws/install/turtlebot3_gazebo/share/turtlebot3_gazebo//models/turtlebot3_world/model.sdf
[2.671s] -- Up-to-date symlink: /home/jay/capstonerobot_ws/install/turtlebot3_gazebo/share/turtlebot3_gazebo//rviz/tb3_gazebo.rviz
[2.672s] -- Up-to-date symlink: /home/jay/capstonerobot_ws/install/turtlebot3_gazebo/share/turtlebot3_gazebo//worlds/empty_worlds/burger.model
[2.672s] -- Up-to-date symlink: /home/jay/capstonerobot_ws/install/turtlebot3_gazebo/share/turtlebot3_gazebo//worlds/empty_worlds/waffle.model
[2.672s] -- Up-to-date symlink: /home/jay/capstonerobot_ws/install/turtlebot3_gazebo/share/turtlebot3_gazebo//worlds/empty_worlds/waffle_pi.model
[2.673s] -- Symlinking: /home/jay/capstonerobot_ws/install/turtlebot3_gazebo/share/turtlebot3_gazebo//worlds/library_table/burger.model
[2.678s] -- Symlinking: /home/jay/capstonerobot_ws/install/turtlebot3_gazebo/share/turtlebot3_gazebo//worlds/library_table/turtlebot3_custom.urdf
[2.684s] -- Symlinking: /home/jay/capstonerobot_ws/install/turtlebot3_gazebo/share/turtlebot3_gazebo//worlds/library_table/waffle.model
[2.690s] -- Symlinking: /home/jay/capstonerobot_ws/install/turtlebot3_gazebo/share/turtlebot3_gazebo//worlds/library_table/waffle_pi.model
[2.695s] -- Up-to-date symlink: /home/jay/capstonerobot_ws/install/turtlebot3_gazebo/share/turtlebot3_gazebo//worlds/turtlebot3_autoraces/burger.model
[2.696s] -- Up-to-date symlink: /home/jay/capstonerobot_ws/install/turtlebot3_gazebo/share/turtlebot3_gazebo//worlds/turtlebot3_autoraces/waffle.model
[2.696s] -- Up-to-date symlink: /home/jay/capstonerobot_ws/install/turtlebot3_gazebo/share/turtlebot3_gazebo//worlds/turtlebot3_autoraces/waffle_pi.model
[2.696s] -- Up-to-date symlink: /home/jay/capstonerobot_ws/install/turtlebot3_gazebo/share/turtlebot3_gazebo//worlds/turtlebot3_dqn_stage1/burger.model
[2.696s] -- Up-to-date symlink: /home/jay/capstonerobot_ws/install/turtlebot3_gazebo/share/turtlebot3_gazebo//worlds/turtlebot3_dqn_stage1/waffle.model
[2.696s] -- Up-to-date symlink: /home/jay/capstonerobot_ws/install/turtlebot3_gazebo/share/turtlebot3_gazebo//worlds/turtlebot3_dqn_stage1/waffle_pi.model
[2.696s] -- Up-to-date symlink: /home/jay/capstonerobot_ws/install/turtlebot3_gazebo/share/turtlebot3_gazebo//worlds/turtlebot3_dqn_stage2/burger.model
[2.696s] -- Up-to-date symlink: /home/jay/capstonerobot_ws/install/turtlebot3_gazebo/share/turtlebot3_gazebo//worlds/turtlebot3_dqn_stage2/waffle.model
[2.696s] -- Up-to-date symlink: /home/jay/capstonerobot_ws/install/turtlebot3_gazebo/share/turtlebot3_gazebo//worlds/turtlebot3_dqn_stage2/waffle_pi.model
[2.696s] -- Up-to-date symlink: /home/jay/capstonerobot_ws/install/turtlebot3_gazebo/share/turtlebot3_gazebo//worlds/turtlebot3_dqn_stage3/burger.model
[2.697s] -- Up-to-date symlink: /home/jay/capstonerobot_ws/install/turtlebot3_gazebo/share/turtlebot3_gazebo//worlds/turtlebot3_dqn_stage3/waffle.model
[2.697s] -- Up-to-date symlink: /home/jay/capstonerobot_ws/install/turtlebot3_gazebo/share/turtlebot3_gazebo//worlds/turtlebot3_dqn_stage3/waffle_pi.model
[2.698s] -- Up-to-date symlink: /home/jay/capstonerobot_ws/install/turtlebot3_gazebo/share/turtlebot3_gazebo//worlds/turtlebot3_dqn_stage4/burger.model
[2.698s] -- Up-to-date symlink: /home/jay/capstonerobot_ws/install/turtlebot3_gazebo/share/turtlebot3_gazebo//worlds/turtlebot3_dqn_stage4/waffle.model
[2.698s] -- Up-to-date symlink: /home/jay/capstonerobot_ws/install/turtlebot3_gazebo/share/turtlebot3_gazebo//worlds/turtlebot3_dqn_stage4/waffle_pi.model
[2.698s] -- Up-to-date symlink: /home/jay/capstonerobot_ws/install/turtlebot3_gazebo/share/turtlebot3_gazebo//worlds/turtlebot3_houses/burger.model
[2.698s] -- Up-to-date symlink: /home/jay/capstonerobot_ws/install/turtlebot3_gazebo/share/turtlebot3_gazebo//worlds/turtlebot3_houses/waffle.model
[2.698s] -- Up-to-date symlink: /home/jay/capstonerobot_ws/install/turtlebot3_gazebo/share/turtlebot3_gazebo//worlds/turtlebot3_houses/waffle_pi.model
[2.698s] -- Up-to-date symlink: /home/jay/capstonerobot_ws/install/turtlebot3_gazebo/share/turtlebot3_gazebo//worlds/turtlebot3_worlds/burger.model
[2.698s] -- Up-to-date symlink: /home/jay/capstonerobot_ws/install/turtlebot3_gazebo/share/turtlebot3_gazebo//worlds/turtlebot3_worlds/waffle.model
[2.698s] -- Up-to-date symlink: /home/jay/capstonerobot_ws/install/turtlebot3_gazebo/share/turtlebot3_gazebo//worlds/turtlebot3_worlds/waffle_pi.model
[2.699s] -- Up-to-date symlink: /home/jay/capstonerobot_ws/install/turtlebot3_gazebo/include//turtlebot3_gazebo/turtlebot3_drive.hpp
[2.699s] -- Up-to-date symlink: /home/jay/capstonerobot_ws/install/turtlebot3_gazebo/share/ament_index/resource_index/package_run_dependencies/turtlebot3_gazebo
[2.699s] -- Up-to-date symlink: /home/jay/capstonerobot_ws/install/turtlebot3_gazebo/share/ament_index/resource_index/parent_prefix_path/turtlebot3_gazebo
[2.700s] -- Up-to-date symlink: /home/jay/capstonerobot_ws/install/turtlebot3_gazebo/share/turtlebot3_gazebo/environment/ament_prefix_path.sh
[2.700s] -- Up-to-date symlink: /home/jay/capstonerobot_ws/install/turtlebot3_gazebo/share/turtlebot3_gazebo/environment/ament_prefix_path.dsv
[2.700s] -- Up-to-date symlink: /home/jay/capstonerobot_ws/install/turtlebot3_gazebo/share/turtlebot3_gazebo/environment/path.sh
[2.701s] -- Up-to-date symlink: /home/jay/capstonerobot_ws/install/turtlebot3_gazebo/share/turtlebot3_gazebo/environment/path.dsv
[2.701s] -- Up-to-date symlink: /home/jay/capstonerobot_ws/install/turtlebot3_gazebo/share/turtlebot3_gazebo/local_setup.bash
[2.701s] -- Up-to-date symlink: /home/jay/capstonerobot_ws/install/turtlebot3_gazebo/share/turtlebot3_gazebo/local_setup.sh
[2.701s] -- Up-to-date symlink: /home/jay/capstonerobot_ws/install/turtlebot3_gazebo/share/turtlebot3_gazebo/local_setup.zsh
[2.701s] -- Up-to-date symlink: /home/jay/capstonerobot_ws/install/turtlebot3_gazebo/share/turtlebot3_gazebo/local_setup.dsv
[2.702s] -- Symlinking: /home/jay/capstonerobot_ws/install/turtlebot3_gazebo/share/turtlebot3_gazebo/package.dsv
[2.708s] -- Up-to-date symlink: /home/jay/capstonerobot_ws/install/turtlebot3_gazebo/share/ament_index/resource_index/packages/turtlebot3_gazebo
[2.708s] -- Up-to-date symlink: /home/jay/capstonerobot_ws/install/turtlebot3_gazebo/share/turtlebot3_gazebo/cmake/ament_cmake_export_include_directories-extras.cmake
[2.708s] -- Up-to-date symlink: /home/jay/capstonerobot_ws/install/turtlebot3_gazebo/share/turtlebot3_gazebo/cmake/ament_cmake_export_dependencies-extras.cmake
[2.708s] -- Up-to-date symlink: /home/jay/capstonerobot_ws/install/turtlebot3_gazebo/share/turtlebot3_gazebo/cmake/turtlebot3_gazeboConfig.cmake
[2.708s] -- Up-to-date symlink: /home/jay/capstonerobot_ws/install/turtlebot3_gazebo/share/turtlebot3_gazebo/cmake/turtlebot3_gazeboConfig-version.cmake
[2.708s] -- Up-to-date symlink: /home/jay/capstonerobot_ws/install/turtlebot3_gazebo/share/turtlebot3_gazebo/package.xml
[2.712s] Invoked command in '/home/jay/capstonerobot_ws/build/turtlebot3_gazebo' returned '0': CMAKE_PREFIX_PATH=${CMAKE_PREFIX_PATH}:/home/jay/colcon_ws/install/turtlebot3_fake_node:/opt/ros/foxy /usr/bin/cmake --install /home/jay/capstonerobot_ws/build/turtlebot3_gazebo
