[0.170s] Invoking command in '/home/jay/capstonerobot_ws/build/turtlebot3_cartographer': CMAKE_PREFIX_PATH=${CMAKE_PREFIX_PATH}:/home/jay/capstonerobot_ws/install/turtlebot3_teleop:/home/jay/capstonerobot_ws/install/turtlebot3_example:/opt/ros/foxy /usr/bin/cmake --build /home/jay/capstonerobot_ws/build/turtlebot3_cartographer -- -j4 -l4
[0.301s] Invoked command in '/home/jay/capstonerobot_ws/build/turtlebot3_cartographer' returned '0': CMAKE_PREFIX_PATH=${CMAKE_PREFIX_PATH}:/home/jay/capstonerobot_ws/install/turtlebot3_teleop:/home/jay/capstonerobot_ws/install/turtlebot3_example:/opt/ros/foxy /usr/bin/cmake --build /home/jay/capstonerobot_ws/build/turtlebot3_cartographer -- -j4 -l4
[0.527s] Invoking command in '/home/jay/capstonerobot_ws/build/turtlebot3_cartographer': CMAKE_PREFIX_PATH=${CMAKE_PREFIX_PATH}:/home/jay/capstonerobot_ws/install/turtlebot3_teleop:/home/jay/capstonerobot_ws/install/turtlebot3_example:/opt/ros/foxy /usr/bin/cmake --install /home/jay/capstonerobot_ws/build/turtlebot3_cartographer
[0.593s] -- Install configuration: ""
[0.595s] -- Execute custom install script
[0.599s] -- Up-to-date symlink: /home/jay/capstonerobot_ws/install/turtlebot3_cartographer/share/turtlebot3_cartographer/config/turtlebot3_lds_2d.lua
[0.618s] -- Up-to-date symlink: /home/jay/capstonerobot_ws/install/turtlebot3_cartographer/share/turtlebot3_cartographer/launch/cartographer.launch.py
[0.622s] -- Up-to-date symlink: /home/jay/capstonerobot_ws/install/turtlebot3_cartographer/share/turtlebot3_cartographer/launch/occupancy_grid.launch.py
[0.624s] -- Up-to-date symlink: /home/jay/capstonerobot_ws/install/turtlebot3_cartographer/share/turtlebot3_cartographer/rviz/tb3_cartographer.rviz
[0.624s] -- Up-to-date symlink: /home/jay/capstonerobot_ws/install/turtlebot3_cartographer/share/ament_index/resource_index/package_run_dependencies/turtlebot3_cartographer
[0.627s] -- Up-to-date symlink: /home/jay/capstonerobot_ws/install/turtlebot3_cartographer/share/ament_index/resource_index/parent_prefix_path/turtlebot3_cartographer
[0.628s] -- Up-to-date symlink: /home/jay/capstonerobot_ws/install/turtlebot3_cartographer/share/turtlebot3_cartographer/environment/ament_prefix_path.sh
[0.630s] -- Up-to-date symlink: /home/jay/capstonerobot_ws/install/turtlebot3_cartographer/share/turtlebot3_cartographer/environment/ament_prefix_path.dsv
[0.631s] -- Up-to-date symlink: /home/jay/capstonerobot_ws/install/turtlebot3_cartographer/share/turtlebot3_cartographer/environment/path.sh
[0.632s] -- Up-to-date symlink: /home/jay/capstonerobot_ws/install/turtlebot3_cartographer/share/turtlebot3_cartographer/environment/path.dsv
[0.632s] -- Up-to-date symlink: /home/jay/capstonerobot_ws/install/turtlebot3_cartographer/share/turtlebot3_cartographer/local_setup.bash
[0.634s] -- Up-to-date symlink: /home/jay/capstonerobot_ws/install/turtlebot3_cartographer/share/turtlebot3_cartographer/local_setup.sh
[0.634s] -- Up-to-date symlink: /home/jay/capstonerobot_ws/install/turtlebot3_cartographer/share/turtlebot3_cartographer/local_setup.zsh
[0.635s] -- Up-to-date symlink: /home/jay/capstonerobot_ws/install/turtlebot3_cartographer/share/turtlebot3_cartographer/local_setup.dsv
[0.635s] -- Symlinking: /home/jay/capstonerobot_ws/install/turtlebot3_cartographer/share/turtlebot3_cartographer/package.dsv
[0.707s] -- Up-to-date symlink: /home/jay/capstonerobot_ws/install/turtlebot3_cartographer/share/ament_index/resource_index/packages/turtlebot3_cartographer
[0.708s] -- Up-to-date symlink: /home/jay/capstonerobot_ws/install/turtlebot3_cartographer/share/turtlebot3_cartographer/cmake/turtlebot3_cartographerConfig.cmake
[0.710s] -- Up-to-date symlink: /home/jay/capstonerobot_ws/install/turtlebot3_cartographer/share/turtlebot3_cartographer/cmake/turtlebot3_cartographerConfig-version.cmake
[0.711s] -- Up-to-date symlink: /home/jay/capstonerobot_ws/install/turtlebot3_cartographer/share/turtlebot3_cartographer/package.xml
[0.719s] Invoked command in '/home/jay/capstonerobot_ws/build/turtlebot3_cartographer' returned '0': CMAKE_PREFIX_PATH=${CMAKE_PREFIX_PATH}:/home/jay/capstonerobot_ws/install/turtlebot3_teleop:/home/jay/capstonerobot_ws/install/turtlebot3_example:/opt/ros/foxy /usr/bin/cmake --install /home/jay/capstonerobot_ws/build/turtlebot3_cartographer
