[0.115s] Invoking command in '/home/jay/capstonerobot_ws/build/micro_ros_msgs': CMAKE_PREFIX_PATH=${CMAKE_PREFIX_PATH}:/home/jay/capstonerobot_ws/install/turtlebot3_teleop:/home/jay/capstonerobot_ws/install/turtlebot3_example:/opt/ros/foxy /usr/bin/cmake /home/jay/capstonerobot_ws/src/uros/micro_ros_msgs -DCMAKE_INSTALL_PREFIX=/home/jay/capstonerobot_ws/install/micro_ros_msgs
[0.193s] -- Found ament_cmake: 0.9.12 (/opt/ros/foxy/share/ament_cmake/cmake)
[0.268s] -- Found PythonInterp: /usr/bin/python3 (found suitable version "3.8.10", minimum required is "3") 
[0.268s] -- Using PYTHON_EXECUTABLE: /usr/bin/python3
[0.606s] -- Override CMake install command with custom implementation using symlinks instead of copying resources
[0.612s] -- Found rosidl_default_generators: 1.0.1 (/opt/ros/foxy/share/rosidl_default_generators/cmake)
[0.617s] -- Using all available rosidl_typesupport_c: rosidl_typesupport_microxrcedds_c;rosidl_typesupport_fastrtps_c;rosidl_typesupport_introspection_c
[0.620s] -- Found rosidl_adapter: 1.3.1 (/opt/ros/foxy/share/rosidl_adapter/cmake)
[0.977s] -- Using all available rosidl_typesupport_cpp: rosidl_typesupport_microxrcedds_cpp;rosidl_typesupport_fastrtps_cpp;rosidl_typesupport_introspection_cpp
[1.038s] -- Found ament_lint_auto: 0.9.8 (/opt/ros/foxy/share/ament_lint_auto/cmake)
[1.215s] -- Found PythonInterp: /usr/bin/python3 (found version "3.8.10") 
[1.386s] -- Found ament_cmake_ros: 0.9.2 (/opt/ros/foxy/share/ament_cmake_ros/cmake)
[1.638s] -- Using all available rosidl_typesupport_c: rosidl_typesupport_microxrcedds_c;rosidl_typesupport_fastrtps_c;rosidl_typesupport_introspection_c
[1.694s] -- Using all available rosidl_typesupport_cpp: rosidl_typesupport_microxrcedds_cpp;rosidl_typesupport_fastrtps_cpp;rosidl_typesupport_introspection_cpp
[1.790s] -- Found PythonInterp: /usr/bin/python3 (found suitable version "3.8.10", minimum required is "3.5") 
[1.791s] -- Found python_cmake_module: 0.8.1 (/opt/ros/foxy/share/python_cmake_module/cmake)
[1.831s] -- Using PYTHON_EXECUTABLE: /usr/bin/python3
[1.831s] -- Using PYTHON_INCLUDE_DIRS: /usr/include/python3.8
[1.831s] -- Using PYTHON_LIBRARIES: /usr/lib/aarch64-linux-gnu/libpython3.8.so
[1.891s] -- Added test 'copyright' to check source files copyright and LICENSE
[1.931s] -- Added test 'lint_cmake' to check CMake code style
[1.962s] -- Added test 'xmllint' to check XML markup files
[1.998s] -- Configuring done
[2.105s] -- Generating done
[2.108s] -- Build files have been written to: /home/jay/capstonerobot_ws/build/micro_ros_msgs
[2.309s] Invoked command in '/home/jay/capstonerobot_ws/build/micro_ros_msgs' returned '0': CMAKE_PREFIX_PATH=${CMAKE_PREFIX_PATH}:/home/jay/capstonerobot_ws/install/turtlebot3_teleop:/home/jay/capstonerobot_ws/install/turtlebot3_example:/opt/ros/foxy /usr/bin/cmake /home/jay/capstonerobot_ws/src/uros/micro_ros_msgs -DCMAKE_INSTALL_PREFIX=/home/jay/capstonerobot_ws/install/micro_ros_msgs
[2.310s] Invoking command in '/home/jay/capstonerobot_ws/build/micro_ros_msgs': CMAKE_PREFIX_PATH=${CMAKE_PREFIX_PATH}:/home/jay/capstonerobot_ws/install/turtlebot3_teleop:/home/jay/capstonerobot_ws/install/turtlebot3_example:/opt/ros/foxy /usr/bin/cmake --build /home/jay/capstonerobot_ws/build/micro_ros_msgs -- -j4 -l4
[2.557s] [  1%] Built target micro_ros_msgs__cpp
[2.681s] [ 10%] Built target micro_ros_msgs__rosidl_generator_c
[2.852s] [ 18%] Built target micro_ros_msgs__rosidl_typesupport_fastrtps_cpp
[2.954s] [ 27%] Built target micro_ros_msgs__rosidl_typesupport_microxrcedds_cpp
[3.030s] [ 35%] Built target micro_ros_msgs__rosidl_typesupport_fastrtps_c
[3.129s] [ 44%] Built target micro_ros_msgs__rosidl_typesupport_c
[3.233s] [ 52%] Built target micro_ros_msgs__rosidl_typesupport_microxrcedds_c
[3.350s] [ 61%] Built target micro_ros_msgs__rosidl_typesupport_introspection_c
[3.447s] [ 69%] Built target micro_ros_msgs__rosidl_typesupport_cpp
[3.577s] [ 77%] Built target micro_ros_msgs__rosidl_typesupport_introspection_cpp
[3.664s] [ 77%] Built target micro_ros_msgs
[3.825s] [ 79%] Built target micro_ros_msgs__py
[3.963s] [ 86%] Built target micro_ros_msgs__python
[4.133s] [ 89%] Built target micro_ros_msgs__rosidl_typesupport_introspection_c__pyext
[4.220s] [ 93%] Built target micro_ros_msgs__rosidl_typesupport_c__pyext
[4.281s] [ 96%] Built target micro_ros_msgs__rosidl_typesupport_microxrcedds_c__pyext
[4.416s] [100%] Built target micro_ros_msgs__rosidl_typesupport_fastrtps_c__pyext
[4.435s] Invoked command in '/home/jay/capstonerobot_ws/build/micro_ros_msgs' returned '0': CMAKE_PREFIX_PATH=${CMAKE_PREFIX_PATH}:/home/jay/capstonerobot_ws/install/turtlebot3_teleop:/home/jay/capstonerobot_ws/install/turtlebot3_example:/opt/ros/foxy /usr/bin/cmake --build /home/jay/capstonerobot_ws/build/micro_ros_msgs -- -j4 -l4
[5.285s] Invoking command in '/home/jay/capstonerobot_ws/build/micro_ros_msgs': CMAKE_PREFIX_PATH=${CMAKE_PREFIX_PATH}:/home/jay/capstonerobot_ws/install/turtlebot3_teleop:/home/jay/capstonerobot_ws/install/turtlebot3_example:/opt/ros/foxy /usr/bin/cmake --install /home/jay/capstonerobot_ws/build/micro_ros_msgs
[5.311s] -- Install configuration: ""
[5.313s] -- Execute custom install script
[5.313s] -- Up-to-date symlink: /home/jay/capstonerobot_ws/install/micro_ros_msgs/share/ament_index/resource_index/rosidl_interfaces/micro_ros_msgs
[5.314s] -- Up-to-date symlink: /home/jay/capstonerobot_ws/install/micro_ros_msgs/include/micro_ros_msgs/msg/detail/entity__functions.h
[5.314s] -- Up-to-date symlink: /home/jay/capstonerobot_ws/install/micro_ros_msgs/include/micro_ros_msgs/msg/detail/entity__struct.h
[5.319s] -- Up-to-date symlink: /home/jay/capstonerobot_ws/install/micro_ros_msgs/include/micro_ros_msgs/msg/detail/entity__type_support.h
[5.319s] -- Up-to-date symlink: /home/jay/capstonerobot_ws/install/micro_ros_msgs/include/micro_ros_msgs/msg/detail/graph__functions.h
[5.319s] -- Up-to-date symlink: /home/jay/capstonerobot_ws/install/micro_ros_msgs/include/micro_ros_msgs/msg/detail/graph__struct.h
[5.319s] -- Up-to-date symlink: /home/jay/capstonerobot_ws/install/micro_ros_msgs/include/micro_ros_msgs/msg/detail/graph__type_support.h
[5.319s] -- Up-to-date symlink: /home/jay/capstonerobot_ws/install/micro_ros_msgs/include/micro_ros_msgs/msg/detail/node__functions.h
[5.319s] -- Up-to-date symlink: /home/jay/capstonerobot_ws/install/micro_ros_msgs/include/micro_ros_msgs/msg/detail/node__struct.h
[5.322s] -- Up-to-date symlink: /home/jay/capstonerobot_ws/install/micro_ros_msgs/include/micro_ros_msgs/msg/detail/node__type_support.h
[5.323s] -- Up-to-date symlink: /home/jay/capstonerobot_ws/install/micro_ros_msgs/include/micro_ros_msgs/msg/entity.h
[5.323s] -- Up-to-date symlink: /home/jay/capstonerobot_ws/install/micro_ros_msgs/include/micro_ros_msgs/msg/graph.h
[5.323s] -- Up-to-date symlink: /home/jay/capstonerobot_ws/install/micro_ros_msgs/include/micro_ros_msgs/msg/node.h
[5.323s] -- Up-to-date symlink: /home/jay/capstonerobot_ws/install/micro_ros_msgs/include/micro_ros_msgs/msg/rosidl_generator_c__visibility_control.h
[5.324s] -- Up-to-date symlink: /home/jay/capstonerobot_ws/install/micro_ros_msgs/share/micro_ros_msgs/environment/library_path.sh
[5.325s] -- Up-to-date symlink: /home/jay/capstonerobot_ws/install/micro_ros_msgs/share/micro_ros_msgs/environment/library_path.dsv
[5.325s] -- Up-to-date symlink: /home/jay/capstonerobot_ws/install/micro_ros_msgs/include/micro_ros_msgs/msg/detail/entity__rosidl_typesupport_microxrcedds_c.h
[5.325s] -- Up-to-date symlink: /home/jay/capstonerobot_ws/install/micro_ros_msgs/include/micro_ros_msgs/msg/detail/graph__rosidl_typesupport_microxrcedds_c.h
[5.326s] -- Up-to-date symlink: /home/jay/capstonerobot_ws/install/micro_ros_msgs/include/micro_ros_msgs/msg/detail/node__rosidl_typesupport_microxrcedds_c.h
[5.326s] -- Up-to-date symlink: /home/jay/capstonerobot_ws/install/micro_ros_msgs/include/micro_ros_msgs/msg/rosidl_typesupport_microxrcedds_c__visibility_control.h
[5.326s] -- Up-to-date symlink: /home/jay/capstonerobot_ws/install/micro_ros_msgs/lib/libmicro_ros_msgs__rosidl_typesupport_microxrcedds_c.a
[5.329s] -- Up-to-date symlink: /home/jay/capstonerobot_ws/install/micro_ros_msgs/include/micro_ros_msgs/msg/detail/entity__rosidl_typesupport_fastrtps_c.h
[5.329s] -- Up-to-date symlink: /home/jay/capstonerobot_ws/install/micro_ros_msgs/include/micro_ros_msgs/msg/detail/graph__rosidl_typesupport_fastrtps_c.h
[5.330s] -- Up-to-date symlink: /home/jay/capstonerobot_ws/install/micro_ros_msgs/include/micro_ros_msgs/msg/detail/node__rosidl_typesupport_fastrtps_c.h
[5.330s] -- Up-to-date symlink: /home/jay/capstonerobot_ws/install/micro_ros_msgs/include/micro_ros_msgs/msg/rosidl_typesupport_fastrtps_c__visibility_control.h
[5.330s] -- Up-to-date symlink: /home/jay/capstonerobot_ws/install/micro_ros_msgs/lib/libmicro_ros_msgs__rosidl_typesupport_fastrtps_c.so
[5.333s] -- Up-to-date symlink: /home/jay/capstonerobot_ws/install/micro_ros_msgs/include/micro_ros_msgs/msg/detail/entity__rosidl_typesupport_fastrtps_cpp.hpp
[5.333s] -- Up-to-date symlink: /home/jay/capstonerobot_ws/install/micro_ros_msgs/include/micro_ros_msgs/msg/detail/graph__rosidl_typesupport_fastrtps_cpp.hpp
[5.333s] -- Up-to-date symlink: /home/jay/capstonerobot_ws/install/micro_ros_msgs/include/micro_ros_msgs/msg/detail/node__rosidl_typesupport_fastrtps_cpp.hpp
[5.333s] -- Up-to-date symlink: /home/jay/capstonerobot_ws/install/micro_ros_msgs/include/micro_ros_msgs/msg/rosidl_typesupport_fastrtps_cpp__visibility_control.h
[5.334s] -- Up-to-date symlink: /home/jay/capstonerobot_ws/install/micro_ros_msgs/lib/libmicro_ros_msgs__rosidl_typesupport_fastrtps_cpp.so
[5.334s] -- Up-to-date symlink: /home/jay/capstonerobot_ws/install/micro_ros_msgs/include/micro_ros_msgs/msg/detail/entity__rosidl_typesupport_introspection_c.h
[5.334s] -- Up-to-date symlink: /home/jay/capstonerobot_ws/install/micro_ros_msgs/include/micro_ros_msgs/msg/detail/graph__rosidl_typesupport_introspection_c.h
[5.334s] -- Up-to-date symlink: /home/jay/capstonerobot_ws/install/micro_ros_msgs/include/micro_ros_msgs/msg/detail/node__rosidl_typesupport_introspection_c.h
[5.335s] -- Up-to-date symlink: /home/jay/capstonerobot_ws/install/micro_ros_msgs/include/micro_ros_msgs/msg/rosidl_typesupport_introspection_c__visibility_control.h
[5.335s] -- Up-to-date symlink: /home/jay/capstonerobot_ws/install/micro_ros_msgs/include/micro_ros_msgs/msg/detail/entity__builder.hpp
[5.336s] -- Up-to-date symlink: /home/jay/capstonerobot_ws/install/micro_ros_msgs/include/micro_ros_msgs/msg/detail/entity__struct.hpp
[5.336s] -- Up-to-date symlink: /home/jay/capstonerobot_ws/install/micro_ros_msgs/include/micro_ros_msgs/msg/detail/entity__traits.hpp
[5.337s] -- Up-to-date symlink: /home/jay/capstonerobot_ws/install/micro_ros_msgs/include/micro_ros_msgs/msg/detail/entity__type_support.hpp
[5.337s] -- Up-to-date symlink: /home/jay/capstonerobot_ws/install/micro_ros_msgs/include/micro_ros_msgs/msg/detail/graph__builder.hpp
[5.337s] -- Up-to-date symlink: /home/jay/capstonerobot_ws/install/micro_ros_msgs/include/micro_ros_msgs/msg/detail/graph__struct.hpp
[5.337s] -- Up-to-date symlink: /home/jay/capstonerobot_ws/install/micro_ros_msgs/include/micro_ros_msgs/msg/detail/graph__traits.hpp
[5.338s] -- Up-to-date symlink: /home/jay/capstonerobot_ws/install/micro_ros_msgs/include/micro_ros_msgs/msg/detail/graph__type_support.hpp
[5.340s] -- Up-to-date symlink: /home/jay/capstonerobot_ws/install/micro_ros_msgs/include/micro_ros_msgs/msg/detail/node__builder.hpp
[5.341s] -- Up-to-date symlink: /home/jay/capstonerobot_ws/install/micro_ros_msgs/include/micro_ros_msgs/msg/detail/node__struct.hpp
[5.341s] -- Up-to-date symlink: /home/jay/capstonerobot_ws/install/micro_ros_msgs/include/micro_ros_msgs/msg/detail/node__traits.hpp
[5.341s] -- Up-to-date symlink: /home/jay/capstonerobot_ws/install/micro_ros_msgs/include/micro_ros_msgs/msg/detail/node__type_support.hpp
[5.341s] -- Up-to-date symlink: /home/jay/capstonerobot_ws/install/micro_ros_msgs/include/micro_ros_msgs/msg/entity.hpp
[5.341s] -- Up-to-date symlink: /home/jay/capstonerobot_ws/install/micro_ros_msgs/include/micro_ros_msgs/msg/graph.hpp
[5.342s] -- Up-to-date symlink: /home/jay/capstonerobot_ws/install/micro_ros_msgs/include/micro_ros_msgs/msg/node.hpp
[5.342s] -- Up-to-date symlink: /home/jay/capstonerobot_ws/install/micro_ros_msgs/include/micro_ros_msgs/msg/rosidl_generator_cpp__visibility_control.hpp
[5.342s] -- Up-to-date symlink: /home/jay/capstonerobot_ws/install/micro_ros_msgs/include/micro_ros_msgs/msg/detail/entity__rosidl_typesupport_microxrcedds_cpp.hpp
[5.342s] -- Up-to-date symlink: /home/jay/capstonerobot_ws/install/micro_ros_msgs/include/micro_ros_msgs/msg/detail/graph__rosidl_typesupport_microxrcedds_cpp.hpp
[5.342s] -- Up-to-date symlink: /home/jay/capstonerobot_ws/install/micro_ros_msgs/include/micro_ros_msgs/msg/detail/microxrcedds/entity__type_support_cpp.cpp
[5.343s] -- Up-to-date symlink: /home/jay/capstonerobot_ws/install/micro_ros_msgs/include/micro_ros_msgs/msg/detail/microxrcedds/graph__type_support_cpp.cpp
[5.343s] -- Up-to-date symlink: /home/jay/capstonerobot_ws/install/micro_ros_msgs/include/micro_ros_msgs/msg/detail/microxrcedds/node__type_support_cpp.cpp
[5.343s] -- Up-to-date symlink: /home/jay/capstonerobot_ws/install/micro_ros_msgs/include/micro_ros_msgs/msg/detail/node__rosidl_typesupport_microxrcedds_cpp.hpp
[5.343s] -- Up-to-date symlink: /home/jay/capstonerobot_ws/install/micro_ros_msgs/include/micro_ros_msgs/msg/rosidl_typesupport_microxrcedds_cpp__visibility_control.h
[5.344s] -- Up-to-date symlink: /home/jay/capstonerobot_ws/install/micro_ros_msgs/lib/libmicro_ros_msgs__rosidl_typesupport_microxrcedds_cpp.a
[5.344s] -- Up-to-date symlink: /home/jay/capstonerobot_ws/install/micro_ros_msgs/include/micro_ros_msgs/msg/detail/entity__rosidl_typesupport_introspection_cpp.hpp
[5.344s] -- Up-to-date symlink: /home/jay/capstonerobot_ws/install/micro_ros_msgs/include/micro_ros_msgs/msg/detail/graph__rosidl_typesupport_introspection_cpp.hpp
[5.344s] -- Up-to-date symlink: /home/jay/capstonerobot_ws/install/micro_ros_msgs/include/micro_ros_msgs/msg/detail/node__rosidl_typesupport_introspection_cpp.hpp
[5.345s] -- Up-to-date symlink: /home/jay/capstonerobot_ws/install/micro_ros_msgs/share/micro_ros_msgs/environment/pythonpath.sh
[5.345s] -- Up-to-date symlink: /home/jay/capstonerobot_ws/install/micro_ros_msgs/share/micro_ros_msgs/environment/pythonpath.dsv
[5.345s] -- Up-to-date symlink: /home/jay/capstonerobot_ws/install/micro_ros_msgs/lib/python3.8/site-packages/micro_ros_msgs/__init__.py
[5.362s] -- Up-to-date symlink: /home/jay/capstonerobot_ws/install/micro_ros_msgs/lib/python3.8/site-packages/micro_ros_msgs/msg/__init__.py
[5.362s] -- Up-to-date symlink: /home/jay/capstonerobot_ws/install/micro_ros_msgs/lib/python3.8/site-packages/micro_ros_msgs/msg/_entity.py
[5.363s] -- Up-to-date symlink: /home/jay/capstonerobot_ws/install/micro_ros_msgs/lib/python3.8/site-packages/micro_ros_msgs/msg/_graph.py
[5.364s] -- Up-to-date symlink: /home/jay/capstonerobot_ws/install/micro_ros_msgs/lib/python3.8/site-packages/micro_ros_msgs/msg/_node.py
[5.365s] -- Up-to-date symlink: /home/jay/capstonerobot_ws/install/micro_ros_msgs/lib/python3.8/site-packages/micro_ros_msgs/micro_ros_msgs_s__rosidl_typesupport_microxrcedds_c.cpython-38-aarch64-linux-gnu.so
[5.369s] -- Up-to-date symlink: /home/jay/capstonerobot_ws/install/micro_ros_msgs/lib/python3.8/site-packages/micro_ros_msgs/micro_ros_msgs_s__rosidl_typesupport_fastrtps_c.cpython-38-aarch64-linux-gnu.so
[5.373s] -- Up-to-date symlink: /home/jay/capstonerobot_ws/install/micro_ros_msgs/lib/python3.8/site-packages/micro_ros_msgs/micro_ros_msgs_s__rosidl_typesupport_introspection_c.cpython-38-aarch64-linux-gnu.so
[5.373s] -- Up-to-date symlink: /home/jay/capstonerobot_ws/install/micro_ros_msgs/lib/python3.8/site-packages/micro_ros_msgs/micro_ros_msgs_s__rosidl_typesupport_c.cpython-38-aarch64-linux-gnu.so
[5.374s] -- Up-to-date symlink: /home/jay/capstonerobot_ws/install/micro_ros_msgs/lib/libmicro_ros_msgs__python.so
[5.375s] -- Up-to-date symlink: /home/jay/capstonerobot_ws/install/micro_ros_msgs/share/micro_ros_msgs/msg/Graph.idl
[5.375s] -- Up-to-date symlink: /home/jay/capstonerobot_ws/install/micro_ros_msgs/share/micro_ros_msgs/msg/Node.idl
[5.376s] -- Up-to-date symlink: /home/jay/capstonerobot_ws/install/micro_ros_msgs/share/micro_ros_msgs/msg/Entity.idl
[5.376s] -- Up-to-date symlink: /home/jay/capstonerobot_ws/install/micro_ros_msgs/share/micro_ros_msgs/msg/Graph.msg
[5.377s] -- Up-to-date symlink: /home/jay/capstonerobot_ws/install/micro_ros_msgs/share/micro_ros_msgs/msg/Node.msg
[5.379s] -- Up-to-date symlink: /home/jay/capstonerobot_ws/install/micro_ros_msgs/share/micro_ros_msgs/msg/Entity.msg
[5.381s] -- Up-to-date symlink: /home/jay/capstonerobot_ws/install/micro_ros_msgs/share/ament_index/resource_index/package_run_dependencies/micro_ros_msgs
[5.381s] -- Up-to-date symlink: /home/jay/capstonerobot_ws/install/micro_ros_msgs/share/ament_index/resource_index/parent_prefix_path/micro_ros_msgs
[5.382s] -- Up-to-date symlink: /home/jay/capstonerobot_ws/install/micro_ros_msgs/share/micro_ros_msgs/environment/ament_prefix_path.sh
[5.383s] -- Up-to-date symlink: /home/jay/capstonerobot_ws/install/micro_ros_msgs/share/micro_ros_msgs/environment/ament_prefix_path.dsv
[5.383s] -- Up-to-date symlink: /home/jay/capstonerobot_ws/install/micro_ros_msgs/share/micro_ros_msgs/environment/path.sh
[5.383s] -- Up-to-date symlink: /home/jay/capstonerobot_ws/install/micro_ros_msgs/share/micro_ros_msgs/environment/path.dsv
[5.385s] -- Up-to-date symlink: /home/jay/capstonerobot_ws/install/micro_ros_msgs/share/micro_ros_msgs/local_setup.bash
[5.386s] -- Up-to-date symlink: /home/jay/capstonerobot_ws/install/micro_ros_msgs/share/micro_ros_msgs/local_setup.sh
[5.386s] -- Up-to-date symlink: /home/jay/capstonerobot_ws/install/micro_ros_msgs/share/micro_ros_msgs/local_setup.zsh
[5.386s] -- Up-to-date symlink: /home/jay/capstonerobot_ws/install/micro_ros_msgs/share/micro_ros_msgs/local_setup.dsv
[5.386s] -- Symlinking: /home/jay/capstonerobot_ws/install/micro_ros_msgs/share/micro_ros_msgs/package.dsv
[5.408s] -- Up-to-date symlink: /home/jay/capstonerobot_ws/install/micro_ros_msgs/share/ament_index/resource_index/packages/micro_ros_msgs
[5.408s] -- Up-to-date symlink: /home/jay/capstonerobot_ws/install/micro_ros_msgs/share/micro_ros_msgs/cmake/rosidl_cmake-extras.cmake
[5.408s] -- Up-to-date symlink: /home/jay/capstonerobot_ws/install/micro_ros_msgs/share/micro_ros_msgs/cmake/ament_cmake_export_dependencies-extras.cmake
[5.408s] -- Up-to-date symlink: /home/jay/capstonerobot_ws/install/micro_ros_msgs/share/micro_ros_msgs/cmake/ament_cmake_export_libraries-extras.cmake
[5.409s] -- Up-to-date symlink: /home/jay/capstonerobot_ws/install/micro_ros_msgs/share/micro_ros_msgs/cmake/ament_cmake_export_targets-extras.cmake
[5.409s] -- Up-to-date symlink: /home/jay/capstonerobot_ws/install/micro_ros_msgs/share/micro_ros_msgs/cmake/ament_cmake_export_include_directories-extras.cmake
[5.409s] -- Up-to-date symlink: /home/jay/capstonerobot_ws/install/micro_ros_msgs/share/micro_ros_msgs/cmake/rosidl_cmake_export_typesupport_libraries-extras.cmake
[5.409s] -- Up-to-date symlink: /home/jay/capstonerobot_ws/install/micro_ros_msgs/share/micro_ros_msgs/cmake/rosidl_cmake_export_typesupport_targets-extras.cmake
[5.410s] -- Up-to-date symlink: /home/jay/capstonerobot_ws/install/micro_ros_msgs/share/micro_ros_msgs/cmake/micro_ros_msgsConfig.cmake
[5.410s] -- Up-to-date symlink: /home/jay/capstonerobot_ws/install/micro_ros_msgs/share/micro_ros_msgs/cmake/micro_ros_msgsConfig-version.cmake
[5.410s] -- Up-to-date symlink: /home/jay/capstonerobot_ws/install/micro_ros_msgs/share/micro_ros_msgs/package.xml
[5.410s] -- Up-to-date: /home/jay/capstonerobot_ws/install/micro_ros_msgs/lib/libmicro_ros_msgs__rosidl_generator_c.so
[5.410s] -- Up-to-date: /home/jay/capstonerobot_ws/install/micro_ros_msgs/lib/libmicro_ros_msgs__rosidl_typesupport_introspection_c.so
[5.411s] -- Up-to-date: /home/jay/capstonerobot_ws/install/micro_ros_msgs/lib/libmicro_ros_msgs__rosidl_typesupport_c.so
[5.411s] -- Up-to-date: /home/jay/capstonerobot_ws/install/micro_ros_msgs/lib/libmicro_ros_msgs__rosidl_typesupport_introspection_cpp.so
[5.412s] -- Up-to-date: /home/jay/capstonerobot_ws/install/micro_ros_msgs/lib/libmicro_ros_msgs__rosidl_typesupport_cpp.so
[5.472s] Compiling '/home/jay/capstonerobot_ws/install/micro_ros_msgs/lib/python3.8/site-packages/micro_ros_msgs/__init__.py'...
[5.494s] -- Up-to-date: /home/jay/capstonerobot_ws/install/micro_ros_msgs/share/micro_ros_msgs/cmake/micro_ros_msgs__rosidl_generator_cExport.cmake
[5.494s] -- Installing: /home/jay/capstonerobot_ws/install/micro_ros_msgs/share/micro_ros_msgs/cmake/micro_ros_msgs__rosidl_generator_cExport-noconfig.cmake
[5.494s] -- Up-to-date: /home/jay/capstonerobot_ws/install/micro_ros_msgs/share/micro_ros_msgs/cmake/micro_ros_msgs__rosidl_typesupport_introspection_cExport.cmake
[5.494s] -- Installing: /home/jay/capstonerobot_ws/install/micro_ros_msgs/share/micro_ros_msgs/cmake/micro_ros_msgs__rosidl_typesupport_introspection_cExport-noconfig.cmake
[5.494s] -- Up-to-date: /home/jay/capstonerobot_ws/install/micro_ros_msgs/share/micro_ros_msgs/cmake/micro_ros_msgs__rosidl_typesupport_cExport.cmake
[5.494s] -- Installing: /home/jay/capstonerobot_ws/install/micro_ros_msgs/share/micro_ros_msgs/cmake/micro_ros_msgs__rosidl_typesupport_cExport-noconfig.cmake
[5.494s] -- Up-to-date: /home/jay/capstonerobot_ws/install/micro_ros_msgs/share/micro_ros_msgs/cmake/micro_ros_msgs__rosidl_generator_cppExport.cmake
[5.495s] -- Up-to-date: /home/jay/capstonerobot_ws/install/micro_ros_msgs/share/micro_ros_msgs/cmake/micro_ros_msgs__rosidl_typesupport_introspection_cppExport.cmake
[5.495s] -- Installing: /home/jay/capstonerobot_ws/install/micro_ros_msgs/share/micro_ros_msgs/cmake/micro_ros_msgs__rosidl_typesupport_introspection_cppExport-noconfig.cmake
[5.495s] -- Up-to-date: /home/jay/capstonerobot_ws/install/micro_ros_msgs/share/micro_ros_msgs/cmake/micro_ros_msgs__rosidl_typesupport_cppExport.cmake
[5.495s] -- Installing: /home/jay/capstonerobot_ws/install/micro_ros_msgs/share/micro_ros_msgs/cmake/micro_ros_msgs__rosidl_typesupport_cppExport-noconfig.cmake
[5.502s] Invoked command in '/home/jay/capstonerobot_ws/build/micro_ros_msgs' returned '0': CMAKE_PREFIX_PATH=${CMAKE_PREFIX_PATH}:/home/jay/capstonerobot_ws/install/turtlebot3_teleop:/home/jay/capstonerobot_ws/install/turtlebot3_example:/opt/ros/foxy /usr/bin/cmake --install /home/jay/capstonerobot_ws/build/micro_ros_msgs
