[0.122s] Invoking command in '/home/jay/capstonerobot_ws/build/turtlebot3_fake_node': CMAKE_PREFIX_PATH=${CMAKE_PREFIX_PATH}:/opt/ros/foxy /usr/bin/cmake /home/jay/capstonerobot_ws/src/turtlebot3_simulations/turtlebot3_fake_node -DAMENT_CMAKE_SYMLINK_INSTALL=1 -DCMAKE_INSTALL_PREFIX=/home/jay/capstonerobot_ws/install/turtlebot3_fake_node
[0.205s] -- Found ament_cmake: 0.9.12 (/opt/ros/foxy/share/ament_cmake/cmake)
[0.264s] -- Using PYTHON_EXECUTABLE: /usr/bin/python3
[0.566s] -- Override CMake install command with custom implementation using symlinks instead of copying resources
[0.576s] -- Found geometry_msgs: 2.0.5 (/opt/ros/foxy/share/geometry_msgs/cmake)
[0.615s] -- Using all available rosidl_typesupport_c: rosidl_typesupport_microxrcedds_c;rosidl_typesupport_fastrtps_c;rosidl_typesupport_introspection_c
[0.617s] -- Found rosidl_adapter: 1.3.1 (/opt/ros/foxy/share/rosidl_adapter/cmake)
[0.892s] -- Using all available rosidl_typesupport_cpp: rosidl_typesupport_microxrcedds_cpp;rosidl_typesupport_fastrtps_cpp;rosidl_typesupport_introspection_cpp
[1.054s] -- Found nav_msgs: 2.0.5 (/opt/ros/foxy/share/nav_msgs/cmake)
[1.194s] -- Found rclcpp: 2.4.3 (/opt/ros/foxy/share/rclcpp/cmake)
[1.250s] -- Found rmw_implementation_cmake: 1.0.4 (/opt/ros/foxy/share/rmw_implementation_cmake/cmake)
[1.259s] -- Using RMW implementation 'rmw_cyclonedds_cpp' as default
[1.470s] -- Found sensor_msgs: 2.0.5 (/opt/ros/foxy/share/sensor_msgs/cmake)
[1.606s] -- Found tf2: 0.13.14 (/opt/ros/foxy/share/tf2/cmake)
[1.628s] -- Found tf2_msgs: 0.13.14 (/opt/ros/foxy/share/tf2_msgs/cmake)
[1.977s] -- Found turtlebot3_msgs: 2.2.1 (/opt/ros/foxy/share/turtlebot3_msgs/cmake)
[2.359s] -- Configuring done
[2.370s] -- Generating done
[2.372s] -- Build files have been written to: /home/jay/capstonerobot_ws/build/turtlebot3_fake_node
[2.385s] Invoked command in '/home/jay/capstonerobot_ws/build/turtlebot3_fake_node' returned '0': CMAKE_PREFIX_PATH=${CMAKE_PREFIX_PATH}:/opt/ros/foxy /usr/bin/cmake /home/jay/capstonerobot_ws/src/turtlebot3_simulations/turtlebot3_fake_node -DAMENT_CMAKE_SYMLINK_INSTALL=1 -DCMAKE_INSTALL_PREFIX=/home/jay/capstonerobot_ws/install/turtlebot3_fake_node
[2.387s] Invoking command in '/home/jay/capstonerobot_ws/build/turtlebot3_fake_node': CMAKE_PREFIX_PATH=${CMAKE_PREFIX_PATH}:/opt/ros/foxy /usr/bin/cmake --build /home/jay/capstonerobot_ws/build/turtlebot3_fake_node -- -j4 -l4
[2.612s] [100%] Built target turtlebot3_fake_node
[2.630s] Invoked command in '/home/jay/capstonerobot_ws/build/turtlebot3_fake_node' returned '0': CMAKE_PREFIX_PATH=${CMAKE_PREFIX_PATH}:/opt/ros/foxy /usr/bin/cmake --build /home/jay/capstonerobot_ws/build/turtlebot3_fake_node -- -j4 -l4
[2.922s] Invoking command in '/home/jay/capstonerobot_ws/build/turtlebot3_fake_node': CMAKE_PREFIX_PATH=${CMAKE_PREFIX_PATH}:/opt/ros/foxy /usr/bin/cmake --install /home/jay/capstonerobot_ws/build/turtlebot3_fake_node
[2.951s] -- Install configuration: ""
[2.951s] -- Execute custom install script
[2.951s] -- Up-to-date symlink: /home/jay/capstonerobot_ws/install/turtlebot3_fake_node/lib/turtlebot3_fake_node/turtlebot3_fake_node
[2.951s] -- Up-to-date symlink: /home/jay/capstonerobot_ws/install/turtlebot3_fake_node/share/turtlebot3_fake_node/launch/rviz2.launch.py
[2.951s] -- Up-to-date symlink: /home/jay/capstonerobot_ws/install/turtlebot3_fake_node/share/turtlebot3_fake_node/launch/turtlebot3_fake_node.launch.py
[2.951s] -- Up-to-date symlink: /home/jay/capstonerobot_ws/install/turtlebot3_fake_node/share/turtlebot3_fake_node/param/burger.yaml
[2.951s] -- Up-to-date symlink: /home/jay/capstonerobot_ws/install/turtlebot3_fake_node/share/turtlebot3_fake_node/param/waffle.yaml
[2.951s] -- Up-to-date symlink: /home/jay/capstonerobot_ws/install/turtlebot3_fake_node/share/turtlebot3_fake_node/param/waffle_pi.yaml
[2.951s] -- Up-to-date symlink: /home/jay/capstonerobot_ws/install/turtlebot3_fake_node/share/turtlebot3_fake_node/rviz/model.rviz
[2.951s] -- Up-to-date symlink: /home/jay/capstonerobot_ws/install/turtlebot3_fake_node/include//turtlebot3_fake_node/turtlebot3_fake_node.hpp
[2.951s] -- Up-to-date symlink: /home/jay/capstonerobot_ws/install/turtlebot3_fake_node/share/ament_index/resource_index/package_run_dependencies/turtlebot3_fake_node
[2.951s] -- Up-to-date symlink: /home/jay/capstonerobot_ws/install/turtlebot3_fake_node/share/ament_index/resource_index/parent_prefix_path/turtlebot3_fake_node
[2.951s] -- Up-to-date symlink: /home/jay/capstonerobot_ws/install/turtlebot3_fake_node/share/turtlebot3_fake_node/environment/ament_prefix_path.sh
[2.952s] -- Up-to-date symlink: /home/jay/capstonerobot_ws/install/turtlebot3_fake_node/share/turtlebot3_fake_node/environment/ament_prefix_path.dsv
[2.952s] -- Up-to-date symlink: /home/jay/capstonerobot_ws/install/turtlebot3_fake_node/share/turtlebot3_fake_node/environment/path.sh
[2.952s] -- Up-to-date symlink: /home/jay/capstonerobot_ws/install/turtlebot3_fake_node/share/turtlebot3_fake_node/environment/path.dsv
[2.952s] -- Up-to-date symlink: /home/jay/capstonerobot_ws/install/turtlebot3_fake_node/share/turtlebot3_fake_node/local_setup.bash
[2.963s] -- Up-to-date symlink: /home/jay/capstonerobot_ws/install/turtlebot3_fake_node/share/turtlebot3_fake_node/local_setup.sh
[2.963s] -- Up-to-date symlink: /home/jay/capstonerobot_ws/install/turtlebot3_fake_node/share/turtlebot3_fake_node/local_setup.zsh
[2.963s] -- Up-to-date symlink: /home/jay/capstonerobot_ws/install/turtlebot3_fake_node/share/turtlebot3_fake_node/local_setup.dsv
[2.963s] -- Symlinking: /home/jay/capstonerobot_ws/install/turtlebot3_fake_node/share/turtlebot3_fake_node/package.dsv
[3.004s] -- Up-to-date symlink: /home/jay/capstonerobot_ws/install/turtlebot3_fake_node/share/ament_index/resource_index/packages/turtlebot3_fake_node
[3.004s] -- Up-to-date symlink: /home/jay/capstonerobot_ws/install/turtlebot3_fake_node/share/turtlebot3_fake_node/cmake/ament_cmake_export_include_directories-extras.cmake
[3.004s] -- Up-to-date symlink: /home/jay/capstonerobot_ws/install/turtlebot3_fake_node/share/turtlebot3_fake_node/cmake/ament_cmake_export_dependencies-extras.cmake
[3.004s] -- Up-to-date symlink: /home/jay/capstonerobot_ws/install/turtlebot3_fake_node/share/turtlebot3_fake_node/cmake/turtlebot3_fake_nodeConfig.cmake
[3.004s] -- Up-to-date symlink: /home/jay/capstonerobot_ws/install/turtlebot3_fake_node/share/turtlebot3_fake_node/cmake/turtlebot3_fake_nodeConfig-version.cmake
[3.005s] -- Up-to-date symlink: /home/jay/capstonerobot_ws/install/turtlebot3_fake_node/share/turtlebot3_fake_node/package.xml
[3.011s] Invoked command in '/home/jay/capstonerobot_ws/build/turtlebot3_fake_node' returned '0': CMAKE_PREFIX_PATH=${CMAKE_PREFIX_PATH}:/opt/ros/foxy /usr/bin/cmake --install /home/jay/capstonerobot_ws/build/turtlebot3_fake_node
