[0.025s] Invoking command in '/home/jay/capstonerobot_ws/build/micro_ros_msgs': CMAKE_PREFIX_PATH=${CMAKE_PREFIX_PATH}:/opt/ros/foxy /usr/bin/cmake /home/jay/capstonerobot_ws/src/uros/micro_ros_msgs -DAMENT_CMAKE_SYMLINK_INSTALL=1 -DCMAKE_INSTALL_PREFIX=/home/jay/capstonerobot_ws/install/micro_ros_msgs
[0.057s] -- Found ament_cmake: 0.9.12 (/opt/ros/foxy/share/ament_cmake/cmake)
[0.092s] -- Found PythonInterp: /usr/bin/python3 (found suitable version "3.8.10", minimum required is "3") 
[0.092s] -- Using PYTHON_EXECUTABLE: /usr/bin/python3
[0.209s] -- Override CMake install command with custom implementation using symlinks instead of copying resources
[0.240s] -- Found rosidl_default_generators: 1.0.1 (/opt/ros/foxy/share/rosidl_default_generators/cmake)
[0.251s] -- Using all available rosidl_typesupport_c: rosidl_typesupport_microxrcedds_c;rosidl_typesupport_fastrtps_c;rosidl_typesupport_introspection_c
[0.258s] -- Found rosidl_adapter: 1.3.1 (/opt/ros/foxy/share/rosidl_adapter/cmake)
[0.446s] -- Using all available rosidl_typesupport_cpp: rosidl_typesupport_microxrcedds_cpp;rosidl_typesupport_fastrtps_cpp;rosidl_typesupport_introspection_cpp
[0.490s] -- Found ament_lint_auto: 0.9.8 (/opt/ros/foxy/share/ament_lint_auto/cmake)
[0.565s] -- Found PythonInterp: /usr/bin/python3 (found version "3.8.10") 
[0.636s] -- Found ament_cmake_ros: 0.9.2 (/opt/ros/foxy/share/ament_cmake_ros/cmake)
[0.749s] -- Using all available rosidl_typesupport_c: rosidl_typesupport_microxrcedds_c;rosidl_typesupport_fastrtps_c;rosidl_typesupport_introspection_c
[0.764s] -- Using all available rosidl_typesupport_cpp: rosidl_typesupport_microxrcedds_cpp;rosidl_typesupport_fastrtps_cpp;rosidl_typesupport_introspection_cpp
[0.787s] -- Found PythonInterp: /usr/bin/python3 (found suitable version "3.8.10", minimum required is "3.5") 
[0.789s] -- Found python_cmake_module: 0.8.1 (/opt/ros/foxy/share/python_cmake_module/cmake)
[0.821s] -- Using PYTHON_EXECUTABLE: /usr/bin/python3
[0.821s] -- Using PYTHON_INCLUDE_DIRS: /usr/include/python3.8
[0.821s] -- Using PYTHON_LIBRARIES: /usr/lib/aarch64-linux-gnu/libpython3.8.so
[0.847s] -- Added test 'copyright' to check source files copyright and LICENSE
[0.874s] -- Added test 'lint_cmake' to check CMake code style
[0.880s] -- Added test 'xmllint' to check XML markup files
[0.889s] -- Configuring done
[0.969s] -- Generating done
[0.975s] -- Build files have been written to: /home/jay/capstonerobot_ws/build/micro_ros_msgs
[0.981s] Invoked command in '/home/jay/capstonerobot_ws/build/micro_ros_msgs' returned '0': CMAKE_PREFIX_PATH=${CMAKE_PREFIX_PATH}:/opt/ros/foxy /usr/bin/cmake /home/jay/capstonerobot_ws/src/uros/micro_ros_msgs -DAMENT_CMAKE_SYMLINK_INSTALL=1 -DCMAKE_INSTALL_PREFIX=/home/jay/capstonerobot_ws/install/micro_ros_msgs
[0.982s] Invoking command in '/home/jay/capstonerobot_ws/build/micro_ros_msgs': CMAKE_PREFIX_PATH=${CMAKE_PREFIX_PATH}:/opt/ros/foxy /usr/bin/cmake --build /home/jay/capstonerobot_ws/build/micro_ros_msgs -- -j4 -l4
[1.029s] [  1%] Built target micro_ros_msgs__cpp
[1.031s] [ 10%] Built target micro_ros_msgs__rosidl_generator_c
[1.051s] [ 18%] Built target micro_ros_msgs__rosidl_typesupport_introspection_cpp
[1.051s] [ 27%] Built target micro_ros_msgs__rosidl_typesupport_microxrcedds_cpp
[1.052s] [ 35%] Built target micro_ros_msgs__rosidl_typesupport_cpp
[1.061s] [ 44%] Built target micro_ros_msgs__rosidl_typesupport_fastrtps_cpp
[1.072s] [ 52%] Built target micro_ros_msgs__rosidl_typesupport_c
[1.076s] [ 61%] Built target micro_ros_msgs__rosidl_typesupport_microxrcedds_c
[1.078s] [ 69%] Built target micro_ros_msgs__rosidl_typesupport_introspection_c
[1.086s] [ 77%] Built target micro_ros_msgs__rosidl_typesupport_fastrtps_c
[1.100s] [ 77%] Built target micro_ros_msgs
[1.117s] [ 79%] Built target micro_ros_msgs__py
[1.140s] [ 86%] Built target micro_ros_msgs__python
[1.173s] [ 89%] Built target micro_ros_msgs__rosidl_typesupport_introspection_c__pyext
[1.175s] [ 93%] Built target micro_ros_msgs__rosidl_typesupport_microxrcedds_c__pyext
[1.178s] [ 96%] Built target micro_ros_msgs__rosidl_typesupport_fastrtps_c__pyext
[1.179s] [100%] Built target micro_ros_msgs__rosidl_typesupport_c__pyext
[1.186s] Invoked command in '/home/jay/capstonerobot_ws/build/micro_ros_msgs' returned '0': CMAKE_PREFIX_PATH=${CMAKE_PREFIX_PATH}:/opt/ros/foxy /usr/bin/cmake --build /home/jay/capstonerobot_ws/build/micro_ros_msgs -- -j4 -l4
[1.259s] Invoking command in '/home/jay/capstonerobot_ws/build/micro_ros_msgs': CMAKE_PREFIX_PATH=${CMAKE_PREFIX_PATH}:/opt/ros/foxy /usr/bin/cmake --install /home/jay/capstonerobot_ws/build/micro_ros_msgs
[1.264s] -- Install configuration: ""
[1.265s] -- Execute custom install script
[1.266s] -- Up-to-date symlink: /home/jay/capstonerobot_ws/install/micro_ros_msgs/share/ament_index/resource_index/rosidl_interfaces/micro_ros_msgs
[1.268s] -- Up-to-date symlink: /home/jay/capstonerobot_ws/install/micro_ros_msgs/include/micro_ros_msgs/msg/detail/entity__functions.h
[1.268s] -- Up-to-date symlink: /home/jay/capstonerobot_ws/install/micro_ros_msgs/include/micro_ros_msgs/msg/detail/entity__struct.h
[1.268s] -- Up-to-date symlink: /home/jay/capstonerobot_ws/install/micro_ros_msgs/include/micro_ros_msgs/msg/detail/entity__type_support.h
[1.268s] -- Up-to-date symlink: /home/jay/capstonerobot_ws/install/micro_ros_msgs/include/micro_ros_msgs/msg/detail/graph__functions.h
[1.269s] -- Up-to-date symlink: /home/jay/capstonerobot_ws/install/micro_ros_msgs/include/micro_ros_msgs/msg/detail/graph__struct.h
[1.269s] -- Up-to-date symlink: /home/jay/capstonerobot_ws/install/micro_ros_msgs/include/micro_ros_msgs/msg/detail/graph__type_support.h
[1.269s] -- Up-to-date symlink: /home/jay/capstonerobot_ws/install/micro_ros_msgs/include/micro_ros_msgs/msg/detail/node__functions.h
[1.269s] -- Up-to-date symlink: /home/jay/capstonerobot_ws/install/micro_ros_msgs/include/micro_ros_msgs/msg/detail/node__struct.h
[1.270s] -- Up-to-date symlink: /home/jay/capstonerobot_ws/install/micro_ros_msgs/include/micro_ros_msgs/msg/detail/node__type_support.h
[1.270s] -- Up-to-date symlink: /home/jay/capstonerobot_ws/install/micro_ros_msgs/include/micro_ros_msgs/msg/entity.h
[1.271s] -- Up-to-date symlink: /home/jay/capstonerobot_ws/install/micro_ros_msgs/include/micro_ros_msgs/msg/graph.h
[1.271s] -- Up-to-date symlink: /home/jay/capstonerobot_ws/install/micro_ros_msgs/include/micro_ros_msgs/msg/node.h
[1.272s] -- Up-to-date symlink: /home/jay/capstonerobot_ws/install/micro_ros_msgs/include/micro_ros_msgs/msg/rosidl_generator_c__visibility_control.h
[1.272s] -- Up-to-date symlink: /home/jay/capstonerobot_ws/install/micro_ros_msgs/share/micro_ros_msgs/environment/library_path.sh
[1.272s] -- Up-to-date symlink: /home/jay/capstonerobot_ws/install/micro_ros_msgs/share/micro_ros_msgs/environment/library_path.dsv
[1.273s] -- Up-to-date symlink: /home/jay/capstonerobot_ws/install/micro_ros_msgs/include/micro_ros_msgs/msg/detail/entity__rosidl_typesupport_microxrcedds_c.h
[1.273s] -- Up-to-date symlink: /home/jay/capstonerobot_ws/install/micro_ros_msgs/include/micro_ros_msgs/msg/detail/graph__rosidl_typesupport_microxrcedds_c.h
[1.273s] -- Up-to-date symlink: /home/jay/capstonerobot_ws/install/micro_ros_msgs/include/micro_ros_msgs/msg/detail/node__rosidl_typesupport_microxrcedds_c.h
[1.273s] -- Up-to-date symlink: /home/jay/capstonerobot_ws/install/micro_ros_msgs/include/micro_ros_msgs/msg/rosidl_typesupport_microxrcedds_c__visibility_control.h
[1.274s] -- Up-to-date symlink: /home/jay/capstonerobot_ws/install/micro_ros_msgs/lib/libmicro_ros_msgs__rosidl_typesupport_microxrcedds_c.a
[1.275s] -- Up-to-date symlink: /home/jay/capstonerobot_ws/install/micro_ros_msgs/include/micro_ros_msgs/msg/detail/entity__rosidl_typesupport_fastrtps_c.h
[1.275s] -- Up-to-date symlink: /home/jay/capstonerobot_ws/install/micro_ros_msgs/include/micro_ros_msgs/msg/detail/graph__rosidl_typesupport_fastrtps_c.h
[1.275s] -- Up-to-date symlink: /home/jay/capstonerobot_ws/install/micro_ros_msgs/include/micro_ros_msgs/msg/detail/node__rosidl_typesupport_fastrtps_c.h
[1.276s] -- Up-to-date symlink: /home/jay/capstonerobot_ws/install/micro_ros_msgs/include/micro_ros_msgs/msg/rosidl_typesupport_fastrtps_c__visibility_control.h
[1.276s] -- Up-to-date symlink: /home/jay/capstonerobot_ws/install/micro_ros_msgs/lib/libmicro_ros_msgs__rosidl_typesupport_fastrtps_c.so
[1.276s] -- Up-to-date symlink: /home/jay/capstonerobot_ws/install/micro_ros_msgs/include/micro_ros_msgs/msg/detail/entity__rosidl_typesupport_fastrtps_cpp.hpp
[1.276s] -- Up-to-date symlink: /home/jay/capstonerobot_ws/install/micro_ros_msgs/include/micro_ros_msgs/msg/detail/graph__rosidl_typesupport_fastrtps_cpp.hpp
[1.277s] -- Up-to-date symlink: /home/jay/capstonerobot_ws/install/micro_ros_msgs/include/micro_ros_msgs/msg/detail/node__rosidl_typesupport_fastrtps_cpp.hpp
[1.277s] -- Up-to-date symlink: /home/jay/capstonerobot_ws/install/micro_ros_msgs/include/micro_ros_msgs/msg/rosidl_typesupport_fastrtps_cpp__visibility_control.h
[1.277s] -- Up-to-date symlink: /home/jay/capstonerobot_ws/install/micro_ros_msgs/lib/libmicro_ros_msgs__rosidl_typesupport_fastrtps_cpp.so
[1.278s] -- Up-to-date symlink: /home/jay/capstonerobot_ws/install/micro_ros_msgs/include/micro_ros_msgs/msg/detail/entity__rosidl_typesupport_introspection_c.h
[1.278s] -- Up-to-date symlink: /home/jay/capstonerobot_ws/install/micro_ros_msgs/include/micro_ros_msgs/msg/detail/graph__rosidl_typesupport_introspection_c.h
[1.278s] -- Up-to-date symlink: /home/jay/capstonerobot_ws/install/micro_ros_msgs/include/micro_ros_msgs/msg/detail/node__rosidl_typesupport_introspection_c.h
[1.279s] -- Up-to-date symlink: /home/jay/capstonerobot_ws/install/micro_ros_msgs/include/micro_ros_msgs/msg/rosidl_typesupport_introspection_c__visibility_control.h
[1.279s] -- Up-to-date symlink: /home/jay/capstonerobot_ws/install/micro_ros_msgs/include/micro_ros_msgs/msg/detail/entity__builder.hpp
[1.279s] -- Up-to-date symlink: /home/jay/capstonerobot_ws/install/micro_ros_msgs/include/micro_ros_msgs/msg/detail/entity__struct.hpp
[1.280s] -- Up-to-date symlink: /home/jay/capstonerobot_ws/install/micro_ros_msgs/include/micro_ros_msgs/msg/detail/entity__traits.hpp
[1.280s] -- Up-to-date symlink: /home/jay/capstonerobot_ws/install/micro_ros_msgs/include/micro_ros_msgs/msg/detail/entity__type_support.hpp
[1.280s] -- Up-to-date symlink: /home/jay/capstonerobot_ws/install/micro_ros_msgs/include/micro_ros_msgs/msg/detail/graph__builder.hpp
[1.280s] -- Up-to-date symlink: /home/jay/capstonerobot_ws/install/micro_ros_msgs/include/micro_ros_msgs/msg/detail/graph__struct.hpp
[1.280s] -- Up-to-date symlink: /home/jay/capstonerobot_ws/install/micro_ros_msgs/include/micro_ros_msgs/msg/detail/graph__traits.hpp
[1.280s] -- Up-to-date symlink: /home/jay/capstonerobot_ws/install/micro_ros_msgs/include/micro_ros_msgs/msg/detail/graph__type_support.hpp
[1.281s] -- Up-to-date symlink: /home/jay/capstonerobot_ws/install/micro_ros_msgs/include/micro_ros_msgs/msg/detail/node__builder.hpp
[1.281s] -- Up-to-date symlink: /home/jay/capstonerobot_ws/install/micro_ros_msgs/include/micro_ros_msgs/msg/detail/node__struct.hpp
[1.281s] -- Up-to-date symlink: /home/jay/capstonerobot_ws/install/micro_ros_msgs/include/micro_ros_msgs/msg/detail/node__traits.hpp
[1.281s] -- Up-to-date symlink: /home/jay/capstonerobot_ws/install/micro_ros_msgs/include/micro_ros_msgs/msg/detail/node__type_support.hpp
[1.281s] -- Up-to-date symlink: /home/jay/capstonerobot_ws/install/micro_ros_msgs/include/micro_ros_msgs/msg/entity.hpp
[1.282s] -- Up-to-date symlink: /home/jay/capstonerobot_ws/install/micro_ros_msgs/include/micro_ros_msgs/msg/graph.hpp
[1.282s] -- Up-to-date symlink: /home/jay/capstonerobot_ws/install/micro_ros_msgs/include/micro_ros_msgs/msg/node.hpp
[1.283s] -- Up-to-date symlink: /home/jay/capstonerobot_ws/install/micro_ros_msgs/include/micro_ros_msgs/msg/rosidl_generator_cpp__visibility_control.hpp
[1.283s] -- Up-to-date symlink: /home/jay/capstonerobot_ws/install/micro_ros_msgs/include/micro_ros_msgs/msg/detail/entity__rosidl_typesupport_microxrcedds_cpp.hpp
[1.283s] -- Up-to-date symlink: /home/jay/capstonerobot_ws/install/micro_ros_msgs/include/micro_ros_msgs/msg/detail/graph__rosidl_typesupport_microxrcedds_cpp.hpp
[1.284s] -- Up-to-date symlink: /home/jay/capstonerobot_ws/install/micro_ros_msgs/include/micro_ros_msgs/msg/detail/microxrcedds/entity__type_support_cpp.cpp
[1.284s] -- Up-to-date symlink: /home/jay/capstonerobot_ws/install/micro_ros_msgs/include/micro_ros_msgs/msg/detail/microxrcedds/graph__type_support_cpp.cpp
[1.284s] -- Up-to-date symlink: /home/jay/capstonerobot_ws/install/micro_ros_msgs/include/micro_ros_msgs/msg/detail/microxrcedds/node__type_support_cpp.cpp
[1.284s] -- Up-to-date symlink: /home/jay/capstonerobot_ws/install/micro_ros_msgs/include/micro_ros_msgs/msg/detail/node__rosidl_typesupport_microxrcedds_cpp.hpp
[1.284s] -- Up-to-date symlink: /home/jay/capstonerobot_ws/install/micro_ros_msgs/include/micro_ros_msgs/msg/rosidl_typesupport_microxrcedds_cpp__visibility_control.h
[1.285s] -- Up-to-date symlink: /home/jay/capstonerobot_ws/install/micro_ros_msgs/lib/libmicro_ros_msgs__rosidl_typesupport_microxrcedds_cpp.a
[1.285s] -- Up-to-date symlink: /home/jay/capstonerobot_ws/install/micro_ros_msgs/include/micro_ros_msgs/msg/detail/entity__rosidl_typesupport_introspection_cpp.hpp
[1.287s] -- Up-to-date symlink: /home/jay/capstonerobot_ws/install/micro_ros_msgs/include/micro_ros_msgs/msg/detail/graph__rosidl_typesupport_introspection_cpp.hpp
[1.287s] -- Up-to-date symlink: /home/jay/capstonerobot_ws/install/micro_ros_msgs/include/micro_ros_msgs/msg/detail/node__rosidl_typesupport_introspection_cpp.hpp
[1.287s] -- Up-to-date symlink: /home/jay/capstonerobot_ws/install/micro_ros_msgs/share/micro_ros_msgs/environment/pythonpath.sh
[1.287s] -- Up-to-date symlink: /home/jay/capstonerobot_ws/install/micro_ros_msgs/share/micro_ros_msgs/environment/pythonpath.dsv
[1.288s] -- Up-to-date symlink: /home/jay/capstonerobot_ws/install/micro_ros_msgs/lib/python3.8/site-packages/micro_ros_msgs/__init__.py
[1.288s] -- Up-to-date symlink: /home/jay/capstonerobot_ws/install/micro_ros_msgs/lib/python3.8/site-packages/micro_ros_msgs/msg/__init__.py
[1.289s] -- Up-to-date symlink: /home/jay/capstonerobot_ws/install/micro_ros_msgs/lib/python3.8/site-packages/micro_ros_msgs/msg/_entity.py
[1.289s] -- Up-to-date symlink: /home/jay/capstonerobot_ws/install/micro_ros_msgs/lib/python3.8/site-packages/micro_ros_msgs/msg/_graph.py
[1.289s] -- Up-to-date symlink: /home/jay/capstonerobot_ws/install/micro_ros_msgs/lib/python3.8/site-packages/micro_ros_msgs/msg/_node.py
[1.289s] -- Up-to-date symlink: /home/jay/capstonerobot_ws/install/micro_ros_msgs/lib/python3.8/site-packages/micro_ros_msgs/micro_ros_msgs_s__rosidl_typesupport_microxrcedds_c.cpython-38-aarch64-linux-gnu.so
[1.290s] -- Up-to-date symlink: /home/jay/capstonerobot_ws/install/micro_ros_msgs/lib/python3.8/site-packages/micro_ros_msgs/micro_ros_msgs_s__rosidl_typesupport_fastrtps_c.cpython-38-aarch64-linux-gnu.so
[1.290s] -- Up-to-date symlink: /home/jay/capstonerobot_ws/install/micro_ros_msgs/lib/python3.8/site-packages/micro_ros_msgs/micro_ros_msgs_s__rosidl_typesupport_introspection_c.cpython-38-aarch64-linux-gnu.so
[1.290s] -- Up-to-date symlink: /home/jay/capstonerobot_ws/install/micro_ros_msgs/lib/python3.8/site-packages/micro_ros_msgs/micro_ros_msgs_s__rosidl_typesupport_c.cpython-38-aarch64-linux-gnu.so
[1.291s] -- Up-to-date symlink: /home/jay/capstonerobot_ws/install/micro_ros_msgs/lib/libmicro_ros_msgs__python.so
[1.291s] -- Up-to-date symlink: /home/jay/capstonerobot_ws/install/micro_ros_msgs/share/micro_ros_msgs/msg/Graph.idl
[1.292s] -- Up-to-date symlink: /home/jay/capstonerobot_ws/install/micro_ros_msgs/share/micro_ros_msgs/msg/Node.idl
[1.292s] -- Up-to-date symlink: /home/jay/capstonerobot_ws/install/micro_ros_msgs/share/micro_ros_msgs/msg/Entity.idl
[1.292s] -- Up-to-date symlink: /home/jay/capstonerobot_ws/install/micro_ros_msgs/share/micro_ros_msgs/msg/Graph.msg
[1.292s] -- Up-to-date symlink: /home/jay/capstonerobot_ws/install/micro_ros_msgs/share/micro_ros_msgs/msg/Node.msg
[1.292s] -- Up-to-date symlink: /home/jay/capstonerobot_ws/install/micro_ros_msgs/share/micro_ros_msgs/msg/Entity.msg
[1.293s] -- Up-to-date symlink: /home/jay/capstonerobot_ws/install/micro_ros_msgs/share/ament_index/resource_index/package_run_dependencies/micro_ros_msgs
[1.293s] -- Up-to-date symlink: /home/jay/capstonerobot_ws/install/micro_ros_msgs/share/ament_index/resource_index/parent_prefix_path/micro_ros_msgs
[1.294s] -- Up-to-date symlink: /home/jay/capstonerobot_ws/install/micro_ros_msgs/share/micro_ros_msgs/environment/ament_prefix_path.sh
[1.294s] -- Up-to-date symlink: /home/jay/capstonerobot_ws/install/micro_ros_msgs/share/micro_ros_msgs/environment/ament_prefix_path.dsv
[1.294s] -- Up-to-date symlink: /home/jay/capstonerobot_ws/install/micro_ros_msgs/share/micro_ros_msgs/environment/path.sh
[1.294s] -- Up-to-date symlink: /home/jay/capstonerobot_ws/install/micro_ros_msgs/share/micro_ros_msgs/environment/path.dsv
[1.294s] -- Up-to-date symlink: /home/jay/capstonerobot_ws/install/micro_ros_msgs/share/micro_ros_msgs/local_setup.bash
[1.295s] -- Up-to-date symlink: /home/jay/capstonerobot_ws/install/micro_ros_msgs/share/micro_ros_msgs/local_setup.sh
[1.295s] -- Up-to-date symlink: /home/jay/capstonerobot_ws/install/micro_ros_msgs/share/micro_ros_msgs/local_setup.zsh
[1.295s] -- Up-to-date symlink: /home/jay/capstonerobot_ws/install/micro_ros_msgs/share/micro_ros_msgs/local_setup.dsv
[1.295s] -- Symlinking: /home/jay/capstonerobot_ws/install/micro_ros_msgs/share/micro_ros_msgs/package.dsv
[1.301s] -- Up-to-date symlink: /home/jay/capstonerobot_ws/install/micro_ros_msgs/share/ament_index/resource_index/packages/micro_ros_msgs
[1.302s] -- Up-to-date symlink: /home/jay/capstonerobot_ws/install/micro_ros_msgs/share/micro_ros_msgs/cmake/rosidl_cmake-extras.cmake
[1.302s] -- Up-to-date symlink: /home/jay/capstonerobot_ws/install/micro_ros_msgs/share/micro_ros_msgs/cmake/ament_cmake_export_dependencies-extras.cmake
[1.302s] -- Up-to-date symlink: /home/jay/capstonerobot_ws/install/micro_ros_msgs/share/micro_ros_msgs/cmake/ament_cmake_export_libraries-extras.cmake
[1.303s] -- Up-to-date symlink: /home/jay/capstonerobot_ws/install/micro_ros_msgs/share/micro_ros_msgs/cmake/ament_cmake_export_targets-extras.cmake
[1.304s] -- Up-to-date symlink: /home/jay/capstonerobot_ws/install/micro_ros_msgs/share/micro_ros_msgs/cmake/ament_cmake_export_include_directories-extras.cmake
[1.304s] -- Up-to-date symlink: /home/jay/capstonerobot_ws/install/micro_ros_msgs/share/micro_ros_msgs/cmake/rosidl_cmake_export_typesupport_libraries-extras.cmake
[1.304s] -- Up-to-date symlink: /home/jay/capstonerobot_ws/install/micro_ros_msgs/share/micro_ros_msgs/cmake/rosidl_cmake_export_typesupport_targets-extras.cmake
[1.304s] -- Up-to-date symlink: /home/jay/capstonerobot_ws/install/micro_ros_msgs/share/micro_ros_msgs/cmake/micro_ros_msgsConfig.cmake
[1.305s] -- Up-to-date symlink: /home/jay/capstonerobot_ws/install/micro_ros_msgs/share/micro_ros_msgs/cmake/micro_ros_msgsConfig-version.cmake
[1.305s] -- Up-to-date symlink: /home/jay/capstonerobot_ws/install/micro_ros_msgs/share/micro_ros_msgs/package.xml
[1.306s] -- Up-to-date: /home/jay/capstonerobot_ws/install/micro_ros_msgs/lib/libmicro_ros_msgs__rosidl_generator_c.so
[1.307s] -- Up-to-date: /home/jay/capstonerobot_ws/install/micro_ros_msgs/lib/libmicro_ros_msgs__rosidl_typesupport_introspection_c.so
[1.308s] -- Up-to-date: /home/jay/capstonerobot_ws/install/micro_ros_msgs/lib/libmicro_ros_msgs__rosidl_typesupport_c.so
[1.309s] -- Up-to-date: /home/jay/capstonerobot_ws/install/micro_ros_msgs/lib/libmicro_ros_msgs__rosidl_typesupport_introspection_cpp.so
[1.309s] -- Up-to-date: /home/jay/capstonerobot_ws/install/micro_ros_msgs/lib/libmicro_ros_msgs__rosidl_typesupport_cpp.so
[1.328s] Compiling '/home/jay/capstonerobot_ws/install/micro_ros_msgs/lib/python3.8/site-packages/micro_ros_msgs/__init__.py'...
[1.331s] -- Up-to-date: /home/jay/capstonerobot_ws/install/micro_ros_msgs/share/micro_ros_msgs/cmake/micro_ros_msgs__rosidl_generator_cExport.cmake
[1.331s] -- Installing: /home/jay/capstonerobot_ws/install/micro_ros_msgs/share/micro_ros_msgs/cmake/micro_ros_msgs__rosidl_generator_cExport-noconfig.cmake
[1.331s] -- Up-to-date: /home/jay/capstonerobot_ws/install/micro_ros_msgs/share/micro_ros_msgs/cmake/micro_ros_msgs__rosidl_typesupport_introspection_cExport.cmake
[1.331s] -- Installing: /home/jay/capstonerobot_ws/install/micro_ros_msgs/share/micro_ros_msgs/cmake/micro_ros_msgs__rosidl_typesupport_introspection_cExport-noconfig.cmake
[1.332s] -- Up-to-date: /home/jay/capstonerobot_ws/install/micro_ros_msgs/share/micro_ros_msgs/cmake/micro_ros_msgs__rosidl_typesupport_cExport.cmake
[1.332s] -- Installing: /home/jay/capstonerobot_ws/install/micro_ros_msgs/share/micro_ros_msgs/cmake/micro_ros_msgs__rosidl_typesupport_cExport-noconfig.cmake
[1.332s] -- Up-to-date: /home/jay/capstonerobot_ws/install/micro_ros_msgs/share/micro_ros_msgs/cmake/micro_ros_msgs__rosidl_generator_cppExport.cmake
[1.332s] -- Up-to-date: /home/jay/capstonerobot_ws/install/micro_ros_msgs/share/micro_ros_msgs/cmake/micro_ros_msgs__rosidl_typesupport_introspection_cppExport.cmake
[1.332s] -- Installing: /home/jay/capstonerobot_ws/install/micro_ros_msgs/share/micro_ros_msgs/cmake/micro_ros_msgs__rosidl_typesupport_introspection_cppExport-noconfig.cmake
[1.333s] -- Up-to-date: /home/jay/capstonerobot_ws/install/micro_ros_msgs/share/micro_ros_msgs/cmake/micro_ros_msgs__rosidl_typesupport_cppExport.cmake
[1.333s] -- Installing: /home/jay/capstonerobot_ws/install/micro_ros_msgs/share/micro_ros_msgs/cmake/micro_ros_msgs__rosidl_typesupport_cppExport-noconfig.cmake
[1.336s] Invoked command in '/home/jay/capstonerobot_ws/build/micro_ros_msgs' returned '0': CMAKE_PREFIX_PATH=${CMAKE_PREFIX_PATH}:/opt/ros/foxy /usr/bin/cmake --install /home/jay/capstonerobot_ws/build/micro_ros_msgs
