[0.095s] Invoking command in '/home/jay/capstonerobot_ws/build/ydlidar_ros2_driver': CMAKE_PREFIX_PATH=${CMAKE_PREFIX_PATH}:/home/jay/colcon_ws/install/turtlebot3_fake_node:/opt/ros/foxy /usr/bin/cmake --build /home/jay/capstonerobot_ws/build/ydlidar_ros2_driver -- -j4 -l4
[0.249s] [ 50%] Built target ydlidar_ros2_driver_node
[0.258s] [100%] Built target ydlidar_ros2_driver_client
[0.304s] Invoked command in '/home/jay/capstonerobot_ws/build/ydlidar_ros2_driver' returned '0': CMAKE_PREFIX_PATH=${CMAKE_PREFIX_PATH}:/home/jay/colcon_ws/install/turtlebot3_fake_node:/opt/ros/foxy /usr/bin/cmake --build /home/jay/capstonerobot_ws/build/ydlidar_ros2_driver -- -j4 -l4
[0.375s] Invoking command in '/home/jay/capstonerobot_ws/build/ydlidar_ros2_driver': CMAKE_PREFIX_PATH=${CMAKE_PREFIX_PATH}:/home/jay/colcon_ws/install/turtlebot3_fake_node:/opt/ros/foxy /usr/bin/cmake --install /home/jay/capstonerobot_ws/build/ydlidar_ros2_driver
[0.387s] -- Install configuration: ""
[0.387s] -- Execute custom install script
[0.387s] -- Up-to-date symlink: /home/jay/capstonerobot_ws/install/ydlidar_ros2_driver/lib/ydlidar_ros2_driver/ydlidar_ros2_driver_node
[0.387s] -- Up-to-date symlink: /home/jay/capstonerobot_ws/install/ydlidar_ros2_driver/lib/ydlidar_ros2_driver/ydlidar_ros2_driver_client
[0.387s] -- Up-to-date symlink: /home/jay/capstonerobot_ws/install/ydlidar_ros2_driver/share/ydlidar_ros2_driver/launch/ydlidar.py
[0.387s] -- Up-to-date symlink: /home/jay/capstonerobot_ws/install/ydlidar_ros2_driver/share/ydlidar_ros2_driver/launch/ydlidar_launch.py
[0.387s] -- Up-to-date symlink: /home/jay/capstonerobot_ws/install/ydlidar_ros2_driver/share/ydlidar_ros2_driver/launch/ydlidar_launch_view.py
[0.387s] -- Up-to-date symlink: /home/jay/capstonerobot_ws/install/ydlidar_ros2_driver/share/ydlidar_ros2_driver/params/G1.yaml
[0.387s] -- Up-to-date symlink: /home/jay/capstonerobot_ws/install/ydlidar_ros2_driver/share/ydlidar_ros2_driver/params/G2.yaml
[0.387s] -- Up-to-date symlink: /home/jay/capstonerobot_ws/install/ydlidar_ros2_driver/share/ydlidar_ros2_driver/params/G6.yaml
[0.388s] -- Up-to-date symlink: /home/jay/capstonerobot_ws/install/ydlidar_ros2_driver/share/ydlidar_ros2_driver/params/TG.yaml
[0.388s] -- Up-to-date symlink: /home/jay/capstonerobot_ws/install/ydlidar_ros2_driver/share/ydlidar_ros2_driver/params/TminiPro.yaml
[0.388s] -- Up-to-date symlink: /home/jay/capstonerobot_ws/install/ydlidar_ros2_driver/share/ydlidar_ros2_driver/params/X2.yaml
[0.388s] -- Up-to-date symlink: /home/jay/capstonerobot_ws/install/ydlidar_ros2_driver/share/ydlidar_ros2_driver/params/X4-Pro.yaml
[0.388s] -- Up-to-date symlink: /home/jay/capstonerobot_ws/install/ydlidar_ros2_driver/share/ydlidar_ros2_driver/params/X4.yaml
[0.388s] -- Up-to-date symlink: /home/jay/capstonerobot_ws/install/ydlidar_ros2_driver/share/ydlidar_ros2_driver/params/ydlidar.yaml
[0.389s] -- Up-to-date symlink: /home/jay/capstonerobot_ws/install/ydlidar_ros2_driver/share/ydlidar_ros2_driver/startup/initenv.sh
[0.389s] -- Up-to-date symlink: /home/jay/capstonerobot_ws/install/ydlidar_ros2_driver/share/ydlidar_ros2_driver/config/ydlidar.rviz
[0.389s] -- Up-to-date symlink: /home/jay/capstonerobot_ws/install/ydlidar_ros2_driver/share/ament_index/resource_index/package_run_dependencies/ydlidar_ros2_driver
[0.389s] -- Up-to-date symlink: /home/jay/capstonerobot_ws/install/ydlidar_ros2_driver/share/ament_index/resource_index/parent_prefix_path/ydlidar_ros2_driver
[0.389s] -- Up-to-date symlink: /home/jay/capstonerobot_ws/install/ydlidar_ros2_driver/share/ydlidar_ros2_driver/environment/ament_prefix_path.sh
[0.389s] -- Up-to-date symlink: /home/jay/capstonerobot_ws/install/ydlidar_ros2_driver/share/ydlidar_ros2_driver/environment/ament_prefix_path.dsv
[0.390s] -- Up-to-date symlink: /home/jay/capstonerobot_ws/install/ydlidar_ros2_driver/share/ydlidar_ros2_driver/environment/path.sh
[0.390s] -- Up-to-date symlink: /home/jay/capstonerobot_ws/install/ydlidar_ros2_driver/share/ydlidar_ros2_driver/environment/path.dsv
[0.390s] -- Up-to-date symlink: /home/jay/capstonerobot_ws/install/ydlidar_ros2_driver/share/ydlidar_ros2_driver/local_setup.bash
[0.391s] -- Up-to-date symlink: /home/jay/capstonerobot_ws/install/ydlidar_ros2_driver/share/ydlidar_ros2_driver/local_setup.sh
[0.391s] -- Up-to-date symlink: /home/jay/capstonerobot_ws/install/ydlidar_ros2_driver/share/ydlidar_ros2_driver/local_setup.zsh
[0.391s] -- Up-to-date symlink: /home/jay/capstonerobot_ws/install/ydlidar_ros2_driver/share/ydlidar_ros2_driver/local_setup.dsv
[0.392s] -- Symlinking: /home/jay/capstonerobot_ws/install/ydlidar_ros2_driver/share/ydlidar_ros2_driver/package.dsv
[0.397s] -- Up-to-date symlink: /home/jay/capstonerobot_ws/install/ydlidar_ros2_driver/share/ament_index/resource_index/packages/ydlidar_ros2_driver
[0.398s] -- Up-to-date symlink: /home/jay/capstonerobot_ws/install/ydlidar_ros2_driver/share/ydlidar_ros2_driver/cmake/ydlidar_ros2_driverConfig.cmake
[0.406s] -- Up-to-date symlink: /home/jay/capstonerobot_ws/install/ydlidar_ros2_driver/share/ydlidar_ros2_driver/cmake/ydlidar_ros2_driverConfig-version.cmake
[0.407s] -- Up-to-date symlink: /home/jay/capstonerobot_ws/install/ydlidar_ros2_driver/share/ydlidar_ros2_driver/package.xml
[0.409s] Invoked command in '/home/jay/capstonerobot_ws/build/ydlidar_ros2_driver' returned '0': CMAKE_PREFIX_PATH=${CMAKE_PREFIX_PATH}:/home/jay/colcon_ws/install/turtlebot3_fake_node:/opt/ros/foxy /usr/bin/cmake --install /home/jay/capstonerobot_ws/build/ydlidar_ros2_driver
