[0.028s] Invoking command in '/home/jay/capstonerobot_ws/build/turtlebot3_fake_node': CMAKE_PREFIX_PATH=${CMAKE_PREFIX_PATH}:/opt/ros/foxy /usr/bin/cmake /home/jay/capstonerobot_ws/src/turtlebot3_simulations/turtlebot3_fake_node -DAMENT_CMAKE_SYMLINK_INSTALL=1 -DCMAKE_INSTALL_PREFIX=/home/jay/capstonerobot_ws/install/turtlebot3_fake_node
[0.043s] -- Found ament_cmake: 0.9.12 (/opt/ros/foxy/share/ament_cmake/cmake)
[0.071s] -- Using PYTHON_EXECUTABLE: /usr/bin/python3
[0.211s] -- Override CMake install command with custom implementation using symlinks instead of copying resources
[0.229s] -- Found geometry_msgs: 2.0.5 (/opt/ros/foxy/share/geometry_msgs/cmake)
[0.249s] -- Using all available rosidl_typesupport_c: rosidl_typesupport_microxrcedds_c;rosidl_typesupport_fastrtps_c;rosidl_typesupport_introspection_c
[0.251s] -- Found rosidl_adapter: 1.3.1 (/opt/ros/foxy/share/rosidl_adapter/cmake)
[0.365s] -- Using all available rosidl_typesupport_cpp: rosidl_typesupport_microxrcedds_cpp;rosidl_typesupport_fastrtps_cpp;rosidl_typesupport_introspection_cpp
[0.458s] -- Found nav_msgs: 2.0.5 (/opt/ros/foxy/share/nav_msgs/cmake)
[0.539s] -- Found rclcpp: 2.4.3 (/opt/ros/foxy/share/rclcpp/cmake)
[0.630s] -- Found rmw_implementation_cmake: 1.0.4 (/opt/ros/foxy/share/rmw_implementation_cmake/cmake)
[0.638s] -- Using RMW implementation 'rmw_cyclonedds_cpp' as default
[0.814s] -- Found sensor_msgs: 2.0.5 (/opt/ros/foxy/share/sensor_msgs/cmake)
[0.921s] -- Found tf2: 0.13.14 (/opt/ros/foxy/share/tf2/cmake)
[0.933s] -- Found tf2_msgs: 0.13.14 (/opt/ros/foxy/share/tf2_msgs/cmake)
[1.096s] -- Found turtlebot3_msgs: 2.2.1 (/opt/ros/foxy/share/turtlebot3_msgs/cmake)
[1.232s] -- Configuring done
[1.246s] -- Generating done
[1.247s] -- Build files have been written to: /home/jay/capstonerobot_ws/build/turtlebot3_fake_node
[1.252s] Invoked command in '/home/jay/capstonerobot_ws/build/turtlebot3_fake_node' returned '0': CMAKE_PREFIX_PATH=${CMAKE_PREFIX_PATH}:/opt/ros/foxy /usr/bin/cmake /home/jay/capstonerobot_ws/src/turtlebot3_simulations/turtlebot3_fake_node -DAMENT_CMAKE_SYMLINK_INSTALL=1 -DCMAKE_INSTALL_PREFIX=/home/jay/capstonerobot_ws/install/turtlebot3_fake_node
[1.254s] Invoking command in '/home/jay/capstonerobot_ws/build/turtlebot3_fake_node': CMAKE_PREFIX_PATH=${CMAKE_PREFIX_PATH}:/opt/ros/foxy /usr/bin/cmake --build /home/jay/capstonerobot_ws/build/turtlebot3_fake_node -- -j4 -l4
[1.380s] [100%] Built target turtlebot3_fake_node
[1.389s] Invoked command in '/home/jay/capstonerobot_ws/build/turtlebot3_fake_node' returned '0': CMAKE_PREFIX_PATH=${CMAKE_PREFIX_PATH}:/opt/ros/foxy /usr/bin/cmake --build /home/jay/capstonerobot_ws/build/turtlebot3_fake_node -- -j4 -l4
[1.445s] Invoking command in '/home/jay/capstonerobot_ws/build/turtlebot3_fake_node': CMAKE_PREFIX_PATH=${CMAKE_PREFIX_PATH}:/opt/ros/foxy /usr/bin/cmake --install /home/jay/capstonerobot_ws/build/turtlebot3_fake_node
[1.452s] -- Install configuration: ""
[1.452s] -- Execute custom install script
[1.453s] -- Up-to-date symlink: /home/jay/capstonerobot_ws/install/turtlebot3_fake_node/lib/turtlebot3_fake_node/turtlebot3_fake_node
[1.454s] -- Up-to-date symlink: /home/jay/capstonerobot_ws/install/turtlebot3_fake_node/share/turtlebot3_fake_node/launch/rviz2.launch.py
[1.454s] -- Up-to-date symlink: /home/jay/capstonerobot_ws/install/turtlebot3_fake_node/share/turtlebot3_fake_node/launch/turtlebot3_fake_node.launch.py
[1.455s] -- Up-to-date symlink: /home/jay/capstonerobot_ws/install/turtlebot3_fake_node/share/turtlebot3_fake_node/param/burger.yaml
[1.455s] -- Up-to-date symlink: /home/jay/capstonerobot_ws/install/turtlebot3_fake_node/share/turtlebot3_fake_node/param/waffle.yaml
[1.456s] -- Up-to-date symlink: /home/jay/capstonerobot_ws/install/turtlebot3_fake_node/share/turtlebot3_fake_node/param/waffle_pi.yaml
[1.457s] -- Up-to-date symlink: /home/jay/capstonerobot_ws/install/turtlebot3_fake_node/share/turtlebot3_fake_node/rviz/model.rviz
[1.458s] -- Up-to-date symlink: /home/jay/capstonerobot_ws/install/turtlebot3_fake_node/include//turtlebot3_fake_node/turtlebot3_fake_node.hpp
[1.458s] -- Up-to-date symlink: /home/jay/capstonerobot_ws/install/turtlebot3_fake_node/share/ament_index/resource_index/package_run_dependencies/turtlebot3_fake_node
[1.459s] -- Up-to-date symlink: /home/jay/capstonerobot_ws/install/turtlebot3_fake_node/share/ament_index/resource_index/parent_prefix_path/turtlebot3_fake_node
[1.459s] -- Up-to-date symlink: /home/jay/capstonerobot_ws/install/turtlebot3_fake_node/share/turtlebot3_fake_node/environment/ament_prefix_path.sh
[1.459s] -- Up-to-date symlink: /home/jay/capstonerobot_ws/install/turtlebot3_fake_node/share/turtlebot3_fake_node/environment/ament_prefix_path.dsv
[1.460s] -- Up-to-date symlink: /home/jay/capstonerobot_ws/install/turtlebot3_fake_node/share/turtlebot3_fake_node/environment/path.sh
[1.460s] -- Up-to-date symlink: /home/jay/capstonerobot_ws/install/turtlebot3_fake_node/share/turtlebot3_fake_node/environment/path.dsv
[1.461s] -- Up-to-date symlink: /home/jay/capstonerobot_ws/install/turtlebot3_fake_node/share/turtlebot3_fake_node/local_setup.bash
[1.461s] -- Up-to-date symlink: /home/jay/capstonerobot_ws/install/turtlebot3_fake_node/share/turtlebot3_fake_node/local_setup.sh
[1.462s] -- Up-to-date symlink: /home/jay/capstonerobot_ws/install/turtlebot3_fake_node/share/turtlebot3_fake_node/local_setup.zsh
[1.462s] -- Up-to-date symlink: /home/jay/capstonerobot_ws/install/turtlebot3_fake_node/share/turtlebot3_fake_node/local_setup.dsv
[1.463s] -- Symlinking: /home/jay/capstonerobot_ws/install/turtlebot3_fake_node/share/turtlebot3_fake_node/package.dsv
[1.469s] -- Up-to-date symlink: /home/jay/capstonerobot_ws/install/turtlebot3_fake_node/share/ament_index/resource_index/packages/turtlebot3_fake_node
[1.470s] -- Up-to-date symlink: /home/jay/capstonerobot_ws/install/turtlebot3_fake_node/share/turtlebot3_fake_node/cmake/ament_cmake_export_include_directories-extras.cmake
[1.470s] -- Up-to-date symlink: /home/jay/capstonerobot_ws/install/turtlebot3_fake_node/share/turtlebot3_fake_node/cmake/ament_cmake_export_dependencies-extras.cmake
[1.471s] -- Up-to-date symlink: /home/jay/capstonerobot_ws/install/turtlebot3_fake_node/share/turtlebot3_fake_node/cmake/turtlebot3_fake_nodeConfig.cmake
[1.471s] -- Up-to-date symlink: /home/jay/capstonerobot_ws/install/turtlebot3_fake_node/share/turtlebot3_fake_node/cmake/turtlebot3_fake_nodeConfig-version.cmake
[1.471s] -- Up-to-date symlink: /home/jay/capstonerobot_ws/install/turtlebot3_fake_node/share/turtlebot3_fake_node/package.xml
[1.473s] Invoked command in '/home/jay/capstonerobot_ws/build/turtlebot3_fake_node' returned '0': CMAKE_PREFIX_PATH=${CMAKE_PREFIX_PATH}:/opt/ros/foxy /usr/bin/cmake --install /home/jay/capstonerobot_ws/build/turtlebot3_fake_node
