[0.079s] Invoking command in '/home/jay/capstonerobot_ws/build/turtlebot3_fake_node': CMAKE_PREFIX_PATH=${CMAKE_PREFIX_PATH}:/opt/ros/foxy /usr/bin/cmake /home/jay/capstonerobot_ws/src/turtlebot3_simulations/turtlebot3_fake_node -DCMAKE_INSTALL_PREFIX=/home/jay/capstonerobot_ws/install/turtlebot3_fake_node
[0.211s] -- Found ament_cmake: 0.9.12 (/opt/ros/foxy/share/ament_cmake/cmake)
[0.259s] -- Using PYTHON_EXECUTABLE: /usr/bin/python3
[0.499s] -- Override CMake install command with custom implementation using symlinks instead of copying resources
[0.589s] -- Found geometry_msgs: 2.0.5 (/opt/ros/foxy/share/geometry_msgs/cmake)
[0.688s] -- Using all available rosidl_typesupport_c: rosidl_typesupport_microxrcedds_c;rosidl_typesupport_fastrtps_c;rosidl_typesupport_introspection_c
[0.691s] -- Found rosidl_adapter: 1.3.1 (/opt/ros/foxy/share/rosidl_adapter/cmake)
[0.925s] -- Using all available rosidl_typesupport_cpp: rosidl_typesupport_microxrcedds_cpp;rosidl_typesupport_fastrtps_cpp;rosidl_typesupport_introspection_cpp
[1.142s] -- Found nav_msgs: 2.0.5 (/opt/ros/foxy/share/nav_msgs/cmake)
[1.257s] -- Found rclcpp: 2.4.3 (/opt/ros/foxy/share/rclcpp/cmake)
[1.380s] -- Found rmw_implementation_cmake: 1.0.4 (/opt/ros/foxy/share/rmw_implementation_cmake/cmake)
[1.388s] -- Using RMW implementation 'rmw_cyclonedds_cpp' as default
[1.715s] -- Found sensor_msgs: 2.0.5 (/opt/ros/foxy/share/sensor_msgs/cmake)
[1.859s] -- Found tf2: 0.13.14 (/opt/ros/foxy/share/tf2/cmake)
[1.901s] -- Found tf2_msgs: 0.13.14 (/opt/ros/foxy/share/tf2_msgs/cmake)
[2.145s] -- Found turtlebot3_msgs: 2.2.1 (/opt/ros/foxy/share/turtlebot3_msgs/cmake)
[2.441s] -- Configuring done
[2.520s] -- Generating done
[2.522s] -- Build files have been written to: /home/jay/capstonerobot_ws/build/turtlebot3_fake_node
[2.554s] Invoked command in '/home/jay/capstonerobot_ws/build/turtlebot3_fake_node' returned '0': CMAKE_PREFIX_PATH=${CMAKE_PREFIX_PATH}:/opt/ros/foxy /usr/bin/cmake /home/jay/capstonerobot_ws/src/turtlebot3_simulations/turtlebot3_fake_node -DCMAKE_INSTALL_PREFIX=/home/jay/capstonerobot_ws/install/turtlebot3_fake_node
[2.555s] Invoking command in '/home/jay/capstonerobot_ws/build/turtlebot3_fake_node': CMAKE_PREFIX_PATH=${CMAKE_PREFIX_PATH}:/opt/ros/foxy /usr/bin/cmake --build /home/jay/capstonerobot_ws/build/turtlebot3_fake_node -- -j4 -l4
[2.816s] [100%] Built target turtlebot3_fake_node
[2.854s] Invoked command in '/home/jay/capstonerobot_ws/build/turtlebot3_fake_node' returned '0': CMAKE_PREFIX_PATH=${CMAKE_PREFIX_PATH}:/opt/ros/foxy /usr/bin/cmake --build /home/jay/capstonerobot_ws/build/turtlebot3_fake_node -- -j4 -l4
[2.970s] Invoking command in '/home/jay/capstonerobot_ws/build/turtlebot3_fake_node': CMAKE_PREFIX_PATH=${CMAKE_PREFIX_PATH}:/opt/ros/foxy /usr/bin/cmake --install /home/jay/capstonerobot_ws/build/turtlebot3_fake_node
[2.999s] -- Install configuration: ""
[3.002s] -- Execute custom install script
[3.003s] -- Up-to-date symlink: /home/jay/capstonerobot_ws/install/turtlebot3_fake_node/lib/turtlebot3_fake_node/turtlebot3_fake_node
[3.010s] -- Up-to-date symlink: /home/jay/capstonerobot_ws/install/turtlebot3_fake_node/share/turtlebot3_fake_node/launch/rviz2.launch.py
[3.010s] -- Up-to-date symlink: /home/jay/capstonerobot_ws/install/turtlebot3_fake_node/share/turtlebot3_fake_node/launch/turtlebot3_fake_node.launch.py
[3.010s] -- Up-to-date symlink: /home/jay/capstonerobot_ws/install/turtlebot3_fake_node/share/turtlebot3_fake_node/param/burger.yaml
[3.012s] -- Up-to-date symlink: /home/jay/capstonerobot_ws/install/turtlebot3_fake_node/share/turtlebot3_fake_node/param/waffle.yaml
[3.013s] -- Up-to-date symlink: /home/jay/capstonerobot_ws/install/turtlebot3_fake_node/share/turtlebot3_fake_node/param/waffle_pi.yaml
[3.014s] -- Up-to-date symlink: /home/jay/capstonerobot_ws/install/turtlebot3_fake_node/share/turtlebot3_fake_node/rviz/model.rviz
[3.015s] -- Up-to-date symlink: /home/jay/capstonerobot_ws/install/turtlebot3_fake_node/include//turtlebot3_fake_node/turtlebot3_fake_node.hpp
[3.015s] -- Up-to-date symlink: /home/jay/capstonerobot_ws/install/turtlebot3_fake_node/share/ament_index/resource_index/package_run_dependencies/turtlebot3_fake_node
[3.018s] -- Up-to-date symlink: /home/jay/capstonerobot_ws/install/turtlebot3_fake_node/share/ament_index/resource_index/parent_prefix_path/turtlebot3_fake_node
[3.019s] -- Up-to-date symlink: /home/jay/capstonerobot_ws/install/turtlebot3_fake_node/share/turtlebot3_fake_node/environment/ament_prefix_path.sh
[3.021s] -- Up-to-date symlink: /home/jay/capstonerobot_ws/install/turtlebot3_fake_node/share/turtlebot3_fake_node/environment/ament_prefix_path.dsv
[3.022s] -- Up-to-date symlink: /home/jay/capstonerobot_ws/install/turtlebot3_fake_node/share/turtlebot3_fake_node/environment/path.sh
[3.022s] -- Up-to-date symlink: /home/jay/capstonerobot_ws/install/turtlebot3_fake_node/share/turtlebot3_fake_node/environment/path.dsv
[3.022s] -- Up-to-date symlink: /home/jay/capstonerobot_ws/install/turtlebot3_fake_node/share/turtlebot3_fake_node/local_setup.bash
[3.023s] -- Up-to-date symlink: /home/jay/capstonerobot_ws/install/turtlebot3_fake_node/share/turtlebot3_fake_node/local_setup.sh
[3.023s] -- Up-to-date symlink: /home/jay/capstonerobot_ws/install/turtlebot3_fake_node/share/turtlebot3_fake_node/local_setup.zsh
[3.024s] -- Up-to-date symlink: /home/jay/capstonerobot_ws/install/turtlebot3_fake_node/share/turtlebot3_fake_node/local_setup.dsv
[3.025s] -- Symlinking: /home/jay/capstonerobot_ws/install/turtlebot3_fake_node/share/turtlebot3_fake_node/package.dsv
[3.038s] -- Up-to-date symlink: /home/jay/capstonerobot_ws/install/turtlebot3_fake_node/share/ament_index/resource_index/packages/turtlebot3_fake_node
[3.039s] -- Up-to-date symlink: /home/jay/capstonerobot_ws/install/turtlebot3_fake_node/share/turtlebot3_fake_node/cmake/ament_cmake_export_include_directories-extras.cmake
[3.040s] -- Up-to-date symlink: /home/jay/capstonerobot_ws/install/turtlebot3_fake_node/share/turtlebot3_fake_node/cmake/ament_cmake_export_dependencies-extras.cmake
[3.044s] -- Up-to-date symlink: /home/jay/capstonerobot_ws/install/turtlebot3_fake_node/share/turtlebot3_fake_node/cmake/turtlebot3_fake_nodeConfig.cmake
[3.045s] -- Up-to-date symlink: /home/jay/capstonerobot_ws/install/turtlebot3_fake_node/share/turtlebot3_fake_node/cmake/turtlebot3_fake_nodeConfig-version.cmake
[3.047s] -- Up-to-date symlink: /home/jay/capstonerobot_ws/install/turtlebot3_fake_node/share/turtlebot3_fake_node/package.xml
[3.050s] Invoked command in '/home/jay/capstonerobot_ws/build/turtlebot3_fake_node' returned '0': CMAKE_PREFIX_PATH=${CMAKE_PREFIX_PATH}:/opt/ros/foxy /usr/bin/cmake --install /home/jay/capstonerobot_ws/build/turtlebot3_fake_node
