[0.069s] Invoking command in '/home/jay/capstonerobot_ws/build/drive_base_msgs': CMAKE_PREFIX_PATH=${CMAKE_PREFIX_PATH}:/opt/ros/foxy /usr/bin/cmake /home/jay/capstonerobot_ws/src/uros/drive_base/drive_base_msgs -DCMAKE_INSTALL_PREFIX=/home/jay/capstonerobot_ws/install/drive_base_msgs
[0.177s] -- Found ament_cmake: 0.9.12 (/opt/ros/foxy/share/ament_cmake/cmake)
[0.228s] -- Found PythonInterp: /usr/bin/python3 (found suitable version "3.8.10", minimum required is "3") 
[0.228s] -- Using PYTHON_EXECUTABLE: /usr/bin/python3
[0.466s] -- Override CMake install command with custom implementation using symlinks instead of copying resources
[0.555s] -- Found std_msgs: 2.0.5 (/opt/ros/foxy/share/std_msgs/cmake)
[0.653s] -- Using all available rosidl_typesupport_c: rosidl_typesupport_microxrcedds_c;rosidl_typesupport_fastrtps_c;rosidl_typesupport_introspection_c
[0.655s] -- Found rosidl_adapter: 1.3.1 (/opt/ros/foxy/share/rosidl_adapter/cmake)
[0.890s] -- Using all available rosidl_typesupport_cpp: rosidl_typesupport_microxrcedds_cpp;rosidl_typesupport_fastrtps_cpp;rosidl_typesupport_introspection_cpp
[1.032s] -- Found rosidl_default_generators: 1.0.1 (/opt/ros/foxy/share/rosidl_default_generators/cmake)
[1.093s] -- Found PythonInterp: /usr/bin/python3 (found version "3.8.10") 
[1.292s] -- Found ament_cmake_cppcheck: 0.9.8 (/opt/ros/foxy/share/ament_cmake_cppcheck/cmake)
[1.293s] -- Found ament_cmake_cpplint: 0.9.8 (/opt/ros/foxy/share/ament_cmake_cpplint/cmake)
[1.294s] -- Found ament_cmake_uncrustify: 0.9.8 (/opt/ros/foxy/share/ament_cmake_uncrustify/cmake)
[1.295s] -- Found ament_cmake_ros: 0.9.2 (/opt/ros/foxy/share/ament_cmake_ros/cmake)
[1.573s] -- Using all available rosidl_typesupport_c: rosidl_typesupport_microxrcedds_c;rosidl_typesupport_fastrtps_c;rosidl_typesupport_introspection_c
[1.720s] -- Using all available rosidl_typesupport_cpp: rosidl_typesupport_microxrcedds_cpp;rosidl_typesupport_fastrtps_cpp;rosidl_typesupport_introspection_cpp
[1.769s] -- Found PythonInterp: /usr/bin/python3 (found suitable version "3.8.10", minimum required is "3.5") 
[1.772s] -- Found python_cmake_module: 0.8.1 (/opt/ros/foxy/share/python_cmake_module/cmake)
[1.804s] -- Using PYTHON_EXECUTABLE: /usr/bin/python3
[1.804s] -- Using PYTHON_INCLUDE_DIRS: /usr/include/python3.8
[1.804s] -- Using PYTHON_LIBRARIES: /usr/lib/aarch64-linux-gnu/libpython3.8.so
[1.864s] -- Found ament_cmake_flake8: 0.9.8 (/opt/ros/foxy/share/ament_cmake_flake8/cmake)
[1.864s] -- Found ament_cmake_pep257: 0.9.8 (/opt/ros/foxy/share/ament_cmake_pep257/cmake)
[1.918s] -- Configuring done
[2.256s] -- Generating done
[2.264s] -- Build files have been written to: /home/jay/capstonerobot_ws/build/drive_base_msgs
[2.282s] Invoked command in '/home/jay/capstonerobot_ws/build/drive_base_msgs' returned '0': CMAKE_PREFIX_PATH=${CMAKE_PREFIX_PATH}:/opt/ros/foxy /usr/bin/cmake /home/jay/capstonerobot_ws/src/uros/drive_base/drive_base_msgs -DCMAKE_INSTALL_PREFIX=/home/jay/capstonerobot_ws/install/drive_base_msgs
[2.283s] Invoking command in '/home/jay/capstonerobot_ws/build/drive_base_msgs': CMAKE_PREFIX_PATH=${CMAKE_PREFIX_PATH}:/opt/ros/foxy /usr/bin/cmake --build /home/jay/capstonerobot_ws/build/drive_base_msgs -- -j4 -l4
[2.422s] [  1%] Built target drive_base_msgs__cpp
[2.477s] [ 10%] Built target drive_base_msgs__rosidl_generator_c
[2.530s] [ 18%] Built target drive_base_msgs__rosidl_typesupport_introspection_cpp
[2.620s] [ 27%] Built target drive_base_msgs__rosidl_typesupport_microxrcedds_cpp
[2.631s] [ 36%] Built target drive_base_msgs__rosidl_typesupport_introspection_c
[2.641s] [ 44%] Built target drive_base_msgs__rosidl_typesupport_cpp
[2.641s] [ 53%] Built target drive_base_msgs__rosidl_typesupport_fastrtps_cpp
[2.710s] [ 62%] Built target drive_base_msgs__rosidl_typesupport_c
[2.726s] [ 71%] Built target drive_base_msgs__rosidl_typesupport_microxrcedds_c
[2.729s] [ 79%] Built target drive_base_msgs__rosidl_typesupport_fastrtps_c
[2.745s] [ 79%] Built target drive_base_msgs
[2.815s] [ 81%] Built target drive_base_msgs__py
[2.865s] [ 88%] Built target drive_base_msgs__python
[2.945s] [ 91%] Built target drive_base_msgs__rosidl_typesupport_microxrcedds_c__pyext
[2.953s] [ 94%] Built target drive_base_msgs__rosidl_typesupport_fastrtps_c__pyext
[2.956s] [ 97%] Built target drive_base_msgs__rosidl_typesupport_introspection_c__pyext
[2.962s] [100%] Built target drive_base_msgs__rosidl_typesupport_c__pyext
[2.979s] Invoked command in '/home/jay/capstonerobot_ws/build/drive_base_msgs' returned '0': CMAKE_PREFIX_PATH=${CMAKE_PREFIX_PATH}:/opt/ros/foxy /usr/bin/cmake --build /home/jay/capstonerobot_ws/build/drive_base_msgs -- -j4 -l4
[3.342s] Invoking command in '/home/jay/capstonerobot_ws/build/drive_base_msgs': CMAKE_PREFIX_PATH=${CMAKE_PREFIX_PATH}:/opt/ros/foxy /usr/bin/cmake --install /home/jay/capstonerobot_ws/build/drive_base_msgs
[3.350s] -- Install configuration: ""
[3.351s] -- Execute custom install script
[3.352s] -- Up-to-date symlink: /home/jay/capstonerobot_ws/install/drive_base_msgs/share/ament_index/resource_index/rosidl_interfaces/drive_base_msgs
[3.354s] -- Up-to-date symlink: /home/jay/capstonerobot_ws/install/drive_base_msgs/include/drive_base_msgs/msg/base_info.h
[3.354s] -- Up-to-date symlink: /home/jay/capstonerobot_ws/install/drive_base_msgs/include/drive_base_msgs/msg/command_header.h
[3.355s] -- Up-to-date symlink: /home/jay/capstonerobot_ws/install/drive_base_msgs/include/drive_base_msgs/msg/command_status.h
[3.356s] -- Up-to-date symlink: /home/jay/capstonerobot_ws/install/drive_base_msgs/include/drive_base_msgs/msg/detail/base_info__functions.h
[3.358s] -- Up-to-date symlink: /home/jay/capstonerobot_ws/install/drive_base_msgs/include/drive_base_msgs/msg/detail/base_info__struct.h
[3.358s] -- Up-to-date symlink: /home/jay/capstonerobot_ws/install/drive_base_msgs/include/drive_base_msgs/msg/detail/base_info__type_support.h
[3.359s] -- Up-to-date symlink: /home/jay/capstonerobot_ws/install/drive_base_msgs/include/drive_base_msgs/msg/detail/command_header__functions.h
[3.359s] -- Up-to-date symlink: /home/jay/capstonerobot_ws/install/drive_base_msgs/include/drive_base_msgs/msg/detail/command_header__struct.h
[3.361s] -- Up-to-date symlink: /home/jay/capstonerobot_ws/install/drive_base_msgs/include/drive_base_msgs/msg/detail/command_header__type_support.h
[3.361s] -- Up-to-date symlink: /home/jay/capstonerobot_ws/install/drive_base_msgs/include/drive_base_msgs/msg/detail/command_status__functions.h
[3.362s] -- Up-to-date symlink: /home/jay/capstonerobot_ws/install/drive_base_msgs/include/drive_base_msgs/msg/detail/command_status__struct.h
[3.362s] -- Up-to-date symlink: /home/jay/capstonerobot_ws/install/drive_base_msgs/include/drive_base_msgs/msg/detail/command_status__type_support.h
[3.363s] -- Up-to-date symlink: /home/jay/capstonerobot_ws/install/drive_base_msgs/include/drive_base_msgs/msg/detail/trv_command__functions.h
[3.363s] -- Up-to-date symlink: /home/jay/capstonerobot_ws/install/drive_base_msgs/include/drive_base_msgs/msg/detail/trv_command__struct.h
[3.364s] -- Up-to-date symlink: /home/jay/capstonerobot_ws/install/drive_base_msgs/include/drive_base_msgs/msg/detail/trv_command__type_support.h
[3.364s] -- Up-to-date symlink: /home/jay/capstonerobot_ws/install/drive_base_msgs/include/drive_base_msgs/msg/rosidl_generator_c__visibility_control.h
[3.364s] -- Up-to-date symlink: /home/jay/capstonerobot_ws/install/drive_base_msgs/include/drive_base_msgs/msg/trv_command.h
[3.366s] -- Up-to-date symlink: /home/jay/capstonerobot_ws/install/drive_base_msgs/share/drive_base_msgs/environment/library_path.sh
[3.366s] -- Up-to-date symlink: /home/jay/capstonerobot_ws/install/drive_base_msgs/share/drive_base_msgs/environment/library_path.dsv
[3.367s] -- Up-to-date symlink: /home/jay/capstonerobot_ws/install/drive_base_msgs/include/drive_base_msgs/msg/detail/base_info__rosidl_typesupport_microxrcedds_c.h
[3.367s] -- Up-to-date symlink: /home/jay/capstonerobot_ws/install/drive_base_msgs/include/drive_base_msgs/msg/detail/command_header__rosidl_typesupport_microxrcedds_c.h
[3.367s] -- Up-to-date symlink: /home/jay/capstonerobot_ws/install/drive_base_msgs/include/drive_base_msgs/msg/detail/command_status__rosidl_typesupport_microxrcedds_c.h
[3.367s] -- Up-to-date symlink: /home/jay/capstonerobot_ws/install/drive_base_msgs/include/drive_base_msgs/msg/detail/trv_command__rosidl_typesupport_microxrcedds_c.h
[3.368s] -- Up-to-date symlink: /home/jay/capstonerobot_ws/install/drive_base_msgs/include/drive_base_msgs/msg/rosidl_typesupport_microxrcedds_c__visibility_control.h
[3.369s] -- Up-to-date symlink: /home/jay/capstonerobot_ws/install/drive_base_msgs/lib/libdrive_base_msgs__rosidl_typesupport_microxrcedds_c.a
[3.372s] -- Up-to-date symlink: /home/jay/capstonerobot_ws/install/drive_base_msgs/include/drive_base_msgs/msg/detail/base_info__rosidl_typesupport_fastrtps_c.h
[3.373s] -- Up-to-date symlink: /home/jay/capstonerobot_ws/install/drive_base_msgs/include/drive_base_msgs/msg/detail/command_header__rosidl_typesupport_fastrtps_c.h
[3.374s] -- Up-to-date symlink: /home/jay/capstonerobot_ws/install/drive_base_msgs/include/drive_base_msgs/msg/detail/command_status__rosidl_typesupport_fastrtps_c.h
[3.374s] -- Up-to-date symlink: /home/jay/capstonerobot_ws/install/drive_base_msgs/include/drive_base_msgs/msg/detail/trv_command__rosidl_typesupport_fastrtps_c.h
[3.382s] -- Up-to-date symlink: /home/jay/capstonerobot_ws/install/drive_base_msgs/include/drive_base_msgs/msg/rosidl_typesupport_fastrtps_c__visibility_control.h
[3.384s] -- Up-to-date symlink: /home/jay/capstonerobot_ws/install/drive_base_msgs/lib/libdrive_base_msgs__rosidl_typesupport_fastrtps_c.so
[3.384s] -- Up-to-date symlink: /home/jay/capstonerobot_ws/install/drive_base_msgs/include/drive_base_msgs/msg/detail/base_info__rosidl_typesupport_fastrtps_cpp.hpp
[3.400s] -- Up-to-date symlink: /home/jay/capstonerobot_ws/install/drive_base_msgs/include/drive_base_msgs/msg/detail/command_header__rosidl_typesupport_fastrtps_cpp.hpp
[3.401s] -- Up-to-date symlink: /home/jay/capstonerobot_ws/install/drive_base_msgs/include/drive_base_msgs/msg/detail/command_status__rosidl_typesupport_fastrtps_cpp.hpp
[3.407s] -- Up-to-date symlink: /home/jay/capstonerobot_ws/install/drive_base_msgs/include/drive_base_msgs/msg/detail/trv_command__rosidl_typesupport_fastrtps_cpp.hpp
[3.407s] -- Up-to-date symlink: /home/jay/capstonerobot_ws/install/drive_base_msgs/include/drive_base_msgs/msg/rosidl_typesupport_fastrtps_cpp__visibility_control.h
[3.407s] -- Up-to-date symlink: /home/jay/capstonerobot_ws/install/drive_base_msgs/lib/libdrive_base_msgs__rosidl_typesupport_fastrtps_cpp.so
[3.411s] -- Up-to-date symlink: /home/jay/capstonerobot_ws/install/drive_base_msgs/include/drive_base_msgs/msg/detail/base_info__rosidl_typesupport_introspection_c.h
[3.412s] -- Up-to-date symlink: /home/jay/capstonerobot_ws/install/drive_base_msgs/include/drive_base_msgs/msg/detail/command_header__rosidl_typesupport_introspection_c.h
[3.412s] -- Up-to-date symlink: /home/jay/capstonerobot_ws/install/drive_base_msgs/include/drive_base_msgs/msg/detail/command_status__rosidl_typesupport_introspection_c.h
[3.412s] -- Up-to-date symlink: /home/jay/capstonerobot_ws/install/drive_base_msgs/include/drive_base_msgs/msg/detail/trv_command__rosidl_typesupport_introspection_c.h
[3.425s] -- Up-to-date symlink: /home/jay/capstonerobot_ws/install/drive_base_msgs/include/drive_base_msgs/msg/rosidl_typesupport_introspection_c__visibility_control.h
[3.438s] -- Up-to-date symlink: /home/jay/capstonerobot_ws/install/drive_base_msgs/include/drive_base_msgs/msg/base_info.hpp
[3.439s] -- Up-to-date symlink: /home/jay/capstonerobot_ws/install/drive_base_msgs/include/drive_base_msgs/msg/command_header.hpp
[3.439s] -- Up-to-date symlink: /home/jay/capstonerobot_ws/install/drive_base_msgs/include/drive_base_msgs/msg/command_status.hpp
[3.440s] -- Up-to-date symlink: /home/jay/capstonerobot_ws/install/drive_base_msgs/include/drive_base_msgs/msg/detail/base_info__builder.hpp
[3.440s] -- Up-to-date symlink: /home/jay/capstonerobot_ws/install/drive_base_msgs/include/drive_base_msgs/msg/detail/base_info__struct.hpp
[3.440s] -- Up-to-date symlink: /home/jay/capstonerobot_ws/install/drive_base_msgs/include/drive_base_msgs/msg/detail/base_info__traits.hpp
[3.440s] -- Up-to-date symlink: /home/jay/capstonerobot_ws/install/drive_base_msgs/include/drive_base_msgs/msg/detail/base_info__type_support.hpp
[3.441s] -- Up-to-date symlink: /home/jay/capstonerobot_ws/install/drive_base_msgs/include/drive_base_msgs/msg/detail/command_header__builder.hpp
[3.442s] -- Up-to-date symlink: /home/jay/capstonerobot_ws/install/drive_base_msgs/include/drive_base_msgs/msg/detail/command_header__struct.hpp
[3.442s] -- Up-to-date symlink: /home/jay/capstonerobot_ws/install/drive_base_msgs/include/drive_base_msgs/msg/detail/command_header__traits.hpp
[3.442s] -- Up-to-date symlink: /home/jay/capstonerobot_ws/install/drive_base_msgs/include/drive_base_msgs/msg/detail/command_header__type_support.hpp
[3.442s] -- Up-to-date symlink: /home/jay/capstonerobot_ws/install/drive_base_msgs/include/drive_base_msgs/msg/detail/command_status__builder.hpp
[3.442s] -- Up-to-date symlink: /home/jay/capstonerobot_ws/install/drive_base_msgs/include/drive_base_msgs/msg/detail/command_status__struct.hpp
[3.469s] -- Up-to-date symlink: /home/jay/capstonerobot_ws/install/drive_base_msgs/include/drive_base_msgs/msg/detail/command_status__traits.hpp
[3.471s] -- Up-to-date symlink: /home/jay/capstonerobot_ws/install/drive_base_msgs/include/drive_base_msgs/msg/detail/command_status__type_support.hpp
[3.471s] -- Up-to-date symlink: /home/jay/capstonerobot_ws/install/drive_base_msgs/include/drive_base_msgs/msg/detail/trv_command__builder.hpp
[3.472s] -- Up-to-date symlink: /home/jay/capstonerobot_ws/install/drive_base_msgs/include/drive_base_msgs/msg/detail/trv_command__struct.hpp
[3.473s] -- Up-to-date symlink: /home/jay/capstonerobot_ws/install/drive_base_msgs/include/drive_base_msgs/msg/detail/trv_command__traits.hpp
[3.473s] -- Up-to-date symlink: /home/jay/capstonerobot_ws/install/drive_base_msgs/include/drive_base_msgs/msg/detail/trv_command__type_support.hpp
[3.473s] -- Up-to-date symlink: /home/jay/capstonerobot_ws/install/drive_base_msgs/include/drive_base_msgs/msg/rosidl_generator_cpp__visibility_control.hpp
[3.473s] -- Up-to-date symlink: /home/jay/capstonerobot_ws/install/drive_base_msgs/include/drive_base_msgs/msg/trv_command.hpp
[3.484s] -- Up-to-date symlink: /home/jay/capstonerobot_ws/install/drive_base_msgs/include/drive_base_msgs/msg/detail/base_info__rosidl_typesupport_microxrcedds_cpp.hpp
[3.484s] -- Up-to-date symlink: /home/jay/capstonerobot_ws/install/drive_base_msgs/include/drive_base_msgs/msg/detail/command_header__rosidl_typesupport_microxrcedds_cpp.hpp
[3.484s] -- Up-to-date symlink: /home/jay/capstonerobot_ws/install/drive_base_msgs/include/drive_base_msgs/msg/detail/command_status__rosidl_typesupport_microxrcedds_cpp.hpp
[3.485s] -- Up-to-date symlink: /home/jay/capstonerobot_ws/install/drive_base_msgs/include/drive_base_msgs/msg/detail/microxrcedds/base_info__type_support_cpp.cpp
[3.485s] -- Up-to-date symlink: /home/jay/capstonerobot_ws/install/drive_base_msgs/include/drive_base_msgs/msg/detail/microxrcedds/command_header__type_support_cpp.cpp
[3.485s] -- Up-to-date symlink: /home/jay/capstonerobot_ws/install/drive_base_msgs/include/drive_base_msgs/msg/detail/microxrcedds/command_status__type_support_cpp.cpp
[3.485s] -- Up-to-date symlink: /home/jay/capstonerobot_ws/install/drive_base_msgs/include/drive_base_msgs/msg/detail/microxrcedds/trv_command__type_support_cpp.cpp
[3.485s] -- Up-to-date symlink: /home/jay/capstonerobot_ws/install/drive_base_msgs/include/drive_base_msgs/msg/detail/trv_command__rosidl_typesupport_microxrcedds_cpp.hpp
[3.487s] -- Up-to-date symlink: /home/jay/capstonerobot_ws/install/drive_base_msgs/include/drive_base_msgs/msg/rosidl_typesupport_microxrcedds_cpp__visibility_control.h
[3.488s] -- Up-to-date symlink: /home/jay/capstonerobot_ws/install/drive_base_msgs/lib/libdrive_base_msgs__rosidl_typesupport_microxrcedds_cpp.a
[3.488s] -- Up-to-date symlink: /home/jay/capstonerobot_ws/install/drive_base_msgs/include/drive_base_msgs/msg/detail/base_info__rosidl_typesupport_introspection_cpp.hpp
[3.488s] -- Up-to-date symlink: /home/jay/capstonerobot_ws/install/drive_base_msgs/include/drive_base_msgs/msg/detail/command_header__rosidl_typesupport_introspection_cpp.hpp
[3.488s] -- Up-to-date symlink: /home/jay/capstonerobot_ws/install/drive_base_msgs/include/drive_base_msgs/msg/detail/command_status__rosidl_typesupport_introspection_cpp.hpp
[3.488s] -- Up-to-date symlink: /home/jay/capstonerobot_ws/install/drive_base_msgs/include/drive_base_msgs/msg/detail/trv_command__rosidl_typesupport_introspection_cpp.hpp
[3.488s] -- Up-to-date symlink: /home/jay/capstonerobot_ws/install/drive_base_msgs/share/drive_base_msgs/environment/pythonpath.sh
[3.488s] -- Up-to-date symlink: /home/jay/capstonerobot_ws/install/drive_base_msgs/share/drive_base_msgs/environment/pythonpath.dsv
[3.488s] -- Up-to-date symlink: /home/jay/capstonerobot_ws/install/drive_base_msgs/lib/python3.8/site-packages/drive_base_msgs/__init__.py
[3.488s] -- Up-to-date symlink: /home/jay/capstonerobot_ws/install/drive_base_msgs/lib/python3.8/site-packages/drive_base_msgs/msg/__init__.py
[3.488s] -- Up-to-date symlink: /home/jay/capstonerobot_ws/install/drive_base_msgs/lib/python3.8/site-packages/drive_base_msgs/msg/_base_info.py
[3.488s] -- Up-to-date symlink: /home/jay/capstonerobot_ws/install/drive_base_msgs/lib/python3.8/site-packages/drive_base_msgs/msg/_command_header.py
[3.488s] -- Up-to-date symlink: /home/jay/capstonerobot_ws/install/drive_base_msgs/lib/python3.8/site-packages/drive_base_msgs/msg/_command_status.py
[3.488s] -- Up-to-date symlink: /home/jay/capstonerobot_ws/install/drive_base_msgs/lib/python3.8/site-packages/drive_base_msgs/msg/_trv_command.py
[3.488s] -- Up-to-date symlink: /home/jay/capstonerobot_ws/install/drive_base_msgs/lib/python3.8/site-packages/drive_base_msgs/drive_base_msgs_s__rosidl_typesupport_microxrcedds_c.cpython-38-aarch64-linux-gnu.so
[3.488s] -- Up-to-date symlink: /home/jay/capstonerobot_ws/install/drive_base_msgs/lib/python3.8/site-packages/drive_base_msgs/drive_base_msgs_s__rosidl_typesupport_fastrtps_c.cpython-38-aarch64-linux-gnu.so
[3.488s] -- Up-to-date symlink: /home/jay/capstonerobot_ws/install/drive_base_msgs/lib/python3.8/site-packages/drive_base_msgs/drive_base_msgs_s__rosidl_typesupport_introspection_c.cpython-38-aarch64-linux-gnu.so
[3.489s] -- Up-to-date symlink: /home/jay/capstonerobot_ws/install/drive_base_msgs/lib/python3.8/site-packages/drive_base_msgs/drive_base_msgs_s__rosidl_typesupport_c.cpython-38-aarch64-linux-gnu.so
[3.489s] -- Up-to-date symlink: /home/jay/capstonerobot_ws/install/drive_base_msgs/lib/libdrive_base_msgs__python.so
[3.489s] -- Up-to-date symlink: /home/jay/capstonerobot_ws/install/drive_base_msgs/share/drive_base_msgs/msg/CommandHeader.idl
[3.489s] -- Up-to-date symlink: /home/jay/capstonerobot_ws/install/drive_base_msgs/share/drive_base_msgs/msg/BaseInfo.idl
[3.489s] -- Up-to-date symlink: /home/jay/capstonerobot_ws/install/drive_base_msgs/share/drive_base_msgs/msg/CommandStatus.idl
[3.489s] -- Up-to-date symlink: /home/jay/capstonerobot_ws/install/drive_base_msgs/share/drive_base_msgs/msg/TRVCommand.idl
[3.489s] -- Up-to-date symlink: /home/jay/capstonerobot_ws/install/drive_base_msgs/share/drive_base_msgs/msg/CommandHeader.msg
[3.489s] -- Up-to-date symlink: /home/jay/capstonerobot_ws/install/drive_base_msgs/share/drive_base_msgs/msg/BaseInfo.msg
[3.489s] -- Up-to-date symlink: /home/jay/capstonerobot_ws/install/drive_base_msgs/share/drive_base_msgs/msg/CommandStatus.msg
[3.489s] -- Up-to-date symlink: /home/jay/capstonerobot_ws/install/drive_base_msgs/share/drive_base_msgs/msg/TRVCommand.msg
[3.489s] -- Up-to-date symlink: /home/jay/capstonerobot_ws/install/drive_base_msgs/share/ament_index/resource_index/package_run_dependencies/drive_base_msgs
[3.490s] -- Up-to-date symlink: /home/jay/capstonerobot_ws/install/drive_base_msgs/share/ament_index/resource_index/parent_prefix_path/drive_base_msgs
[3.490s] -- Up-to-date symlink: /home/jay/capstonerobot_ws/install/drive_base_msgs/share/drive_base_msgs/environment/ament_prefix_path.sh
[3.490s] -- Up-to-date symlink: /home/jay/capstonerobot_ws/install/drive_base_msgs/share/drive_base_msgs/environment/ament_prefix_path.dsv
[3.491s] -- Up-to-date symlink: /home/jay/capstonerobot_ws/install/drive_base_msgs/share/drive_base_msgs/environment/path.sh
[3.491s] -- Up-to-date symlink: /home/jay/capstonerobot_ws/install/drive_base_msgs/share/drive_base_msgs/environment/path.dsv
[3.491s] -- Up-to-date symlink: /home/jay/capstonerobot_ws/install/drive_base_msgs/share/drive_base_msgs/local_setup.bash
[3.491s] -- Up-to-date symlink: /home/jay/capstonerobot_ws/install/drive_base_msgs/share/drive_base_msgs/local_setup.sh
[3.491s] -- Up-to-date symlink: /home/jay/capstonerobot_ws/install/drive_base_msgs/share/drive_base_msgs/local_setup.zsh
[3.491s] -- Up-to-date symlink: /home/jay/capstonerobot_ws/install/drive_base_msgs/share/drive_base_msgs/local_setup.dsv
[3.491s] -- Symlinking: /home/jay/capstonerobot_ws/install/drive_base_msgs/share/drive_base_msgs/package.dsv
[3.491s] -- Up-to-date symlink: /home/jay/capstonerobot_ws/install/drive_base_msgs/share/ament_index/resource_index/packages/drive_base_msgs
[3.491s] -- Up-to-date symlink: /home/jay/capstonerobot_ws/install/drive_base_msgs/share/drive_base_msgs/cmake/rosidl_cmake-extras.cmake
[3.491s] -- Up-to-date symlink: /home/jay/capstonerobot_ws/install/drive_base_msgs/share/drive_base_msgs/cmake/ament_cmake_export_dependencies-extras.cmake
[3.493s] -- Up-to-date symlink: /home/jay/capstonerobot_ws/install/drive_base_msgs/share/drive_base_msgs/cmake/ament_cmake_export_libraries-extras.cmake
[3.494s] -- Up-to-date symlink: /home/jay/capstonerobot_ws/install/drive_base_msgs/share/drive_base_msgs/cmake/ament_cmake_export_targets-extras.cmake
[3.495s] -- Up-to-date symlink: /home/jay/capstonerobot_ws/install/drive_base_msgs/share/drive_base_msgs/cmake/ament_cmake_export_include_directories-extras.cmake
[3.496s] -- Up-to-date symlink: /home/jay/capstonerobot_ws/install/drive_base_msgs/share/drive_base_msgs/cmake/rosidl_cmake_export_typesupport_libraries-extras.cmake
[3.498s] -- Up-to-date symlink: /home/jay/capstonerobot_ws/install/drive_base_msgs/share/drive_base_msgs/cmake/rosidl_cmake_export_typesupport_targets-extras.cmake
[3.498s] -- Up-to-date symlink: /home/jay/capstonerobot_ws/install/drive_base_msgs/share/drive_base_msgs/cmake/drive_base_msgsConfig.cmake
[3.502s] -- Up-to-date symlink: /home/jay/capstonerobot_ws/install/drive_base_msgs/share/drive_base_msgs/cmake/drive_base_msgsConfig-version.cmake
[3.502s] -- Up-to-date symlink: /home/jay/capstonerobot_ws/install/drive_base_msgs/share/drive_base_msgs/package.xml
[3.504s] -- Up-to-date: /home/jay/capstonerobot_ws/install/drive_base_msgs/lib/libdrive_base_msgs__rosidl_generator_c.so
[3.506s] -- Up-to-date: /home/jay/capstonerobot_ws/install/drive_base_msgs/lib/libdrive_base_msgs__rosidl_typesupport_introspection_c.so
[3.507s] -- Up-to-date: /home/jay/capstonerobot_ws/install/drive_base_msgs/lib/libdrive_base_msgs__rosidl_typesupport_c.so
[3.509s] -- Up-to-date: /home/jay/capstonerobot_ws/install/drive_base_msgs/lib/libdrive_base_msgs__rosidl_typesupport_introspection_cpp.so
[3.511s] -- Up-to-date: /home/jay/capstonerobot_ws/install/drive_base_msgs/lib/libdrive_base_msgs__rosidl_typesupport_cpp.so
[3.535s] Compiling '/home/jay/capstonerobot_ws/install/drive_base_msgs/lib/python3.8/site-packages/drive_base_msgs/__init__.py'...
[3.544s] -- Up-to-date: /home/jay/capstonerobot_ws/install/drive_base_msgs/share/drive_base_msgs/cmake/drive_base_msgs__rosidl_generator_cExport.cmake
[3.544s] -- Installing: /home/jay/capstonerobot_ws/install/drive_base_msgs/share/drive_base_msgs/cmake/drive_base_msgs__rosidl_generator_cExport-noconfig.cmake
[3.544s] -- Up-to-date: /home/jay/capstonerobot_ws/install/drive_base_msgs/share/drive_base_msgs/cmake/drive_base_msgs__rosidl_typesupport_introspection_cExport.cmake
[3.545s] -- Installing: /home/jay/capstonerobot_ws/install/drive_base_msgs/share/drive_base_msgs/cmake/drive_base_msgs__rosidl_typesupport_introspection_cExport-noconfig.cmake
[3.546s] -- Up-to-date: /home/jay/capstonerobot_ws/install/drive_base_msgs/share/drive_base_msgs/cmake/drive_base_msgs__rosidl_typesupport_cExport.cmake
[3.546s] -- Installing: /home/jay/capstonerobot_ws/install/drive_base_msgs/share/drive_base_msgs/cmake/drive_base_msgs__rosidl_typesupport_cExport-noconfig.cmake
[3.546s] -- Up-to-date: /home/jay/capstonerobot_ws/install/drive_base_msgs/share/drive_base_msgs/cmake/drive_base_msgs__rosidl_generator_cppExport.cmake
[3.550s] -- Up-to-date: /home/jay/capstonerobot_ws/install/drive_base_msgs/share/drive_base_msgs/cmake/drive_base_msgs__rosidl_typesupport_introspection_cppExport.cmake
[3.550s] -- Installing: /home/jay/capstonerobot_ws/install/drive_base_msgs/share/drive_base_msgs/cmake/drive_base_msgs__rosidl_typesupport_introspection_cppExport-noconfig.cmake
[3.550s] -- Up-to-date: /home/jay/capstonerobot_ws/install/drive_base_msgs/share/drive_base_msgs/cmake/drive_base_msgs__rosidl_typesupport_cppExport.cmake
[3.550s] -- Installing: /home/jay/capstonerobot_ws/install/drive_base_msgs/share/drive_base_msgs/cmake/drive_base_msgs__rosidl_typesupport_cppExport-noconfig.cmake
[3.645s] Invoked command in '/home/jay/capstonerobot_ws/build/drive_base_msgs' returned '0': CMAKE_PREFIX_PATH=${CMAKE_PREFIX_PATH}:/opt/ros/foxy /usr/bin/cmake --install /home/jay/capstonerobot_ws/build/drive_base_msgs
