[0.025s] Invoking command in '/home/jay/capstonerobot_ws/build/ydlidar_ros2_driver': CMAKE_PREFIX_PATH=${CMAKE_PREFIX_PATH}:/home/jay/capstonerobot_ws/install/turtlebot3_teleop:/home/jay/capstonerobot_ws/install/turtlebot3_example:/opt/ros/foxy /usr/bin/cmake /home/jay/capstonerobot_ws/src/ydlidar_ros2_driver -DCMAKE_INSTALL_PREFIX=/home/jay/capstonerobot_ws/install/ydlidar_ros2_driver
[0.047s] -- Found ament_cmake: 0.9.12 (/opt/ros/foxy/share/ament_cmake/cmake)
[0.096s] -- Using PYTHON_EXECUTABLE: /usr/bin/python3
[0.308s] -- Override CMake install command with custom implementation using symlinks instead of copying resources
[0.321s] -- Found rclcpp: 2.4.3 (/opt/ros/foxy/share/rclcpp/cmake)
[0.393s] -- Using all available rosidl_typesupport_c: rosidl_typesupport_microxrcedds_c;rosidl_typesupport_fastrtps_c;rosidl_typesupport_introspection_c
[0.397s] -- Found rosidl_adapter: 1.3.1 (/opt/ros/foxy/share/rosidl_adapter/cmake)
[0.626s] -- Using all available rosidl_typesupport_cpp: rosidl_typesupport_microxrcedds_cpp;rosidl_typesupport_fastrtps_cpp;rosidl_typesupport_introspection_cpp
[0.701s] -- Found rmw_implementation_cmake: 1.0.4 (/opt/ros/foxy/share/rmw_implementation_cmake/cmake)
[0.704s] -- Using RMW implementation 'rmw_cyclonedds_cpp' as default
[0.901s] -- Found sensor_msgs: 2.0.5 (/opt/ros/foxy/share/sensor_msgs/cmake)
[1.093s] -- Found visualization_msgs: 2.0.5 (/opt/ros/foxy/share/visualization_msgs/cmake)
[1.226s] -- Found std_srvs: 2.0.5 (/opt/ros/foxy/share/std_srvs/cmake)
[1.275s] -- Found ament_lint_auto: 0.9.8 (/opt/ros/foxy/share/ament_lint_auto/cmake)
[1.367s] -- Added test 'copyright' to check source files copyright and LICENSE
[1.411s] -- Added test 'cppcheck' to perform static code analysis on C / C++ code
[1.412s] -- Configured cppcheck include dirs: /home/jay/capstonerobot_ws/src/ydlidar_ros2_driver/src
[1.412s] -- Configured cppcheck exclude dirs and/or files: 
[1.421s] -- Added test 'cpplint' to check C / C++ code against the Google style
[1.421s] -- Configured cpplint exclude dirs and/or files: 
[1.423s] -- Added test 'flake8' to check Python code syntax and style conventions
[1.425s] -- Added test 'lint_cmake' to check CMake code style
[1.427s] -- Added test 'pep257' to check Python code against some of the style conventions in PEP 257
[1.435s] -- Added test 'uncrustify' to check C / C++ code style
[1.435s] -- Configured uncrustify additional arguments: 
[1.437s] -- Added test 'xmllint' to check XML markup files
[1.444s] -- Configuring done
[1.474s] -- Generating done
[1.478s] -- Build files have been written to: /home/jay/capstonerobot_ws/build/ydlidar_ros2_driver
[1.485s] Invoked command in '/home/jay/capstonerobot_ws/build/ydlidar_ros2_driver' returned '0': CMAKE_PREFIX_PATH=${CMAKE_PREFIX_PATH}:/home/jay/capstonerobot_ws/install/turtlebot3_teleop:/home/jay/capstonerobot_ws/install/turtlebot3_example:/opt/ros/foxy /usr/bin/cmake /home/jay/capstonerobot_ws/src/ydlidar_ros2_driver -DCMAKE_INSTALL_PREFIX=/home/jay/capstonerobot_ws/install/ydlidar_ros2_driver
[1.487s] Invoking command in '/home/jay/capstonerobot_ws/build/ydlidar_ros2_driver': CMAKE_PREFIX_PATH=${CMAKE_PREFIX_PATH}:/home/jay/capstonerobot_ws/install/turtlebot3_teleop:/home/jay/capstonerobot_ws/install/turtlebot3_example:/opt/ros/foxy /usr/bin/cmake --build /home/jay/capstonerobot_ws/build/ydlidar_ros2_driver -- -j4 -l4
[1.565s] [ 50%] Built target ydlidar_ros2_driver_client
[1.569s] [100%] Built target ydlidar_ros2_driver_node
[1.583s] Invoked command in '/home/jay/capstonerobot_ws/build/ydlidar_ros2_driver' returned '0': CMAKE_PREFIX_PATH=${CMAKE_PREFIX_PATH}:/home/jay/capstonerobot_ws/install/turtlebot3_teleop:/home/jay/capstonerobot_ws/install/turtlebot3_example:/opt/ros/foxy /usr/bin/cmake --build /home/jay/capstonerobot_ws/build/ydlidar_ros2_driver -- -j4 -l4
[1.895s] Invoking command in '/home/jay/capstonerobot_ws/build/ydlidar_ros2_driver': CMAKE_PREFIX_PATH=${CMAKE_PREFIX_PATH}:/home/jay/capstonerobot_ws/install/turtlebot3_teleop:/home/jay/capstonerobot_ws/install/turtlebot3_example:/opt/ros/foxy /usr/bin/cmake --install /home/jay/capstonerobot_ws/build/ydlidar_ros2_driver
[1.905s] -- Install configuration: ""
[1.905s] -- Execute custom install script
[1.909s] -- Up-to-date symlink: /home/jay/capstonerobot_ws/install/ydlidar_ros2_driver/lib/ydlidar_ros2_driver/ydlidar_ros2_driver_node
[1.910s] -- Up-to-date symlink: /home/jay/capstonerobot_ws/install/ydlidar_ros2_driver/lib/ydlidar_ros2_driver/ydlidar_ros2_driver_client
[1.910s] -- Up-to-date symlink: /home/jay/capstonerobot_ws/install/ydlidar_ros2_driver/share/ydlidar_ros2_driver/launch/ydlidar.py
[1.910s] -- Up-to-date symlink: /home/jay/capstonerobot_ws/install/ydlidar_ros2_driver/share/ydlidar_ros2_driver/launch/ydlidar_launch.py
[1.910s] -- Up-to-date symlink: /home/jay/capstonerobot_ws/install/ydlidar_ros2_driver/share/ydlidar_ros2_driver/launch/ydlidar_launch_view.py
[1.911s] -- Up-to-date symlink: /home/jay/capstonerobot_ws/install/ydlidar_ros2_driver/share/ydlidar_ros2_driver/params/G1.yaml
[1.911s] -- Up-to-date symlink: /home/jay/capstonerobot_ws/install/ydlidar_ros2_driver/share/ydlidar_ros2_driver/params/G2.yaml
[1.911s] -- Up-to-date symlink: /home/jay/capstonerobot_ws/install/ydlidar_ros2_driver/share/ydlidar_ros2_driver/params/G6.yaml
[1.912s] -- Up-to-date symlink: /home/jay/capstonerobot_ws/install/ydlidar_ros2_driver/share/ydlidar_ros2_driver/params/TG.yaml
[1.914s] -- Up-to-date symlink: /home/jay/capstonerobot_ws/install/ydlidar_ros2_driver/share/ydlidar_ros2_driver/params/TminiPro.yaml
[1.916s] -- Up-to-date symlink: /home/jay/capstonerobot_ws/install/ydlidar_ros2_driver/share/ydlidar_ros2_driver/params/X2.yaml
[1.916s] -- Up-to-date symlink: /home/jay/capstonerobot_ws/install/ydlidar_ros2_driver/share/ydlidar_ros2_driver/params/X4-Pro.yaml
[1.916s] -- Up-to-date symlink: /home/jay/capstonerobot_ws/install/ydlidar_ros2_driver/share/ydlidar_ros2_driver/params/X4.yaml
[1.917s] -- Up-to-date symlink: /home/jay/capstonerobot_ws/install/ydlidar_ros2_driver/share/ydlidar_ros2_driver/params/ydlidar.yaml
[1.917s] -- Up-to-date symlink: /home/jay/capstonerobot_ws/install/ydlidar_ros2_driver/share/ydlidar_ros2_driver/startup/initenv.sh
[1.917s] -- Up-to-date symlink: /home/jay/capstonerobot_ws/install/ydlidar_ros2_driver/share/ydlidar_ros2_driver/config/ydlidar.rviz
[1.917s] -- Up-to-date symlink: /home/jay/capstonerobot_ws/install/ydlidar_ros2_driver/share/ament_index/resource_index/package_run_dependencies/ydlidar_ros2_driver
[1.918s] -- Up-to-date symlink: /home/jay/capstonerobot_ws/install/ydlidar_ros2_driver/share/ament_index/resource_index/parent_prefix_path/ydlidar_ros2_driver
[1.919s] -- Up-to-date symlink: /home/jay/capstonerobot_ws/install/ydlidar_ros2_driver/share/ydlidar_ros2_driver/environment/ament_prefix_path.sh
[1.919s] -- Up-to-date symlink: /home/jay/capstonerobot_ws/install/ydlidar_ros2_driver/share/ydlidar_ros2_driver/environment/ament_prefix_path.dsv
[1.919s] -- Up-to-date symlink: /home/jay/capstonerobot_ws/install/ydlidar_ros2_driver/share/ydlidar_ros2_driver/environment/path.sh
[1.920s] -- Up-to-date symlink: /home/jay/capstonerobot_ws/install/ydlidar_ros2_driver/share/ydlidar_ros2_driver/environment/path.dsv
[1.920s] -- Up-to-date symlink: /home/jay/capstonerobot_ws/install/ydlidar_ros2_driver/share/ydlidar_ros2_driver/local_setup.bash
[1.920s] -- Up-to-date symlink: /home/jay/capstonerobot_ws/install/ydlidar_ros2_driver/share/ydlidar_ros2_driver/local_setup.sh
[1.921s] -- Up-to-date symlink: /home/jay/capstonerobot_ws/install/ydlidar_ros2_driver/share/ydlidar_ros2_driver/local_setup.zsh
[1.921s] -- Up-to-date symlink: /home/jay/capstonerobot_ws/install/ydlidar_ros2_driver/share/ydlidar_ros2_driver/local_setup.dsv
[1.921s] -- Symlinking: /home/jay/capstonerobot_ws/install/ydlidar_ros2_driver/share/ydlidar_ros2_driver/package.dsv
[1.933s] -- Up-to-date symlink: /home/jay/capstonerobot_ws/install/ydlidar_ros2_driver/share/ament_index/resource_index/packages/ydlidar_ros2_driver
[1.934s] -- Up-to-date symlink: /home/jay/capstonerobot_ws/install/ydlidar_ros2_driver/share/ydlidar_ros2_driver/cmake/ydlidar_ros2_driverConfig.cmake
[1.934s] -- Up-to-date symlink: /home/jay/capstonerobot_ws/install/ydlidar_ros2_driver/share/ydlidar_ros2_driver/cmake/ydlidar_ros2_driverConfig-version.cmake
[1.935s] -- Up-to-date symlink: /home/jay/capstonerobot_ws/install/ydlidar_ros2_driver/share/ydlidar_ros2_driver/package.xml
[1.940s] Invoked command in '/home/jay/capstonerobot_ws/build/ydlidar_ros2_driver' returned '0': CMAKE_PREFIX_PATH=${CMAKE_PREFIX_PATH}:/home/jay/capstonerobot_ws/install/turtlebot3_teleop:/home/jay/capstonerobot_ws/install/turtlebot3_example:/opt/ros/foxy /usr/bin/cmake --install /home/jay/capstonerobot_ws/build/ydlidar_ros2_driver
