[0.651s] Invoking command in '/home/jay/capstonerobot_ws/build/turtlebot3_teleop': PYTHONPATH=/home/jay/capstonerobot_ws/build/turtlebot3_teleop/prefix_override:/home/jay/capstonerobot_ws/install/turtlebot3_teleop/lib/python3.8/site-packages:${PYTHONPATH} /usr/bin/python3 setup.py develop --uninstall --editable --build-directory /home/jay/capstonerobot_ws/build/turtlebot3_teleop/build
[0.788s] running develop
[0.887s] Invoked command in '/home/jay/capstonerobot_ws/build/turtlebot3_teleop' returned '0': PYTHONPATH=/home/jay/capstonerobot_ws/build/turtlebot3_teleop/prefix_override:/home/jay/capstonerobot_ws/install/turtlebot3_teleop/lib/python3.8/site-packages:${PYTHONPATH} /usr/bin/python3 setup.py develop --uninstall --editable --build-directory /home/jay/capstonerobot_ws/build/turtlebot3_teleop/build
[0.893s] Invoking command in '/home/jay/capstonerobot_ws/src/turtlebot3/turtlebot3_teleop': PYTHONPATH=/home/jay/capstonerobot_ws/build/turtlebot3_teleop/prefix_override:/home/jay/capstonerobot_ws/install/turtlebot3_teleop/lib/python3.8/site-packages:${PYTHONPATH} /usr/bin/python3 setup.py egg_info --egg-base ../../../build/turtlebot3_teleop build --build-base /home/jay/capstonerobot_ws/build/turtlebot3_teleop/build install --record /home/jay/capstonerobot_ws/build/turtlebot3_teleop/install.log --single-version-externally-managed
[1.037s] running egg_info
[1.037s] writing ../../../build/turtlebot3_teleop/turtlebot3_teleop.egg-info/PKG-INFO
[1.038s] writing dependency_links to ../../../build/turtlebot3_teleop/turtlebot3_teleop.egg-info/dependency_links.txt
[1.039s] writing entry points to ../../../build/turtlebot3_teleop/turtlebot3_teleop.egg-info/entry_points.txt
[1.039s] writing requirements to ../../../build/turtlebot3_teleop/turtlebot3_teleop.egg-info/requires.txt
[1.039s] writing top-level names to ../../../build/turtlebot3_teleop/turtlebot3_teleop.egg-info/top_level.txt
[1.066s] reading manifest file '../../../build/turtlebot3_teleop/turtlebot3_teleop.egg-info/SOURCES.txt'
[1.070s] writing manifest file '../../../build/turtlebot3_teleop/turtlebot3_teleop.egg-info/SOURCES.txt'
[1.070s] running build
[1.070s] running build_py
[1.070s] running install
[1.070s] running install_lib
[1.074s] running install_data
[1.074s] running install_egg_info
[1.075s] removing '/home/jay/capstonerobot_ws/install/turtlebot3_teleop/lib/python3.8/site-packages/turtlebot3_teleop-2.1.4-py3.8.egg-info' (and everything under it)
[1.075s] Copying ../../../build/turtlebot3_teleop/turtlebot3_teleop.egg-info to /home/jay/capstonerobot_ws/install/turtlebot3_teleop/lib/python3.8/site-packages/turtlebot3_teleop-2.1.4-py3.8.egg-info
[1.077s] running install_scripts
[1.086s] Installing teleop_keyboard script to /home/jay/capstonerobot_ws/install/turtlebot3_teleop/lib/turtlebot3_teleop
[1.086s] writing list of installed files to '/home/jay/capstonerobot_ws/build/turtlebot3_teleop/install.log'
[1.246s] Invoked command in '/home/jay/capstonerobot_ws/src/turtlebot3/turtlebot3_teleop' returned '0': PYTHONPATH=/home/jay/capstonerobot_ws/build/turtlebot3_teleop/prefix_override:/home/jay/capstonerobot_ws/install/turtlebot3_teleop/lib/python3.8/site-packages:${PYTHONPATH} /usr/bin/python3 setup.py egg_info --egg-base ../../../build/turtlebot3_teleop build --build-base /home/jay/capstonerobot_ws/build/turtlebot3_teleop/build install --record /home/jay/capstonerobot_ws/build/turtlebot3_teleop/install.log --single-version-externally-managed
