[0.011s] Invoking command in '/home/jay/capstonerobot_ws/build/drive_base_msgs': CMAKE_PREFIX_PATH=${CMAKE_PREFIX_PATH}:/home/jay/capstonerobot_ws/install/turtlebot3_teleop:/home/jay/capstonerobot_ws/install/turtlebot3_example:/opt/ros/foxy /usr/bin/cmake --build /home/jay/capstonerobot_ws/build/drive_base_msgs -- -j4 -l4
[0.093s] [  1%] Built target drive_base_msgs__cpp
[0.113s] [ 10%] Built target drive_base_msgs__rosidl_generator_c
[0.148s] [ 18%] Built target drive_base_msgs__rosidl_typesupport_cpp
[0.149s] [ 27%] Built target drive_base_msgs__rosidl_typesupport_introspection_cpp
[0.156s] [ 36%] Built target drive_base_msgs__rosidl_typesupport_fastrtps_cpp
[0.188s] [ 44%] Built target drive_base_msgs__rosidl_typesupport_microxrcedds_c
[0.190s] [ 53%] Built target drive_base_msgs__rosidl_typesupport_microxrcedds_cpp
[0.194s] [ 62%] Built target drive_base_msgs__rosidl_typesupport_introspection_c
[0.207s] [ 71%] Built target drive_base_msgs__rosidl_typesupport_c
[0.234s] [ 79%] Built target drive_base_msgs__rosidl_typesupport_fastrtps_c
[0.278s] [ 79%] Built target drive_base_msgs
[0.299s] [ 81%] Built target drive_base_msgs__py
[0.335s] [ 88%] Built target drive_base_msgs__python
[0.380s] [ 91%] Built target drive_base_msgs__rosidl_typesupport_fastrtps_c__pyext
[0.386s] [ 94%] Built target drive_base_msgs__rosidl_typesupport_c__pyext
[0.393s] [100%] Built target drive_base_msgs__rosidl_typesupport_introspection_c__pyext
[0.394s] [100%] Built target drive_base_msgs__rosidl_typesupport_microxrcedds_c__pyext
[0.491s] Invoked command in '/home/jay/capstonerobot_ws/build/drive_base_msgs' returned '0': CMAKE_PREFIX_PATH=${CMAKE_PREFIX_PATH}:/home/jay/capstonerobot_ws/install/turtlebot3_teleop:/home/jay/capstonerobot_ws/install/turtlebot3_example:/opt/ros/foxy /usr/bin/cmake --build /home/jay/capstonerobot_ws/build/drive_base_msgs -- -j4 -l4
[0.705s] Invoking command in '/home/jay/capstonerobot_ws/build/drive_base_msgs': CMAKE_PREFIX_PATH=${CMAKE_PREFIX_PATH}:/home/jay/capstonerobot_ws/install/turtlebot3_teleop:/home/jay/capstonerobot_ws/install/turtlebot3_example:/opt/ros/foxy /usr/bin/cmake --install /home/jay/capstonerobot_ws/build/drive_base_msgs
[0.708s] -- Install configuration: ""
[0.708s] -- Execute custom install script
[0.709s] -- Up-to-date symlink: /home/jay/capstonerobot_ws/install/drive_base_msgs/share/ament_index/resource_index/rosidl_interfaces/drive_base_msgs
[0.717s] -- Up-to-date symlink: /home/jay/capstonerobot_ws/install/drive_base_msgs/include/drive_base_msgs/msg/base_info.h
[0.717s] -- Up-to-date symlink: /home/jay/capstonerobot_ws/install/drive_base_msgs/include/drive_base_msgs/msg/command_header.h
[0.718s] -- Up-to-date symlink: /home/jay/capstonerobot_ws/install/drive_base_msgs/include/drive_base_msgs/msg/command_status.h
[0.718s] -- Up-to-date symlink: /home/jay/capstonerobot_ws/install/drive_base_msgs/include/drive_base_msgs/msg/detail/base_info__functions.h
[0.719s] -- Up-to-date symlink: /home/jay/capstonerobot_ws/install/drive_base_msgs/include/drive_base_msgs/msg/detail/base_info__struct.h
[0.719s] -- Up-to-date symlink: /home/jay/capstonerobot_ws/install/drive_base_msgs/include/drive_base_msgs/msg/detail/base_info__type_support.h
[0.720s] -- Up-to-date symlink: /home/jay/capstonerobot_ws/install/drive_base_msgs/include/drive_base_msgs/msg/detail/command_header__functions.h
[0.720s] -- Up-to-date symlink: /home/jay/capstonerobot_ws/install/drive_base_msgs/include/drive_base_msgs/msg/detail/command_header__struct.h
[0.720s] -- Up-to-date symlink: /home/jay/capstonerobot_ws/install/drive_base_msgs/include/drive_base_msgs/msg/detail/command_header__type_support.h
[0.720s] -- Up-to-date symlink: /home/jay/capstonerobot_ws/install/drive_base_msgs/include/drive_base_msgs/msg/detail/command_status__functions.h
[0.721s] -- Up-to-date symlink: /home/jay/capstonerobot_ws/install/drive_base_msgs/include/drive_base_msgs/msg/detail/command_status__struct.h
[0.721s] -- Up-to-date symlink: /home/jay/capstonerobot_ws/install/drive_base_msgs/include/drive_base_msgs/msg/detail/command_status__type_support.h
[0.721s] -- Up-to-date symlink: /home/jay/capstonerobot_ws/install/drive_base_msgs/include/drive_base_msgs/msg/detail/trv_command__functions.h
[0.722s] -- Up-to-date symlink: /home/jay/capstonerobot_ws/install/drive_base_msgs/include/drive_base_msgs/msg/detail/trv_command__struct.h
[0.723s] -- Up-to-date symlink: /home/jay/capstonerobot_ws/install/drive_base_msgs/include/drive_base_msgs/msg/detail/trv_command__type_support.h
[0.723s] -- Up-to-date symlink: /home/jay/capstonerobot_ws/install/drive_base_msgs/include/drive_base_msgs/msg/rosidl_generator_c__visibility_control.h
[0.724s] -- Up-to-date symlink: /home/jay/capstonerobot_ws/install/drive_base_msgs/include/drive_base_msgs/msg/trv_command.h
[0.725s] -- Up-to-date symlink: /home/jay/capstonerobot_ws/install/drive_base_msgs/share/drive_base_msgs/environment/library_path.sh
[0.725s] -- Up-to-date symlink: /home/jay/capstonerobot_ws/install/drive_base_msgs/share/drive_base_msgs/environment/library_path.dsv
[0.726s] -- Up-to-date symlink: /home/jay/capstonerobot_ws/install/drive_base_msgs/include/drive_base_msgs/msg/detail/base_info__rosidl_typesupport_microxrcedds_c.h
[0.727s] -- Up-to-date symlink: /home/jay/capstonerobot_ws/install/drive_base_msgs/include/drive_base_msgs/msg/detail/command_header__rosidl_typesupport_microxrcedds_c.h
[0.728s] -- Up-to-date symlink: /home/jay/capstonerobot_ws/install/drive_base_msgs/include/drive_base_msgs/msg/detail/command_status__rosidl_typesupport_microxrcedds_c.h
[0.729s] -- Up-to-date symlink: /home/jay/capstonerobot_ws/install/drive_base_msgs/include/drive_base_msgs/msg/detail/trv_command__rosidl_typesupport_microxrcedds_c.h
[0.730s] -- Up-to-date symlink: /home/jay/capstonerobot_ws/install/drive_base_msgs/include/drive_base_msgs/msg/rosidl_typesupport_microxrcedds_c__visibility_control.h
[0.731s] -- Up-to-date symlink: /home/jay/capstonerobot_ws/install/drive_base_msgs/lib/libdrive_base_msgs__rosidl_typesupport_microxrcedds_c.a
[0.732s] -- Up-to-date symlink: /home/jay/capstonerobot_ws/install/drive_base_msgs/include/drive_base_msgs/msg/detail/base_info__rosidl_typesupport_fastrtps_c.h
[0.733s] -- Up-to-date symlink: /home/jay/capstonerobot_ws/install/drive_base_msgs/include/drive_base_msgs/msg/detail/command_header__rosidl_typesupport_fastrtps_c.h
[0.734s] -- Up-to-date symlink: /home/jay/capstonerobot_ws/install/drive_base_msgs/include/drive_base_msgs/msg/detail/command_status__rosidl_typesupport_fastrtps_c.h
[0.734s] -- Up-to-date symlink: /home/jay/capstonerobot_ws/install/drive_base_msgs/include/drive_base_msgs/msg/detail/trv_command__rosidl_typesupport_fastrtps_c.h
[0.735s] -- Up-to-date symlink: /home/jay/capstonerobot_ws/install/drive_base_msgs/include/drive_base_msgs/msg/rosidl_typesupport_fastrtps_c__visibility_control.h
[0.736s] -- Up-to-date symlink: /home/jay/capstonerobot_ws/install/drive_base_msgs/lib/libdrive_base_msgs__rosidl_typesupport_fastrtps_c.so
[0.738s] -- Up-to-date symlink: /home/jay/capstonerobot_ws/install/drive_base_msgs/include/drive_base_msgs/msg/detail/base_info__rosidl_typesupport_fastrtps_cpp.hpp
[0.738s] -- Up-to-date symlink: /home/jay/capstonerobot_ws/install/drive_base_msgs/include/drive_base_msgs/msg/detail/command_header__rosidl_typesupport_fastrtps_cpp.hpp
[0.739s] -- Up-to-date symlink: /home/jay/capstonerobot_ws/install/drive_base_msgs/include/drive_base_msgs/msg/detail/command_status__rosidl_typesupport_fastrtps_cpp.hpp
[0.739s] -- Up-to-date symlink: /home/jay/capstonerobot_ws/install/drive_base_msgs/include/drive_base_msgs/msg/detail/trv_command__rosidl_typesupport_fastrtps_cpp.hpp
[0.741s] -- Up-to-date symlink: /home/jay/capstonerobot_ws/install/drive_base_msgs/include/drive_base_msgs/msg/rosidl_typesupport_fastrtps_cpp__visibility_control.h
[0.744s] -- Up-to-date symlink: /home/jay/capstonerobot_ws/install/drive_base_msgs/lib/libdrive_base_msgs__rosidl_typesupport_fastrtps_cpp.so
[0.745s] -- Up-to-date symlink: /home/jay/capstonerobot_ws/install/drive_base_msgs/include/drive_base_msgs/msg/detail/base_info__rosidl_typesupport_introspection_c.h
[0.745s] -- Up-to-date symlink: /home/jay/capstonerobot_ws/install/drive_base_msgs/include/drive_base_msgs/msg/detail/command_header__rosidl_typesupport_introspection_c.h
[0.746s] -- Up-to-date symlink: /home/jay/capstonerobot_ws/install/drive_base_msgs/include/drive_base_msgs/msg/detail/command_status__rosidl_typesupport_introspection_c.h
[0.746s] -- Up-to-date symlink: /home/jay/capstonerobot_ws/install/drive_base_msgs/include/drive_base_msgs/msg/detail/trv_command__rosidl_typesupport_introspection_c.h
[0.747s] -- Up-to-date symlink: /home/jay/capstonerobot_ws/install/drive_base_msgs/include/drive_base_msgs/msg/rosidl_typesupport_introspection_c__visibility_control.h
[0.747s] -- Up-to-date symlink: /home/jay/capstonerobot_ws/install/drive_base_msgs/include/drive_base_msgs/msg/base_info.hpp
[0.748s] -- Up-to-date symlink: /home/jay/capstonerobot_ws/install/drive_base_msgs/include/drive_base_msgs/msg/command_header.hpp
[0.748s] -- Up-to-date symlink: /home/jay/capstonerobot_ws/install/drive_base_msgs/include/drive_base_msgs/msg/command_status.hpp
[0.748s] -- Up-to-date symlink: /home/jay/capstonerobot_ws/install/drive_base_msgs/include/drive_base_msgs/msg/detail/base_info__builder.hpp
[0.749s] -- Up-to-date symlink: /home/jay/capstonerobot_ws/install/drive_base_msgs/include/drive_base_msgs/msg/detail/base_info__struct.hpp
[0.749s] -- Up-to-date symlink: /home/jay/capstonerobot_ws/install/drive_base_msgs/include/drive_base_msgs/msg/detail/base_info__traits.hpp
[0.749s] -- Up-to-date symlink: /home/jay/capstonerobot_ws/install/drive_base_msgs/include/drive_base_msgs/msg/detail/base_info__type_support.hpp
[0.750s] -- Up-to-date symlink: /home/jay/capstonerobot_ws/install/drive_base_msgs/include/drive_base_msgs/msg/detail/command_header__builder.hpp
[0.750s] -- Up-to-date symlink: /home/jay/capstonerobot_ws/install/drive_base_msgs/include/drive_base_msgs/msg/detail/command_header__struct.hpp
[0.751s] -- Up-to-date symlink: /home/jay/capstonerobot_ws/install/drive_base_msgs/include/drive_base_msgs/msg/detail/command_header__traits.hpp
[0.751s] -- Up-to-date symlink: /home/jay/capstonerobot_ws/install/drive_base_msgs/include/drive_base_msgs/msg/detail/command_header__type_support.hpp
[0.752s] -- Up-to-date symlink: /home/jay/capstonerobot_ws/install/drive_base_msgs/include/drive_base_msgs/msg/detail/command_status__builder.hpp
[0.752s] -- Up-to-date symlink: /home/jay/capstonerobot_ws/install/drive_base_msgs/include/drive_base_msgs/msg/detail/command_status__struct.hpp
[0.752s] -- Up-to-date symlink: /home/jay/capstonerobot_ws/install/drive_base_msgs/include/drive_base_msgs/msg/detail/command_status__traits.hpp
[0.753s] -- Up-to-date symlink: /home/jay/capstonerobot_ws/install/drive_base_msgs/include/drive_base_msgs/msg/detail/command_status__type_support.hpp
[0.753s] -- Up-to-date symlink: /home/jay/capstonerobot_ws/install/drive_base_msgs/include/drive_base_msgs/msg/detail/trv_command__builder.hpp
[0.753s] -- Up-to-date symlink: /home/jay/capstonerobot_ws/install/drive_base_msgs/include/drive_base_msgs/msg/detail/trv_command__struct.hpp
[0.753s] -- Up-to-date symlink: /home/jay/capstonerobot_ws/install/drive_base_msgs/include/drive_base_msgs/msg/detail/trv_command__traits.hpp
[0.754s] -- Up-to-date symlink: /home/jay/capstonerobot_ws/install/drive_base_msgs/include/drive_base_msgs/msg/detail/trv_command__type_support.hpp
[0.754s] -- Up-to-date symlink: /home/jay/capstonerobot_ws/install/drive_base_msgs/include/drive_base_msgs/msg/rosidl_generator_cpp__visibility_control.hpp
[0.755s] -- Up-to-date symlink: /home/jay/capstonerobot_ws/install/drive_base_msgs/include/drive_base_msgs/msg/trv_command.hpp
[0.756s] -- Up-to-date symlink: /home/jay/capstonerobot_ws/install/drive_base_msgs/include/drive_base_msgs/msg/detail/base_info__rosidl_typesupport_microxrcedds_cpp.hpp
[0.756s] -- Up-to-date symlink: /home/jay/capstonerobot_ws/install/drive_base_msgs/include/drive_base_msgs/msg/detail/command_header__rosidl_typesupport_microxrcedds_cpp.hpp
[0.756s] -- Up-to-date symlink: /home/jay/capstonerobot_ws/install/drive_base_msgs/include/drive_base_msgs/msg/detail/command_status__rosidl_typesupport_microxrcedds_cpp.hpp
[0.756s] -- Up-to-date symlink: /home/jay/capstonerobot_ws/install/drive_base_msgs/include/drive_base_msgs/msg/detail/microxrcedds/base_info__type_support_cpp.cpp
[0.757s] -- Up-to-date symlink: /home/jay/capstonerobot_ws/install/drive_base_msgs/include/drive_base_msgs/msg/detail/microxrcedds/command_header__type_support_cpp.cpp
[0.757s] -- Up-to-date symlink: /home/jay/capstonerobot_ws/install/drive_base_msgs/include/drive_base_msgs/msg/detail/microxrcedds/command_status__type_support_cpp.cpp
[0.757s] -- Up-to-date symlink: /home/jay/capstonerobot_ws/install/drive_base_msgs/include/drive_base_msgs/msg/detail/microxrcedds/trv_command__type_support_cpp.cpp
[0.757s] -- Up-to-date symlink: /home/jay/capstonerobot_ws/install/drive_base_msgs/include/drive_base_msgs/msg/detail/trv_command__rosidl_typesupport_microxrcedds_cpp.hpp
[0.758s] -- Up-to-date symlink: /home/jay/capstonerobot_ws/install/drive_base_msgs/include/drive_base_msgs/msg/rosidl_typesupport_microxrcedds_cpp__visibility_control.h
[0.759s] -- Up-to-date symlink: /home/jay/capstonerobot_ws/install/drive_base_msgs/lib/libdrive_base_msgs__rosidl_typesupport_microxrcedds_cpp.a
[0.759s] -- Up-to-date symlink: /home/jay/capstonerobot_ws/install/drive_base_msgs/include/drive_base_msgs/msg/detail/base_info__rosidl_typesupport_introspection_cpp.hpp
[0.759s] -- Up-to-date symlink: /home/jay/capstonerobot_ws/install/drive_base_msgs/include/drive_base_msgs/msg/detail/command_header__rosidl_typesupport_introspection_cpp.hpp
[0.760s] -- Up-to-date symlink: /home/jay/capstonerobot_ws/install/drive_base_msgs/include/drive_base_msgs/msg/detail/command_status__rosidl_typesupport_introspection_cpp.hpp
[0.760s] -- Up-to-date symlink: /home/jay/capstonerobot_ws/install/drive_base_msgs/include/drive_base_msgs/msg/detail/trv_command__rosidl_typesupport_introspection_cpp.hpp
[0.760s] -- Up-to-date symlink: /home/jay/capstonerobot_ws/install/drive_base_msgs/share/drive_base_msgs/environment/pythonpath.sh
[0.760s] -- Up-to-date symlink: /home/jay/capstonerobot_ws/install/drive_base_msgs/share/drive_base_msgs/environment/pythonpath.dsv
[0.761s] -- Up-to-date symlink: /home/jay/capstonerobot_ws/install/drive_base_msgs/lib/python3.8/site-packages/drive_base_msgs/__init__.py
[0.762s] -- Up-to-date symlink: /home/jay/capstonerobot_ws/install/drive_base_msgs/lib/python3.8/site-packages/drive_base_msgs/msg/__init__.py
[0.762s] -- Up-to-date symlink: /home/jay/capstonerobot_ws/install/drive_base_msgs/lib/python3.8/site-packages/drive_base_msgs/msg/_base_info.py
[0.763s] -- Up-to-date symlink: /home/jay/capstonerobot_ws/install/drive_base_msgs/lib/python3.8/site-packages/drive_base_msgs/msg/_command_header.py
[0.763s] -- Up-to-date symlink: /home/jay/capstonerobot_ws/install/drive_base_msgs/lib/python3.8/site-packages/drive_base_msgs/msg/_command_status.py
[0.764s] -- Up-to-date symlink: /home/jay/capstonerobot_ws/install/drive_base_msgs/lib/python3.8/site-packages/drive_base_msgs/msg/_trv_command.py
[0.764s] -- Up-to-date symlink: /home/jay/capstonerobot_ws/install/drive_base_msgs/lib/python3.8/site-packages/drive_base_msgs/drive_base_msgs_s__rosidl_typesupport_microxrcedds_c.cpython-38-aarch64-linux-gnu.so
[0.765s] -- Up-to-date symlink: /home/jay/capstonerobot_ws/install/drive_base_msgs/lib/python3.8/site-packages/drive_base_msgs/drive_base_msgs_s__rosidl_typesupport_fastrtps_c.cpython-38-aarch64-linux-gnu.so
[0.766s] -- Up-to-date symlink: /home/jay/capstonerobot_ws/install/drive_base_msgs/lib/python3.8/site-packages/drive_base_msgs/drive_base_msgs_s__rosidl_typesupport_introspection_c.cpython-38-aarch64-linux-gnu.so
[0.767s] -- Up-to-date symlink: /home/jay/capstonerobot_ws/install/drive_base_msgs/lib/python3.8/site-packages/drive_base_msgs/drive_base_msgs_s__rosidl_typesupport_c.cpython-38-aarch64-linux-gnu.so
[0.770s] -- Up-to-date symlink: /home/jay/capstonerobot_ws/install/drive_base_msgs/lib/libdrive_base_msgs__python.so
[0.770s] -- Up-to-date symlink: /home/jay/capstonerobot_ws/install/drive_base_msgs/share/drive_base_msgs/msg/CommandHeader.idl
[0.770s] -- Up-to-date symlink: /home/jay/capstonerobot_ws/install/drive_base_msgs/share/drive_base_msgs/msg/BaseInfo.idl
[0.770s] -- Up-to-date symlink: /home/jay/capstonerobot_ws/install/drive_base_msgs/share/drive_base_msgs/msg/CommandStatus.idl
[0.770s] -- Up-to-date symlink: /home/jay/capstonerobot_ws/install/drive_base_msgs/share/drive_base_msgs/msg/TRVCommand.idl
[0.770s] -- Up-to-date symlink: /home/jay/capstonerobot_ws/install/drive_base_msgs/share/drive_base_msgs/msg/CommandHeader.msg
[0.771s] -- Up-to-date symlink: /home/jay/capstonerobot_ws/install/drive_base_msgs/share/drive_base_msgs/msg/BaseInfo.msg
[0.771s] -- Up-to-date symlink: /home/jay/capstonerobot_ws/install/drive_base_msgs/share/drive_base_msgs/msg/CommandStatus.msg
[0.772s] -- Up-to-date symlink: /home/jay/capstonerobot_ws/install/drive_base_msgs/share/drive_base_msgs/msg/TRVCommand.msg
[0.772s] -- Up-to-date symlink: /home/jay/capstonerobot_ws/install/drive_base_msgs/share/ament_index/resource_index/package_run_dependencies/drive_base_msgs
[0.773s] -- Up-to-date symlink: /home/jay/capstonerobot_ws/install/drive_base_msgs/share/ament_index/resource_index/parent_prefix_path/drive_base_msgs
[0.773s] -- Up-to-date symlink: /home/jay/capstonerobot_ws/install/drive_base_msgs/share/drive_base_msgs/environment/ament_prefix_path.sh
[0.773s] -- Up-to-date symlink: /home/jay/capstonerobot_ws/install/drive_base_msgs/share/drive_base_msgs/environment/ament_prefix_path.dsv
[0.773s] -- Up-to-date symlink: /home/jay/capstonerobot_ws/install/drive_base_msgs/share/drive_base_msgs/environment/path.sh
[0.773s] -- Up-to-date symlink: /home/jay/capstonerobot_ws/install/drive_base_msgs/share/drive_base_msgs/environment/path.dsv
[0.774s] -- Up-to-date symlink: /home/jay/capstonerobot_ws/install/drive_base_msgs/share/drive_base_msgs/local_setup.bash
[0.774s] -- Up-to-date symlink: /home/jay/capstonerobot_ws/install/drive_base_msgs/share/drive_base_msgs/local_setup.sh
[0.774s] -- Up-to-date symlink: /home/jay/capstonerobot_ws/install/drive_base_msgs/share/drive_base_msgs/local_setup.zsh
[0.774s] -- Up-to-date symlink: /home/jay/capstonerobot_ws/install/drive_base_msgs/share/drive_base_msgs/local_setup.dsv
[0.775s] -- Symlinking: /home/jay/capstonerobot_ws/install/drive_base_msgs/share/drive_base_msgs/package.dsv
[0.785s] -- Up-to-date symlink: /home/jay/capstonerobot_ws/install/drive_base_msgs/share/ament_index/resource_index/packages/drive_base_msgs
[0.786s] -- Up-to-date symlink: /home/jay/capstonerobot_ws/install/drive_base_msgs/share/drive_base_msgs/cmake/rosidl_cmake-extras.cmake
[0.786s] -- Up-to-date symlink: /home/jay/capstonerobot_ws/install/drive_base_msgs/share/drive_base_msgs/cmake/ament_cmake_export_dependencies-extras.cmake
[0.787s] -- Up-to-date symlink: /home/jay/capstonerobot_ws/install/drive_base_msgs/share/drive_base_msgs/cmake/ament_cmake_export_libraries-extras.cmake
[0.787s] -- Up-to-date symlink: /home/jay/capstonerobot_ws/install/drive_base_msgs/share/drive_base_msgs/cmake/ament_cmake_export_targets-extras.cmake
[0.788s] -- Up-to-date symlink: /home/jay/capstonerobot_ws/install/drive_base_msgs/share/drive_base_msgs/cmake/ament_cmake_export_include_directories-extras.cmake
[0.788s] -- Up-to-date symlink: /home/jay/capstonerobot_ws/install/drive_base_msgs/share/drive_base_msgs/cmake/rosidl_cmake_export_typesupport_libraries-extras.cmake
[0.788s] -- Up-to-date symlink: /home/jay/capstonerobot_ws/install/drive_base_msgs/share/drive_base_msgs/cmake/rosidl_cmake_export_typesupport_targets-extras.cmake
[0.788s] -- Up-to-date symlink: /home/jay/capstonerobot_ws/install/drive_base_msgs/share/drive_base_msgs/cmake/drive_base_msgsConfig.cmake
[0.789s] -- Up-to-date symlink: /home/jay/capstonerobot_ws/install/drive_base_msgs/share/drive_base_msgs/cmake/drive_base_msgsConfig-version.cmake
[0.789s] -- Up-to-date symlink: /home/jay/capstonerobot_ws/install/drive_base_msgs/share/drive_base_msgs/package.xml
[0.790s] -- Up-to-date: /home/jay/capstonerobot_ws/install/drive_base_msgs/lib/libdrive_base_msgs__rosidl_generator_c.so
[0.792s] -- Up-to-date: /home/jay/capstonerobot_ws/install/drive_base_msgs/lib/libdrive_base_msgs__rosidl_typesupport_introspection_c.so
[0.792s] -- Up-to-date: /home/jay/capstonerobot_ws/install/drive_base_msgs/lib/libdrive_base_msgs__rosidl_typesupport_c.so
[0.794s] -- Up-to-date: /home/jay/capstonerobot_ws/install/drive_base_msgs/lib/libdrive_base_msgs__rosidl_typesupport_introspection_cpp.so
[0.795s] -- Up-to-date: /home/jay/capstonerobot_ws/install/drive_base_msgs/lib/libdrive_base_msgs__rosidl_typesupport_cpp.so
[0.829s] -- Up-to-date: /home/jay/capstonerobot_ws/install/drive_base_msgs/share/drive_base_msgs/cmake/drive_base_msgs__rosidl_generator_cExport.cmake
[0.830s] -- Up-to-date: /home/jay/capstonerobot_ws/install/drive_base_msgs/share/drive_base_msgs/cmake/drive_base_msgs__rosidl_generator_cExport-noconfig.cmake
[0.830s] -- Up-to-date: /home/jay/capstonerobot_ws/install/drive_base_msgs/share/drive_base_msgs/cmake/drive_base_msgs__rosidl_typesupport_introspection_cExport.cmake
[0.830s] -- Up-to-date: /home/jay/capstonerobot_ws/install/drive_base_msgs/share/drive_base_msgs/cmake/drive_base_msgs__rosidl_typesupport_introspection_cExport-noconfig.cmake
[0.831s] -- Up-to-date: /home/jay/capstonerobot_ws/install/drive_base_msgs/share/drive_base_msgs/cmake/drive_base_msgs__rosidl_typesupport_cExport.cmake
[0.831s] -- Up-to-date: /home/jay/capstonerobot_ws/install/drive_base_msgs/share/drive_base_msgs/cmake/drive_base_msgs__rosidl_typesupport_cExport-noconfig.cmake
[0.832s] -- Up-to-date: /home/jay/capstonerobot_ws/install/drive_base_msgs/share/drive_base_msgs/cmake/drive_base_msgs__rosidl_generator_cppExport.cmake
[0.836s] -- Up-to-date: /home/jay/capstonerobot_ws/install/drive_base_msgs/share/drive_base_msgs/cmake/drive_base_msgs__rosidl_typesupport_introspection_cppExport.cmake
[0.836s] -- Up-to-date: /home/jay/capstonerobot_ws/install/drive_base_msgs/share/drive_base_msgs/cmake/drive_base_msgs__rosidl_typesupport_introspection_cppExport-noconfig.cmake
[0.836s] -- Up-to-date: /home/jay/capstonerobot_ws/install/drive_base_msgs/share/drive_base_msgs/cmake/drive_base_msgs__rosidl_typesupport_cppExport.cmake
[0.836s] -- Up-to-date: /home/jay/capstonerobot_ws/install/drive_base_msgs/share/drive_base_msgs/cmake/drive_base_msgs__rosidl_typesupport_cppExport-noconfig.cmake
[0.847s] Invoked command in '/home/jay/capstonerobot_ws/build/drive_base_msgs' returned '0': CMAKE_PREFIX_PATH=${CMAKE_PREFIX_PATH}:/home/jay/capstonerobot_ws/install/turtlebot3_teleop:/home/jay/capstonerobot_ws/install/turtlebot3_example:/opt/ros/foxy /usr/bin/cmake --install /home/jay/capstonerobot_ws/build/drive_base_msgs
