[0.023s] Invoking command in '/home/jay/capstonerobot_ws/build/turtlebot3_simulations': AMENT_PREFIX_PATH=/home/jay/capstonerobot_ws/install/turtlebot3_gazebo:/home/jay/capstonerobot_ws/install/turtlebot3_fake_node:${AMENT_PREFIX_PATH} CMAKE_PREFIX_PATH=/home/jay/capstonerobot_ws/install/turtlebot3_gazebo:/home/jay/capstonerobot_ws/install/turtlebot3_fake_node:/home/jay/colcon_ws/install/ydlidar_ros2_driver:/home/jay/colcon_ws/install/turtlebot3_simulations:/home/jay/colcon_ws/install/turtlebot3_gazebo:/home/jay/colcon_ws/install/micro_ros_setup:/home/jay/colcon_ws/install/micro_ros_agent:/home/jay/colcon_ws/install/micro_ros_msgs:/home/jay/colcon_ws/install/drive_base_msgs:/home/jay/colcon_ws/install/turtlebot3_fake_node:/opt/ros/foxy /usr/bin/cmake --build /home/jay/capstonerobot_ws/build/turtlebot3_simulations -- -j4 -l4
[0.079s] Invoked command in '/home/jay/capstonerobot_ws/build/turtlebot3_simulations' returned '0': AMENT_PREFIX_PATH=/home/jay/capstonerobot_ws/install/turtlebot3_gazebo:/home/jay/capstonerobot_ws/install/turtlebot3_fake_node:${AMENT_PREFIX_PATH} CMAKE_PREFIX_PATH=/home/jay/capstonerobot_ws/install/turtlebot3_gazebo:/home/jay/capstonerobot_ws/install/turtlebot3_fake_node:/home/jay/colcon_ws/install/ydlidar_ros2_driver:/home/jay/colcon_ws/install/turtlebot3_simulations:/home/jay/colcon_ws/install/turtlebot3_gazebo:/home/jay/colcon_ws/install/micro_ros_setup:/home/jay/colcon_ws/install/micro_ros_agent:/home/jay/colcon_ws/install/micro_ros_msgs:/home/jay/colcon_ws/install/drive_base_msgs:/home/jay/colcon_ws/install/turtlebot3_fake_node:/opt/ros/foxy /usr/bin/cmake --build /home/jay/capstonerobot_ws/build/turtlebot3_simulations -- -j4 -l4
[0.133s] Invoking command in '/home/jay/capstonerobot_ws/build/turtlebot3_simulations': AMENT_PREFIX_PATH=/home/jay/capstonerobot_ws/install/turtlebot3_gazebo:/home/jay/capstonerobot_ws/install/turtlebot3_fake_node:${AMENT_PREFIX_PATH} CMAKE_PREFIX_PATH=/home/jay/capstonerobot_ws/install/turtlebot3_gazebo:/home/jay/capstonerobot_ws/install/turtlebot3_fake_node:/home/jay/colcon_ws/install/ydlidar_ros2_driver:/home/jay/colcon_ws/install/turtlebot3_simulations:/home/jay/colcon_ws/install/turtlebot3_gazebo:/home/jay/colcon_ws/install/micro_ros_setup:/home/jay/colcon_ws/install/micro_ros_agent:/home/jay/colcon_ws/install/micro_ros_msgs:/home/jay/colcon_ws/install/drive_base_msgs:/home/jay/colcon_ws/install/turtlebot3_fake_node:/opt/ros/foxy /usr/bin/cmake --install /home/jay/capstonerobot_ws/build/turtlebot3_simulations
[0.138s] -- Install configuration: ""
[0.138s] -- Execute custom install script
[0.138s] -- Up-to-date symlink: /home/jay/capstonerobot_ws/install/turtlebot3_simulations/share/ament_index/resource_index/package_run_dependencies/turtlebot3_simulations
[0.138s] -- Up-to-date symlink: /home/jay/capstonerobot_ws/install/turtlebot3_simulations/share/ament_index/resource_index/parent_prefix_path/turtlebot3_simulations
[0.138s] -- Up-to-date symlink: /home/jay/capstonerobot_ws/install/turtlebot3_simulations/share/turtlebot3_simulations/environment/ament_prefix_path.sh
[0.138s] -- Up-to-date symlink: /home/jay/capstonerobot_ws/install/turtlebot3_simulations/share/turtlebot3_simulations/environment/ament_prefix_path.dsv
[0.139s] -- Up-to-date symlink: /home/jay/capstonerobot_ws/install/turtlebot3_simulations/share/turtlebot3_simulations/environment/path.sh
[0.139s] -- Up-to-date symlink: /home/jay/capstonerobot_ws/install/turtlebot3_simulations/share/turtlebot3_simulations/environment/path.dsv
[0.139s] -- Up-to-date symlink: /home/jay/capstonerobot_ws/install/turtlebot3_simulations/share/turtlebot3_simulations/local_setup.bash
[0.139s] -- Up-to-date symlink: /home/jay/capstonerobot_ws/install/turtlebot3_simulations/share/turtlebot3_simulations/local_setup.sh
[0.140s] -- Up-to-date symlink: /home/jay/capstonerobot_ws/install/turtlebot3_simulations/share/turtlebot3_simulations/local_setup.zsh
[0.141s] -- Up-to-date symlink: /home/jay/capstonerobot_ws/install/turtlebot3_simulations/share/turtlebot3_simulations/local_setup.dsv
[0.141s] -- Symlinking: /home/jay/capstonerobot_ws/install/turtlebot3_simulations/share/turtlebot3_simulations/package.dsv
[0.153s] -- Up-to-date symlink: /home/jay/capstonerobot_ws/install/turtlebot3_simulations/share/ament_index/resource_index/packages/turtlebot3_simulations
[0.153s] -- Up-to-date symlink: /home/jay/capstonerobot_ws/install/turtlebot3_simulations/share/turtlebot3_simulations/cmake/turtlebot3_simulationsConfig.cmake
[0.153s] -- Up-to-date symlink: /home/jay/capstonerobot_ws/install/turtlebot3_simulations/share/turtlebot3_simulations/cmake/turtlebot3_simulationsConfig-version.cmake
[0.154s] -- Up-to-date symlink: /home/jay/capstonerobot_ws/install/turtlebot3_simulations/share/turtlebot3_simulations/package.xml
[0.160s] Invoked command in '/home/jay/capstonerobot_ws/build/turtlebot3_simulations' returned '0': AMENT_PREFIX_PATH=/home/jay/capstonerobot_ws/install/turtlebot3_gazebo:/home/jay/capstonerobot_ws/install/turtlebot3_fake_node:${AMENT_PREFIX_PATH} CMAKE_PREFIX_PATH=/home/jay/capstonerobot_ws/install/turtlebot3_gazebo:/home/jay/capstonerobot_ws/install/turtlebot3_fake_node:/home/jay/colcon_ws/install/ydlidar_ros2_driver:/home/jay/colcon_ws/install/turtlebot3_simulations:/home/jay/colcon_ws/install/turtlebot3_gazebo:/home/jay/colcon_ws/install/micro_ros_setup:/home/jay/colcon_ws/install/micro_ros_agent:/home/jay/colcon_ws/install/micro_ros_msgs:/home/jay/colcon_ws/install/drive_base_msgs:/home/jay/colcon_ws/install/turtlebot3_fake_node:/opt/ros/foxy /usr/bin/cmake --install /home/jay/capstonerobot_ws/build/turtlebot3_simulations
