[0.993s] Invoking command in '/home/jay/capstonerobot_ws/build/turtlebot3_teleop': PYTHONPATH=/home/jay/capstonerobot_ws/build/turtlebot3_teleop/prefix_override:/home/jay/capstonerobot_ws/install/turtlebot3_teleop/lib/python3.8/site-packages:${PYTHONPATH} /usr/bin/python3 setup.py develop --uninstall --editable --build-directory /home/jay/capstonerobot_ws/build/turtlebot3_teleop/build
[1.295s] running develop
[1.435s] Removing /home/jay/capstonerobot_ws/install/turtlebot3_teleop/lib/python3.8/site-packages/turtlebot3-teleop.egg-link (link to .)
[1.461s] Invoked command in '/home/jay/capstonerobot_ws/build/turtlebot3_teleop' returned '0': PYTHONPATH=/home/jay/capstonerobot_ws/build/turtlebot3_teleop/prefix_override:/home/jay/capstonerobot_ws/install/turtlebot3_teleop/lib/python3.8/site-packages:${PYTHONPATH} /usr/bin/python3 setup.py develop --uninstall --editable --build-directory /home/jay/capstonerobot_ws/build/turtlebot3_teleop/build
[1.462s] Invoking command in '/home/jay/capstonerobot_ws/src/turtlebot3/turtlebot3_teleop': PYTHONPATH=/home/jay/capstonerobot_ws/build/turtlebot3_teleop/prefix_override:/home/jay/capstonerobot_ws/install/turtlebot3_teleop/lib/python3.8/site-packages:${PYTHONPATH} /usr/bin/python3 setup.py egg_info --egg-base ../../../build/turtlebot3_teleop build --build-base /home/jay/capstonerobot_ws/build/turtlebot3_teleop/build install --record /home/jay/capstonerobot_ws/build/turtlebot3_teleop/install.log --single-version-externally-managed
[1.918s] running egg_info
[1.919s] writing ../../../build/turtlebot3_teleop/turtlebot3_teleop.egg-info/PKG-INFO
[1.920s] writing dependency_links to ../../../build/turtlebot3_teleop/turtlebot3_teleop.egg-info/dependency_links.txt
[1.920s] writing entry points to ../../../build/turtlebot3_teleop/turtlebot3_teleop.egg-info/entry_points.txt
[1.920s] writing requirements to ../../../build/turtlebot3_teleop/turtlebot3_teleop.egg-info/requires.txt
[1.921s] writing top-level names to ../../../build/turtlebot3_teleop/turtlebot3_teleop.egg-info/top_level.txt
[2.039s] reading manifest file '../../../build/turtlebot3_teleop/turtlebot3_teleop.egg-info/SOURCES.txt'
[2.040s] writing manifest file '../../../build/turtlebot3_teleop/turtlebot3_teleop.egg-info/SOURCES.txt'
[2.040s] running build
[2.040s] running build_py
[2.051s] running install
[2.052s] running install_lib
[2.054s] creating /home/jay/capstonerobot_ws/install/turtlebot3_teleop/lib/python3.8/site-packages/turtlebot3_teleop
[2.054s] creating /home/jay/capstonerobot_ws/install/turtlebot3_teleop/lib/python3.8/site-packages/turtlebot3_teleop/script
[2.055s] copying /home/jay/capstonerobot_ws/build/turtlebot3_teleop/build/lib/turtlebot3_teleop/script/__init__.py -> /home/jay/capstonerobot_ws/install/turtlebot3_teleop/lib/python3.8/site-packages/turtlebot3_teleop/script
[2.055s] copying /home/jay/capstonerobot_ws/build/turtlebot3_teleop/build/lib/turtlebot3_teleop/script/teleop_keyboard.py -> /home/jay/capstonerobot_ws/install/turtlebot3_teleop/lib/python3.8/site-packages/turtlebot3_teleop/script
[2.057s] copying /home/jay/capstonerobot_ws/build/turtlebot3_teleop/build/lib/turtlebot3_teleop/__init__.py -> /home/jay/capstonerobot_ws/install/turtlebot3_teleop/lib/python3.8/site-packages/turtlebot3_teleop
[2.059s] byte-compiling /home/jay/capstonerobot_ws/install/turtlebot3_teleop/lib/python3.8/site-packages/turtlebot3_teleop/script/__init__.py to __init__.cpython-38.pyc
[2.062s] byte-compiling /home/jay/capstonerobot_ws/install/turtlebot3_teleop/lib/python3.8/site-packages/turtlebot3_teleop/script/teleop_keyboard.py to teleop_keyboard.cpython-38.pyc
[2.064s] byte-compiling /home/jay/capstonerobot_ws/install/turtlebot3_teleop/lib/python3.8/site-packages/turtlebot3_teleop/__init__.py to __init__.cpython-38.pyc
[2.065s] running install_data
[2.067s] running install_egg_info
[2.073s] Copying ../../../build/turtlebot3_teleop/turtlebot3_teleop.egg-info to /home/jay/capstonerobot_ws/install/turtlebot3_teleop/lib/python3.8/site-packages/turtlebot3_teleop-2.1.4-py3.8.egg-info
[2.077s] running install_scripts
[2.108s] Installing teleop_keyboard script to /home/jay/capstonerobot_ws/install/turtlebot3_teleop/lib/turtlebot3_teleop
[2.108s] writing list of installed files to '/home/jay/capstonerobot_ws/build/turtlebot3_teleop/install.log'
[2.134s] Invoked command in '/home/jay/capstonerobot_ws/src/turtlebot3/turtlebot3_teleop' returned '0': PYTHONPATH=/home/jay/capstonerobot_ws/build/turtlebot3_teleop/prefix_override:/home/jay/capstonerobot_ws/install/turtlebot3_teleop/lib/python3.8/site-packages:${PYTHONPATH} /usr/bin/python3 setup.py egg_info --egg-base ../../../build/turtlebot3_teleop build --build-base /home/jay/capstonerobot_ws/build/turtlebot3_teleop/build install --record /home/jay/capstonerobot_ws/build/turtlebot3_teleop/install.log --single-version-externally-managed
