[0.047s] Invoking command in '/home/jay/capstonerobot_ws/build/turtlebot3_navigation2': CMAKE_PREFIX_PATH=${CMAKE_PREFIX_PATH}:/home/jay/capstonerobot_ws/install/turtlebot3_teleop:/home/jay/capstonerobot_ws/install/turtlebot3_example:/opt/ros/foxy /usr/bin/cmake --build /home/jay/capstonerobot_ws/build/turtlebot3_navigation2 -- -j4 -l4
[0.231s] Invoked command in '/home/jay/capstonerobot_ws/build/turtlebot3_navigation2' returned '0': CMAKE_PREFIX_PATH=${CMAKE_PREFIX_PATH}:/home/jay/capstonerobot_ws/install/turtlebot3_teleop:/home/jay/capstonerobot_ws/install/turtlebot3_example:/opt/ros/foxy /usr/bin/cmake --build /home/jay/capstonerobot_ws/build/turtlebot3_navigation2 -- -j4 -l4
[0.262s] Invoking command in '/home/jay/capstonerobot_ws/build/turtlebot3_navigation2': CMAKE_PREFIX_PATH=${CMAKE_PREFIX_PATH}:/home/jay/capstonerobot_ws/install/turtlebot3_teleop:/home/jay/capstonerobot_ws/install/turtlebot3_example:/opt/ros/foxy /usr/bin/cmake --install /home/jay/capstonerobot_ws/build/turtlebot3_navigation2
[0.269s] -- Install configuration: ""
[0.271s] -- Execute custom install script
[0.273s] -- Up-to-date symlink: /home/jay/capstonerobot_ws/install/turtlebot3_navigation2/share/turtlebot3_navigation2/launch/navigation2.launch.py
[0.274s] -- Up-to-date symlink: /home/jay/capstonerobot_ws/install/turtlebot3_navigation2/share/turtlebot3_navigation2/map/turtlebot3_world.pgm
[0.275s] -- Up-to-date symlink: /home/jay/capstonerobot_ws/install/turtlebot3_navigation2/share/turtlebot3_navigation2/map/turtlebot3_world.yaml
[0.275s] -- Up-to-date symlink: /home/jay/capstonerobot_ws/install/turtlebot3_navigation2/share/turtlebot3_navigation2/param/burger.yaml
[0.276s] -- Up-to-date symlink: /home/jay/capstonerobot_ws/install/turtlebot3_navigation2/share/turtlebot3_navigation2/param/waffle.yaml
[0.276s] -- Up-to-date symlink: /home/jay/capstonerobot_ws/install/turtlebot3_navigation2/share/turtlebot3_navigation2/param/waffle_pi.yaml
[0.277s] -- Up-to-date symlink: /home/jay/capstonerobot_ws/install/turtlebot3_navigation2/share/turtlebot3_navigation2/rviz/tb3_navigation2.rviz
[0.277s] -- Up-to-date symlink: /home/jay/capstonerobot_ws/install/turtlebot3_navigation2/share/ament_index/resource_index/package_run_dependencies/turtlebot3_navigation2
[0.277s] -- Up-to-date symlink: /home/jay/capstonerobot_ws/install/turtlebot3_navigation2/share/ament_index/resource_index/parent_prefix_path/turtlebot3_navigation2
[0.277s] -- Up-to-date symlink: /home/jay/capstonerobot_ws/install/turtlebot3_navigation2/share/turtlebot3_navigation2/environment/ament_prefix_path.sh
[0.278s] -- Up-to-date symlink: /home/jay/capstonerobot_ws/install/turtlebot3_navigation2/share/turtlebot3_navigation2/environment/ament_prefix_path.dsv
[0.278s] -- Up-to-date symlink: /home/jay/capstonerobot_ws/install/turtlebot3_navigation2/share/turtlebot3_navigation2/environment/path.sh
[0.278s] -- Up-to-date symlink: /home/jay/capstonerobot_ws/install/turtlebot3_navigation2/share/turtlebot3_navigation2/environment/path.dsv
[0.279s] -- Up-to-date symlink: /home/jay/capstonerobot_ws/install/turtlebot3_navigation2/share/turtlebot3_navigation2/local_setup.bash
[0.279s] -- Up-to-date symlink: /home/jay/capstonerobot_ws/install/turtlebot3_navigation2/share/turtlebot3_navigation2/local_setup.sh
[0.280s] -- Up-to-date symlink: /home/jay/capstonerobot_ws/install/turtlebot3_navigation2/share/turtlebot3_navigation2/local_setup.zsh
[0.280s] -- Up-to-date symlink: /home/jay/capstonerobot_ws/install/turtlebot3_navigation2/share/turtlebot3_navigation2/local_setup.dsv
[0.280s] -- Symlinking: /home/jay/capstonerobot_ws/install/turtlebot3_navigation2/share/turtlebot3_navigation2/package.dsv
[0.286s] -- Up-to-date symlink: /home/jay/capstonerobot_ws/install/turtlebot3_navigation2/share/ament_index/resource_index/packages/turtlebot3_navigation2
[0.287s] -- Up-to-date symlink: /home/jay/capstonerobot_ws/install/turtlebot3_navigation2/share/turtlebot3_navigation2/cmake/turtlebot3_navigation2Config.cmake
[0.287s] -- Up-to-date symlink: /home/jay/capstonerobot_ws/install/turtlebot3_navigation2/share/turtlebot3_navigation2/cmake/turtlebot3_navigation2Config-version.cmake
[0.288s] -- Up-to-date symlink: /home/jay/capstonerobot_ws/install/turtlebot3_navigation2/share/turtlebot3_navigation2/package.xml
[0.290s] Invoked command in '/home/jay/capstonerobot_ws/build/turtlebot3_navigation2' returned '0': CMAKE_PREFIX_PATH=${CMAKE_PREFIX_PATH}:/home/jay/capstonerobot_ws/install/turtlebot3_teleop:/home/jay/capstonerobot_ws/install/turtlebot3_example:/opt/ros/foxy /usr/bin/cmake --install /home/jay/capstonerobot_ws/build/turtlebot3_navigation2
