[0.251s] DEBUG:colcon:Command line arguments: ['/usr/bin/colcon', 'build', '--symlink-install']
[0.251s] DEBUG:colcon:Parsed command line arguments: Namespace(allow_overriding=[], ament_cmake_args=None, base_paths=['.'], build_base='build', catkin_cmake_args=None, catkin_skip_building_tests=False, cmake_args=None, cmake_clean_cache=False, cmake_clean_first=False, cmake_force_configure=False, cmake_target=None, cmake_target_skip_unavailable=False, continue_on_error=False, event_handlers=None, executor='parallel', ignore_user_meta=False, install_base='install', log_base=None, log_level=None, main=<bound method BuildVerb.main of <colcon_core.verb.build.BuildVerb object at 0xffff95b07ac0>>, merge_install=False, metas=['./colcon.meta'], packages_above=None, packages_above_and_dependencies=None, packages_above_depth=None, packages_end=None, packages_ignore=None, packages_ignore_regex=None, packages_select=None, packages_select_build_failed=False, packages_select_by_dep=None, packages_select_regex=None, packages_select_test_failures=False, packages_skip=None, packages_skip_build_finished=False, packages_skip_by_dep=None, packages_skip_regex=None, packages_skip_test_passed=False, packages_skip_up_to=None, packages_start=None, packages_up_to=None, packages_up_to_regex=None, parallel_workers=4, paths=None, symlink_install=True, test_result_base=None, verb_extension=<colcon_core.verb.build.BuildVerb object at 0xffff95b07ac0>, verb_name='build', verb_parser=<colcon_defaults.argument_parser.defaults.DefaultArgumentsDecorator object at 0xffff95b11070>)
[0.274s] Level 1:colcon.colcon_core.package_discovery:discover_packages(colcon_meta) check parameters
[0.274s] Level 1:colcon.colcon_core.package_discovery:discover_packages(recursive) check parameters
[0.274s] Level 1:colcon.colcon_core.package_discovery:discover_packages(ignore) check parameters
[0.274s] Level 1:colcon.colcon_core.package_discovery:discover_packages(path) check parameters
[0.274s] Level 1:colcon.colcon_core.package_discovery:discover_packages(colcon_meta) discover
[0.274s] Level 1:colcon.colcon_core.package_discovery:discover_packages(recursive) discover
[0.274s] INFO:colcon.colcon_core.package_discovery:Crawling recursively for packages in '/home/jay/capstonerobot_ws'
[0.274s] Level 1:colcon.colcon_core.package_identification:_identify(.) by extensions ['ignore', 'ignore_ament_install']
[0.274s] Level 1:colcon.colcon_core.package_identification:_identify(.) by extension 'ignore'
[0.274s] Level 1:colcon.colcon_core.package_identification:_identify(.) by extension 'ignore_ament_install'
[0.274s] Level 1:colcon.colcon_core.package_identification:_identify(.) by extensions ['colcon_pkg']
[0.274s] Level 1:colcon.colcon_core.package_identification:_identify(.) by extension 'colcon_pkg'
[0.274s] Level 1:colcon.colcon_core.package_identification:_identify(.) by extensions ['colcon_meta']
[0.274s] Level 1:colcon.colcon_core.package_identification:_identify(.) by extension 'colcon_meta'
[0.274s] Level 1:colcon.colcon_core.package_identification:_identify(.) by extensions ['ros']
[0.274s] Level 1:colcon.colcon_core.package_identification:_identify(.) by extension 'ros'
[0.291s] Level 1:colcon.colcon_core.package_identification:_identify(.) by extensions ['cmake', 'python']
[0.291s] Level 1:colcon.colcon_core.package_identification:_identify(.) by extension 'cmake'
[0.291s] Level 1:colcon.colcon_core.package_identification:_identify(.) by extension 'python'
[0.291s] Level 1:colcon.colcon_core.package_identification:_identify(.) by extensions ['python_setup_py']
[0.291s] Level 1:colcon.colcon_core.package_identification:_identify(.) by extension 'python_setup_py'
[0.291s] Level 1:colcon.colcon_core.package_identification:_identify(build) by extensions ['ignore', 'ignore_ament_install']
[0.291s] Level 1:colcon.colcon_core.package_identification:_identify(build) by extension 'ignore'
[0.291s] Level 1:colcon.colcon_core.package_identification:_identify(build) ignored
[0.292s] Level 1:colcon.colcon_core.package_identification:_identify(install) by extensions ['ignore', 'ignore_ament_install']
[0.292s] Level 1:colcon.colcon_core.package_identification:_identify(install) by extension 'ignore'
[0.292s] Level 1:colcon.colcon_core.package_identification:_identify(install) ignored
[0.292s] Level 1:colcon.colcon_core.package_identification:_identify(log) by extensions ['ignore', 'ignore_ament_install']
[0.292s] Level 1:colcon.colcon_core.package_identification:_identify(log) by extension 'ignore'
[0.292s] Level 1:colcon.colcon_core.package_identification:_identify(log) ignored
[0.292s] Level 1:colcon.colcon_core.package_identification:_identify(src) by extensions ['ignore', 'ignore_ament_install']
[0.292s] Level 1:colcon.colcon_core.package_identification:_identify(src) by extension 'ignore'
[0.292s] Level 1:colcon.colcon_core.package_identification:_identify(src) by extension 'ignore_ament_install'
[0.292s] Level 1:colcon.colcon_core.package_identification:_identify(src) by extensions ['colcon_pkg']
[0.292s] Level 1:colcon.colcon_core.package_identification:_identify(src) by extension 'colcon_pkg'
[0.292s] Level 1:colcon.colcon_core.package_identification:_identify(src) by extensions ['colcon_meta']
[0.292s] Level 1:colcon.colcon_core.package_identification:_identify(src) by extension 'colcon_meta'
[0.292s] Level 1:colcon.colcon_core.package_identification:_identify(src) by extensions ['ros']
[0.292s] Level 1:colcon.colcon_core.package_identification:_identify(src) by extension 'ros'
[0.292s] Level 1:colcon.colcon_core.package_identification:_identify(src) by extensions ['cmake', 'python']
[0.292s] Level 1:colcon.colcon_core.package_identification:_identify(src) by extension 'cmake'
[0.292s] Level 1:colcon.colcon_core.package_identification:_identify(src) by extension 'python'
[0.292s] Level 1:colcon.colcon_core.package_identification:_identify(src) by extensions ['python_setup_py']
[0.292s] Level 1:colcon.colcon_core.package_identification:_identify(src) by extension 'python_setup_py'
[0.292s] Level 1:colcon.colcon_core.package_identification:_identify(src/micro_ros_setup) by extensions ['ignore', 'ignore_ament_install']
[0.292s] Level 1:colcon.colcon_core.package_identification:_identify(src/micro_ros_setup) by extension 'ignore'
[0.292s] Level 1:colcon.colcon_core.package_identification:_identify(src/micro_ros_setup) by extension 'ignore_ament_install'
[0.292s] Level 1:colcon.colcon_core.package_identification:_identify(src/micro_ros_setup) by extensions ['colcon_pkg']
[0.292s] Level 1:colcon.colcon_core.package_identification:_identify(src/micro_ros_setup) by extension 'colcon_pkg'
[0.292s] Level 1:colcon.colcon_core.package_identification:_identify(src/micro_ros_setup) by extensions ['colcon_meta']
[0.292s] Level 1:colcon.colcon_core.package_identification:_identify(src/micro_ros_setup) by extension 'colcon_meta'
[0.293s] Level 1:colcon.colcon_core.package_identification:_identify(src/micro_ros_setup) by extensions ['ros']
[0.293s] Level 1:colcon.colcon_core.package_identification:_identify(src/micro_ros_setup) by extension 'ros'
[0.295s] DEBUG:colcon.colcon_core.package_identification:Package 'src/micro_ros_setup' with type 'ros.ament_cmake' and name 'micro_ros_setup'
[0.295s] Level 1:colcon.colcon_core.package_identification:_identify(src/turtlebot3_simulations) by extensions ['ignore', 'ignore_ament_install']
[0.295s] Level 1:colcon.colcon_core.package_identification:_identify(src/turtlebot3_simulations) by extension 'ignore'
[0.295s] Level 1:colcon.colcon_core.package_identification:_identify(src/turtlebot3_simulations) by extension 'ignore_ament_install'
[0.295s] Level 1:colcon.colcon_core.package_identification:_identify(src/turtlebot3_simulations) by extensions ['colcon_pkg']
[0.295s] Level 1:colcon.colcon_core.package_identification:_identify(src/turtlebot3_simulations) by extension 'colcon_pkg'
[0.295s] Level 1:colcon.colcon_core.package_identification:_identify(src/turtlebot3_simulations) by extensions ['colcon_meta']
[0.295s] Level 1:colcon.colcon_core.package_identification:_identify(src/turtlebot3_simulations) by extension 'colcon_meta'
[0.295s] Level 1:colcon.colcon_core.package_identification:_identify(src/turtlebot3_simulations) by extensions ['ros']
[0.295s] Level 1:colcon.colcon_core.package_identification:_identify(src/turtlebot3_simulations) by extension 'ros'
[0.295s] Level 1:colcon.colcon_core.package_identification:_identify(src/turtlebot3_simulations) by extensions ['cmake', 'python']
[0.295s] Level 1:colcon.colcon_core.package_identification:_identify(src/turtlebot3_simulations) by extension 'cmake'
[0.295s] Level 1:colcon.colcon_core.package_identification:_identify(src/turtlebot3_simulations) by extension 'python'
[0.295s] Level 1:colcon.colcon_core.package_identification:_identify(src/turtlebot3_simulations) by extensions ['python_setup_py']
[0.295s] Level 1:colcon.colcon_core.package_identification:_identify(src/turtlebot3_simulations) by extension 'python_setup_py'
[0.295s] Level 1:colcon.colcon_core.package_identification:_identify(src/turtlebot3_simulations/turtlebot3_fake_node) by extensions ['ignore', 'ignore_ament_install']
[0.295s] Level 1:colcon.colcon_core.package_identification:_identify(src/turtlebot3_simulations/turtlebot3_fake_node) by extension 'ignore'
[0.295s] Level 1:colcon.colcon_core.package_identification:_identify(src/turtlebot3_simulations/turtlebot3_fake_node) by extension 'ignore_ament_install'
[0.295s] Level 1:colcon.colcon_core.package_identification:_identify(src/turtlebot3_simulations/turtlebot3_fake_node) by extensions ['colcon_pkg']
[0.295s] Level 1:colcon.colcon_core.package_identification:_identify(src/turtlebot3_simulations/turtlebot3_fake_node) by extension 'colcon_pkg'
[0.295s] Level 1:colcon.colcon_core.package_identification:_identify(src/turtlebot3_simulations/turtlebot3_fake_node) by extensions ['colcon_meta']
[0.295s] Level 1:colcon.colcon_core.package_identification:_identify(src/turtlebot3_simulations/turtlebot3_fake_node) by extension 'colcon_meta'
[0.295s] Level 1:colcon.colcon_core.package_identification:_identify(src/turtlebot3_simulations/turtlebot3_fake_node) by extensions ['ros']
[0.295s] Level 1:colcon.colcon_core.package_identification:_identify(src/turtlebot3_simulations/turtlebot3_fake_node) by extension 'ros'
[0.296s] DEBUG:colcon.colcon_core.package_identification:Package 'src/turtlebot3_simulations/turtlebot3_fake_node' with type 'ros.ament_cmake' and name 'turtlebot3_fake_node'
[0.296s] Level 1:colcon.colcon_core.package_identification:_identify(src/turtlebot3_simulations/turtlebot3_gazebo) by extensions ['ignore', 'ignore_ament_install']
[0.296s] Level 1:colcon.colcon_core.package_identification:_identify(src/turtlebot3_simulations/turtlebot3_gazebo) by extension 'ignore'
[0.296s] Level 1:colcon.colcon_core.package_identification:_identify(src/turtlebot3_simulations/turtlebot3_gazebo) by extension 'ignore_ament_install'
[0.296s] Level 1:colcon.colcon_core.package_identification:_identify(src/turtlebot3_simulations/turtlebot3_gazebo) by extensions ['colcon_pkg']
[0.296s] Level 1:colcon.colcon_core.package_identification:_identify(src/turtlebot3_simulations/turtlebot3_gazebo) by extension 'colcon_pkg'
[0.296s] Level 1:colcon.colcon_core.package_identification:_identify(src/turtlebot3_simulations/turtlebot3_gazebo) by extensions ['colcon_meta']
[0.296s] Level 1:colcon.colcon_core.package_identification:_identify(src/turtlebot3_simulations/turtlebot3_gazebo) by extension 'colcon_meta'
[0.296s] Level 1:colcon.colcon_core.package_identification:_identify(src/turtlebot3_simulations/turtlebot3_gazebo) by extensions ['ros']
[0.296s] Level 1:colcon.colcon_core.package_identification:_identify(src/turtlebot3_simulations/turtlebot3_gazebo) by extension 'ros'
[0.297s] DEBUG:colcon.colcon_core.package_identification:Package 'src/turtlebot3_simulations/turtlebot3_gazebo' with type 'ros.ament_cmake' and name 'turtlebot3_gazebo'
[0.297s] Level 1:colcon.colcon_core.package_identification:_identify(src/turtlebot3_simulations/turtlebot3_simulations) by extensions ['ignore', 'ignore_ament_install']
[0.297s] Level 1:colcon.colcon_core.package_identification:_identify(src/turtlebot3_simulations/turtlebot3_simulations) by extension 'ignore'
[0.297s] Level 1:colcon.colcon_core.package_identification:_identify(src/turtlebot3_simulations/turtlebot3_simulations) by extension 'ignore_ament_install'
[0.297s] Level 1:colcon.colcon_core.package_identification:_identify(src/turtlebot3_simulations/turtlebot3_simulations) by extensions ['colcon_pkg']
[0.297s] Level 1:colcon.colcon_core.package_identification:_identify(src/turtlebot3_simulations/turtlebot3_simulations) by extension 'colcon_pkg'
[0.297s] Level 1:colcon.colcon_core.package_identification:_identify(src/turtlebot3_simulations/turtlebot3_simulations) by extensions ['colcon_meta']
[0.297s] Level 1:colcon.colcon_core.package_identification:_identify(src/turtlebot3_simulations/turtlebot3_simulations) by extension 'colcon_meta'
[0.297s] Level 1:colcon.colcon_core.package_identification:_identify(src/turtlebot3_simulations/turtlebot3_simulations) by extensions ['ros']
[0.297s] Level 1:colcon.colcon_core.package_identification:_identify(src/turtlebot3_simulations/turtlebot3_simulations) by extension 'ros'
[0.298s] DEBUG:colcon.colcon_core.package_identification:Package 'src/turtlebot3_simulations/turtlebot3_simulations' with type 'ros.ament_cmake' and name 'turtlebot3_simulations'
[0.298s] Level 1:colcon.colcon_core.package_identification:_identify(src/ydlidar_ros2_driver) by extensions ['ignore', 'ignore_ament_install']
[0.298s] Level 1:colcon.colcon_core.package_identification:_identify(src/ydlidar_ros2_driver) by extension 'ignore'
[0.298s] Level 1:colcon.colcon_core.package_identification:_identify(src/ydlidar_ros2_driver) by extension 'ignore_ament_install'
[0.298s] Level 1:colcon.colcon_core.package_identification:_identify(src/ydlidar_ros2_driver) by extensions ['colcon_pkg']
[0.298s] Level 1:colcon.colcon_core.package_identification:_identify(src/ydlidar_ros2_driver) by extension 'colcon_pkg'
[0.298s] Level 1:colcon.colcon_core.package_identification:_identify(src/ydlidar_ros2_driver) by extensions ['colcon_meta']
[0.298s] Level 1:colcon.colcon_core.package_identification:_identify(src/ydlidar_ros2_driver) by extension 'colcon_meta'
[0.298s] Level 1:colcon.colcon_core.package_identification:_identify(src/ydlidar_ros2_driver) by extensions ['ros']
[0.298s] Level 1:colcon.colcon_core.package_identification:_identify(src/ydlidar_ros2_driver) by extension 'ros'
[0.298s] DEBUG:colcon.colcon_core.package_identification:Package 'src/ydlidar_ros2_driver' with type 'ros.ament_cmake' and name 'ydlidar_ros2_driver'
[0.298s] Level 1:colcon.colcon_core.package_discovery:discover_packages(recursive) using defaults
[0.298s] Level 1:colcon.colcon_core.package_discovery:discover_packages(ignore) discover
[0.298s] Level 1:colcon.colcon_core.package_discovery:discover_packages(ignore) using defaults
[0.298s] Level 1:colcon.colcon_core.package_discovery:discover_packages(path) discover
[0.298s] Level 1:colcon.colcon_core.package_discovery:discover_packages(path) using defaults
[0.314s] Level 1:colcon.colcon_core.package_discovery:discover_packages(prefix_path) check parameters
[0.314s] Level 1:colcon.colcon_core.package_discovery:discover_packages(prefix_path) discover
[0.316s] DEBUG:colcon.colcon_installed_package_information.package_discovery:Found 8 installed packages in /home/jay/colcon_ws/install
[0.318s] DEBUG:colcon.colcon_installed_package_information.package_discovery:Found 340 installed packages in /opt/ros/foxy
[0.319s] Level 1:colcon.colcon_core.package_discovery:discover_packages(prefix_path) using defaults
[0.369s] Level 5:colcon.colcon_core.verb:set package 'micro_ros_setup' build argument 'cmake_args' from command line to 'None'
[0.369s] Level 5:colcon.colcon_core.verb:set package 'micro_ros_setup' build argument 'cmake_target' from command line to 'None'
[0.369s] Level 5:colcon.colcon_core.verb:set package 'micro_ros_setup' build argument 'cmake_target_skip_unavailable' from command line to 'False'
[0.369s] Level 5:colcon.colcon_core.verb:set package 'micro_ros_setup' build argument 'cmake_clean_cache' from command line to 'False'
[0.369s] Level 5:colcon.colcon_core.verb:set package 'micro_ros_setup' build argument 'cmake_clean_first' from command line to 'False'
[0.369s] Level 5:colcon.colcon_core.verb:set package 'micro_ros_setup' build argument 'cmake_force_configure' from command line to 'False'
[0.369s] Level 5:colcon.colcon_core.verb:set package 'micro_ros_setup' build argument 'ament_cmake_args' from command line to 'None'
[0.369s] Level 5:colcon.colcon_core.verb:set package 'micro_ros_setup' build argument 'catkin_cmake_args' from command line to 'None'
[0.369s] Level 5:colcon.colcon_core.verb:set package 'micro_ros_setup' build argument 'catkin_skip_building_tests' from command line to 'False'
[0.369s] DEBUG:colcon.colcon_core.verb:Building package 'micro_ros_setup' with the following arguments: {'ament_cmake_args': None, 'build_base': '/home/jay/capstonerobot_ws/build/micro_ros_setup', 'catkin_cmake_args': None, 'catkin_skip_building_tests': False, 'cmake_args': None, 'cmake_clean_cache': False, 'cmake_clean_first': False, 'cmake_force_configure': False, 'cmake_target': None, 'cmake_target_skip_unavailable': False, 'install_base': '/home/jay/capstonerobot_ws/install/micro_ros_setup', 'merge_install': False, 'path': '/home/jay/capstonerobot_ws/src/micro_ros_setup', 'symlink_install': True, 'test_result_base': None}
[0.370s] Level 5:colcon.colcon_core.verb:set package 'turtlebot3_fake_node' build argument 'cmake_args' from command line to 'None'
[0.370s] Level 5:colcon.colcon_core.verb:set package 'turtlebot3_fake_node' build argument 'cmake_target' from command line to 'None'
[0.370s] Level 5:colcon.colcon_core.verb:set package 'turtlebot3_fake_node' build argument 'cmake_target_skip_unavailable' from command line to 'False'
[0.370s] Level 5:colcon.colcon_core.verb:set package 'turtlebot3_fake_node' build argument 'cmake_clean_cache' from command line to 'False'
[0.370s] Level 5:colcon.colcon_core.verb:set package 'turtlebot3_fake_node' build argument 'cmake_clean_first' from command line to 'False'
[0.370s] Level 5:colcon.colcon_core.verb:set package 'turtlebot3_fake_node' build argument 'cmake_force_configure' from command line to 'False'
[0.370s] Level 5:colcon.colcon_core.verb:set package 'turtlebot3_fake_node' build argument 'ament_cmake_args' from command line to 'None'
[0.370s] Level 5:colcon.colcon_core.verb:set package 'turtlebot3_fake_node' build argument 'catkin_cmake_args' from command line to 'None'
[0.370s] Level 5:colcon.colcon_core.verb:set package 'turtlebot3_fake_node' build argument 'catkin_skip_building_tests' from command line to 'False'
[0.370s] DEBUG:colcon.colcon_core.verb:Building package 'turtlebot3_fake_node' with the following arguments: {'ament_cmake_args': None, 'build_base': '/home/jay/capstonerobot_ws/build/turtlebot3_fake_node', 'catkin_cmake_args': None, 'catkin_skip_building_tests': False, 'cmake_args': None, 'cmake_clean_cache': False, 'cmake_clean_first': False, 'cmake_force_configure': False, 'cmake_target': None, 'cmake_target_skip_unavailable': False, 'install_base': '/home/jay/capstonerobot_ws/install/turtlebot3_fake_node', 'merge_install': False, 'path': '/home/jay/capstonerobot_ws/src/turtlebot3_simulations/turtlebot3_fake_node', 'symlink_install': True, 'test_result_base': None}
[0.371s] Level 5:colcon.colcon_core.verb:set package 'turtlebot3_gazebo' build argument 'cmake_args' from command line to 'None'
[0.371s] Level 5:colcon.colcon_core.verb:set package 'turtlebot3_gazebo' build argument 'cmake_target' from command line to 'None'
[0.371s] Level 5:colcon.colcon_core.verb:set package 'turtlebot3_gazebo' build argument 'cmake_target_skip_unavailable' from command line to 'False'
[0.371s] Level 5:colcon.colcon_core.verb:set package 'turtlebot3_gazebo' build argument 'cmake_clean_cache' from command line to 'False'
[0.371s] Level 5:colcon.colcon_core.verb:set package 'turtlebot3_gazebo' build argument 'cmake_clean_first' from command line to 'False'
[0.371s] Level 5:colcon.colcon_core.verb:set package 'turtlebot3_gazebo' build argument 'cmake_force_configure' from command line to 'False'
[0.371s] Level 5:colcon.colcon_core.verb:set package 'turtlebot3_gazebo' build argument 'ament_cmake_args' from command line to 'None'
[0.371s] Level 5:colcon.colcon_core.verb:set package 'turtlebot3_gazebo' build argument 'catkin_cmake_args' from command line to 'None'
[0.371s] Level 5:colcon.colcon_core.verb:set package 'turtlebot3_gazebo' build argument 'catkin_skip_building_tests' from command line to 'False'
[0.371s] DEBUG:colcon.colcon_core.verb:Building package 'turtlebot3_gazebo' with the following arguments: {'ament_cmake_args': None, 'build_base': '/home/jay/capstonerobot_ws/build/turtlebot3_gazebo', 'catkin_cmake_args': None, 'catkin_skip_building_tests': False, 'cmake_args': None, 'cmake_clean_cache': False, 'cmake_clean_first': False, 'cmake_force_configure': False, 'cmake_target': None, 'cmake_target_skip_unavailable': False, 'install_base': '/home/jay/capstonerobot_ws/install/turtlebot3_gazebo', 'merge_install': False, 'path': '/home/jay/capstonerobot_ws/src/turtlebot3_simulations/turtlebot3_gazebo', 'symlink_install': True, 'test_result_base': None}
[0.372s] Level 5:colcon.colcon_core.verb:set package 'ydlidar_ros2_driver' build argument 'cmake_args' from command line to 'None'
[0.372s] Level 5:colcon.colcon_core.verb:set package 'ydlidar_ros2_driver' build argument 'cmake_target' from command line to 'None'
[0.372s] Level 5:colcon.colcon_core.verb:set package 'ydlidar_ros2_driver' build argument 'cmake_target_skip_unavailable' from command line to 'False'
[0.372s] Level 5:colcon.colcon_core.verb:set package 'ydlidar_ros2_driver' build argument 'cmake_clean_cache' from command line to 'False'
[0.372s] Level 5:colcon.colcon_core.verb:set package 'ydlidar_ros2_driver' build argument 'cmake_clean_first' from command line to 'False'
[0.372s] Level 5:colcon.colcon_core.verb:set package 'ydlidar_ros2_driver' build argument 'cmake_force_configure' from command line to 'False'
[0.372s] Level 5:colcon.colcon_core.verb:set package 'ydlidar_ros2_driver' build argument 'ament_cmake_args' from command line to 'None'
[0.372s] Level 5:colcon.colcon_core.verb:set package 'ydlidar_ros2_driver' build argument 'catkin_cmake_args' from command line to 'None'
[0.372s] Level 5:colcon.colcon_core.verb:set package 'ydlidar_ros2_driver' build argument 'catkin_skip_building_tests' from command line to 'False'
[0.372s] DEBUG:colcon.colcon_core.verb:Building package 'ydlidar_ros2_driver' with the following arguments: {'ament_cmake_args': None, 'build_base': '/home/jay/capstonerobot_ws/build/ydlidar_ros2_driver', 'catkin_cmake_args': None, 'catkin_skip_building_tests': False, 'cmake_args': None, 'cmake_clean_cache': False, 'cmake_clean_first': False, 'cmake_force_configure': False, 'cmake_target': None, 'cmake_target_skip_unavailable': False, 'install_base': '/home/jay/capstonerobot_ws/install/ydlidar_ros2_driver', 'merge_install': False, 'path': '/home/jay/capstonerobot_ws/src/ydlidar_ros2_driver', 'symlink_install': True, 'test_result_base': None}
[0.372s] Level 5:colcon.colcon_core.verb:set package 'turtlebot3_simulations' build argument 'cmake_args' from command line to 'None'
[0.372s] Level 5:colcon.colcon_core.verb:set package 'turtlebot3_simulations' build argument 'cmake_target' from command line to 'None'
[0.372s] Level 5:colcon.colcon_core.verb:set package 'turtlebot3_simulations' build argument 'cmake_target_skip_unavailable' from command line to 'False'
[0.372s] Level 5:colcon.colcon_core.verb:set package 'turtlebot3_simulations' build argument 'cmake_clean_cache' from command line to 'False'
[0.372s] Level 5:colcon.colcon_core.verb:set package 'turtlebot3_simulations' build argument 'cmake_clean_first' from command line to 'False'
[0.372s] Level 5:colcon.colcon_core.verb:set package 'turtlebot3_simulations' build argument 'cmake_force_configure' from command line to 'False'
[0.372s] Level 5:colcon.colcon_core.verb:set package 'turtlebot3_simulations' build argument 'ament_cmake_args' from command line to 'None'
[0.372s] Level 5:colcon.colcon_core.verb:set package 'turtlebot3_simulations' build argument 'catkin_cmake_args' from command line to 'None'
[0.373s] Level 5:colcon.colcon_core.verb:set package 'turtlebot3_simulations' build argument 'catkin_skip_building_tests' from command line to 'False'
[0.373s] DEBUG:colcon.colcon_core.verb:Building package 'turtlebot3_simulations' with the following arguments: {'ament_cmake_args': None, 'build_base': '/home/jay/capstonerobot_ws/build/turtlebot3_simulations', 'catkin_cmake_args': None, 'catkin_skip_building_tests': False, 'cmake_args': None, 'cmake_clean_cache': False, 'cmake_clean_first': False, 'cmake_force_configure': False, 'cmake_target': None, 'cmake_target_skip_unavailable': False, 'install_base': '/home/jay/capstonerobot_ws/install/turtlebot3_simulations', 'merge_install': False, 'path': '/home/jay/capstonerobot_ws/src/turtlebot3_simulations/turtlebot3_simulations', 'symlink_install': True, 'test_result_base': None}
[0.373s] INFO:colcon.colcon_core.executor:Executing jobs using 'parallel' executor
[0.375s] DEBUG:colcon.colcon_parallel_executor.executor.parallel:run_until_complete
[0.375s] INFO:colcon.colcon_ros.task.ament_cmake.build:Building ROS package in '/home/jay/capstonerobot_ws/src/turtlebot3_simulations/turtlebot3_fake_node' with build type 'ament_cmake'
[0.375s] INFO:colcon.colcon_cmake.task.cmake.build:Building CMake package in '/home/jay/capstonerobot_ws/src/turtlebot3_simulations/turtlebot3_fake_node'
[0.378s] INFO:colcon.colcon_core.plugin_system:Skipping extension 'colcon_core.shell.bat': Not used on non-Windows systems
[0.379s] INFO:colcon.colcon_core.shell:Skip shell extension 'powershell' for command environment: Not usable outside of PowerShell
[0.379s] DEBUG:colcon.colcon_core.shell:Skip shell extension 'dsv' for command environment
[0.383s] INFO:colcon.colcon_ros.task.ament_cmake.build:Building ROS package in '/home/jay/capstonerobot_ws/src/turtlebot3_simulations/turtlebot3_gazebo' with build type 'ament_cmake'
[0.384s] INFO:colcon.colcon_cmake.task.cmake.build:Building CMake package in '/home/jay/capstonerobot_ws/src/turtlebot3_simulations/turtlebot3_gazebo'
[0.386s] INFO:colcon.colcon_core.shell:Skip shell extension 'powershell' for command environment: Not usable outside of PowerShell
[0.386s] DEBUG:colcon.colcon_core.shell:Skip shell extension 'dsv' for command environment
[0.392s] INFO:colcon.colcon_ros.task.ament_cmake.build:Building ROS package in '/home/jay/capstonerobot_ws/src/micro_ros_setup' with build type 'ament_cmake'
[0.392s] INFO:colcon.colcon_cmake.task.cmake.build:Building CMake package in '/home/jay/capstonerobot_ws/src/micro_ros_setup'
[0.394s] INFO:colcon.colcon_core.shell:Skip shell extension 'powershell' for command environment: Not usable outside of PowerShell
[0.394s] DEBUG:colcon.colcon_core.shell:Skip shell extension 'dsv' for command environment
[0.399s] INFO:colcon.colcon_ros.task.ament_cmake.build:Building ROS package in '/home/jay/capstonerobot_ws/src/ydlidar_ros2_driver' with build type 'ament_cmake'
[0.400s] INFO:colcon.colcon_cmake.task.cmake.build:Building CMake package in '/home/jay/capstonerobot_ws/src/ydlidar_ros2_driver'
[0.401s] INFO:colcon.colcon_core.shell:Skip shell extension 'powershell' for command environment: Not usable outside of PowerShell
[0.401s] DEBUG:colcon.colcon_core.shell:Skip shell extension 'dsv' for command environment
[0.421s] DEBUG:colcon.colcon_core.event_handler.log_command:Invoking command in '/home/jay/capstonerobot_ws/build/turtlebot3_fake_node': CMAKE_PREFIX_PATH=${CMAKE_PREFIX_PATH}:/home/jay/colcon_ws/install/turtlebot3_fake_node:/opt/ros/foxy /usr/bin/cmake --build /home/jay/capstonerobot_ws/build/turtlebot3_fake_node -- -j4 -l4
[0.434s] DEBUG:colcon.colcon_core.event_handler.log_command:Invoking command in '/home/jay/capstonerobot_ws/build/turtlebot3_gazebo': CMAKE_PREFIX_PATH=${CMAKE_PREFIX_PATH}:/home/jay/colcon_ws/install/turtlebot3_fake_node:/opt/ros/foxy /usr/bin/cmake --build /home/jay/capstonerobot_ws/build/turtlebot3_gazebo -- -j4 -l4
[0.448s] DEBUG:colcon.colcon_core.event_handler.log_command:Invoking command in '/home/jay/capstonerobot_ws/build/micro_ros_setup': CMAKE_PREFIX_PATH=${CMAKE_PREFIX_PATH}:/home/jay/colcon_ws/install/turtlebot3_fake_node:/opt/ros/foxy /usr/bin/cmake --build /home/jay/capstonerobot_ws/build/micro_ros_setup -- -j4 -l4
[0.498s] DEBUG:colcon.colcon_core.event_handler.log_command:Invoking command in '/home/jay/capstonerobot_ws/build/ydlidar_ros2_driver': CMAKE_PREFIX_PATH=${CMAKE_PREFIX_PATH}:/home/jay/colcon_ws/install/turtlebot3_fake_node:/opt/ros/foxy /usr/bin/cmake --build /home/jay/capstonerobot_ws/build/ydlidar_ros2_driver -- -j4 -l4
[0.558s] DEBUG:colcon.colcon_core.event_handler.log_command:Invoked command in '/home/jay/capstonerobot_ws/build/micro_ros_setup' returned '0': CMAKE_PREFIX_PATH=${CMAKE_PREFIX_PATH}:/home/jay/colcon_ws/install/turtlebot3_fake_node:/opt/ros/foxy /usr/bin/cmake --build /home/jay/capstonerobot_ws/build/micro_ros_setup -- -j4 -l4
[0.596s] DEBUG:colcon.colcon_core.event_handler.log_command:Invoked command in '/home/jay/capstonerobot_ws/build/turtlebot3_fake_node' returned '0': CMAKE_PREFIX_PATH=${CMAKE_PREFIX_PATH}:/home/jay/colcon_ws/install/turtlebot3_fake_node:/opt/ros/foxy /usr/bin/cmake --build /home/jay/capstonerobot_ws/build/turtlebot3_fake_node -- -j4 -l4
[0.650s] DEBUG:colcon.colcon_core.event_handler.log_command:Invoking command in '/home/jay/capstonerobot_ws/build/micro_ros_setup': CMAKE_PREFIX_PATH=${CMAKE_PREFIX_PATH}:/home/jay/colcon_ws/install/turtlebot3_fake_node:/opt/ros/foxy /usr/bin/cmake --install /home/jay/capstonerobot_ws/build/micro_ros_setup
[0.655s] DEBUG:colcon.colcon_core.event_handler.log_command:Invoked command in '/home/jay/capstonerobot_ws/build/turtlebot3_gazebo' returned '0': CMAKE_PREFIX_PATH=${CMAKE_PREFIX_PATH}:/home/jay/colcon_ws/install/turtlebot3_fake_node:/opt/ros/foxy /usr/bin/cmake --build /home/jay/capstonerobot_ws/build/turtlebot3_gazebo -- -j4 -l4
[0.706s] DEBUG:colcon.colcon_core.event_handler.log_command:Invoking command in '/home/jay/capstonerobot_ws/build/turtlebot3_fake_node': CMAKE_PREFIX_PATH=${CMAKE_PREFIX_PATH}:/home/jay/colcon_ws/install/turtlebot3_fake_node:/opt/ros/foxy /usr/bin/cmake --install /home/jay/capstonerobot_ws/build/turtlebot3_fake_node
[0.706s] DEBUG:colcon.colcon_core.event_handler.log_command:Invoked command in '/home/jay/capstonerobot_ws/build/ydlidar_ros2_driver' returned '0': CMAKE_PREFIX_PATH=${CMAKE_PREFIX_PATH}:/home/jay/colcon_ws/install/turtlebot3_fake_node:/opt/ros/foxy /usr/bin/cmake --build /home/jay/capstonerobot_ws/build/ydlidar_ros2_driver -- -j4 -l4
[0.707s] Level 1:colcon.colcon_core.environment:create_environment_scripts_only(micro_ros_setup)
[0.716s] Level 1:colcon.colcon_core.environment:checking '/home/jay/capstonerobot_ws/install/micro_ros_setup' for CMake module files
[0.717s] Level 1:colcon.colcon_core.environment:checking '/home/jay/capstonerobot_ws/install/micro_ros_setup' for CMake config files
[0.718s] DEBUG:colcon.colcon_core.event_handler.log_command:Invoked command in '/home/jay/capstonerobot_ws/build/micro_ros_setup' returned '0': CMAKE_PREFIX_PATH=${CMAKE_PREFIX_PATH}:/home/jay/colcon_ws/install/turtlebot3_fake_node:/opt/ros/foxy /usr/bin/cmake --install /home/jay/capstonerobot_ws/build/micro_ros_setup
[0.718s] Level 1:colcon.colcon_core.shell:create_environment_hook('micro_ros_setup', 'cmake_prefix_path')
[0.720s] INFO:colcon.colcon_core.shell:Creating environment hook '/home/jay/capstonerobot_ws/install/micro_ros_setup/share/micro_ros_setup/hook/cmake_prefix_path.ps1'
[0.721s] INFO:colcon.colcon_core.shell:Creating environment descriptor '/home/jay/capstonerobot_ws/install/micro_ros_setup/share/micro_ros_setup/hook/cmake_prefix_path.dsv'
[0.722s] INFO:colcon.colcon_core.shell:Creating environment hook '/home/jay/capstonerobot_ws/install/micro_ros_setup/share/micro_ros_setup/hook/cmake_prefix_path.sh'
[0.722s] Level 1:colcon.colcon_core.environment:checking '/home/jay/capstonerobot_ws/install/micro_ros_setup/lib'
[0.723s] Level 1:colcon.colcon_core.environment:checking '/home/jay/capstonerobot_ws/install/micro_ros_setup/bin'
[0.723s] Level 1:colcon.colcon_core.environment:checking '/home/jay/capstonerobot_ws/install/micro_ros_setup/lib/pkgconfig/micro_ros_setup.pc'
[0.724s] Level 1:colcon.colcon_core.environment:checking '/home/jay/capstonerobot_ws/install/micro_ros_setup/lib/python3.8/site-packages'
[0.724s] Level 1:colcon.colcon_core.environment:checking '/home/jay/capstonerobot_ws/install/micro_ros_setup/bin'
[0.728s] INFO:colcon.colcon_core.shell:Creating package script '/home/jay/capstonerobot_ws/install/micro_ros_setup/share/micro_ros_setup/package.ps1'
[0.729s] INFO:colcon.colcon_core.shell:Creating package descriptor '/home/jay/capstonerobot_ws/install/micro_ros_setup/share/micro_ros_setup/package.dsv'
[0.730s] INFO:colcon.colcon_core.shell:Creating package script '/home/jay/capstonerobot_ws/install/micro_ros_setup/share/micro_ros_setup/package.sh'
[0.730s] INFO:colcon.colcon_core.shell:Creating package script '/home/jay/capstonerobot_ws/install/micro_ros_setup/share/micro_ros_setup/package.bash'
[0.731s] INFO:colcon.colcon_core.shell:Creating package script '/home/jay/capstonerobot_ws/install/micro_ros_setup/share/micro_ros_setup/package.zsh'
[0.731s] Level 1:colcon.colcon_core.environment:create_file_with_runtime_dependencies(/home/jay/capstonerobot_ws/install/micro_ros_setup/share/colcon-core/packages/micro_ros_setup)
[0.735s] Level 1:colcon.colcon_core.environment:create_environment_scripts_only(turtlebot3_fake_node)
[0.737s] Level 1:colcon.colcon_core.environment:checking '/home/jay/capstonerobot_ws/install/turtlebot3_fake_node' for CMake module files
[0.738s] DEBUG:colcon.colcon_core.event_handler.log_command:Invoked command in '/home/jay/capstonerobot_ws/build/turtlebot3_fake_node' returned '0': CMAKE_PREFIX_PATH=${CMAKE_PREFIX_PATH}:/home/jay/colcon_ws/install/turtlebot3_fake_node:/opt/ros/foxy /usr/bin/cmake --install /home/jay/capstonerobot_ws/build/turtlebot3_fake_node
[0.739s] Level 1:colcon.colcon_core.environment:checking '/home/jay/capstonerobot_ws/install/turtlebot3_fake_node' for CMake config files
[0.739s] Level 1:colcon.colcon_core.shell:create_environment_hook('turtlebot3_fake_node', 'cmake_prefix_path')
[0.740s] INFO:colcon.colcon_core.shell:Creating environment hook '/home/jay/capstonerobot_ws/install/turtlebot3_fake_node/share/turtlebot3_fake_node/hook/cmake_prefix_path.ps1'
[0.741s] INFO:colcon.colcon_core.shell:Creating environment descriptor '/home/jay/capstonerobot_ws/install/turtlebot3_fake_node/share/turtlebot3_fake_node/hook/cmake_prefix_path.dsv'
[0.741s] INFO:colcon.colcon_core.shell:Creating environment hook '/home/jay/capstonerobot_ws/install/turtlebot3_fake_node/share/turtlebot3_fake_node/hook/cmake_prefix_path.sh'
[0.741s] Level 1:colcon.colcon_core.environment:checking '/home/jay/capstonerobot_ws/install/turtlebot3_fake_node/lib'
[0.741s] Level 1:colcon.colcon_core.environment:checking '/home/jay/capstonerobot_ws/install/turtlebot3_fake_node/bin'
[0.741s] Level 1:colcon.colcon_core.environment:checking '/home/jay/capstonerobot_ws/install/turtlebot3_fake_node/lib/pkgconfig/turtlebot3_fake_node.pc'
[0.742s] Level 1:colcon.colcon_core.environment:checking '/home/jay/capstonerobot_ws/install/turtlebot3_fake_node/lib/python3.8/site-packages'
[0.742s] Level 1:colcon.colcon_core.environment:checking '/home/jay/capstonerobot_ws/install/turtlebot3_fake_node/bin'
[0.743s] INFO:colcon.colcon_core.shell:Creating package script '/home/jay/capstonerobot_ws/install/turtlebot3_fake_node/share/turtlebot3_fake_node/package.ps1'
[0.743s] INFO:colcon.colcon_core.shell:Creating package descriptor '/home/jay/capstonerobot_ws/install/turtlebot3_fake_node/share/turtlebot3_fake_node/package.dsv'
[0.744s] INFO:colcon.colcon_core.shell:Creating package script '/home/jay/capstonerobot_ws/install/turtlebot3_fake_node/share/turtlebot3_fake_node/package.sh'
[0.744s] INFO:colcon.colcon_core.shell:Creating package script '/home/jay/capstonerobot_ws/install/turtlebot3_fake_node/share/turtlebot3_fake_node/package.bash'
[0.744s] INFO:colcon.colcon_core.shell:Creating package script '/home/jay/capstonerobot_ws/install/turtlebot3_fake_node/share/turtlebot3_fake_node/package.zsh'
[0.745s] Level 1:colcon.colcon_core.environment:create_file_with_runtime_dependencies(/home/jay/capstonerobot_ws/install/turtlebot3_fake_node/share/colcon-core/packages/turtlebot3_fake_node)
[0.752s] DEBUG:colcon.colcon_core.event_handler.log_command:Invoking command in '/home/jay/capstonerobot_ws/build/turtlebot3_gazebo': CMAKE_PREFIX_PATH=${CMAKE_PREFIX_PATH}:/home/jay/colcon_ws/install/turtlebot3_fake_node:/opt/ros/foxy /usr/bin/cmake --install /home/jay/capstonerobot_ws/build/turtlebot3_gazebo
[0.762s] Level 1:colcon.colcon_core.environment:create_environment_scripts_only(micro_ros_setup)
[0.763s] Level 1:colcon.colcon_core.environment:checking '/home/jay/capstonerobot_ws/install/micro_ros_setup' for CMake module files
[0.763s] Level 1:colcon.colcon_core.environment:checking '/home/jay/capstonerobot_ws/install/micro_ros_setup' for CMake config files
[0.763s] Level 1:colcon.colcon_core.shell:create_environment_hook('micro_ros_setup', 'cmake_prefix_path')
[0.764s] INFO:colcon.colcon_core.shell:Creating environment hook '/home/jay/capstonerobot_ws/install/micro_ros_setup/share/micro_ros_setup/hook/cmake_prefix_path.ps1'
[0.764s] INFO:colcon.colcon_core.shell:Creating environment descriptor '/home/jay/capstonerobot_ws/install/micro_ros_setup/share/micro_ros_setup/hook/cmake_prefix_path.dsv'
[0.765s] INFO:colcon.colcon_core.shell:Creating environment hook '/home/jay/capstonerobot_ws/install/micro_ros_setup/share/micro_ros_setup/hook/cmake_prefix_path.sh'
[0.765s] Level 1:colcon.colcon_core.environment:checking '/home/jay/capstonerobot_ws/install/micro_ros_setup/lib'
[0.765s] Level 1:colcon.colcon_core.environment:checking '/home/jay/capstonerobot_ws/install/micro_ros_setup/bin'
[0.765s] Level 1:colcon.colcon_core.environment:checking '/home/jay/capstonerobot_ws/install/micro_ros_setup/lib/pkgconfig/micro_ros_setup.pc'
[0.766s] Level 1:colcon.colcon_core.environment:checking '/home/jay/capstonerobot_ws/install/micro_ros_setup/lib/python3.8/site-packages'
[0.766s] Level 1:colcon.colcon_core.environment:checking '/home/jay/capstonerobot_ws/install/micro_ros_setup/bin'
[0.767s] INFO:colcon.colcon_core.shell:Creating package script '/home/jay/capstonerobot_ws/install/micro_ros_setup/share/micro_ros_setup/package.ps1'
[0.767s] INFO:colcon.colcon_core.shell:Creating package descriptor '/home/jay/capstonerobot_ws/install/micro_ros_setup/share/micro_ros_setup/package.dsv'
[0.767s] INFO:colcon.colcon_core.shell:Creating package script '/home/jay/capstonerobot_ws/install/micro_ros_setup/share/micro_ros_setup/package.sh'
[0.769s] INFO:colcon.colcon_core.shell:Creating package script '/home/jay/capstonerobot_ws/install/micro_ros_setup/share/micro_ros_setup/package.bash'
[0.771s] INFO:colcon.colcon_core.shell:Creating package script '/home/jay/capstonerobot_ws/install/micro_ros_setup/share/micro_ros_setup/package.zsh'
[0.771s] Level 1:colcon.colcon_core.environment:create_file_with_runtime_dependencies(/home/jay/capstonerobot_ws/install/micro_ros_setup/share/colcon-core/packages/micro_ros_setup)
[0.778s] DEBUG:colcon.colcon_core.event_handler.log_command:Invoking command in '/home/jay/capstonerobot_ws/build/ydlidar_ros2_driver': CMAKE_PREFIX_PATH=${CMAKE_PREFIX_PATH}:/home/jay/colcon_ws/install/turtlebot3_fake_node:/opt/ros/foxy /usr/bin/cmake --install /home/jay/capstonerobot_ws/build/ydlidar_ros2_driver
[0.810s] Level 1:colcon.colcon_core.environment:create_environment_scripts_only(ydlidar_ros2_driver)
[0.811s] Level 1:colcon.colcon_core.environment:checking '/home/jay/capstonerobot_ws/install/ydlidar_ros2_driver' for CMake module files
[0.811s] DEBUG:colcon.colcon_core.event_handler.log_command:Invoked command in '/home/jay/capstonerobot_ws/build/ydlidar_ros2_driver' returned '0': CMAKE_PREFIX_PATH=${CMAKE_PREFIX_PATH}:/home/jay/colcon_ws/install/turtlebot3_fake_node:/opt/ros/foxy /usr/bin/cmake --install /home/jay/capstonerobot_ws/build/ydlidar_ros2_driver
[0.812s] Level 1:colcon.colcon_core.environment:checking '/home/jay/capstonerobot_ws/install/ydlidar_ros2_driver' for CMake config files
[0.812s] Level 1:colcon.colcon_core.shell:create_environment_hook('ydlidar_ros2_driver', 'cmake_prefix_path')
[0.813s] INFO:colcon.colcon_core.shell:Creating environment hook '/home/jay/capstonerobot_ws/install/ydlidar_ros2_driver/share/ydlidar_ros2_driver/hook/cmake_prefix_path.ps1'
[0.813s] INFO:colcon.colcon_core.shell:Creating environment descriptor '/home/jay/capstonerobot_ws/install/ydlidar_ros2_driver/share/ydlidar_ros2_driver/hook/cmake_prefix_path.dsv'
[0.814s] INFO:colcon.colcon_core.shell:Creating environment hook '/home/jay/capstonerobot_ws/install/ydlidar_ros2_driver/share/ydlidar_ros2_driver/hook/cmake_prefix_path.sh'
[0.814s] Level 1:colcon.colcon_core.environment:checking '/home/jay/capstonerobot_ws/install/ydlidar_ros2_driver/lib'
[0.815s] Level 1:colcon.colcon_core.environment:checking '/home/jay/capstonerobot_ws/install/ydlidar_ros2_driver/bin'
[0.815s] Level 1:colcon.colcon_core.environment:checking '/home/jay/capstonerobot_ws/install/ydlidar_ros2_driver/lib/pkgconfig/ydlidar_ros2_driver.pc'
[0.815s] Level 1:colcon.colcon_core.environment:checking '/home/jay/capstonerobot_ws/install/ydlidar_ros2_driver/lib/python3.8/site-packages'
[0.815s] Level 1:colcon.colcon_core.environment:checking '/home/jay/capstonerobot_ws/install/ydlidar_ros2_driver/bin'
[0.817s] INFO:colcon.colcon_core.shell:Creating package script '/home/jay/capstonerobot_ws/install/ydlidar_ros2_driver/share/ydlidar_ros2_driver/package.ps1'
[0.818s] INFO:colcon.colcon_core.shell:Creating package descriptor '/home/jay/capstonerobot_ws/install/ydlidar_ros2_driver/share/ydlidar_ros2_driver/package.dsv'
[0.818s] INFO:colcon.colcon_core.shell:Creating package script '/home/jay/capstonerobot_ws/install/ydlidar_ros2_driver/share/ydlidar_ros2_driver/package.sh'
[0.819s] INFO:colcon.colcon_core.shell:Creating package script '/home/jay/capstonerobot_ws/install/ydlidar_ros2_driver/share/ydlidar_ros2_driver/package.bash'
[0.821s] INFO:colcon.colcon_core.shell:Creating package script '/home/jay/capstonerobot_ws/install/ydlidar_ros2_driver/share/ydlidar_ros2_driver/package.zsh'
[0.821s] Level 1:colcon.colcon_core.environment:create_file_with_runtime_dependencies(/home/jay/capstonerobot_ws/install/ydlidar_ros2_driver/share/colcon-core/packages/ydlidar_ros2_driver)
[0.845s] Level 1:colcon.colcon_core.environment:create_environment_scripts_only(turtlebot3_fake_node)
[0.849s] Level 1:colcon.colcon_core.environment:checking '/home/jay/capstonerobot_ws/install/turtlebot3_fake_node' for CMake module files
[0.850s] Level 1:colcon.colcon_core.environment:checking '/home/jay/capstonerobot_ws/install/turtlebot3_fake_node' for CMake config files
[0.850s] Level 1:colcon.colcon_core.shell:create_environment_hook('turtlebot3_fake_node', 'cmake_prefix_path')
[0.853s] INFO:colcon.colcon_core.shell:Creating environment hook '/home/jay/capstonerobot_ws/install/turtlebot3_fake_node/share/turtlebot3_fake_node/hook/cmake_prefix_path.ps1'
[0.854s] INFO:colcon.colcon_core.shell:Creating environment descriptor '/home/jay/capstonerobot_ws/install/turtlebot3_fake_node/share/turtlebot3_fake_node/hook/cmake_prefix_path.dsv'
[0.856s] INFO:colcon.colcon_core.shell:Creating environment hook '/home/jay/capstonerobot_ws/install/turtlebot3_fake_node/share/turtlebot3_fake_node/hook/cmake_prefix_path.sh'
[0.858s] Level 1:colcon.colcon_core.environment:checking '/home/jay/capstonerobot_ws/install/turtlebot3_fake_node/lib'
[0.858s] Level 1:colcon.colcon_core.environment:checking '/home/jay/capstonerobot_ws/install/turtlebot3_fake_node/bin'
[0.858s] Level 1:colcon.colcon_core.environment:checking '/home/jay/capstonerobot_ws/install/turtlebot3_fake_node/lib/pkgconfig/turtlebot3_fake_node.pc'
[0.858s] Level 1:colcon.colcon_core.environment:checking '/home/jay/capstonerobot_ws/install/turtlebot3_fake_node/lib/python3.8/site-packages'
[0.859s] Level 1:colcon.colcon_core.environment:checking '/home/jay/capstonerobot_ws/install/turtlebot3_fake_node/bin'
[0.861s] INFO:colcon.colcon_core.shell:Creating package script '/home/jay/capstonerobot_ws/install/turtlebot3_fake_node/share/turtlebot3_fake_node/package.ps1'
[0.862s] INFO:colcon.colcon_core.shell:Creating package descriptor '/home/jay/capstonerobot_ws/install/turtlebot3_fake_node/share/turtlebot3_fake_node/package.dsv'
[0.864s] INFO:colcon.colcon_core.shell:Creating package script '/home/jay/capstonerobot_ws/install/turtlebot3_fake_node/share/turtlebot3_fake_node/package.sh'
[0.864s] INFO:colcon.colcon_core.shell:Creating package script '/home/jay/capstonerobot_ws/install/turtlebot3_fake_node/share/turtlebot3_fake_node/package.bash'
[0.865s] INFO:colcon.colcon_core.shell:Creating package script '/home/jay/capstonerobot_ws/install/turtlebot3_fake_node/share/turtlebot3_fake_node/package.zsh'
[0.866s] Level 1:colcon.colcon_core.environment:create_file_with_runtime_dependencies(/home/jay/capstonerobot_ws/install/turtlebot3_fake_node/share/colcon-core/packages/turtlebot3_fake_node)
[0.908s] Level 1:colcon.colcon_core.environment:create_environment_scripts_only(ydlidar_ros2_driver)
[0.911s] Level 1:colcon.colcon_core.environment:checking '/home/jay/capstonerobot_ws/install/ydlidar_ros2_driver' for CMake module files
[0.912s] Level 1:colcon.colcon_core.environment:checking '/home/jay/capstonerobot_ws/install/ydlidar_ros2_driver' for CMake config files
[0.912s] Level 1:colcon.colcon_core.shell:create_environment_hook('ydlidar_ros2_driver', 'cmake_prefix_path')
[0.914s] INFO:colcon.colcon_core.shell:Creating environment hook '/home/jay/capstonerobot_ws/install/ydlidar_ros2_driver/share/ydlidar_ros2_driver/hook/cmake_prefix_path.ps1'
[0.915s] INFO:colcon.colcon_core.shell:Creating environment descriptor '/home/jay/capstonerobot_ws/install/ydlidar_ros2_driver/share/ydlidar_ros2_driver/hook/cmake_prefix_path.dsv'
[0.916s] INFO:colcon.colcon_core.shell:Creating environment hook '/home/jay/capstonerobot_ws/install/ydlidar_ros2_driver/share/ydlidar_ros2_driver/hook/cmake_prefix_path.sh'
[0.917s] Level 1:colcon.colcon_core.environment:checking '/home/jay/capstonerobot_ws/install/ydlidar_ros2_driver/lib'
[0.917s] Level 1:colcon.colcon_core.environment:checking '/home/jay/capstonerobot_ws/install/ydlidar_ros2_driver/bin'
[0.917s] Level 1:colcon.colcon_core.environment:checking '/home/jay/capstonerobot_ws/install/ydlidar_ros2_driver/lib/pkgconfig/ydlidar_ros2_driver.pc'
[0.917s] Level 1:colcon.colcon_core.environment:checking '/home/jay/capstonerobot_ws/install/ydlidar_ros2_driver/lib/python3.8/site-packages'
[0.918s] Level 1:colcon.colcon_core.environment:checking '/home/jay/capstonerobot_ws/install/ydlidar_ros2_driver/bin'
[0.919s] INFO:colcon.colcon_core.shell:Creating package script '/home/jay/capstonerobot_ws/install/ydlidar_ros2_driver/share/ydlidar_ros2_driver/package.ps1'
[0.920s] INFO:colcon.colcon_core.shell:Creating package descriptor '/home/jay/capstonerobot_ws/install/ydlidar_ros2_driver/share/ydlidar_ros2_driver/package.dsv'
[0.922s] INFO:colcon.colcon_core.shell:Creating package script '/home/jay/capstonerobot_ws/install/ydlidar_ros2_driver/share/ydlidar_ros2_driver/package.sh'
[0.923s] INFO:colcon.colcon_core.shell:Creating package script '/home/jay/capstonerobot_ws/install/ydlidar_ros2_driver/share/ydlidar_ros2_driver/package.bash'
[0.924s] INFO:colcon.colcon_core.shell:Creating package script '/home/jay/capstonerobot_ws/install/ydlidar_ros2_driver/share/ydlidar_ros2_driver/package.zsh'
[0.925s] Level 1:colcon.colcon_core.environment:create_file_with_runtime_dependencies(/home/jay/capstonerobot_ws/install/ydlidar_ros2_driver/share/colcon-core/packages/ydlidar_ros2_driver)
[3.096s] Level 1:colcon.colcon_core.environment:create_environment_scripts_only(turtlebot3_gazebo)
[3.097s] Level 1:colcon.colcon_core.environment:checking '/home/jay/capstonerobot_ws/install/turtlebot3_gazebo' for CMake module files
[3.098s] DEBUG:colcon.colcon_core.event_handler.log_command:Invoked command in '/home/jay/capstonerobot_ws/build/turtlebot3_gazebo' returned '0': CMAKE_PREFIX_PATH=${CMAKE_PREFIX_PATH}:/home/jay/colcon_ws/install/turtlebot3_fake_node:/opt/ros/foxy /usr/bin/cmake --install /home/jay/capstonerobot_ws/build/turtlebot3_gazebo
[3.098s] Level 1:colcon.colcon_core.environment:checking '/home/jay/capstonerobot_ws/install/turtlebot3_gazebo' for CMake config files
[3.098s] Level 1:colcon.colcon_core.shell:create_environment_hook('turtlebot3_gazebo', 'cmake_prefix_path')
[3.099s] INFO:colcon.colcon_core.shell:Creating environment hook '/home/jay/capstonerobot_ws/install/turtlebot3_gazebo/share/turtlebot3_gazebo/hook/cmake_prefix_path.ps1'
[3.099s] INFO:colcon.colcon_core.shell:Creating environment descriptor '/home/jay/capstonerobot_ws/install/turtlebot3_gazebo/share/turtlebot3_gazebo/hook/cmake_prefix_path.dsv'
[3.100s] INFO:colcon.colcon_core.shell:Creating environment hook '/home/jay/capstonerobot_ws/install/turtlebot3_gazebo/share/turtlebot3_gazebo/hook/cmake_prefix_path.sh'
[3.100s] Level 1:colcon.colcon_core.environment:checking '/home/jay/capstonerobot_ws/install/turtlebot3_gazebo/lib'
[3.100s] Level 1:colcon.colcon_core.environment:checking '/home/jay/capstonerobot_ws/install/turtlebot3_gazebo/bin'
[3.100s] Level 1:colcon.colcon_core.environment:checking '/home/jay/capstonerobot_ws/install/turtlebot3_gazebo/lib/pkgconfig/turtlebot3_gazebo.pc'
[3.100s] Level 1:colcon.colcon_core.environment:checking '/home/jay/capstonerobot_ws/install/turtlebot3_gazebo/lib/python3.8/site-packages'
[3.100s] Level 1:colcon.colcon_core.environment:checking '/home/jay/capstonerobot_ws/install/turtlebot3_gazebo/bin'
[3.101s] INFO:colcon.colcon_core.shell:Creating package script '/home/jay/capstonerobot_ws/install/turtlebot3_gazebo/share/turtlebot3_gazebo/package.ps1'
[3.102s] INFO:colcon.colcon_core.shell:Creating package descriptor '/home/jay/capstonerobot_ws/install/turtlebot3_gazebo/share/turtlebot3_gazebo/package.dsv'
[3.102s] INFO:colcon.colcon_core.shell:Creating package script '/home/jay/capstonerobot_ws/install/turtlebot3_gazebo/share/turtlebot3_gazebo/package.sh'
[3.102s] INFO:colcon.colcon_core.shell:Creating package script '/home/jay/capstonerobot_ws/install/turtlebot3_gazebo/share/turtlebot3_gazebo/package.bash'
[3.103s] INFO:colcon.colcon_core.shell:Creating package script '/home/jay/capstonerobot_ws/install/turtlebot3_gazebo/share/turtlebot3_gazebo/package.zsh'
[3.103s] Level 1:colcon.colcon_core.environment:create_file_with_runtime_dependencies(/home/jay/capstonerobot_ws/install/turtlebot3_gazebo/share/colcon-core/packages/turtlebot3_gazebo)
[3.128s] Level 1:colcon.colcon_core.environment:create_environment_scripts_only(turtlebot3_gazebo)
[3.129s] Level 1:colcon.colcon_core.environment:checking '/home/jay/capstonerobot_ws/install/turtlebot3_gazebo' for CMake module files
[3.129s] Level 1:colcon.colcon_core.environment:checking '/home/jay/capstonerobot_ws/install/turtlebot3_gazebo' for CMake config files
[3.130s] Level 1:colcon.colcon_core.shell:create_environment_hook('turtlebot3_gazebo', 'cmake_prefix_path')
[3.130s] INFO:colcon.colcon_core.shell:Creating environment hook '/home/jay/capstonerobot_ws/install/turtlebot3_gazebo/share/turtlebot3_gazebo/hook/cmake_prefix_path.ps1'
[3.131s] INFO:colcon.colcon_core.shell:Creating environment descriptor '/home/jay/capstonerobot_ws/install/turtlebot3_gazebo/share/turtlebot3_gazebo/hook/cmake_prefix_path.dsv'
[3.131s] INFO:colcon.colcon_core.shell:Creating environment hook '/home/jay/capstonerobot_ws/install/turtlebot3_gazebo/share/turtlebot3_gazebo/hook/cmake_prefix_path.sh'
[3.131s] Level 1:colcon.colcon_core.environment:checking '/home/jay/capstonerobot_ws/install/turtlebot3_gazebo/lib'
[3.131s] Level 1:colcon.colcon_core.environment:checking '/home/jay/capstonerobot_ws/install/turtlebot3_gazebo/bin'
[3.131s] Level 1:colcon.colcon_core.environment:checking '/home/jay/capstonerobot_ws/install/turtlebot3_gazebo/lib/pkgconfig/turtlebot3_gazebo.pc'
[3.132s] Level 1:colcon.colcon_core.environment:checking '/home/jay/capstonerobot_ws/install/turtlebot3_gazebo/lib/python3.8/site-packages'
[3.132s] Level 1:colcon.colcon_core.environment:checking '/home/jay/capstonerobot_ws/install/turtlebot3_gazebo/bin'
[3.132s] INFO:colcon.colcon_core.shell:Creating package script '/home/jay/capstonerobot_ws/install/turtlebot3_gazebo/share/turtlebot3_gazebo/package.ps1'
[3.133s] INFO:colcon.colcon_core.shell:Creating package descriptor '/home/jay/capstonerobot_ws/install/turtlebot3_gazebo/share/turtlebot3_gazebo/package.dsv'
[3.133s] INFO:colcon.colcon_core.shell:Creating package script '/home/jay/capstonerobot_ws/install/turtlebot3_gazebo/share/turtlebot3_gazebo/package.sh'
[3.133s] INFO:colcon.colcon_core.shell:Creating package script '/home/jay/capstonerobot_ws/install/turtlebot3_gazebo/share/turtlebot3_gazebo/package.bash'
[3.134s] INFO:colcon.colcon_core.shell:Creating package script '/home/jay/capstonerobot_ws/install/turtlebot3_gazebo/share/turtlebot3_gazebo/package.zsh'
[3.134s] Level 1:colcon.colcon_core.environment:create_file_with_runtime_dependencies(/home/jay/capstonerobot_ws/install/turtlebot3_gazebo/share/colcon-core/packages/turtlebot3_gazebo)
[3.134s] INFO:colcon.colcon_ros.task.ament_cmake.build:Building ROS package in '/home/jay/capstonerobot_ws/src/turtlebot3_simulations/turtlebot3_simulations' with build type 'ament_cmake'
[3.134s] INFO:colcon.colcon_cmake.task.cmake.build:Building CMake package in '/home/jay/capstonerobot_ws/src/turtlebot3_simulations/turtlebot3_simulations'
[3.135s] INFO:colcon.colcon_core.shell:Skip shell extension 'powershell' for command environment: Not usable outside of PowerShell
[3.135s] DEBUG:colcon.colcon_core.shell:Skip shell extension 'dsv' for command environment
[3.150s] DEBUG:colcon.colcon_core.event_handler.log_command:Invoking command in '/home/jay/capstonerobot_ws/build/turtlebot3_simulations': AMENT_PREFIX_PATH=/home/jay/capstonerobot_ws/install/turtlebot3_gazebo:/home/jay/capstonerobot_ws/install/turtlebot3_fake_node:${AMENT_PREFIX_PATH} CMAKE_PREFIX_PATH=/home/jay/capstonerobot_ws/install/turtlebot3_gazebo:/home/jay/capstonerobot_ws/install/turtlebot3_fake_node:/home/jay/colcon_ws/install/ydlidar_ros2_driver:/home/jay/colcon_ws/install/turtlebot3_simulations:/home/jay/colcon_ws/install/turtlebot3_gazebo:/home/jay/colcon_ws/install/micro_ros_setup:/home/jay/colcon_ws/install/micro_ros_agent:/home/jay/colcon_ws/install/micro_ros_msgs:/home/jay/colcon_ws/install/drive_base_msgs:/home/jay/colcon_ws/install/turtlebot3_fake_node:/opt/ros/foxy /usr/bin/cmake --build /home/jay/capstonerobot_ws/build/turtlebot3_simulations -- -j4 -l4
[3.179s] DEBUG:colcon.colcon_core.event_handler.log_command:Invoked command in '/home/jay/capstonerobot_ws/build/turtlebot3_simulations' returned '0': AMENT_PREFIX_PATH=/home/jay/capstonerobot_ws/install/turtlebot3_gazebo:/home/jay/capstonerobot_ws/install/turtlebot3_fake_node:${AMENT_PREFIX_PATH} CMAKE_PREFIX_PATH=/home/jay/capstonerobot_ws/install/turtlebot3_gazebo:/home/jay/capstonerobot_ws/install/turtlebot3_fake_node:/home/jay/colcon_ws/install/ydlidar_ros2_driver:/home/jay/colcon_ws/install/turtlebot3_simulations:/home/jay/colcon_ws/install/turtlebot3_gazebo:/home/jay/colcon_ws/install/micro_ros_setup:/home/jay/colcon_ws/install/micro_ros_agent:/home/jay/colcon_ws/install/micro_ros_msgs:/home/jay/colcon_ws/install/drive_base_msgs:/home/jay/colcon_ws/install/turtlebot3_fake_node:/opt/ros/foxy /usr/bin/cmake --build /home/jay/capstonerobot_ws/build/turtlebot3_simulations -- -j4 -l4
[3.193s] DEBUG:colcon.colcon_core.event_handler.log_command:Invoking command in '/home/jay/capstonerobot_ws/build/turtlebot3_simulations': AMENT_PREFIX_PATH=/home/jay/capstonerobot_ws/install/turtlebot3_gazebo:/home/jay/capstonerobot_ws/install/turtlebot3_fake_node:${AMENT_PREFIX_PATH} CMAKE_PREFIX_PATH=/home/jay/capstonerobot_ws/install/turtlebot3_gazebo:/home/jay/capstonerobot_ws/install/turtlebot3_fake_node:/home/jay/colcon_ws/install/ydlidar_ros2_driver:/home/jay/colcon_ws/install/turtlebot3_simulations:/home/jay/colcon_ws/install/turtlebot3_gazebo:/home/jay/colcon_ws/install/micro_ros_setup:/home/jay/colcon_ws/install/micro_ros_agent:/home/jay/colcon_ws/install/micro_ros_msgs:/home/jay/colcon_ws/install/drive_base_msgs:/home/jay/colcon_ws/install/turtlebot3_fake_node:/opt/ros/foxy /usr/bin/cmake --install /home/jay/capstonerobot_ws/build/turtlebot3_simulations
[3.210s] Level 1:colcon.colcon_core.environment:create_environment_scripts_only(turtlebot3_simulations)
[3.212s] Level 1:colcon.colcon_core.environment:checking '/home/jay/capstonerobot_ws/install/turtlebot3_simulations' for CMake module files
[3.212s] DEBUG:colcon.colcon_core.event_handler.log_command:Invoked command in '/home/jay/capstonerobot_ws/build/turtlebot3_simulations' returned '0': AMENT_PREFIX_PATH=/home/jay/capstonerobot_ws/install/turtlebot3_gazebo:/home/jay/capstonerobot_ws/install/turtlebot3_fake_node:${AMENT_PREFIX_PATH} CMAKE_PREFIX_PATH=/home/jay/capstonerobot_ws/install/turtlebot3_gazebo:/home/jay/capstonerobot_ws/install/turtlebot3_fake_node:/home/jay/colcon_ws/install/ydlidar_ros2_driver:/home/jay/colcon_ws/install/turtlebot3_simulations:/home/jay/colcon_ws/install/turtlebot3_gazebo:/home/jay/colcon_ws/install/micro_ros_setup:/home/jay/colcon_ws/install/micro_ros_agent:/home/jay/colcon_ws/install/micro_ros_msgs:/home/jay/colcon_ws/install/drive_base_msgs:/home/jay/colcon_ws/install/turtlebot3_fake_node:/opt/ros/foxy /usr/bin/cmake --install /home/jay/capstonerobot_ws/build/turtlebot3_simulations
[3.212s] Level 1:colcon.colcon_core.environment:checking '/home/jay/capstonerobot_ws/install/turtlebot3_simulations' for CMake config files
[3.213s] Level 1:colcon.colcon_core.shell:create_environment_hook('turtlebot3_simulations', 'cmake_prefix_path')
[3.213s] INFO:colcon.colcon_core.shell:Creating environment hook '/home/jay/capstonerobot_ws/install/turtlebot3_simulations/share/turtlebot3_simulations/hook/cmake_prefix_path.ps1'
[3.214s] INFO:colcon.colcon_core.shell:Creating environment descriptor '/home/jay/capstonerobot_ws/install/turtlebot3_simulations/share/turtlebot3_simulations/hook/cmake_prefix_path.dsv'
[3.214s] INFO:colcon.colcon_core.shell:Creating environment hook '/home/jay/capstonerobot_ws/install/turtlebot3_simulations/share/turtlebot3_simulations/hook/cmake_prefix_path.sh'
[3.215s] Level 1:colcon.colcon_core.environment:checking '/home/jay/capstonerobot_ws/install/turtlebot3_simulations/bin'
[3.215s] Level 1:colcon.colcon_core.environment:checking '/home/jay/capstonerobot_ws/install/turtlebot3_simulations/lib/pkgconfig/turtlebot3_simulations.pc'
[3.215s] Level 1:colcon.colcon_core.environment:checking '/home/jay/capstonerobot_ws/install/turtlebot3_simulations/lib/python3.8/site-packages'
[3.215s] Level 1:colcon.colcon_core.environment:checking '/home/jay/capstonerobot_ws/install/turtlebot3_simulations/bin'
[3.216s] INFO:colcon.colcon_core.shell:Creating package script '/home/jay/capstonerobot_ws/install/turtlebot3_simulations/share/turtlebot3_simulations/package.ps1'
[3.216s] INFO:colcon.colcon_core.shell:Creating package descriptor '/home/jay/capstonerobot_ws/install/turtlebot3_simulations/share/turtlebot3_simulations/package.dsv'
[3.217s] INFO:colcon.colcon_core.shell:Creating package script '/home/jay/capstonerobot_ws/install/turtlebot3_simulations/share/turtlebot3_simulations/package.sh'
[3.217s] INFO:colcon.colcon_core.shell:Creating package script '/home/jay/capstonerobot_ws/install/turtlebot3_simulations/share/turtlebot3_simulations/package.bash'
[3.218s] INFO:colcon.colcon_core.shell:Creating package script '/home/jay/capstonerobot_ws/install/turtlebot3_simulations/share/turtlebot3_simulations/package.zsh'
[3.218s] Level 1:colcon.colcon_core.environment:create_file_with_runtime_dependencies(/home/jay/capstonerobot_ws/install/turtlebot3_simulations/share/colcon-core/packages/turtlebot3_simulations)
[3.234s] Level 1:colcon.colcon_core.environment:create_environment_scripts_only(turtlebot3_simulations)
[3.235s] Level 1:colcon.colcon_core.environment:checking '/home/jay/capstonerobot_ws/install/turtlebot3_simulations' for CMake module files
[3.236s] Level 1:colcon.colcon_core.environment:checking '/home/jay/capstonerobot_ws/install/turtlebot3_simulations' for CMake config files
[3.236s] Level 1:colcon.colcon_core.shell:create_environment_hook('turtlebot3_simulations', 'cmake_prefix_path')
[3.237s] INFO:colcon.colcon_core.shell:Creating environment hook '/home/jay/capstonerobot_ws/install/turtlebot3_simulations/share/turtlebot3_simulations/hook/cmake_prefix_path.ps1'
[3.238s] INFO:colcon.colcon_core.shell:Creating environment descriptor '/home/jay/capstonerobot_ws/install/turtlebot3_simulations/share/turtlebot3_simulations/hook/cmake_prefix_path.dsv'
[3.238s] INFO:colcon.colcon_core.shell:Creating environment hook '/home/jay/capstonerobot_ws/install/turtlebot3_simulations/share/turtlebot3_simulations/hook/cmake_prefix_path.sh'
[3.239s] Level 1:colcon.colcon_core.environment:checking '/home/jay/capstonerobot_ws/install/turtlebot3_simulations/bin'
[3.239s] Level 1:colcon.colcon_core.environment:checking '/home/jay/capstonerobot_ws/install/turtlebot3_simulations/lib/pkgconfig/turtlebot3_simulations.pc'
[3.239s] Level 1:colcon.colcon_core.environment:checking '/home/jay/capstonerobot_ws/install/turtlebot3_simulations/lib/python3.8/site-packages'
[3.239s] Level 1:colcon.colcon_core.environment:checking '/home/jay/capstonerobot_ws/install/turtlebot3_simulations/bin'
[3.240s] INFO:colcon.colcon_core.shell:Creating package script '/home/jay/capstonerobot_ws/install/turtlebot3_simulations/share/turtlebot3_simulations/package.ps1'
[3.240s] INFO:colcon.colcon_core.shell:Creating package descriptor '/home/jay/capstonerobot_ws/install/turtlebot3_simulations/share/turtlebot3_simulations/package.dsv'
[3.241s] INFO:colcon.colcon_core.shell:Creating package script '/home/jay/capstonerobot_ws/install/turtlebot3_simulations/share/turtlebot3_simulations/package.sh'
[3.241s] INFO:colcon.colcon_core.shell:Creating package script '/home/jay/capstonerobot_ws/install/turtlebot3_simulations/share/turtlebot3_simulations/package.bash'
[3.241s] INFO:colcon.colcon_core.shell:Creating package script '/home/jay/capstonerobot_ws/install/turtlebot3_simulations/share/turtlebot3_simulations/package.zsh'
[3.242s] Level 1:colcon.colcon_core.environment:create_file_with_runtime_dependencies(/home/jay/capstonerobot_ws/install/turtlebot3_simulations/share/colcon-core/packages/turtlebot3_simulations)
[3.242s] DEBUG:colcon.colcon_parallel_executor.executor.parallel:closing loop
[3.242s] DEBUG:colcon.colcon_parallel_executor.executor.parallel:loop closed
[3.242s] DEBUG:colcon.colcon_parallel_executor.executor.parallel:run_until_complete finished with '0'
[3.242s] DEBUG:colcon.colcon_core.event_reactor:joining thread
[3.248s] INFO:colcon.colcon_core.plugin_system:Skipping extension 'colcon_notification.desktop_notification.terminal_notifier': Not used on non-Darwin systems
[3.248s] INFO:colcon.colcon_core.plugin_system:Skipping extension 'colcon_notification.desktop_notification.win32': Not used on non-Windows systems
[3.248s] INFO:colcon.colcon_notification.desktop_notification:Sending desktop notification using 'notify2'
[3.262s] DEBUG:colcon.colcon_core.event_reactor:joined thread
[3.263s] INFO:colcon.colcon_core.shell:Creating prefix script '/home/jay/capstonerobot_ws/install/local_setup.ps1'
[3.263s] INFO:colcon.colcon_core.shell:Creating prefix util module '/home/jay/capstonerobot_ws/install/_local_setup_util_ps1.py'
[3.265s] INFO:colcon.colcon_core.shell:Creating prefix chain script '/home/jay/capstonerobot_ws/install/setup.ps1'
[3.268s] INFO:colcon.colcon_core.shell:Creating prefix script '/home/jay/capstonerobot_ws/install/local_setup.sh'
[3.268s] INFO:colcon.colcon_core.shell:Creating prefix util module '/home/jay/capstonerobot_ws/install/_local_setup_util_sh.py'
[3.269s] INFO:colcon.colcon_core.shell:Creating prefix chain script '/home/jay/capstonerobot_ws/install/setup.sh'
[3.273s] INFO:colcon.colcon_core.shell:Creating prefix script '/home/jay/capstonerobot_ws/install/local_setup.bash'
[3.273s] INFO:colcon.colcon_core.shell:Creating prefix chain script '/home/jay/capstonerobot_ws/install/setup.bash'
[3.275s] INFO:colcon.colcon_core.shell:Creating prefix script '/home/jay/capstonerobot_ws/install/local_setup.zsh'
[3.276s] INFO:colcon.colcon_core.shell:Creating prefix chain script '/home/jay/capstonerobot_ws/install/setup.zsh'
