[0.049s] Invoking command in '/home/jay/capstonerobot_ws/build/drive_base_msgs': CMAKE_PREFIX_PATH=${CMAKE_PREFIX_PATH}:/home/jay/capstonerobot_ws/install/turtlebot3_teleop:/home/jay/capstonerobot_ws/install/turtlebot3_example:/opt/ros/foxy /usr/bin/cmake /home/jay/capstonerobot_ws/src/uros/drive_base/drive_base_msgs -DCMAKE_INSTALL_PREFIX=/home/jay/capstonerobot_ws/install/drive_base_msgs
[0.102s] -- Found ament_cmake: 0.9.12 (/opt/ros/foxy/share/ament_cmake/cmake)
[0.148s] -- Found PythonInterp: /usr/bin/python3 (found suitable version "3.8.10", minimum required is "3") 
[0.148s] -- Using PYTHON_EXECUTABLE: /usr/bin/python3
[0.372s] -- Override CMake install command with custom implementation using symlinks instead of copying resources
[0.385s] -- Found std_msgs: 2.0.5 (/opt/ros/foxy/share/std_msgs/cmake)
[0.429s] -- Using all available rosidl_typesupport_c: rosidl_typesupport_microxrcedds_c;rosidl_typesupport_fastrtps_c;rosidl_typesupport_introspection_c
[0.434s] -- Found rosidl_adapter: 1.3.1 (/opt/ros/foxy/share/rosidl_adapter/cmake)
[0.662s] -- Using all available rosidl_typesupport_cpp: rosidl_typesupport_microxrcedds_cpp;rosidl_typesupport_fastrtps_cpp;rosidl_typesupport_introspection_cpp
[0.741s] -- Found rosidl_default_generators: 1.0.1 (/opt/ros/foxy/share/rosidl_default_generators/cmake)
[0.801s] -- Found PythonInterp: /usr/bin/python3 (found version "3.8.10") 
[1.050s] -- Found ament_cmake_cppcheck: 0.9.8 (/opt/ros/foxy/share/ament_cmake_cppcheck/cmake)
[1.051s] -- Found ament_cmake_cpplint: 0.9.8 (/opt/ros/foxy/share/ament_cmake_cpplint/cmake)
[1.053s] -- Found ament_cmake_uncrustify: 0.9.8 (/opt/ros/foxy/share/ament_cmake_uncrustify/cmake)
[1.054s] -- Found ament_cmake_ros: 0.9.2 (/opt/ros/foxy/share/ament_cmake_ros/cmake)
[1.378s] -- Using all available rosidl_typesupport_c: rosidl_typesupport_microxrcedds_c;rosidl_typesupport_fastrtps_c;rosidl_typesupport_introspection_c
[1.504s] -- Using all available rosidl_typesupport_cpp: rosidl_typesupport_microxrcedds_cpp;rosidl_typesupport_fastrtps_cpp;rosidl_typesupport_introspection_cpp
[1.567s] -- Found PythonInterp: /usr/bin/python3 (found suitable version "3.8.10", minimum required is "3.5") 
[1.568s] -- Found python_cmake_module: 0.8.1 (/opt/ros/foxy/share/python_cmake_module/cmake)
[1.620s] -- Using PYTHON_EXECUTABLE: /usr/bin/python3
[1.620s] -- Using PYTHON_INCLUDE_DIRS: /usr/include/python3.8
[1.620s] -- Using PYTHON_LIBRARIES: /usr/lib/aarch64-linux-gnu/libpython3.8.so
[1.718s] -- Found ament_cmake_flake8: 0.9.8 (/opt/ros/foxy/share/ament_cmake_flake8/cmake)
[1.719s] -- Found ament_cmake_pep257: 0.9.8 (/opt/ros/foxy/share/ament_cmake_pep257/cmake)
[1.753s] -- Configuring done
[1.952s] -- Generating done
[1.956s] -- Build files have been written to: /home/jay/capstonerobot_ws/build/drive_base_msgs
[1.966s] Invoked command in '/home/jay/capstonerobot_ws/build/drive_base_msgs' returned '0': CMAKE_PREFIX_PATH=${CMAKE_PREFIX_PATH}:/home/jay/capstonerobot_ws/install/turtlebot3_teleop:/home/jay/capstonerobot_ws/install/turtlebot3_example:/opt/ros/foxy /usr/bin/cmake /home/jay/capstonerobot_ws/src/uros/drive_base/drive_base_msgs -DCMAKE_INSTALL_PREFIX=/home/jay/capstonerobot_ws/install/drive_base_msgs
[1.966s] Invoking command in '/home/jay/capstonerobot_ws/build/drive_base_msgs': CMAKE_PREFIX_PATH=${CMAKE_PREFIX_PATH}:/home/jay/capstonerobot_ws/install/turtlebot3_teleop:/home/jay/capstonerobot_ws/install/turtlebot3_example:/opt/ros/foxy /usr/bin/cmake --build /home/jay/capstonerobot_ws/build/drive_base_msgs -- -j4 -l4
[2.034s] [  1%] Built target drive_base_msgs__cpp
[2.068s] [ 10%] Built target drive_base_msgs__rosidl_generator_c
[2.109s] [ 18%] Built target drive_base_msgs__rosidl_typesupport_introspection_cpp
[2.121s] [ 27%] Built target drive_base_msgs__rosidl_typesupport_fastrtps_cpp
[2.126s] [ 36%] Built target drive_base_msgs__rosidl_typesupport_cpp
[2.131s] [ 44%] Built target drive_base_msgs__rosidl_typesupport_microxrcedds_cpp
[2.254s] [ 53%] Built target drive_base_msgs__rosidl_typesupport_microxrcedds_c
[2.254s] [ 62%] Built target drive_base_msgs__rosidl_typesupport_introspection_c
[2.260s] [ 71%] Built target drive_base_msgs__rosidl_typesupport_c
[2.310s] [ 79%] Built target drive_base_msgs__rosidl_typesupport_fastrtps_c
[2.347s] [ 79%] Built target drive_base_msgs
[2.374s] [ 81%] Built target drive_base_msgs__py
[2.415s] [ 88%] Built target drive_base_msgs__python
[2.483s] [ 94%] Built target drive_base_msgs__rosidl_typesupport_microxrcedds_c__pyext
[2.484s] [ 94%] Built target drive_base_msgs__rosidl_typesupport_c__pyext
[2.496s] [ 97%] Built target drive_base_msgs__rosidl_typesupport_introspection_c__pyext
[2.497s] [100%] Built target drive_base_msgs__rosidl_typesupport_fastrtps_c__pyext
[2.513s] Invoked command in '/home/jay/capstonerobot_ws/build/drive_base_msgs' returned '0': CMAKE_PREFIX_PATH=${CMAKE_PREFIX_PATH}:/home/jay/capstonerobot_ws/install/turtlebot3_teleop:/home/jay/capstonerobot_ws/install/turtlebot3_example:/opt/ros/foxy /usr/bin/cmake --build /home/jay/capstonerobot_ws/build/drive_base_msgs -- -j4 -l4
[2.866s] Invoking command in '/home/jay/capstonerobot_ws/build/drive_base_msgs': CMAKE_PREFIX_PATH=${CMAKE_PREFIX_PATH}:/home/jay/capstonerobot_ws/install/turtlebot3_teleop:/home/jay/capstonerobot_ws/install/turtlebot3_example:/opt/ros/foxy /usr/bin/cmake --install /home/jay/capstonerobot_ws/build/drive_base_msgs
[2.878s] -- Install configuration: ""
[2.879s] -- Execute custom install script
[2.880s] -- Up-to-date symlink: /home/jay/capstonerobot_ws/install/drive_base_msgs/share/ament_index/resource_index/rosidl_interfaces/drive_base_msgs
[2.881s] -- Up-to-date symlink: /home/jay/capstonerobot_ws/install/drive_base_msgs/include/drive_base_msgs/msg/base_info.h
[2.882s] -- Up-to-date symlink: /home/jay/capstonerobot_ws/install/drive_base_msgs/include/drive_base_msgs/msg/command_header.h
[2.883s] -- Up-to-date symlink: /home/jay/capstonerobot_ws/install/drive_base_msgs/include/drive_base_msgs/msg/command_status.h
[2.883s] -- Up-to-date symlink: /home/jay/capstonerobot_ws/install/drive_base_msgs/include/drive_base_msgs/msg/detail/base_info__functions.h
[2.884s] -- Up-to-date symlink: /home/jay/capstonerobot_ws/install/drive_base_msgs/include/drive_base_msgs/msg/detail/base_info__struct.h
[2.888s] -- Up-to-date symlink: /home/jay/capstonerobot_ws/install/drive_base_msgs/include/drive_base_msgs/msg/detail/base_info__type_support.h
[2.889s] -- Up-to-date symlink: /home/jay/capstonerobot_ws/install/drive_base_msgs/include/drive_base_msgs/msg/detail/command_header__functions.h
[2.889s] -- Up-to-date symlink: /home/jay/capstonerobot_ws/install/drive_base_msgs/include/drive_base_msgs/msg/detail/command_header__struct.h
[2.890s] -- Up-to-date symlink: /home/jay/capstonerobot_ws/install/drive_base_msgs/include/drive_base_msgs/msg/detail/command_header__type_support.h
[2.890s] -- Up-to-date symlink: /home/jay/capstonerobot_ws/install/drive_base_msgs/include/drive_base_msgs/msg/detail/command_status__functions.h
[2.891s] -- Up-to-date symlink: /home/jay/capstonerobot_ws/install/drive_base_msgs/include/drive_base_msgs/msg/detail/command_status__struct.h
[2.893s] -- Up-to-date symlink: /home/jay/capstonerobot_ws/install/drive_base_msgs/include/drive_base_msgs/msg/detail/command_status__type_support.h
[2.894s] -- Up-to-date symlink: /home/jay/capstonerobot_ws/install/drive_base_msgs/include/drive_base_msgs/msg/detail/trv_command__functions.h
[2.895s] -- Up-to-date symlink: /home/jay/capstonerobot_ws/install/drive_base_msgs/include/drive_base_msgs/msg/detail/trv_command__struct.h
[2.896s] -- Up-to-date symlink: /home/jay/capstonerobot_ws/install/drive_base_msgs/include/drive_base_msgs/msg/detail/trv_command__type_support.h
[2.897s] -- Up-to-date symlink: /home/jay/capstonerobot_ws/install/drive_base_msgs/include/drive_base_msgs/msg/rosidl_generator_c__visibility_control.h
[2.898s] -- Up-to-date symlink: /home/jay/capstonerobot_ws/install/drive_base_msgs/include/drive_base_msgs/msg/trv_command.h
[2.900s] -- Up-to-date symlink: /home/jay/capstonerobot_ws/install/drive_base_msgs/share/drive_base_msgs/environment/library_path.sh
[2.900s] -- Up-to-date symlink: /home/jay/capstonerobot_ws/install/drive_base_msgs/share/drive_base_msgs/environment/library_path.dsv
[2.902s] -- Up-to-date symlink: /home/jay/capstonerobot_ws/install/drive_base_msgs/include/drive_base_msgs/msg/detail/base_info__rosidl_typesupport_microxrcedds_c.h
[2.905s] -- Up-to-date symlink: /home/jay/capstonerobot_ws/install/drive_base_msgs/include/drive_base_msgs/msg/detail/command_header__rosidl_typesupport_microxrcedds_c.h
[2.905s] -- Up-to-date symlink: /home/jay/capstonerobot_ws/install/drive_base_msgs/include/drive_base_msgs/msg/detail/command_status__rosidl_typesupport_microxrcedds_c.h
[2.911s] -- Up-to-date symlink: /home/jay/capstonerobot_ws/install/drive_base_msgs/include/drive_base_msgs/msg/detail/trv_command__rosidl_typesupport_microxrcedds_c.h
[2.911s] -- Up-to-date symlink: /home/jay/capstonerobot_ws/install/drive_base_msgs/include/drive_base_msgs/msg/rosidl_typesupport_microxrcedds_c__visibility_control.h
[2.917s] -- Up-to-date symlink: /home/jay/capstonerobot_ws/install/drive_base_msgs/lib/libdrive_base_msgs__rosidl_typesupport_microxrcedds_c.a
[2.918s] -- Up-to-date symlink: /home/jay/capstonerobot_ws/install/drive_base_msgs/include/drive_base_msgs/msg/detail/base_info__rosidl_typesupport_fastrtps_c.h
[2.919s] -- Up-to-date symlink: /home/jay/capstonerobot_ws/install/drive_base_msgs/include/drive_base_msgs/msg/detail/command_header__rosidl_typesupport_fastrtps_c.h
[2.919s] -- Up-to-date symlink: /home/jay/capstonerobot_ws/install/drive_base_msgs/include/drive_base_msgs/msg/detail/command_status__rosidl_typesupport_fastrtps_c.h
[2.920s] -- Up-to-date symlink: /home/jay/capstonerobot_ws/install/drive_base_msgs/include/drive_base_msgs/msg/detail/trv_command__rosidl_typesupport_fastrtps_c.h
[2.921s] -- Up-to-date symlink: /home/jay/capstonerobot_ws/install/drive_base_msgs/include/drive_base_msgs/msg/rosidl_typesupport_fastrtps_c__visibility_control.h
[2.921s] -- Up-to-date symlink: /home/jay/capstonerobot_ws/install/drive_base_msgs/lib/libdrive_base_msgs__rosidl_typesupport_fastrtps_c.so
[2.924s] -- Up-to-date symlink: /home/jay/capstonerobot_ws/install/drive_base_msgs/include/drive_base_msgs/msg/detail/base_info__rosidl_typesupport_fastrtps_cpp.hpp
[2.925s] -- Up-to-date symlink: /home/jay/capstonerobot_ws/install/drive_base_msgs/include/drive_base_msgs/msg/detail/command_header__rosidl_typesupport_fastrtps_cpp.hpp
[2.926s] -- Up-to-date symlink: /home/jay/capstonerobot_ws/install/drive_base_msgs/include/drive_base_msgs/msg/detail/command_status__rosidl_typesupport_fastrtps_cpp.hpp
[2.926s] -- Up-to-date symlink: /home/jay/capstonerobot_ws/install/drive_base_msgs/include/drive_base_msgs/msg/detail/trv_command__rosidl_typesupport_fastrtps_cpp.hpp
[2.927s] -- Up-to-date symlink: /home/jay/capstonerobot_ws/install/drive_base_msgs/include/drive_base_msgs/msg/rosidl_typesupport_fastrtps_cpp__visibility_control.h
[2.928s] -- Up-to-date symlink: /home/jay/capstonerobot_ws/install/drive_base_msgs/lib/libdrive_base_msgs__rosidl_typesupport_fastrtps_cpp.so
[2.928s] -- Up-to-date symlink: /home/jay/capstonerobot_ws/install/drive_base_msgs/include/drive_base_msgs/msg/detail/base_info__rosidl_typesupport_introspection_c.h
[2.929s] -- Up-to-date symlink: /home/jay/capstonerobot_ws/install/drive_base_msgs/include/drive_base_msgs/msg/detail/command_header__rosidl_typesupport_introspection_c.h
[2.929s] -- Up-to-date symlink: /home/jay/capstonerobot_ws/install/drive_base_msgs/include/drive_base_msgs/msg/detail/command_status__rosidl_typesupport_introspection_c.h
[2.929s] -- Up-to-date symlink: /home/jay/capstonerobot_ws/install/drive_base_msgs/include/drive_base_msgs/msg/detail/trv_command__rosidl_typesupport_introspection_c.h
[2.930s] -- Up-to-date symlink: /home/jay/capstonerobot_ws/install/drive_base_msgs/include/drive_base_msgs/msg/rosidl_typesupport_introspection_c__visibility_control.h
[2.931s] -- Up-to-date symlink: /home/jay/capstonerobot_ws/install/drive_base_msgs/include/drive_base_msgs/msg/base_info.hpp
[2.931s] -- Up-to-date symlink: /home/jay/capstonerobot_ws/install/drive_base_msgs/include/drive_base_msgs/msg/command_header.hpp
[2.932s] -- Up-to-date symlink: /home/jay/capstonerobot_ws/install/drive_base_msgs/include/drive_base_msgs/msg/command_status.hpp
[2.932s] -- Up-to-date symlink: /home/jay/capstonerobot_ws/install/drive_base_msgs/include/drive_base_msgs/msg/detail/base_info__builder.hpp
[2.933s] -- Up-to-date symlink: /home/jay/capstonerobot_ws/install/drive_base_msgs/include/drive_base_msgs/msg/detail/base_info__struct.hpp
[2.933s] -- Up-to-date symlink: /home/jay/capstonerobot_ws/install/drive_base_msgs/include/drive_base_msgs/msg/detail/base_info__traits.hpp
[2.933s] -- Up-to-date symlink: /home/jay/capstonerobot_ws/install/drive_base_msgs/include/drive_base_msgs/msg/detail/base_info__type_support.hpp
[2.934s] -- Up-to-date symlink: /home/jay/capstonerobot_ws/install/drive_base_msgs/include/drive_base_msgs/msg/detail/command_header__builder.hpp
[2.934s] -- Up-to-date symlink: /home/jay/capstonerobot_ws/install/drive_base_msgs/include/drive_base_msgs/msg/detail/command_header__struct.hpp
[2.935s] -- Up-to-date symlink: /home/jay/capstonerobot_ws/install/drive_base_msgs/include/drive_base_msgs/msg/detail/command_header__traits.hpp
[2.935s] -- Up-to-date symlink: /home/jay/capstonerobot_ws/install/drive_base_msgs/include/drive_base_msgs/msg/detail/command_header__type_support.hpp
[2.936s] -- Up-to-date symlink: /home/jay/capstonerobot_ws/install/drive_base_msgs/include/drive_base_msgs/msg/detail/command_status__builder.hpp
[2.936s] -- Up-to-date symlink: /home/jay/capstonerobot_ws/install/drive_base_msgs/include/drive_base_msgs/msg/detail/command_status__struct.hpp
[2.936s] -- Up-to-date symlink: /home/jay/capstonerobot_ws/install/drive_base_msgs/include/drive_base_msgs/msg/detail/command_status__traits.hpp
[2.937s] -- Up-to-date symlink: /home/jay/capstonerobot_ws/install/drive_base_msgs/include/drive_base_msgs/msg/detail/command_status__type_support.hpp
[2.937s] -- Up-to-date symlink: /home/jay/capstonerobot_ws/install/drive_base_msgs/include/drive_base_msgs/msg/detail/trv_command__builder.hpp
[2.938s] -- Up-to-date symlink: /home/jay/capstonerobot_ws/install/drive_base_msgs/include/drive_base_msgs/msg/detail/trv_command__struct.hpp
[2.938s] -- Up-to-date symlink: /home/jay/capstonerobot_ws/install/drive_base_msgs/include/drive_base_msgs/msg/detail/trv_command__traits.hpp
[2.939s] -- Up-to-date symlink: /home/jay/capstonerobot_ws/install/drive_base_msgs/include/drive_base_msgs/msg/detail/trv_command__type_support.hpp
[2.940s] -- Up-to-date symlink: /home/jay/capstonerobot_ws/install/drive_base_msgs/include/drive_base_msgs/msg/rosidl_generator_cpp__visibility_control.hpp
[2.941s] -- Up-to-date symlink: /home/jay/capstonerobot_ws/install/drive_base_msgs/include/drive_base_msgs/msg/trv_command.hpp
[2.942s] -- Up-to-date symlink: /home/jay/capstonerobot_ws/install/drive_base_msgs/include/drive_base_msgs/msg/detail/base_info__rosidl_typesupport_microxrcedds_cpp.hpp
[2.942s] -- Up-to-date symlink: /home/jay/capstonerobot_ws/install/drive_base_msgs/include/drive_base_msgs/msg/detail/command_header__rosidl_typesupport_microxrcedds_cpp.hpp
[2.943s] -- Up-to-date symlink: /home/jay/capstonerobot_ws/install/drive_base_msgs/include/drive_base_msgs/msg/detail/command_status__rosidl_typesupport_microxrcedds_cpp.hpp
[2.944s] -- Up-to-date symlink: /home/jay/capstonerobot_ws/install/drive_base_msgs/include/drive_base_msgs/msg/detail/microxrcedds/base_info__type_support_cpp.cpp
[2.944s] -- Up-to-date symlink: /home/jay/capstonerobot_ws/install/drive_base_msgs/include/drive_base_msgs/msg/detail/microxrcedds/command_header__type_support_cpp.cpp
[2.945s] -- Up-to-date symlink: /home/jay/capstonerobot_ws/install/drive_base_msgs/include/drive_base_msgs/msg/detail/microxrcedds/command_status__type_support_cpp.cpp
[2.945s] -- Up-to-date symlink: /home/jay/capstonerobot_ws/install/drive_base_msgs/include/drive_base_msgs/msg/detail/microxrcedds/trv_command__type_support_cpp.cpp
[2.946s] -- Up-to-date symlink: /home/jay/capstonerobot_ws/install/drive_base_msgs/include/drive_base_msgs/msg/detail/trv_command__rosidl_typesupport_microxrcedds_cpp.hpp
[2.946s] -- Up-to-date symlink: /home/jay/capstonerobot_ws/install/drive_base_msgs/include/drive_base_msgs/msg/rosidl_typesupport_microxrcedds_cpp__visibility_control.h
[2.947s] -- Up-to-date symlink: /home/jay/capstonerobot_ws/install/drive_base_msgs/lib/libdrive_base_msgs__rosidl_typesupport_microxrcedds_cpp.a
[2.948s] -- Up-to-date symlink: /home/jay/capstonerobot_ws/install/drive_base_msgs/include/drive_base_msgs/msg/detail/base_info__rosidl_typesupport_introspection_cpp.hpp
[2.948s] -- Up-to-date symlink: /home/jay/capstonerobot_ws/install/drive_base_msgs/include/drive_base_msgs/msg/detail/command_header__rosidl_typesupport_introspection_cpp.hpp
[2.949s] -- Up-to-date symlink: /home/jay/capstonerobot_ws/install/drive_base_msgs/include/drive_base_msgs/msg/detail/command_status__rosidl_typesupport_introspection_cpp.hpp
[2.949s] -- Up-to-date symlink: /home/jay/capstonerobot_ws/install/drive_base_msgs/include/drive_base_msgs/msg/detail/trv_command__rosidl_typesupport_introspection_cpp.hpp
[2.949s] -- Up-to-date symlink: /home/jay/capstonerobot_ws/install/drive_base_msgs/share/drive_base_msgs/environment/pythonpath.sh
[2.950s] -- Up-to-date symlink: /home/jay/capstonerobot_ws/install/drive_base_msgs/share/drive_base_msgs/environment/pythonpath.dsv
[2.950s] -- Up-to-date symlink: /home/jay/capstonerobot_ws/install/drive_base_msgs/lib/python3.8/site-packages/drive_base_msgs/__init__.py
[2.952s] -- Up-to-date symlink: /home/jay/capstonerobot_ws/install/drive_base_msgs/lib/python3.8/site-packages/drive_base_msgs/msg/__init__.py
[2.952s] -- Up-to-date symlink: /home/jay/capstonerobot_ws/install/drive_base_msgs/lib/python3.8/site-packages/drive_base_msgs/msg/_base_info.py
[2.953s] -- Up-to-date symlink: /home/jay/capstonerobot_ws/install/drive_base_msgs/lib/python3.8/site-packages/drive_base_msgs/msg/_command_header.py
[2.954s] -- Up-to-date symlink: /home/jay/capstonerobot_ws/install/drive_base_msgs/lib/python3.8/site-packages/drive_base_msgs/msg/_command_status.py
[2.954s] -- Up-to-date symlink: /home/jay/capstonerobot_ws/install/drive_base_msgs/lib/python3.8/site-packages/drive_base_msgs/msg/_trv_command.py
[2.955s] -- Up-to-date symlink: /home/jay/capstonerobot_ws/install/drive_base_msgs/lib/python3.8/site-packages/drive_base_msgs/drive_base_msgs_s__rosidl_typesupport_microxrcedds_c.cpython-38-aarch64-linux-gnu.so
[2.956s] -- Up-to-date symlink: /home/jay/capstonerobot_ws/install/drive_base_msgs/lib/python3.8/site-packages/drive_base_msgs/drive_base_msgs_s__rosidl_typesupport_fastrtps_c.cpython-38-aarch64-linux-gnu.so
[2.956s] -- Up-to-date symlink: /home/jay/capstonerobot_ws/install/drive_base_msgs/lib/python3.8/site-packages/drive_base_msgs/drive_base_msgs_s__rosidl_typesupport_introspection_c.cpython-38-aarch64-linux-gnu.so
[2.957s] -- Up-to-date symlink: /home/jay/capstonerobot_ws/install/drive_base_msgs/lib/python3.8/site-packages/drive_base_msgs/drive_base_msgs_s__rosidl_typesupport_c.cpython-38-aarch64-linux-gnu.so
[2.957s] -- Up-to-date symlink: /home/jay/capstonerobot_ws/install/drive_base_msgs/lib/libdrive_base_msgs__python.so
[2.958s] -- Up-to-date symlink: /home/jay/capstonerobot_ws/install/drive_base_msgs/share/drive_base_msgs/msg/CommandHeader.idl
[2.958s] -- Up-to-date symlink: /home/jay/capstonerobot_ws/install/drive_base_msgs/share/drive_base_msgs/msg/BaseInfo.idl
[2.959s] -- Up-to-date symlink: /home/jay/capstonerobot_ws/install/drive_base_msgs/share/drive_base_msgs/msg/CommandStatus.idl
[2.959s] -- Up-to-date symlink: /home/jay/capstonerobot_ws/install/drive_base_msgs/share/drive_base_msgs/msg/TRVCommand.idl
[2.960s] -- Up-to-date symlink: /home/jay/capstonerobot_ws/install/drive_base_msgs/share/drive_base_msgs/msg/CommandHeader.msg
[2.960s] -- Up-to-date symlink: /home/jay/capstonerobot_ws/install/drive_base_msgs/share/drive_base_msgs/msg/BaseInfo.msg
[2.961s] -- Up-to-date symlink: /home/jay/capstonerobot_ws/install/drive_base_msgs/share/drive_base_msgs/msg/CommandStatus.msg
[2.961s] -- Up-to-date symlink: /home/jay/capstonerobot_ws/install/drive_base_msgs/share/drive_base_msgs/msg/TRVCommand.msg
[2.961s] -- Up-to-date symlink: /home/jay/capstonerobot_ws/install/drive_base_msgs/share/ament_index/resource_index/package_run_dependencies/drive_base_msgs
[2.962s] -- Up-to-date symlink: /home/jay/capstonerobot_ws/install/drive_base_msgs/share/ament_index/resource_index/parent_prefix_path/drive_base_msgs
[2.962s] -- Up-to-date symlink: /home/jay/capstonerobot_ws/install/drive_base_msgs/share/drive_base_msgs/environment/ament_prefix_path.sh
[2.963s] -- Up-to-date symlink: /home/jay/capstonerobot_ws/install/drive_base_msgs/share/drive_base_msgs/environment/ament_prefix_path.dsv
[2.963s] -- Up-to-date symlink: /home/jay/capstonerobot_ws/install/drive_base_msgs/share/drive_base_msgs/environment/path.sh
[2.964s] -- Up-to-date symlink: /home/jay/capstonerobot_ws/install/drive_base_msgs/share/drive_base_msgs/environment/path.dsv
[2.964s] -- Up-to-date symlink: /home/jay/capstonerobot_ws/install/drive_base_msgs/share/drive_base_msgs/local_setup.bash
[2.964s] -- Up-to-date symlink: /home/jay/capstonerobot_ws/install/drive_base_msgs/share/drive_base_msgs/local_setup.sh
[2.965s] -- Up-to-date symlink: /home/jay/capstonerobot_ws/install/drive_base_msgs/share/drive_base_msgs/local_setup.zsh
[2.965s] -- Up-to-date symlink: /home/jay/capstonerobot_ws/install/drive_base_msgs/share/drive_base_msgs/local_setup.dsv
[2.965s] -- Symlinking: /home/jay/capstonerobot_ws/install/drive_base_msgs/share/drive_base_msgs/package.dsv
[2.977s] -- Up-to-date symlink: /home/jay/capstonerobot_ws/install/drive_base_msgs/share/ament_index/resource_index/packages/drive_base_msgs
[2.978s] -- Up-to-date symlink: /home/jay/capstonerobot_ws/install/drive_base_msgs/share/drive_base_msgs/cmake/rosidl_cmake-extras.cmake
[2.979s] -- Up-to-date symlink: /home/jay/capstonerobot_ws/install/drive_base_msgs/share/drive_base_msgs/cmake/ament_cmake_export_dependencies-extras.cmake
[2.980s] -- Up-to-date symlink: /home/jay/capstonerobot_ws/install/drive_base_msgs/share/drive_base_msgs/cmake/ament_cmake_export_libraries-extras.cmake
[2.980s] -- Up-to-date symlink: /home/jay/capstonerobot_ws/install/drive_base_msgs/share/drive_base_msgs/cmake/ament_cmake_export_targets-extras.cmake
[2.981s] -- Up-to-date symlink: /home/jay/capstonerobot_ws/install/drive_base_msgs/share/drive_base_msgs/cmake/ament_cmake_export_include_directories-extras.cmake
[2.981s] -- Up-to-date symlink: /home/jay/capstonerobot_ws/install/drive_base_msgs/share/drive_base_msgs/cmake/rosidl_cmake_export_typesupport_libraries-extras.cmake
[2.982s] -- Up-to-date symlink: /home/jay/capstonerobot_ws/install/drive_base_msgs/share/drive_base_msgs/cmake/rosidl_cmake_export_typesupport_targets-extras.cmake
[2.982s] -- Up-to-date symlink: /home/jay/capstonerobot_ws/install/drive_base_msgs/share/drive_base_msgs/cmake/drive_base_msgsConfig.cmake
[2.983s] -- Up-to-date symlink: /home/jay/capstonerobot_ws/install/drive_base_msgs/share/drive_base_msgs/cmake/drive_base_msgsConfig-version.cmake
[2.983s] -- Up-to-date symlink: /home/jay/capstonerobot_ws/install/drive_base_msgs/share/drive_base_msgs/package.xml
[2.986s] -- Up-to-date: /home/jay/capstonerobot_ws/install/drive_base_msgs/lib/libdrive_base_msgs__rosidl_generator_c.so
[2.987s] -- Up-to-date: /home/jay/capstonerobot_ws/install/drive_base_msgs/lib/libdrive_base_msgs__rosidl_typesupport_introspection_c.so
[2.988s] -- Up-to-date: /home/jay/capstonerobot_ws/install/drive_base_msgs/lib/libdrive_base_msgs__rosidl_typesupport_c.so
[2.990s] -- Up-to-date: /home/jay/capstonerobot_ws/install/drive_base_msgs/lib/libdrive_base_msgs__rosidl_typesupport_introspection_cpp.so
[2.991s] -- Up-to-date: /home/jay/capstonerobot_ws/install/drive_base_msgs/lib/libdrive_base_msgs__rosidl_typesupport_cpp.so
[3.036s] Compiling '/home/jay/capstonerobot_ws/install/drive_base_msgs/lib/python3.8/site-packages/drive_base_msgs/__init__.py'...
[3.041s] -- Up-to-date: /home/jay/capstonerobot_ws/install/drive_base_msgs/share/drive_base_msgs/cmake/drive_base_msgs__rosidl_generator_cExport.cmake
[3.041s] -- Installing: /home/jay/capstonerobot_ws/install/drive_base_msgs/share/drive_base_msgs/cmake/drive_base_msgs__rosidl_generator_cExport-noconfig.cmake
[3.041s] -- Up-to-date: /home/jay/capstonerobot_ws/install/drive_base_msgs/share/drive_base_msgs/cmake/drive_base_msgs__rosidl_typesupport_introspection_cExport.cmake
[3.042s] -- Installing: /home/jay/capstonerobot_ws/install/drive_base_msgs/share/drive_base_msgs/cmake/drive_base_msgs__rosidl_typesupport_introspection_cExport-noconfig.cmake
[3.042s] -- Up-to-date: /home/jay/capstonerobot_ws/install/drive_base_msgs/share/drive_base_msgs/cmake/drive_base_msgs__rosidl_typesupport_cExport.cmake
[3.043s] -- Installing: /home/jay/capstonerobot_ws/install/drive_base_msgs/share/drive_base_msgs/cmake/drive_base_msgs__rosidl_typesupport_cExport-noconfig.cmake
[3.045s] -- Up-to-date: /home/jay/capstonerobot_ws/install/drive_base_msgs/share/drive_base_msgs/cmake/drive_base_msgs__rosidl_generator_cppExport.cmake
[3.046s] -- Up-to-date: /home/jay/capstonerobot_ws/install/drive_base_msgs/share/drive_base_msgs/cmake/drive_base_msgs__rosidl_typesupport_introspection_cppExport.cmake
[3.046s] -- Installing: /home/jay/capstonerobot_ws/install/drive_base_msgs/share/drive_base_msgs/cmake/drive_base_msgs__rosidl_typesupport_introspection_cppExport-noconfig.cmake
[3.047s] -- Up-to-date: /home/jay/capstonerobot_ws/install/drive_base_msgs/share/drive_base_msgs/cmake/drive_base_msgs__rosidl_typesupport_cppExport.cmake
[3.047s] -- Installing: /home/jay/capstonerobot_ws/install/drive_base_msgs/share/drive_base_msgs/cmake/drive_base_msgs__rosidl_typesupport_cppExport-noconfig.cmake
[3.135s] Invoked command in '/home/jay/capstonerobot_ws/build/drive_base_msgs' returned '0': CMAKE_PREFIX_PATH=${CMAKE_PREFIX_PATH}:/home/jay/capstonerobot_ws/install/turtlebot3_teleop:/home/jay/capstonerobot_ws/install/turtlebot3_example:/opt/ros/foxy /usr/bin/cmake --install /home/jay/capstonerobot_ws/build/drive_base_msgs
