[0.933s] Invoking command in '/home/jay/capstonerobot_ws/build/turtlebot3_teleop': PYTHONPATH=/home/jay/capstonerobot_ws/build/turtlebot3_teleop/prefix_override:/home/jay/capstonerobot_ws/install/turtlebot3_teleop/lib/python3.8/site-packages:${PYTHONPATH} /usr/bin/python3 setup.py develop --uninstall --editable --build-directory /home/jay/capstonerobot_ws/build/turtlebot3_teleop/build
[1.369s] running develop
[1.648s] Invoked command in '/home/jay/capstonerobot_ws/build/turtlebot3_teleop' returned '0': PYTHONPATH=/home/jay/capstonerobot_ws/build/turtlebot3_teleop/prefix_override:/home/jay/capstonerobot_ws/install/turtlebot3_teleop/lib/python3.8/site-packages:${PYTHONPATH} /usr/bin/python3 setup.py develop --uninstall --editable --build-directory /home/jay/capstonerobot_ws/build/turtlebot3_teleop/build
[1.649s] Invoking command in '/home/jay/capstonerobot_ws/src/turtlebot3/turtlebot3_teleop': PYTHONPATH=/home/jay/capstonerobot_ws/build/turtlebot3_teleop/prefix_override:/home/jay/capstonerobot_ws/install/turtlebot3_teleop/lib/python3.8/site-packages:${PYTHONPATH} /usr/bin/python3 setup.py egg_info --egg-base ../../../build/turtlebot3_teleop build --build-base /home/jay/capstonerobot_ws/build/turtlebot3_teleop/build install --record /home/jay/capstonerobot_ws/build/turtlebot3_teleop/install.log --single-version-externally-managed
[1.975s] running egg_info
[1.975s] writing ../../../build/turtlebot3_teleop/turtlebot3_teleop.egg-info/PKG-INFO
[1.976s] writing dependency_links to ../../../build/turtlebot3_teleop/turtlebot3_teleop.egg-info/dependency_links.txt
[1.976s] writing entry points to ../../../build/turtlebot3_teleop/turtlebot3_teleop.egg-info/entry_points.txt
[1.976s] writing requirements to ../../../build/turtlebot3_teleop/turtlebot3_teleop.egg-info/requires.txt
[1.977s] writing top-level names to ../../../build/turtlebot3_teleop/turtlebot3_teleop.egg-info/top_level.txt
[2.028s] reading manifest file '../../../build/turtlebot3_teleop/turtlebot3_teleop.egg-info/SOURCES.txt'
[2.028s] writing manifest file '../../../build/turtlebot3_teleop/turtlebot3_teleop.egg-info/SOURCES.txt'
[2.028s] running build
[2.028s] running build_py
[2.028s] copying turtlebot3_teleop/script/teleop_keyboard.py -> /home/jay/capstonerobot_ws/build/turtlebot3_teleop/build/lib/turtlebot3_teleop/script
[2.028s] running install
[2.037s] running install_lib
[2.037s] copying /home/jay/capstonerobot_ws/build/turtlebot3_teleop/build/lib/turtlebot3_teleop/script/teleop_keyboard.py -> /home/jay/capstonerobot_ws/install/turtlebot3_teleop/lib/python3.8/site-packages/turtlebot3_teleop/script
[2.037s] byte-compiling /home/jay/capstonerobot_ws/install/turtlebot3_teleop/lib/python3.8/site-packages/turtlebot3_teleop/script/teleop_keyboard.py to teleop_keyboard.cpython-38.pyc
[2.038s] running install_data
[2.038s] running install_egg_info
[2.039s] removing '/home/jay/capstonerobot_ws/install/turtlebot3_teleop/lib/python3.8/site-packages/turtlebot3_teleop-2.1.4-py3.8.egg-info' (and everything under it)
[2.040s] Copying ../../../build/turtlebot3_teleop/turtlebot3_teleop.egg-info to /home/jay/capstonerobot_ws/install/turtlebot3_teleop/lib/python3.8/site-packages/turtlebot3_teleop-2.1.4-py3.8.egg-info
[2.041s] running install_scripts
[2.109s] Installing teleop_keyboard script to /home/jay/capstonerobot_ws/install/turtlebot3_teleop/lib/turtlebot3_teleop
[2.109s] writing list of installed files to '/home/jay/capstonerobot_ws/build/turtlebot3_teleop/install.log'
[2.136s] Invoked command in '/home/jay/capstonerobot_ws/src/turtlebot3/turtlebot3_teleop' returned '0': PYTHONPATH=/home/jay/capstonerobot_ws/build/turtlebot3_teleop/prefix_override:/home/jay/capstonerobot_ws/install/turtlebot3_teleop/lib/python3.8/site-packages:${PYTHONPATH} /usr/bin/python3 setup.py egg_info --egg-base ../../../build/turtlebot3_teleop build --build-base /home/jay/capstonerobot_ws/build/turtlebot3_teleop/build install --record /home/jay/capstonerobot_ws/build/turtlebot3_teleop/install.log --single-version-externally-managed
