[1.289s] Invoking command in '/home/jay/capstonerobot_ws/build/turtlebot3_teleop': PYTHONPATH=/home/jay/capstonerobot_ws/build/turtlebot3_teleop/prefix_override:/home/jay/capstonerobot_ws/install/turtlebot3_teleop/lib/python3.8/site-packages:${PYTHONPATH} /usr/bin/python3 setup.py develop --uninstall --editable --build-directory /home/jay/capstonerobot_ws/build/turtlebot3_teleop/build
[1.697s] running develop
[1.931s] Removing /home/jay/capstonerobot_ws/install/turtlebot3_teleop/lib/python3.8/site-packages/turtlebot3-teleop.egg-link (link to .)
[1.970s] Invoked command in '/home/jay/capstonerobot_ws/build/turtlebot3_teleop' returned '0': PYTHONPATH=/home/jay/capstonerobot_ws/build/turtlebot3_teleop/prefix_override:/home/jay/capstonerobot_ws/install/turtlebot3_teleop/lib/python3.8/site-packages:${PYTHONPATH} /usr/bin/python3 setup.py develop --uninstall --editable --build-directory /home/jay/capstonerobot_ws/build/turtlebot3_teleop/build
[1.970s] Invoking command in '/home/jay/capstonerobot_ws/src/turtlebot3/turtlebot3_teleop': PYTHONPATH=/home/jay/capstonerobot_ws/build/turtlebot3_teleop/prefix_override:/home/jay/capstonerobot_ws/install/turtlebot3_teleop/lib/python3.8/site-packages:${PYTHONPATH} /usr/bin/python3 setup.py egg_info --egg-base ../../../build/turtlebot3_teleop build --build-base /home/jay/capstonerobot_ws/build/turtlebot3_teleop/build install --record /home/jay/capstonerobot_ws/build/turtlebot3_teleop/install.log --single-version-externally-managed
[2.320s] running egg_info
[2.321s] writing ../../../build/turtlebot3_teleop/turtlebot3_teleop.egg-info/PKG-INFO
[2.321s] writing dependency_links to ../../../build/turtlebot3_teleop/turtlebot3_teleop.egg-info/dependency_links.txt
[2.321s] writing entry points to ../../../build/turtlebot3_teleop/turtlebot3_teleop.egg-info/entry_points.txt
[2.321s] writing requirements to ../../../build/turtlebot3_teleop/turtlebot3_teleop.egg-info/requires.txt
[2.322s] writing top-level names to ../../../build/turtlebot3_teleop/turtlebot3_teleop.egg-info/top_level.txt
[2.393s] reading manifest file '../../../build/turtlebot3_teleop/turtlebot3_teleop.egg-info/SOURCES.txt'
[2.393s] writing manifest file '../../../build/turtlebot3_teleop/turtlebot3_teleop.egg-info/SOURCES.txt'
[2.394s] running build
[2.394s] running build_py
[2.394s] running install
[2.394s] running install_lib
[2.395s] creating /home/jay/capstonerobot_ws/install/turtlebot3_teleop/lib/python3.8/site-packages/turtlebot3_teleop
[2.395s] creating /home/jay/capstonerobot_ws/install/turtlebot3_teleop/lib/python3.8/site-packages/turtlebot3_teleop/script
[2.395s] copying /home/jay/capstonerobot_ws/build/turtlebot3_teleop/build/lib/turtlebot3_teleop/script/__init__.py -> /home/jay/capstonerobot_ws/install/turtlebot3_teleop/lib/python3.8/site-packages/turtlebot3_teleop/script
[2.395s] copying /home/jay/capstonerobot_ws/build/turtlebot3_teleop/build/lib/turtlebot3_teleop/script/teleop_keyboard.py -> /home/jay/capstonerobot_ws/install/turtlebot3_teleop/lib/python3.8/site-packages/turtlebot3_teleop/script
[2.405s] copying /home/jay/capstonerobot_ws/build/turtlebot3_teleop/build/lib/turtlebot3_teleop/__init__.py -> /home/jay/capstonerobot_ws/install/turtlebot3_teleop/lib/python3.8/site-packages/turtlebot3_teleop
[2.406s] byte-compiling /home/jay/capstonerobot_ws/install/turtlebot3_teleop/lib/python3.8/site-packages/turtlebot3_teleop/script/__init__.py to __init__.cpython-38.pyc
[2.407s] byte-compiling /home/jay/capstonerobot_ws/install/turtlebot3_teleop/lib/python3.8/site-packages/turtlebot3_teleop/script/teleop_keyboard.py to teleop_keyboard.cpython-38.pyc
[2.428s] byte-compiling /home/jay/capstonerobot_ws/install/turtlebot3_teleop/lib/python3.8/site-packages/turtlebot3_teleop/__init__.py to __init__.cpython-38.pyc
[2.428s] running install_data
[2.429s] running install_egg_info
[2.432s] Copying ../../../build/turtlebot3_teleop/turtlebot3_teleop.egg-info to /home/jay/capstonerobot_ws/install/turtlebot3_teleop/lib/python3.8/site-packages/turtlebot3_teleop-2.1.4-py3.8.egg-info
[2.433s] running install_scripts
[2.473s] Installing teleop_keyboard script to /home/jay/capstonerobot_ws/install/turtlebot3_teleop/lib/turtlebot3_teleop
[2.474s] writing list of installed files to '/home/jay/capstonerobot_ws/build/turtlebot3_teleop/install.log'
[2.558s] Invoked command in '/home/jay/capstonerobot_ws/src/turtlebot3/turtlebot3_teleop' returned '0': PYTHONPATH=/home/jay/capstonerobot_ws/build/turtlebot3_teleop/prefix_override:/home/jay/capstonerobot_ws/install/turtlebot3_teleop/lib/python3.8/site-packages:${PYTHONPATH} /usr/bin/python3 setup.py egg_info --egg-base ../../../build/turtlebot3_teleop build --build-base /home/jay/capstonerobot_ws/build/turtlebot3_teleop/build install --record /home/jay/capstonerobot_ws/build/turtlebot3_teleop/install.log --single-version-externally-managed
