[0.009s] Invoking command in '/home/jay/capstonerobot_ws/build/ydlidar_ros2_driver': CMAKE_PREFIX_PATH=${CMAKE_PREFIX_PATH}:/home/jay/capstonerobot_ws/install/turtlebot3_teleop:/home/jay/capstonerobot_ws/install/turtlebot3_example:/opt/ros/foxy /usr/bin/cmake /home/jay/capstonerobot_ws/src/ydlidar_ros2_driver -DAMENT_CMAKE_SYMLINK_INSTALL=1 -DCMAKE_INSTALL_PREFIX=/home/jay/capstonerobot_ws/install/ydlidar_ros2_driver
[0.024s] -- Found ament_cmake: 0.9.12 (/opt/ros/foxy/share/ament_cmake/cmake)
[0.052s] -- Using PYTHON_EXECUTABLE: /usr/bin/python3
[0.171s] -- Override CMake install command with custom implementation using symlinks instead of copying resources
[0.178s] -- Found rclcpp: 2.4.3 (/opt/ros/foxy/share/rclcpp/cmake)
[0.219s] -- Using all available rosidl_typesupport_c: rosidl_typesupport_microxrcedds_c;rosidl_typesupport_fastrtps_c;rosidl_typesupport_introspection_c
[0.221s] -- Found rosidl_adapter: 1.3.1 (/opt/ros/foxy/share/rosidl_adapter/cmake)
[0.343s] -- Using all available rosidl_typesupport_cpp: rosidl_typesupport_microxrcedds_cpp;rosidl_typesupport_fastrtps_cpp;rosidl_typesupport_introspection_cpp
[0.383s] -- Found rmw_implementation_cmake: 1.0.4 (/opt/ros/foxy/share/rmw_implementation_cmake/cmake)
[0.385s] -- Using RMW implementation 'rmw_cyclonedds_cpp' as default
[0.492s] -- Found sensor_msgs: 2.0.5 (/opt/ros/foxy/share/sensor_msgs/cmake)
[0.581s] -- Found visualization_msgs: 2.0.5 (/opt/ros/foxy/share/visualization_msgs/cmake)
[0.643s] -- Found std_srvs: 2.0.5 (/opt/ros/foxy/share/std_srvs/cmake)
[0.660s] -- Found ament_lint_auto: 0.9.8 (/opt/ros/foxy/share/ament_lint_auto/cmake)
[0.719s] -- Added test 'copyright' to check source files copyright and LICENSE
[0.744s] -- Added test 'cppcheck' to perform static code analysis on C / C++ code
[0.745s] -- Configured cppcheck include dirs: /home/jay/capstonerobot_ws/src/ydlidar_ros2_driver/src
[0.745s] -- Configured cppcheck exclude dirs and/or files: 
[0.750s] -- Added test 'cpplint' to check C / C++ code against the Google style
[0.750s] -- Configured cpplint exclude dirs and/or files: 
[0.751s] -- Added test 'flake8' to check Python code syntax and style conventions
[0.752s] -- Added test 'lint_cmake' to check CMake code style
[0.753s] -- Added test 'pep257' to check Python code against some of the style conventions in PEP 257
[0.758s] -- Added test 'uncrustify' to check C / C++ code style
[0.758s] -- Configured uncrustify additional arguments: 
[0.758s] -- Added test 'xmllint' to check XML markup files
[0.762s] -- Configuring done
[0.776s] -- Generating done
[0.778s] -- Build files have been written to: /home/jay/capstonerobot_ws/build/ydlidar_ros2_driver
[0.844s] Invoked command in '/home/jay/capstonerobot_ws/build/ydlidar_ros2_driver' returned '0': CMAKE_PREFIX_PATH=${CMAKE_PREFIX_PATH}:/home/jay/capstonerobot_ws/install/turtlebot3_teleop:/home/jay/capstonerobot_ws/install/turtlebot3_example:/opt/ros/foxy /usr/bin/cmake /home/jay/capstonerobot_ws/src/ydlidar_ros2_driver -DAMENT_CMAKE_SYMLINK_INSTALL=1 -DCMAKE_INSTALL_PREFIX=/home/jay/capstonerobot_ws/install/ydlidar_ros2_driver
[0.844s] Invoking command in '/home/jay/capstonerobot_ws/build/ydlidar_ros2_driver': CMAKE_PREFIX_PATH=${CMAKE_PREFIX_PATH}:/home/jay/capstonerobot_ws/install/turtlebot3_teleop:/home/jay/capstonerobot_ws/install/turtlebot3_example:/opt/ros/foxy /usr/bin/cmake --build /home/jay/capstonerobot_ws/build/ydlidar_ros2_driver -- -j4 -l4
[0.943s] [ 50%] Built target ydlidar_ros2_driver_node
[0.949s] [100%] Built target ydlidar_ros2_driver_client
[0.957s] Invoked command in '/home/jay/capstonerobot_ws/build/ydlidar_ros2_driver' returned '0': CMAKE_PREFIX_PATH=${CMAKE_PREFIX_PATH}:/home/jay/capstonerobot_ws/install/turtlebot3_teleop:/home/jay/capstonerobot_ws/install/turtlebot3_example:/opt/ros/foxy /usr/bin/cmake --build /home/jay/capstonerobot_ws/build/ydlidar_ros2_driver -- -j4 -l4
[0.983s] Invoking command in '/home/jay/capstonerobot_ws/build/ydlidar_ros2_driver': CMAKE_PREFIX_PATH=${CMAKE_PREFIX_PATH}:/home/jay/capstonerobot_ws/install/turtlebot3_teleop:/home/jay/capstonerobot_ws/install/turtlebot3_example:/opt/ros/foxy /usr/bin/cmake --install /home/jay/capstonerobot_ws/build/ydlidar_ros2_driver
[0.998s] -- Install configuration: ""
[0.998s] -- Execute custom install script
[0.998s] -- Up-to-date symlink: /home/jay/capstonerobot_ws/install/ydlidar_ros2_driver/lib/ydlidar_ros2_driver/ydlidar_ros2_driver_node
[0.998s] -- Up-to-date symlink: /home/jay/capstonerobot_ws/install/ydlidar_ros2_driver/lib/ydlidar_ros2_driver/ydlidar_ros2_driver_client
[0.998s] -- Up-to-date symlink: /home/jay/capstonerobot_ws/install/ydlidar_ros2_driver/share/ydlidar_ros2_driver/launch/ydlidar.py
[0.998s] -- Up-to-date symlink: /home/jay/capstonerobot_ws/install/ydlidar_ros2_driver/share/ydlidar_ros2_driver/launch/ydlidar_launch.py
[0.998s] -- Up-to-date symlink: /home/jay/capstonerobot_ws/install/ydlidar_ros2_driver/share/ydlidar_ros2_driver/launch/ydlidar_launch_view.py
[0.998s] -- Up-to-date symlink: /home/jay/capstonerobot_ws/install/ydlidar_ros2_driver/share/ydlidar_ros2_driver/params/G1.yaml
[0.998s] -- Up-to-date symlink: /home/jay/capstonerobot_ws/install/ydlidar_ros2_driver/share/ydlidar_ros2_driver/params/G2.yaml
[0.998s] -- Up-to-date symlink: /home/jay/capstonerobot_ws/install/ydlidar_ros2_driver/share/ydlidar_ros2_driver/params/G6.yaml
[0.998s] -- Up-to-date symlink: /home/jay/capstonerobot_ws/install/ydlidar_ros2_driver/share/ydlidar_ros2_driver/params/TG.yaml
[0.998s] -- Up-to-date symlink: /home/jay/capstonerobot_ws/install/ydlidar_ros2_driver/share/ydlidar_ros2_driver/params/TminiPro.yaml
[0.998s] -- Up-to-date symlink: /home/jay/capstonerobot_ws/install/ydlidar_ros2_driver/share/ydlidar_ros2_driver/params/X2.yaml
[0.998s] -- Up-to-date symlink: /home/jay/capstonerobot_ws/install/ydlidar_ros2_driver/share/ydlidar_ros2_driver/params/X4-Pro.yaml
[0.998s] -- Up-to-date symlink: /home/jay/capstonerobot_ws/install/ydlidar_ros2_driver/share/ydlidar_ros2_driver/params/X4.yaml
[0.998s] -- Up-to-date symlink: /home/jay/capstonerobot_ws/install/ydlidar_ros2_driver/share/ydlidar_ros2_driver/params/ydlidar.yaml
[0.998s] -- Up-to-date symlink: /home/jay/capstonerobot_ws/install/ydlidar_ros2_driver/share/ydlidar_ros2_driver/startup/initenv.sh
[0.999s] -- Up-to-date symlink: /home/jay/capstonerobot_ws/install/ydlidar_ros2_driver/share/ydlidar_ros2_driver/config/ydlidar.rviz
[0.999s] -- Up-to-date symlink: /home/jay/capstonerobot_ws/install/ydlidar_ros2_driver/share/ament_index/resource_index/package_run_dependencies/ydlidar_ros2_driver
[0.999s] -- Up-to-date symlink: /home/jay/capstonerobot_ws/install/ydlidar_ros2_driver/share/ament_index/resource_index/parent_prefix_path/ydlidar_ros2_driver
[0.999s] -- Up-to-date symlink: /home/jay/capstonerobot_ws/install/ydlidar_ros2_driver/share/ydlidar_ros2_driver/environment/ament_prefix_path.sh
[0.999s] -- Up-to-date symlink: /home/jay/capstonerobot_ws/install/ydlidar_ros2_driver/share/ydlidar_ros2_driver/environment/ament_prefix_path.dsv
[0.999s] -- Up-to-date symlink: /home/jay/capstonerobot_ws/install/ydlidar_ros2_driver/share/ydlidar_ros2_driver/environment/path.sh
[0.999s] -- Up-to-date symlink: /home/jay/capstonerobot_ws/install/ydlidar_ros2_driver/share/ydlidar_ros2_driver/environment/path.dsv
[0.999s] -- Up-to-date symlink: /home/jay/capstonerobot_ws/install/ydlidar_ros2_driver/share/ydlidar_ros2_driver/local_setup.bash
[0.999s] -- Up-to-date symlink: /home/jay/capstonerobot_ws/install/ydlidar_ros2_driver/share/ydlidar_ros2_driver/local_setup.sh
[0.999s] -- Up-to-date symlink: /home/jay/capstonerobot_ws/install/ydlidar_ros2_driver/share/ydlidar_ros2_driver/local_setup.zsh
[0.999s] -- Up-to-date symlink: /home/jay/capstonerobot_ws/install/ydlidar_ros2_driver/share/ydlidar_ros2_driver/local_setup.dsv
[0.999s] -- Symlinking: /home/jay/capstonerobot_ws/install/ydlidar_ros2_driver/share/ydlidar_ros2_driver/package.dsv
[1.008s] -- Up-to-date symlink: /home/jay/capstonerobot_ws/install/ydlidar_ros2_driver/share/ament_index/resource_index/packages/ydlidar_ros2_driver
[1.008s] -- Up-to-date symlink: /home/jay/capstonerobot_ws/install/ydlidar_ros2_driver/share/ydlidar_ros2_driver/cmake/ydlidar_ros2_driverConfig.cmake
[1.009s] -- Up-to-date symlink: /home/jay/capstonerobot_ws/install/ydlidar_ros2_driver/share/ydlidar_ros2_driver/cmake/ydlidar_ros2_driverConfig-version.cmake
[1.009s] -- Up-to-date symlink: /home/jay/capstonerobot_ws/install/ydlidar_ros2_driver/share/ydlidar_ros2_driver/package.xml
[1.016s] Invoked command in '/home/jay/capstonerobot_ws/build/ydlidar_ros2_driver' returned '0': CMAKE_PREFIX_PATH=${CMAKE_PREFIX_PATH}:/home/jay/capstonerobot_ws/install/turtlebot3_teleop:/home/jay/capstonerobot_ws/install/turtlebot3_example:/opt/ros/foxy /usr/bin/cmake --install /home/jay/capstonerobot_ws/build/ydlidar_ros2_driver
