[0.019s] Invoking command in '/home/jay/capstonerobot_ws/build/micro_ros_msgs': CMAKE_PREFIX_PATH=${CMAKE_PREFIX_PATH}:/home/jay/capstonerobot_ws/install/turtlebot3_teleop:/home/jay/capstonerobot_ws/install/turtlebot3_example:/opt/ros/foxy /usr/bin/cmake --build /home/jay/capstonerobot_ws/build/micro_ros_msgs -- -j4 -l4
[0.296s] [  1%] Built target micro_ros_msgs__cpp
[0.419s] [ 10%] Built target micro_ros_msgs__rosidl_generator_c
[0.552s] [ 18%] Built target micro_ros_msgs__rosidl_typesupport_fastrtps_cpp
[0.690s] [ 27%] Built target micro_ros_msgs__rosidl_typesupport_microxrcedds_cpp
[0.732s] [ 35%] Built target micro_ros_msgs__rosidl_typesupport_fastrtps_c
[0.766s] [ 44%] Built target micro_ros_msgs__rosidl_typesupport_c
[0.868s] [ 52%] Built target micro_ros_msgs__rosidl_typesupport_microxrcedds_c
[0.978s] [ 61%] Built target micro_ros_msgs__rosidl_typesupport_introspection_c
[1.028s] [ 69%] Built target micro_ros_msgs__rosidl_typesupport_cpp
[1.060s] [ 77%] Built target micro_ros_msgs__rosidl_typesupport_introspection_cpp
[1.116s] [ 77%] Built target micro_ros_msgs
[1.193s] [ 79%] Built target micro_ros_msgs__py
[1.336s] [ 86%] Built target micro_ros_msgs__python
[1.484s] [ 89%] Built target micro_ros_msgs__rosidl_typesupport_introspection_c__pyext
[1.568s] [ 93%] Built target micro_ros_msgs__rosidl_typesupport_c__pyext
[1.611s] [ 96%] Built target micro_ros_msgs__rosidl_typesupport_microxrcedds_c__pyext
[1.682s] [100%] Built target micro_ros_msgs__rosidl_typesupport_fastrtps_c__pyext
[1.702s] Invoked command in '/home/jay/capstonerobot_ws/build/micro_ros_msgs' returned '0': CMAKE_PREFIX_PATH=${CMAKE_PREFIX_PATH}:/home/jay/capstonerobot_ws/install/turtlebot3_teleop:/home/jay/capstonerobot_ws/install/turtlebot3_example:/opt/ros/foxy /usr/bin/cmake --build /home/jay/capstonerobot_ws/build/micro_ros_msgs -- -j4 -l4
[2.366s] Invoking command in '/home/jay/capstonerobot_ws/build/micro_ros_msgs': CMAKE_PREFIX_PATH=${CMAKE_PREFIX_PATH}:/home/jay/capstonerobot_ws/install/turtlebot3_teleop:/home/jay/capstonerobot_ws/install/turtlebot3_example:/opt/ros/foxy /usr/bin/cmake --install /home/jay/capstonerobot_ws/build/micro_ros_msgs
[2.385s] -- Install configuration: ""
[2.386s] -- Execute custom install script
[2.387s] -- Up-to-date symlink: /home/jay/capstonerobot_ws/install/micro_ros_msgs/share/ament_index/resource_index/rosidl_interfaces/micro_ros_msgs
[2.388s] -- Up-to-date symlink: /home/jay/capstonerobot_ws/install/micro_ros_msgs/include/micro_ros_msgs/msg/detail/entity__functions.h
[2.388s] -- Up-to-date symlink: /home/jay/capstonerobot_ws/install/micro_ros_msgs/include/micro_ros_msgs/msg/detail/entity__struct.h
[2.389s] -- Up-to-date symlink: /home/jay/capstonerobot_ws/install/micro_ros_msgs/include/micro_ros_msgs/msg/detail/entity__type_support.h
[2.389s] -- Up-to-date symlink: /home/jay/capstonerobot_ws/install/micro_ros_msgs/include/micro_ros_msgs/msg/detail/graph__functions.h
[2.389s] -- Up-to-date symlink: /home/jay/capstonerobot_ws/install/micro_ros_msgs/include/micro_ros_msgs/msg/detail/graph__struct.h
[2.390s] -- Up-to-date symlink: /home/jay/capstonerobot_ws/install/micro_ros_msgs/include/micro_ros_msgs/msg/detail/graph__type_support.h
[2.390s] -- Up-to-date symlink: /home/jay/capstonerobot_ws/install/micro_ros_msgs/include/micro_ros_msgs/msg/detail/node__functions.h
[2.391s] -- Up-to-date symlink: /home/jay/capstonerobot_ws/install/micro_ros_msgs/include/micro_ros_msgs/msg/detail/node__struct.h
[2.394s] -- Up-to-date symlink: /home/jay/capstonerobot_ws/install/micro_ros_msgs/include/micro_ros_msgs/msg/detail/node__type_support.h
[2.394s] -- Up-to-date symlink: /home/jay/capstonerobot_ws/install/micro_ros_msgs/include/micro_ros_msgs/msg/entity.h
[2.394s] -- Up-to-date symlink: /home/jay/capstonerobot_ws/install/micro_ros_msgs/include/micro_ros_msgs/msg/graph.h
[2.395s] -- Up-to-date symlink: /home/jay/capstonerobot_ws/install/micro_ros_msgs/include/micro_ros_msgs/msg/node.h
[2.395s] -- Up-to-date symlink: /home/jay/capstonerobot_ws/install/micro_ros_msgs/include/micro_ros_msgs/msg/rosidl_generator_c__visibility_control.h
[2.396s] -- Up-to-date symlink: /home/jay/capstonerobot_ws/install/micro_ros_msgs/share/micro_ros_msgs/environment/library_path.sh
[2.396s] -- Up-to-date symlink: /home/jay/capstonerobot_ws/install/micro_ros_msgs/share/micro_ros_msgs/environment/library_path.dsv
[2.397s] -- Up-to-date symlink: /home/jay/capstonerobot_ws/install/micro_ros_msgs/include/micro_ros_msgs/msg/detail/entity__rosidl_typesupport_microxrcedds_c.h
[2.398s] -- Up-to-date symlink: /home/jay/capstonerobot_ws/install/micro_ros_msgs/include/micro_ros_msgs/msg/detail/graph__rosidl_typesupport_microxrcedds_c.h
[2.398s] -- Up-to-date symlink: /home/jay/capstonerobot_ws/install/micro_ros_msgs/include/micro_ros_msgs/msg/detail/node__rosidl_typesupport_microxrcedds_c.h
[2.398s] -- Up-to-date symlink: /home/jay/capstonerobot_ws/install/micro_ros_msgs/include/micro_ros_msgs/msg/rosidl_typesupport_microxrcedds_c__visibility_control.h
[2.399s] -- Up-to-date symlink: /home/jay/capstonerobot_ws/install/micro_ros_msgs/lib/libmicro_ros_msgs__rosidl_typesupport_microxrcedds_c.a
[2.400s] -- Up-to-date symlink: /home/jay/capstonerobot_ws/install/micro_ros_msgs/include/micro_ros_msgs/msg/detail/entity__rosidl_typesupport_fastrtps_c.h
[2.400s] -- Up-to-date symlink: /home/jay/capstonerobot_ws/install/micro_ros_msgs/include/micro_ros_msgs/msg/detail/graph__rosidl_typesupport_fastrtps_c.h
[2.401s] -- Up-to-date symlink: /home/jay/capstonerobot_ws/install/micro_ros_msgs/include/micro_ros_msgs/msg/detail/node__rosidl_typesupport_fastrtps_c.h
[2.402s] -- Up-to-date symlink: /home/jay/capstonerobot_ws/install/micro_ros_msgs/include/micro_ros_msgs/msg/rosidl_typesupport_fastrtps_c__visibility_control.h
[2.402s] -- Up-to-date symlink: /home/jay/capstonerobot_ws/install/micro_ros_msgs/lib/libmicro_ros_msgs__rosidl_typesupport_fastrtps_c.so
[2.404s] -- Up-to-date symlink: /home/jay/capstonerobot_ws/install/micro_ros_msgs/include/micro_ros_msgs/msg/detail/entity__rosidl_typesupport_fastrtps_cpp.hpp
[2.405s] -- Up-to-date symlink: /home/jay/capstonerobot_ws/install/micro_ros_msgs/include/micro_ros_msgs/msg/detail/graph__rosidl_typesupport_fastrtps_cpp.hpp
[2.405s] -- Up-to-date symlink: /home/jay/capstonerobot_ws/install/micro_ros_msgs/include/micro_ros_msgs/msg/detail/node__rosidl_typesupport_fastrtps_cpp.hpp
[2.405s] -- Up-to-date symlink: /home/jay/capstonerobot_ws/install/micro_ros_msgs/include/micro_ros_msgs/msg/rosidl_typesupport_fastrtps_cpp__visibility_control.h
[2.406s] -- Up-to-date symlink: /home/jay/capstonerobot_ws/install/micro_ros_msgs/lib/libmicro_ros_msgs__rosidl_typesupport_fastrtps_cpp.so
[2.406s] -- Up-to-date symlink: /home/jay/capstonerobot_ws/install/micro_ros_msgs/include/micro_ros_msgs/msg/detail/entity__rosidl_typesupport_introspection_c.h
[2.407s] -- Up-to-date symlink: /home/jay/capstonerobot_ws/install/micro_ros_msgs/include/micro_ros_msgs/msg/detail/graph__rosidl_typesupport_introspection_c.h
[2.407s] -- Up-to-date symlink: /home/jay/capstonerobot_ws/install/micro_ros_msgs/include/micro_ros_msgs/msg/detail/node__rosidl_typesupport_introspection_c.h
[2.408s] -- Up-to-date symlink: /home/jay/capstonerobot_ws/install/micro_ros_msgs/include/micro_ros_msgs/msg/rosidl_typesupport_introspection_c__visibility_control.h
[2.409s] -- Up-to-date symlink: /home/jay/capstonerobot_ws/install/micro_ros_msgs/include/micro_ros_msgs/msg/detail/entity__builder.hpp
[2.409s] -- Up-to-date symlink: /home/jay/capstonerobot_ws/install/micro_ros_msgs/include/micro_ros_msgs/msg/detail/entity__struct.hpp
[2.409s] -- Up-to-date symlink: /home/jay/capstonerobot_ws/install/micro_ros_msgs/include/micro_ros_msgs/msg/detail/entity__traits.hpp
[2.409s] -- Up-to-date symlink: /home/jay/capstonerobot_ws/install/micro_ros_msgs/include/micro_ros_msgs/msg/detail/entity__type_support.hpp
[2.410s] -- Up-to-date symlink: /home/jay/capstonerobot_ws/install/micro_ros_msgs/include/micro_ros_msgs/msg/detail/graph__builder.hpp
[2.410s] -- Up-to-date symlink: /home/jay/capstonerobot_ws/install/micro_ros_msgs/include/micro_ros_msgs/msg/detail/graph__struct.hpp
[2.410s] -- Up-to-date symlink: /home/jay/capstonerobot_ws/install/micro_ros_msgs/include/micro_ros_msgs/msg/detail/graph__traits.hpp
[2.411s] -- Up-to-date symlink: /home/jay/capstonerobot_ws/install/micro_ros_msgs/include/micro_ros_msgs/msg/detail/graph__type_support.hpp
[2.411s] -- Up-to-date symlink: /home/jay/capstonerobot_ws/install/micro_ros_msgs/include/micro_ros_msgs/msg/detail/node__builder.hpp
[2.411s] -- Up-to-date symlink: /home/jay/capstonerobot_ws/install/micro_ros_msgs/include/micro_ros_msgs/msg/detail/node__struct.hpp
[2.412s] -- Up-to-date symlink: /home/jay/capstonerobot_ws/install/micro_ros_msgs/include/micro_ros_msgs/msg/detail/node__traits.hpp
[2.412s] -- Up-to-date symlink: /home/jay/capstonerobot_ws/install/micro_ros_msgs/include/micro_ros_msgs/msg/detail/node__type_support.hpp
[2.412s] -- Up-to-date symlink: /home/jay/capstonerobot_ws/install/micro_ros_msgs/include/micro_ros_msgs/msg/entity.hpp
[2.413s] -- Up-to-date symlink: /home/jay/capstonerobot_ws/install/micro_ros_msgs/include/micro_ros_msgs/msg/graph.hpp
[2.413s] -- Up-to-date symlink: /home/jay/capstonerobot_ws/install/micro_ros_msgs/include/micro_ros_msgs/msg/node.hpp
[2.413s] -- Up-to-date symlink: /home/jay/capstonerobot_ws/install/micro_ros_msgs/include/micro_ros_msgs/msg/rosidl_generator_cpp__visibility_control.hpp
[2.415s] -- Up-to-date symlink: /home/jay/capstonerobot_ws/install/micro_ros_msgs/include/micro_ros_msgs/msg/detail/entity__rosidl_typesupport_microxrcedds_cpp.hpp
[2.418s] -- Up-to-date symlink: /home/jay/capstonerobot_ws/install/micro_ros_msgs/include/micro_ros_msgs/msg/detail/graph__rosidl_typesupport_microxrcedds_cpp.hpp
[2.418s] -- Up-to-date symlink: /home/jay/capstonerobot_ws/install/micro_ros_msgs/include/micro_ros_msgs/msg/detail/microxrcedds/entity__type_support_cpp.cpp
[2.418s] -- Up-to-date symlink: /home/jay/capstonerobot_ws/install/micro_ros_msgs/include/micro_ros_msgs/msg/detail/microxrcedds/graph__type_support_cpp.cpp
[2.419s] -- Up-to-date symlink: /home/jay/capstonerobot_ws/install/micro_ros_msgs/include/micro_ros_msgs/msg/detail/microxrcedds/node__type_support_cpp.cpp
[2.419s] -- Up-to-date symlink: /home/jay/capstonerobot_ws/install/micro_ros_msgs/include/micro_ros_msgs/msg/detail/node__rosidl_typesupport_microxrcedds_cpp.hpp
[2.420s] -- Up-to-date symlink: /home/jay/capstonerobot_ws/install/micro_ros_msgs/include/micro_ros_msgs/msg/rosidl_typesupport_microxrcedds_cpp__visibility_control.h
[2.420s] -- Up-to-date symlink: /home/jay/capstonerobot_ws/install/micro_ros_msgs/lib/libmicro_ros_msgs__rosidl_typesupport_microxrcedds_cpp.a
[2.421s] -- Up-to-date symlink: /home/jay/capstonerobot_ws/install/micro_ros_msgs/include/micro_ros_msgs/msg/detail/entity__rosidl_typesupport_introspection_cpp.hpp
[2.421s] -- Up-to-date symlink: /home/jay/capstonerobot_ws/install/micro_ros_msgs/include/micro_ros_msgs/msg/detail/graph__rosidl_typesupport_introspection_cpp.hpp
[2.422s] -- Up-to-date symlink: /home/jay/capstonerobot_ws/install/micro_ros_msgs/include/micro_ros_msgs/msg/detail/node__rosidl_typesupport_introspection_cpp.hpp
[2.422s] -- Up-to-date symlink: /home/jay/capstonerobot_ws/install/micro_ros_msgs/share/micro_ros_msgs/environment/pythonpath.sh
[2.423s] -- Up-to-date symlink: /home/jay/capstonerobot_ws/install/micro_ros_msgs/share/micro_ros_msgs/environment/pythonpath.dsv
[2.423s] -- Up-to-date symlink: /home/jay/capstonerobot_ws/install/micro_ros_msgs/lib/python3.8/site-packages/micro_ros_msgs/__init__.py
[2.424s] -- Up-to-date symlink: /home/jay/capstonerobot_ws/install/micro_ros_msgs/lib/python3.8/site-packages/micro_ros_msgs/msg/__init__.py
[2.425s] -- Up-to-date symlink: /home/jay/capstonerobot_ws/install/micro_ros_msgs/lib/python3.8/site-packages/micro_ros_msgs/msg/_entity.py
[2.425s] -- Up-to-date symlink: /home/jay/capstonerobot_ws/install/micro_ros_msgs/lib/python3.8/site-packages/micro_ros_msgs/msg/_graph.py
[2.425s] -- Up-to-date symlink: /home/jay/capstonerobot_ws/install/micro_ros_msgs/lib/python3.8/site-packages/micro_ros_msgs/msg/_node.py
[2.426s] -- Up-to-date symlink: /home/jay/capstonerobot_ws/install/micro_ros_msgs/lib/python3.8/site-packages/micro_ros_msgs/micro_ros_msgs_s__rosidl_typesupport_microxrcedds_c.cpython-38-aarch64-linux-gnu.so
[2.427s] -- Up-to-date symlink: /home/jay/capstonerobot_ws/install/micro_ros_msgs/lib/python3.8/site-packages/micro_ros_msgs/micro_ros_msgs_s__rosidl_typesupport_fastrtps_c.cpython-38-aarch64-linux-gnu.so
[2.428s] -- Up-to-date symlink: /home/jay/capstonerobot_ws/install/micro_ros_msgs/lib/python3.8/site-packages/micro_ros_msgs/micro_ros_msgs_s__rosidl_typesupport_introspection_c.cpython-38-aarch64-linux-gnu.so
[2.428s] -- Up-to-date symlink: /home/jay/capstonerobot_ws/install/micro_ros_msgs/lib/python3.8/site-packages/micro_ros_msgs/micro_ros_msgs_s__rosidl_typesupport_c.cpython-38-aarch64-linux-gnu.so
[2.436s] -- Up-to-date symlink: /home/jay/capstonerobot_ws/install/micro_ros_msgs/lib/libmicro_ros_msgs__python.so
[2.437s] -- Up-to-date symlink: /home/jay/capstonerobot_ws/install/micro_ros_msgs/share/micro_ros_msgs/msg/Graph.idl
[2.437s] -- Up-to-date symlink: /home/jay/capstonerobot_ws/install/micro_ros_msgs/share/micro_ros_msgs/msg/Node.idl
[2.437s] -- Up-to-date symlink: /home/jay/capstonerobot_ws/install/micro_ros_msgs/share/micro_ros_msgs/msg/Entity.idl
[2.438s] -- Up-to-date symlink: /home/jay/capstonerobot_ws/install/micro_ros_msgs/share/micro_ros_msgs/msg/Graph.msg
[2.438s] -- Up-to-date symlink: /home/jay/capstonerobot_ws/install/micro_ros_msgs/share/micro_ros_msgs/msg/Node.msg
[2.439s] -- Up-to-date symlink: /home/jay/capstonerobot_ws/install/micro_ros_msgs/share/micro_ros_msgs/msg/Entity.msg
[2.439s] -- Up-to-date symlink: /home/jay/capstonerobot_ws/install/micro_ros_msgs/share/ament_index/resource_index/package_run_dependencies/micro_ros_msgs
[2.440s] -- Up-to-date symlink: /home/jay/capstonerobot_ws/install/micro_ros_msgs/share/ament_index/resource_index/parent_prefix_path/micro_ros_msgs
[2.440s] -- Up-to-date symlink: /home/jay/capstonerobot_ws/install/micro_ros_msgs/share/micro_ros_msgs/environment/ament_prefix_path.sh
[2.440s] -- Up-to-date symlink: /home/jay/capstonerobot_ws/install/micro_ros_msgs/share/micro_ros_msgs/environment/ament_prefix_path.dsv
[2.441s] -- Up-to-date symlink: /home/jay/capstonerobot_ws/install/micro_ros_msgs/share/micro_ros_msgs/environment/path.sh
[2.441s] -- Up-to-date symlink: /home/jay/capstonerobot_ws/install/micro_ros_msgs/share/micro_ros_msgs/environment/path.dsv
[2.442s] -- Up-to-date symlink: /home/jay/capstonerobot_ws/install/micro_ros_msgs/share/micro_ros_msgs/local_setup.bash
[2.442s] -- Up-to-date symlink: /home/jay/capstonerobot_ws/install/micro_ros_msgs/share/micro_ros_msgs/local_setup.sh
[2.443s] -- Up-to-date symlink: /home/jay/capstonerobot_ws/install/micro_ros_msgs/share/micro_ros_msgs/local_setup.zsh
[2.443s] -- Up-to-date symlink: /home/jay/capstonerobot_ws/install/micro_ros_msgs/share/micro_ros_msgs/local_setup.dsv
[2.444s] -- Symlinking: /home/jay/capstonerobot_ws/install/micro_ros_msgs/share/micro_ros_msgs/package.dsv
[2.488s] -- Up-to-date symlink: /home/jay/capstonerobot_ws/install/micro_ros_msgs/share/ament_index/resource_index/packages/micro_ros_msgs
[2.488s] -- Up-to-date symlink: /home/jay/capstonerobot_ws/install/micro_ros_msgs/share/micro_ros_msgs/cmake/rosidl_cmake-extras.cmake
[2.489s] -- Up-to-date symlink: /home/jay/capstonerobot_ws/install/micro_ros_msgs/share/micro_ros_msgs/cmake/ament_cmake_export_dependencies-extras.cmake
[2.489s] -- Up-to-date symlink: /home/jay/capstonerobot_ws/install/micro_ros_msgs/share/micro_ros_msgs/cmake/ament_cmake_export_libraries-extras.cmake
[2.490s] -- Up-to-date symlink: /home/jay/capstonerobot_ws/install/micro_ros_msgs/share/micro_ros_msgs/cmake/ament_cmake_export_targets-extras.cmake
[2.490s] -- Up-to-date symlink: /home/jay/capstonerobot_ws/install/micro_ros_msgs/share/micro_ros_msgs/cmake/ament_cmake_export_include_directories-extras.cmake
[2.491s] -- Up-to-date symlink: /home/jay/capstonerobot_ws/install/micro_ros_msgs/share/micro_ros_msgs/cmake/rosidl_cmake_export_typesupport_libraries-extras.cmake
[2.493s] -- Up-to-date symlink: /home/jay/capstonerobot_ws/install/micro_ros_msgs/share/micro_ros_msgs/cmake/rosidl_cmake_export_typesupport_targets-extras.cmake
[2.494s] -- Up-to-date symlink: /home/jay/capstonerobot_ws/install/micro_ros_msgs/share/micro_ros_msgs/cmake/micro_ros_msgsConfig.cmake
[2.494s] -- Up-to-date symlink: /home/jay/capstonerobot_ws/install/micro_ros_msgs/share/micro_ros_msgs/cmake/micro_ros_msgsConfig-version.cmake
[2.494s] -- Up-to-date symlink: /home/jay/capstonerobot_ws/install/micro_ros_msgs/share/micro_ros_msgs/package.xml
[2.495s] -- Up-to-date: /home/jay/capstonerobot_ws/install/micro_ros_msgs/lib/libmicro_ros_msgs__rosidl_generator_c.so
[2.496s] -- Up-to-date: /home/jay/capstonerobot_ws/install/micro_ros_msgs/lib/libmicro_ros_msgs__rosidl_typesupport_introspection_c.so
[2.496s] -- Up-to-date: /home/jay/capstonerobot_ws/install/micro_ros_msgs/lib/libmicro_ros_msgs__rosidl_typesupport_c.so
[2.497s] -- Up-to-date: /home/jay/capstonerobot_ws/install/micro_ros_msgs/lib/libmicro_ros_msgs__rosidl_typesupport_introspection_cpp.so
[2.497s] -- Up-to-date: /home/jay/capstonerobot_ws/install/micro_ros_msgs/lib/libmicro_ros_msgs__rosidl_typesupport_cpp.so
[2.670s] -- Up-to-date: /home/jay/capstonerobot_ws/install/micro_ros_msgs/share/micro_ros_msgs/cmake/micro_ros_msgs__rosidl_generator_cExport.cmake
[2.670s] -- Up-to-date: /home/jay/capstonerobot_ws/install/micro_ros_msgs/share/micro_ros_msgs/cmake/micro_ros_msgs__rosidl_generator_cExport-noconfig.cmake
[2.670s] -- Up-to-date: /home/jay/capstonerobot_ws/install/micro_ros_msgs/share/micro_ros_msgs/cmake/micro_ros_msgs__rosidl_typesupport_introspection_cExport.cmake
[2.670s] -- Up-to-date: /home/jay/capstonerobot_ws/install/micro_ros_msgs/share/micro_ros_msgs/cmake/micro_ros_msgs__rosidl_typesupport_introspection_cExport-noconfig.cmake
[2.670s] -- Up-to-date: /home/jay/capstonerobot_ws/install/micro_ros_msgs/share/micro_ros_msgs/cmake/micro_ros_msgs__rosidl_typesupport_cExport.cmake
[2.670s] -- Up-to-date: /home/jay/capstonerobot_ws/install/micro_ros_msgs/share/micro_ros_msgs/cmake/micro_ros_msgs__rosidl_typesupport_cExport-noconfig.cmake
[2.671s] -- Up-to-date: /home/jay/capstonerobot_ws/install/micro_ros_msgs/share/micro_ros_msgs/cmake/micro_ros_msgs__rosidl_generator_cppExport.cmake
[2.671s] -- Up-to-date: /home/jay/capstonerobot_ws/install/micro_ros_msgs/share/micro_ros_msgs/cmake/micro_ros_msgs__rosidl_typesupport_introspection_cppExport.cmake
[2.671s] -- Up-to-date: /home/jay/capstonerobot_ws/install/micro_ros_msgs/share/micro_ros_msgs/cmake/micro_ros_msgs__rosidl_typesupport_introspection_cppExport-noconfig.cmake
[2.672s] -- Up-to-date: /home/jay/capstonerobot_ws/install/micro_ros_msgs/share/micro_ros_msgs/cmake/micro_ros_msgs__rosidl_typesupport_cppExport.cmake
[2.672s] -- Up-to-date: /home/jay/capstonerobot_ws/install/micro_ros_msgs/share/micro_ros_msgs/cmake/micro_ros_msgs__rosidl_typesupport_cppExport-noconfig.cmake
[2.679s] Invoked command in '/home/jay/capstonerobot_ws/build/micro_ros_msgs' returned '0': CMAKE_PREFIX_PATH=${CMAKE_PREFIX_PATH}:/home/jay/capstonerobot_ws/install/turtlebot3_teleop:/home/jay/capstonerobot_ws/install/turtlebot3_example:/opt/ros/foxy /usr/bin/cmake --install /home/jay/capstonerobot_ws/build/micro_ros_msgs
