[0.020s] Invoking command in '/home/jay/capstonerobot_ws/build/turtlebot3_navigation2': CMAKE_PREFIX_PATH=${CMAKE_PREFIX_PATH}:/home/jay/capstonerobot_ws/install/turtlebot3_teleop:/home/jay/capstonerobot_ws/install/turtlebot3_example:/opt/ros/foxy /usr/bin/cmake /home/jay/capstonerobot_ws/src/turtlebot3/turtlebot3_navigation2 -DCMAKE_INSTALL_PREFIX=/home/jay/capstonerobot_ws/install/turtlebot3_navigation2
[0.050s] -- Found ament_cmake: 0.9.12 (/opt/ros/foxy/share/ament_cmake/cmake)
[0.114s] -- Using PYTHON_EXECUTABLE: /usr/bin/python3
[0.406s] -- Override CMake install command with custom implementation using symlinks instead of copying resources
[0.534s] -- Configuring done
[0.543s] -- Generating done
[0.547s] -- Build files have been written to: /home/jay/capstonerobot_ws/build/turtlebot3_navigation2
[0.553s] Invoked command in '/home/jay/capstonerobot_ws/build/turtlebot3_navigation2' returned '0': CMAKE_PREFIX_PATH=${CMAKE_PREFIX_PATH}:/home/jay/capstonerobot_ws/install/turtlebot3_teleop:/home/jay/capstonerobot_ws/install/turtlebot3_example:/opt/ros/foxy /usr/bin/cmake /home/jay/capstonerobot_ws/src/turtlebot3/turtlebot3_navigation2 -DCMAKE_INSTALL_PREFIX=/home/jay/capstonerobot_ws/install/turtlebot3_navigation2
[0.554s] Invoking command in '/home/jay/capstonerobot_ws/build/turtlebot3_navigation2': CMAKE_PREFIX_PATH=${CMAKE_PREFIX_PATH}:/home/jay/capstonerobot_ws/install/turtlebot3_teleop:/home/jay/capstonerobot_ws/install/turtlebot3_example:/opt/ros/foxy /usr/bin/cmake --build /home/jay/capstonerobot_ws/build/turtlebot3_navigation2 -- -j4 -l4
[0.619s] Invoked command in '/home/jay/capstonerobot_ws/build/turtlebot3_navigation2' returned '0': CMAKE_PREFIX_PATH=${CMAKE_PREFIX_PATH}:/home/jay/capstonerobot_ws/install/turtlebot3_teleop:/home/jay/capstonerobot_ws/install/turtlebot3_example:/opt/ros/foxy /usr/bin/cmake --build /home/jay/capstonerobot_ws/build/turtlebot3_navigation2 -- -j4 -l4
[0.666s] Invoking command in '/home/jay/capstonerobot_ws/build/turtlebot3_navigation2': CMAKE_PREFIX_PATH=${CMAKE_PREFIX_PATH}:/home/jay/capstonerobot_ws/install/turtlebot3_teleop:/home/jay/capstonerobot_ws/install/turtlebot3_example:/opt/ros/foxy /usr/bin/cmake --install /home/jay/capstonerobot_ws/build/turtlebot3_navigation2
[0.680s] -- Install configuration: ""
[0.681s] -- Execute custom install script
[0.684s] -- Up-to-date symlink: /home/jay/capstonerobot_ws/install/turtlebot3_navigation2/share/turtlebot3_navigation2/launch/navigation2.launch.py
[0.687s] -- Up-to-date symlink: /home/jay/capstonerobot_ws/install/turtlebot3_navigation2/share/turtlebot3_navigation2/map/turtlebot3_world.pgm
[0.688s] -- Up-to-date symlink: /home/jay/capstonerobot_ws/install/turtlebot3_navigation2/share/turtlebot3_navigation2/map/turtlebot3_world.yaml
[0.689s] -- Up-to-date symlink: /home/jay/capstonerobot_ws/install/turtlebot3_navigation2/share/turtlebot3_navigation2/param/burger.yaml
[0.690s] -- Up-to-date symlink: /home/jay/capstonerobot_ws/install/turtlebot3_navigation2/share/turtlebot3_navigation2/param/waffle.yaml
[0.690s] -- Up-to-date symlink: /home/jay/capstonerobot_ws/install/turtlebot3_navigation2/share/turtlebot3_navigation2/param/waffle_pi.yaml
[0.692s] -- Up-to-date symlink: /home/jay/capstonerobot_ws/install/turtlebot3_navigation2/share/turtlebot3_navigation2/rviz/tb3_navigation2.rviz
[0.692s] -- Up-to-date symlink: /home/jay/capstonerobot_ws/install/turtlebot3_navigation2/share/ament_index/resource_index/package_run_dependencies/turtlebot3_navigation2
[0.694s] -- Up-to-date symlink: /home/jay/capstonerobot_ws/install/turtlebot3_navigation2/share/ament_index/resource_index/parent_prefix_path/turtlebot3_navigation2
[0.695s] -- Up-to-date symlink: /home/jay/capstonerobot_ws/install/turtlebot3_navigation2/share/turtlebot3_navigation2/environment/ament_prefix_path.sh
[0.695s] -- Up-to-date symlink: /home/jay/capstonerobot_ws/install/turtlebot3_navigation2/share/turtlebot3_navigation2/environment/ament_prefix_path.dsv
[0.696s] -- Up-to-date symlink: /home/jay/capstonerobot_ws/install/turtlebot3_navigation2/share/turtlebot3_navigation2/environment/path.sh
[0.696s] -- Up-to-date symlink: /home/jay/capstonerobot_ws/install/turtlebot3_navigation2/share/turtlebot3_navigation2/environment/path.dsv
[0.697s] -- Up-to-date symlink: /home/jay/capstonerobot_ws/install/turtlebot3_navigation2/share/turtlebot3_navigation2/local_setup.bash
[0.698s] -- Up-to-date symlink: /home/jay/capstonerobot_ws/install/turtlebot3_navigation2/share/turtlebot3_navigation2/local_setup.sh
[0.699s] -- Up-to-date symlink: /home/jay/capstonerobot_ws/install/turtlebot3_navigation2/share/turtlebot3_navigation2/local_setup.zsh
[0.699s] -- Up-to-date symlink: /home/jay/capstonerobot_ws/install/turtlebot3_navigation2/share/turtlebot3_navigation2/local_setup.dsv
[0.700s] -- Symlinking: /home/jay/capstonerobot_ws/install/turtlebot3_navigation2/share/turtlebot3_navigation2/package.dsv
[0.718s] -- Up-to-date symlink: /home/jay/capstonerobot_ws/install/turtlebot3_navigation2/share/ament_index/resource_index/packages/turtlebot3_navigation2
[0.719s] -- Up-to-date symlink: /home/jay/capstonerobot_ws/install/turtlebot3_navigation2/share/turtlebot3_navigation2/cmake/turtlebot3_navigation2Config.cmake
[0.721s] -- Up-to-date symlink: /home/jay/capstonerobot_ws/install/turtlebot3_navigation2/share/turtlebot3_navigation2/cmake/turtlebot3_navigation2Config-version.cmake
[0.722s] -- Up-to-date symlink: /home/jay/capstonerobot_ws/install/turtlebot3_navigation2/share/turtlebot3_navigation2/package.xml
[0.727s] Invoked command in '/home/jay/capstonerobot_ws/build/turtlebot3_navigation2' returned '0': CMAKE_PREFIX_PATH=${CMAKE_PREFIX_PATH}:/home/jay/capstonerobot_ws/install/turtlebot3_teleop:/home/jay/capstonerobot_ws/install/turtlebot3_example:/opt/ros/foxy /usr/bin/cmake --install /home/jay/capstonerobot_ws/build/turtlebot3_navigation2
