[0.209s] Invoking command in '/home/jay/capstonerobot_ws/build/micro_ros_msgs': CMAKE_PREFIX_PATH=${CMAKE_PREFIX_PATH}:/opt/ros/foxy /usr/bin/cmake --build /home/jay/capstonerobot_ws/build/micro_ros_msgs -- -j4 -l4
[0.635s] [  1%] Built target micro_ros_msgs__cpp
[0.802s] [ 10%] Built target micro_ros_msgs__rosidl_generator_c
[1.036s] [ 18%] Built target micro_ros_msgs__rosidl_typesupport_fastrtps_cpp
[1.202s] [ 27%] Built target micro_ros_msgs__rosidl_typesupport_microxrcedds_cpp
[1.417s] [ 35%] Built target micro_ros_msgs__rosidl_typesupport_fastrtps_c
[1.612s] [ 44%] Built target micro_ros_msgs__rosidl_typesupport_c
[1.832s] [ 52%] Built target micro_ros_msgs__rosidl_typesupport_microxrcedds_c
[2.033s] [ 61%] Built target micro_ros_msgs__rosidl_typesupport_introspection_c
[2.245s] [ 69%] Built target micro_ros_msgs__rosidl_typesupport_cpp
[2.471s] [ 77%] Built target micro_ros_msgs__rosidl_typesupport_introspection_cpp
[2.722s] [ 77%] Built target micro_ros_msgs
[2.969s] [ 79%] Built target micro_ros_msgs__py
[3.140s] [ 86%] Built target micro_ros_msgs__python
[3.285s] [ 89%] Built target micro_ros_msgs__rosidl_typesupport_introspection_c__pyext
[3.402s] [ 93%] Built target micro_ros_msgs__rosidl_typesupport_c__pyext
[3.591s] [ 96%] Built target micro_ros_msgs__rosidl_typesupport_microxrcedds_c__pyext
[3.854s] [100%] Built target micro_ros_msgs__rosidl_typesupport_fastrtps_c__pyext
[3.987s] Invoked command in '/home/jay/capstonerobot_ws/build/micro_ros_msgs' returned '0': CMAKE_PREFIX_PATH=${CMAKE_PREFIX_PATH}:/opt/ros/foxy /usr/bin/cmake --build /home/jay/capstonerobot_ws/build/micro_ros_msgs -- -j4 -l4
[5.603s] Invoking command in '/home/jay/capstonerobot_ws/build/micro_ros_msgs': CMAKE_PREFIX_PATH=${CMAKE_PREFIX_PATH}:/opt/ros/foxy /usr/bin/cmake --install /home/jay/capstonerobot_ws/build/micro_ros_msgs
[5.649s] -- Install configuration: ""
[5.652s] -- Execute custom install script
[5.653s] -- Up-to-date symlink: /home/jay/capstonerobot_ws/install/micro_ros_msgs/share/ament_index/resource_index/rosidl_interfaces/micro_ros_msgs
[5.657s] -- Up-to-date symlink: /home/jay/capstonerobot_ws/install/micro_ros_msgs/include/micro_ros_msgs/msg/detail/entity__functions.h
[5.658s] -- Up-to-date symlink: /home/jay/capstonerobot_ws/install/micro_ros_msgs/include/micro_ros_msgs/msg/detail/entity__struct.h
[5.659s] -- Up-to-date symlink: /home/jay/capstonerobot_ws/install/micro_ros_msgs/include/micro_ros_msgs/msg/detail/entity__type_support.h
[5.660s] -- Up-to-date symlink: /home/jay/capstonerobot_ws/install/micro_ros_msgs/include/micro_ros_msgs/msg/detail/graph__functions.h
[5.661s] -- Up-to-date symlink: /home/jay/capstonerobot_ws/install/micro_ros_msgs/include/micro_ros_msgs/msg/detail/graph__struct.h
[5.663s] -- Up-to-date symlink: /home/jay/capstonerobot_ws/install/micro_ros_msgs/include/micro_ros_msgs/msg/detail/graph__type_support.h
[5.664s] -- Up-to-date symlink: /home/jay/capstonerobot_ws/install/micro_ros_msgs/include/micro_ros_msgs/msg/detail/node__functions.h
[5.664s] -- Up-to-date symlink: /home/jay/capstonerobot_ws/install/micro_ros_msgs/include/micro_ros_msgs/msg/detail/node__struct.h
[5.664s] -- Up-to-date symlink: /home/jay/capstonerobot_ws/install/micro_ros_msgs/include/micro_ros_msgs/msg/detail/node__type_support.h
[5.665s] -- Up-to-date symlink: /home/jay/capstonerobot_ws/install/micro_ros_msgs/include/micro_ros_msgs/msg/entity.h
[5.665s] -- Up-to-date symlink: /home/jay/capstonerobot_ws/install/micro_ros_msgs/include/micro_ros_msgs/msg/graph.h
[5.666s] -- Up-to-date symlink: /home/jay/capstonerobot_ws/install/micro_ros_msgs/include/micro_ros_msgs/msg/node.h
[5.666s] -- Up-to-date symlink: /home/jay/capstonerobot_ws/install/micro_ros_msgs/include/micro_ros_msgs/msg/rosidl_generator_c__visibility_control.h
[5.666s] -- Up-to-date symlink: /home/jay/capstonerobot_ws/install/micro_ros_msgs/share/micro_ros_msgs/environment/library_path.sh
[5.667s] -- Up-to-date symlink: /home/jay/capstonerobot_ws/install/micro_ros_msgs/share/micro_ros_msgs/environment/library_path.dsv
[5.668s] -- Up-to-date symlink: /home/jay/capstonerobot_ws/install/micro_ros_msgs/include/micro_ros_msgs/msg/detail/entity__rosidl_typesupport_microxrcedds_c.h
[5.669s] -- Up-to-date symlink: /home/jay/capstonerobot_ws/install/micro_ros_msgs/include/micro_ros_msgs/msg/detail/graph__rosidl_typesupport_microxrcedds_c.h
[5.669s] -- Up-to-date symlink: /home/jay/capstonerobot_ws/install/micro_ros_msgs/include/micro_ros_msgs/msg/detail/node__rosidl_typesupport_microxrcedds_c.h
[5.670s] -- Up-to-date symlink: /home/jay/capstonerobot_ws/install/micro_ros_msgs/include/micro_ros_msgs/msg/rosidl_typesupport_microxrcedds_c__visibility_control.h
[5.670s] -- Up-to-date symlink: /home/jay/capstonerobot_ws/install/micro_ros_msgs/lib/libmicro_ros_msgs__rosidl_typesupport_microxrcedds_c.a
[5.672s] -- Up-to-date symlink: /home/jay/capstonerobot_ws/install/micro_ros_msgs/include/micro_ros_msgs/msg/detail/entity__rosidl_typesupport_fastrtps_c.h
[5.672s] -- Up-to-date symlink: /home/jay/capstonerobot_ws/install/micro_ros_msgs/include/micro_ros_msgs/msg/detail/graph__rosidl_typesupport_fastrtps_c.h
[5.673s] -- Up-to-date symlink: /home/jay/capstonerobot_ws/install/micro_ros_msgs/include/micro_ros_msgs/msg/detail/node__rosidl_typesupport_fastrtps_c.h
[5.673s] -- Up-to-date symlink: /home/jay/capstonerobot_ws/install/micro_ros_msgs/include/micro_ros_msgs/msg/rosidl_typesupport_fastrtps_c__visibility_control.h
[5.674s] -- Up-to-date symlink: /home/jay/capstonerobot_ws/install/micro_ros_msgs/lib/libmicro_ros_msgs__rosidl_typesupport_fastrtps_c.so
[5.675s] -- Up-to-date symlink: /home/jay/capstonerobot_ws/install/micro_ros_msgs/include/micro_ros_msgs/msg/detail/entity__rosidl_typesupport_fastrtps_cpp.hpp
[5.675s] -- Up-to-date symlink: /home/jay/capstonerobot_ws/install/micro_ros_msgs/include/micro_ros_msgs/msg/detail/graph__rosidl_typesupport_fastrtps_cpp.hpp
[5.676s] -- Up-to-date symlink: /home/jay/capstonerobot_ws/install/micro_ros_msgs/include/micro_ros_msgs/msg/detail/node__rosidl_typesupport_fastrtps_cpp.hpp
[5.677s] -- Up-to-date symlink: /home/jay/capstonerobot_ws/install/micro_ros_msgs/include/micro_ros_msgs/msg/rosidl_typesupport_fastrtps_cpp__visibility_control.h
[5.679s] -- Up-to-date symlink: /home/jay/capstonerobot_ws/install/micro_ros_msgs/lib/libmicro_ros_msgs__rosidl_typesupport_fastrtps_cpp.so
[5.681s] -- Up-to-date symlink: /home/jay/capstonerobot_ws/install/micro_ros_msgs/include/micro_ros_msgs/msg/detail/entity__rosidl_typesupport_introspection_c.h
[5.682s] -- Up-to-date symlink: /home/jay/capstonerobot_ws/install/micro_ros_msgs/include/micro_ros_msgs/msg/detail/graph__rosidl_typesupport_introspection_c.h
[5.684s] -- Up-to-date symlink: /home/jay/capstonerobot_ws/install/micro_ros_msgs/include/micro_ros_msgs/msg/detail/node__rosidl_typesupport_introspection_c.h
[5.684s] -- Up-to-date symlink: /home/jay/capstonerobot_ws/install/micro_ros_msgs/include/micro_ros_msgs/msg/rosidl_typesupport_introspection_c__visibility_control.h
[5.689s] -- Up-to-date symlink: /home/jay/capstonerobot_ws/install/micro_ros_msgs/include/micro_ros_msgs/msg/detail/entity__builder.hpp
[5.689s] -- Up-to-date symlink: /home/jay/capstonerobot_ws/install/micro_ros_msgs/include/micro_ros_msgs/msg/detail/entity__struct.hpp
[5.690s] -- Up-to-date symlink: /home/jay/capstonerobot_ws/install/micro_ros_msgs/include/micro_ros_msgs/msg/detail/entity__traits.hpp
[5.690s] -- Up-to-date symlink: /home/jay/capstonerobot_ws/install/micro_ros_msgs/include/micro_ros_msgs/msg/detail/entity__type_support.hpp
[5.690s] -- Up-to-date symlink: /home/jay/capstonerobot_ws/install/micro_ros_msgs/include/micro_ros_msgs/msg/detail/graph__builder.hpp
[5.690s] -- Up-to-date symlink: /home/jay/capstonerobot_ws/install/micro_ros_msgs/include/micro_ros_msgs/msg/detail/graph__struct.hpp
[5.691s] -- Up-to-date symlink: /home/jay/capstonerobot_ws/install/micro_ros_msgs/include/micro_ros_msgs/msg/detail/graph__traits.hpp
[5.691s] -- Up-to-date symlink: /home/jay/capstonerobot_ws/install/micro_ros_msgs/include/micro_ros_msgs/msg/detail/graph__type_support.hpp
[5.691s] -- Up-to-date symlink: /home/jay/capstonerobot_ws/install/micro_ros_msgs/include/micro_ros_msgs/msg/detail/node__builder.hpp
[5.691s] -- Up-to-date symlink: /home/jay/capstonerobot_ws/install/micro_ros_msgs/include/micro_ros_msgs/msg/detail/node__struct.hpp
[5.692s] -- Up-to-date symlink: /home/jay/capstonerobot_ws/install/micro_ros_msgs/include/micro_ros_msgs/msg/detail/node__traits.hpp
[5.693s] -- Up-to-date symlink: /home/jay/capstonerobot_ws/install/micro_ros_msgs/include/micro_ros_msgs/msg/detail/node__type_support.hpp
[5.693s] -- Up-to-date symlink: /home/jay/capstonerobot_ws/install/micro_ros_msgs/include/micro_ros_msgs/msg/entity.hpp
[5.694s] -- Up-to-date symlink: /home/jay/capstonerobot_ws/install/micro_ros_msgs/include/micro_ros_msgs/msg/graph.hpp
[5.694s] -- Up-to-date symlink: /home/jay/capstonerobot_ws/install/micro_ros_msgs/include/micro_ros_msgs/msg/node.hpp
[5.694s] -- Up-to-date symlink: /home/jay/capstonerobot_ws/install/micro_ros_msgs/include/micro_ros_msgs/msg/rosidl_generator_cpp__visibility_control.hpp
[5.699s] -- Up-to-date symlink: /home/jay/capstonerobot_ws/install/micro_ros_msgs/include/micro_ros_msgs/msg/detail/entity__rosidl_typesupport_microxrcedds_cpp.hpp
[5.700s] -- Up-to-date symlink: /home/jay/capstonerobot_ws/install/micro_ros_msgs/include/micro_ros_msgs/msg/detail/graph__rosidl_typesupport_microxrcedds_cpp.hpp
[5.701s] -- Up-to-date symlink: /home/jay/capstonerobot_ws/install/micro_ros_msgs/include/micro_ros_msgs/msg/detail/microxrcedds/entity__type_support_cpp.cpp
[5.702s] -- Up-to-date symlink: /home/jay/capstonerobot_ws/install/micro_ros_msgs/include/micro_ros_msgs/msg/detail/microxrcedds/graph__type_support_cpp.cpp
[5.705s] -- Up-to-date symlink: /home/jay/capstonerobot_ws/install/micro_ros_msgs/include/micro_ros_msgs/msg/detail/microxrcedds/node__type_support_cpp.cpp
[5.705s] -- Up-to-date symlink: /home/jay/capstonerobot_ws/install/micro_ros_msgs/include/micro_ros_msgs/msg/detail/node__rosidl_typesupport_microxrcedds_cpp.hpp
[5.705s] -- Up-to-date symlink: /home/jay/capstonerobot_ws/install/micro_ros_msgs/include/micro_ros_msgs/msg/rosidl_typesupport_microxrcedds_cpp__visibility_control.h
[5.706s] -- Up-to-date symlink: /home/jay/capstonerobot_ws/install/micro_ros_msgs/lib/libmicro_ros_msgs__rosidl_typesupport_microxrcedds_cpp.a
[5.707s] -- Up-to-date symlink: /home/jay/capstonerobot_ws/install/micro_ros_msgs/include/micro_ros_msgs/msg/detail/entity__rosidl_typesupport_introspection_cpp.hpp
[5.708s] -- Up-to-date symlink: /home/jay/capstonerobot_ws/install/micro_ros_msgs/include/micro_ros_msgs/msg/detail/graph__rosidl_typesupport_introspection_cpp.hpp
[5.709s] -- Up-to-date symlink: /home/jay/capstonerobot_ws/install/micro_ros_msgs/include/micro_ros_msgs/msg/detail/node__rosidl_typesupport_introspection_cpp.hpp
[5.709s] -- Up-to-date symlink: /home/jay/capstonerobot_ws/install/micro_ros_msgs/share/micro_ros_msgs/environment/pythonpath.sh
[5.714s] -- Up-to-date symlink: /home/jay/capstonerobot_ws/install/micro_ros_msgs/share/micro_ros_msgs/environment/pythonpath.dsv
[5.714s] -- Up-to-date symlink: /home/jay/capstonerobot_ws/install/micro_ros_msgs/lib/python3.8/site-packages/micro_ros_msgs/__init__.py
[5.715s] -- Up-to-date symlink: /home/jay/capstonerobot_ws/install/micro_ros_msgs/lib/python3.8/site-packages/micro_ros_msgs/msg/__init__.py
[5.716s] -- Up-to-date symlink: /home/jay/capstonerobot_ws/install/micro_ros_msgs/lib/python3.8/site-packages/micro_ros_msgs/msg/_entity.py
[5.716s] -- Up-to-date symlink: /home/jay/capstonerobot_ws/install/micro_ros_msgs/lib/python3.8/site-packages/micro_ros_msgs/msg/_graph.py
[5.717s] -- Up-to-date symlink: /home/jay/capstonerobot_ws/install/micro_ros_msgs/lib/python3.8/site-packages/micro_ros_msgs/msg/_node.py
[5.718s] -- Up-to-date symlink: /home/jay/capstonerobot_ws/install/micro_ros_msgs/lib/python3.8/site-packages/micro_ros_msgs/micro_ros_msgs_s__rosidl_typesupport_microxrcedds_c.cpython-38-aarch64-linux-gnu.so
[5.721s] -- Up-to-date symlink: /home/jay/capstonerobot_ws/install/micro_ros_msgs/lib/python3.8/site-packages/micro_ros_msgs/micro_ros_msgs_s__rosidl_typesupport_fastrtps_c.cpython-38-aarch64-linux-gnu.so
[5.722s] -- Up-to-date symlink: /home/jay/capstonerobot_ws/install/micro_ros_msgs/lib/python3.8/site-packages/micro_ros_msgs/micro_ros_msgs_s__rosidl_typesupport_introspection_c.cpython-38-aarch64-linux-gnu.so
[5.723s] -- Up-to-date symlink: /home/jay/capstonerobot_ws/install/micro_ros_msgs/lib/python3.8/site-packages/micro_ros_msgs/micro_ros_msgs_s__rosidl_typesupport_c.cpython-38-aarch64-linux-gnu.so
[5.723s] -- Up-to-date symlink: /home/jay/capstonerobot_ws/install/micro_ros_msgs/lib/libmicro_ros_msgs__python.so
[5.725s] -- Up-to-date symlink: /home/jay/capstonerobot_ws/install/micro_ros_msgs/share/micro_ros_msgs/msg/Graph.idl
[5.726s] -- Up-to-date symlink: /home/jay/capstonerobot_ws/install/micro_ros_msgs/share/micro_ros_msgs/msg/Node.idl
[5.732s] -- Up-to-date symlink: /home/jay/capstonerobot_ws/install/micro_ros_msgs/share/micro_ros_msgs/msg/Entity.idl
[5.732s] -- Up-to-date symlink: /home/jay/capstonerobot_ws/install/micro_ros_msgs/share/micro_ros_msgs/msg/Graph.msg
[5.733s] -- Up-to-date symlink: /home/jay/capstonerobot_ws/install/micro_ros_msgs/share/micro_ros_msgs/msg/Node.msg
[5.734s] -- Up-to-date symlink: /home/jay/capstonerobot_ws/install/micro_ros_msgs/share/micro_ros_msgs/msg/Entity.msg
[5.734s] -- Up-to-date symlink: /home/jay/capstonerobot_ws/install/micro_ros_msgs/share/ament_index/resource_index/package_run_dependencies/micro_ros_msgs
[5.735s] -- Up-to-date symlink: /home/jay/capstonerobot_ws/install/micro_ros_msgs/share/ament_index/resource_index/parent_prefix_path/micro_ros_msgs
[5.736s] -- Up-to-date symlink: /home/jay/capstonerobot_ws/install/micro_ros_msgs/share/micro_ros_msgs/environment/ament_prefix_path.sh
[5.737s] -- Up-to-date symlink: /home/jay/capstonerobot_ws/install/micro_ros_msgs/share/micro_ros_msgs/environment/ament_prefix_path.dsv
[5.738s] -- Up-to-date symlink: /home/jay/capstonerobot_ws/install/micro_ros_msgs/share/micro_ros_msgs/environment/path.sh
[5.738s] -- Up-to-date symlink: /home/jay/capstonerobot_ws/install/micro_ros_msgs/share/micro_ros_msgs/environment/path.dsv
[5.740s] -- Up-to-date symlink: /home/jay/capstonerobot_ws/install/micro_ros_msgs/share/micro_ros_msgs/local_setup.bash
[5.740s] -- Up-to-date symlink: /home/jay/capstonerobot_ws/install/micro_ros_msgs/share/micro_ros_msgs/local_setup.sh
[5.743s] -- Up-to-date symlink: /home/jay/capstonerobot_ws/install/micro_ros_msgs/share/micro_ros_msgs/local_setup.zsh
[5.744s] -- Up-to-date symlink: /home/jay/capstonerobot_ws/install/micro_ros_msgs/share/micro_ros_msgs/local_setup.dsv
[5.745s] -- Symlinking: /home/jay/capstonerobot_ws/install/micro_ros_msgs/share/micro_ros_msgs/package.dsv
[5.798s] -- Up-to-date symlink: /home/jay/capstonerobot_ws/install/micro_ros_msgs/share/ament_index/resource_index/packages/micro_ros_msgs
[5.798s] -- Up-to-date symlink: /home/jay/capstonerobot_ws/install/micro_ros_msgs/share/micro_ros_msgs/cmake/rosidl_cmake-extras.cmake
[5.799s] -- Up-to-date symlink: /home/jay/capstonerobot_ws/install/micro_ros_msgs/share/micro_ros_msgs/cmake/ament_cmake_export_dependencies-extras.cmake
[5.800s] -- Up-to-date symlink: /home/jay/capstonerobot_ws/install/micro_ros_msgs/share/micro_ros_msgs/cmake/ament_cmake_export_libraries-extras.cmake
[5.801s] -- Up-to-date symlink: /home/jay/capstonerobot_ws/install/micro_ros_msgs/share/micro_ros_msgs/cmake/ament_cmake_export_targets-extras.cmake
[5.801s] -- Up-to-date symlink: /home/jay/capstonerobot_ws/install/micro_ros_msgs/share/micro_ros_msgs/cmake/ament_cmake_export_include_directories-extras.cmake
[5.802s] -- Up-to-date symlink: /home/jay/capstonerobot_ws/install/micro_ros_msgs/share/micro_ros_msgs/cmake/rosidl_cmake_export_typesupport_libraries-extras.cmake
[5.817s] -- Up-to-date symlink: /home/jay/capstonerobot_ws/install/micro_ros_msgs/share/micro_ros_msgs/cmake/rosidl_cmake_export_typesupport_targets-extras.cmake
[5.818s] -- Up-to-date symlink: /home/jay/capstonerobot_ws/install/micro_ros_msgs/share/micro_ros_msgs/cmake/micro_ros_msgsConfig.cmake
[5.818s] -- Up-to-date symlink: /home/jay/capstonerobot_ws/install/micro_ros_msgs/share/micro_ros_msgs/cmake/micro_ros_msgsConfig-version.cmake
[5.819s] -- Up-to-date symlink: /home/jay/capstonerobot_ws/install/micro_ros_msgs/share/micro_ros_msgs/package.xml
[5.820s] -- Up-to-date: /home/jay/capstonerobot_ws/install/micro_ros_msgs/lib/libmicro_ros_msgs__rosidl_generator_c.so
[5.820s] -- Up-to-date: /home/jay/capstonerobot_ws/install/micro_ros_msgs/lib/libmicro_ros_msgs__rosidl_typesupport_introspection_c.so
[5.821s] -- Up-to-date: /home/jay/capstonerobot_ws/install/micro_ros_msgs/lib/libmicro_ros_msgs__rosidl_typesupport_c.so
[5.822s] -- Up-to-date: /home/jay/capstonerobot_ws/install/micro_ros_msgs/lib/libmicro_ros_msgs__rosidl_typesupport_introspection_cpp.so
[5.823s] -- Up-to-date: /home/jay/capstonerobot_ws/install/micro_ros_msgs/lib/libmicro_ros_msgs__rosidl_typesupport_cpp.so
[5.946s] -- Up-to-date: /home/jay/capstonerobot_ws/install/micro_ros_msgs/share/micro_ros_msgs/cmake/micro_ros_msgs__rosidl_generator_cExport.cmake
[5.946s] -- Up-to-date: /home/jay/capstonerobot_ws/install/micro_ros_msgs/share/micro_ros_msgs/cmake/micro_ros_msgs__rosidl_generator_cExport-noconfig.cmake
[5.946s] -- Up-to-date: /home/jay/capstonerobot_ws/install/micro_ros_msgs/share/micro_ros_msgs/cmake/micro_ros_msgs__rosidl_typesupport_introspection_cExport.cmake
[5.946s] -- Up-to-date: /home/jay/capstonerobot_ws/install/micro_ros_msgs/share/micro_ros_msgs/cmake/micro_ros_msgs__rosidl_typesupport_introspection_cExport-noconfig.cmake
[5.946s] -- Up-to-date: /home/jay/capstonerobot_ws/install/micro_ros_msgs/share/micro_ros_msgs/cmake/micro_ros_msgs__rosidl_typesupport_cExport.cmake
[5.946s] -- Up-to-date: /home/jay/capstonerobot_ws/install/micro_ros_msgs/share/micro_ros_msgs/cmake/micro_ros_msgs__rosidl_typesupport_cExport-noconfig.cmake
[5.947s] -- Up-to-date: /home/jay/capstonerobot_ws/install/micro_ros_msgs/share/micro_ros_msgs/cmake/micro_ros_msgs__rosidl_generator_cppExport.cmake
[5.947s] -- Up-to-date: /home/jay/capstonerobot_ws/install/micro_ros_msgs/share/micro_ros_msgs/cmake/micro_ros_msgs__rosidl_typesupport_introspection_cppExport.cmake
[5.947s] -- Up-to-date: /home/jay/capstonerobot_ws/install/micro_ros_msgs/share/micro_ros_msgs/cmake/micro_ros_msgs__rosidl_typesupport_introspection_cppExport-noconfig.cmake
[5.948s] -- Up-to-date: /home/jay/capstonerobot_ws/install/micro_ros_msgs/share/micro_ros_msgs/cmake/micro_ros_msgs__rosidl_typesupport_cppExport.cmake
[5.948s] -- Up-to-date: /home/jay/capstonerobot_ws/install/micro_ros_msgs/share/micro_ros_msgs/cmake/micro_ros_msgs__rosidl_typesupport_cppExport-noconfig.cmake
[5.954s] Invoked command in '/home/jay/capstonerobot_ws/build/micro_ros_msgs' returned '0': CMAKE_PREFIX_PATH=${CMAKE_PREFIX_PATH}:/opt/ros/foxy /usr/bin/cmake --install /home/jay/capstonerobot_ws/build/micro_ros_msgs
