[0.065s] Invoking command in '/home/jay/capstonerobot_ws/build/turtlebot3_msgs': CMAKE_PREFIX_PATH=${CMAKE_PREFIX_PATH}:/home/jay/capstonerobot_ws/install/turtlebot3_teleop:/home/jay/capstonerobot_ws/install/turtlebot3_example:/opt/ros/foxy /usr/bin/cmake --build /home/jay/capstonerobot_ws/build/turtlebot3_msgs -- -j4 -l4
[0.189s] [  1%] Built target turtlebot3_msgs__cpp
[0.222s] [ 10%] Built target turtlebot3_msgs__rosidl_generator_c
[0.260s] [ 19%] Built target turtlebot3_msgs__rosidl_typesupport_cpp
[0.283s] [ 28%] Built target turtlebot3_msgs__rosidl_typesupport_microxrcedds_cpp
[0.291s] [ 37%] Built target turtlebot3_msgs__rosidl_typesupport_introspection_cpp
[0.296s] [ 46%] Built target turtlebot3_msgs__rosidl_typesupport_fastrtps_cpp
[0.351s] [ 55%] Built target turtlebot3_msgs__rosidl_typesupport_microxrcedds_c
[0.368s] [ 64%] Built target turtlebot3_msgs__rosidl_typesupport_c
[0.387s] [ 73%] Built target turtlebot3_msgs__rosidl_typesupport_introspection_c
[0.417s] [ 82%] Built target turtlebot3_msgs__rosidl_typesupport_fastrtps_c
[0.455s] [ 82%] Built target turtlebot3_msgs
[0.513s] [ 83%] Built target turtlebot3_msgs__py
[0.611s] [ 91%] Built target turtlebot3_msgs__python
[0.756s] [ 93%] Built target turtlebot3_msgs__rosidl_typesupport_c__pyext
[0.769s] [ 95%] Built target turtlebot3_msgs__rosidl_typesupport_microxrcedds_c__pyext
[0.771s] [ 97%] Built target turtlebot3_msgs__rosidl_typesupport_introspection_c__pyext
[0.773s] [100%] Built target turtlebot3_msgs__rosidl_typesupport_fastrtps_c__pyext
[0.954s] Invoked command in '/home/jay/capstonerobot_ws/build/turtlebot3_msgs' returned '0': CMAKE_PREFIX_PATH=${CMAKE_PREFIX_PATH}:/home/jay/capstonerobot_ws/install/turtlebot3_teleop:/home/jay/capstonerobot_ws/install/turtlebot3_example:/opt/ros/foxy /usr/bin/cmake --build /home/jay/capstonerobot_ws/build/turtlebot3_msgs -- -j4 -l4
[1.614s] Invoking command in '/home/jay/capstonerobot_ws/build/turtlebot3_msgs': CMAKE_PREFIX_PATH=${CMAKE_PREFIX_PATH}:/home/jay/capstonerobot_ws/install/turtlebot3_teleop:/home/jay/capstonerobot_ws/install/turtlebot3_example:/opt/ros/foxy /usr/bin/cmake --install /home/jay/capstonerobot_ws/build/turtlebot3_msgs
[1.637s] -- Install configuration: ""
[1.638s] -- Execute custom install script
[1.638s] -- Up-to-date symlink: /home/jay/capstonerobot_ws/install/turtlebot3_msgs/share/ament_index/resource_index/rosidl_interfaces/turtlebot3_msgs
[1.639s] -- Up-to-date symlink: /home/jay/capstonerobot_ws/install/turtlebot3_msgs/include/turtlebot3_msgs/action/detail/patrol__functions.h
[1.639s] -- Up-to-date symlink: /home/jay/capstonerobot_ws/install/turtlebot3_msgs/include/turtlebot3_msgs/action/detail/patrol__struct.h
[1.639s] -- Up-to-date symlink: /home/jay/capstonerobot_ws/install/turtlebot3_msgs/include/turtlebot3_msgs/action/detail/patrol__type_support.h
[1.640s] -- Up-to-date symlink: /home/jay/capstonerobot_ws/install/turtlebot3_msgs/include/turtlebot3_msgs/action/patrol.h
[1.640s] -- Up-to-date symlink: /home/jay/capstonerobot_ws/install/turtlebot3_msgs/include/turtlebot3_msgs/msg/detail/sensor_state__functions.h
[1.640s] -- Up-to-date symlink: /home/jay/capstonerobot_ws/install/turtlebot3_msgs/include/turtlebot3_msgs/msg/detail/sensor_state__struct.h
[1.640s] -- Up-to-date symlink: /home/jay/capstonerobot_ws/install/turtlebot3_msgs/include/turtlebot3_msgs/msg/detail/sensor_state__type_support.h
[1.640s] -- Up-to-date symlink: /home/jay/capstonerobot_ws/install/turtlebot3_msgs/include/turtlebot3_msgs/msg/detail/sound__functions.h
[1.640s] -- Up-to-date symlink: /home/jay/capstonerobot_ws/install/turtlebot3_msgs/include/turtlebot3_msgs/msg/detail/sound__struct.h
[1.641s] -- Up-to-date symlink: /home/jay/capstonerobot_ws/install/turtlebot3_msgs/include/turtlebot3_msgs/msg/detail/sound__type_support.h
[1.641s] -- Up-to-date symlink: /home/jay/capstonerobot_ws/install/turtlebot3_msgs/include/turtlebot3_msgs/msg/detail/version_info__functions.h
[1.641s] -- Up-to-date symlink: /home/jay/capstonerobot_ws/install/turtlebot3_msgs/include/turtlebot3_msgs/msg/detail/version_info__struct.h
[1.641s] -- Up-to-date symlink: /home/jay/capstonerobot_ws/install/turtlebot3_msgs/include/turtlebot3_msgs/msg/detail/version_info__type_support.h
[1.642s] -- Up-to-date symlink: /home/jay/capstonerobot_ws/install/turtlebot3_msgs/include/turtlebot3_msgs/msg/rosidl_generator_c__visibility_control.h
[1.642s] -- Up-to-date symlink: /home/jay/capstonerobot_ws/install/turtlebot3_msgs/include/turtlebot3_msgs/msg/sensor_state.h
[1.642s] -- Up-to-date symlink: /home/jay/capstonerobot_ws/install/turtlebot3_msgs/include/turtlebot3_msgs/msg/sound.h
[1.642s] -- Up-to-date symlink: /home/jay/capstonerobot_ws/install/turtlebot3_msgs/include/turtlebot3_msgs/msg/version_info.h
[1.642s] -- Up-to-date symlink: /home/jay/capstonerobot_ws/install/turtlebot3_msgs/include/turtlebot3_msgs/srv/detail/dqn__functions.h
[1.642s] -- Up-to-date symlink: /home/jay/capstonerobot_ws/install/turtlebot3_msgs/include/turtlebot3_msgs/srv/detail/dqn__struct.h
[1.643s] -- Up-to-date symlink: /home/jay/capstonerobot_ws/install/turtlebot3_msgs/include/turtlebot3_msgs/srv/detail/dqn__type_support.h
[1.643s] -- Up-to-date symlink: /home/jay/capstonerobot_ws/install/turtlebot3_msgs/include/turtlebot3_msgs/srv/detail/sound__functions.h
[1.643s] -- Up-to-date symlink: /home/jay/capstonerobot_ws/install/turtlebot3_msgs/include/turtlebot3_msgs/srv/detail/sound__struct.h
[1.643s] -- Up-to-date symlink: /home/jay/capstonerobot_ws/install/turtlebot3_msgs/include/turtlebot3_msgs/srv/detail/sound__type_support.h
[1.643s] -- Up-to-date symlink: /home/jay/capstonerobot_ws/install/turtlebot3_msgs/include/turtlebot3_msgs/srv/dqn.h
[1.644s] -- Up-to-date symlink: /home/jay/capstonerobot_ws/install/turtlebot3_msgs/include/turtlebot3_msgs/srv/sound.h
[1.644s] -- Up-to-date symlink: /home/jay/capstonerobot_ws/install/turtlebot3_msgs/share/turtlebot3_msgs/environment/library_path.sh
[1.644s] -- Up-to-date symlink: /home/jay/capstonerobot_ws/install/turtlebot3_msgs/share/turtlebot3_msgs/environment/library_path.dsv
[1.645s] -- Up-to-date symlink: /home/jay/capstonerobot_ws/install/turtlebot3_msgs/include/turtlebot3_msgs/action/detail/patrol__rosidl_typesupport_microxrcedds_c.h
[1.646s] -- Up-to-date symlink: /home/jay/capstonerobot_ws/install/turtlebot3_msgs/include/turtlebot3_msgs/msg/detail/sensor_state__rosidl_typesupport_microxrcedds_c.h
[1.646s] -- Up-to-date symlink: /home/jay/capstonerobot_ws/install/turtlebot3_msgs/include/turtlebot3_msgs/msg/detail/sound__rosidl_typesupport_microxrcedds_c.h
[1.646s] -- Up-to-date symlink: /home/jay/capstonerobot_ws/install/turtlebot3_msgs/include/turtlebot3_msgs/msg/detail/version_info__rosidl_typesupport_microxrcedds_c.h
[1.646s] -- Up-to-date symlink: /home/jay/capstonerobot_ws/install/turtlebot3_msgs/include/turtlebot3_msgs/msg/rosidl_typesupport_microxrcedds_c__visibility_control.h
[1.646s] -- Up-to-date symlink: /home/jay/capstonerobot_ws/install/turtlebot3_msgs/include/turtlebot3_msgs/srv/detail/dqn__rosidl_typesupport_microxrcedds_c.h
[1.647s] -- Up-to-date symlink: /home/jay/capstonerobot_ws/install/turtlebot3_msgs/include/turtlebot3_msgs/srv/detail/sound__rosidl_typesupport_microxrcedds_c.h
[1.647s] -- Up-to-date symlink: /home/jay/capstonerobot_ws/install/turtlebot3_msgs/lib/libturtlebot3_msgs__rosidl_typesupport_microxrcedds_c.a
[1.650s] -- Up-to-date symlink: /home/jay/capstonerobot_ws/install/turtlebot3_msgs/include/turtlebot3_msgs/action/detail/patrol__rosidl_typesupport_fastrtps_c.h
[1.650s] -- Up-to-date symlink: /home/jay/capstonerobot_ws/install/turtlebot3_msgs/include/turtlebot3_msgs/msg/detail/sensor_state__rosidl_typesupport_fastrtps_c.h
[1.651s] -- Up-to-date symlink: /home/jay/capstonerobot_ws/install/turtlebot3_msgs/include/turtlebot3_msgs/msg/detail/sound__rosidl_typesupport_fastrtps_c.h
[1.651s] -- Up-to-date symlink: /home/jay/capstonerobot_ws/install/turtlebot3_msgs/include/turtlebot3_msgs/msg/detail/version_info__rosidl_typesupport_fastrtps_c.h
[1.652s] -- Up-to-date symlink: /home/jay/capstonerobot_ws/install/turtlebot3_msgs/include/turtlebot3_msgs/msg/rosidl_typesupport_fastrtps_c__visibility_control.h
[1.653s] -- Up-to-date symlink: /home/jay/capstonerobot_ws/install/turtlebot3_msgs/include/turtlebot3_msgs/srv/detail/dqn__rosidl_typesupport_fastrtps_c.h
[1.654s] -- Up-to-date symlink: /home/jay/capstonerobot_ws/install/turtlebot3_msgs/include/turtlebot3_msgs/srv/detail/sound__rosidl_typesupport_fastrtps_c.h
[1.654s] -- Up-to-date symlink: /home/jay/capstonerobot_ws/install/turtlebot3_msgs/lib/libturtlebot3_msgs__rosidl_typesupport_fastrtps_c.so
[1.657s] -- Up-to-date symlink: /home/jay/capstonerobot_ws/install/turtlebot3_msgs/include/turtlebot3_msgs/action/detail/patrol__rosidl_typesupport_fastrtps_cpp.hpp
[1.657s] -- Up-to-date symlink: /home/jay/capstonerobot_ws/install/turtlebot3_msgs/include/turtlebot3_msgs/msg/detail/sensor_state__rosidl_typesupport_fastrtps_cpp.hpp
[1.658s] -- Up-to-date symlink: /home/jay/capstonerobot_ws/install/turtlebot3_msgs/include/turtlebot3_msgs/msg/detail/sound__rosidl_typesupport_fastrtps_cpp.hpp
[1.659s] -- Up-to-date symlink: /home/jay/capstonerobot_ws/install/turtlebot3_msgs/include/turtlebot3_msgs/msg/detail/version_info__rosidl_typesupport_fastrtps_cpp.hpp
[1.659s] -- Up-to-date symlink: /home/jay/capstonerobot_ws/install/turtlebot3_msgs/include/turtlebot3_msgs/msg/rosidl_typesupport_fastrtps_cpp__visibility_control.h
[1.660s] -- Up-to-date symlink: /home/jay/capstonerobot_ws/install/turtlebot3_msgs/include/turtlebot3_msgs/srv/detail/dqn__rosidl_typesupport_fastrtps_cpp.hpp
[1.661s] -- Up-to-date symlink: /home/jay/capstonerobot_ws/install/turtlebot3_msgs/include/turtlebot3_msgs/srv/detail/sound__rosidl_typesupport_fastrtps_cpp.hpp
[1.662s] -- Up-to-date symlink: /home/jay/capstonerobot_ws/install/turtlebot3_msgs/lib/libturtlebot3_msgs__rosidl_typesupport_fastrtps_cpp.so
[1.663s] -- Up-to-date symlink: /home/jay/capstonerobot_ws/install/turtlebot3_msgs/include/turtlebot3_msgs/action/detail/patrol__rosidl_typesupport_introspection_c.h
[1.664s] -- Up-to-date symlink: /home/jay/capstonerobot_ws/install/turtlebot3_msgs/include/turtlebot3_msgs/msg/detail/sensor_state__rosidl_typesupport_introspection_c.h
[1.664s] -- Up-to-date symlink: /home/jay/capstonerobot_ws/install/turtlebot3_msgs/include/turtlebot3_msgs/msg/detail/sound__rosidl_typesupport_introspection_c.h
[1.666s] -- Up-to-date symlink: /home/jay/capstonerobot_ws/install/turtlebot3_msgs/include/turtlebot3_msgs/msg/detail/version_info__rosidl_typesupport_introspection_c.h
[1.666s] -- Up-to-date symlink: /home/jay/capstonerobot_ws/install/turtlebot3_msgs/include/turtlebot3_msgs/msg/rosidl_typesupport_introspection_c__visibility_control.h
[1.667s] -- Up-to-date symlink: /home/jay/capstonerobot_ws/install/turtlebot3_msgs/include/turtlebot3_msgs/srv/detail/dqn__rosidl_typesupport_introspection_c.h
[1.667s] -- Up-to-date symlink: /home/jay/capstonerobot_ws/install/turtlebot3_msgs/include/turtlebot3_msgs/srv/detail/sound__rosidl_typesupport_introspection_c.h
[1.669s] -- Up-to-date symlink: /home/jay/capstonerobot_ws/install/turtlebot3_msgs/include/turtlebot3_msgs/action/detail/patrol__builder.hpp
[1.670s] -- Up-to-date symlink: /home/jay/capstonerobot_ws/install/turtlebot3_msgs/include/turtlebot3_msgs/action/detail/patrol__struct.hpp
[1.670s] -- Up-to-date symlink: /home/jay/capstonerobot_ws/install/turtlebot3_msgs/include/turtlebot3_msgs/action/detail/patrol__traits.hpp
[1.671s] -- Up-to-date symlink: /home/jay/capstonerobot_ws/install/turtlebot3_msgs/include/turtlebot3_msgs/action/detail/patrol__type_support.hpp
[1.671s] -- Up-to-date symlink: /home/jay/capstonerobot_ws/install/turtlebot3_msgs/include/turtlebot3_msgs/action/patrol.hpp
[1.672s] -- Up-to-date symlink: /home/jay/capstonerobot_ws/install/turtlebot3_msgs/include/turtlebot3_msgs/msg/detail/sensor_state__builder.hpp
[1.672s] -- Up-to-date symlink: /home/jay/capstonerobot_ws/install/turtlebot3_msgs/include/turtlebot3_msgs/msg/detail/sensor_state__struct.hpp
[1.674s] -- Up-to-date symlink: /home/jay/capstonerobot_ws/install/turtlebot3_msgs/include/turtlebot3_msgs/msg/detail/sensor_state__traits.hpp
[1.674s] -- Up-to-date symlink: /home/jay/capstonerobot_ws/install/turtlebot3_msgs/include/turtlebot3_msgs/msg/detail/sensor_state__type_support.hpp
[1.674s] -- Up-to-date symlink: /home/jay/capstonerobot_ws/install/turtlebot3_msgs/include/turtlebot3_msgs/msg/detail/sound__builder.hpp
[1.674s] -- Up-to-date symlink: /home/jay/capstonerobot_ws/install/turtlebot3_msgs/include/turtlebot3_msgs/msg/detail/sound__struct.hpp
[1.674s] -- Up-to-date symlink: /home/jay/capstonerobot_ws/install/turtlebot3_msgs/include/turtlebot3_msgs/msg/detail/sound__traits.hpp
[1.674s] -- Up-to-date symlink: /home/jay/capstonerobot_ws/install/turtlebot3_msgs/include/turtlebot3_msgs/msg/detail/sound__type_support.hpp
[1.675s] -- Up-to-date symlink: /home/jay/capstonerobot_ws/install/turtlebot3_msgs/include/turtlebot3_msgs/msg/detail/version_info__builder.hpp
[1.675s] -- Up-to-date symlink: /home/jay/capstonerobot_ws/install/turtlebot3_msgs/include/turtlebot3_msgs/msg/detail/version_info__struct.hpp
[1.675s] -- Up-to-date symlink: /home/jay/capstonerobot_ws/install/turtlebot3_msgs/include/turtlebot3_msgs/msg/detail/version_info__traits.hpp
[1.676s] -- Up-to-date symlink: /home/jay/capstonerobot_ws/install/turtlebot3_msgs/include/turtlebot3_msgs/msg/detail/version_info__type_support.hpp
[1.677s] -- Up-to-date symlink: /home/jay/capstonerobot_ws/install/turtlebot3_msgs/include/turtlebot3_msgs/msg/rosidl_generator_cpp__visibility_control.hpp
[1.677s] -- Up-to-date symlink: /home/jay/capstonerobot_ws/install/turtlebot3_msgs/include/turtlebot3_msgs/msg/sensor_state.hpp
[1.678s] -- Up-to-date symlink: /home/jay/capstonerobot_ws/install/turtlebot3_msgs/include/turtlebot3_msgs/msg/sound.hpp
[1.678s] -- Up-to-date symlink: /home/jay/capstonerobot_ws/install/turtlebot3_msgs/include/turtlebot3_msgs/msg/version_info.hpp
[1.678s] -- Up-to-date symlink: /home/jay/capstonerobot_ws/install/turtlebot3_msgs/include/turtlebot3_msgs/srv/detail/dqn__builder.hpp
[1.679s] -- Up-to-date symlink: /home/jay/capstonerobot_ws/install/turtlebot3_msgs/include/turtlebot3_msgs/srv/detail/dqn__struct.hpp
[1.679s] -- Up-to-date symlink: /home/jay/capstonerobot_ws/install/turtlebot3_msgs/include/turtlebot3_msgs/srv/detail/dqn__traits.hpp
[1.680s] -- Up-to-date symlink: /home/jay/capstonerobot_ws/install/turtlebot3_msgs/include/turtlebot3_msgs/srv/detail/dqn__type_support.hpp
[1.681s] -- Up-to-date symlink: /home/jay/capstonerobot_ws/install/turtlebot3_msgs/include/turtlebot3_msgs/srv/detail/sound__builder.hpp
[1.681s] -- Up-to-date symlink: /home/jay/capstonerobot_ws/install/turtlebot3_msgs/include/turtlebot3_msgs/srv/detail/sound__struct.hpp
[1.681s] -- Up-to-date symlink: /home/jay/capstonerobot_ws/install/turtlebot3_msgs/include/turtlebot3_msgs/srv/detail/sound__traits.hpp
[1.682s] -- Up-to-date symlink: /home/jay/capstonerobot_ws/install/turtlebot3_msgs/include/turtlebot3_msgs/srv/detail/sound__type_support.hpp
[1.683s] -- Up-to-date symlink: /home/jay/capstonerobot_ws/install/turtlebot3_msgs/include/turtlebot3_msgs/srv/dqn.hpp
[1.683s] -- Up-to-date symlink: /home/jay/capstonerobot_ws/install/turtlebot3_msgs/include/turtlebot3_msgs/srv/sound.hpp
[1.685s] -- Up-to-date symlink: /home/jay/capstonerobot_ws/install/turtlebot3_msgs/include/turtlebot3_msgs/action/detail/microxrcedds/patrol__type_support_cpp.cpp
[1.685s] -- Up-to-date symlink: /home/jay/capstonerobot_ws/install/turtlebot3_msgs/include/turtlebot3_msgs/action/detail/patrol__rosidl_typesupport_microxrcedds_cpp.hpp
[1.685s] -- Up-to-date symlink: /home/jay/capstonerobot_ws/install/turtlebot3_msgs/include/turtlebot3_msgs/msg/detail/microxrcedds/sensor_state__type_support_cpp.cpp
[1.686s] -- Up-to-date symlink: /home/jay/capstonerobot_ws/install/turtlebot3_msgs/include/turtlebot3_msgs/msg/detail/microxrcedds/sound__type_support_cpp.cpp
[1.686s] -- Up-to-date symlink: /home/jay/capstonerobot_ws/install/turtlebot3_msgs/include/turtlebot3_msgs/msg/detail/microxrcedds/version_info__type_support_cpp.cpp
[1.687s] -- Up-to-date symlink: /home/jay/capstonerobot_ws/install/turtlebot3_msgs/include/turtlebot3_msgs/msg/detail/sensor_state__rosidl_typesupport_microxrcedds_cpp.hpp
[1.688s] -- Up-to-date symlink: /home/jay/capstonerobot_ws/install/turtlebot3_msgs/include/turtlebot3_msgs/msg/detail/sound__rosidl_typesupport_microxrcedds_cpp.hpp
[1.689s] -- Up-to-date symlink: /home/jay/capstonerobot_ws/install/turtlebot3_msgs/include/turtlebot3_msgs/msg/detail/version_info__rosidl_typesupport_microxrcedds_cpp.hpp
[1.689s] -- Up-to-date symlink: /home/jay/capstonerobot_ws/install/turtlebot3_msgs/include/turtlebot3_msgs/msg/rosidl_typesupport_microxrcedds_cpp__visibility_control.h
[1.690s] -- Up-to-date symlink: /home/jay/capstonerobot_ws/install/turtlebot3_msgs/include/turtlebot3_msgs/srv/detail/dqn__rosidl_typesupport_microxrcedds_cpp.hpp
[1.690s] -- Up-to-date symlink: /home/jay/capstonerobot_ws/install/turtlebot3_msgs/include/turtlebot3_msgs/srv/detail/microxrcedds/dqn__type_support_cpp.cpp
[1.690s] -- Up-to-date symlink: /home/jay/capstonerobot_ws/install/turtlebot3_msgs/include/turtlebot3_msgs/srv/detail/microxrcedds/sound__type_support_cpp.cpp
[1.691s] -- Up-to-date symlink: /home/jay/capstonerobot_ws/install/turtlebot3_msgs/include/turtlebot3_msgs/srv/detail/sound__rosidl_typesupport_microxrcedds_cpp.hpp
[1.691s] -- Up-to-date symlink: /home/jay/capstonerobot_ws/install/turtlebot3_msgs/lib/libturtlebot3_msgs__rosidl_typesupport_microxrcedds_cpp.a
[1.693s] -- Up-to-date symlink: /home/jay/capstonerobot_ws/install/turtlebot3_msgs/include/turtlebot3_msgs/action/detail/patrol__rosidl_typesupport_introspection_cpp.hpp
[1.694s] -- Up-to-date symlink: /home/jay/capstonerobot_ws/install/turtlebot3_msgs/include/turtlebot3_msgs/msg/detail/sensor_state__rosidl_typesupport_introspection_cpp.hpp
[1.694s] -- Up-to-date symlink: /home/jay/capstonerobot_ws/install/turtlebot3_msgs/include/turtlebot3_msgs/msg/detail/sound__rosidl_typesupport_introspection_cpp.hpp
[1.695s] -- Up-to-date symlink: /home/jay/capstonerobot_ws/install/turtlebot3_msgs/include/turtlebot3_msgs/msg/detail/version_info__rosidl_typesupport_introspection_cpp.hpp
[1.696s] -- Up-to-date symlink: /home/jay/capstonerobot_ws/install/turtlebot3_msgs/include/turtlebot3_msgs/srv/detail/dqn__rosidl_typesupport_introspection_cpp.hpp
[1.696s] -- Up-to-date symlink: /home/jay/capstonerobot_ws/install/turtlebot3_msgs/include/turtlebot3_msgs/srv/detail/sound__rosidl_typesupport_introspection_cpp.hpp
[1.697s] -- Up-to-date symlink: /home/jay/capstonerobot_ws/install/turtlebot3_msgs/share/turtlebot3_msgs/environment/pythonpath.sh
[1.698s] -- Up-to-date symlink: /home/jay/capstonerobot_ws/install/turtlebot3_msgs/share/turtlebot3_msgs/environment/pythonpath.dsv
[1.698s] -- Up-to-date symlink: /home/jay/capstonerobot_ws/install/turtlebot3_msgs/lib/python3.8/site-packages/turtlebot3_msgs/__init__.py
[1.700s] -- Up-to-date symlink: /home/jay/capstonerobot_ws/install/turtlebot3_msgs/lib/python3.8/site-packages/turtlebot3_msgs/msg/__init__.py
[1.700s] -- Up-to-date symlink: /home/jay/capstonerobot_ws/install/turtlebot3_msgs/lib/python3.8/site-packages/turtlebot3_msgs/msg/_sensor_state.py
[1.701s] -- Up-to-date symlink: /home/jay/capstonerobot_ws/install/turtlebot3_msgs/lib/python3.8/site-packages/turtlebot3_msgs/msg/_sound.py
[1.701s] -- Up-to-date symlink: /home/jay/capstonerobot_ws/install/turtlebot3_msgs/lib/python3.8/site-packages/turtlebot3_msgs/msg/_version_info.py
[1.702s] -- Up-to-date symlink: /home/jay/capstonerobot_ws/install/turtlebot3_msgs/lib/python3.8/site-packages/turtlebot3_msgs/srv/__init__.py
[1.702s] -- Up-to-date symlink: /home/jay/capstonerobot_ws/install/turtlebot3_msgs/lib/python3.8/site-packages/turtlebot3_msgs/srv/_dqn.py
[1.704s] -- Up-to-date symlink: /home/jay/capstonerobot_ws/install/turtlebot3_msgs/lib/python3.8/site-packages/turtlebot3_msgs/srv/_sound.py
[1.704s] -- Up-to-date symlink: /home/jay/capstonerobot_ws/install/turtlebot3_msgs/lib/python3.8/site-packages/turtlebot3_msgs/action/__init__.py
[1.704s] -- Up-to-date symlink: /home/jay/capstonerobot_ws/install/turtlebot3_msgs/lib/python3.8/site-packages/turtlebot3_msgs/action/_patrol.py
[1.705s] -- Up-to-date symlink: /home/jay/capstonerobot_ws/install/turtlebot3_msgs/lib/python3.8/site-packages/turtlebot3_msgs/turtlebot3_msgs_s__rosidl_typesupport_microxrcedds_c.cpython-38-aarch64-linux-gnu.so
[1.706s] -- Up-to-date symlink: /home/jay/capstonerobot_ws/install/turtlebot3_msgs/lib/python3.8/site-packages/turtlebot3_msgs/turtlebot3_msgs_s__rosidl_typesupport_fastrtps_c.cpython-38-aarch64-linux-gnu.so
[1.707s] -- Up-to-date symlink: /home/jay/capstonerobot_ws/install/turtlebot3_msgs/lib/python3.8/site-packages/turtlebot3_msgs/turtlebot3_msgs_s__rosidl_typesupport_introspection_c.cpython-38-aarch64-linux-gnu.so
[1.707s] -- Up-to-date symlink: /home/jay/capstonerobot_ws/install/turtlebot3_msgs/lib/python3.8/site-packages/turtlebot3_msgs/turtlebot3_msgs_s__rosidl_typesupport_c.cpython-38-aarch64-linux-gnu.so
[1.707s] -- Up-to-date symlink: /home/jay/capstonerobot_ws/install/turtlebot3_msgs/lib/libturtlebot3_msgs__python.so
[1.708s] -- Up-to-date symlink: /home/jay/capstonerobot_ws/install/turtlebot3_msgs/share/turtlebot3_msgs/msg/SensorState.idl
[1.708s] -- Up-to-date symlink: /home/jay/capstonerobot_ws/install/turtlebot3_msgs/share/turtlebot3_msgs/msg/Sound.idl
[1.709s] -- Up-to-date symlink: /home/jay/capstonerobot_ws/install/turtlebot3_msgs/share/turtlebot3_msgs/msg/VersionInfo.idl
[1.709s] -- Up-to-date symlink: /home/jay/capstonerobot_ws/install/turtlebot3_msgs/share/turtlebot3_msgs/srv/Sound.idl
[1.709s] -- Up-to-date symlink: /home/jay/capstonerobot_ws/install/turtlebot3_msgs/share/turtlebot3_msgs/srv/Dqn.idl
[1.709s] -- Up-to-date symlink: /home/jay/capstonerobot_ws/install/turtlebot3_msgs/share/turtlebot3_msgs/action/Patrol.idl
[1.710s] -- Up-to-date symlink: /home/jay/capstonerobot_ws/install/turtlebot3_msgs/share/turtlebot3_msgs/msg/SensorState.msg
[1.710s] -- Up-to-date symlink: /home/jay/capstonerobot_ws/install/turtlebot3_msgs/share/turtlebot3_msgs/msg/Sound.msg
[1.710s] -- Up-to-date symlink: /home/jay/capstonerobot_ws/install/turtlebot3_msgs/share/turtlebot3_msgs/msg/VersionInfo.msg
[1.710s] -- Up-to-date symlink: /home/jay/capstonerobot_ws/install/turtlebot3_msgs/share/turtlebot3_msgs/srv/Sound.srv
[1.711s] -- Up-to-date symlink: /home/jay/capstonerobot_ws/install/turtlebot3_msgs/share/turtlebot3_msgs/srv/Sound_Request.msg
[1.711s] -- Up-to-date symlink: /home/jay/capstonerobot_ws/install/turtlebot3_msgs/share/turtlebot3_msgs/srv/Sound_Response.msg
[1.711s] -- Up-to-date symlink: /home/jay/capstonerobot_ws/install/turtlebot3_msgs/share/turtlebot3_msgs/srv/Dqn.srv
[1.712s] -- Up-to-date symlink: /home/jay/capstonerobot_ws/install/turtlebot3_msgs/share/turtlebot3_msgs/srv/Dqn_Request.msg
[1.712s] -- Up-to-date symlink: /home/jay/capstonerobot_ws/install/turtlebot3_msgs/share/turtlebot3_msgs/srv/Dqn_Response.msg
[1.712s] -- Up-to-date symlink: /home/jay/capstonerobot_ws/install/turtlebot3_msgs/share/turtlebot3_msgs/action/Patrol.action
[1.714s] -- Up-to-date symlink: /home/jay/capstonerobot_ws/install/turtlebot3_msgs/share/ament_index/resource_index/package_run_dependencies/turtlebot3_msgs
[1.714s] -- Up-to-date symlink: /home/jay/capstonerobot_ws/install/turtlebot3_msgs/share/ament_index/resource_index/parent_prefix_path/turtlebot3_msgs
[1.714s] -- Up-to-date symlink: /home/jay/capstonerobot_ws/install/turtlebot3_msgs/share/turtlebot3_msgs/environment/ament_prefix_path.sh
[1.714s] -- Up-to-date symlink: /home/jay/capstonerobot_ws/install/turtlebot3_msgs/share/turtlebot3_msgs/environment/ament_prefix_path.dsv
[1.715s] -- Up-to-date symlink: /home/jay/capstonerobot_ws/install/turtlebot3_msgs/share/turtlebot3_msgs/environment/path.sh
[1.715s] -- Up-to-date symlink: /home/jay/capstonerobot_ws/install/turtlebot3_msgs/share/turtlebot3_msgs/environment/path.dsv
[1.715s] -- Up-to-date symlink: /home/jay/capstonerobot_ws/install/turtlebot3_msgs/share/turtlebot3_msgs/local_setup.bash
[1.716s] -- Up-to-date symlink: /home/jay/capstonerobot_ws/install/turtlebot3_msgs/share/turtlebot3_msgs/local_setup.sh
[1.716s] -- Up-to-date symlink: /home/jay/capstonerobot_ws/install/turtlebot3_msgs/share/turtlebot3_msgs/local_setup.zsh
[1.717s] -- Up-to-date symlink: /home/jay/capstonerobot_ws/install/turtlebot3_msgs/share/turtlebot3_msgs/local_setup.dsv
[1.717s] -- Symlinking: /home/jay/capstonerobot_ws/install/turtlebot3_msgs/share/turtlebot3_msgs/package.dsv
[1.736s] -- Up-to-date symlink: /home/jay/capstonerobot_ws/install/turtlebot3_msgs/share/ament_index/resource_index/packages/turtlebot3_msgs
[1.737s] -- Up-to-date symlink: /home/jay/capstonerobot_ws/install/turtlebot3_msgs/share/turtlebot3_msgs/cmake/rosidl_cmake-extras.cmake
[1.737s] -- Up-to-date symlink: /home/jay/capstonerobot_ws/install/turtlebot3_msgs/share/turtlebot3_msgs/cmake/ament_cmake_export_dependencies-extras.cmake
[1.738s] -- Up-to-date symlink: /home/jay/capstonerobot_ws/install/turtlebot3_msgs/share/turtlebot3_msgs/cmake/ament_cmake_export_libraries-extras.cmake
[1.738s] -- Up-to-date symlink: /home/jay/capstonerobot_ws/install/turtlebot3_msgs/share/turtlebot3_msgs/cmake/ament_cmake_export_targets-extras.cmake
[1.738s] -- Up-to-date symlink: /home/jay/capstonerobot_ws/install/turtlebot3_msgs/share/turtlebot3_msgs/cmake/ament_cmake_export_include_directories-extras.cmake
[1.740s] -- Up-to-date symlink: /home/jay/capstonerobot_ws/install/turtlebot3_msgs/share/turtlebot3_msgs/cmake/rosidl_cmake_export_typesupport_libraries-extras.cmake
[1.741s] -- Up-to-date symlink: /home/jay/capstonerobot_ws/install/turtlebot3_msgs/share/turtlebot3_msgs/cmake/rosidl_cmake_export_typesupport_targets-extras.cmake
[1.741s] -- Up-to-date symlink: /home/jay/capstonerobot_ws/install/turtlebot3_msgs/share/turtlebot3_msgs/cmake/turtlebot3_msgsConfig.cmake
[1.742s] -- Up-to-date symlink: /home/jay/capstonerobot_ws/install/turtlebot3_msgs/share/turtlebot3_msgs/cmake/turtlebot3_msgsConfig-version.cmake
[1.742s] -- Up-to-date symlink: /home/jay/capstonerobot_ws/install/turtlebot3_msgs/share/turtlebot3_msgs/package.xml
[1.743s] -- Up-to-date: /home/jay/capstonerobot_ws/install/turtlebot3_msgs/lib/libturtlebot3_msgs__rosidl_generator_c.so
[1.743s] -- Up-to-date: /home/jay/capstonerobot_ws/install/turtlebot3_msgs/lib/libturtlebot3_msgs__rosidl_typesupport_introspection_c.so
[1.744s] -- Up-to-date: /home/jay/capstonerobot_ws/install/turtlebot3_msgs/lib/libturtlebot3_msgs__rosidl_typesupport_c.so
[1.744s] -- Up-to-date: /home/jay/capstonerobot_ws/install/turtlebot3_msgs/lib/libturtlebot3_msgs__rosidl_typesupport_introspection_cpp.so
[1.745s] -- Up-to-date: /home/jay/capstonerobot_ws/install/turtlebot3_msgs/lib/libturtlebot3_msgs__rosidl_typesupport_cpp.so
[1.802s] -- Up-to-date: /home/jay/capstonerobot_ws/install/turtlebot3_msgs/share/turtlebot3_msgs/cmake/turtlebot3_msgs__rosidl_generator_cExport.cmake
[1.802s] -- Up-to-date: /home/jay/capstonerobot_ws/install/turtlebot3_msgs/share/turtlebot3_msgs/cmake/turtlebot3_msgs__rosidl_generator_cExport-noconfig.cmake
[1.802s] -- Up-to-date: /home/jay/capstonerobot_ws/install/turtlebot3_msgs/share/turtlebot3_msgs/cmake/turtlebot3_msgs__rosidl_typesupport_introspection_cExport.cmake
[1.803s] -- Up-to-date: /home/jay/capstonerobot_ws/install/turtlebot3_msgs/share/turtlebot3_msgs/cmake/turtlebot3_msgs__rosidl_typesupport_introspection_cExport-noconfig.cmake
[1.803s] -- Up-to-date: /home/jay/capstonerobot_ws/install/turtlebot3_msgs/share/turtlebot3_msgs/cmake/turtlebot3_msgs__rosidl_typesupport_cExport.cmake
[1.803s] -- Up-to-date: /home/jay/capstonerobot_ws/install/turtlebot3_msgs/share/turtlebot3_msgs/cmake/turtlebot3_msgs__rosidl_typesupport_cExport-noconfig.cmake
[1.803s] -- Up-to-date: /home/jay/capstonerobot_ws/install/turtlebot3_msgs/share/turtlebot3_msgs/cmake/turtlebot3_msgs__rosidl_generator_cppExport.cmake
[1.803s] -- Up-to-date: /home/jay/capstonerobot_ws/install/turtlebot3_msgs/share/turtlebot3_msgs/cmake/turtlebot3_msgs__rosidl_typesupport_introspection_cppExport.cmake
[1.803s] -- Up-to-date: /home/jay/capstonerobot_ws/install/turtlebot3_msgs/share/turtlebot3_msgs/cmake/turtlebot3_msgs__rosidl_typesupport_introspection_cppExport-noconfig.cmake
[1.804s] -- Up-to-date: /home/jay/capstonerobot_ws/install/turtlebot3_msgs/share/turtlebot3_msgs/cmake/turtlebot3_msgs__rosidl_typesupport_cppExport.cmake
[1.804s] -- Up-to-date: /home/jay/capstonerobot_ws/install/turtlebot3_msgs/share/turtlebot3_msgs/cmake/turtlebot3_msgs__rosidl_typesupport_cppExport-noconfig.cmake
[1.808s] Invoked command in '/home/jay/capstonerobot_ws/build/turtlebot3_msgs' returned '0': CMAKE_PREFIX_PATH=${CMAKE_PREFIX_PATH}:/home/jay/capstonerobot_ws/install/turtlebot3_teleop:/home/jay/capstonerobot_ws/install/turtlebot3_example:/opt/ros/foxy /usr/bin/cmake --install /home/jay/capstonerobot_ws/build/turtlebot3_msgs
