[0.101s] Invoking command in '/home/jay/capstonerobot_ws/build/micro_ros_msgs': CMAKE_PREFIX_PATH=${CMAKE_PREFIX_PATH}:/home/jay/capstonerobot_ws/install/turtlebot3_teleop:/home/jay/capstonerobot_ws/install/turtlebot3_example:/opt/ros/foxy /usr/bin/cmake --build /home/jay/capstonerobot_ws/build/micro_ros_msgs -- -j4 -l4
[0.359s] [  1%] Built target micro_ros_msgs__cpp
[0.528s] [ 10%] Built target micro_ros_msgs__rosidl_generator_c
[0.654s] [ 18%] Built target micro_ros_msgs__rosidl_typesupport_fastrtps_cpp
[0.810s] [ 27%] Built target micro_ros_msgs__rosidl_typesupport_microxrcedds_cpp
[0.966s] [ 35%] Built target micro_ros_msgs__rosidl_typesupport_fastrtps_c
[1.111s] [ 44%] Built target micro_ros_msgs__rosidl_typesupport_c
[1.245s] [ 52%] Built target micro_ros_msgs__rosidl_typesupport_microxrcedds_c
[1.424s] [ 61%] Built target micro_ros_msgs__rosidl_typesupport_introspection_c
[1.539s] [ 69%] Built target micro_ros_msgs__rosidl_typesupport_cpp
[1.701s] [ 77%] Built target micro_ros_msgs__rosidl_typesupport_introspection_cpp
[1.742s] [ 77%] Built target micro_ros_msgs
[1.876s] [ 79%] Built target micro_ros_msgs__py
[2.037s] [ 86%] Built target micro_ros_msgs__python
[2.216s] [ 89%] Built target micro_ros_msgs__rosidl_typesupport_introspection_c__pyext
[2.363s] [ 93%] Built target micro_ros_msgs__rosidl_typesupport_c__pyext
[2.593s] [ 96%] Built target micro_ros_msgs__rosidl_typesupport_microxrcedds_c__pyext
[2.734s] [100%] Built target micro_ros_msgs__rosidl_typesupport_fastrtps_c__pyext
[2.772s] Invoked command in '/home/jay/capstonerobot_ws/build/micro_ros_msgs' returned '0': CMAKE_PREFIX_PATH=${CMAKE_PREFIX_PATH}:/home/jay/capstonerobot_ws/install/turtlebot3_teleop:/home/jay/capstonerobot_ws/install/turtlebot3_example:/opt/ros/foxy /usr/bin/cmake --build /home/jay/capstonerobot_ws/build/micro_ros_msgs -- -j4 -l4
[3.504s] Invoking command in '/home/jay/capstonerobot_ws/build/micro_ros_msgs': CMAKE_PREFIX_PATH=${CMAKE_PREFIX_PATH}:/home/jay/capstonerobot_ws/install/turtlebot3_teleop:/home/jay/capstonerobot_ws/install/turtlebot3_example:/opt/ros/foxy /usr/bin/cmake --install /home/jay/capstonerobot_ws/build/micro_ros_msgs
[3.521s] -- Install configuration: ""
[3.522s] -- Execute custom install script
[3.524s] -- Up-to-date symlink: /home/jay/capstonerobot_ws/install/micro_ros_msgs/share/ament_index/resource_index/rosidl_interfaces/micro_ros_msgs
[3.525s] -- Up-to-date symlink: /home/jay/capstonerobot_ws/install/micro_ros_msgs/include/micro_ros_msgs/msg/detail/entity__functions.h
[3.525s] -- Up-to-date symlink: /home/jay/capstonerobot_ws/install/micro_ros_msgs/include/micro_ros_msgs/msg/detail/entity__struct.h
[3.525s] -- Up-to-date symlink: /home/jay/capstonerobot_ws/install/micro_ros_msgs/include/micro_ros_msgs/msg/detail/entity__type_support.h
[3.525s] -- Up-to-date symlink: /home/jay/capstonerobot_ws/install/micro_ros_msgs/include/micro_ros_msgs/msg/detail/graph__functions.h
[3.526s] -- Up-to-date symlink: /home/jay/capstonerobot_ws/install/micro_ros_msgs/include/micro_ros_msgs/msg/detail/graph__struct.h
[3.526s] -- Up-to-date symlink: /home/jay/capstonerobot_ws/install/micro_ros_msgs/include/micro_ros_msgs/msg/detail/graph__type_support.h
[3.527s] -- Up-to-date symlink: /home/jay/capstonerobot_ws/install/micro_ros_msgs/include/micro_ros_msgs/msg/detail/node__functions.h
[3.527s] -- Up-to-date symlink: /home/jay/capstonerobot_ws/install/micro_ros_msgs/include/micro_ros_msgs/msg/detail/node__struct.h
[3.527s] -- Up-to-date symlink: /home/jay/capstonerobot_ws/install/micro_ros_msgs/include/micro_ros_msgs/msg/detail/node__type_support.h
[3.528s] -- Up-to-date symlink: /home/jay/capstonerobot_ws/install/micro_ros_msgs/include/micro_ros_msgs/msg/entity.h
[3.528s] -- Up-to-date symlink: /home/jay/capstonerobot_ws/install/micro_ros_msgs/include/micro_ros_msgs/msg/graph.h
[3.529s] -- Up-to-date symlink: /home/jay/capstonerobot_ws/install/micro_ros_msgs/include/micro_ros_msgs/msg/node.h
[3.529s] -- Up-to-date symlink: /home/jay/capstonerobot_ws/install/micro_ros_msgs/include/micro_ros_msgs/msg/rosidl_generator_c__visibility_control.h
[3.529s] -- Up-to-date symlink: /home/jay/capstonerobot_ws/install/micro_ros_msgs/share/micro_ros_msgs/environment/library_path.sh
[3.530s] -- Up-to-date symlink: /home/jay/capstonerobot_ws/install/micro_ros_msgs/share/micro_ros_msgs/environment/library_path.dsv
[3.531s] -- Up-to-date symlink: /home/jay/capstonerobot_ws/install/micro_ros_msgs/include/micro_ros_msgs/msg/detail/entity__rosidl_typesupport_microxrcedds_c.h
[3.531s] -- Up-to-date symlink: /home/jay/capstonerobot_ws/install/micro_ros_msgs/include/micro_ros_msgs/msg/detail/graph__rosidl_typesupport_microxrcedds_c.h
[3.531s] -- Up-to-date symlink: /home/jay/capstonerobot_ws/install/micro_ros_msgs/include/micro_ros_msgs/msg/detail/node__rosidl_typesupport_microxrcedds_c.h
[3.531s] -- Up-to-date symlink: /home/jay/capstonerobot_ws/install/micro_ros_msgs/include/micro_ros_msgs/msg/rosidl_typesupport_microxrcedds_c__visibility_control.h
[3.532s] -- Up-to-date symlink: /home/jay/capstonerobot_ws/install/micro_ros_msgs/lib/libmicro_ros_msgs__rosidl_typesupport_microxrcedds_c.a
[3.534s] -- Up-to-date symlink: /home/jay/capstonerobot_ws/install/micro_ros_msgs/include/micro_ros_msgs/msg/detail/entity__rosidl_typesupport_fastrtps_c.h
[3.534s] -- Up-to-date symlink: /home/jay/capstonerobot_ws/install/micro_ros_msgs/include/micro_ros_msgs/msg/detail/graph__rosidl_typesupport_fastrtps_c.h
[3.534s] -- Up-to-date symlink: /home/jay/capstonerobot_ws/install/micro_ros_msgs/include/micro_ros_msgs/msg/detail/node__rosidl_typesupport_fastrtps_c.h
[3.535s] -- Up-to-date symlink: /home/jay/capstonerobot_ws/install/micro_ros_msgs/include/micro_ros_msgs/msg/rosidl_typesupport_fastrtps_c__visibility_control.h
[3.535s] -- Up-to-date symlink: /home/jay/capstonerobot_ws/install/micro_ros_msgs/lib/libmicro_ros_msgs__rosidl_typesupport_fastrtps_c.so
[3.536s] -- Up-to-date symlink: /home/jay/capstonerobot_ws/install/micro_ros_msgs/include/micro_ros_msgs/msg/detail/entity__rosidl_typesupport_fastrtps_cpp.hpp
[3.537s] -- Up-to-date symlink: /home/jay/capstonerobot_ws/install/micro_ros_msgs/include/micro_ros_msgs/msg/detail/graph__rosidl_typesupport_fastrtps_cpp.hpp
[3.537s] -- Up-to-date symlink: /home/jay/capstonerobot_ws/install/micro_ros_msgs/include/micro_ros_msgs/msg/detail/node__rosidl_typesupport_fastrtps_cpp.hpp
[3.537s] -- Up-to-date symlink: /home/jay/capstonerobot_ws/install/micro_ros_msgs/include/micro_ros_msgs/msg/rosidl_typesupport_fastrtps_cpp__visibility_control.h
[3.538s] -- Up-to-date symlink: /home/jay/capstonerobot_ws/install/micro_ros_msgs/lib/libmicro_ros_msgs__rosidl_typesupport_fastrtps_cpp.so
[3.539s] -- Up-to-date symlink: /home/jay/capstonerobot_ws/install/micro_ros_msgs/include/micro_ros_msgs/msg/detail/entity__rosidl_typesupport_introspection_c.h
[3.539s] -- Up-to-date symlink: /home/jay/capstonerobot_ws/install/micro_ros_msgs/include/micro_ros_msgs/msg/detail/graph__rosidl_typesupport_introspection_c.h
[3.539s] -- Up-to-date symlink: /home/jay/capstonerobot_ws/install/micro_ros_msgs/include/micro_ros_msgs/msg/detail/node__rosidl_typesupport_introspection_c.h
[3.540s] -- Up-to-date symlink: /home/jay/capstonerobot_ws/install/micro_ros_msgs/include/micro_ros_msgs/msg/rosidl_typesupport_introspection_c__visibility_control.h
[3.542s] -- Up-to-date symlink: /home/jay/capstonerobot_ws/install/micro_ros_msgs/include/micro_ros_msgs/msg/detail/entity__builder.hpp
[3.543s] -- Up-to-date symlink: /home/jay/capstonerobot_ws/install/micro_ros_msgs/include/micro_ros_msgs/msg/detail/entity__struct.hpp
[3.544s] -- Up-to-date symlink: /home/jay/capstonerobot_ws/install/micro_ros_msgs/include/micro_ros_msgs/msg/detail/entity__traits.hpp
[3.545s] -- Up-to-date symlink: /home/jay/capstonerobot_ws/install/micro_ros_msgs/include/micro_ros_msgs/msg/detail/entity__type_support.hpp
[3.546s] -- Up-to-date symlink: /home/jay/capstonerobot_ws/install/micro_ros_msgs/include/micro_ros_msgs/msg/detail/graph__builder.hpp
[3.547s] -- Up-to-date symlink: /home/jay/capstonerobot_ws/install/micro_ros_msgs/include/micro_ros_msgs/msg/detail/graph__struct.hpp
[3.547s] -- Up-to-date symlink: /home/jay/capstonerobot_ws/install/micro_ros_msgs/include/micro_ros_msgs/msg/detail/graph__traits.hpp
[3.549s] -- Up-to-date symlink: /home/jay/capstonerobot_ws/install/micro_ros_msgs/include/micro_ros_msgs/msg/detail/graph__type_support.hpp
[3.549s] -- Up-to-date symlink: /home/jay/capstonerobot_ws/install/micro_ros_msgs/include/micro_ros_msgs/msg/detail/node__builder.hpp
[3.550s] -- Up-to-date symlink: /home/jay/capstonerobot_ws/install/micro_ros_msgs/include/micro_ros_msgs/msg/detail/node__struct.hpp
[3.551s] -- Up-to-date symlink: /home/jay/capstonerobot_ws/install/micro_ros_msgs/include/micro_ros_msgs/msg/detail/node__traits.hpp
[3.551s] -- Up-to-date symlink: /home/jay/capstonerobot_ws/install/micro_ros_msgs/include/micro_ros_msgs/msg/detail/node__type_support.hpp
[3.551s] -- Up-to-date symlink: /home/jay/capstonerobot_ws/install/micro_ros_msgs/include/micro_ros_msgs/msg/entity.hpp
[3.552s] -- Up-to-date symlink: /home/jay/capstonerobot_ws/install/micro_ros_msgs/include/micro_ros_msgs/msg/graph.hpp
[3.552s] -- Up-to-date symlink: /home/jay/capstonerobot_ws/install/micro_ros_msgs/include/micro_ros_msgs/msg/node.hpp
[3.552s] -- Up-to-date symlink: /home/jay/capstonerobot_ws/install/micro_ros_msgs/include/micro_ros_msgs/msg/rosidl_generator_cpp__visibility_control.hpp
[3.553s] -- Up-to-date symlink: /home/jay/capstonerobot_ws/install/micro_ros_msgs/include/micro_ros_msgs/msg/detail/entity__rosidl_typesupport_microxrcedds_cpp.hpp
[3.554s] -- Up-to-date symlink: /home/jay/capstonerobot_ws/install/micro_ros_msgs/include/micro_ros_msgs/msg/detail/graph__rosidl_typesupport_microxrcedds_cpp.hpp
[3.554s] -- Up-to-date symlink: /home/jay/capstonerobot_ws/install/micro_ros_msgs/include/micro_ros_msgs/msg/detail/microxrcedds/entity__type_support_cpp.cpp
[3.554s] -- Up-to-date symlink: /home/jay/capstonerobot_ws/install/micro_ros_msgs/include/micro_ros_msgs/msg/detail/microxrcedds/graph__type_support_cpp.cpp
[3.555s] -- Up-to-date symlink: /home/jay/capstonerobot_ws/install/micro_ros_msgs/include/micro_ros_msgs/msg/detail/microxrcedds/node__type_support_cpp.cpp
[3.555s] -- Up-to-date symlink: /home/jay/capstonerobot_ws/install/micro_ros_msgs/include/micro_ros_msgs/msg/detail/node__rosidl_typesupport_microxrcedds_cpp.hpp
[3.555s] -- Up-to-date symlink: /home/jay/capstonerobot_ws/install/micro_ros_msgs/include/micro_ros_msgs/msg/rosidl_typesupport_microxrcedds_cpp__visibility_control.h
[3.556s] -- Up-to-date symlink: /home/jay/capstonerobot_ws/install/micro_ros_msgs/lib/libmicro_ros_msgs__rosidl_typesupport_microxrcedds_cpp.a
[3.557s] -- Up-to-date symlink: /home/jay/capstonerobot_ws/install/micro_ros_msgs/include/micro_ros_msgs/msg/detail/entity__rosidl_typesupport_introspection_cpp.hpp
[3.557s] -- Up-to-date symlink: /home/jay/capstonerobot_ws/install/micro_ros_msgs/include/micro_ros_msgs/msg/detail/graph__rosidl_typesupport_introspection_cpp.hpp
[3.557s] -- Up-to-date symlink: /home/jay/capstonerobot_ws/install/micro_ros_msgs/include/micro_ros_msgs/msg/detail/node__rosidl_typesupport_introspection_cpp.hpp
[3.558s] -- Up-to-date symlink: /home/jay/capstonerobot_ws/install/micro_ros_msgs/share/micro_ros_msgs/environment/pythonpath.sh
[3.558s] -- Up-to-date symlink: /home/jay/capstonerobot_ws/install/micro_ros_msgs/share/micro_ros_msgs/environment/pythonpath.dsv
[3.559s] -- Up-to-date symlink: /home/jay/capstonerobot_ws/install/micro_ros_msgs/lib/python3.8/site-packages/micro_ros_msgs/__init__.py
[3.559s] -- Up-to-date symlink: /home/jay/capstonerobot_ws/install/micro_ros_msgs/lib/python3.8/site-packages/micro_ros_msgs/msg/__init__.py
[3.560s] -- Up-to-date symlink: /home/jay/capstonerobot_ws/install/micro_ros_msgs/lib/python3.8/site-packages/micro_ros_msgs/msg/_entity.py
[3.560s] -- Up-to-date symlink: /home/jay/capstonerobot_ws/install/micro_ros_msgs/lib/python3.8/site-packages/micro_ros_msgs/msg/_graph.py
[3.560s] -- Up-to-date symlink: /home/jay/capstonerobot_ws/install/micro_ros_msgs/lib/python3.8/site-packages/micro_ros_msgs/msg/_node.py
[3.561s] -- Up-to-date symlink: /home/jay/capstonerobot_ws/install/micro_ros_msgs/lib/python3.8/site-packages/micro_ros_msgs/micro_ros_msgs_s__rosidl_typesupport_microxrcedds_c.cpython-38-aarch64-linux-gnu.so
[3.562s] -- Up-to-date symlink: /home/jay/capstonerobot_ws/install/micro_ros_msgs/lib/python3.8/site-packages/micro_ros_msgs/micro_ros_msgs_s__rosidl_typesupport_fastrtps_c.cpython-38-aarch64-linux-gnu.so
[3.562s] -- Up-to-date symlink: /home/jay/capstonerobot_ws/install/micro_ros_msgs/lib/python3.8/site-packages/micro_ros_msgs/micro_ros_msgs_s__rosidl_typesupport_introspection_c.cpython-38-aarch64-linux-gnu.so
[3.563s] -- Up-to-date symlink: /home/jay/capstonerobot_ws/install/micro_ros_msgs/lib/python3.8/site-packages/micro_ros_msgs/micro_ros_msgs_s__rosidl_typesupport_c.cpython-38-aarch64-linux-gnu.so
[3.564s] -- Up-to-date symlink: /home/jay/capstonerobot_ws/install/micro_ros_msgs/lib/libmicro_ros_msgs__python.so
[3.564s] -- Up-to-date symlink: /home/jay/capstonerobot_ws/install/micro_ros_msgs/share/micro_ros_msgs/msg/Graph.idl
[3.565s] -- Up-to-date symlink: /home/jay/capstonerobot_ws/install/micro_ros_msgs/share/micro_ros_msgs/msg/Node.idl
[3.565s] -- Up-to-date symlink: /home/jay/capstonerobot_ws/install/micro_ros_msgs/share/micro_ros_msgs/msg/Entity.idl
[3.566s] -- Up-to-date symlink: /home/jay/capstonerobot_ws/install/micro_ros_msgs/share/micro_ros_msgs/msg/Graph.msg
[3.566s] -- Up-to-date symlink: /home/jay/capstonerobot_ws/install/micro_ros_msgs/share/micro_ros_msgs/msg/Node.msg
[3.567s] -- Up-to-date symlink: /home/jay/capstonerobot_ws/install/micro_ros_msgs/share/micro_ros_msgs/msg/Entity.msg
[3.567s] -- Up-to-date symlink: /home/jay/capstonerobot_ws/install/micro_ros_msgs/share/ament_index/resource_index/package_run_dependencies/micro_ros_msgs
[3.568s] -- Up-to-date symlink: /home/jay/capstonerobot_ws/install/micro_ros_msgs/share/ament_index/resource_index/parent_prefix_path/micro_ros_msgs
[3.568s] -- Up-to-date symlink: /home/jay/capstonerobot_ws/install/micro_ros_msgs/share/micro_ros_msgs/environment/ament_prefix_path.sh
[3.569s] -- Up-to-date symlink: /home/jay/capstonerobot_ws/install/micro_ros_msgs/share/micro_ros_msgs/environment/ament_prefix_path.dsv
[3.569s] -- Up-to-date symlink: /home/jay/capstonerobot_ws/install/micro_ros_msgs/share/micro_ros_msgs/environment/path.sh
[3.570s] -- Up-to-date symlink: /home/jay/capstonerobot_ws/install/micro_ros_msgs/share/micro_ros_msgs/environment/path.dsv
[3.570s] -- Up-to-date symlink: /home/jay/capstonerobot_ws/install/micro_ros_msgs/share/micro_ros_msgs/local_setup.bash
[3.571s] -- Up-to-date symlink: /home/jay/capstonerobot_ws/install/micro_ros_msgs/share/micro_ros_msgs/local_setup.sh
[3.571s] -- Up-to-date symlink: /home/jay/capstonerobot_ws/install/micro_ros_msgs/share/micro_ros_msgs/local_setup.zsh
[3.571s] -- Up-to-date symlink: /home/jay/capstonerobot_ws/install/micro_ros_msgs/share/micro_ros_msgs/local_setup.dsv
[3.572s] -- Symlinking: /home/jay/capstonerobot_ws/install/micro_ros_msgs/share/micro_ros_msgs/package.dsv
[3.607s] -- Up-to-date symlink: /home/jay/capstonerobot_ws/install/micro_ros_msgs/share/ament_index/resource_index/packages/micro_ros_msgs
[3.607s] -- Up-to-date symlink: /home/jay/capstonerobot_ws/install/micro_ros_msgs/share/micro_ros_msgs/cmake/rosidl_cmake-extras.cmake
[3.608s] -- Up-to-date symlink: /home/jay/capstonerobot_ws/install/micro_ros_msgs/share/micro_ros_msgs/cmake/ament_cmake_export_dependencies-extras.cmake
[3.609s] -- Up-to-date symlink: /home/jay/capstonerobot_ws/install/micro_ros_msgs/share/micro_ros_msgs/cmake/ament_cmake_export_libraries-extras.cmake
[3.609s] -- Up-to-date symlink: /home/jay/capstonerobot_ws/install/micro_ros_msgs/share/micro_ros_msgs/cmake/ament_cmake_export_targets-extras.cmake
[3.610s] -- Up-to-date symlink: /home/jay/capstonerobot_ws/install/micro_ros_msgs/share/micro_ros_msgs/cmake/ament_cmake_export_include_directories-extras.cmake
[3.610s] -- Up-to-date symlink: /home/jay/capstonerobot_ws/install/micro_ros_msgs/share/micro_ros_msgs/cmake/rosidl_cmake_export_typesupport_libraries-extras.cmake
[3.611s] -- Up-to-date symlink: /home/jay/capstonerobot_ws/install/micro_ros_msgs/share/micro_ros_msgs/cmake/rosidl_cmake_export_typesupport_targets-extras.cmake
[3.611s] -- Up-to-date symlink: /home/jay/capstonerobot_ws/install/micro_ros_msgs/share/micro_ros_msgs/cmake/micro_ros_msgsConfig.cmake
[3.612s] -- Up-to-date symlink: /home/jay/capstonerobot_ws/install/micro_ros_msgs/share/micro_ros_msgs/cmake/micro_ros_msgsConfig-version.cmake
[3.612s] -- Up-to-date symlink: /home/jay/capstonerobot_ws/install/micro_ros_msgs/share/micro_ros_msgs/package.xml
[3.617s] -- Up-to-date: /home/jay/capstonerobot_ws/install/micro_ros_msgs/lib/libmicro_ros_msgs__rosidl_generator_c.so
[3.617s] -- Up-to-date: /home/jay/capstonerobot_ws/install/micro_ros_msgs/lib/libmicro_ros_msgs__rosidl_typesupport_introspection_c.so
[3.618s] -- Up-to-date: /home/jay/capstonerobot_ws/install/micro_ros_msgs/lib/libmicro_ros_msgs__rosidl_typesupport_c.so
[3.619s] -- Up-to-date: /home/jay/capstonerobot_ws/install/micro_ros_msgs/lib/libmicro_ros_msgs__rosidl_typesupport_introspection_cpp.so
[3.622s] -- Up-to-date: /home/jay/capstonerobot_ws/install/micro_ros_msgs/lib/libmicro_ros_msgs__rosidl_typesupport_cpp.so
[3.736s] -- Up-to-date: /home/jay/capstonerobot_ws/install/micro_ros_msgs/share/micro_ros_msgs/cmake/micro_ros_msgs__rosidl_generator_cExport.cmake
[3.736s] -- Up-to-date: /home/jay/capstonerobot_ws/install/micro_ros_msgs/share/micro_ros_msgs/cmake/micro_ros_msgs__rosidl_generator_cExport-noconfig.cmake
[3.736s] -- Up-to-date: /home/jay/capstonerobot_ws/install/micro_ros_msgs/share/micro_ros_msgs/cmake/micro_ros_msgs__rosidl_typesupport_introspection_cExport.cmake
[3.736s] -- Up-to-date: /home/jay/capstonerobot_ws/install/micro_ros_msgs/share/micro_ros_msgs/cmake/micro_ros_msgs__rosidl_typesupport_introspection_cExport-noconfig.cmake
[3.736s] -- Up-to-date: /home/jay/capstonerobot_ws/install/micro_ros_msgs/share/micro_ros_msgs/cmake/micro_ros_msgs__rosidl_typesupport_cExport.cmake
[3.737s] -- Up-to-date: /home/jay/capstonerobot_ws/install/micro_ros_msgs/share/micro_ros_msgs/cmake/micro_ros_msgs__rosidl_typesupport_cExport-noconfig.cmake
[3.737s] -- Up-to-date: /home/jay/capstonerobot_ws/install/micro_ros_msgs/share/micro_ros_msgs/cmake/micro_ros_msgs__rosidl_generator_cppExport.cmake
[3.737s] -- Up-to-date: /home/jay/capstonerobot_ws/install/micro_ros_msgs/share/micro_ros_msgs/cmake/micro_ros_msgs__rosidl_typesupport_introspection_cppExport.cmake
[3.737s] -- Up-to-date: /home/jay/capstonerobot_ws/install/micro_ros_msgs/share/micro_ros_msgs/cmake/micro_ros_msgs__rosidl_typesupport_introspection_cppExport-noconfig.cmake
[3.737s] -- Up-to-date: /home/jay/capstonerobot_ws/install/micro_ros_msgs/share/micro_ros_msgs/cmake/micro_ros_msgs__rosidl_typesupport_cppExport.cmake
[3.738s] -- Up-to-date: /home/jay/capstonerobot_ws/install/micro_ros_msgs/share/micro_ros_msgs/cmake/micro_ros_msgs__rosidl_typesupport_cppExport-noconfig.cmake
[3.745s] Invoked command in '/home/jay/capstonerobot_ws/build/micro_ros_msgs' returned '0': CMAKE_PREFIX_PATH=${CMAKE_PREFIX_PATH}:/home/jay/capstonerobot_ws/install/turtlebot3_teleop:/home/jay/capstonerobot_ws/install/turtlebot3_example:/opt/ros/foxy /usr/bin/cmake --install /home/jay/capstonerobot_ws/build/micro_ros_msgs
