[0.252s] DEBUG:colcon:Command line arguments: ['/usr/bin/colcon', 'build', '--packages-up-to', 'micro_ros_agent', '--cmake-args', '-DUAGENT_BUILD_EXECUTABLE=OFF', '-DUAGENT_P2P_PROFILE=OFF', '--no-warn-unused-cli']
[0.252s] DEBUG:colcon:Parsed command line arguments: Namespace(allow_overriding=[], ament_cmake_args=None, base_paths=['.'], build_base='build', catkin_cmake_args=None, catkin_skip_building_tests=False, cmake_args=['-DUAGENT_BUILD_EXECUTABLE=OFF', '-DUAGENT_P2P_PROFILE=OFF', '--no-warn-unused-cli'], cmake_clean_cache=False, cmake_clean_first=False, cmake_force_configure=False, cmake_target=None, cmake_target_skip_unavailable=False, continue_on_error=False, event_handlers=None, executor='parallel', ignore_user_meta=False, install_base='install', log_base=None, log_level=None, main=<bound method BuildVerb.main of <colcon_core.verb.build.BuildVerb object at 0xffff9a40f940>>, merge_install=False, metas=['./colcon.meta'], packages_above=None, packages_above_and_dependencies=None, packages_above_depth=None, packages_end=None, packages_ignore=None, packages_ignore_regex=None, packages_select=None, packages_select_build_failed=False, packages_select_by_dep=None, packages_select_regex=None, packages_select_test_failures=False, packages_skip=None, packages_skip_build_finished=False, packages_skip_by_dep=None, packages_skip_regex=None, packages_skip_test_passed=False, packages_skip_up_to=None, packages_start=None, packages_up_to=['micro_ros_agent'], packages_up_to_regex=None, parallel_workers=4, paths=None, symlink_install=False, test_result_base=None, verb_extension=<colcon_core.verb.build.BuildVerb object at 0xffff9a40f940>, verb_name='build', verb_parser=<colcon_defaults.argument_parser.defaults.DefaultArgumentsDecorator object at 0xffff9a40feb0>)
[0.272s] Level 1:colcon.colcon_core.package_discovery:discover_packages(colcon_meta) check parameters
[0.272s] Level 1:colcon.colcon_core.package_discovery:discover_packages(recursive) check parameters
[0.272s] Level 1:colcon.colcon_core.package_discovery:discover_packages(ignore) check parameters
[0.272s] Level 1:colcon.colcon_core.package_discovery:discover_packages(path) check parameters
[0.272s] Level 1:colcon.colcon_core.package_discovery:discover_packages(colcon_meta) discover
[0.273s] Level 1:colcon.colcon_core.package_discovery:discover_packages(recursive) discover
[0.273s] INFO:colcon.colcon_core.package_discovery:Crawling recursively for packages in '/home/jay/capstonerobot_ws'
[0.273s] Level 1:colcon.colcon_core.package_identification:_identify(.) by extensions ['ignore', 'ignore_ament_install']
[0.273s] Level 1:colcon.colcon_core.package_identification:_identify(.) by extension 'ignore'
[0.273s] Level 1:colcon.colcon_core.package_identification:_identify(.) by extension 'ignore_ament_install'
[0.273s] Level 1:colcon.colcon_core.package_identification:_identify(.) by extensions ['colcon_pkg']
[0.273s] Level 1:colcon.colcon_core.package_identification:_identify(.) by extension 'colcon_pkg'
[0.273s] Level 1:colcon.colcon_core.package_identification:_identify(.) by extensions ['colcon_meta']
[0.273s] Level 1:colcon.colcon_core.package_identification:_identify(.) by extension 'colcon_meta'
[0.273s] Level 1:colcon.colcon_core.package_identification:_identify(.) by extensions ['ros']
[0.273s] Level 1:colcon.colcon_core.package_identification:_identify(.) by extension 'ros'
[0.288s] Level 1:colcon.colcon_core.package_identification:_identify(.) by extensions ['cmake', 'python']
[0.288s] Level 1:colcon.colcon_core.package_identification:_identify(.) by extension 'cmake'
[0.288s] Level 1:colcon.colcon_core.package_identification:_identify(.) by extension 'python'
[0.288s] Level 1:colcon.colcon_core.package_identification:_identify(.) by extensions ['python_setup_py']
[0.288s] Level 1:colcon.colcon_core.package_identification:_identify(.) by extension 'python_setup_py'
[0.288s] Level 1:colcon.colcon_core.package_identification:_identify(build) by extensions ['ignore', 'ignore_ament_install']
[0.288s] Level 1:colcon.colcon_core.package_identification:_identify(build) by extension 'ignore'
[0.288s] Level 1:colcon.colcon_core.package_identification:_identify(build) ignored
[0.288s] Level 1:colcon.colcon_core.package_identification:_identify(install) by extensions ['ignore', 'ignore_ament_install']
[0.288s] Level 1:colcon.colcon_core.package_identification:_identify(install) by extension 'ignore'
[0.288s] Level 1:colcon.colcon_core.package_identification:_identify(install) ignored
[0.288s] Level 1:colcon.colcon_core.package_identification:_identify(log) by extensions ['ignore', 'ignore_ament_install']
[0.288s] Level 1:colcon.colcon_core.package_identification:_identify(log) by extension 'ignore'
[0.288s] Level 1:colcon.colcon_core.package_identification:_identify(log) ignored
[0.288s] Level 1:colcon.colcon_core.package_identification:_identify(python_files) by extensions ['ignore', 'ignore_ament_install']
[0.288s] Level 1:colcon.colcon_core.package_identification:_identify(python_files) by extension 'ignore'
[0.288s] Level 1:colcon.colcon_core.package_identification:_identify(python_files) by extension 'ignore_ament_install'
[0.289s] Level 1:colcon.colcon_core.package_identification:_identify(python_files) by extensions ['colcon_pkg']
[0.289s] Level 1:colcon.colcon_core.package_identification:_identify(python_files) by extension 'colcon_pkg'
[0.289s] Level 1:colcon.colcon_core.package_identification:_identify(python_files) by extensions ['colcon_meta']
[0.289s] Level 1:colcon.colcon_core.package_identification:_identify(python_files) by extension 'colcon_meta'
[0.289s] Level 1:colcon.colcon_core.package_identification:_identify(python_files) by extensions ['ros']
[0.289s] Level 1:colcon.colcon_core.package_identification:_identify(python_files) by extension 'ros'
[0.289s] Level 1:colcon.colcon_core.package_identification:_identify(python_files) by extensions ['cmake', 'python']
[0.289s] Level 1:colcon.colcon_core.package_identification:_identify(python_files) by extension 'cmake'
[0.289s] Level 1:colcon.colcon_core.package_identification:_identify(python_files) by extension 'python'
[0.289s] Level 1:colcon.colcon_core.package_identification:_identify(python_files) by extensions ['python_setup_py']
[0.289s] Level 1:colcon.colcon_core.package_identification:_identify(python_files) by extension 'python_setup_py'
[0.289s] Level 1:colcon.colcon_core.package_identification:_identify(python_files/test_set) by extensions ['ignore', 'ignore_ament_install']
[0.289s] Level 1:colcon.colcon_core.package_identification:_identify(python_files/test_set) by extension 'ignore'
[0.289s] Level 1:colcon.colcon_core.package_identification:_identify(python_files/test_set) by extension 'ignore_ament_install'
[0.289s] Level 1:colcon.colcon_core.package_identification:_identify(python_files/test_set) by extensions ['colcon_pkg']
[0.289s] Level 1:colcon.colcon_core.package_identification:_identify(python_files/test_set) by extension 'colcon_pkg'
[0.289s] Level 1:colcon.colcon_core.package_identification:_identify(python_files/test_set) by extensions ['colcon_meta']
[0.289s] Level 1:colcon.colcon_core.package_identification:_identify(python_files/test_set) by extension 'colcon_meta'
[0.289s] Level 1:colcon.colcon_core.package_identification:_identify(python_files/test_set) by extensions ['ros']
[0.289s] Level 1:colcon.colcon_core.package_identification:_identify(python_files/test_set) by extension 'ros'
[0.289s] Level 1:colcon.colcon_core.package_identification:_identify(python_files/test_set) by extensions ['cmake', 'python']
[0.289s] Level 1:colcon.colcon_core.package_identification:_identify(python_files/test_set) by extension 'cmake'
[0.289s] Level 1:colcon.colcon_core.package_identification:_identify(python_files/test_set) by extension 'python'
[0.289s] Level 1:colcon.colcon_core.package_identification:_identify(python_files/test_set) by extensions ['python_setup_py']
[0.289s] Level 1:colcon.colcon_core.package_identification:_identify(python_files/test_set) by extension 'python_setup_py'
[0.289s] Level 1:colcon.colcon_core.package_identification:_identify(python_files/test_set/wrong) by extensions ['ignore', 'ignore_ament_install']
[0.289s] Level 1:colcon.colcon_core.package_identification:_identify(python_files/test_set/wrong) by extension 'ignore'
[0.289s] Level 1:colcon.colcon_core.package_identification:_identify(python_files/test_set/wrong) by extension 'ignore_ament_install'
[0.289s] Level 1:colcon.colcon_core.package_identification:_identify(python_files/test_set/wrong) by extensions ['colcon_pkg']
[0.290s] Level 1:colcon.colcon_core.package_identification:_identify(python_files/test_set/wrong) by extension 'colcon_pkg'
[0.290s] Level 1:colcon.colcon_core.package_identification:_identify(python_files/test_set/wrong) by extensions ['colcon_meta']
[0.290s] Level 1:colcon.colcon_core.package_identification:_identify(python_files/test_set/wrong) by extension 'colcon_meta'
[0.290s] Level 1:colcon.colcon_core.package_identification:_identify(python_files/test_set/wrong) by extensions ['ros']
[0.290s] Level 1:colcon.colcon_core.package_identification:_identify(python_files/test_set/wrong) by extension 'ros'
[0.290s] Level 1:colcon.colcon_core.package_identification:_identify(python_files/test_set/wrong) by extensions ['cmake', 'python']
[0.290s] Level 1:colcon.colcon_core.package_identification:_identify(python_files/test_set/wrong) by extension 'cmake'
[0.290s] Level 1:colcon.colcon_core.package_identification:_identify(python_files/test_set/wrong) by extension 'python'
[0.290s] Level 1:colcon.colcon_core.package_identification:_identify(python_files/test_set/wrong) by extensions ['python_setup_py']
[0.290s] Level 1:colcon.colcon_core.package_identification:_identify(python_files/test_set/wrong) by extension 'python_setup_py'
[0.290s] Level 1:colcon.colcon_core.package_identification:_identify(src) by extensions ['ignore', 'ignore_ament_install']
[0.290s] Level 1:colcon.colcon_core.package_identification:_identify(src) by extension 'ignore'
[0.290s] Level 1:colcon.colcon_core.package_identification:_identify(src) by extension 'ignore_ament_install'
[0.290s] Level 1:colcon.colcon_core.package_identification:_identify(src) by extensions ['colcon_pkg']
[0.290s] Level 1:colcon.colcon_core.package_identification:_identify(src) by extension 'colcon_pkg'
[0.290s] Level 1:colcon.colcon_core.package_identification:_identify(src) by extensions ['colcon_meta']
[0.290s] Level 1:colcon.colcon_core.package_identification:_identify(src) by extension 'colcon_meta'
[0.290s] Level 1:colcon.colcon_core.package_identification:_identify(src) by extensions ['ros']
[0.290s] Level 1:colcon.colcon_core.package_identification:_identify(src) by extension 'ros'
[0.290s] Level 1:colcon.colcon_core.package_identification:_identify(src) by extensions ['cmake', 'python']
[0.290s] Level 1:colcon.colcon_core.package_identification:_identify(src) by extension 'cmake'
[0.290s] Level 1:colcon.colcon_core.package_identification:_identify(src) by extension 'python'
[0.290s] Level 1:colcon.colcon_core.package_identification:_identify(src) by extensions ['python_setup_py']
[0.290s] Level 1:colcon.colcon_core.package_identification:_identify(src) by extension 'python_setup_py'
[0.290s] Level 1:colcon.colcon_core.package_identification:_identify(src/micro_ros_setup) by extensions ['ignore', 'ignore_ament_install']
[0.290s] Level 1:colcon.colcon_core.package_identification:_identify(src/micro_ros_setup) by extension 'ignore'
[0.290s] Level 1:colcon.colcon_core.package_identification:_identify(src/micro_ros_setup) by extension 'ignore_ament_install'
[0.290s] Level 1:colcon.colcon_core.package_identification:_identify(src/micro_ros_setup) by extensions ['colcon_pkg']
[0.290s] Level 1:colcon.colcon_core.package_identification:_identify(src/micro_ros_setup) by extension 'colcon_pkg'
[0.291s] Level 1:colcon.colcon_core.package_identification:_identify(src/micro_ros_setup) by extensions ['colcon_meta']
[0.291s] Level 1:colcon.colcon_core.package_identification:_identify(src/micro_ros_setup) by extension 'colcon_meta'
[0.291s] Level 1:colcon.colcon_core.package_identification:_identify(src/micro_ros_setup) by extensions ['ros']
[0.291s] Level 1:colcon.colcon_core.package_identification:_identify(src/micro_ros_setup) by extension 'ros'
[0.293s] DEBUG:colcon.colcon_core.package_identification:Package 'src/micro_ros_setup' with type 'ros.ament_cmake' and name 'micro_ros_setup'
[0.293s] Level 1:colcon.colcon_core.package_identification:_identify(src/turtlebot3) by extensions ['ignore', 'ignore_ament_install']
[0.293s] Level 1:colcon.colcon_core.package_identification:_identify(src/turtlebot3) by extension 'ignore'
[0.293s] Level 1:colcon.colcon_core.package_identification:_identify(src/turtlebot3) by extension 'ignore_ament_install'
[0.293s] Level 1:colcon.colcon_core.package_identification:_identify(src/turtlebot3) by extensions ['colcon_pkg']
[0.293s] Level 1:colcon.colcon_core.package_identification:_identify(src/turtlebot3) by extension 'colcon_pkg'
[0.293s] Level 1:colcon.colcon_core.package_identification:_identify(src/turtlebot3) by extensions ['colcon_meta']
[0.293s] Level 1:colcon.colcon_core.package_identification:_identify(src/turtlebot3) by extension 'colcon_meta'
[0.293s] Level 1:colcon.colcon_core.package_identification:_identify(src/turtlebot3) by extensions ['ros']
[0.293s] Level 1:colcon.colcon_core.package_identification:_identify(src/turtlebot3) by extension 'ros'
[0.293s] Level 1:colcon.colcon_core.package_identification:_identify(src/turtlebot3) by extensions ['cmake', 'python']
[0.293s] Level 1:colcon.colcon_core.package_identification:_identify(src/turtlebot3) by extension 'cmake'
[0.293s] Level 1:colcon.colcon_core.package_identification:_identify(src/turtlebot3) by extension 'python'
[0.293s] Level 1:colcon.colcon_core.package_identification:_identify(src/turtlebot3) by extensions ['python_setup_py']
[0.293s] Level 1:colcon.colcon_core.package_identification:_identify(src/turtlebot3) by extension 'python_setup_py'
[0.293s] Level 1:colcon.colcon_core.package_identification:_identify(src/turtlebot3/turtlebot3) by extensions ['ignore', 'ignore_ament_install']
[0.293s] Level 1:colcon.colcon_core.package_identification:_identify(src/turtlebot3/turtlebot3) by extension 'ignore'
[0.293s] Level 1:colcon.colcon_core.package_identification:_identify(src/turtlebot3/turtlebot3) by extension 'ignore_ament_install'
[0.293s] Level 1:colcon.colcon_core.package_identification:_identify(src/turtlebot3/turtlebot3) by extensions ['colcon_pkg']
[0.293s] Level 1:colcon.colcon_core.package_identification:_identify(src/turtlebot3/turtlebot3) by extension 'colcon_pkg'
[0.294s] Level 1:colcon.colcon_core.package_identification:_identify(src/turtlebot3/turtlebot3) by extensions ['colcon_meta']
[0.294s] Level 1:colcon.colcon_core.package_identification:_identify(src/turtlebot3/turtlebot3) by extension 'colcon_meta'
[0.294s] Level 1:colcon.colcon_core.package_identification:_identify(src/turtlebot3/turtlebot3) by extensions ['ros']
[0.294s] Level 1:colcon.colcon_core.package_identification:_identify(src/turtlebot3/turtlebot3) by extension 'ros'
[0.294s] DEBUG:colcon.colcon_core.package_identification:Package 'src/turtlebot3/turtlebot3' with type 'ros.ament_cmake' and name 'turtlebot3'
[0.294s] Level 1:colcon.colcon_core.package_identification:_identify(src/turtlebot3/turtlebot3_bringup) by extensions ['ignore', 'ignore_ament_install']
[0.294s] Level 1:colcon.colcon_core.package_identification:_identify(src/turtlebot3/turtlebot3_bringup) by extension 'ignore'
[0.294s] Level 1:colcon.colcon_core.package_identification:_identify(src/turtlebot3/turtlebot3_bringup) by extension 'ignore_ament_install'
[0.294s] Level 1:colcon.colcon_core.package_identification:_identify(src/turtlebot3/turtlebot3_bringup) by extensions ['colcon_pkg']
[0.294s] Level 1:colcon.colcon_core.package_identification:_identify(src/turtlebot3/turtlebot3_bringup) by extension 'colcon_pkg'
[0.294s] Level 1:colcon.colcon_core.package_identification:_identify(src/turtlebot3/turtlebot3_bringup) by extensions ['colcon_meta']
[0.294s] Level 1:colcon.colcon_core.package_identification:_identify(src/turtlebot3/turtlebot3_bringup) by extension 'colcon_meta'
[0.294s] Level 1:colcon.colcon_core.package_identification:_identify(src/turtlebot3/turtlebot3_bringup) by extensions ['ros']
[0.294s] Level 1:colcon.colcon_core.package_identification:_identify(src/turtlebot3/turtlebot3_bringup) by extension 'ros'
[0.295s] DEBUG:colcon.colcon_core.package_identification:Package 'src/turtlebot3/turtlebot3_bringup' with type 'ros.ament_cmake' and name 'turtlebot3_bringup'
[0.295s] Level 1:colcon.colcon_core.package_identification:_identify(src/turtlebot3/turtlebot3_cartographer) by extensions ['ignore', 'ignore_ament_install']
[0.295s] Level 1:colcon.colcon_core.package_identification:_identify(src/turtlebot3/turtlebot3_cartographer) by extension 'ignore'
[0.295s] Level 1:colcon.colcon_core.package_identification:_identify(src/turtlebot3/turtlebot3_cartographer) by extension 'ignore_ament_install'
[0.295s] Level 1:colcon.colcon_core.package_identification:_identify(src/turtlebot3/turtlebot3_cartographer) by extensions ['colcon_pkg']
[0.295s] Level 1:colcon.colcon_core.package_identification:_identify(src/turtlebot3/turtlebot3_cartographer) by extension 'colcon_pkg'
[0.295s] Level 1:colcon.colcon_core.package_identification:_identify(src/turtlebot3/turtlebot3_cartographer) by extensions ['colcon_meta']
[0.295s] Level 1:colcon.colcon_core.package_identification:_identify(src/turtlebot3/turtlebot3_cartographer) by extension 'colcon_meta'
[0.295s] Level 1:colcon.colcon_core.package_identification:_identify(src/turtlebot3/turtlebot3_cartographer) by extensions ['ros']
[0.295s] Level 1:colcon.colcon_core.package_identification:_identify(src/turtlebot3/turtlebot3_cartographer) by extension 'ros'
[0.296s] DEBUG:colcon.colcon_core.package_identification:Package 'src/turtlebot3/turtlebot3_cartographer' with type 'ros.ament_cmake' and name 'turtlebot3_cartographer'
[0.296s] Level 1:colcon.colcon_core.package_identification:_identify(src/turtlebot3/turtlebot3_description) by extensions ['ignore', 'ignore_ament_install']
[0.296s] Level 1:colcon.colcon_core.package_identification:_identify(src/turtlebot3/turtlebot3_description) by extension 'ignore'
[0.296s] Level 1:colcon.colcon_core.package_identification:_identify(src/turtlebot3/turtlebot3_description) by extension 'ignore_ament_install'
[0.296s] Level 1:colcon.colcon_core.package_identification:_identify(src/turtlebot3/turtlebot3_description) by extensions ['colcon_pkg']
[0.296s] Level 1:colcon.colcon_core.package_identification:_identify(src/turtlebot3/turtlebot3_description) by extension 'colcon_pkg'
[0.296s] Level 1:colcon.colcon_core.package_identification:_identify(src/turtlebot3/turtlebot3_description) by extensions ['colcon_meta']
[0.296s] Level 1:colcon.colcon_core.package_identification:_identify(src/turtlebot3/turtlebot3_description) by extension 'colcon_meta'
[0.296s] Level 1:colcon.colcon_core.package_identification:_identify(src/turtlebot3/turtlebot3_description) by extensions ['ros']
[0.296s] Level 1:colcon.colcon_core.package_identification:_identify(src/turtlebot3/turtlebot3_description) by extension 'ros'
[0.296s] DEBUG:colcon.colcon_core.package_identification:Package 'src/turtlebot3/turtlebot3_description' with type 'ros.ament_cmake' and name 'turtlebot3_description'
[0.296s] Level 1:colcon.colcon_core.package_identification:_identify(src/turtlebot3/turtlebot3_example) by extensions ['ignore', 'ignore_ament_install']
[0.297s] Level 1:colcon.colcon_core.package_identification:_identify(src/turtlebot3/turtlebot3_example) by extension 'ignore'
[0.297s] Level 1:colcon.colcon_core.package_identification:_identify(src/turtlebot3/turtlebot3_example) by extension 'ignore_ament_install'
[0.297s] Level 1:colcon.colcon_core.package_identification:_identify(src/turtlebot3/turtlebot3_example) by extensions ['colcon_pkg']
[0.297s] Level 1:colcon.colcon_core.package_identification:_identify(src/turtlebot3/turtlebot3_example) by extension 'colcon_pkg'
[0.297s] Level 1:colcon.colcon_core.package_identification:_identify(src/turtlebot3/turtlebot3_example) by extensions ['colcon_meta']
[0.297s] Level 1:colcon.colcon_core.package_identification:_identify(src/turtlebot3/turtlebot3_example) by extension 'colcon_meta'
[0.297s] Level 1:colcon.colcon_core.package_identification:_identify(src/turtlebot3/turtlebot3_example) by extensions ['ros']
[0.297s] Level 1:colcon.colcon_core.package_identification:_identify(src/turtlebot3/turtlebot3_example) by extension 'ros'
[0.297s] DEBUG:colcon.colcon_core.package_identification:Package 'src/turtlebot3/turtlebot3_example' with type 'ros.ament_python' and name 'turtlebot3_example'
[0.297s] Level 1:colcon.colcon_core.package_identification:_identify(src/turtlebot3/turtlebot3_navigation2) by extensions ['ignore', 'ignore_ament_install']
[0.297s] Level 1:colcon.colcon_core.package_identification:_identify(src/turtlebot3/turtlebot3_navigation2) by extension 'ignore'
[0.298s] Level 1:colcon.colcon_core.package_identification:_identify(src/turtlebot3/turtlebot3_navigation2) by extension 'ignore_ament_install'
[0.298s] Level 1:colcon.colcon_core.package_identification:_identify(src/turtlebot3/turtlebot3_navigation2) by extensions ['colcon_pkg']
[0.298s] Level 1:colcon.colcon_core.package_identification:_identify(src/turtlebot3/turtlebot3_navigation2) by extension 'colcon_pkg'
[0.298s] Level 1:colcon.colcon_core.package_identification:_identify(src/turtlebot3/turtlebot3_navigation2) by extensions ['colcon_meta']
[0.298s] Level 1:colcon.colcon_core.package_identification:_identify(src/turtlebot3/turtlebot3_navigation2) by extension 'colcon_meta'
[0.298s] Level 1:colcon.colcon_core.package_identification:_identify(src/turtlebot3/turtlebot3_navigation2) by extensions ['ros']
[0.298s] Level 1:colcon.colcon_core.package_identification:_identify(src/turtlebot3/turtlebot3_navigation2) by extension 'ros'
[0.298s] DEBUG:colcon.colcon_core.package_identification:Package 'src/turtlebot3/turtlebot3_navigation2' with type 'ros.ament_cmake' and name 'turtlebot3_navigation2'
[0.298s] Level 1:colcon.colcon_core.package_identification:_identify(src/turtlebot3/turtlebot3_node) by extensions ['ignore', 'ignore_ament_install']
[0.298s] Level 1:colcon.colcon_core.package_identification:_identify(src/turtlebot3/turtlebot3_node) by extension 'ignore'
[0.298s] Level 1:colcon.colcon_core.package_identification:_identify(src/turtlebot3/turtlebot3_node) by extension 'ignore_ament_install'
[0.298s] Level 1:colcon.colcon_core.package_identification:_identify(src/turtlebot3/turtlebot3_node) by extensions ['colcon_pkg']
[0.298s] Level 1:colcon.colcon_core.package_identification:_identify(src/turtlebot3/turtlebot3_node) by extension 'colcon_pkg'
[0.298s] Level 1:colcon.colcon_core.package_identification:_identify(src/turtlebot3/turtlebot3_node) by extensions ['colcon_meta']
[0.298s] Level 1:colcon.colcon_core.package_identification:_identify(src/turtlebot3/turtlebot3_node) by extension 'colcon_meta'
[0.298s] Level 1:colcon.colcon_core.package_identification:_identify(src/turtlebot3/turtlebot3_node) by extensions ['ros']
[0.298s] Level 1:colcon.colcon_core.package_identification:_identify(src/turtlebot3/turtlebot3_node) by extension 'ros'
[0.299s] DEBUG:colcon.colcon_core.package_identification:Package 'src/turtlebot3/turtlebot3_node' with type 'ros.ament_cmake' and name 'turtlebot3_node'
[0.300s] Level 1:colcon.colcon_core.package_identification:_identify(src/turtlebot3/turtlebot3_teleop) by extensions ['ignore', 'ignore_ament_install']
[0.300s] Level 1:colcon.colcon_core.package_identification:_identify(src/turtlebot3/turtlebot3_teleop) by extension 'ignore'
[0.300s] Level 1:colcon.colcon_core.package_identification:_identify(src/turtlebot3/turtlebot3_teleop) by extension 'ignore_ament_install'
[0.300s] Level 1:colcon.colcon_core.package_identification:_identify(src/turtlebot3/turtlebot3_teleop) by extensions ['colcon_pkg']
[0.300s] Level 1:colcon.colcon_core.package_identification:_identify(src/turtlebot3/turtlebot3_teleop) by extension 'colcon_pkg'
[0.300s] Level 1:colcon.colcon_core.package_identification:_identify(src/turtlebot3/turtlebot3_teleop) by extensions ['colcon_meta']
[0.300s] Level 1:colcon.colcon_core.package_identification:_identify(src/turtlebot3/turtlebot3_teleop) by extension 'colcon_meta'
[0.300s] Level 1:colcon.colcon_core.package_identification:_identify(src/turtlebot3/turtlebot3_teleop) by extensions ['ros']
[0.300s] Level 1:colcon.colcon_core.package_identification:_identify(src/turtlebot3/turtlebot3_teleop) by extension 'ros'
[0.300s] DEBUG:colcon.colcon_core.package_identification:Package 'src/turtlebot3/turtlebot3_teleop' with type 'ros.ament_python' and name 'turtlebot3_teleop'
[0.300s] Level 1:colcon.colcon_core.package_identification:_identify(src/turtlebot3_msgs) by extensions ['ignore', 'ignore_ament_install']
[0.300s] Level 1:colcon.colcon_core.package_identification:_identify(src/turtlebot3_msgs) by extension 'ignore'
[0.300s] Level 1:colcon.colcon_core.package_identification:_identify(src/turtlebot3_msgs) by extension 'ignore_ament_install'
[0.300s] Level 1:colcon.colcon_core.package_identification:_identify(src/turtlebot3_msgs) by extensions ['colcon_pkg']
[0.300s] Level 1:colcon.colcon_core.package_identification:_identify(src/turtlebot3_msgs) by extension 'colcon_pkg'
[0.300s] Level 1:colcon.colcon_core.package_identification:_identify(src/turtlebot3_msgs) by extensions ['colcon_meta']
[0.300s] Level 1:colcon.colcon_core.package_identification:_identify(src/turtlebot3_msgs) by extension 'colcon_meta'
[0.301s] Level 1:colcon.colcon_core.package_identification:_identify(src/turtlebot3_msgs) by extensions ['ros']
[0.301s] Level 1:colcon.colcon_core.package_identification:_identify(src/turtlebot3_msgs) by extension 'ros'
[0.301s] DEBUG:colcon.colcon_core.package_identification:Package 'src/turtlebot3_msgs' with type 'ros.ament_cmake' and name 'turtlebot3_msgs'
[0.301s] Level 1:colcon.colcon_core.package_identification:_identify(src/turtlebot3_simulations) by extensions ['ignore', 'ignore_ament_install']
[0.301s] Level 1:colcon.colcon_core.package_identification:_identify(src/turtlebot3_simulations) by extension 'ignore'
[0.301s] Level 1:colcon.colcon_core.package_identification:_identify(src/turtlebot3_simulations) by extension 'ignore_ament_install'
[0.301s] Level 1:colcon.colcon_core.package_identification:_identify(src/turtlebot3_simulations) by extensions ['colcon_pkg']
[0.301s] Level 1:colcon.colcon_core.package_identification:_identify(src/turtlebot3_simulations) by extension 'colcon_pkg'
[0.302s] Level 1:colcon.colcon_core.package_identification:_identify(src/turtlebot3_simulations) by extensions ['colcon_meta']
[0.302s] Level 1:colcon.colcon_core.package_identification:_identify(src/turtlebot3_simulations) by extension 'colcon_meta'
[0.302s] Level 1:colcon.colcon_core.package_identification:_identify(src/turtlebot3_simulations) by extensions ['ros']
[0.302s] Level 1:colcon.colcon_core.package_identification:_identify(src/turtlebot3_simulations) by extension 'ros'
[0.302s] Level 1:colcon.colcon_core.package_identification:_identify(src/turtlebot3_simulations) by extensions ['cmake', 'python']
[0.302s] Level 1:colcon.colcon_core.package_identification:_identify(src/turtlebot3_simulations) by extension 'cmake'
[0.302s] Level 1:colcon.colcon_core.package_identification:_identify(src/turtlebot3_simulations) by extension 'python'
[0.302s] Level 1:colcon.colcon_core.package_identification:_identify(src/turtlebot3_simulations) by extensions ['python_setup_py']
[0.302s] Level 1:colcon.colcon_core.package_identification:_identify(src/turtlebot3_simulations) by extension 'python_setup_py'
[0.302s] Level 1:colcon.colcon_core.package_identification:_identify(src/turtlebot3_simulations/turtlebot3_fake_node) by extensions ['ignore', 'ignore_ament_install']
[0.302s] Level 1:colcon.colcon_core.package_identification:_identify(src/turtlebot3_simulations/turtlebot3_fake_node) by extension 'ignore'
[0.302s] Level 1:colcon.colcon_core.package_identification:_identify(src/turtlebot3_simulations/turtlebot3_fake_node) by extension 'ignore_ament_install'
[0.302s] Level 1:colcon.colcon_core.package_identification:_identify(src/turtlebot3_simulations/turtlebot3_fake_node) by extensions ['colcon_pkg']
[0.302s] Level 1:colcon.colcon_core.package_identification:_identify(src/turtlebot3_simulations/turtlebot3_fake_node) by extension 'colcon_pkg'
[0.302s] Level 1:colcon.colcon_core.package_identification:_identify(src/turtlebot3_simulations/turtlebot3_fake_node) by extensions ['colcon_meta']
[0.302s] Level 1:colcon.colcon_core.package_identification:_identify(src/turtlebot3_simulations/turtlebot3_fake_node) by extension 'colcon_meta'
[0.302s] Level 1:colcon.colcon_core.package_identification:_identify(src/turtlebot3_simulations/turtlebot3_fake_node) by extensions ['ros']
[0.302s] Level 1:colcon.colcon_core.package_identification:_identify(src/turtlebot3_simulations/turtlebot3_fake_node) by extension 'ros'
[0.303s] DEBUG:colcon.colcon_core.package_identification:Package 'src/turtlebot3_simulations/turtlebot3_fake_node' with type 'ros.ament_cmake' and name 'turtlebot3_fake_node'
[0.303s] Level 1:colcon.colcon_core.package_identification:_identify(src/turtlebot3_simulations/turtlebot3_gazebo) by extensions ['ignore', 'ignore_ament_install']
[0.303s] Level 1:colcon.colcon_core.package_identification:_identify(src/turtlebot3_simulations/turtlebot3_gazebo) by extension 'ignore'
[0.303s] Level 1:colcon.colcon_core.package_identification:_identify(src/turtlebot3_simulations/turtlebot3_gazebo) by extension 'ignore_ament_install'
[0.303s] Level 1:colcon.colcon_core.package_identification:_identify(src/turtlebot3_simulations/turtlebot3_gazebo) by extensions ['colcon_pkg']
[0.303s] Level 1:colcon.colcon_core.package_identification:_identify(src/turtlebot3_simulations/turtlebot3_gazebo) by extension 'colcon_pkg'
[0.303s] Level 1:colcon.colcon_core.package_identification:_identify(src/turtlebot3_simulations/turtlebot3_gazebo) by extensions ['colcon_meta']
[0.303s] Level 1:colcon.colcon_core.package_identification:_identify(src/turtlebot3_simulations/turtlebot3_gazebo) by extension 'colcon_meta'
[0.303s] Level 1:colcon.colcon_core.package_identification:_identify(src/turtlebot3_simulations/turtlebot3_gazebo) by extensions ['ros']
[0.303s] Level 1:colcon.colcon_core.package_identification:_identify(src/turtlebot3_simulations/turtlebot3_gazebo) by extension 'ros'
[0.304s] DEBUG:colcon.colcon_core.package_identification:Package 'src/turtlebot3_simulations/turtlebot3_gazebo' with type 'ros.ament_cmake' and name 'turtlebot3_gazebo'
[0.304s] Level 1:colcon.colcon_core.package_identification:_identify(src/turtlebot3_simulations/turtlebot3_simulations) by extensions ['ignore', 'ignore_ament_install']
[0.304s] Level 1:colcon.colcon_core.package_identification:_identify(src/turtlebot3_simulations/turtlebot3_simulations) by extension 'ignore'
[0.304s] Level 1:colcon.colcon_core.package_identification:_identify(src/turtlebot3_simulations/turtlebot3_simulations) by extension 'ignore_ament_install'
[0.304s] Level 1:colcon.colcon_core.package_identification:_identify(src/turtlebot3_simulations/turtlebot3_simulations) by extensions ['colcon_pkg']
[0.304s] Level 1:colcon.colcon_core.package_identification:_identify(src/turtlebot3_simulations/turtlebot3_simulations) by extension 'colcon_pkg'
[0.304s] Level 1:colcon.colcon_core.package_identification:_identify(src/turtlebot3_simulations/turtlebot3_simulations) by extensions ['colcon_meta']
[0.304s] Level 1:colcon.colcon_core.package_identification:_identify(src/turtlebot3_simulations/turtlebot3_simulations) by extension 'colcon_meta'
[0.304s] Level 1:colcon.colcon_core.package_identification:_identify(src/turtlebot3_simulations/turtlebot3_simulations) by extensions ['ros']
[0.304s] Level 1:colcon.colcon_core.package_identification:_identify(src/turtlebot3_simulations/turtlebot3_simulations) by extension 'ros'
[0.305s] DEBUG:colcon.colcon_core.package_identification:Package 'src/turtlebot3_simulations/turtlebot3_simulations' with type 'ros.ament_cmake' and name 'turtlebot3_simulations'
[0.305s] Level 1:colcon.colcon_core.package_identification:_identify(src/uros) by extensions ['ignore', 'ignore_ament_install']
[0.305s] Level 1:colcon.colcon_core.package_identification:_identify(src/uros) by extension 'ignore'
[0.305s] Level 1:colcon.colcon_core.package_identification:_identify(src/uros) by extension 'ignore_ament_install'
[0.305s] Level 1:colcon.colcon_core.package_identification:_identify(src/uros) by extensions ['colcon_pkg']
[0.305s] Level 1:colcon.colcon_core.package_identification:_identify(src/uros) by extension 'colcon_pkg'
[0.305s] Level 1:colcon.colcon_core.package_identification:_identify(src/uros) by extensions ['colcon_meta']
[0.305s] Level 1:colcon.colcon_core.package_identification:_identify(src/uros) by extension 'colcon_meta'
[0.305s] Level 1:colcon.colcon_core.package_identification:_identify(src/uros) by extensions ['ros']
[0.305s] Level 1:colcon.colcon_core.package_identification:_identify(src/uros) by extension 'ros'
[0.305s] Level 1:colcon.colcon_core.package_identification:_identify(src/uros) by extensions ['cmake', 'python']
[0.305s] Level 1:colcon.colcon_core.package_identification:_identify(src/uros) by extension 'cmake'
[0.305s] Level 1:colcon.colcon_core.package_identification:_identify(src/uros) by extension 'python'
[0.305s] Level 1:colcon.colcon_core.package_identification:_identify(src/uros) by extensions ['python_setup_py']
[0.305s] Level 1:colcon.colcon_core.package_identification:_identify(src/uros) by extension 'python_setup_py'
[0.305s] Level 1:colcon.colcon_core.package_identification:_identify(src/uros/drive_base) by extensions ['ignore', 'ignore_ament_install']
[0.305s] Level 1:colcon.colcon_core.package_identification:_identify(src/uros/drive_base) by extension 'ignore'
[0.305s] Level 1:colcon.colcon_core.package_identification:_identify(src/uros/drive_base) by extension 'ignore_ament_install'
[0.305s] Level 1:colcon.colcon_core.package_identification:_identify(src/uros/drive_base) by extensions ['colcon_pkg']
[0.305s] Level 1:colcon.colcon_core.package_identification:_identify(src/uros/drive_base) by extension 'colcon_pkg'
[0.306s] Level 1:colcon.colcon_core.package_identification:_identify(src/uros/drive_base) by extensions ['colcon_meta']
[0.306s] Level 1:colcon.colcon_core.package_identification:_identify(src/uros/drive_base) by extension 'colcon_meta'
[0.306s] Level 1:colcon.colcon_core.package_identification:_identify(src/uros/drive_base) by extensions ['ros']
[0.306s] Level 1:colcon.colcon_core.package_identification:_identify(src/uros/drive_base) by extension 'ros'
[0.306s] Level 1:colcon.colcon_core.package_identification:_identify(src/uros/drive_base) by extensions ['cmake', 'python']
[0.306s] Level 1:colcon.colcon_core.package_identification:_identify(src/uros/drive_base) by extension 'cmake'
[0.306s] Level 1:colcon.colcon_core.package_identification:_identify(src/uros/drive_base) by extension 'python'
[0.306s] Level 1:colcon.colcon_core.package_identification:_identify(src/uros/drive_base) by extensions ['python_setup_py']
[0.306s] Level 1:colcon.colcon_core.package_identification:_identify(src/uros/drive_base) by extension 'python_setup_py'
[0.306s] Level 1:colcon.colcon_core.package_identification:_identify(src/uros/drive_base/drive_base_msgs) by extensions ['ignore', 'ignore_ament_install']
[0.306s] Level 1:colcon.colcon_core.package_identification:_identify(src/uros/drive_base/drive_base_msgs) by extension 'ignore'
[0.306s] Level 1:colcon.colcon_core.package_identification:_identify(src/uros/drive_base/drive_base_msgs) by extension 'ignore_ament_install'
[0.306s] Level 1:colcon.colcon_core.package_identification:_identify(src/uros/drive_base/drive_base_msgs) by extensions ['colcon_pkg']
[0.306s] Level 1:colcon.colcon_core.package_identification:_identify(src/uros/drive_base/drive_base_msgs) by extension 'colcon_pkg'
[0.306s] Level 1:colcon.colcon_core.package_identification:_identify(src/uros/drive_base/drive_base_msgs) by extensions ['colcon_meta']
[0.306s] Level 1:colcon.colcon_core.package_identification:_identify(src/uros/drive_base/drive_base_msgs) by extension 'colcon_meta'
[0.306s] Level 1:colcon.colcon_core.package_identification:_identify(src/uros/drive_base/drive_base_msgs) by extensions ['ros']
[0.306s] Level 1:colcon.colcon_core.package_identification:_identify(src/uros/drive_base/drive_base_msgs) by extension 'ros'
[0.307s] DEBUG:colcon.colcon_core.package_identification:Package 'src/uros/drive_base/drive_base_msgs' with type 'ros.ament_cmake' and name 'drive_base_msgs'
[0.307s] Level 1:colcon.colcon_core.package_identification:_identify(src/uros/micro-ROS-Agent) by extensions ['ignore', 'ignore_ament_install']
[0.307s] Level 1:colcon.colcon_core.package_identification:_identify(src/uros/micro-ROS-Agent) by extension 'ignore'
[0.307s] Level 1:colcon.colcon_core.package_identification:_identify(src/uros/micro-ROS-Agent) by extension 'ignore_ament_install'
[0.307s] Level 1:colcon.colcon_core.package_identification:_identify(src/uros/micro-ROS-Agent) by extensions ['colcon_pkg']
[0.307s] Level 1:colcon.colcon_core.package_identification:_identify(src/uros/micro-ROS-Agent) by extension 'colcon_pkg'
[0.307s] Level 1:colcon.colcon_core.package_identification:_identify(src/uros/micro-ROS-Agent) by extensions ['colcon_meta']
[0.307s] Level 1:colcon.colcon_core.package_identification:_identify(src/uros/micro-ROS-Agent) by extension 'colcon_meta'
[0.307s] Level 1:colcon.colcon_core.package_identification:_identify(src/uros/micro-ROS-Agent) by extensions ['ros']
[0.307s] Level 1:colcon.colcon_core.package_identification:_identify(src/uros/micro-ROS-Agent) by extension 'ros'
[0.307s] Level 1:colcon.colcon_core.package_identification:_identify(src/uros/micro-ROS-Agent) by extensions ['cmake', 'python']
[0.307s] Level 1:colcon.colcon_core.package_identification:_identify(src/uros/micro-ROS-Agent) by extension 'cmake'
[0.307s] Level 1:colcon.colcon_core.package_identification:_identify(src/uros/micro-ROS-Agent) by extension 'python'
[0.307s] Level 1:colcon.colcon_core.package_identification:_identify(src/uros/micro-ROS-Agent) by extensions ['python_setup_py']
[0.307s] Level 1:colcon.colcon_core.package_identification:_identify(src/uros/micro-ROS-Agent) by extension 'python_setup_py'
[0.307s] Level 1:colcon.colcon_core.package_identification:_identify(src/uros/micro-ROS-Agent/micro_ros_agent) by extensions ['ignore', 'ignore_ament_install']
[0.307s] Level 1:colcon.colcon_core.package_identification:_identify(src/uros/micro-ROS-Agent/micro_ros_agent) by extension 'ignore'
[0.307s] Level 1:colcon.colcon_core.package_identification:_identify(src/uros/micro-ROS-Agent/micro_ros_agent) by extension 'ignore_ament_install'
[0.307s] Level 1:colcon.colcon_core.package_identification:_identify(src/uros/micro-ROS-Agent/micro_ros_agent) by extensions ['colcon_pkg']
[0.307s] Level 1:colcon.colcon_core.package_identification:_identify(src/uros/micro-ROS-Agent/micro_ros_agent) by extension 'colcon_pkg'
[0.307s] Level 1:colcon.colcon_core.package_identification:_identify(src/uros/micro-ROS-Agent/micro_ros_agent) by extensions ['colcon_meta']
[0.307s] Level 1:colcon.colcon_core.package_identification:_identify(src/uros/micro-ROS-Agent/micro_ros_agent) by extension 'colcon_meta'
[0.307s] Level 1:colcon.colcon_core.package_identification:_identify(src/uros/micro-ROS-Agent/micro_ros_agent) by extensions ['ros']
[0.307s] Level 1:colcon.colcon_core.package_identification:_identify(src/uros/micro-ROS-Agent/micro_ros_agent) by extension 'ros'
[0.308s] DEBUG:colcon.colcon_core.package_identification:Package 'src/uros/micro-ROS-Agent/micro_ros_agent' with type 'ros.ament_cmake' and name 'micro_ros_agent'
[0.308s] Level 1:colcon.colcon_core.package_identification:_identify(src/uros/micro-ROS-Agent/snap) by extensions ['ignore', 'ignore_ament_install']
[0.308s] Level 1:colcon.colcon_core.package_identification:_identify(src/uros/micro-ROS-Agent/snap) by extension 'ignore'
[0.308s] Level 1:colcon.colcon_core.package_identification:_identify(src/uros/micro-ROS-Agent/snap) by extension 'ignore_ament_install'
[0.308s] Level 1:colcon.colcon_core.package_identification:_identify(src/uros/micro-ROS-Agent/snap) by extensions ['colcon_pkg']
[0.308s] Level 1:colcon.colcon_core.package_identification:_identify(src/uros/micro-ROS-Agent/snap) by extension 'colcon_pkg'
[0.308s] Level 1:colcon.colcon_core.package_identification:_identify(src/uros/micro-ROS-Agent/snap) by extensions ['colcon_meta']
[0.308s] Level 1:colcon.colcon_core.package_identification:_identify(src/uros/micro-ROS-Agent/snap) by extension 'colcon_meta'
[0.308s] Level 1:colcon.colcon_core.package_identification:_identify(src/uros/micro-ROS-Agent/snap) by extensions ['ros']
[0.308s] Level 1:colcon.colcon_core.package_identification:_identify(src/uros/micro-ROS-Agent/snap) by extension 'ros'
[0.308s] Level 1:colcon.colcon_core.package_identification:_identify(src/uros/micro-ROS-Agent/snap) by extensions ['cmake', 'python']
[0.308s] Level 1:colcon.colcon_core.package_identification:_identify(src/uros/micro-ROS-Agent/snap) by extension 'cmake'
[0.308s] Level 1:colcon.colcon_core.package_identification:_identify(src/uros/micro-ROS-Agent/snap) by extension 'python'
[0.308s] Level 1:colcon.colcon_core.package_identification:_identify(src/uros/micro-ROS-Agent/snap) by extensions ['python_setup_py']
[0.308s] Level 1:colcon.colcon_core.package_identification:_identify(src/uros/micro-ROS-Agent/snap) by extension 'python_setup_py'
[0.309s] Level 1:colcon.colcon_core.package_identification:_identify(src/uros/micro-ROS-Agent/snap/hooks) by extensions ['ignore', 'ignore_ament_install']
[0.309s] Level 1:colcon.colcon_core.package_identification:_identify(src/uros/micro-ROS-Agent/snap/hooks) by extension 'ignore'
[0.309s] Level 1:colcon.colcon_core.package_identification:_identify(src/uros/micro-ROS-Agent/snap/hooks) by extension 'ignore_ament_install'
[0.309s] Level 1:colcon.colcon_core.package_identification:_identify(src/uros/micro-ROS-Agent/snap/hooks) by extensions ['colcon_pkg']
[0.309s] Level 1:colcon.colcon_core.package_identification:_identify(src/uros/micro-ROS-Agent/snap/hooks) by extension 'colcon_pkg'
[0.309s] Level 1:colcon.colcon_core.package_identification:_identify(src/uros/micro-ROS-Agent/snap/hooks) by extensions ['colcon_meta']
[0.309s] Level 1:colcon.colcon_core.package_identification:_identify(src/uros/micro-ROS-Agent/snap/hooks) by extension 'colcon_meta'
[0.309s] Level 1:colcon.colcon_core.package_identification:_identify(src/uros/micro-ROS-Agent/snap/hooks) by extensions ['ros']
[0.309s] Level 1:colcon.colcon_core.package_identification:_identify(src/uros/micro-ROS-Agent/snap/hooks) by extension 'ros'
[0.309s] Level 1:colcon.colcon_core.package_identification:_identify(src/uros/micro-ROS-Agent/snap/hooks) by extensions ['cmake', 'python']
[0.309s] Level 1:colcon.colcon_core.package_identification:_identify(src/uros/micro-ROS-Agent/snap/hooks) by extension 'cmake'
[0.309s] Level 1:colcon.colcon_core.package_identification:_identify(src/uros/micro-ROS-Agent/snap/hooks) by extension 'python'
[0.309s] Level 1:colcon.colcon_core.package_identification:_identify(src/uros/micro-ROS-Agent/snap/hooks) by extensions ['python_setup_py']
[0.309s] Level 1:colcon.colcon_core.package_identification:_identify(src/uros/micro-ROS-Agent/snap/hooks) by extension 'python_setup_py'
[0.309s] Level 1:colcon.colcon_core.package_identification:_identify(src/uros/micro-ROS-Agent/snap/local) by extensions ['ignore', 'ignore_ament_install']
[0.309s] Level 1:colcon.colcon_core.package_identification:_identify(src/uros/micro-ROS-Agent/snap/local) by extension 'ignore'
[0.309s] Level 1:colcon.colcon_core.package_identification:_identify(src/uros/micro-ROS-Agent/snap/local) by extension 'ignore_ament_install'
[0.309s] Level 1:colcon.colcon_core.package_identification:_identify(src/uros/micro-ROS-Agent/snap/local) by extensions ['colcon_pkg']
[0.309s] Level 1:colcon.colcon_core.package_identification:_identify(src/uros/micro-ROS-Agent/snap/local) by extension 'colcon_pkg'
[0.309s] Level 1:colcon.colcon_core.package_identification:_identify(src/uros/micro-ROS-Agent/snap/local) by extensions ['colcon_meta']
[0.309s] Level 1:colcon.colcon_core.package_identification:_identify(src/uros/micro-ROS-Agent/snap/local) by extension 'colcon_meta'
[0.309s] Level 1:colcon.colcon_core.package_identification:_identify(src/uros/micro-ROS-Agent/snap/local) by extensions ['ros']
[0.309s] Level 1:colcon.colcon_core.package_identification:_identify(src/uros/micro-ROS-Agent/snap/local) by extension 'ros'
[0.309s] Level 1:colcon.colcon_core.package_identification:_identify(src/uros/micro-ROS-Agent/snap/local) by extensions ['cmake', 'python']
[0.309s] Level 1:colcon.colcon_core.package_identification:_identify(src/uros/micro-ROS-Agent/snap/local) by extension 'cmake'
[0.309s] Level 1:colcon.colcon_core.package_identification:_identify(src/uros/micro-ROS-Agent/snap/local) by extension 'python'
[0.309s] Level 1:colcon.colcon_core.package_identification:_identify(src/uros/micro-ROS-Agent/snap/local) by extensions ['python_setup_py']
[0.309s] Level 1:colcon.colcon_core.package_identification:_identify(src/uros/micro-ROS-Agent/snap/local) by extension 'python_setup_py'
[0.310s] Level 1:colcon.colcon_core.package_identification:_identify(src/uros/micro_ros_msgs) by extensions ['ignore', 'ignore_ament_install']
[0.310s] Level 1:colcon.colcon_core.package_identification:_identify(src/uros/micro_ros_msgs) by extension 'ignore'
[0.310s] Level 1:colcon.colcon_core.package_identification:_identify(src/uros/micro_ros_msgs) by extension 'ignore_ament_install'
[0.310s] Level 1:colcon.colcon_core.package_identification:_identify(src/uros/micro_ros_msgs) by extensions ['colcon_pkg']
[0.310s] Level 1:colcon.colcon_core.package_identification:_identify(src/uros/micro_ros_msgs) by extension 'colcon_pkg'
[0.310s] Level 1:colcon.colcon_core.package_identification:_identify(src/uros/micro_ros_msgs) by extensions ['colcon_meta']
[0.310s] Level 1:colcon.colcon_core.package_identification:_identify(src/uros/micro_ros_msgs) by extension 'colcon_meta'
[0.310s] Level 1:colcon.colcon_core.package_identification:_identify(src/uros/micro_ros_msgs) by extensions ['ros']
[0.310s] Level 1:colcon.colcon_core.package_identification:_identify(src/uros/micro_ros_msgs) by extension 'ros'
[0.310s] DEBUG:colcon.colcon_core.package_identification:Package 'src/uros/micro_ros_msgs' with type 'ros.ament_cmake' and name 'micro_ros_msgs'
[0.310s] Level 1:colcon.colcon_core.package_identification:_identify(src/ydlidar_ros2_driver) by extensions ['ignore', 'ignore_ament_install']
[0.310s] Level 1:colcon.colcon_core.package_identification:_identify(src/ydlidar_ros2_driver) by extension 'ignore'
[0.310s] Level 1:colcon.colcon_core.package_identification:_identify(src/ydlidar_ros2_driver) by extension 'ignore_ament_install'
[0.310s] Level 1:colcon.colcon_core.package_identification:_identify(src/ydlidar_ros2_driver) by extensions ['colcon_pkg']
[0.310s] Level 1:colcon.colcon_core.package_identification:_identify(src/ydlidar_ros2_driver) by extension 'colcon_pkg'
[0.310s] Level 1:colcon.colcon_core.package_identification:_identify(src/ydlidar_ros2_driver) by extensions ['colcon_meta']
[0.310s] Level 1:colcon.colcon_core.package_identification:_identify(src/ydlidar_ros2_driver) by extension 'colcon_meta'
[0.311s] Level 1:colcon.colcon_core.package_identification:_identify(src/ydlidar_ros2_driver) by extensions ['ros']
[0.311s] Level 1:colcon.colcon_core.package_identification:_identify(src/ydlidar_ros2_driver) by extension 'ros'
[0.311s] DEBUG:colcon.colcon_core.package_identification:Package 'src/ydlidar_ros2_driver' with type 'ros.ament_cmake' and name 'ydlidar_ros2_driver'
[0.311s] Level 1:colcon.colcon_core.package_discovery:discover_packages(recursive) using defaults
[0.311s] Level 1:colcon.colcon_core.package_discovery:discover_packages(ignore) discover
[0.311s] Level 1:colcon.colcon_core.package_discovery:discover_packages(ignore) using defaults
[0.311s] Level 1:colcon.colcon_core.package_discovery:discover_packages(path) discover
[0.311s] Level 1:colcon.colcon_core.package_discovery:discover_packages(path) using defaults
[0.328s] INFO:colcon.colcon_core.package_selection:Skipping package 'turtlebot3' in 'src/turtlebot3/turtlebot3'
[0.328s] INFO:colcon.colcon_core.package_selection:Skipping package 'turtlebot3_simulations' in 'src/turtlebot3_simulations/turtlebot3_simulations'
[0.328s] INFO:colcon.colcon_core.package_selection:Skipping package 'turtlebot3_bringup' in 'src/turtlebot3/turtlebot3_bringup'
[0.328s] INFO:colcon.colcon_core.package_selection:Skipping package 'turtlebot3_node' in 'src/turtlebot3/turtlebot3_node'
[0.328s] INFO:colcon.colcon_core.package_selection:Skipping package 'turtlebot3_gazebo' in 'src/turtlebot3_simulations/turtlebot3_gazebo'
[0.329s] INFO:colcon.colcon_core.package_selection:Skipping package 'turtlebot3_fake_node' in 'src/turtlebot3_simulations/turtlebot3_fake_node'
[0.329s] INFO:colcon.colcon_core.package_selection:Skipping package 'turtlebot3_example' in 'src/turtlebot3/turtlebot3_example'
[0.329s] INFO:colcon.colcon_core.package_selection:Skipping package 'ydlidar_ros2_driver' in 'src/ydlidar_ros2_driver'
[0.329s] INFO:colcon.colcon_core.package_selection:Skipping package 'turtlebot3_teleop' in 'src/turtlebot3/turtlebot3_teleop'
[0.329s] INFO:colcon.colcon_core.package_selection:Skipping package 'turtlebot3_navigation2' in 'src/turtlebot3/turtlebot3_navigation2'
[0.329s] INFO:colcon.colcon_core.package_selection:Skipping package 'turtlebot3_msgs' in 'src/turtlebot3_msgs'
[0.329s] INFO:colcon.colcon_core.package_selection:Skipping package 'turtlebot3_description' in 'src/turtlebot3/turtlebot3_description'
[0.329s] INFO:colcon.colcon_core.package_selection:Skipping package 'turtlebot3_cartographer' in 'src/turtlebot3/turtlebot3_cartographer'
[0.329s] INFO:colcon.colcon_core.package_selection:Skipping package 'micro_ros_setup' in 'src/micro_ros_setup'
[0.329s] INFO:colcon.colcon_core.package_selection:Skipping package 'drive_base_msgs' in 'src/uros/drive_base/drive_base_msgs'
[0.329s] Level 1:colcon.colcon_core.package_discovery:discover_packages(prefix_path) check parameters
[0.329s] Level 1:colcon.colcon_core.package_discovery:discover_packages(prefix_path) discover
[0.332s] DEBUG:colcon.colcon_installed_package_information.package_discovery:Found 17 installed packages in /home/jay/capstonerobot_ws/install
[0.333s] DEBUG:colcon.colcon_installed_package_information.package_discovery:Found 21 installed packages in /home/jay/colcon_ws/install
[0.335s] DEBUG:colcon.colcon_installed_package_information.package_discovery:Found 340 installed packages in /opt/ros/foxy
[0.337s] Level 1:colcon.colcon_core.package_discovery:discover_packages(prefix_path) using defaults
[0.394s] WARNING:colcon.colcon_core.package_selection:Some selected packages are already built in one or more underlay workspaces:
	'micro_ros_msgs' is in: /home/jay/capstonerobot_ws/install/micro_ros_msgs, /home/jay/colcon_ws/install/micro_ros_msgs
If a package in a merged underlay workspace is overridden and it installs headers, then all packages in the overlay must sort their include directories by workspace order. Failure to do so may result in build failures or undefined behavior at run time.
If the overridden package is used by another package in any underlay, then the overriding package in the overlay must be API and ABI compatible or undefined behavior at run time may occur.

If you understand the risks and want to override a package anyways, add the following to the command line:
	--allow-overriding micro_ros_msgs

This may be promoted to an error in a future release of colcon-override-check.
[0.395s] Level 5:colcon.colcon_core.verb:set package 'micro_ros_msgs' build argument 'cmake_args' from command line to '['-DUAGENT_BUILD_EXECUTABLE=OFF', '-DUAGENT_P2P_PROFILE=OFF', '--no-warn-unused-cli']'
[0.395s] Level 5:colcon.colcon_core.verb:set package 'micro_ros_msgs' build argument 'cmake_target' from command line to 'None'
[0.395s] Level 5:colcon.colcon_core.verb:set package 'micro_ros_msgs' build argument 'cmake_target_skip_unavailable' from command line to 'False'
[0.395s] Level 5:colcon.colcon_core.verb:set package 'micro_ros_msgs' build argument 'cmake_clean_cache' from command line to 'False'
[0.395s] Level 5:colcon.colcon_core.verb:set package 'micro_ros_msgs' build argument 'cmake_clean_first' from command line to 'False'
[0.395s] Level 5:colcon.colcon_core.verb:set package 'micro_ros_msgs' build argument 'cmake_force_configure' from command line to 'False'
[0.395s] Level 5:colcon.colcon_core.verb:set package 'micro_ros_msgs' build argument 'ament_cmake_args' from command line to 'None'
[0.395s] Level 5:colcon.colcon_core.verb:set package 'micro_ros_msgs' build argument 'catkin_cmake_args' from command line to 'None'
[0.395s] Level 5:colcon.colcon_core.verb:set package 'micro_ros_msgs' build argument 'catkin_skip_building_tests' from command line to 'False'
[0.395s] DEBUG:colcon.colcon_core.verb:Building package 'micro_ros_msgs' with the following arguments: {'ament_cmake_args': None, 'build_base': '/home/jay/capstonerobot_ws/build/micro_ros_msgs', 'catkin_cmake_args': None, 'catkin_skip_building_tests': False, 'cmake_args': ['-DUAGENT_BUILD_EXECUTABLE=OFF', '-DUAGENT_P2P_PROFILE=OFF', '--no-warn-unused-cli'], 'cmake_clean_cache': False, 'cmake_clean_first': False, 'cmake_force_configure': False, 'cmake_target': None, 'cmake_target_skip_unavailable': False, 'install_base': '/home/jay/capstonerobot_ws/install/micro_ros_msgs', 'merge_install': False, 'path': '/home/jay/capstonerobot_ws/src/uros/micro_ros_msgs', 'symlink_install': False, 'test_result_base': None}
[0.396s] Level 5:colcon.colcon_core.verb:set package 'micro_ros_agent' build argument 'cmake_args' from command line to '['-DUAGENT_BUILD_EXECUTABLE=OFF', '-DUAGENT_P2P_PROFILE=OFF', '--no-warn-unused-cli']'
[0.396s] Level 5:colcon.colcon_core.verb:set package 'micro_ros_agent' build argument 'cmake_target' from command line to 'None'
[0.396s] Level 5:colcon.colcon_core.verb:set package 'micro_ros_agent' build argument 'cmake_target_skip_unavailable' from command line to 'False'
[0.396s] Level 5:colcon.colcon_core.verb:set package 'micro_ros_agent' build argument 'cmake_clean_cache' from command line to 'False'
[0.396s] Level 5:colcon.colcon_core.verb:set package 'micro_ros_agent' build argument 'cmake_clean_first' from command line to 'False'
[0.396s] Level 5:colcon.colcon_core.verb:set package 'micro_ros_agent' build argument 'cmake_force_configure' from command line to 'False'
[0.396s] Level 5:colcon.colcon_core.verb:set package 'micro_ros_agent' build argument 'ament_cmake_args' from command line to 'None'
[0.396s] Level 5:colcon.colcon_core.verb:set package 'micro_ros_agent' build argument 'catkin_cmake_args' from command line to 'None'
[0.396s] Level 5:colcon.colcon_core.verb:set package 'micro_ros_agent' build argument 'catkin_skip_building_tests' from command line to 'False'
[0.396s] DEBUG:colcon.colcon_core.verb:Building package 'micro_ros_agent' with the following arguments: {'ament_cmake_args': None, 'build_base': '/home/jay/capstonerobot_ws/build/micro_ros_agent', 'catkin_cmake_args': None, 'catkin_skip_building_tests': False, 'cmake_args': ['-DUAGENT_BUILD_EXECUTABLE=OFF', '-DUAGENT_P2P_PROFILE=OFF', '--no-warn-unused-cli'], 'cmake_clean_cache': False, 'cmake_clean_first': False, 'cmake_force_configure': False, 'cmake_target': None, 'cmake_target_skip_unavailable': False, 'install_base': '/home/jay/capstonerobot_ws/install/micro_ros_agent', 'merge_install': False, 'path': '/home/jay/capstonerobot_ws/src/uros/micro-ROS-Agent/micro_ros_agent', 'symlink_install': False, 'test_result_base': None}
[0.397s] INFO:colcon.colcon_core.executor:Executing jobs using 'parallel' executor
[0.400s] DEBUG:colcon.colcon_parallel_executor.executor.parallel:run_until_complete
[0.400s] INFO:colcon.colcon_ros.task.ament_cmake.build:Building ROS package in '/home/jay/capstonerobot_ws/src/uros/micro_ros_msgs' with build type 'ament_cmake'
[0.400s] INFO:colcon.colcon_cmake.task.cmake.build:Building CMake package in '/home/jay/capstonerobot_ws/src/uros/micro_ros_msgs'
[0.404s] INFO:colcon.colcon_core.plugin_system:Skipping extension 'colcon_core.shell.bat': Not used on non-Windows systems
[0.404s] INFO:colcon.colcon_core.shell:Skip shell extension 'powershell' for command environment: Not usable outside of PowerShell
[0.404s] DEBUG:colcon.colcon_core.shell:Skip shell extension 'dsv' for command environment
[0.418s] DEBUG:colcon.colcon_core.event_handler.log_command:Invoking command in '/home/jay/capstonerobot_ws/build/micro_ros_msgs': CMAKE_PREFIX_PATH=${CMAKE_PREFIX_PATH}:/home/jay/capstonerobot_ws/install/turtlebot3_teleop:/home/jay/capstonerobot_ws/install/turtlebot3_example:/opt/ros/foxy /usr/bin/cmake --build /home/jay/capstonerobot_ws/build/micro_ros_msgs -- -j4 -l4
[0.716s] DEBUG:colcon.colcon_core.event_handler.log_command:Invoked command in '/home/jay/capstonerobot_ws/build/micro_ros_msgs' returned '0': CMAKE_PREFIX_PATH=${CMAKE_PREFIX_PATH}:/home/jay/capstonerobot_ws/install/turtlebot3_teleop:/home/jay/capstonerobot_ws/install/turtlebot3_example:/opt/ros/foxy /usr/bin/cmake --build /home/jay/capstonerobot_ws/build/micro_ros_msgs -- -j4 -l4
[0.844s] DEBUG:colcon.colcon_core.event_handler.log_command:Invoking command in '/home/jay/capstonerobot_ws/build/micro_ros_msgs': CMAKE_PREFIX_PATH=${CMAKE_PREFIX_PATH}:/home/jay/capstonerobot_ws/install/turtlebot3_teleop:/home/jay/capstonerobot_ws/install/turtlebot3_example:/opt/ros/foxy /usr/bin/cmake --install /home/jay/capstonerobot_ws/build/micro_ros_msgs
[0.954s] Level 1:colcon.colcon_core.environment:create_environment_scripts_only(micro_ros_msgs)
[0.955s] DEBUG:colcon.colcon_core.event_handler.log_command:Invoked command in '/home/jay/capstonerobot_ws/build/micro_ros_msgs' returned '0': CMAKE_PREFIX_PATH=${CMAKE_PREFIX_PATH}:/home/jay/capstonerobot_ws/install/turtlebot3_teleop:/home/jay/capstonerobot_ws/install/turtlebot3_example:/opt/ros/foxy /usr/bin/cmake --install /home/jay/capstonerobot_ws/build/micro_ros_msgs
[0.959s] Level 1:colcon.colcon_core.environment:checking '/home/jay/capstonerobot_ws/install/micro_ros_msgs' for CMake module files
[0.960s] Level 1:colcon.colcon_core.environment:checking '/home/jay/capstonerobot_ws/install/micro_ros_msgs' for CMake config files
[0.961s] Level 1:colcon.colcon_core.shell:create_environment_hook('micro_ros_msgs', 'cmake_prefix_path')
[0.962s] INFO:colcon.colcon_core.shell:Creating environment hook '/home/jay/capstonerobot_ws/install/micro_ros_msgs/share/micro_ros_msgs/hook/cmake_prefix_path.ps1'
[0.962s] INFO:colcon.colcon_core.shell:Creating environment descriptor '/home/jay/capstonerobot_ws/install/micro_ros_msgs/share/micro_ros_msgs/hook/cmake_prefix_path.dsv'
[0.962s] INFO:colcon.colcon_core.shell:Creating environment hook '/home/jay/capstonerobot_ws/install/micro_ros_msgs/share/micro_ros_msgs/hook/cmake_prefix_path.sh'
[0.963s] Level 1:colcon.colcon_core.environment:checking '/home/jay/capstonerobot_ws/install/micro_ros_msgs/lib'
[0.963s] Level 1:colcon.colcon_core.shell:create_environment_hook('micro_ros_msgs', 'ld_library_path_lib')
[0.964s] INFO:colcon.colcon_core.shell:Creating environment hook '/home/jay/capstonerobot_ws/install/micro_ros_msgs/share/micro_ros_msgs/hook/ld_library_path_lib.ps1'
[0.965s] INFO:colcon.colcon_core.shell:Creating environment descriptor '/home/jay/capstonerobot_ws/install/micro_ros_msgs/share/micro_ros_msgs/hook/ld_library_path_lib.dsv'
[0.965s] INFO:colcon.colcon_core.shell:Creating environment hook '/home/jay/capstonerobot_ws/install/micro_ros_msgs/share/micro_ros_msgs/hook/ld_library_path_lib.sh'
[0.965s] Level 1:colcon.colcon_core.environment:checking '/home/jay/capstonerobot_ws/install/micro_ros_msgs/bin'
[0.965s] Level 1:colcon.colcon_core.environment:checking '/home/jay/capstonerobot_ws/install/micro_ros_msgs/lib/pkgconfig/micro_ros_msgs.pc'
[0.965s] Level 1:colcon.colcon_core.environment:checking '/home/jay/capstonerobot_ws/install/micro_ros_msgs/lib/python3.8/site-packages'
[0.965s] Level 1:colcon.colcon_core.shell:create_environment_hook('micro_ros_msgs', 'pythonpath')
[0.966s] INFO:colcon.colcon_core.shell:Creating environment hook '/home/jay/capstonerobot_ws/install/micro_ros_msgs/share/micro_ros_msgs/hook/pythonpath.ps1'
[0.966s] INFO:colcon.colcon_core.shell:Creating environment descriptor '/home/jay/capstonerobot_ws/install/micro_ros_msgs/share/micro_ros_msgs/hook/pythonpath.dsv'
[0.967s] INFO:colcon.colcon_core.shell:Creating environment hook '/home/jay/capstonerobot_ws/install/micro_ros_msgs/share/micro_ros_msgs/hook/pythonpath.sh'
[0.967s] Level 1:colcon.colcon_core.environment:checking '/home/jay/capstonerobot_ws/install/micro_ros_msgs/bin'
[0.968s] INFO:colcon.colcon_core.shell:Creating package script '/home/jay/capstonerobot_ws/install/micro_ros_msgs/share/micro_ros_msgs/package.ps1'
[0.969s] INFO:colcon.colcon_core.shell:Creating package descriptor '/home/jay/capstonerobot_ws/install/micro_ros_msgs/share/micro_ros_msgs/package.dsv'
[0.969s] INFO:colcon.colcon_core.shell:Creating package script '/home/jay/capstonerobot_ws/install/micro_ros_msgs/share/micro_ros_msgs/package.sh'
[0.970s] INFO:colcon.colcon_core.shell:Creating package script '/home/jay/capstonerobot_ws/install/micro_ros_msgs/share/micro_ros_msgs/package.bash'
[0.970s] INFO:colcon.colcon_core.shell:Creating package script '/home/jay/capstonerobot_ws/install/micro_ros_msgs/share/micro_ros_msgs/package.zsh'
[0.971s] Level 1:colcon.colcon_core.environment:create_file_with_runtime_dependencies(/home/jay/capstonerobot_ws/install/micro_ros_msgs/share/colcon-core/packages/micro_ros_msgs)
[1.089s] Level 1:colcon.colcon_core.environment:create_environment_scripts_only(micro_ros_msgs)
[1.091s] Level 1:colcon.colcon_core.environment:checking '/home/jay/capstonerobot_ws/install/micro_ros_msgs' for CMake module files
[1.091s] Level 1:colcon.colcon_core.environment:checking '/home/jay/capstonerobot_ws/install/micro_ros_msgs' for CMake config files
[1.092s] Level 1:colcon.colcon_core.shell:create_environment_hook('micro_ros_msgs', 'cmake_prefix_path')
[1.093s] INFO:colcon.colcon_core.shell:Creating environment hook '/home/jay/capstonerobot_ws/install/micro_ros_msgs/share/micro_ros_msgs/hook/cmake_prefix_path.ps1'
[1.093s] INFO:colcon.colcon_core.shell:Creating environment descriptor '/home/jay/capstonerobot_ws/install/micro_ros_msgs/share/micro_ros_msgs/hook/cmake_prefix_path.dsv'
[1.094s] INFO:colcon.colcon_core.shell:Creating environment hook '/home/jay/capstonerobot_ws/install/micro_ros_msgs/share/micro_ros_msgs/hook/cmake_prefix_path.sh'
[1.094s] Level 1:colcon.colcon_core.environment:checking '/home/jay/capstonerobot_ws/install/micro_ros_msgs/lib'
[1.094s] Level 1:colcon.colcon_core.shell:create_environment_hook('micro_ros_msgs', 'ld_library_path_lib')
[1.095s] INFO:colcon.colcon_core.shell:Creating environment hook '/home/jay/capstonerobot_ws/install/micro_ros_msgs/share/micro_ros_msgs/hook/ld_library_path_lib.ps1'
[1.095s] INFO:colcon.colcon_core.shell:Creating environment descriptor '/home/jay/capstonerobot_ws/install/micro_ros_msgs/share/micro_ros_msgs/hook/ld_library_path_lib.dsv'
[1.095s] INFO:colcon.colcon_core.shell:Creating environment hook '/home/jay/capstonerobot_ws/install/micro_ros_msgs/share/micro_ros_msgs/hook/ld_library_path_lib.sh'
[1.096s] Level 1:colcon.colcon_core.environment:checking '/home/jay/capstonerobot_ws/install/micro_ros_msgs/bin'
[1.096s] Level 1:colcon.colcon_core.environment:checking '/home/jay/capstonerobot_ws/install/micro_ros_msgs/lib/pkgconfig/micro_ros_msgs.pc'
[1.096s] Level 1:colcon.colcon_core.environment:checking '/home/jay/capstonerobot_ws/install/micro_ros_msgs/lib/python3.8/site-packages'
[1.096s] Level 1:colcon.colcon_core.shell:create_environment_hook('micro_ros_msgs', 'pythonpath')
[1.097s] INFO:colcon.colcon_core.shell:Creating environment hook '/home/jay/capstonerobot_ws/install/micro_ros_msgs/share/micro_ros_msgs/hook/pythonpath.ps1'
[1.097s] INFO:colcon.colcon_core.shell:Creating environment descriptor '/home/jay/capstonerobot_ws/install/micro_ros_msgs/share/micro_ros_msgs/hook/pythonpath.dsv'
[1.097s] INFO:colcon.colcon_core.shell:Creating environment hook '/home/jay/capstonerobot_ws/install/micro_ros_msgs/share/micro_ros_msgs/hook/pythonpath.sh'
[1.098s] Level 1:colcon.colcon_core.environment:checking '/home/jay/capstonerobot_ws/install/micro_ros_msgs/bin'
[1.099s] INFO:colcon.colcon_core.shell:Creating package script '/home/jay/capstonerobot_ws/install/micro_ros_msgs/share/micro_ros_msgs/package.ps1'
[1.099s] INFO:colcon.colcon_core.shell:Creating package descriptor '/home/jay/capstonerobot_ws/install/micro_ros_msgs/share/micro_ros_msgs/package.dsv'
[1.100s] INFO:colcon.colcon_core.shell:Creating package script '/home/jay/capstonerobot_ws/install/micro_ros_msgs/share/micro_ros_msgs/package.sh'
[1.100s] INFO:colcon.colcon_core.shell:Creating package script '/home/jay/capstonerobot_ws/install/micro_ros_msgs/share/micro_ros_msgs/package.bash'
[1.100s] INFO:colcon.colcon_core.shell:Creating package script '/home/jay/capstonerobot_ws/install/micro_ros_msgs/share/micro_ros_msgs/package.zsh'
[1.101s] Level 1:colcon.colcon_core.environment:create_file_with_runtime_dependencies(/home/jay/capstonerobot_ws/install/micro_ros_msgs/share/colcon-core/packages/micro_ros_msgs)
[1.101s] INFO:colcon.colcon_ros.task.ament_cmake.build:Building ROS package in '/home/jay/capstonerobot_ws/src/uros/micro-ROS-Agent/micro_ros_agent' with build type 'ament_cmake'
[1.102s] INFO:colcon.colcon_cmake.task.cmake.build:Building CMake package in '/home/jay/capstonerobot_ws/src/uros/micro-ROS-Agent/micro_ros_agent'
[1.103s] INFO:colcon.colcon_core.shell:Skip shell extension 'powershell' for command environment: Not usable outside of PowerShell
[1.103s] DEBUG:colcon.colcon_core.shell:Skip shell extension 'dsv' for command environment
[1.123s] DEBUG:colcon.colcon_core.event_handler.log_command:Invoking command in '/home/jay/capstonerobot_ws/build/micro_ros_agent': CMAKE_PREFIX_PATH=/home/jay/capstonerobot_ws/install/micro_ros_msgs:/home/jay/capstonerobot_ws/install/ydlidar_ros2_driver:/home/jay/capstonerobot_ws/install/turtlebot3:/home/jay/capstonerobot_ws/install/turtlebot3_simulations:/home/jay/capstonerobot_ws/install/turtlebot3_bringup:/home/jay/capstonerobot_ws/install/turtlebot3_node:/home/jay/capstonerobot_ws/install/turtlebot3_navigation2:/home/jay/capstonerobot_ws/install/turtlebot3_fake_node:/home/jay/capstonerobot_ws/install/turtlebot3_msgs:/home/jay/capstonerobot_ws/install/turtlebot3_gazebo:/home/jay/capstonerobot_ws/install/turtlebot3_description:/home/jay/capstonerobot_ws/install/turtlebot3_cartographer:/home/jay/capstonerobot_ws/install/micro_ros_setup:/home/jay/capstonerobot_ws/install/micro_ros_agent:/home/jay/capstonerobot_ws/install/drive_base_msgs:/home/jay/colcon_ws/install/ydlidar_ros2_driver:/home/jay/colcon_ws/install/action_msgs:/home/jay/colcon_ws/install/unique_identifier_msgs:/home/jay/colcon_ws/install/turtlebot3_simulations:/home/jay/colcon_ws/install/turtlebot3_gazebo:/home/jay/colcon_ws/install/turtlebot3_fake_node:/home/jay/colcon_ws/install/std_srvs:/home/jay/colcon_ws/install/drive_base_msgs:/home/jay/colcon_ws/install/std_msgs:/home/jay/colcon_ws/install/rmw_microxrcedds:/home/jay/colcon_ws/install/rosidl_typesupport_microxrcedds_cpp:/home/jay/colcon_ws/install/rosidl_typesupport_microxrcedds_c:/home/jay/colcon_ws/install/rcl_interfaces:/home/jay/colcon_ws/install/microxrcedds_client:/home/jay/colcon_ws/install/microcdr:/home/jay/colcon_ws/install/micro_ros_setup:/home/jay/colcon_ws/install/micro_ros_agent:/home/jay/colcon_ws/install/micro_ros_msgs:/home/jay/colcon_ws/install/complex_msgs:/home/jay/colcon_ws/install/builtin_interfaces:/home/jay/capstonerobot_ws/install/turtlebot3_teleop:/home/jay/capstonerobot_ws/install/turtlebot3_example:/opt/ros/foxy LD_LIBRARY_PATH=/home/jay/capstonerobot_ws/install/micro_ros_msgs/lib:/home/jay/capstonerobot_ws/install/turtlebot3_msgs/lib:/home/jay/capstonerobot_ws/install/micro_ros_agent/lib:/home/jay/capstonerobot_ws/install/drive_base_msgs/lib:/home/jay/colcon_ws/install/action_msgs/lib:/home/jay/colcon_ws/install/unique_identifier_msgs/lib:/home/jay/colcon_ws/install/std_srvs/lib:/home/jay/colcon_ws/install/drive_base_msgs/lib:/home/jay/colcon_ws/install/std_msgs/lib:/home/jay/colcon_ws/install/rmw_microxrcedds/lib:/home/jay/colcon_ws/install/rosidl_typesupport_microxrcedds_cpp/lib:/home/jay/colcon_ws/install/rosidl_typesupport_microxrcedds_c/lib:/home/jay/colcon_ws/install/rcl_interfaces/lib:/home/jay/colcon_ws/install/micro_ros_agent/lib:/home/jay/colcon_ws/install/micro_ros_msgs/lib:/home/jay/colcon_ws/install/complex_msgs/lib:/home/jay/colcon_ws/install/builtin_interfaces/lib:/usr/lib/aarch64-linux-gnu/gazebo-11/plugins:/opt/ros/foxy/opt/yaml_cpp_vendor/lib:/opt/ros/foxy/opt/rviz_ogre_vendor/lib:/opt/ros/foxy/lib/aarch64-linux-gnu:/opt/ros/foxy/lib PYTHONPATH=/home/jay/capstonerobot_ws/install/micro_ros_msgs/lib/python3.8/site-packages:/home/jay/capstonerobot_ws/install/turtlebot3_teleop/lib/python3.8/site-packages:/home/jay/capstonerobot_ws/install/turtlebot3_example/lib/python3.8/site-packages:/home/jay/capstonerobot_ws/install/turtlebot3_msgs/lib/python3.8/site-packages:/home/jay/capstonerobot_ws/install/drive_base_msgs/lib/python3.8/site-packages:/home/jay/colcon_ws/install/action_msgs/lib/python3.8/site-packages:/home/jay/colcon_ws/install/unique_identifier_msgs/lib/python3.8/site-packages:/home/jay/colcon_ws/install/std_srvs/lib/python3.8/site-packages:/home/jay/colcon_ws/install/drive_base_msgs/lib/python3.8/site-packages:/home/jay/colcon_ws/install/std_msgs/lib/python3.8/site-packages:/home/jay/colcon_ws/install/rosidl_typesupport_microxrcedds_cpp/lib/python3.8/site-packages:/home/jay/colcon_ws/install/rosidl_typesupport_microxrcedds_c/lib/python3.8/site-packages:/home/jay/colcon_ws/install/rcl_interfaces/lib/python3.8/site-packages:/home/jay/colcon_ws/install/micro_ros_msgs/lib/python3.8/site-packages:/home/jay/colcon_ws/install/complex_msgs/lib/python3.8/site-packages:/home/jay/colcon_ws/install/builtin_interfaces/lib/python3.8/site-packages:/opt/ros/foxy/lib/python3.8/site-packages /usr/bin/cmake --build /home/jay/capstonerobot_ws/build/micro_ros_agent -- -j4 -l4
[1.236s] DEBUG:colcon.colcon_core.event_handler.log_command:Invoked command in '/home/jay/capstonerobot_ws/build/micro_ros_agent' returned '0': CMAKE_PREFIX_PATH=/home/jay/capstonerobot_ws/install/micro_ros_msgs:/home/jay/capstonerobot_ws/install/ydlidar_ros2_driver:/home/jay/capstonerobot_ws/install/turtlebot3:/home/jay/capstonerobot_ws/install/turtlebot3_simulations:/home/jay/capstonerobot_ws/install/turtlebot3_bringup:/home/jay/capstonerobot_ws/install/turtlebot3_node:/home/jay/capstonerobot_ws/install/turtlebot3_navigation2:/home/jay/capstonerobot_ws/install/turtlebot3_fake_node:/home/jay/capstonerobot_ws/install/turtlebot3_msgs:/home/jay/capstonerobot_ws/install/turtlebot3_gazebo:/home/jay/capstonerobot_ws/install/turtlebot3_description:/home/jay/capstonerobot_ws/install/turtlebot3_cartographer:/home/jay/capstonerobot_ws/install/micro_ros_setup:/home/jay/capstonerobot_ws/install/micro_ros_agent:/home/jay/capstonerobot_ws/install/drive_base_msgs:/home/jay/colcon_ws/install/ydlidar_ros2_driver:/home/jay/colcon_ws/install/action_msgs:/home/jay/colcon_ws/install/unique_identifier_msgs:/home/jay/colcon_ws/install/turtlebot3_simulations:/home/jay/colcon_ws/install/turtlebot3_gazebo:/home/jay/colcon_ws/install/turtlebot3_fake_node:/home/jay/colcon_ws/install/std_srvs:/home/jay/colcon_ws/install/drive_base_msgs:/home/jay/colcon_ws/install/std_msgs:/home/jay/colcon_ws/install/rmw_microxrcedds:/home/jay/colcon_ws/install/rosidl_typesupport_microxrcedds_cpp:/home/jay/colcon_ws/install/rosidl_typesupport_microxrcedds_c:/home/jay/colcon_ws/install/rcl_interfaces:/home/jay/colcon_ws/install/microxrcedds_client:/home/jay/colcon_ws/install/microcdr:/home/jay/colcon_ws/install/micro_ros_setup:/home/jay/colcon_ws/install/micro_ros_agent:/home/jay/colcon_ws/install/micro_ros_msgs:/home/jay/colcon_ws/install/complex_msgs:/home/jay/colcon_ws/install/builtin_interfaces:/home/jay/capstonerobot_ws/install/turtlebot3_teleop:/home/jay/capstonerobot_ws/install/turtlebot3_example:/opt/ros/foxy LD_LIBRARY_PATH=/home/jay/capstonerobot_ws/install/micro_ros_msgs/lib:/home/jay/capstonerobot_ws/install/turtlebot3_msgs/lib:/home/jay/capstonerobot_ws/install/micro_ros_agent/lib:/home/jay/capstonerobot_ws/install/drive_base_msgs/lib:/home/jay/colcon_ws/install/action_msgs/lib:/home/jay/colcon_ws/install/unique_identifier_msgs/lib:/home/jay/colcon_ws/install/std_srvs/lib:/home/jay/colcon_ws/install/drive_base_msgs/lib:/home/jay/colcon_ws/install/std_msgs/lib:/home/jay/colcon_ws/install/rmw_microxrcedds/lib:/home/jay/colcon_ws/install/rosidl_typesupport_microxrcedds_cpp/lib:/home/jay/colcon_ws/install/rosidl_typesupport_microxrcedds_c/lib:/home/jay/colcon_ws/install/rcl_interfaces/lib:/home/jay/colcon_ws/install/micro_ros_agent/lib:/home/jay/colcon_ws/install/micro_ros_msgs/lib:/home/jay/colcon_ws/install/complex_msgs/lib:/home/jay/colcon_ws/install/builtin_interfaces/lib:/usr/lib/aarch64-linux-gnu/gazebo-11/plugins:/opt/ros/foxy/opt/yaml_cpp_vendor/lib:/opt/ros/foxy/opt/rviz_ogre_vendor/lib:/opt/ros/foxy/lib/aarch64-linux-gnu:/opt/ros/foxy/lib PYTHONPATH=/home/jay/capstonerobot_ws/install/micro_ros_msgs/lib/python3.8/site-packages:/home/jay/capstonerobot_ws/install/turtlebot3_teleop/lib/python3.8/site-packages:/home/jay/capstonerobot_ws/install/turtlebot3_example/lib/python3.8/site-packages:/home/jay/capstonerobot_ws/install/turtlebot3_msgs/lib/python3.8/site-packages:/home/jay/capstonerobot_ws/install/drive_base_msgs/lib/python3.8/site-packages:/home/jay/colcon_ws/install/action_msgs/lib/python3.8/site-packages:/home/jay/colcon_ws/install/unique_identifier_msgs/lib/python3.8/site-packages:/home/jay/colcon_ws/install/std_srvs/lib/python3.8/site-packages:/home/jay/colcon_ws/install/drive_base_msgs/lib/python3.8/site-packages:/home/jay/colcon_ws/install/std_msgs/lib/python3.8/site-packages:/home/jay/colcon_ws/install/rosidl_typesupport_microxrcedds_cpp/lib/python3.8/site-packages:/home/jay/colcon_ws/install/rosidl_typesupport_microxrcedds_c/lib/python3.8/site-packages:/home/jay/colcon_ws/install/rcl_interfaces/lib/python3.8/site-packages:/home/jay/colcon_ws/install/micro_ros_msgs/lib/python3.8/site-packages:/home/jay/colcon_ws/install/complex_msgs/lib/python3.8/site-packages:/home/jay/colcon_ws/install/builtin_interfaces/lib/python3.8/site-packages:/opt/ros/foxy/lib/python3.8/site-packages /usr/bin/cmake --build /home/jay/capstonerobot_ws/build/micro_ros_agent -- -j4 -l4
[1.273s] DEBUG:colcon.colcon_core.event_handler.log_command:Invoking command in '/home/jay/capstonerobot_ws/build/micro_ros_agent': CMAKE_PREFIX_PATH=/home/jay/capstonerobot_ws/install/micro_ros_msgs:/home/jay/capstonerobot_ws/install/ydlidar_ros2_driver:/home/jay/capstonerobot_ws/install/turtlebot3:/home/jay/capstonerobot_ws/install/turtlebot3_simulations:/home/jay/capstonerobot_ws/install/turtlebot3_bringup:/home/jay/capstonerobot_ws/install/turtlebot3_node:/home/jay/capstonerobot_ws/install/turtlebot3_navigation2:/home/jay/capstonerobot_ws/install/turtlebot3_fake_node:/home/jay/capstonerobot_ws/install/turtlebot3_msgs:/home/jay/capstonerobot_ws/install/turtlebot3_gazebo:/home/jay/capstonerobot_ws/install/turtlebot3_description:/home/jay/capstonerobot_ws/install/turtlebot3_cartographer:/home/jay/capstonerobot_ws/install/micro_ros_setup:/home/jay/capstonerobot_ws/install/micro_ros_agent:/home/jay/capstonerobot_ws/install/drive_base_msgs:/home/jay/colcon_ws/install/ydlidar_ros2_driver:/home/jay/colcon_ws/install/action_msgs:/home/jay/colcon_ws/install/unique_identifier_msgs:/home/jay/colcon_ws/install/turtlebot3_simulations:/home/jay/colcon_ws/install/turtlebot3_gazebo:/home/jay/colcon_ws/install/turtlebot3_fake_node:/home/jay/colcon_ws/install/std_srvs:/home/jay/colcon_ws/install/drive_base_msgs:/home/jay/colcon_ws/install/std_msgs:/home/jay/colcon_ws/install/rmw_microxrcedds:/home/jay/colcon_ws/install/rosidl_typesupport_microxrcedds_cpp:/home/jay/colcon_ws/install/rosidl_typesupport_microxrcedds_c:/home/jay/colcon_ws/install/rcl_interfaces:/home/jay/colcon_ws/install/microxrcedds_client:/home/jay/colcon_ws/install/microcdr:/home/jay/colcon_ws/install/micro_ros_setup:/home/jay/colcon_ws/install/micro_ros_agent:/home/jay/colcon_ws/install/micro_ros_msgs:/home/jay/colcon_ws/install/complex_msgs:/home/jay/colcon_ws/install/builtin_interfaces:/home/jay/capstonerobot_ws/install/turtlebot3_teleop:/home/jay/capstonerobot_ws/install/turtlebot3_example:/opt/ros/foxy LD_LIBRARY_PATH=/home/jay/capstonerobot_ws/install/micro_ros_msgs/lib:/home/jay/capstonerobot_ws/install/turtlebot3_msgs/lib:/home/jay/capstonerobot_ws/install/micro_ros_agent/lib:/home/jay/capstonerobot_ws/install/drive_base_msgs/lib:/home/jay/colcon_ws/install/action_msgs/lib:/home/jay/colcon_ws/install/unique_identifier_msgs/lib:/home/jay/colcon_ws/install/std_srvs/lib:/home/jay/colcon_ws/install/drive_base_msgs/lib:/home/jay/colcon_ws/install/std_msgs/lib:/home/jay/colcon_ws/install/rmw_microxrcedds/lib:/home/jay/colcon_ws/install/rosidl_typesupport_microxrcedds_cpp/lib:/home/jay/colcon_ws/install/rosidl_typesupport_microxrcedds_c/lib:/home/jay/colcon_ws/install/rcl_interfaces/lib:/home/jay/colcon_ws/install/micro_ros_agent/lib:/home/jay/colcon_ws/install/micro_ros_msgs/lib:/home/jay/colcon_ws/install/complex_msgs/lib:/home/jay/colcon_ws/install/builtin_interfaces/lib:/usr/lib/aarch64-linux-gnu/gazebo-11/plugins:/opt/ros/foxy/opt/yaml_cpp_vendor/lib:/opt/ros/foxy/opt/rviz_ogre_vendor/lib:/opt/ros/foxy/lib/aarch64-linux-gnu:/opt/ros/foxy/lib PYTHONPATH=/home/jay/capstonerobot_ws/install/micro_ros_msgs/lib/python3.8/site-packages:/home/jay/capstonerobot_ws/install/turtlebot3_teleop/lib/python3.8/site-packages:/home/jay/capstonerobot_ws/install/turtlebot3_example/lib/python3.8/site-packages:/home/jay/capstonerobot_ws/install/turtlebot3_msgs/lib/python3.8/site-packages:/home/jay/capstonerobot_ws/install/drive_base_msgs/lib/python3.8/site-packages:/home/jay/colcon_ws/install/action_msgs/lib/python3.8/site-packages:/home/jay/colcon_ws/install/unique_identifier_msgs/lib/python3.8/site-packages:/home/jay/colcon_ws/install/std_srvs/lib/python3.8/site-packages:/home/jay/colcon_ws/install/drive_base_msgs/lib/python3.8/site-packages:/home/jay/colcon_ws/install/std_msgs/lib/python3.8/site-packages:/home/jay/colcon_ws/install/rosidl_typesupport_microxrcedds_cpp/lib/python3.8/site-packages:/home/jay/colcon_ws/install/rosidl_typesupport_microxrcedds_c/lib/python3.8/site-packages:/home/jay/colcon_ws/install/rcl_interfaces/lib/python3.8/site-packages:/home/jay/colcon_ws/install/micro_ros_msgs/lib/python3.8/site-packages:/home/jay/colcon_ws/install/complex_msgs/lib/python3.8/site-packages:/home/jay/colcon_ws/install/builtin_interfaces/lib/python3.8/site-packages:/opt/ros/foxy/lib/python3.8/site-packages /usr/bin/cmake --install /home/jay/capstonerobot_ws/build/micro_ros_agent
[1.299s] Level 1:colcon.colcon_core.environment:create_environment_scripts_only(micro_ros_agent)
[1.300s] Level 1:colcon.colcon_core.environment:checking '/home/jay/capstonerobot_ws/install/micro_ros_agent' for CMake module files
[1.301s] DEBUG:colcon.colcon_core.event_handler.log_command:Invoked command in '/home/jay/capstonerobot_ws/build/micro_ros_agent' returned '0': CMAKE_PREFIX_PATH=/home/jay/capstonerobot_ws/install/micro_ros_msgs:/home/jay/capstonerobot_ws/install/ydlidar_ros2_driver:/home/jay/capstonerobot_ws/install/turtlebot3:/home/jay/capstonerobot_ws/install/turtlebot3_simulations:/home/jay/capstonerobot_ws/install/turtlebot3_bringup:/home/jay/capstonerobot_ws/install/turtlebot3_node:/home/jay/capstonerobot_ws/install/turtlebot3_navigation2:/home/jay/capstonerobot_ws/install/turtlebot3_fake_node:/home/jay/capstonerobot_ws/install/turtlebot3_msgs:/home/jay/capstonerobot_ws/install/turtlebot3_gazebo:/home/jay/capstonerobot_ws/install/turtlebot3_description:/home/jay/capstonerobot_ws/install/turtlebot3_cartographer:/home/jay/capstonerobot_ws/install/micro_ros_setup:/home/jay/capstonerobot_ws/install/micro_ros_agent:/home/jay/capstonerobot_ws/install/drive_base_msgs:/home/jay/colcon_ws/install/ydlidar_ros2_driver:/home/jay/colcon_ws/install/action_msgs:/home/jay/colcon_ws/install/unique_identifier_msgs:/home/jay/colcon_ws/install/turtlebot3_simulations:/home/jay/colcon_ws/install/turtlebot3_gazebo:/home/jay/colcon_ws/install/turtlebot3_fake_node:/home/jay/colcon_ws/install/std_srvs:/home/jay/colcon_ws/install/drive_base_msgs:/home/jay/colcon_ws/install/std_msgs:/home/jay/colcon_ws/install/rmw_microxrcedds:/home/jay/colcon_ws/install/rosidl_typesupport_microxrcedds_cpp:/home/jay/colcon_ws/install/rosidl_typesupport_microxrcedds_c:/home/jay/colcon_ws/install/rcl_interfaces:/home/jay/colcon_ws/install/microxrcedds_client:/home/jay/colcon_ws/install/microcdr:/home/jay/colcon_ws/install/micro_ros_setup:/home/jay/colcon_ws/install/micro_ros_agent:/home/jay/colcon_ws/install/micro_ros_msgs:/home/jay/colcon_ws/install/complex_msgs:/home/jay/colcon_ws/install/builtin_interfaces:/home/jay/capstonerobot_ws/install/turtlebot3_teleop:/home/jay/capstonerobot_ws/install/turtlebot3_example:/opt/ros/foxy LD_LIBRARY_PATH=/home/jay/capstonerobot_ws/install/micro_ros_msgs/lib:/home/jay/capstonerobot_ws/install/turtlebot3_msgs/lib:/home/jay/capstonerobot_ws/install/micro_ros_agent/lib:/home/jay/capstonerobot_ws/install/drive_base_msgs/lib:/home/jay/colcon_ws/install/action_msgs/lib:/home/jay/colcon_ws/install/unique_identifier_msgs/lib:/home/jay/colcon_ws/install/std_srvs/lib:/home/jay/colcon_ws/install/drive_base_msgs/lib:/home/jay/colcon_ws/install/std_msgs/lib:/home/jay/colcon_ws/install/rmw_microxrcedds/lib:/home/jay/colcon_ws/install/rosidl_typesupport_microxrcedds_cpp/lib:/home/jay/colcon_ws/install/rosidl_typesupport_microxrcedds_c/lib:/home/jay/colcon_ws/install/rcl_interfaces/lib:/home/jay/colcon_ws/install/micro_ros_agent/lib:/home/jay/colcon_ws/install/micro_ros_msgs/lib:/home/jay/colcon_ws/install/complex_msgs/lib:/home/jay/colcon_ws/install/builtin_interfaces/lib:/usr/lib/aarch64-linux-gnu/gazebo-11/plugins:/opt/ros/foxy/opt/yaml_cpp_vendor/lib:/opt/ros/foxy/opt/rviz_ogre_vendor/lib:/opt/ros/foxy/lib/aarch64-linux-gnu:/opt/ros/foxy/lib PYTHONPATH=/home/jay/capstonerobot_ws/install/micro_ros_msgs/lib/python3.8/site-packages:/home/jay/capstonerobot_ws/install/turtlebot3_teleop/lib/python3.8/site-packages:/home/jay/capstonerobot_ws/install/turtlebot3_example/lib/python3.8/site-packages:/home/jay/capstonerobot_ws/install/turtlebot3_msgs/lib/python3.8/site-packages:/home/jay/capstonerobot_ws/install/drive_base_msgs/lib/python3.8/site-packages:/home/jay/colcon_ws/install/action_msgs/lib/python3.8/site-packages:/home/jay/colcon_ws/install/unique_identifier_msgs/lib/python3.8/site-packages:/home/jay/colcon_ws/install/std_srvs/lib/python3.8/site-packages:/home/jay/colcon_ws/install/drive_base_msgs/lib/python3.8/site-packages:/home/jay/colcon_ws/install/std_msgs/lib/python3.8/site-packages:/home/jay/colcon_ws/install/rosidl_typesupport_microxrcedds_cpp/lib/python3.8/site-packages:/home/jay/colcon_ws/install/rosidl_typesupport_microxrcedds_c/lib/python3.8/site-packages:/home/jay/colcon_ws/install/rcl_interfaces/lib/python3.8/site-packages:/home/jay/colcon_ws/install/micro_ros_msgs/lib/python3.8/site-packages:/home/jay/colcon_ws/install/complex_msgs/lib/python3.8/site-packages:/home/jay/colcon_ws/install/builtin_interfaces/lib/python3.8/site-packages:/opt/ros/foxy/lib/python3.8/site-packages /usr/bin/cmake --install /home/jay/capstonerobot_ws/build/micro_ros_agent
[1.301s] Level 1:colcon.colcon_core.environment:checking '/home/jay/capstonerobot_ws/install/micro_ros_agent' for CMake config files
[1.309s] Level 1:colcon.colcon_core.shell:create_environment_hook('micro_ros_agent', 'cmake_prefix_path')
[1.310s] INFO:colcon.colcon_core.shell:Creating environment hook '/home/jay/capstonerobot_ws/install/micro_ros_agent/share/micro_ros_agent/hook/cmake_prefix_path.ps1'
[1.310s] INFO:colcon.colcon_core.shell:Creating environment descriptor '/home/jay/capstonerobot_ws/install/micro_ros_agent/share/micro_ros_agent/hook/cmake_prefix_path.dsv'
[1.310s] INFO:colcon.colcon_core.shell:Creating environment hook '/home/jay/capstonerobot_ws/install/micro_ros_agent/share/micro_ros_agent/hook/cmake_prefix_path.sh'
[1.311s] Level 1:colcon.colcon_core.environment:checking '/home/jay/capstonerobot_ws/install/micro_ros_agent/lib'
[1.311s] Level 1:colcon.colcon_core.shell:create_environment_hook('micro_ros_agent', 'ld_library_path_lib')
[1.312s] INFO:colcon.colcon_core.shell:Creating environment hook '/home/jay/capstonerobot_ws/install/micro_ros_agent/share/micro_ros_agent/hook/ld_library_path_lib.ps1'
[1.312s] INFO:colcon.colcon_core.shell:Creating environment descriptor '/home/jay/capstonerobot_ws/install/micro_ros_agent/share/micro_ros_agent/hook/ld_library_path_lib.dsv'
[1.312s] INFO:colcon.colcon_core.shell:Creating environment hook '/home/jay/capstonerobot_ws/install/micro_ros_agent/share/micro_ros_agent/hook/ld_library_path_lib.sh'
[1.313s] Level 1:colcon.colcon_core.environment:checking '/home/jay/capstonerobot_ws/install/micro_ros_agent/bin'
[1.313s] Level 1:colcon.colcon_core.environment:checking '/home/jay/capstonerobot_ws/install/micro_ros_agent/lib/pkgconfig/micro_ros_agent.pc'
[1.313s] Level 1:colcon.colcon_core.environment:checking '/home/jay/capstonerobot_ws/install/micro_ros_agent/lib/python3.8/site-packages'
[1.313s] Level 1:colcon.colcon_core.environment:checking '/home/jay/capstonerobot_ws/install/micro_ros_agent/bin'
[1.314s] INFO:colcon.colcon_core.shell:Creating package script '/home/jay/capstonerobot_ws/install/micro_ros_agent/share/micro_ros_agent/package.ps1'
[1.315s] INFO:colcon.colcon_core.shell:Creating package descriptor '/home/jay/capstonerobot_ws/install/micro_ros_agent/share/micro_ros_agent/package.dsv'
[1.315s] INFO:colcon.colcon_core.shell:Creating package script '/home/jay/capstonerobot_ws/install/micro_ros_agent/share/micro_ros_agent/package.sh'
[1.315s] INFO:colcon.colcon_core.shell:Creating package script '/home/jay/capstonerobot_ws/install/micro_ros_agent/share/micro_ros_agent/package.bash'
[1.315s] INFO:colcon.colcon_core.shell:Creating package script '/home/jay/capstonerobot_ws/install/micro_ros_agent/share/micro_ros_agent/package.zsh'
[1.316s] Level 1:colcon.colcon_core.environment:create_file_with_runtime_dependencies(/home/jay/capstonerobot_ws/install/micro_ros_agent/share/colcon-core/packages/micro_ros_agent)
[1.352s] Level 1:colcon.colcon_core.environment:create_environment_scripts_only(micro_ros_agent)
[1.354s] Level 1:colcon.colcon_core.environment:checking '/home/jay/capstonerobot_ws/install/micro_ros_agent' for CMake module files
[1.355s] Level 1:colcon.colcon_core.environment:checking '/home/jay/capstonerobot_ws/install/micro_ros_agent' for CMake config files
[1.355s] Level 1:colcon.colcon_core.shell:create_environment_hook('micro_ros_agent', 'cmake_prefix_path')
[1.356s] INFO:colcon.colcon_core.shell:Creating environment hook '/home/jay/capstonerobot_ws/install/micro_ros_agent/share/micro_ros_agent/hook/cmake_prefix_path.ps1'
[1.357s] INFO:colcon.colcon_core.shell:Creating environment descriptor '/home/jay/capstonerobot_ws/install/micro_ros_agent/share/micro_ros_agent/hook/cmake_prefix_path.dsv'
[1.357s] INFO:colcon.colcon_core.shell:Creating environment hook '/home/jay/capstonerobot_ws/install/micro_ros_agent/share/micro_ros_agent/hook/cmake_prefix_path.sh'
[1.358s] Level 1:colcon.colcon_core.environment:checking '/home/jay/capstonerobot_ws/install/micro_ros_agent/lib'
[1.358s] Level 1:colcon.colcon_core.shell:create_environment_hook('micro_ros_agent', 'ld_library_path_lib')
[1.359s] INFO:colcon.colcon_core.shell:Creating environment hook '/home/jay/capstonerobot_ws/install/micro_ros_agent/share/micro_ros_agent/hook/ld_library_path_lib.ps1'
[1.359s] INFO:colcon.colcon_core.shell:Creating environment descriptor '/home/jay/capstonerobot_ws/install/micro_ros_agent/share/micro_ros_agent/hook/ld_library_path_lib.dsv'
[1.359s] INFO:colcon.colcon_core.shell:Creating environment hook '/home/jay/capstonerobot_ws/install/micro_ros_agent/share/micro_ros_agent/hook/ld_library_path_lib.sh'
[1.359s] Level 1:colcon.colcon_core.environment:checking '/home/jay/capstonerobot_ws/install/micro_ros_agent/bin'
[1.360s] Level 1:colcon.colcon_core.environment:checking '/home/jay/capstonerobot_ws/install/micro_ros_agent/lib/pkgconfig/micro_ros_agent.pc'
[1.360s] Level 1:colcon.colcon_core.environment:checking '/home/jay/capstonerobot_ws/install/micro_ros_agent/lib/python3.8/site-packages'
[1.360s] Level 1:colcon.colcon_core.environment:checking '/home/jay/capstonerobot_ws/install/micro_ros_agent/bin'
[1.361s] INFO:colcon.colcon_core.shell:Creating package script '/home/jay/capstonerobot_ws/install/micro_ros_agent/share/micro_ros_agent/package.ps1'
[1.361s] INFO:colcon.colcon_core.shell:Creating package descriptor '/home/jay/capstonerobot_ws/install/micro_ros_agent/share/micro_ros_agent/package.dsv'
[1.362s] INFO:colcon.colcon_core.shell:Creating package script '/home/jay/capstonerobot_ws/install/micro_ros_agent/share/micro_ros_agent/package.sh'
[1.362s] INFO:colcon.colcon_core.shell:Creating package script '/home/jay/capstonerobot_ws/install/micro_ros_agent/share/micro_ros_agent/package.bash'
[1.362s] INFO:colcon.colcon_core.shell:Creating package script '/home/jay/capstonerobot_ws/install/micro_ros_agent/share/micro_ros_agent/package.zsh'
[1.362s] Level 1:colcon.colcon_core.environment:create_file_with_runtime_dependencies(/home/jay/capstonerobot_ws/install/micro_ros_agent/share/colcon-core/packages/micro_ros_agent)
[1.363s] DEBUG:colcon.colcon_parallel_executor.executor.parallel:closing loop
[1.363s] DEBUG:colcon.colcon_parallel_executor.executor.parallel:loop closed
[1.363s] DEBUG:colcon.colcon_parallel_executor.executor.parallel:run_until_complete finished with '0'
[1.363s] DEBUG:colcon.colcon_core.event_reactor:joining thread
[1.369s] INFO:colcon.colcon_core.plugin_system:Skipping extension 'colcon_notification.desktop_notification.terminal_notifier': Not used on non-Darwin systems
[1.369s] INFO:colcon.colcon_core.plugin_system:Skipping extension 'colcon_notification.desktop_notification.win32': Not used on non-Windows systems
[1.369s] INFO:colcon.colcon_notification.desktop_notification:Sending desktop notification using 'notify2'
[1.381s] DEBUG:colcon.colcon_core.event_reactor:joined thread
[1.383s] INFO:colcon.colcon_core.shell:Creating prefix script '/home/jay/capstonerobot_ws/install/local_setup.ps1'
[1.384s] INFO:colcon.colcon_core.shell:Creating prefix util module '/home/jay/capstonerobot_ws/install/_local_setup_util_ps1.py'
[1.385s] INFO:colcon.colcon_core.shell:Creating prefix chain script '/home/jay/capstonerobot_ws/install/setup.ps1'
[1.387s] INFO:colcon.colcon_core.shell:Creating prefix script '/home/jay/capstonerobot_ws/install/local_setup.sh'
[1.388s] INFO:colcon.colcon_core.shell:Creating prefix util module '/home/jay/capstonerobot_ws/install/_local_setup_util_sh.py'
[1.388s] INFO:colcon.colcon_core.shell:Creating prefix chain script '/home/jay/capstonerobot_ws/install/setup.sh'
[1.391s] INFO:colcon.colcon_core.shell:Creating prefix script '/home/jay/capstonerobot_ws/install/local_setup.bash'
[1.391s] INFO:colcon.colcon_core.shell:Creating prefix chain script '/home/jay/capstonerobot_ws/install/setup.bash'
[1.393s] INFO:colcon.colcon_core.shell:Creating prefix script '/home/jay/capstonerobot_ws/install/local_setup.zsh'
[1.394s] INFO:colcon.colcon_core.shell:Creating prefix chain script '/home/jay/capstonerobot_ws/install/setup.zsh'
