[0.088s] Invoking command in '/home/jay/capstonerobot_ws/build/turtlebot3_cartographer': CMAKE_PREFIX_PATH=${CMAKE_PREFIX_PATH}:/home/jay/capstonerobot_ws/install/turtlebot3_teleop:/home/jay/capstonerobot_ws/install/turtlebot3_example:/opt/ros/foxy /usr/bin/cmake /home/jay/capstonerobot_ws/src/turtlebot3/turtlebot3_cartographer -DAMENT_CMAKE_SYMLINK_INSTALL=1 -DCMAKE_INSTALL_PREFIX=/home/jay/capstonerobot_ws/install/turtlebot3_cartographer
[0.109s] -- Found ament_cmake: 0.9.12 (/opt/ros/foxy/share/ament_cmake/cmake)
[0.190s] -- Using PYTHON_EXECUTABLE: /usr/bin/python3
[0.375s] -- Override CMake install command with custom implementation using symlinks instead of copying resources
[0.487s] -- Configuring done
[0.490s] -- Generating done
[0.494s] -- Build files have been written to: /home/jay/capstonerobot_ws/build/turtlebot3_cartographer
[0.500s] Invoked command in '/home/jay/capstonerobot_ws/build/turtlebot3_cartographer' returned '0': CMAKE_PREFIX_PATH=${CMAKE_PREFIX_PATH}:/home/jay/capstonerobot_ws/install/turtlebot3_teleop:/home/jay/capstonerobot_ws/install/turtlebot3_example:/opt/ros/foxy /usr/bin/cmake /home/jay/capstonerobot_ws/src/turtlebot3/turtlebot3_cartographer -DAMENT_CMAKE_SYMLINK_INSTALL=1 -DCMAKE_INSTALL_PREFIX=/home/jay/capstonerobot_ws/install/turtlebot3_cartographer
[0.502s] Invoking command in '/home/jay/capstonerobot_ws/build/turtlebot3_cartographer': CMAKE_PREFIX_PATH=${CMAKE_PREFIX_PATH}:/home/jay/capstonerobot_ws/install/turtlebot3_teleop:/home/jay/capstonerobot_ws/install/turtlebot3_example:/opt/ros/foxy /usr/bin/cmake --build /home/jay/capstonerobot_ws/build/turtlebot3_cartographer -- -j4 -l4
[0.568s] Invoked command in '/home/jay/capstonerobot_ws/build/turtlebot3_cartographer' returned '0': CMAKE_PREFIX_PATH=${CMAKE_PREFIX_PATH}:/home/jay/capstonerobot_ws/install/turtlebot3_teleop:/home/jay/capstonerobot_ws/install/turtlebot3_example:/opt/ros/foxy /usr/bin/cmake --build /home/jay/capstonerobot_ws/build/turtlebot3_cartographer -- -j4 -l4
[0.675s] Invoking command in '/home/jay/capstonerobot_ws/build/turtlebot3_cartographer': CMAKE_PREFIX_PATH=${CMAKE_PREFIX_PATH}:/home/jay/capstonerobot_ws/install/turtlebot3_teleop:/home/jay/capstonerobot_ws/install/turtlebot3_example:/opt/ros/foxy /usr/bin/cmake --install /home/jay/capstonerobot_ws/build/turtlebot3_cartographer
[0.687s] -- Install configuration: ""
[0.688s] -- Execute custom install script
[0.689s] -- Up-to-date symlink: /home/jay/capstonerobot_ws/install/turtlebot3_cartographer/share/turtlebot3_cartographer/config/turtlebot3_lds_2d.lua
[0.689s] -- Up-to-date symlink: /home/jay/capstonerobot_ws/install/turtlebot3_cartographer/share/turtlebot3_cartographer/launch/cartographer.launch.py
[0.689s] -- Up-to-date symlink: /home/jay/capstonerobot_ws/install/turtlebot3_cartographer/share/turtlebot3_cartographer/launch/occupancy_grid.launch.py
[0.690s] -- Up-to-date symlink: /home/jay/capstonerobot_ws/install/turtlebot3_cartographer/share/turtlebot3_cartographer/rviz/tb3_cartographer.rviz
[0.690s] -- Up-to-date symlink: /home/jay/capstonerobot_ws/install/turtlebot3_cartographer/share/ament_index/resource_index/package_run_dependencies/turtlebot3_cartographer
[0.690s] -- Up-to-date symlink: /home/jay/capstonerobot_ws/install/turtlebot3_cartographer/share/ament_index/resource_index/parent_prefix_path/turtlebot3_cartographer
[0.691s] -- Up-to-date symlink: /home/jay/capstonerobot_ws/install/turtlebot3_cartographer/share/turtlebot3_cartographer/environment/ament_prefix_path.sh
[0.691s] -- Up-to-date symlink: /home/jay/capstonerobot_ws/install/turtlebot3_cartographer/share/turtlebot3_cartographer/environment/ament_prefix_path.dsv
[0.691s] -- Up-to-date symlink: /home/jay/capstonerobot_ws/install/turtlebot3_cartographer/share/turtlebot3_cartographer/environment/path.sh
[0.692s] -- Up-to-date symlink: /home/jay/capstonerobot_ws/install/turtlebot3_cartographer/share/turtlebot3_cartographer/environment/path.dsv
[0.692s] -- Up-to-date symlink: /home/jay/capstonerobot_ws/install/turtlebot3_cartographer/share/turtlebot3_cartographer/local_setup.bash
[0.692s] -- Up-to-date symlink: /home/jay/capstonerobot_ws/install/turtlebot3_cartographer/share/turtlebot3_cartographer/local_setup.sh
[0.693s] -- Up-to-date symlink: /home/jay/capstonerobot_ws/install/turtlebot3_cartographer/share/turtlebot3_cartographer/local_setup.zsh
[0.693s] -- Up-to-date symlink: /home/jay/capstonerobot_ws/install/turtlebot3_cartographer/share/turtlebot3_cartographer/local_setup.dsv
[0.695s] -- Symlinking: /home/jay/capstonerobot_ws/install/turtlebot3_cartographer/share/turtlebot3_cartographer/package.dsv
[0.743s] -- Up-to-date symlink: /home/jay/capstonerobot_ws/install/turtlebot3_cartographer/share/ament_index/resource_index/packages/turtlebot3_cartographer
[0.743s] -- Up-to-date symlink: /home/jay/capstonerobot_ws/install/turtlebot3_cartographer/share/turtlebot3_cartographer/cmake/turtlebot3_cartographerConfig.cmake
[0.743s] -- Up-to-date symlink: /home/jay/capstonerobot_ws/install/turtlebot3_cartographer/share/turtlebot3_cartographer/cmake/turtlebot3_cartographerConfig-version.cmake
[0.743s] -- Up-to-date symlink: /home/jay/capstonerobot_ws/install/turtlebot3_cartographer/share/turtlebot3_cartographer/package.xml
[0.746s] Invoked command in '/home/jay/capstonerobot_ws/build/turtlebot3_cartographer' returned '0': CMAKE_PREFIX_PATH=${CMAKE_PREFIX_PATH}:/home/jay/capstonerobot_ws/install/turtlebot3_teleop:/home/jay/capstonerobot_ws/install/turtlebot3_example:/opt/ros/foxy /usr/bin/cmake --install /home/jay/capstonerobot_ws/build/turtlebot3_cartographer
