-- Found ament_cmake: 0.9.12 (/opt/ros/foxy/share/ament_cmake/cmake)
-- Using PYTHON_EXECUTABLE: /usr/bin/python3
-- Override CMake install command with custom implementation using symlinks instead of copying resources
-- Configuring done
-- Generating done
-- Build files have been written to: /home/jay/capstonerobot_ws/build/turtlebot3
-- Install configuration: ""
-- Execute custom install script
-- Symlinking: /home/jay/capstonerobot_ws/install/turtlebot3/share/ament_index/resource_index/package_run_dependencies/turtlebot3
-- Symlinking: /home/jay/capstonerobot_ws/install/turtlebot3/share/ament_index/resource_index/parent_prefix_path/turtlebot3
-- Symlinking: /home/jay/capstonerobot_ws/install/turtlebot3/share/turtlebot3/environment/ament_prefix_path.sh
-- Symlinking: /home/jay/capstonerobot_ws/install/turtlebot3/share/turtlebot3/environment/ament_prefix_path.dsv
-- Symlinking: /home/jay/capstonerobot_ws/install/turtlebot3/share/turtlebot3/environment/path.sh
-- Symlinking: /home/jay/capstonerobot_ws/install/turtlebot3/share/turtlebot3/environment/path.dsv
-- Symlinking: /home/jay/capstonerobot_ws/install/turtlebot3/share/turtlebot3/local_setup.bash
-- Symlinking: /home/jay/capstonerobot_ws/install/turtlebot3/share/turtlebot3/local_setup.sh
-- Symlinking: /home/jay/capstonerobot_ws/install/turtlebot3/share/turtlebot3/local_setup.zsh
-- Symlinking: /home/jay/capstonerobot_ws/install/turtlebot3/share/turtlebot3/local_setup.dsv
-- Symlinking: /home/jay/capstonerobot_ws/install/turtlebot3/share/turtlebot3/package.dsv
-- Symlinking: /home/jay/capstonerobot_ws/install/turtlebot3/share/ament_index/resource_index/packages/turtlebot3
-- Symlinking: /home/jay/capstonerobot_ws/install/turtlebot3/share/turtlebot3/cmake/turtlebot3Config.cmake
-- Symlinking: /home/jay/capstonerobot_ws/install/turtlebot3/share/turtlebot3/cmake/turtlebot3Config-version.cmake
-- Symlinking: /home/jay/capstonerobot_ws/install/turtlebot3/share/turtlebot3/package.xml
