[0.046s] Invoking command in '/home/jay/capstonerobot_ws/build/turtlebot3_cartographer': CMAKE_PREFIX_PATH=${CMAKE_PREFIX_PATH}:/home/jay/capstonerobot_ws/install/turtlebot3_teleop:/home/jay/capstonerobot_ws/install/turtlebot3_example:/opt/ros/foxy /usr/bin/cmake --build /home/jay/capstonerobot_ws/build/turtlebot3_cartographer -- -j4 -l4
[0.157s] Invoked command in '/home/jay/capstonerobot_ws/build/turtlebot3_cartographer' returned '0': CMAKE_PREFIX_PATH=${CMAKE_PREFIX_PATH}:/home/jay/capstonerobot_ws/install/turtlebot3_teleop:/home/jay/capstonerobot_ws/install/turtlebot3_example:/opt/ros/foxy /usr/bin/cmake --build /home/jay/capstonerobot_ws/build/turtlebot3_cartographer -- -j4 -l4
[0.200s] Invoking command in '/home/jay/capstonerobot_ws/build/turtlebot3_cartographer': CMAKE_PREFIX_PATH=${CMAKE_PREFIX_PATH}:/home/jay/capstonerobot_ws/install/turtlebot3_teleop:/home/jay/capstonerobot_ws/install/turtlebot3_example:/opt/ros/foxy /usr/bin/cmake --install /home/jay/capstonerobot_ws/build/turtlebot3_cartographer
[0.215s] -- Install configuration: ""
[0.216s] -- Execute custom install script
[0.219s] -- Up-to-date symlink: /home/jay/capstonerobot_ws/install/turtlebot3_cartographer/share/turtlebot3_cartographer/config/turtlebot3_lds_2d.lua
[0.220s] -- Up-to-date symlink: /home/jay/capstonerobot_ws/install/turtlebot3_cartographer/share/turtlebot3_cartographer/launch/cartographer.launch.py
[0.221s] -- Up-to-date symlink: /home/jay/capstonerobot_ws/install/turtlebot3_cartographer/share/turtlebot3_cartographer/launch/occupancy_grid.launch.py
[0.222s] -- Up-to-date symlink: /home/jay/capstonerobot_ws/install/turtlebot3_cartographer/share/turtlebot3_cartographer/rviz/tb3_cartographer.rviz
[0.222s] -- Up-to-date symlink: /home/jay/capstonerobot_ws/install/turtlebot3_cartographer/share/ament_index/resource_index/package_run_dependencies/turtlebot3_cartographer
[0.223s] -- Up-to-date symlink: /home/jay/capstonerobot_ws/install/turtlebot3_cartographer/share/ament_index/resource_index/parent_prefix_path/turtlebot3_cartographer
[0.224s] -- Up-to-date symlink: /home/jay/capstonerobot_ws/install/turtlebot3_cartographer/share/turtlebot3_cartographer/environment/ament_prefix_path.sh
[0.224s] -- Up-to-date symlink: /home/jay/capstonerobot_ws/install/turtlebot3_cartographer/share/turtlebot3_cartographer/environment/ament_prefix_path.dsv
[0.225s] -- Up-to-date symlink: /home/jay/capstonerobot_ws/install/turtlebot3_cartographer/share/turtlebot3_cartographer/environment/path.sh
[0.225s] -- Up-to-date symlink: /home/jay/capstonerobot_ws/install/turtlebot3_cartographer/share/turtlebot3_cartographer/environment/path.dsv
[0.226s] -- Up-to-date symlink: /home/jay/capstonerobot_ws/install/turtlebot3_cartographer/share/turtlebot3_cartographer/local_setup.bash
[0.226s] -- Up-to-date symlink: /home/jay/capstonerobot_ws/install/turtlebot3_cartographer/share/turtlebot3_cartographer/local_setup.sh
[0.227s] -- Up-to-date symlink: /home/jay/capstonerobot_ws/install/turtlebot3_cartographer/share/turtlebot3_cartographer/local_setup.zsh
[0.227s] -- Up-to-date symlink: /home/jay/capstonerobot_ws/install/turtlebot3_cartographer/share/turtlebot3_cartographer/local_setup.dsv
[0.227s] -- Symlinking: /home/jay/capstonerobot_ws/install/turtlebot3_cartographer/share/turtlebot3_cartographer/package.dsv
[0.240s] -- Up-to-date symlink: /home/jay/capstonerobot_ws/install/turtlebot3_cartographer/share/ament_index/resource_index/packages/turtlebot3_cartographer
[0.241s] -- Up-to-date symlink: /home/jay/capstonerobot_ws/install/turtlebot3_cartographer/share/turtlebot3_cartographer/cmake/turtlebot3_cartographerConfig.cmake
[0.241s] -- Up-to-date symlink: /home/jay/capstonerobot_ws/install/turtlebot3_cartographer/share/turtlebot3_cartographer/cmake/turtlebot3_cartographerConfig-version.cmake
[0.241s] -- Up-to-date symlink: /home/jay/capstonerobot_ws/install/turtlebot3_cartographer/share/turtlebot3_cartographer/package.xml
[0.305s] Invoked command in '/home/jay/capstonerobot_ws/build/turtlebot3_cartographer' returned '0': CMAKE_PREFIX_PATH=${CMAKE_PREFIX_PATH}:/home/jay/capstonerobot_ws/install/turtlebot3_teleop:/home/jay/capstonerobot_ws/install/turtlebot3_example:/opt/ros/foxy /usr/bin/cmake --install /home/jay/capstonerobot_ws/build/turtlebot3_cartographer
