[0.045s] Invoking command in '/home/jay/capstonerobot_ws/build/drive_base_msgs': CMAKE_PREFIX_PATH=${CMAKE_PREFIX_PATH}:/home/jay/capstonerobot_ws/install/turtlebot3_teleop:/home/jay/capstonerobot_ws/install/turtlebot3_example:/opt/ros/foxy /usr/bin/cmake /home/jay/capstonerobot_ws/src/uros/drive_base/drive_base_msgs -DCMAKE_INSTALL_PREFIX=/home/jay/capstonerobot_ws/install/drive_base_msgs
[0.119s] -- Found ament_cmake: 0.9.12 (/opt/ros/foxy/share/ament_cmake/cmake)
[0.194s] -- Found PythonInterp: /usr/bin/python3 (found suitable version "3.8.10", minimum required is "3") 
[0.195s] -- Using PYTHON_EXECUTABLE: /usr/bin/python3
[0.466s] -- Override CMake install command with custom implementation using symlinks instead of copying resources
[0.479s] -- Found std_msgs: 2.0.5 (/opt/ros/foxy/share/std_msgs/cmake)
[0.526s] -- Using all available rosidl_typesupport_c: rosidl_typesupport_microxrcedds_c;rosidl_typesupport_fastrtps_c;rosidl_typesupport_introspection_c
[0.536s] -- Found rosidl_adapter: 1.3.1 (/opt/ros/foxy/share/rosidl_adapter/cmake)
[0.766s] -- Using all available rosidl_typesupport_cpp: rosidl_typesupport_microxrcedds_cpp;rosidl_typesupport_fastrtps_cpp;rosidl_typesupport_introspection_cpp
[0.837s] -- Found rosidl_default_generators: 1.0.1 (/opt/ros/foxy/share/rosidl_default_generators/cmake)
[0.894s] -- Found PythonInterp: /usr/bin/python3 (found version "3.8.10") 
[1.174s] -- Found ament_cmake_cppcheck: 0.9.8 (/opt/ros/foxy/share/ament_cmake_cppcheck/cmake)
[1.175s] -- Found ament_cmake_cpplint: 0.9.8 (/opt/ros/foxy/share/ament_cmake_cpplint/cmake)
[1.176s] -- Found ament_cmake_uncrustify: 0.9.8 (/opt/ros/foxy/share/ament_cmake_uncrustify/cmake)
[1.176s] -- Found ament_cmake_ros: 0.9.2 (/opt/ros/foxy/share/ament_cmake_ros/cmake)
[1.507s] -- Using all available rosidl_typesupport_c: rosidl_typesupport_microxrcedds_c;rosidl_typesupport_fastrtps_c;rosidl_typesupport_introspection_c
[1.666s] -- Using all available rosidl_typesupport_cpp: rosidl_typesupport_microxrcedds_cpp;rosidl_typesupport_fastrtps_cpp;rosidl_typesupport_introspection_cpp
[1.736s] -- Found PythonInterp: /usr/bin/python3 (found suitable version "3.8.10", minimum required is "3.5") 
[1.736s] -- Found python_cmake_module: 0.8.1 (/opt/ros/foxy/share/python_cmake_module/cmake)
[1.789s] -- Using PYTHON_EXECUTABLE: /usr/bin/python3
[1.789s] -- Using PYTHON_INCLUDE_DIRS: /usr/include/python3.8
[1.789s] -- Using PYTHON_LIBRARIES: /usr/lib/aarch64-linux-gnu/libpython3.8.so
[1.894s] -- Found ament_cmake_flake8: 0.9.8 (/opt/ros/foxy/share/ament_cmake_flake8/cmake)
[1.896s] -- Found ament_cmake_pep257: 0.9.8 (/opt/ros/foxy/share/ament_cmake_pep257/cmake)
[1.931s] -- Configuring done
[2.122s] -- Generating done
[2.135s] -- Build files have been written to: /home/jay/capstonerobot_ws/build/drive_base_msgs
[2.146s] Invoked command in '/home/jay/capstonerobot_ws/build/drive_base_msgs' returned '0': CMAKE_PREFIX_PATH=${CMAKE_PREFIX_PATH}:/home/jay/capstonerobot_ws/install/turtlebot3_teleop:/home/jay/capstonerobot_ws/install/turtlebot3_example:/opt/ros/foxy /usr/bin/cmake /home/jay/capstonerobot_ws/src/uros/drive_base/drive_base_msgs -DCMAKE_INSTALL_PREFIX=/home/jay/capstonerobot_ws/install/drive_base_msgs
[2.147s] Invoking command in '/home/jay/capstonerobot_ws/build/drive_base_msgs': CMAKE_PREFIX_PATH=${CMAKE_PREFIX_PATH}:/home/jay/capstonerobot_ws/install/turtlebot3_teleop:/home/jay/capstonerobot_ws/install/turtlebot3_example:/opt/ros/foxy /usr/bin/cmake --build /home/jay/capstonerobot_ws/build/drive_base_msgs -- -j4 -l4
[2.278s] [  8%] Built target drive_base_msgs__rosidl_generator_c
[2.307s] [ 10%] Built target drive_base_msgs__cpp
[2.402s] [ 18%] Built target drive_base_msgs__rosidl_typesupport_microxrcedds_c
[2.430s] [ 27%] Built target drive_base_msgs__rosidl_typesupport_c
[2.437s] [ 36%] Built target drive_base_msgs__rosidl_typesupport_introspection_c
[2.449s] [ 44%] Built target drive_base_msgs__rosidl_typesupport_introspection_cpp
[2.499s] [ 53%] Built target drive_base_msgs__rosidl_typesupport_fastrtps_cpp
[2.513s] [ 62%] Built target drive_base_msgs__rosidl_typesupport_cpp
[2.529s] [ 71%] Built target drive_base_msgs__rosidl_typesupport_microxrcedds_cpp
[2.562s] [ 79%] Built target drive_base_msgs__rosidl_typesupport_fastrtps_c
[2.597s] [ 79%] Built target drive_base_msgs
[2.635s] [ 81%] Built target drive_base_msgs__py
[2.685s] [ 88%] Built target drive_base_msgs__python
[2.807s] [ 91%] Built target drive_base_msgs__rosidl_typesupport_microxrcedds_c__pyext
[2.841s] [ 94%] Built target drive_base_msgs__rosidl_typesupport_c__pyext
[2.841s] [ 97%] Built target drive_base_msgs__rosidl_typesupport_fastrtps_c__pyext
[2.859s] [100%] Built target drive_base_msgs__rosidl_typesupport_introspection_c__pyext
[2.884s] Invoked command in '/home/jay/capstonerobot_ws/build/drive_base_msgs' returned '0': CMAKE_PREFIX_PATH=${CMAKE_PREFIX_PATH}:/home/jay/capstonerobot_ws/install/turtlebot3_teleop:/home/jay/capstonerobot_ws/install/turtlebot3_example:/opt/ros/foxy /usr/bin/cmake --build /home/jay/capstonerobot_ws/build/drive_base_msgs -- -j4 -l4
[3.495s] Invoking command in '/home/jay/capstonerobot_ws/build/drive_base_msgs': CMAKE_PREFIX_PATH=${CMAKE_PREFIX_PATH}:/home/jay/capstonerobot_ws/install/turtlebot3_teleop:/home/jay/capstonerobot_ws/install/turtlebot3_example:/opt/ros/foxy /usr/bin/cmake --install /home/jay/capstonerobot_ws/build/drive_base_msgs
[3.508s] -- Install configuration: ""
[3.508s] -- Execute custom install script
[3.509s] -- Up-to-date symlink: /home/jay/capstonerobot_ws/install/drive_base_msgs/share/ament_index/resource_index/rosidl_interfaces/drive_base_msgs
[3.511s] -- Up-to-date symlink: /home/jay/capstonerobot_ws/install/drive_base_msgs/include/drive_base_msgs/msg/base_info.h
[3.512s] -- Up-to-date symlink: /home/jay/capstonerobot_ws/install/drive_base_msgs/include/drive_base_msgs/msg/command_header.h
[3.513s] -- Up-to-date symlink: /home/jay/capstonerobot_ws/install/drive_base_msgs/include/drive_base_msgs/msg/command_status.h
[3.515s] -- Up-to-date symlink: /home/jay/capstonerobot_ws/install/drive_base_msgs/include/drive_base_msgs/msg/detail/base_info__functions.h
[3.518s] -- Up-to-date symlink: /home/jay/capstonerobot_ws/install/drive_base_msgs/include/drive_base_msgs/msg/detail/base_info__struct.h
[3.519s] -- Up-to-date symlink: /home/jay/capstonerobot_ws/install/drive_base_msgs/include/drive_base_msgs/msg/detail/base_info__type_support.h
[3.520s] -- Up-to-date symlink: /home/jay/capstonerobot_ws/install/drive_base_msgs/include/drive_base_msgs/msg/detail/command_header__functions.h
[3.520s] -- Up-to-date symlink: /home/jay/capstonerobot_ws/install/drive_base_msgs/include/drive_base_msgs/msg/detail/command_header__struct.h
[3.522s] -- Up-to-date symlink: /home/jay/capstonerobot_ws/install/drive_base_msgs/include/drive_base_msgs/msg/detail/command_header__type_support.h
[3.523s] -- Up-to-date symlink: /home/jay/capstonerobot_ws/install/drive_base_msgs/include/drive_base_msgs/msg/detail/command_status__functions.h
[3.524s] -- Up-to-date symlink: /home/jay/capstonerobot_ws/install/drive_base_msgs/include/drive_base_msgs/msg/detail/command_status__struct.h
[3.525s] -- Up-to-date symlink: /home/jay/capstonerobot_ws/install/drive_base_msgs/include/drive_base_msgs/msg/detail/command_status__type_support.h
[3.526s] -- Up-to-date symlink: /home/jay/capstonerobot_ws/install/drive_base_msgs/include/drive_base_msgs/msg/detail/trv_command__functions.h
[3.527s] -- Up-to-date symlink: /home/jay/capstonerobot_ws/install/drive_base_msgs/include/drive_base_msgs/msg/detail/trv_command__struct.h
[3.528s] -- Up-to-date symlink: /home/jay/capstonerobot_ws/install/drive_base_msgs/include/drive_base_msgs/msg/detail/trv_command__type_support.h
[3.528s] -- Up-to-date symlink: /home/jay/capstonerobot_ws/install/drive_base_msgs/include/drive_base_msgs/msg/rosidl_generator_c__visibility_control.h
[3.529s] -- Up-to-date symlink: /home/jay/capstonerobot_ws/install/drive_base_msgs/include/drive_base_msgs/msg/trv_command.h
[3.529s] -- Up-to-date symlink: /home/jay/capstonerobot_ws/install/drive_base_msgs/share/drive_base_msgs/environment/library_path.sh
[3.530s] -- Up-to-date symlink: /home/jay/capstonerobot_ws/install/drive_base_msgs/share/drive_base_msgs/environment/library_path.dsv
[3.532s] -- Up-to-date symlink: /home/jay/capstonerobot_ws/install/drive_base_msgs/include/drive_base_msgs/msg/detail/base_info__rosidl_typesupport_microxrcedds_c.h
[3.532s] -- Up-to-date symlink: /home/jay/capstonerobot_ws/install/drive_base_msgs/include/drive_base_msgs/msg/detail/command_header__rosidl_typesupport_microxrcedds_c.h
[3.532s] -- Up-to-date symlink: /home/jay/capstonerobot_ws/install/drive_base_msgs/include/drive_base_msgs/msg/detail/command_status__rosidl_typesupport_microxrcedds_c.h
[3.533s] -- Up-to-date symlink: /home/jay/capstonerobot_ws/install/drive_base_msgs/include/drive_base_msgs/msg/detail/trv_command__rosidl_typesupport_microxrcedds_c.h
[3.533s] -- Up-to-date symlink: /home/jay/capstonerobot_ws/install/drive_base_msgs/include/drive_base_msgs/msg/rosidl_typesupport_microxrcedds_c__visibility_control.h
[3.534s] -- Up-to-date symlink: /home/jay/capstonerobot_ws/install/drive_base_msgs/lib/libdrive_base_msgs__rosidl_typesupport_microxrcedds_c.a
[3.535s] -- Up-to-date symlink: /home/jay/capstonerobot_ws/install/drive_base_msgs/include/drive_base_msgs/msg/detail/base_info__rosidl_typesupport_fastrtps_c.h
[3.536s] -- Up-to-date symlink: /home/jay/capstonerobot_ws/install/drive_base_msgs/include/drive_base_msgs/msg/detail/command_header__rosidl_typesupport_fastrtps_c.h
[3.538s] -- Up-to-date symlink: /home/jay/capstonerobot_ws/install/drive_base_msgs/include/drive_base_msgs/msg/detail/command_status__rosidl_typesupport_fastrtps_c.h
[3.538s] -- Up-to-date symlink: /home/jay/capstonerobot_ws/install/drive_base_msgs/include/drive_base_msgs/msg/detail/trv_command__rosidl_typesupport_fastrtps_c.h
[3.540s] -- Up-to-date symlink: /home/jay/capstonerobot_ws/install/drive_base_msgs/include/drive_base_msgs/msg/rosidl_typesupport_fastrtps_c__visibility_control.h
[3.540s] -- Up-to-date symlink: /home/jay/capstonerobot_ws/install/drive_base_msgs/lib/libdrive_base_msgs__rosidl_typesupport_fastrtps_c.so
[3.541s] -- Up-to-date symlink: /home/jay/capstonerobot_ws/install/drive_base_msgs/include/drive_base_msgs/msg/detail/base_info__rosidl_typesupport_fastrtps_cpp.hpp
[3.542s] -- Up-to-date symlink: /home/jay/capstonerobot_ws/install/drive_base_msgs/include/drive_base_msgs/msg/detail/command_header__rosidl_typesupport_fastrtps_cpp.hpp
[3.542s] -- Up-to-date symlink: /home/jay/capstonerobot_ws/install/drive_base_msgs/include/drive_base_msgs/msg/detail/command_status__rosidl_typesupport_fastrtps_cpp.hpp
[3.543s] -- Up-to-date symlink: /home/jay/capstonerobot_ws/install/drive_base_msgs/include/drive_base_msgs/msg/detail/trv_command__rosidl_typesupport_fastrtps_cpp.hpp
[3.544s] -- Up-to-date symlink: /home/jay/capstonerobot_ws/install/drive_base_msgs/include/drive_base_msgs/msg/rosidl_typesupport_fastrtps_cpp__visibility_control.h
[3.544s] -- Up-to-date symlink: /home/jay/capstonerobot_ws/install/drive_base_msgs/lib/libdrive_base_msgs__rosidl_typesupport_fastrtps_cpp.so
[3.545s] -- Up-to-date symlink: /home/jay/capstonerobot_ws/install/drive_base_msgs/include/drive_base_msgs/msg/detail/base_info__rosidl_typesupport_introspection_c.h
[3.546s] -- Up-to-date symlink: /home/jay/capstonerobot_ws/install/drive_base_msgs/include/drive_base_msgs/msg/detail/command_header__rosidl_typesupport_introspection_c.h
[3.546s] -- Up-to-date symlink: /home/jay/capstonerobot_ws/install/drive_base_msgs/include/drive_base_msgs/msg/detail/command_status__rosidl_typesupport_introspection_c.h
[3.547s] -- Up-to-date symlink: /home/jay/capstonerobot_ws/install/drive_base_msgs/include/drive_base_msgs/msg/detail/trv_command__rosidl_typesupport_introspection_c.h
[3.548s] -- Up-to-date symlink: /home/jay/capstonerobot_ws/install/drive_base_msgs/include/drive_base_msgs/msg/rosidl_typesupport_introspection_c__visibility_control.h
[3.549s] -- Up-to-date symlink: /home/jay/capstonerobot_ws/install/drive_base_msgs/include/drive_base_msgs/msg/base_info.hpp
[3.549s] -- Up-to-date symlink: /home/jay/capstonerobot_ws/install/drive_base_msgs/include/drive_base_msgs/msg/command_header.hpp
[3.550s] -- Up-to-date symlink: /home/jay/capstonerobot_ws/install/drive_base_msgs/include/drive_base_msgs/msg/command_status.hpp
[3.551s] -- Up-to-date symlink: /home/jay/capstonerobot_ws/install/drive_base_msgs/include/drive_base_msgs/msg/detail/base_info__builder.hpp
[3.552s] -- Up-to-date symlink: /home/jay/capstonerobot_ws/install/drive_base_msgs/include/drive_base_msgs/msg/detail/base_info__struct.hpp
[3.552s] -- Up-to-date symlink: /home/jay/capstonerobot_ws/install/drive_base_msgs/include/drive_base_msgs/msg/detail/base_info__traits.hpp
[3.554s] -- Up-to-date symlink: /home/jay/capstonerobot_ws/install/drive_base_msgs/include/drive_base_msgs/msg/detail/base_info__type_support.hpp
[3.555s] -- Up-to-date symlink: /home/jay/capstonerobot_ws/install/drive_base_msgs/include/drive_base_msgs/msg/detail/command_header__builder.hpp
[3.557s] -- Up-to-date symlink: /home/jay/capstonerobot_ws/install/drive_base_msgs/include/drive_base_msgs/msg/detail/command_header__struct.hpp
[3.558s] -- Up-to-date symlink: /home/jay/capstonerobot_ws/install/drive_base_msgs/include/drive_base_msgs/msg/detail/command_header__traits.hpp
[3.558s] -- Up-to-date symlink: /home/jay/capstonerobot_ws/install/drive_base_msgs/include/drive_base_msgs/msg/detail/command_header__type_support.hpp
[3.560s] -- Up-to-date symlink: /home/jay/capstonerobot_ws/install/drive_base_msgs/include/drive_base_msgs/msg/detail/command_status__builder.hpp
[3.560s] -- Up-to-date symlink: /home/jay/capstonerobot_ws/install/drive_base_msgs/include/drive_base_msgs/msg/detail/command_status__struct.hpp
[3.560s] -- Up-to-date symlink: /home/jay/capstonerobot_ws/install/drive_base_msgs/include/drive_base_msgs/msg/detail/command_status__traits.hpp
[3.561s] -- Up-to-date symlink: /home/jay/capstonerobot_ws/install/drive_base_msgs/include/drive_base_msgs/msg/detail/command_status__type_support.hpp
[3.562s] -- Up-to-date symlink: /home/jay/capstonerobot_ws/install/drive_base_msgs/include/drive_base_msgs/msg/detail/trv_command__builder.hpp
[3.562s] -- Up-to-date symlink: /home/jay/capstonerobot_ws/install/drive_base_msgs/include/drive_base_msgs/msg/detail/trv_command__struct.hpp
[3.563s] -- Up-to-date symlink: /home/jay/capstonerobot_ws/install/drive_base_msgs/include/drive_base_msgs/msg/detail/trv_command__traits.hpp
[3.564s] -- Up-to-date symlink: /home/jay/capstonerobot_ws/install/drive_base_msgs/include/drive_base_msgs/msg/detail/trv_command__type_support.hpp
[3.564s] -- Up-to-date symlink: /home/jay/capstonerobot_ws/install/drive_base_msgs/include/drive_base_msgs/msg/rosidl_generator_cpp__visibility_control.hpp
[3.565s] -- Up-to-date symlink: /home/jay/capstonerobot_ws/install/drive_base_msgs/include/drive_base_msgs/msg/trv_command.hpp
[3.566s] -- Up-to-date symlink: /home/jay/capstonerobot_ws/install/drive_base_msgs/include/drive_base_msgs/msg/detail/base_info__rosidl_typesupport_microxrcedds_cpp.hpp
[3.566s] -- Up-to-date symlink: /home/jay/capstonerobot_ws/install/drive_base_msgs/include/drive_base_msgs/msg/detail/command_header__rosidl_typesupport_microxrcedds_cpp.hpp
[3.567s] -- Up-to-date symlink: /home/jay/capstonerobot_ws/install/drive_base_msgs/include/drive_base_msgs/msg/detail/command_status__rosidl_typesupport_microxrcedds_cpp.hpp
[3.568s] -- Up-to-date symlink: /home/jay/capstonerobot_ws/install/drive_base_msgs/include/drive_base_msgs/msg/detail/microxrcedds/base_info__type_support_cpp.cpp
[3.569s] -- Up-to-date symlink: /home/jay/capstonerobot_ws/install/drive_base_msgs/include/drive_base_msgs/msg/detail/microxrcedds/command_header__type_support_cpp.cpp
[3.569s] -- Up-to-date symlink: /home/jay/capstonerobot_ws/install/drive_base_msgs/include/drive_base_msgs/msg/detail/microxrcedds/command_status__type_support_cpp.cpp
[3.570s] -- Up-to-date symlink: /home/jay/capstonerobot_ws/install/drive_base_msgs/include/drive_base_msgs/msg/detail/microxrcedds/trv_command__type_support_cpp.cpp
[3.572s] -- Up-to-date symlink: /home/jay/capstonerobot_ws/install/drive_base_msgs/include/drive_base_msgs/msg/detail/trv_command__rosidl_typesupport_microxrcedds_cpp.hpp
[3.573s] -- Up-to-date symlink: /home/jay/capstonerobot_ws/install/drive_base_msgs/include/drive_base_msgs/msg/rosidl_typesupport_microxrcedds_cpp__visibility_control.h
[3.574s] -- Up-to-date symlink: /home/jay/capstonerobot_ws/install/drive_base_msgs/lib/libdrive_base_msgs__rosidl_typesupport_microxrcedds_cpp.a
[3.575s] -- Up-to-date symlink: /home/jay/capstonerobot_ws/install/drive_base_msgs/include/drive_base_msgs/msg/detail/base_info__rosidl_typesupport_introspection_cpp.hpp
[3.576s] -- Up-to-date symlink: /home/jay/capstonerobot_ws/install/drive_base_msgs/include/drive_base_msgs/msg/detail/command_header__rosidl_typesupport_introspection_cpp.hpp
[3.577s] -- Up-to-date symlink: /home/jay/capstonerobot_ws/install/drive_base_msgs/include/drive_base_msgs/msg/detail/command_status__rosidl_typesupport_introspection_cpp.hpp
[3.577s] -- Up-to-date symlink: /home/jay/capstonerobot_ws/install/drive_base_msgs/include/drive_base_msgs/msg/detail/trv_command__rosidl_typesupport_introspection_cpp.hpp
[3.578s] -- Up-to-date symlink: /home/jay/capstonerobot_ws/install/drive_base_msgs/share/drive_base_msgs/environment/pythonpath.sh
[3.578s] -- Up-to-date symlink: /home/jay/capstonerobot_ws/install/drive_base_msgs/share/drive_base_msgs/environment/pythonpath.dsv
[3.584s] -- Up-to-date symlink: /home/jay/capstonerobot_ws/install/drive_base_msgs/lib/python3.8/site-packages/drive_base_msgs/__init__.py
[3.586s] -- Up-to-date symlink: /home/jay/capstonerobot_ws/install/drive_base_msgs/lib/python3.8/site-packages/drive_base_msgs/msg/__init__.py
[3.586s] -- Up-to-date symlink: /home/jay/capstonerobot_ws/install/drive_base_msgs/lib/python3.8/site-packages/drive_base_msgs/msg/_base_info.py
[3.588s] -- Up-to-date symlink: /home/jay/capstonerobot_ws/install/drive_base_msgs/lib/python3.8/site-packages/drive_base_msgs/msg/_command_header.py
[3.588s] -- Up-to-date symlink: /home/jay/capstonerobot_ws/install/drive_base_msgs/lib/python3.8/site-packages/drive_base_msgs/msg/_command_status.py
[3.589s] -- Up-to-date symlink: /home/jay/capstonerobot_ws/install/drive_base_msgs/lib/python3.8/site-packages/drive_base_msgs/msg/_trv_command.py
[3.589s] -- Up-to-date symlink: /home/jay/capstonerobot_ws/install/drive_base_msgs/lib/python3.8/site-packages/drive_base_msgs/drive_base_msgs_s__rosidl_typesupport_microxrcedds_c.cpython-38-aarch64-linux-gnu.so
[3.592s] -- Up-to-date symlink: /home/jay/capstonerobot_ws/install/drive_base_msgs/lib/python3.8/site-packages/drive_base_msgs/drive_base_msgs_s__rosidl_typesupport_fastrtps_c.cpython-38-aarch64-linux-gnu.so
[3.592s] -- Up-to-date symlink: /home/jay/capstonerobot_ws/install/drive_base_msgs/lib/python3.8/site-packages/drive_base_msgs/drive_base_msgs_s__rosidl_typesupport_introspection_c.cpython-38-aarch64-linux-gnu.so
[3.592s] -- Up-to-date symlink: /home/jay/capstonerobot_ws/install/drive_base_msgs/lib/python3.8/site-packages/drive_base_msgs/drive_base_msgs_s__rosidl_typesupport_c.cpython-38-aarch64-linux-gnu.so
[3.593s] -- Up-to-date symlink: /home/jay/capstonerobot_ws/install/drive_base_msgs/lib/libdrive_base_msgs__python.so
[3.596s] -- Up-to-date symlink: /home/jay/capstonerobot_ws/install/drive_base_msgs/share/drive_base_msgs/msg/CommandHeader.idl
[3.596s] -- Up-to-date symlink: /home/jay/capstonerobot_ws/install/drive_base_msgs/share/drive_base_msgs/msg/BaseInfo.idl
[3.597s] -- Up-to-date symlink: /home/jay/capstonerobot_ws/install/drive_base_msgs/share/drive_base_msgs/msg/CommandStatus.idl
[3.598s] -- Up-to-date symlink: /home/jay/capstonerobot_ws/install/drive_base_msgs/share/drive_base_msgs/msg/TRVCommand.idl
[3.599s] -- Up-to-date symlink: /home/jay/capstonerobot_ws/install/drive_base_msgs/share/drive_base_msgs/msg/CommandHeader.msg
[3.602s] -- Up-to-date symlink: /home/jay/capstonerobot_ws/install/drive_base_msgs/share/drive_base_msgs/msg/BaseInfo.msg
[3.606s] -- Up-to-date symlink: /home/jay/capstonerobot_ws/install/drive_base_msgs/share/drive_base_msgs/msg/CommandStatus.msg
[3.607s] -- Up-to-date symlink: /home/jay/capstonerobot_ws/install/drive_base_msgs/share/drive_base_msgs/msg/TRVCommand.msg
[3.607s] -- Up-to-date symlink: /home/jay/capstonerobot_ws/install/drive_base_msgs/share/ament_index/resource_index/package_run_dependencies/drive_base_msgs
[3.607s] -- Up-to-date symlink: /home/jay/capstonerobot_ws/install/drive_base_msgs/share/ament_index/resource_index/parent_prefix_path/drive_base_msgs
[3.607s] -- Up-to-date symlink: /home/jay/capstonerobot_ws/install/drive_base_msgs/share/drive_base_msgs/environment/ament_prefix_path.sh
[3.612s] -- Up-to-date symlink: /home/jay/capstonerobot_ws/install/drive_base_msgs/share/drive_base_msgs/environment/ament_prefix_path.dsv
[3.612s] -- Up-to-date symlink: /home/jay/capstonerobot_ws/install/drive_base_msgs/share/drive_base_msgs/environment/path.sh
[3.612s] -- Up-to-date symlink: /home/jay/capstonerobot_ws/install/drive_base_msgs/share/drive_base_msgs/environment/path.dsv
[3.614s] -- Up-to-date symlink: /home/jay/capstonerobot_ws/install/drive_base_msgs/share/drive_base_msgs/local_setup.bash
[3.615s] -- Up-to-date symlink: /home/jay/capstonerobot_ws/install/drive_base_msgs/share/drive_base_msgs/local_setup.sh
[3.616s] -- Up-to-date symlink: /home/jay/capstonerobot_ws/install/drive_base_msgs/share/drive_base_msgs/local_setup.zsh
[3.616s] -- Up-to-date symlink: /home/jay/capstonerobot_ws/install/drive_base_msgs/share/drive_base_msgs/local_setup.dsv
[3.616s] -- Symlinking: /home/jay/capstonerobot_ws/install/drive_base_msgs/share/drive_base_msgs/package.dsv
[3.634s] -- Up-to-date symlink: /home/jay/capstonerobot_ws/install/drive_base_msgs/share/ament_index/resource_index/packages/drive_base_msgs
[3.636s] -- Up-to-date symlink: /home/jay/capstonerobot_ws/install/drive_base_msgs/share/drive_base_msgs/cmake/rosidl_cmake-extras.cmake
[3.639s] -- Up-to-date symlink: /home/jay/capstonerobot_ws/install/drive_base_msgs/share/drive_base_msgs/cmake/ament_cmake_export_dependencies-extras.cmake
[3.639s] -- Up-to-date symlink: /home/jay/capstonerobot_ws/install/drive_base_msgs/share/drive_base_msgs/cmake/ament_cmake_export_libraries-extras.cmake
[3.640s] -- Up-to-date symlink: /home/jay/capstonerobot_ws/install/drive_base_msgs/share/drive_base_msgs/cmake/ament_cmake_export_targets-extras.cmake
[3.640s] -- Up-to-date symlink: /home/jay/capstonerobot_ws/install/drive_base_msgs/share/drive_base_msgs/cmake/ament_cmake_export_include_directories-extras.cmake
[3.645s] -- Up-to-date symlink: /home/jay/capstonerobot_ws/install/drive_base_msgs/share/drive_base_msgs/cmake/rosidl_cmake_export_typesupport_libraries-extras.cmake
[3.645s] -- Up-to-date symlink: /home/jay/capstonerobot_ws/install/drive_base_msgs/share/drive_base_msgs/cmake/rosidl_cmake_export_typesupport_targets-extras.cmake
[3.645s] -- Up-to-date symlink: /home/jay/capstonerobot_ws/install/drive_base_msgs/share/drive_base_msgs/cmake/drive_base_msgsConfig.cmake
[3.645s] -- Up-to-date symlink: /home/jay/capstonerobot_ws/install/drive_base_msgs/share/drive_base_msgs/cmake/drive_base_msgsConfig-version.cmake
[3.645s] -- Up-to-date symlink: /home/jay/capstonerobot_ws/install/drive_base_msgs/share/drive_base_msgs/package.xml
[3.649s] -- Up-to-date: /home/jay/capstonerobot_ws/install/drive_base_msgs/lib/libdrive_base_msgs__rosidl_generator_c.so
[3.652s] -- Up-to-date: /home/jay/capstonerobot_ws/install/drive_base_msgs/lib/libdrive_base_msgs__rosidl_typesupport_introspection_c.so
[3.654s] -- Up-to-date: /home/jay/capstonerobot_ws/install/drive_base_msgs/lib/libdrive_base_msgs__rosidl_typesupport_c.so
[3.658s] -- Up-to-date: /home/jay/capstonerobot_ws/install/drive_base_msgs/lib/libdrive_base_msgs__rosidl_typesupport_introspection_cpp.so
[3.661s] -- Up-to-date: /home/jay/capstonerobot_ws/install/drive_base_msgs/lib/libdrive_base_msgs__rosidl_typesupport_cpp.so
[3.725s] Compiling '/home/jay/capstonerobot_ws/install/drive_base_msgs/lib/python3.8/site-packages/drive_base_msgs/__init__.py'...
[3.733s] -- Up-to-date: /home/jay/capstonerobot_ws/install/drive_base_msgs/share/drive_base_msgs/cmake/drive_base_msgs__rosidl_generator_cExport.cmake
[3.733s] -- Installing: /home/jay/capstonerobot_ws/install/drive_base_msgs/share/drive_base_msgs/cmake/drive_base_msgs__rosidl_generator_cExport-noconfig.cmake
[3.734s] -- Up-to-date: /home/jay/capstonerobot_ws/install/drive_base_msgs/share/drive_base_msgs/cmake/drive_base_msgs__rosidl_typesupport_introspection_cExport.cmake
[3.734s] -- Installing: /home/jay/capstonerobot_ws/install/drive_base_msgs/share/drive_base_msgs/cmake/drive_base_msgs__rosidl_typesupport_introspection_cExport-noconfig.cmake
[3.736s] -- Up-to-date: /home/jay/capstonerobot_ws/install/drive_base_msgs/share/drive_base_msgs/cmake/drive_base_msgs__rosidl_typesupport_cExport.cmake
[3.736s] -- Installing: /home/jay/capstonerobot_ws/install/drive_base_msgs/share/drive_base_msgs/cmake/drive_base_msgs__rosidl_typesupport_cExport-noconfig.cmake
[3.738s] -- Up-to-date: /home/jay/capstonerobot_ws/install/drive_base_msgs/share/drive_base_msgs/cmake/drive_base_msgs__rosidl_generator_cppExport.cmake
[3.740s] -- Up-to-date: /home/jay/capstonerobot_ws/install/drive_base_msgs/share/drive_base_msgs/cmake/drive_base_msgs__rosidl_typesupport_introspection_cppExport.cmake
[3.741s] -- Installing: /home/jay/capstonerobot_ws/install/drive_base_msgs/share/drive_base_msgs/cmake/drive_base_msgs__rosidl_typesupport_introspection_cppExport-noconfig.cmake
[3.744s] -- Up-to-date: /home/jay/capstonerobot_ws/install/drive_base_msgs/share/drive_base_msgs/cmake/drive_base_msgs__rosidl_typesupport_cppExport.cmake
[3.744s] -- Installing: /home/jay/capstonerobot_ws/install/drive_base_msgs/share/drive_base_msgs/cmake/drive_base_msgs__rosidl_typesupport_cppExport-noconfig.cmake
[3.748s] Invoked command in '/home/jay/capstonerobot_ws/build/drive_base_msgs' returned '0': CMAKE_PREFIX_PATH=${CMAKE_PREFIX_PATH}:/home/jay/capstonerobot_ws/install/turtlebot3_teleop:/home/jay/capstonerobot_ws/install/turtlebot3_example:/opt/ros/foxy /usr/bin/cmake --install /home/jay/capstonerobot_ws/build/drive_base_msgs
