[0.034s] Invoking command in '/home/jay/capstonerobot_ws/build/turtlebot3_navigation2': CMAKE_PREFIX_PATH=${CMAKE_PREFIX_PATH}:/home/jay/capstonerobot_ws/install/turtlebot3_teleop:/home/jay/capstonerobot_ws/install/turtlebot3_example:/opt/ros/foxy /usr/bin/cmake --build /home/jay/capstonerobot_ws/build/turtlebot3_navigation2 -- -j4 -l4
[0.395s] Invoked command in '/home/jay/capstonerobot_ws/build/turtlebot3_navigation2' returned '0': CMAKE_PREFIX_PATH=${CMAKE_PREFIX_PATH}:/home/jay/capstonerobot_ws/install/turtlebot3_teleop:/home/jay/capstonerobot_ws/install/turtlebot3_example:/opt/ros/foxy /usr/bin/cmake --build /home/jay/capstonerobot_ws/build/turtlebot3_navigation2 -- -j4 -l4
[0.439s] Invoking command in '/home/jay/capstonerobot_ws/build/turtlebot3_navigation2': CMAKE_PREFIX_PATH=${CMAKE_PREFIX_PATH}:/home/jay/capstonerobot_ws/install/turtlebot3_teleop:/home/jay/capstonerobot_ws/install/turtlebot3_example:/opt/ros/foxy /usr/bin/cmake --install /home/jay/capstonerobot_ws/build/turtlebot3_navigation2
[0.448s] -- Install configuration: ""
[0.450s] -- Execute custom install script
[0.453s] -- Up-to-date symlink: /home/jay/capstonerobot_ws/install/turtlebot3_navigation2/share/turtlebot3_navigation2/launch/navigation2.launch.py
[0.454s] -- Up-to-date symlink: /home/jay/capstonerobot_ws/install/turtlebot3_navigation2/share/turtlebot3_navigation2/map/turtlebot3_world.pgm
[0.455s] -- Up-to-date symlink: /home/jay/capstonerobot_ws/install/turtlebot3_navigation2/share/turtlebot3_navigation2/map/turtlebot3_world.yaml
[0.456s] -- Up-to-date symlink: /home/jay/capstonerobot_ws/install/turtlebot3_navigation2/share/turtlebot3_navigation2/param/burger.yaml
[0.457s] -- Up-to-date symlink: /home/jay/capstonerobot_ws/install/turtlebot3_navigation2/share/turtlebot3_navigation2/param/waffle.yaml
[0.457s] -- Up-to-date symlink: /home/jay/capstonerobot_ws/install/turtlebot3_navigation2/share/turtlebot3_navigation2/param/waffle_pi.yaml
[0.459s] -- Up-to-date symlink: /home/jay/capstonerobot_ws/install/turtlebot3_navigation2/share/turtlebot3_navigation2/rviz/tb3_navigation2.rviz
[0.459s] -- Up-to-date symlink: /home/jay/capstonerobot_ws/install/turtlebot3_navigation2/share/ament_index/resource_index/package_run_dependencies/turtlebot3_navigation2
[0.460s] -- Up-to-date symlink: /home/jay/capstonerobot_ws/install/turtlebot3_navigation2/share/ament_index/resource_index/parent_prefix_path/turtlebot3_navigation2
[0.461s] -- Up-to-date symlink: /home/jay/capstonerobot_ws/install/turtlebot3_navigation2/share/turtlebot3_navigation2/environment/ament_prefix_path.sh
[0.461s] -- Up-to-date symlink: /home/jay/capstonerobot_ws/install/turtlebot3_navigation2/share/turtlebot3_navigation2/environment/ament_prefix_path.dsv
[0.462s] -- Up-to-date symlink: /home/jay/capstonerobot_ws/install/turtlebot3_navigation2/share/turtlebot3_navigation2/environment/path.sh
[0.462s] -- Up-to-date symlink: /home/jay/capstonerobot_ws/install/turtlebot3_navigation2/share/turtlebot3_navigation2/environment/path.dsv
[0.463s] -- Up-to-date symlink: /home/jay/capstonerobot_ws/install/turtlebot3_navigation2/share/turtlebot3_navigation2/local_setup.bash
[0.463s] -- Up-to-date symlink: /home/jay/capstonerobot_ws/install/turtlebot3_navigation2/share/turtlebot3_navigation2/local_setup.sh
[0.464s] -- Up-to-date symlink: /home/jay/capstonerobot_ws/install/turtlebot3_navigation2/share/turtlebot3_navigation2/local_setup.zsh
[0.464s] -- Up-to-date symlink: /home/jay/capstonerobot_ws/install/turtlebot3_navigation2/share/turtlebot3_navigation2/local_setup.dsv
[0.465s] -- Symlinking: /home/jay/capstonerobot_ws/install/turtlebot3_navigation2/share/turtlebot3_navigation2/package.dsv
[0.477s] -- Up-to-date symlink: /home/jay/capstonerobot_ws/install/turtlebot3_navigation2/share/ament_index/resource_index/packages/turtlebot3_navigation2
[0.479s] -- Up-to-date symlink: /home/jay/capstonerobot_ws/install/turtlebot3_navigation2/share/turtlebot3_navigation2/cmake/turtlebot3_navigation2Config.cmake
[0.479s] -- Up-to-date symlink: /home/jay/capstonerobot_ws/install/turtlebot3_navigation2/share/turtlebot3_navigation2/cmake/turtlebot3_navigation2Config-version.cmake
[0.480s] -- Up-to-date symlink: /home/jay/capstonerobot_ws/install/turtlebot3_navigation2/share/turtlebot3_navigation2/package.xml
[0.485s] Invoked command in '/home/jay/capstonerobot_ws/build/turtlebot3_navigation2' returned '0': CMAKE_PREFIX_PATH=${CMAKE_PREFIX_PATH}:/home/jay/capstonerobot_ws/install/turtlebot3_teleop:/home/jay/capstonerobot_ws/install/turtlebot3_example:/opt/ros/foxy /usr/bin/cmake --install /home/jay/capstonerobot_ws/build/turtlebot3_navigation2
