[0.170s] Invoking command in '/home/jay/capstonerobot_ws/build/turtlebot3_msgs': CMAKE_PREFIX_PATH=${CMAKE_PREFIX_PATH}:/opt/ros/foxy /usr/bin/cmake /home/jay/capstonerobot_ws/src/turtlebot3_msgs -DAMENT_CMAKE_SYMLINK_INSTALL=1 -DCMAKE_INSTALL_PREFIX=/home/jay/capstonerobot_ws/install/turtlebot3_msgs
[0.937s] -- The C compiler identification is GNU 9.4.0
[1.464s] -- The CXX compiler identification is GNU 9.4.0
[1.478s] -- Check for working C compiler: /usr/bin/cc
[2.105s] -- Check for working C compiler: /usr/bin/cc -- works
[2.105s] -- Detecting C compiler ABI info
[2.704s] -- Detecting C compiler ABI info - done
[2.770s] -- Detecting C compile features
[2.772s] -- Detecting C compile features - done
[2.802s] -- Check for working CXX compiler: /usr/bin/c++
[3.310s] -- Check for working CXX compiler: /usr/bin/c++ -- works
[3.312s] -- Detecting CXX compiler ABI info
[3.831s] -- Detecting CXX compiler ABI info - done
[3.899s] -- Detecting CXX compile features
[3.905s] -- Detecting CXX compile features - done
[3.949s] -- Found action_msgs: 1.0.0 (/home/jay/colcon_ws/install/action_msgs/share/action_msgs/cmake)
[4.179s] -- Found PythonInterp: /usr/bin/python3 (found suitable version "3.8.10", minimum required is "3") 
[4.179s] -- Using PYTHON_EXECUTABLE: /usr/bin/python3
[5.120s] -- Override CMake install command with custom implementation using symlinks instead of copying resources
[5.666s] -- Using all available rosidl_typesupport_c: rosidl_typesupport_microxrcedds_c;rosidl_typesupport_fastrtps_c;rosidl_typesupport_introspection_c
[5.730s] -- Found rosidl_adapter: 1.3.1 (/opt/ros/foxy/share/rosidl_adapter/cmake)
[6.355s] -- Found OpenSSL: /usr/lib/aarch64-linux-gnu/libcrypto.so (found version "1.1.1f")  
[6.586s] -- Found FastRTPS: /opt/ros/foxy/include  
[7.018s] -- Using all available rosidl_typesupport_cpp: rosidl_typesupport_microxrcedds_cpp;rosidl_typesupport_fastrtps_cpp;rosidl_typesupport_introspection_cpp
[7.621s] -- Found rosidl_default_generators: 1.0.1 (/opt/ros/foxy/share/rosidl_default_generators/cmake)
[7.676s] -- Found std_msgs: 2.0.5 (/home/jay/colcon_ws/install/std_msgs/share/std_msgs/cmake)
[7.990s] -- Found PythonInterp: /usr/bin/python3 (found version "3.8.10") 
[9.117s] -- Found ament_cmake_cppcheck: 0.9.8 (/opt/ros/foxy/share/ament_cmake_cppcheck/cmake)
[9.151s] -- Found ament_cmake_cpplint: 0.9.8 (/opt/ros/foxy/share/ament_cmake_cpplint/cmake)
[9.185s] -- Found ament_cmake_uncrustify: 0.9.8 (/opt/ros/foxy/share/ament_cmake_uncrustify/cmake)
[9.204s] -- Found ament_cmake_ros: 0.9.2 (/opt/ros/foxy/share/ament_cmake_ros/cmake)
[10.583s] -- Using all available rosidl_typesupport_c: rosidl_typesupport_microxrcedds_c;rosidl_typesupport_fastrtps_c;rosidl_typesupport_introspection_c
[11.328s] -- Using all available rosidl_typesupport_cpp: rosidl_typesupport_microxrcedds_cpp;rosidl_typesupport_fastrtps_cpp;rosidl_typesupport_introspection_cpp
[11.557s] -- Found PythonInterp: /usr/bin/python3 (found suitable version "3.8.10", minimum required is "3.5") 
[11.577s] -- Found python_cmake_module: 0.8.1 (/opt/ros/foxy/share/python_cmake_module/cmake)
[11.739s] -- Found PythonLibs: /usr/lib/aarch64-linux-gnu/libpython3.8.so (found suitable version "3.8.10", minimum required is "3.5") 
[11.739s] -- Using PYTHON_EXECUTABLE: /usr/bin/python3
[11.739s] -- Using PYTHON_INCLUDE_DIRS: /usr/include/python3.8
[11.739s] -- Using PYTHON_LIBRARIES: /usr/lib/aarch64-linux-gnu/libpython3.8.so
[11.888s] -- Found PythonExtra: .so  
[12.769s] -- Found ament_cmake_flake8: 0.9.8 (/opt/ros/foxy/share/ament_cmake_flake8/cmake)
[12.802s] -- Found ament_cmake_pep257: 0.9.8 (/opt/ros/foxy/share/ament_cmake_pep257/cmake)
[12.935s] -- Configuring done
[13.561s] -- Generating done
[13.574s] -- Build files have been written to: /home/jay/capstonerobot_ws/build/turtlebot3_msgs
[13.625s] Invoked command in '/home/jay/capstonerobot_ws/build/turtlebot3_msgs' returned '0': CMAKE_PREFIX_PATH=${CMAKE_PREFIX_PATH}:/opt/ros/foxy /usr/bin/cmake /home/jay/capstonerobot_ws/src/turtlebot3_msgs -DAMENT_CMAKE_SYMLINK_INSTALL=1 -DCMAKE_INSTALL_PREFIX=/home/jay/capstonerobot_ws/install/turtlebot3_msgs
[13.631s] Invoking command in '/home/jay/capstonerobot_ws/build/turtlebot3_msgs': CMAKE_PREFIX_PATH=${CMAKE_PREFIX_PATH}:/opt/ros/foxy /usr/bin/cmake --build /home/jay/capstonerobot_ws/build/turtlebot3_msgs -- -j4 -l4
[13.956s] [35m[1mScanning dependencies of target turtlebot3_msgs__cpp[0m
[14.084s] [  1%] [34m[1mGenerating C++ code for ROS interfaces[0m
[20.014s] [  1%] Built target turtlebot3_msgs__cpp
[20.122s] [  2%] [34m[1mGenerating C code for ROS interfaces[0m
[25.738s] [35m[1mScanning dependencies of target turtlebot3_msgs__rosidl_generator_c[0m
[25.906s] [  3%] [32mBuilding C object CMakeFiles/turtlebot3_msgs__rosidl_generator_c.dir/rosidl_generator_c/turtlebot3_msgs/msg/detail/sensor_state__functions.c.o[0m
[26.330s] [  4%] [32mBuilding C object CMakeFiles/turtlebot3_msgs__rosidl_generator_c.dir/rosidl_generator_c/turtlebot3_msgs/msg/detail/sound__functions.c.o[0m
[26.653s] [  5%] [32mBuilding C object CMakeFiles/turtlebot3_msgs__rosidl_generator_c.dir/rosidl_generator_c/turtlebot3_msgs/msg/detail/version_info__functions.c.o[0m
[26.951s] [  6%] [32mBuilding C object CMakeFiles/turtlebot3_msgs__rosidl_generator_c.dir/rosidl_generator_c/turtlebot3_msgs/srv/detail/sound__functions.c.o[0m
[27.274s] [  7%] [32mBuilding C object CMakeFiles/turtlebot3_msgs__rosidl_generator_c.dir/rosidl_generator_c/turtlebot3_msgs/srv/detail/dqn__functions.c.o[0m
[27.507s] [  8%] [32mBuilding C object CMakeFiles/turtlebot3_msgs__rosidl_generator_c.dir/rosidl_generator_c/turtlebot3_msgs/action/detail/patrol__functions.c.o[0m
[27.936s] [ 10%] [32m[1mLinking C shared library libturtlebot3_msgs__rosidl_generator_c.so[0m
[28.172s] [ 10%] Built target turtlebot3_msgs__rosidl_generator_c
[28.240s] [ 11%] [34m[1mGenerating C++ type support for eProsima Fast-RTPS[0m
[31.320s] [35m[1mScanning dependencies of target turtlebot3_msgs__rosidl_typesupport_fastrtps_cpp[0m
[31.509s] [ 12%] [32mBuilding CXX object CMakeFiles/turtlebot3_msgs__rosidl_typesupport_fastrtps_cpp.dir/rosidl_typesupport_fastrtps_cpp/turtlebot3_msgs/msg/detail/dds_fastrtps/sensor_state__type_support.cpp.o[0m
[33.145s] [ 13%] [32mBuilding CXX object CMakeFiles/turtlebot3_msgs__rosidl_typesupport_fastrtps_cpp.dir/rosidl_typesupport_fastrtps_cpp/turtlebot3_msgs/msg/detail/dds_fastrtps/sound__type_support.cpp.o[0m
[34.351s] [ 14%] [32mBuilding CXX object CMakeFiles/turtlebot3_msgs__rosidl_typesupport_fastrtps_cpp.dir/rosidl_typesupport_fastrtps_cpp/turtlebot3_msgs/msg/detail/dds_fastrtps/version_info__type_support.cpp.o[0m
[35.810s] [ 15%] [32mBuilding CXX object CMakeFiles/turtlebot3_msgs__rosidl_typesupport_fastrtps_cpp.dir/rosidl_typesupport_fastrtps_cpp/turtlebot3_msgs/srv/detail/dds_fastrtps/sound__type_support.cpp.o[0m
[37.023s] [ 16%] [32mBuilding CXX object CMakeFiles/turtlebot3_msgs__rosidl_typesupport_fastrtps_cpp.dir/rosidl_typesupport_fastrtps_cpp/turtlebot3_msgs/srv/detail/dds_fastrtps/dqn__type_support.cpp.o[0m
[38.419s] [ 17%] [32mBuilding CXX object CMakeFiles/turtlebot3_msgs__rosidl_typesupport_fastrtps_cpp.dir/rosidl_typesupport_fastrtps_cpp/turtlebot3_msgs/action/detail/dds_fastrtps/patrol__type_support.cpp.o[0m
[39.592s] [ 19%] [32m[1mLinking CXX shared library libturtlebot3_msgs__rosidl_typesupport_fastrtps_cpp.so[0m
[40.001s] [ 19%] Built target turtlebot3_msgs__rosidl_typesupport_fastrtps_cpp
[40.104s] [ 20%] [34m[1mGenerating C++ introspection for ROS interfaces[0m
[42.483s] [35m[1mScanning dependencies of target turtlebot3_msgs__rosidl_typesupport_introspection_cpp[0m
[42.632s] [ 21%] [32mBuilding CXX object CMakeFiles/turtlebot3_msgs__rosidl_typesupport_introspection_cpp.dir/rosidl_typesupport_introspection_cpp/turtlebot3_msgs/msg/detail/sensor_state__type_support.cpp.o[0m
[43.389s] [ 22%] [32mBuilding CXX object CMakeFiles/turtlebot3_msgs__rosidl_typesupport_introspection_cpp.dir/rosidl_typesupport_introspection_cpp/turtlebot3_msgs/msg/detail/sound__type_support.cpp.o[0m
[43.859s] [ 23%] [32mBuilding CXX object CMakeFiles/turtlebot3_msgs__rosidl_typesupport_introspection_cpp.dir/rosidl_typesupport_introspection_cpp/turtlebot3_msgs/msg/detail/version_info__type_support.cpp.o[0m
[44.457s] [ 24%] [32mBuilding CXX object CMakeFiles/turtlebot3_msgs__rosidl_typesupport_introspection_cpp.dir/rosidl_typesupport_introspection_cpp/turtlebot3_msgs/srv/detail/sound__type_support.cpp.o[0m
[45.338s] [ 25%] [32mBuilding CXX object CMakeFiles/turtlebot3_msgs__rosidl_typesupport_introspection_cpp.dir/rosidl_typesupport_introspection_cpp/turtlebot3_msgs/srv/detail/dqn__type_support.cpp.o[0m
[45.949s] [ 26%] [32mBuilding CXX object CMakeFiles/turtlebot3_msgs__rosidl_typesupport_introspection_cpp.dir/rosidl_typesupport_introspection_cpp/turtlebot3_msgs/action/detail/patrol__type_support.cpp.o[0m
[46.868s] [ 28%] [32m[1mLinking CXX shared library libturtlebot3_msgs__rosidl_typesupport_introspection_cpp.so[0m
[47.207s] [ 28%] Built target turtlebot3_msgs__rosidl_typesupport_introspection_cpp
[47.274s] [ 29%] [34m[1mGenerating C type support dispatch for ROS interfaces[0m
[49.124s] [35m[1mScanning dependencies of target turtlebot3_msgs__rosidl_typesupport_c[0m
[49.240s] [ 30%] [32mBuilding CXX object CMakeFiles/turtlebot3_msgs__rosidl_typesupport_c.dir/rosidl_typesupport_c/turtlebot3_msgs/msg/sensor_state__type_support.cpp.o[0m
[49.351s] [ 31%] [32mBuilding CXX object CMakeFiles/turtlebot3_msgs__rosidl_typesupport_c.dir/rosidl_typesupport_c/turtlebot3_msgs/msg/sound__type_support.cpp.o[0m
[49.460s] [ 32%] [32mBuilding CXX object CMakeFiles/turtlebot3_msgs__rosidl_typesupport_c.dir/rosidl_typesupport_c/turtlebot3_msgs/msg/version_info__type_support.cpp.o[0m
[49.628s] [ 33%] [32mBuilding CXX object CMakeFiles/turtlebot3_msgs__rosidl_typesupport_c.dir/rosidl_typesupport_c/turtlebot3_msgs/srv/sound__type_support.cpp.o[0m
[49.752s] [ 34%] [32mBuilding CXX object CMakeFiles/turtlebot3_msgs__rosidl_typesupport_c.dir/rosidl_typesupport_c/turtlebot3_msgs/srv/dqn__type_support.cpp.o[0m
[49.892s] [ 35%] [32mBuilding CXX object CMakeFiles/turtlebot3_msgs__rosidl_typesupport_c.dir/rosidl_typesupport_c/turtlebot3_msgs/action/patrol__type_support.cpp.o[0m
[49.982s] [ 37%] [32m[1mLinking CXX shared library libturtlebot3_msgs__rosidl_typesupport_c.so[0m
[50.247s] [ 37%] Built target turtlebot3_msgs__rosidl_typesupport_c
[50.296s] [ 38%] [34m[1mGenerating C type support for eProsima Micro XRCE-DDS[0m
[52.826s] [35m[1mScanning dependencies of target turtlebot3_msgs__rosidl_typesupport_microxrcedds_c[0m
[52.957s] [ 39%] [32mBuilding C object CMakeFiles/turtlebot3_msgs__rosidl_typesupport_microxrcedds_c.dir/rosidl_typesupport_microxrcedds_c/turtlebot3_msgs/msg/detail/microxrcedds/sensor_state__type_support_c.c.o[0m
[53.131s] [ 40%] [32mBuilding C object CMakeFiles/turtlebot3_msgs__rosidl_typesupport_microxrcedds_c.dir/rosidl_typesupport_microxrcedds_c/turtlebot3_msgs/msg/detail/microxrcedds/sound__type_support_c.c.o[0m
[53.319s] [ 41%] [32mBuilding C object CMakeFiles/turtlebot3_msgs__rosidl_typesupport_microxrcedds_c.dir/rosidl_typesupport_microxrcedds_c/turtlebot3_msgs/msg/detail/microxrcedds/version_info__type_support_c.c.o[0m
[53.442s] [ 42%] [32mBuilding C object CMakeFiles/turtlebot3_msgs__rosidl_typesupport_microxrcedds_c.dir/rosidl_typesupport_microxrcedds_c/turtlebot3_msgs/srv/detail/microxrcedds/sound__type_support_c.c.o[0m
[53.610s] [ 43%] [32mBuilding C object CMakeFiles/turtlebot3_msgs__rosidl_typesupport_microxrcedds_c.dir/rosidl_typesupport_microxrcedds_c/turtlebot3_msgs/srv/detail/microxrcedds/dqn__type_support_c.c.o[0m
[54.059s] [ 44%] [32mBuilding C object CMakeFiles/turtlebot3_msgs__rosidl_typesupport_microxrcedds_c.dir/rosidl_typesupport_microxrcedds_c/turtlebot3_msgs/action/detail/microxrcedds/patrol__type_support_c.c.o[0m
[54.399s] [ 46%] [32m[1mLinking C static library libturtlebot3_msgs__rosidl_typesupport_microxrcedds_c.a[0m
[54.514s] [ 46%] Built target turtlebot3_msgs__rosidl_typesupport_microxrcedds_c
[54.533s] [ 47%] [34m[1mGenerating C introspection for ROS interfaces[0m
[56.886s] [35m[1mScanning dependencies of target turtlebot3_msgs__rosidl_typesupport_introspection_c[0m
[57.002s] [ 48%] [32mBuilding C object CMakeFiles/turtlebot3_msgs__rosidl_typesupport_introspection_c.dir/rosidl_typesupport_introspection_c/turtlebot3_msgs/msg/detail/sensor_state__type_support.c.o[0m
[57.119s] [ 49%] [32mBuilding C object CMakeFiles/turtlebot3_msgs__rosidl_typesupport_introspection_c.dir/rosidl_typesupport_introspection_c/turtlebot3_msgs/msg/detail/sound__type_support.c.o[0m
[57.270s] [ 50%] [32mBuilding C object CMakeFiles/turtlebot3_msgs__rosidl_typesupport_introspection_c.dir/rosidl_typesupport_introspection_c/turtlebot3_msgs/msg/detail/version_info__type_support.c.o[0m
[57.484s] [ 51%] [32mBuilding C object CMakeFiles/turtlebot3_msgs__rosidl_typesupport_introspection_c.dir/rosidl_typesupport_introspection_c/turtlebot3_msgs/srv/detail/sound__type_support.c.o[0m
[57.662s] [ 52%] [32mBuilding C object CMakeFiles/turtlebot3_msgs__rosidl_typesupport_introspection_c.dir/rosidl_typesupport_introspection_c/turtlebot3_msgs/srv/detail/dqn__type_support.c.o[0m
[57.836s] [ 53%] [32mBuilding C object CMakeFiles/turtlebot3_msgs__rosidl_typesupport_introspection_c.dir/rosidl_typesupport_introspection_c/turtlebot3_msgs/action/detail/patrol__type_support.c.o[0m
[58.055s] [ 55%] [32m[1mLinking C shared library libturtlebot3_msgs__rosidl_typesupport_introspection_c.so[0m
[58.259s] [ 55%] Built target turtlebot3_msgs__rosidl_typesupport_introspection_c
[58.336s] [ 56%] [34m[1mGenerating C type support for eProsima Fast-RTPS[0m
[60.693s] [35m[1mScanning dependencies of target turtlebot3_msgs__rosidl_typesupport_fastrtps_c[0m
[60.786s] [ 57%] [32mBuilding CXX object CMakeFiles/turtlebot3_msgs__rosidl_typesupport_fastrtps_c.dir/rosidl_typesupport_fastrtps_c/turtlebot3_msgs/msg/detail/sensor_state__type_support_c.cpp.o[0m
[61.631s] [ 58%] [32mBuilding CXX object CMakeFiles/turtlebot3_msgs__rosidl_typesupport_fastrtps_c.dir/rosidl_typesupport_fastrtps_c/turtlebot3_msgs/msg/detail/sound__type_support_c.cpp.o[0m
[62.540s] [ 59%] [32mBuilding CXX object CMakeFiles/turtlebot3_msgs__rosidl_typesupport_fastrtps_c.dir/rosidl_typesupport_fastrtps_c/turtlebot3_msgs/msg/detail/version_info__type_support_c.cpp.o[0m
[63.530s] [ 60%] [32mBuilding CXX object CMakeFiles/turtlebot3_msgs__rosidl_typesupport_fastrtps_c.dir/rosidl_typesupport_fastrtps_c/turtlebot3_msgs/srv/detail/sound__type_support_c.cpp.o[0m
[64.593s] [ 61%] [32mBuilding CXX object CMakeFiles/turtlebot3_msgs__rosidl_typesupport_fastrtps_c.dir/rosidl_typesupport_fastrtps_c/turtlebot3_msgs/srv/detail/dqn__type_support_c.cpp.o[0m
[65.455s] [ 62%] [32mBuilding CXX object CMakeFiles/turtlebot3_msgs__rosidl_typesupport_fastrtps_c.dir/rosidl_typesupport_fastrtps_c/turtlebot3_msgs/action/detail/patrol__type_support_c.cpp.o[0m
[66.791s] [ 64%] [32m[1mLinking CXX shared library libturtlebot3_msgs__rosidl_typesupport_fastrtps_c.so[0m
[67.051s] [ 64%] Built target turtlebot3_msgs__rosidl_typesupport_fastrtps_c
[67.145s] [ 65%] [34m[1mGenerating C++ type support dispatch for ROS interfaces[0m
[69.158s] [35m[1mScanning dependencies of target turtlebot3_msgs__rosidl_typesupport_cpp[0m
[69.288s] [ 66%] [32mBuilding CXX object CMakeFiles/turtlebot3_msgs__rosidl_typesupport_cpp.dir/rosidl_typesupport_cpp/turtlebot3_msgs/msg/sensor_state__type_support.cpp.o[0m
[70.027s] [ 67%] [32mBuilding CXX object CMakeFiles/turtlebot3_msgs__rosidl_typesupport_cpp.dir/rosidl_typesupport_cpp/turtlebot3_msgs/msg/version_info__type_support.cpp.o[0m
[70.618s] [ 68%] [32mBuilding CXX object CMakeFiles/turtlebot3_msgs__rosidl_typesupport_cpp.dir/rosidl_typesupport_cpp/turtlebot3_msgs/srv/sound__type_support.cpp.o[0m
[71.285s] [ 69%] [32mBuilding CXX object CMakeFiles/turtlebot3_msgs__rosidl_typesupport_cpp.dir/rosidl_typesupport_cpp/turtlebot3_msgs/srv/dqn__type_support.cpp.o[0m
[71.949s] [ 70%] [32mBuilding CXX object CMakeFiles/turtlebot3_msgs__rosidl_typesupport_cpp.dir/rosidl_typesupport_cpp/turtlebot3_msgs/action/patrol__type_support.cpp.o[0m
[72.797s] [ 71%] [32mBuilding CXX object CMakeFiles/turtlebot3_msgs__rosidl_typesupport_cpp.dir/rosidl_typesupport_cpp/turtlebot3_msgs/msg/sound__type_support.cpp.o[0m
[73.886s] [ 73%] [32m[1mLinking CXX shared library libturtlebot3_msgs__rosidl_typesupport_cpp.so[0m
[74.052s] [ 73%] Built target turtlebot3_msgs__rosidl_typesupport_cpp
[74.092s] [ 74%] [34m[1mGenerating C++ type support for eProsima Micro XRCE-DDS[0m
[77.351s] [35m[1mScanning dependencies of target turtlebot3_msgs__rosidl_typesupport_microxrcedds_cpp[0m
[77.461s] [ 75%] [32mBuilding CXX object CMakeFiles/turtlebot3_msgs__rosidl_typesupport_microxrcedds_cpp.dir/rosidl_typesupport_microxrcedds_cpp/turtlebot3_msgs/msg/detail/microxrcedds/sensor_state__type_support_cpp.cpp.o[0m
[78.411s] [ 76%] [32mBuilding CXX object CMakeFiles/turtlebot3_msgs__rosidl_typesupport_microxrcedds_cpp.dir/rosidl_typesupport_microxrcedds_cpp/turtlebot3_msgs/srv/detail/microxrcedds/sound__type_support_cpp.cpp.o[0m
[79.386s] [ 77%] [32mBuilding CXX object CMakeFiles/turtlebot3_msgs__rosidl_typesupport_microxrcedds_cpp.dir/rosidl_typesupport_microxrcedds_cpp/turtlebot3_msgs/srv/detail/microxrcedds/dqn__type_support_cpp.cpp.o[0m
[80.256s] [ 78%] [32mBuilding CXX object CMakeFiles/turtlebot3_msgs__rosidl_typesupport_microxrcedds_cpp.dir/rosidl_typesupport_microxrcedds_cpp/turtlebot3_msgs/action/detail/microxrcedds/patrol__type_support_cpp.cpp.o[0m
[81.201s] [ 79%] [32mBuilding CXX object CMakeFiles/turtlebot3_msgs__rosidl_typesupport_microxrcedds_cpp.dir/rosidl_typesupport_microxrcedds_cpp/turtlebot3_msgs/msg/detail/microxrcedds/version_info__type_support_cpp.cpp.o[0m
[81.861s] [ 80%] [32mBuilding CXX object CMakeFiles/turtlebot3_msgs__rosidl_typesupport_microxrcedds_cpp.dir/rosidl_typesupport_microxrcedds_cpp/turtlebot3_msgs/msg/detail/microxrcedds/sound__type_support_cpp.cpp.o[0m
[82.606s] [ 82%] [32m[1mLinking CXX static library libturtlebot3_msgs__rosidl_typesupport_microxrcedds_cpp.a[0m
[82.780s] [ 82%] Built target turtlebot3_msgs__rosidl_typesupport_microxrcedds_cpp
[82.826s] [35m[1mScanning dependencies of target turtlebot3_msgs[0m
[82.878s] [ 82%] Built target turtlebot3_msgs
[82.978s] [35m[1mScanning dependencies of target turtlebot3_msgs__py[0m
[83.077s] [ 83%] [34m[1mGenerating Python code for ROS interfaces[0m
[88.939s] [ 83%] Built target turtlebot3_msgs__py
[88.980s] [35m[1mScanning dependencies of target turtlebot3_msgs__python[0m
[89.230s] [ 84%] [32mBuilding C object CMakeFiles/turtlebot3_msgs__python.dir/rosidl_generator_py/turtlebot3_msgs/msg/_sensor_state_s.c.o[0m
[89.884s] [ 85%] [32mBuilding C object CMakeFiles/turtlebot3_msgs__python.dir/rosidl_generator_py/turtlebot3_msgs/srv/_sound_s.c.o[0m
[90.210s] [ 86%] [32mBuilding C object CMakeFiles/turtlebot3_msgs__python.dir/rosidl_generator_py/turtlebot3_msgs/srv/_dqn_s.c.o[0m
[90.714s] [ 87%] [32mBuilding C object CMakeFiles/turtlebot3_msgs__python.dir/rosidl_generator_py/turtlebot3_msgs/action/_patrol_s.c.o[0m
[91.276s] [ 88%] [32mBuilding C object CMakeFiles/turtlebot3_msgs__python.dir/rosidl_generator_py/turtlebot3_msgs/msg/_version_info_s.c.o[0m
[91.623s] [ 89%] [32mBuilding C object CMakeFiles/turtlebot3_msgs__python.dir/rosidl_generator_py/turtlebot3_msgs/msg/_sound_s.c.o[0m
[91.974s] [ 91%] [32m[1mLinking C shared library rosidl_generator_py/turtlebot3_msgs/libturtlebot3_msgs__python.so[0m
[92.193s] [ 91%] Built target turtlebot3_msgs__python
[92.208s] [35m[1mScanning dependencies of target turtlebot3_msgs__rosidl_typesupport_microxrcedds_c__pyext[0m
[92.296s] [ 92%] [32mBuilding C object CMakeFiles/turtlebot3_msgs__rosidl_typesupport_microxrcedds_c__pyext.dir/rosidl_generator_py/turtlebot3_msgs/_turtlebot3_msgs_s.ep.rosidl_typesupport_microxrcedds_c.c.o[0m
[92.819s] [ 93%] [32m[1mLinking C shared library rosidl_generator_py/turtlebot3_msgs/turtlebot3_msgs_s__rosidl_typesupport_microxrcedds_c.cpython-38-aarch64-linux-gnu.so[0m
[93.094s] [ 93%] Built target turtlebot3_msgs__rosidl_typesupport_microxrcedds_c__pyext
[93.177s] [35m[1mScanning dependencies of target turtlebot3_msgs__rosidl_typesupport_c__pyext[0m
[93.305s] [ 94%] [32mBuilding C object CMakeFiles/turtlebot3_msgs__rosidl_typesupport_c__pyext.dir/rosidl_generator_py/turtlebot3_msgs/_turtlebot3_msgs_s.ep.rosidl_typesupport_c.c.o[0m
[93.932s] [ 95%] [32m[1mLinking C shared library rosidl_generator_py/turtlebot3_msgs/turtlebot3_msgs_s__rosidl_typesupport_c.cpython-38-aarch64-linux-gnu.so[0m
[94.206s] [ 95%] Built target turtlebot3_msgs__rosidl_typesupport_c__pyext
[94.281s] [35m[1mScanning dependencies of target turtlebot3_msgs__rosidl_typesupport_fastrtps_c__pyext[0m
[94.462s] [ 96%] [32mBuilding C object CMakeFiles/turtlebot3_msgs__rosidl_typesupport_fastrtps_c__pyext.dir/rosidl_generator_py/turtlebot3_msgs/_turtlebot3_msgs_s.ep.rosidl_typesupport_fastrtps_c.c.o[0m
[94.929s] [ 97%] [32m[1mLinking CXX shared library rosidl_generator_py/turtlebot3_msgs/turtlebot3_msgs_s__rosidl_typesupport_fastrtps_c.cpython-38-aarch64-linux-gnu.so[0m
[95.144s] [ 97%] Built target turtlebot3_msgs__rosidl_typesupport_fastrtps_c__pyext
[95.216s] [35m[1mScanning dependencies of target turtlebot3_msgs__rosidl_typesupport_introspection_c__pyext[0m
[95.403s] [ 98%] [32mBuilding C object CMakeFiles/turtlebot3_msgs__rosidl_typesupport_introspection_c__pyext.dir/rosidl_generator_py/turtlebot3_msgs/_turtlebot3_msgs_s.ep.rosidl_typesupport_introspection_c.c.o[0m
[95.812s] [100%] [32m[1mLinking C shared library rosidl_generator_py/turtlebot3_msgs/turtlebot3_msgs_s__rosidl_typesupport_introspection_c.cpython-38-aarch64-linux-gnu.so[0m
[95.993s] [100%] Built target turtlebot3_msgs__rosidl_typesupport_introspection_c__pyext
[96.051s] Invoked command in '/home/jay/capstonerobot_ws/build/turtlebot3_msgs' returned '0': CMAKE_PREFIX_PATH=${CMAKE_PREFIX_PATH}:/opt/ros/foxy /usr/bin/cmake --build /home/jay/capstonerobot_ws/build/turtlebot3_msgs -- -j4 -l4
[97.784s] Invoking command in '/home/jay/capstonerobot_ws/build/turtlebot3_msgs': CMAKE_PREFIX_PATH=${CMAKE_PREFIX_PATH}:/opt/ros/foxy /usr/bin/cmake --install /home/jay/capstonerobot_ws/build/turtlebot3_msgs
[97.818s] -- Install configuration: ""
[97.819s] -- Execute custom install script
[97.822s] -- Symlinking: /home/jay/capstonerobot_ws/install/turtlebot3_msgs/share/ament_index/resource_index/rosidl_interfaces/turtlebot3_msgs
[97.862s] -- Symlinking: /home/jay/capstonerobot_ws/install/turtlebot3_msgs/include/turtlebot3_msgs/action/detail/patrol__functions.h
[97.896s] -- Symlinking: /home/jay/capstonerobot_ws/install/turtlebot3_msgs/include/turtlebot3_msgs/action/detail/patrol__struct.h
[97.951s] -- Symlinking: /home/jay/capstonerobot_ws/install/turtlebot3_msgs/include/turtlebot3_msgs/action/detail/patrol__type_support.h
[97.982s] -- Symlinking: /home/jay/capstonerobot_ws/install/turtlebot3_msgs/include/turtlebot3_msgs/action/patrol.h
[98.035s] -- Symlinking: /home/jay/capstonerobot_ws/install/turtlebot3_msgs/include/turtlebot3_msgs/msg/detail/sensor_state__functions.h
[98.074s] -- Symlinking: /home/jay/capstonerobot_ws/install/turtlebot3_msgs/include/turtlebot3_msgs/msg/detail/sensor_state__struct.h
[98.114s] -- Symlinking: /home/jay/capstonerobot_ws/install/turtlebot3_msgs/include/turtlebot3_msgs/msg/detail/sensor_state__type_support.h
[98.153s] -- Symlinking: /home/jay/capstonerobot_ws/install/turtlebot3_msgs/include/turtlebot3_msgs/msg/detail/sound__functions.h
[98.192s] -- Symlinking: /home/jay/capstonerobot_ws/install/turtlebot3_msgs/include/turtlebot3_msgs/msg/detail/sound__struct.h
[98.206s] -- Symlinking: /home/jay/capstonerobot_ws/install/turtlebot3_msgs/include/turtlebot3_msgs/msg/detail/sound__type_support.h
[98.227s] -- Symlinking: /home/jay/capstonerobot_ws/install/turtlebot3_msgs/include/turtlebot3_msgs/msg/detail/version_info__functions.h
[98.244s] -- Symlinking: /home/jay/capstonerobot_ws/install/turtlebot3_msgs/include/turtlebot3_msgs/msg/detail/version_info__struct.h
[98.265s] -- Symlinking: /home/jay/capstonerobot_ws/install/turtlebot3_msgs/include/turtlebot3_msgs/msg/detail/version_info__type_support.h
[98.290s] -- Symlinking: /home/jay/capstonerobot_ws/install/turtlebot3_msgs/include/turtlebot3_msgs/msg/rosidl_generator_c__visibility_control.h
[98.309s] -- Symlinking: /home/jay/capstonerobot_ws/install/turtlebot3_msgs/include/turtlebot3_msgs/msg/sensor_state.h
[98.328s] -- Symlinking: /home/jay/capstonerobot_ws/install/turtlebot3_msgs/include/turtlebot3_msgs/msg/sound.h
[98.362s] -- Symlinking: /home/jay/capstonerobot_ws/install/turtlebot3_msgs/include/turtlebot3_msgs/msg/version_info.h
[98.395s] -- Symlinking: /home/jay/capstonerobot_ws/install/turtlebot3_msgs/include/turtlebot3_msgs/srv/detail/dqn__functions.h
[98.410s] -- Symlinking: /home/jay/capstonerobot_ws/install/turtlebot3_msgs/include/turtlebot3_msgs/srv/detail/dqn__struct.h
[98.452s] -- Symlinking: /home/jay/capstonerobot_ws/install/turtlebot3_msgs/include/turtlebot3_msgs/srv/detail/dqn__type_support.h
[98.496s] -- Symlinking: /home/jay/capstonerobot_ws/install/turtlebot3_msgs/include/turtlebot3_msgs/srv/detail/sound__functions.h
[98.526s] -- Symlinking: /home/jay/capstonerobot_ws/install/turtlebot3_msgs/include/turtlebot3_msgs/srv/detail/sound__struct.h
[98.554s] -- Symlinking: /home/jay/capstonerobot_ws/install/turtlebot3_msgs/include/turtlebot3_msgs/srv/detail/sound__type_support.h
[98.585s] -- Symlinking: /home/jay/capstonerobot_ws/install/turtlebot3_msgs/include/turtlebot3_msgs/srv/dqn.h
[98.591s] -- Symlinking: /home/jay/capstonerobot_ws/install/turtlebot3_msgs/include/turtlebot3_msgs/srv/sound.h
[98.606s] -- Symlinking: /home/jay/capstonerobot_ws/install/turtlebot3_msgs/share/turtlebot3_msgs/environment/library_path.sh
[98.644s] -- Symlinking: /home/jay/capstonerobot_ws/install/turtlebot3_msgs/share/turtlebot3_msgs/environment/library_path.dsv
[98.662s] -- Symlinking: /home/jay/capstonerobot_ws/install/turtlebot3_msgs/include/turtlebot3_msgs/action/detail/patrol__rosidl_typesupport_microxrcedds_c.h
[98.717s] -- Symlinking: /home/jay/capstonerobot_ws/install/turtlebot3_msgs/include/turtlebot3_msgs/msg/detail/sensor_state__rosidl_typesupport_microxrcedds_c.h
[98.774s] -- Symlinking: /home/jay/capstonerobot_ws/install/turtlebot3_msgs/include/turtlebot3_msgs/msg/detail/sound__rosidl_typesupport_microxrcedds_c.h
[98.822s] -- Symlinking: /home/jay/capstonerobot_ws/install/turtlebot3_msgs/include/turtlebot3_msgs/msg/detail/version_info__rosidl_typesupport_microxrcedds_c.h
[98.852s] -- Symlinking: /home/jay/capstonerobot_ws/install/turtlebot3_msgs/include/turtlebot3_msgs/msg/rosidl_typesupport_microxrcedds_c__visibility_control.h
[98.880s] -- Symlinking: /home/jay/capstonerobot_ws/install/turtlebot3_msgs/include/turtlebot3_msgs/srv/detail/dqn__rosidl_typesupport_microxrcedds_c.h
[98.898s] -- Symlinking: /home/jay/capstonerobot_ws/install/turtlebot3_msgs/include/turtlebot3_msgs/srv/detail/sound__rosidl_typesupport_microxrcedds_c.h
[98.933s] -- Symlinking: /home/jay/capstonerobot_ws/install/turtlebot3_msgs/lib/libturtlebot3_msgs__rosidl_typesupport_microxrcedds_c.a
[98.946s] -- Symlinking: /home/jay/capstonerobot_ws/install/turtlebot3_msgs/include/turtlebot3_msgs/action/detail/patrol__rosidl_typesupport_fastrtps_c.h
[98.959s] -- Symlinking: /home/jay/capstonerobot_ws/install/turtlebot3_msgs/include/turtlebot3_msgs/msg/detail/sensor_state__rosidl_typesupport_fastrtps_c.h
[98.972s] -- Symlinking: /home/jay/capstonerobot_ws/install/turtlebot3_msgs/include/turtlebot3_msgs/msg/detail/sound__rosidl_typesupport_fastrtps_c.h
[98.985s] -- Symlinking: /home/jay/capstonerobot_ws/install/turtlebot3_msgs/include/turtlebot3_msgs/msg/detail/version_info__rosidl_typesupport_fastrtps_c.h
[99.001s] -- Symlinking: /home/jay/capstonerobot_ws/install/turtlebot3_msgs/include/turtlebot3_msgs/msg/rosidl_typesupport_fastrtps_c__visibility_control.h
[99.016s] -- Symlinking: /home/jay/capstonerobot_ws/install/turtlebot3_msgs/include/turtlebot3_msgs/srv/detail/dqn__rosidl_typesupport_fastrtps_c.h
[99.044s] -- Symlinking: /home/jay/capstonerobot_ws/install/turtlebot3_msgs/include/turtlebot3_msgs/srv/detail/sound__rosidl_typesupport_fastrtps_c.h
[99.078s] -- Symlinking: /home/jay/capstonerobot_ws/install/turtlebot3_msgs/lib/libturtlebot3_msgs__rosidl_typesupport_fastrtps_c.so
[99.116s] -- Symlinking: /home/jay/capstonerobot_ws/install/turtlebot3_msgs/include/turtlebot3_msgs/action/detail/patrol__rosidl_typesupport_fastrtps_cpp.hpp
[99.132s] -- Symlinking: /home/jay/capstonerobot_ws/install/turtlebot3_msgs/include/turtlebot3_msgs/msg/detail/sensor_state__rosidl_typesupport_fastrtps_cpp.hpp
[99.145s] -- Symlinking: /home/jay/capstonerobot_ws/install/turtlebot3_msgs/include/turtlebot3_msgs/msg/detail/sound__rosidl_typesupport_fastrtps_cpp.hpp
[99.190s] -- Symlinking: /home/jay/capstonerobot_ws/install/turtlebot3_msgs/include/turtlebot3_msgs/msg/detail/version_info__rosidl_typesupport_fastrtps_cpp.hpp
[99.222s] -- Symlinking: /home/jay/capstonerobot_ws/install/turtlebot3_msgs/include/turtlebot3_msgs/msg/rosidl_typesupport_fastrtps_cpp__visibility_control.h
[99.235s] -- Symlinking: /home/jay/capstonerobot_ws/install/turtlebot3_msgs/include/turtlebot3_msgs/srv/detail/dqn__rosidl_typesupport_fastrtps_cpp.hpp
[99.257s] -- Symlinking: /home/jay/capstonerobot_ws/install/turtlebot3_msgs/include/turtlebot3_msgs/srv/detail/sound__rosidl_typesupport_fastrtps_cpp.hpp
[99.275s] -- Symlinking: /home/jay/capstonerobot_ws/install/turtlebot3_msgs/lib/libturtlebot3_msgs__rosidl_typesupport_fastrtps_cpp.so
[99.303s] -- Symlinking: /home/jay/capstonerobot_ws/install/turtlebot3_msgs/include/turtlebot3_msgs/action/detail/patrol__rosidl_typesupport_introspection_c.h
[99.327s] -- Symlinking: /home/jay/capstonerobot_ws/install/turtlebot3_msgs/include/turtlebot3_msgs/msg/detail/sensor_state__rosidl_typesupport_introspection_c.h
[99.342s] -- Symlinking: /home/jay/capstonerobot_ws/install/turtlebot3_msgs/include/turtlebot3_msgs/msg/detail/sound__rosidl_typesupport_introspection_c.h
[99.362s] -- Symlinking: /home/jay/capstonerobot_ws/install/turtlebot3_msgs/include/turtlebot3_msgs/msg/detail/version_info__rosidl_typesupport_introspection_c.h
[99.378s] -- Symlinking: /home/jay/capstonerobot_ws/install/turtlebot3_msgs/include/turtlebot3_msgs/msg/rosidl_typesupport_introspection_c__visibility_control.h
[99.395s] -- Symlinking: /home/jay/capstonerobot_ws/install/turtlebot3_msgs/include/turtlebot3_msgs/srv/detail/dqn__rosidl_typesupport_introspection_c.h
[99.411s] -- Symlinking: /home/jay/capstonerobot_ws/install/turtlebot3_msgs/include/turtlebot3_msgs/srv/detail/sound__rosidl_typesupport_introspection_c.h
[99.435s] -- Symlinking: /home/jay/capstonerobot_ws/install/turtlebot3_msgs/include/turtlebot3_msgs/action/detail/patrol__builder.hpp
[99.466s] -- Symlinking: /home/jay/capstonerobot_ws/install/turtlebot3_msgs/include/turtlebot3_msgs/action/detail/patrol__struct.hpp
[99.534s] -- Symlinking: /home/jay/capstonerobot_ws/install/turtlebot3_msgs/include/turtlebot3_msgs/action/detail/patrol__traits.hpp
[99.571s] -- Symlinking: /home/jay/capstonerobot_ws/install/turtlebot3_msgs/include/turtlebot3_msgs/action/detail/patrol__type_support.hpp
[99.635s] -- Symlinking: /home/jay/capstonerobot_ws/install/turtlebot3_msgs/include/turtlebot3_msgs/action/patrol.hpp
[99.663s] -- Symlinking: /home/jay/capstonerobot_ws/install/turtlebot3_msgs/include/turtlebot3_msgs/msg/detail/sensor_state__builder.hpp
[99.728s] -- Symlinking: /home/jay/capstonerobot_ws/install/turtlebot3_msgs/include/turtlebot3_msgs/msg/detail/sensor_state__struct.hpp
[99.770s] -- Symlinking: /home/jay/capstonerobot_ws/install/turtlebot3_msgs/include/turtlebot3_msgs/msg/detail/sensor_state__traits.hpp
[99.817s] -- Symlinking: /home/jay/capstonerobot_ws/install/turtlebot3_msgs/include/turtlebot3_msgs/msg/detail/sensor_state__type_support.hpp
[99.866s] -- Symlinking: /home/jay/capstonerobot_ws/install/turtlebot3_msgs/include/turtlebot3_msgs/msg/detail/sound__builder.hpp
[99.921s] -- Symlinking: /home/jay/capstonerobot_ws/install/turtlebot3_msgs/include/turtlebot3_msgs/msg/detail/sound__struct.hpp
[99.936s] -- Symlinking: /home/jay/capstonerobot_ws/install/turtlebot3_msgs/include/turtlebot3_msgs/msg/detail/sound__traits.hpp
[99.966s] -- Symlinking: /home/jay/capstonerobot_ws/install/turtlebot3_msgs/include/turtlebot3_msgs/msg/detail/sound__type_support.hpp
[99.992s] -- Symlinking: /home/jay/capstonerobot_ws/install/turtlebot3_msgs/include/turtlebot3_msgs/msg/detail/version_info__builder.hpp
[100.012s] -- Symlinking: /home/jay/capstonerobot_ws/install/turtlebot3_msgs/include/turtlebot3_msgs/msg/detail/version_info__struct.hpp
[100.032s] -- Symlinking: /home/jay/capstonerobot_ws/install/turtlebot3_msgs/include/turtlebot3_msgs/msg/detail/version_info__traits.hpp
[100.054s] -- Symlinking: /home/jay/capstonerobot_ws/install/turtlebot3_msgs/include/turtlebot3_msgs/msg/detail/version_info__type_support.hpp
[100.090s] -- Symlinking: /home/jay/capstonerobot_ws/install/turtlebot3_msgs/include/turtlebot3_msgs/msg/rosidl_generator_cpp__visibility_control.hpp
[100.134s] -- Symlinking: /home/jay/capstonerobot_ws/install/turtlebot3_msgs/include/turtlebot3_msgs/msg/sensor_state.hpp
[100.184s] -- Symlinking: /home/jay/capstonerobot_ws/install/turtlebot3_msgs/include/turtlebot3_msgs/msg/sound.hpp
[100.215s] -- Symlinking: /home/jay/capstonerobot_ws/install/turtlebot3_msgs/include/turtlebot3_msgs/msg/version_info.hpp
[100.232s] -- Symlinking: /home/jay/capstonerobot_ws/install/turtlebot3_msgs/include/turtlebot3_msgs/srv/detail/dqn__builder.hpp
[100.250s] -- Symlinking: /home/jay/capstonerobot_ws/install/turtlebot3_msgs/include/turtlebot3_msgs/srv/detail/dqn__struct.hpp
[100.268s] -- Symlinking: /home/jay/capstonerobot_ws/install/turtlebot3_msgs/include/turtlebot3_msgs/srv/detail/dqn__traits.hpp
[100.288s] -- Symlinking: /home/jay/capstonerobot_ws/install/turtlebot3_msgs/include/turtlebot3_msgs/srv/detail/dqn__type_support.hpp
[100.305s] -- Symlinking: /home/jay/capstonerobot_ws/install/turtlebot3_msgs/include/turtlebot3_msgs/srv/detail/sound__builder.hpp
[100.336s] -- Symlinking: /home/jay/capstonerobot_ws/install/turtlebot3_msgs/include/turtlebot3_msgs/srv/detail/sound__struct.hpp
[100.376s] -- Symlinking: /home/jay/capstonerobot_ws/install/turtlebot3_msgs/include/turtlebot3_msgs/srv/detail/sound__traits.hpp
[100.400s] -- Symlinking: /home/jay/capstonerobot_ws/install/turtlebot3_msgs/include/turtlebot3_msgs/srv/detail/sound__type_support.hpp
[100.447s] -- Symlinking: /home/jay/capstonerobot_ws/install/turtlebot3_msgs/include/turtlebot3_msgs/srv/dqn.hpp
[100.486s] -- Symlinking: /home/jay/capstonerobot_ws/install/turtlebot3_msgs/include/turtlebot3_msgs/srv/sound.hpp
[100.532s] -- Symlinking: /home/jay/capstonerobot_ws/install/turtlebot3_msgs/include/turtlebot3_msgs/action/detail/microxrcedds/patrol__type_support_cpp.cpp
[100.584s] -- Symlinking: /home/jay/capstonerobot_ws/install/turtlebot3_msgs/include/turtlebot3_msgs/action/detail/patrol__rosidl_typesupport_microxrcedds_cpp.hpp
[100.631s] -- Symlinking: /home/jay/capstonerobot_ws/install/turtlebot3_msgs/include/turtlebot3_msgs/msg/detail/microxrcedds/sensor_state__type_support_cpp.cpp
[100.644s] -- Symlinking: /home/jay/capstonerobot_ws/install/turtlebot3_msgs/include/turtlebot3_msgs/msg/detail/microxrcedds/sound__type_support_cpp.cpp
[100.668s] -- Symlinking: /home/jay/capstonerobot_ws/install/turtlebot3_msgs/include/turtlebot3_msgs/msg/detail/microxrcedds/version_info__type_support_cpp.cpp
[100.691s] -- Symlinking: /home/jay/capstonerobot_ws/install/turtlebot3_msgs/include/turtlebot3_msgs/msg/detail/sensor_state__rosidl_typesupport_microxrcedds_cpp.hpp
[100.709s] -- Symlinking: /home/jay/capstonerobot_ws/install/turtlebot3_msgs/include/turtlebot3_msgs/msg/detail/sound__rosidl_typesupport_microxrcedds_cpp.hpp
[100.726s] -- Symlinking: /home/jay/capstonerobot_ws/install/turtlebot3_msgs/include/turtlebot3_msgs/msg/detail/version_info__rosidl_typesupport_microxrcedds_cpp.hpp
[100.741s] -- Symlinking: /home/jay/capstonerobot_ws/install/turtlebot3_msgs/include/turtlebot3_msgs/msg/rosidl_typesupport_microxrcedds_cpp__visibility_control.h
[100.806s] -- Symlinking: /home/jay/capstonerobot_ws/install/turtlebot3_msgs/include/turtlebot3_msgs/srv/detail/dqn__rosidl_typesupport_microxrcedds_cpp.hpp
[100.859s] -- Symlinking: /home/jay/capstonerobot_ws/install/turtlebot3_msgs/include/turtlebot3_msgs/srv/detail/microxrcedds/dqn__type_support_cpp.cpp
[100.916s] -- Symlinking: /home/jay/capstonerobot_ws/install/turtlebot3_msgs/include/turtlebot3_msgs/srv/detail/microxrcedds/sound__type_support_cpp.cpp
[100.955s] -- Symlinking: /home/jay/capstonerobot_ws/install/turtlebot3_msgs/include/turtlebot3_msgs/srv/detail/sound__rosidl_typesupport_microxrcedds_cpp.hpp
[101.019s] -- Symlinking: /home/jay/capstonerobot_ws/install/turtlebot3_msgs/lib/libturtlebot3_msgs__rosidl_typesupport_microxrcedds_cpp.a
[101.045s] -- Symlinking: /home/jay/capstonerobot_ws/install/turtlebot3_msgs/include/turtlebot3_msgs/action/detail/patrol__rosidl_typesupport_introspection_cpp.hpp
[101.073s] -- Symlinking: /home/jay/capstonerobot_ws/install/turtlebot3_msgs/include/turtlebot3_msgs/msg/detail/sensor_state__rosidl_typesupport_introspection_cpp.hpp
[101.110s] -- Symlinking: /home/jay/capstonerobot_ws/install/turtlebot3_msgs/include/turtlebot3_msgs/msg/detail/sound__rosidl_typesupport_introspection_cpp.hpp
[101.141s] -- Symlinking: /home/jay/capstonerobot_ws/install/turtlebot3_msgs/include/turtlebot3_msgs/msg/detail/version_info__rosidl_typesupport_introspection_cpp.hpp
[101.199s] -- Symlinking: /home/jay/capstonerobot_ws/install/turtlebot3_msgs/include/turtlebot3_msgs/srv/detail/dqn__rosidl_typesupport_introspection_cpp.hpp
[101.270s] -- Symlinking: /home/jay/capstonerobot_ws/install/turtlebot3_msgs/include/turtlebot3_msgs/srv/detail/sound__rosidl_typesupport_introspection_cpp.hpp
[101.340s] -- Symlinking: /home/jay/capstonerobot_ws/install/turtlebot3_msgs/share/turtlebot3_msgs/environment/pythonpath.sh
[101.412s] -- Symlinking: /home/jay/capstonerobot_ws/install/turtlebot3_msgs/share/turtlebot3_msgs/environment/pythonpath.dsv
[101.481s] -- Symlinking: /home/jay/capstonerobot_ws/install/turtlebot3_msgs/lib/python3.8/site-packages/turtlebot3_msgs/__init__.py
[101.548s] -- Symlinking: /home/jay/capstonerobot_ws/install/turtlebot3_msgs/lib/python3.8/site-packages/turtlebot3_msgs/msg/__init__.py
[101.608s] -- Symlinking: /home/jay/capstonerobot_ws/install/turtlebot3_msgs/lib/python3.8/site-packages/turtlebot3_msgs/msg/_sensor_state.py
[101.647s] -- Symlinking: /home/jay/capstonerobot_ws/install/turtlebot3_msgs/lib/python3.8/site-packages/turtlebot3_msgs/msg/_sound.py
[101.684s] -- Symlinking: /home/jay/capstonerobot_ws/install/turtlebot3_msgs/lib/python3.8/site-packages/turtlebot3_msgs/msg/_version_info.py
[101.728s] -- Symlinking: /home/jay/capstonerobot_ws/install/turtlebot3_msgs/lib/python3.8/site-packages/turtlebot3_msgs/srv/__init__.py
[101.792s] -- Symlinking: /home/jay/capstonerobot_ws/install/turtlebot3_msgs/lib/python3.8/site-packages/turtlebot3_msgs/srv/_dqn.py
[101.810s] -- Symlinking: /home/jay/capstonerobot_ws/install/turtlebot3_msgs/lib/python3.8/site-packages/turtlebot3_msgs/srv/_sound.py
[101.863s] -- Symlinking: /home/jay/capstonerobot_ws/install/turtlebot3_msgs/lib/python3.8/site-packages/turtlebot3_msgs/action/__init__.py
[101.902s] -- Symlinking: /home/jay/capstonerobot_ws/install/turtlebot3_msgs/lib/python3.8/site-packages/turtlebot3_msgs/action/_patrol.py
[101.922s] -- Symlinking: /home/jay/capstonerobot_ws/install/turtlebot3_msgs/lib/python3.8/site-packages/turtlebot3_msgs/turtlebot3_msgs_s__rosidl_typesupport_microxrcedds_c.cpython-38-aarch64-linux-gnu.so
[101.954s] -- Symlinking: /home/jay/capstonerobot_ws/install/turtlebot3_msgs/lib/python3.8/site-packages/turtlebot3_msgs/turtlebot3_msgs_s__rosidl_typesupport_fastrtps_c.cpython-38-aarch64-linux-gnu.so
[102.042s] -- Symlinking: /home/jay/capstonerobot_ws/install/turtlebot3_msgs/lib/python3.8/site-packages/turtlebot3_msgs/turtlebot3_msgs_s__rosidl_typesupport_introspection_c.cpython-38-aarch64-linux-gnu.so
[102.107s] -- Symlinking: /home/jay/capstonerobot_ws/install/turtlebot3_msgs/lib/python3.8/site-packages/turtlebot3_msgs/turtlebot3_msgs_s__rosidl_typesupport_c.cpython-38-aarch64-linux-gnu.so
[102.174s] -- Symlinking: /home/jay/capstonerobot_ws/install/turtlebot3_msgs/lib/libturtlebot3_msgs__python.so
[102.215s] -- Symlinking: /home/jay/capstonerobot_ws/install/turtlebot3_msgs/share/turtlebot3_msgs/msg/SensorState.idl
[102.231s] -- Symlinking: /home/jay/capstonerobot_ws/install/turtlebot3_msgs/share/turtlebot3_msgs/msg/Sound.idl
[102.252s] -- Symlinking: /home/jay/capstonerobot_ws/install/turtlebot3_msgs/share/turtlebot3_msgs/msg/VersionInfo.idl
[102.293s] -- Symlinking: /home/jay/capstonerobot_ws/install/turtlebot3_msgs/share/turtlebot3_msgs/srv/Sound.idl
[102.310s] -- Symlinking: /home/jay/capstonerobot_ws/install/turtlebot3_msgs/share/turtlebot3_msgs/srv/Dqn.idl
[102.333s] -- Symlinking: /home/jay/capstonerobot_ws/install/turtlebot3_msgs/share/turtlebot3_msgs/action/Patrol.idl
[102.349s] -- Symlinking: /home/jay/capstonerobot_ws/install/turtlebot3_msgs/share/turtlebot3_msgs/msg/SensorState.msg
[102.365s] -- Symlinking: /home/jay/capstonerobot_ws/install/turtlebot3_msgs/share/turtlebot3_msgs/msg/Sound.msg
[102.387s] -- Symlinking: /home/jay/capstonerobot_ws/install/turtlebot3_msgs/share/turtlebot3_msgs/msg/VersionInfo.msg
[102.403s] -- Symlinking: /home/jay/capstonerobot_ws/install/turtlebot3_msgs/share/turtlebot3_msgs/srv/Sound.srv
[102.418s] -- Symlinking: /home/jay/capstonerobot_ws/install/turtlebot3_msgs/share/turtlebot3_msgs/srv/Sound_Request.msg
[102.437s] -- Symlinking: /home/jay/capstonerobot_ws/install/turtlebot3_msgs/share/turtlebot3_msgs/srv/Sound_Response.msg
[102.454s] -- Symlinking: /home/jay/capstonerobot_ws/install/turtlebot3_msgs/share/turtlebot3_msgs/srv/Dqn.srv
[102.471s] -- Symlinking: /home/jay/capstonerobot_ws/install/turtlebot3_msgs/share/turtlebot3_msgs/srv/Dqn_Request.msg
[102.486s] -- Symlinking: /home/jay/capstonerobot_ws/install/turtlebot3_msgs/share/turtlebot3_msgs/srv/Dqn_Response.msg
[102.503s] -- Symlinking: /home/jay/capstonerobot_ws/install/turtlebot3_msgs/share/turtlebot3_msgs/action/Patrol.action
[102.542s] -- Symlinking: /home/jay/capstonerobot_ws/install/turtlebot3_msgs/share/ament_index/resource_index/package_run_dependencies/turtlebot3_msgs
[102.596s] -- Symlinking: /home/jay/capstonerobot_ws/install/turtlebot3_msgs/share/ament_index/resource_index/parent_prefix_path/turtlebot3_msgs
[102.651s] -- Symlinking: /home/jay/capstonerobot_ws/install/turtlebot3_msgs/share/turtlebot3_msgs/environment/ament_prefix_path.sh
[102.678s] -- Symlinking: /home/jay/capstonerobot_ws/install/turtlebot3_msgs/share/turtlebot3_msgs/environment/ament_prefix_path.dsv
[102.718s] -- Symlinking: /home/jay/capstonerobot_ws/install/turtlebot3_msgs/share/turtlebot3_msgs/environment/path.sh
[102.752s] -- Symlinking: /home/jay/capstonerobot_ws/install/turtlebot3_msgs/share/turtlebot3_msgs/environment/path.dsv
[102.788s] -- Symlinking: /home/jay/capstonerobot_ws/install/turtlebot3_msgs/share/turtlebot3_msgs/local_setup.bash
[102.823s] -- Symlinking: /home/jay/capstonerobot_ws/install/turtlebot3_msgs/share/turtlebot3_msgs/local_setup.sh
[102.847s] -- Symlinking: /home/jay/capstonerobot_ws/install/turtlebot3_msgs/share/turtlebot3_msgs/local_setup.zsh
[102.878s] -- Symlinking: /home/jay/capstonerobot_ws/install/turtlebot3_msgs/share/turtlebot3_msgs/local_setup.dsv
[102.895s] -- Symlinking: /home/jay/capstonerobot_ws/install/turtlebot3_msgs/share/turtlebot3_msgs/package.dsv
[102.909s] -- Symlinking: /home/jay/capstonerobot_ws/install/turtlebot3_msgs/share/ament_index/resource_index/packages/turtlebot3_msgs
[102.924s] -- Symlinking: /home/jay/capstonerobot_ws/install/turtlebot3_msgs/share/turtlebot3_msgs/cmake/rosidl_cmake-extras.cmake
[102.938s] -- Symlinking: /home/jay/capstonerobot_ws/install/turtlebot3_msgs/share/turtlebot3_msgs/cmake/ament_cmake_export_dependencies-extras.cmake
[102.958s] -- Symlinking: /home/jay/capstonerobot_ws/install/turtlebot3_msgs/share/turtlebot3_msgs/cmake/ament_cmake_export_libraries-extras.cmake
[102.976s] -- Symlinking: /home/jay/capstonerobot_ws/install/turtlebot3_msgs/share/turtlebot3_msgs/cmake/ament_cmake_export_targets-extras.cmake
[102.993s] -- Symlinking: /home/jay/capstonerobot_ws/install/turtlebot3_msgs/share/turtlebot3_msgs/cmake/ament_cmake_export_include_directories-extras.cmake
[103.008s] -- Symlinking: /home/jay/capstonerobot_ws/install/turtlebot3_msgs/share/turtlebot3_msgs/cmake/rosidl_cmake_export_typesupport_libraries-extras.cmake
[103.024s] -- Symlinking: /home/jay/capstonerobot_ws/install/turtlebot3_msgs/share/turtlebot3_msgs/cmake/rosidl_cmake_export_typesupport_targets-extras.cmake
[103.043s] -- Symlinking: /home/jay/capstonerobot_ws/install/turtlebot3_msgs/share/turtlebot3_msgs/cmake/turtlebot3_msgsConfig.cmake
[103.073s] -- Symlinking: /home/jay/capstonerobot_ws/install/turtlebot3_msgs/share/turtlebot3_msgs/cmake/turtlebot3_msgsConfig-version.cmake
[103.088s] -- Symlinking: /home/jay/capstonerobot_ws/install/turtlebot3_msgs/share/turtlebot3_msgs/package.xml
[103.102s] -- Installing: /home/jay/capstonerobot_ws/install/turtlebot3_msgs/lib/libturtlebot3_msgs__rosidl_generator_c.so
[103.104s] -- Set runtime path of "/home/jay/capstonerobot_ws/install/turtlebot3_msgs/lib/libturtlebot3_msgs__rosidl_generator_c.so" to ""
[103.104s] -- Installing: /home/jay/capstonerobot_ws/install/turtlebot3_msgs/lib/libturtlebot3_msgs__rosidl_typesupport_introspection_c.so
[103.106s] -- Set runtime path of "/home/jay/capstonerobot_ws/install/turtlebot3_msgs/lib/libturtlebot3_msgs__rosidl_typesupport_introspection_c.so" to ""
[103.107s] -- Installing: /home/jay/capstonerobot_ws/install/turtlebot3_msgs/lib/libturtlebot3_msgs__rosidl_typesupport_c.so
[103.107s] -- Set runtime path of "/home/jay/capstonerobot_ws/install/turtlebot3_msgs/lib/libturtlebot3_msgs__rosidl_typesupport_c.so" to ""
[103.109s] -- Installing: /home/jay/capstonerobot_ws/install/turtlebot3_msgs/lib/libturtlebot3_msgs__rosidl_typesupport_introspection_cpp.so
[103.110s] -- Set runtime path of "/home/jay/capstonerobot_ws/install/turtlebot3_msgs/lib/libturtlebot3_msgs__rosidl_typesupport_introspection_cpp.so" to ""
[103.110s] -- Installing: /home/jay/capstonerobot_ws/install/turtlebot3_msgs/lib/libturtlebot3_msgs__rosidl_typesupport_cpp.so
[103.113s] -- Set runtime path of "/home/jay/capstonerobot_ws/install/turtlebot3_msgs/lib/libturtlebot3_msgs__rosidl_typesupport_cpp.so" to ""
[103.212s] Compiling '/home/jay/capstonerobot_ws/install/turtlebot3_msgs/lib/python3.8/site-packages/turtlebot3_msgs/__init__.py'...
[103.224s] -- Installing: /home/jay/capstonerobot_ws/install/turtlebot3_msgs/share/turtlebot3_msgs/cmake/turtlebot3_msgs__rosidl_generator_cExport.cmake
[103.226s] -- Installing: /home/jay/capstonerobot_ws/install/turtlebot3_msgs/share/turtlebot3_msgs/cmake/turtlebot3_msgs__rosidl_generator_cExport-noconfig.cmake
[103.227s] -- Installing: /home/jay/capstonerobot_ws/install/turtlebot3_msgs/share/turtlebot3_msgs/cmake/turtlebot3_msgs__rosidl_typesupport_introspection_cExport.cmake
[103.229s] -- Installing: /home/jay/capstonerobot_ws/install/turtlebot3_msgs/share/turtlebot3_msgs/cmake/turtlebot3_msgs__rosidl_typesupport_introspection_cExport-noconfig.cmake
[103.230s] -- Installing: /home/jay/capstonerobot_ws/install/turtlebot3_msgs/share/turtlebot3_msgs/cmake/turtlebot3_msgs__rosidl_typesupport_cExport.cmake
[103.230s] -- Installing: /home/jay/capstonerobot_ws/install/turtlebot3_msgs/share/turtlebot3_msgs/cmake/turtlebot3_msgs__rosidl_typesupport_cExport-noconfig.cmake
[103.231s] -- Installing: /home/jay/capstonerobot_ws/install/turtlebot3_msgs/share/turtlebot3_msgs/cmake/turtlebot3_msgs__rosidl_generator_cppExport.cmake
[103.231s] -- Installing: /home/jay/capstonerobot_ws/install/turtlebot3_msgs/share/turtlebot3_msgs/cmake/turtlebot3_msgs__rosidl_typesupport_introspection_cppExport.cmake
[103.247s] -- Installing: /home/jay/capstonerobot_ws/install/turtlebot3_msgs/share/turtlebot3_msgs/cmake/turtlebot3_msgs__rosidl_typesupport_introspection_cppExport-noconfig.cmake
[103.247s] -- Installing: /home/jay/capstonerobot_ws/install/turtlebot3_msgs/share/turtlebot3_msgs/cmake/turtlebot3_msgs__rosidl_typesupport_cppExport.cmake
[103.248s] -- Installing: /home/jay/capstonerobot_ws/install/turtlebot3_msgs/share/turtlebot3_msgs/cmake/turtlebot3_msgs__rosidl_typesupport_cppExport-noconfig.cmake
[103.261s] Invoked command in '/home/jay/capstonerobot_ws/build/turtlebot3_msgs' returned '0': CMAKE_PREFIX_PATH=${CMAKE_PREFIX_PATH}:/opt/ros/foxy /usr/bin/cmake --install /home/jay/capstonerobot_ws/build/turtlebot3_msgs
