[0.050s] Invoking command in '/home/jay/capstonerobot_ws/build/micro_ros_setup': CMAKE_PREFIX_PATH=${CMAKE_PREFIX_PATH}:/home/jay/capstonerobot_ws/install/turtlebot3_teleop:/home/jay/capstonerobot_ws/install/turtlebot3_example:/opt/ros/foxy /usr/bin/cmake /home/jay/capstonerobot_ws/src/micro_ros_setup -DCMAKE_INSTALL_PREFIX=/home/jay/capstonerobot_ws/install/micro_ros_setup
[0.109s] -- Found ament_cmake: 0.9.12 (/opt/ros/foxy/share/ament_cmake/cmake)
[0.226s] -- Using PYTHON_EXECUTABLE: /usr/bin/python3
[0.577s] -- Override CMake install command with custom implementation using symlinks instead of copying resources
[0.581s] -- Found ament_lint_auto: 0.9.8 (/opt/ros/foxy/share/ament_lint_auto/cmake)
[0.735s] -- Added test 'copyright' to check source files copyright and LICENSE
[0.775s] -- Added test 'flake8' to check Python code syntax and style conventions
[0.777s] -- Added test 'lint_cmake' to check CMake code style
[0.778s] -- Added test 'pep257' to check Python code against some of the style conventions in PEP 257
[0.783s] -- Added test 'xmllint' to check XML markup files
[0.785s] -- Configuring done
[0.802s] -- Generating done
[0.808s] -- Build files have been written to: /home/jay/capstonerobot_ws/build/micro_ros_setup
[0.813s] Invoked command in '/home/jay/capstonerobot_ws/build/micro_ros_setup' returned '0': CMAKE_PREFIX_PATH=${CMAKE_PREFIX_PATH}:/home/jay/capstonerobot_ws/install/turtlebot3_teleop:/home/jay/capstonerobot_ws/install/turtlebot3_example:/opt/ros/foxy /usr/bin/cmake /home/jay/capstonerobot_ws/src/micro_ros_setup -DCMAKE_INSTALL_PREFIX=/home/jay/capstonerobot_ws/install/micro_ros_setup
[0.814s] Invoking command in '/home/jay/capstonerobot_ws/build/micro_ros_setup': CMAKE_PREFIX_PATH=${CMAKE_PREFIX_PATH}:/home/jay/capstonerobot_ws/install/turtlebot3_teleop:/home/jay/capstonerobot_ws/install/turtlebot3_example:/opt/ros/foxy /usr/bin/cmake --build /home/jay/capstonerobot_ws/build/micro_ros_setup -- -j4 -l4
[0.960s] Invoked command in '/home/jay/capstonerobot_ws/build/micro_ros_setup' returned '0': CMAKE_PREFIX_PATH=${CMAKE_PREFIX_PATH}:/home/jay/capstonerobot_ws/install/turtlebot3_teleop:/home/jay/capstonerobot_ws/install/turtlebot3_example:/opt/ros/foxy /usr/bin/cmake --build /home/jay/capstonerobot_ws/build/micro_ros_setup -- -j4 -l4
[1.057s] Invoking command in '/home/jay/capstonerobot_ws/build/micro_ros_setup': CMAKE_PREFIX_PATH=${CMAKE_PREFIX_PATH}:/home/jay/capstonerobot_ws/install/turtlebot3_teleop:/home/jay/capstonerobot_ws/install/turtlebot3_example:/opt/ros/foxy /usr/bin/cmake --install /home/jay/capstonerobot_ws/build/micro_ros_setup
[1.109s] -- Install configuration: ""
[1.110s] -- Execute custom install script
[1.110s] -- Up-to-date symlink: /home/jay/capstonerobot_ws/install/micro_ros_setup/share/ament_index/resource_index/package_run_dependencies/micro_ros_setup
[1.110s] -- Up-to-date symlink: /home/jay/capstonerobot_ws/install/micro_ros_setup/share/ament_index/resource_index/parent_prefix_path/micro_ros_setup
[1.110s] -- Up-to-date symlink: /home/jay/capstonerobot_ws/install/micro_ros_setup/share/micro_ros_setup/environment/ament_prefix_path.sh
[1.111s] -- Up-to-date symlink: /home/jay/capstonerobot_ws/install/micro_ros_setup/share/micro_ros_setup/environment/ament_prefix_path.dsv
[1.111s] -- Up-to-date symlink: /home/jay/capstonerobot_ws/install/micro_ros_setup/share/micro_ros_setup/environment/path.sh
[1.111s] -- Up-to-date symlink: /home/jay/capstonerobot_ws/install/micro_ros_setup/share/micro_ros_setup/environment/path.dsv
[1.111s] -- Up-to-date symlink: /home/jay/capstonerobot_ws/install/micro_ros_setup/share/micro_ros_setup/local_setup.bash
[1.111s] -- Up-to-date symlink: /home/jay/capstonerobot_ws/install/micro_ros_setup/share/micro_ros_setup/local_setup.sh
[1.111s] -- Up-to-date symlink: /home/jay/capstonerobot_ws/install/micro_ros_setup/share/micro_ros_setup/local_setup.zsh
[1.112s] -- Up-to-date symlink: /home/jay/capstonerobot_ws/install/micro_ros_setup/share/micro_ros_setup/local_setup.dsv
[1.112s] -- Symlinking: /home/jay/capstonerobot_ws/install/micro_ros_setup/share/micro_ros_setup/package.dsv
[1.128s] -- Up-to-date symlink: /home/jay/capstonerobot_ws/install/micro_ros_setup/share/ament_index/resource_index/packages/micro_ros_setup
[1.128s] -- Up-to-date symlink: /home/jay/capstonerobot_ws/install/micro_ros_setup/share/micro_ros_setup/cmake/micro_ros_setupConfig.cmake
[1.128s] -- Up-to-date symlink: /home/jay/capstonerobot_ws/install/micro_ros_setup/share/micro_ros_setup/cmake/micro_ros_setupConfig-version.cmake
[1.128s] -- Up-to-date symlink: /home/jay/capstonerobot_ws/install/micro_ros_setup/share/micro_ros_setup/package.xml
[1.129s] -- Up-to-date symlink: /home/jay/capstonerobot_ws/install/micro_ros_setup/lib/micro_ros_setup/create_ws.sh
[1.129s] -- Up-to-date symlink: /home/jay/capstonerobot_ws/install/micro_ros_setup/lib/micro_ros_setup/create_agent_ws.sh
[1.129s] -- Up-to-date symlink: /home/jay/capstonerobot_ws/install/micro_ros_setup/lib/micro_ros_setup/create_firmware_ws.sh
[1.129s] -- Up-to-date symlink: /home/jay/capstonerobot_ws/install/micro_ros_setup/lib/micro_ros_setup/configure_firmware.sh
[1.129s] -- Up-to-date symlink: /home/jay/capstonerobot_ws/install/micro_ros_setup/lib/micro_ros_setup/flash_firmware.sh
[1.129s] -- Up-to-date symlink: /home/jay/capstonerobot_ws/install/micro_ros_setup/lib/micro_ros_setup/reset_firmware.sh
[1.129s] -- Up-to-date symlink: /home/jay/capstonerobot_ws/install/micro_ros_setup/lib/micro_ros_setup/build_firmware.sh
[1.130s] -- Up-to-date symlink: /home/jay/capstonerobot_ws/install/micro_ros_setup/lib/micro_ros_setup/build_agent.sh
[1.130s] -- Up-to-date symlink: /home/jay/capstonerobot_ws/install/micro_ros_setup/lib/micro_ros_setup/yaml_filter.py
[1.130s] -- Up-to-date symlink: /home/jay/capstonerobot_ws/install/micro_ros_setup/lib/micro_ros_setup/clean_env.sh
[1.130s] -- Up-to-date: /home/jay/capstonerobot_ws/install/micro_ros_setup/./config
[1.130s] -- Up-to-date: /home/jay/capstonerobot_ws/install/micro_ros_setup/./config/renesas_ra
[1.130s] -- Up-to-date: /home/jay/capstonerobot_ws/install/micro_ros_setup/./config/renesas_ra/list_apps.sh
[1.130s] -- Up-to-date: /home/jay/capstonerobot_ws/install/micro_ros_setup/./config/renesas_ra/ra6m5
[1.130s] -- Up-to-date: /home/jay/capstonerobot_ws/install/micro_ros_setup/./config/renesas_ra/ra6m5/configure.sh
[1.130s] -- Up-to-date: /home/jay/capstonerobot_ws/install/micro_ros_setup/./config/renesas_ra/ra6m5/create.sh
[1.130s] -- Up-to-date: /home/jay/capstonerobot_ws/install/micro_ros_setup/./config/renesas_ra/ra6m5/build.sh
[1.131s] -- Up-to-date: /home/jay/capstonerobot_ws/install/micro_ros_setup/./config/renesas_ra/ra6m5/client-colcon.meta
[1.131s] -- Up-to-date: /home/jay/capstonerobot_ws/install/micro_ros_setup/./config/renesas_ra/ra6m5/client_uros_packages.repos
[1.131s] -- Up-to-date: /home/jay/capstonerobot_ws/install/micro_ros_setup/./config/renesas_ra/ra6m5/board.repos
[1.131s] -- Up-to-date: /home/jay/capstonerobot_ws/install/micro_ros_setup/./config/renesas_ra/ra6m5/flash.sh
[1.131s] -- Up-to-date: /home/jay/capstonerobot_ws/install/micro_ros_setup/./config/renesas_ra/dev_uros_packages.repos
[1.131s] -- Up-to-date: /home/jay/capstonerobot_ws/install/micro_ros_setup/./config/renesas_ra/dev_ros2_packages.txt
[1.131s] -- Up-to-date: /home/jay/capstonerobot_ws/install/micro_ros_setup/./config/nuttx
[1.131s] -- Up-to-date: /home/jay/capstonerobot_ws/install/micro_ros_setup/./config/nuttx/dev_uros_packages.repos
[1.131s] -- Up-to-date: /home/jay/capstonerobot_ws/install/micro_ros_setup/./config/nuttx/dev_ros2_packages.txt
[1.131s] -- Up-to-date: /home/jay/capstonerobot_ws/install/micro_ros_setup/./config/nuttx/generic
[1.131s] -- Up-to-date: /home/jay/capstonerobot_ws/install/micro_ros_setup/./config/nuttx/generic/configure.sh
[1.131s] -- Up-to-date: /home/jay/capstonerobot_ws/install/micro_ros_setup/./config/nuttx/generic/create.sh
[1.131s] -- Up-to-date: /home/jay/capstonerobot_ws/install/micro_ros_setup/./config/nuttx/generic/build.sh
[1.131s] -- Up-to-date: /home/jay/capstonerobot_ws/install/micro_ros_setup/./config/nuttx/generic/uros_packages.repos
[1.131s] -- Up-to-date: /home/jay/capstonerobot_ws/install/micro_ros_setup/./config/nuttx/generic/package.xml
[1.131s] -- Up-to-date: /home/jay/capstonerobot_ws/install/micro_ros_setup/./config/nuttx/generic/client-colcon.meta
[1.131s] -- Up-to-date: /home/jay/capstonerobot_ws/install/micro_ros_setup/./config/nuttx/generic/reset.sh
[1.132s] -- Up-to-date: /home/jay/capstonerobot_ws/install/micro_ros_setup/./config/nuttx/generic/supported_platforms
[1.132s] -- Up-to-date: /home/jay/capstonerobot_ws/install/micro_ros_setup/./config/nuttx/generic/client_uros_packages.repos
[1.132s] -- Up-to-date: /home/jay/capstonerobot_ws/install/micro_ros_setup/./config/nuttx/generic/flash.sh
[1.132s] -- Up-to-date: /home/jay/capstonerobot_ws/install/micro_ros_setup/./config/client_ros2_packages.txt
[1.132s] -- Up-to-date: /home/jay/capstonerobot_ws/install/micro_ros_setup/./config/raspbian
[1.132s] -- Up-to-date: /home/jay/capstonerobot_ws/install/micro_ros_setup/./config/raspbian/dev_uros_packages.repos
[1.132s] -- Up-to-date: /home/jay/capstonerobot_ws/install/micro_ros_setup/./config/raspbian/dev_ros2_packages.txt
[1.132s] -- Up-to-date: /home/jay/capstonerobot_ws/install/micro_ros_setup/./config/raspbian/generic
[1.132s] -- Up-to-date: /home/jay/capstonerobot_ws/install/micro_ros_setup/./config/raspbian/generic/configure.sh
[1.133s] -- Up-to-date: /home/jay/capstonerobot_ws/install/micro_ros_setup/./config/raspbian/generic/create.sh
[1.133s] -- Up-to-date: /home/jay/capstonerobot_ws/install/micro_ros_setup/./config/raspbian/generic/build.sh
[1.133s] -- Up-to-date: /home/jay/capstonerobot_ws/install/micro_ros_setup/./config/raspbian/generic/client-colcon.meta
[1.133s] -- Up-to-date: /home/jay/capstonerobot_ws/install/micro_ros_setup/./config/raspbian/generic/supported_platforms
[1.133s] -- Up-to-date: /home/jay/capstonerobot_ws/install/micro_ros_setup/./config/raspbian/generic/client_uros_packages.repos
[1.133s] -- Up-to-date: /home/jay/capstonerobot_ws/install/micro_ros_setup/./config/raspbian/generic/flash.sh
[1.133s] -- Up-to-date: /home/jay/capstonerobot_ws/install/micro_ros_setup/./config/agent_uros_packages.repos
[1.133s] -- Up-to-date: /home/jay/capstonerobot_ws/install/micro_ros_setup/./config/agent_ros2_packages.txt
[1.133s] -- Up-to-date: /home/jay/capstonerobot_ws/install/micro_ros_setup/./config/utils.sh
[1.133s] -- Up-to-date: /home/jay/capstonerobot_ws/install/micro_ros_setup/./config/zephyr
[1.133s] -- Up-to-date: /home/jay/capstonerobot_ws/install/micro_ros_setup/./config/zephyr/list_apps.sh
[1.133s] -- Up-to-date: /home/jay/capstonerobot_ws/install/micro_ros_setup/./config/zephyr/dev_uros_packages.repos
[1.133s] -- Up-to-date: /home/jay/capstonerobot_ws/install/micro_ros_setup/./config/zephyr/dev_ros2_packages.txt
[1.133s] -- Up-to-date: /home/jay/capstonerobot_ws/install/micro_ros_setup/./config/zephyr/generic
[1.134s] -- Up-to-date: /home/jay/capstonerobot_ws/install/micro_ros_setup/./config/zephyr/generic/configure.sh
[1.134s] -- Up-to-date: /home/jay/capstonerobot_ws/install/micro_ros_setup/./config/zephyr/generic/create.sh
[1.134s] -- Up-to-date: /home/jay/capstonerobot_ws/install/micro_ros_setup/./config/zephyr/generic/build.sh
[1.134s] -- Up-to-date: /home/jay/capstonerobot_ws/install/micro_ros_setup/./config/zephyr/generic/package.xml
[1.134s] -- Up-to-date: /home/jay/capstonerobot_ws/install/micro_ros_setup/./config/zephyr/generic/client-colcon.meta
[1.134s] -- Up-to-date: /home/jay/capstonerobot_ws/install/micro_ros_setup/./config/zephyr/generic/reset.sh
[1.134s] -- Up-to-date: /home/jay/capstonerobot_ws/install/micro_ros_setup/./config/zephyr/generic/supported_platforms
[1.134s] -- Up-to-date: /home/jay/capstonerobot_ws/install/micro_ros_setup/./config/zephyr/generic/client_uros_packages.repos
[1.134s] -- Up-to-date: /home/jay/capstonerobot_ws/install/micro_ros_setup/./config/zephyr/generic/board.repos
[1.134s] -- Up-to-date: /home/jay/capstonerobot_ws/install/micro_ros_setup/./config/zephyr/generic/flash.sh
[1.134s] -- Up-to-date: /home/jay/capstonerobot_ws/install/micro_ros_setup/./config/generate_lib
[1.134s] -- Up-to-date: /home/jay/capstonerobot_ws/install/micro_ros_setup/./config/generate_lib/dev_uros_packages.repos
[1.134s] -- Up-to-date: /home/jay/capstonerobot_ws/install/micro_ros_setup/./config/generate_lib/dev_ros2_packages.txt
[1.134s] -- Up-to-date: /home/jay/capstonerobot_ws/install/micro_ros_setup/./config/generate_lib/generic
[1.134s] -- Up-to-date: /home/jay/capstonerobot_ws/install/micro_ros_setup/./config/generate_lib/generic/create.sh
[1.134s] -- Up-to-date: /home/jay/capstonerobot_ws/install/micro_ros_setup/./config/generate_lib/generic/build.sh
[1.135s] -- Up-to-date: /home/jay/capstonerobot_ws/install/micro_ros_setup/./config/generate_lib/generic/package.xml
[1.135s] -- Up-to-date: /home/jay/capstonerobot_ws/install/micro_ros_setup/./config/generate_lib/generic/client-colcon.meta
[1.135s] -- Up-to-date: /home/jay/capstonerobot_ws/install/micro_ros_setup/./config/generate_lib/generic/demo_toolchain.cmake
[1.135s] -- Up-to-date: /home/jay/capstonerobot_ws/install/micro_ros_setup/./config/generate_lib/generic/client_uros_packages.repos
[1.135s] -- Up-to-date: /home/jay/capstonerobot_ws/install/micro_ros_setup/./config/generate_lib/generic/flash.sh
[1.135s] -- Up-to-date: /home/jay/capstonerobot_ws/install/micro_ros_setup/./config/host
[1.135s] -- Up-to-date: /home/jay/capstonerobot_ws/install/micro_ros_setup/./config/host/client_ros2_packages.txt
[1.135s] -- Up-to-date: /home/jay/capstonerobot_ws/install/micro_ros_setup/./config/host/dev_uros_packages.repos
[1.135s] -- Up-to-date: /home/jay/capstonerobot_ws/install/micro_ros_setup/./config/host/dev_ros2_packages.txt
[1.135s] -- Up-to-date: /home/jay/capstonerobot_ws/install/micro_ros_setup/./config/host/generic
[1.135s] -- Up-to-date: /home/jay/capstonerobot_ws/install/micro_ros_setup/./config/host/generic/client-host-colcon.meta
[1.135s] -- Up-to-date: /home/jay/capstonerobot_ws/install/micro_ros_setup/./config/host/generic/create.sh
[1.135s] -- Up-to-date: /home/jay/capstonerobot_ws/install/micro_ros_setup/./config/host/generic/build.sh
[1.135s] -- Up-to-date: /home/jay/capstonerobot_ws/install/micro_ros_setup/./config/host/generic/package.xml
[1.135s] -- Up-to-date: /home/jay/capstonerobot_ws/install/micro_ros_setup/./config/host/generic/client_host_packages.repos
[1.135s] -- Up-to-date: /home/jay/capstonerobot_ws/install/micro_ros_setup/./config/host/generic/reset.sh
[1.136s] -- Up-to-date: /home/jay/capstonerobot_ws/install/micro_ros_setup/./config/host/generic/flash.sh
[1.136s] -- Up-to-date: /home/jay/capstonerobot_ws/install/micro_ros_setup/./config/freertos
[1.136s] -- Up-to-date: /home/jay/capstonerobot_ws/install/micro_ros_setup/./config/freertos/list_apps.sh
[1.136s] -- Up-to-date: /home/jay/capstonerobot_ws/install/micro_ros_setup/./config/freertos/nucleo_f446re
[1.136s] -- Up-to-date: /home/jay/capstonerobot_ws/install/micro_ros_setup/./config/freertos/nucleo_f446re/configure.sh
[1.136s] -- Up-to-date: /home/jay/capstonerobot_ws/install/micro_ros_setup/./config/freertos/nucleo_f446re/create.sh
[1.136s] -- Up-to-date: /home/jay/capstonerobot_ws/install/micro_ros_setup/./config/freertos/nucleo_f446re/build.sh
[1.136s] -- Up-to-date: /home/jay/capstonerobot_ws/install/micro_ros_setup/./config/freertos/nucleo_f446re/package.xml
[1.136s] -- Up-to-date: /home/jay/capstonerobot_ws/install/micro_ros_setup/./config/freertos/nucleo_f446re/client-colcon.meta
[1.136s] -- Up-to-date: /home/jay/capstonerobot_ws/install/micro_ros_setup/./config/freertos/nucleo_f446re/reset.sh
[1.136s] -- Up-to-date: /home/jay/capstonerobot_ws/install/micro_ros_setup/./config/freertos/nucleo_f446re/client_uros_packages.repos
[1.136s] -- Up-to-date: /home/jay/capstonerobot_ws/install/micro_ros_setup/./config/freertos/nucleo_f446re/board.repos
[1.136s] -- Up-to-date: /home/jay/capstonerobot_ws/install/micro_ros_setup/./config/freertos/nucleo_f446re/flash.sh
[1.137s] -- Up-to-date: /home/jay/capstonerobot_ws/install/micro_ros_setup/./config/freertos/crazyflie21
[1.137s] -- Up-to-date: /home/jay/capstonerobot_ws/install/micro_ros_setup/./config/freertos/crazyflie21/configure.sh
[1.137s] -- Up-to-date: /home/jay/capstonerobot_ws/install/micro_ros_setup/./config/freertos/crazyflie21/create.sh
[1.137s] -- Up-to-date: /home/jay/capstonerobot_ws/install/micro_ros_setup/./config/freertos/crazyflie21/build.sh
[1.137s] -- Up-to-date: /home/jay/capstonerobot_ws/install/micro_ros_setup/./config/freertos/crazyflie21/package.xml
[1.137s] -- Up-to-date: /home/jay/capstonerobot_ws/install/micro_ros_setup/./config/freertos/crazyflie21/client-colcon.meta
[1.137s] -- Up-to-date: /home/jay/capstonerobot_ws/install/micro_ros_setup/./config/freertos/crazyflie21/client_uros_packages.repos
[1.137s] -- Up-to-date: /home/jay/capstonerobot_ws/install/micro_ros_setup/./config/freertos/crazyflie21/board.repos
[1.137s] -- Up-to-date: /home/jay/capstonerobot_ws/install/micro_ros_setup/./config/freertos/crazyflie21/flash.sh
[1.137s] -- Up-to-date: /home/jay/capstonerobot_ws/install/micro_ros_setup/./config/freertos/dev_uros_packages.repos
[1.137s] -- Up-to-date: /home/jay/capstonerobot_ws/install/micro_ros_setup/./config/freertos/esp32
[1.137s] -- Up-to-date: /home/jay/capstonerobot_ws/install/micro_ros_setup/./config/freertos/esp32/configure.sh
[1.137s] -- Up-to-date: /home/jay/capstonerobot_ws/install/micro_ros_setup/./config/freertos/esp32/README.md
[1.137s] -- Up-to-date: /home/jay/capstonerobot_ws/install/micro_ros_setup/./config/freertos/esp32/create.sh
[1.137s] -- Up-to-date: /home/jay/capstonerobot_ws/install/micro_ros_setup/./config/freertos/esp32/build.sh
[1.138s] -- Up-to-date: /home/jay/capstonerobot_ws/install/micro_ros_setup/./config/freertos/esp32/package.xml
[1.138s] -- Up-to-date: /home/jay/capstonerobot_ws/install/micro_ros_setup/./config/freertos/esp32/client-colcon.meta
[1.138s] -- Up-to-date: /home/jay/capstonerobot_ws/install/micro_ros_setup/./config/freertos/esp32/client_uros_packages.repos
[1.138s] -- Up-to-date: /home/jay/capstonerobot_ws/install/micro_ros_setup/./config/freertos/esp32/board.repos
[1.138s] -- Up-to-date: /home/jay/capstonerobot_ws/install/micro_ros_setup/./config/freertos/esp32/flash.sh
[1.138s] -- Up-to-date: /home/jay/capstonerobot_ws/install/micro_ros_setup/./config/freertos/olimex-stm32-e407
[1.138s] -- Up-to-date: /home/jay/capstonerobot_ws/install/micro_ros_setup/./config/freertos/olimex-stm32-e407/configure.sh
[1.138s] -- Up-to-date: /home/jay/capstonerobot_ws/install/micro_ros_setup/./config/freertos/olimex-stm32-e407/create.sh
[1.138s] -- Up-to-date: /home/jay/capstonerobot_ws/install/micro_ros_setup/./config/freertos/olimex-stm32-e407/build.sh
[1.138s] -- Up-to-date: /home/jay/capstonerobot_ws/install/micro_ros_setup/./config/freertos/olimex-stm32-e407/package.xml
[1.138s] -- Up-to-date: /home/jay/capstonerobot_ws/install/micro_ros_setup/./config/freertos/olimex-stm32-e407/client-colcon.meta
[1.138s] -- Up-to-date: /home/jay/capstonerobot_ws/install/micro_ros_setup/./config/freertos/olimex-stm32-e407/reset.sh
[1.138s] -- Up-to-date: /home/jay/capstonerobot_ws/install/micro_ros_setup/./config/freertos/olimex-stm32-e407/client_uros_packages.repos
[1.138s] -- Up-to-date: /home/jay/capstonerobot_ws/install/micro_ros_setup/./config/freertos/olimex-stm32-e407/board.repos
[1.138s] -- Up-to-date: /home/jay/capstonerobot_ws/install/micro_ros_setup/./config/freertos/olimex-stm32-e407/flash.sh
[1.139s] -- Up-to-date: /home/jay/capstonerobot_ws/install/micro_ros_setup/./config/freertos/nucleo_f767zi
[1.139s] -- Up-to-date: /home/jay/capstonerobot_ws/install/micro_ros_setup/./config/freertos/nucleo_f767zi/configure.sh
[1.139s] -- Up-to-date: /home/jay/capstonerobot_ws/install/micro_ros_setup/./config/freertos/nucleo_f767zi/create.sh
[1.139s] -- Up-to-date: /home/jay/capstonerobot_ws/install/micro_ros_setup/./config/freertos/nucleo_f767zi/build.sh
[1.139s] -- Up-to-date: /home/jay/capstonerobot_ws/install/micro_ros_setup/./config/freertos/nucleo_f767zi/package.xml
[1.139s] -- Up-to-date: /home/jay/capstonerobot_ws/install/micro_ros_setup/./config/freertos/nucleo_f767zi/client-colcon.meta
[1.139s] -- Up-to-date: /home/jay/capstonerobot_ws/install/micro_ros_setup/./config/freertos/nucleo_f767zi/reset.sh
[1.139s] -- Up-to-date: /home/jay/capstonerobot_ws/install/micro_ros_setup/./config/freertos/nucleo_f767zi/client_uros_packages.repos
[1.139s] -- Up-to-date: /home/jay/capstonerobot_ws/install/micro_ros_setup/./config/freertos/nucleo_f767zi/board.repos
[1.139s] -- Up-to-date: /home/jay/capstonerobot_ws/install/micro_ros_setup/./config/freertos/nucleo_f767zi/flash.sh
[1.139s] -- Up-to-date: /home/jay/capstonerobot_ws/install/micro_ros_setup/./config/freertos/dev_ros2_packages.txt
[1.139s] -- Up-to-date: /home/jay/capstonerobot_ws/install/micro_ros_setup/./config/freertos/nucleo_f446ze
[1.139s] -- Up-to-date: /home/jay/capstonerobot_ws/install/micro_ros_setup/./config/freertos/nucleo_f446ze/configure.sh
[1.139s] -- Up-to-date: /home/jay/capstonerobot_ws/install/micro_ros_setup/./config/freertos/nucleo_f446ze/create.sh
[1.139s] -- Up-to-date: /home/jay/capstonerobot_ws/install/micro_ros_setup/./config/freertos/nucleo_f446ze/build.sh
[1.140s] -- Up-to-date: /home/jay/capstonerobot_ws/install/micro_ros_setup/./config/freertos/nucleo_f446ze/package.xml
[1.140s] -- Up-to-date: /home/jay/capstonerobot_ws/install/micro_ros_setup/./config/freertos/nucleo_f446ze/client-colcon.meta
[1.140s] -- Up-to-date: /home/jay/capstonerobot_ws/install/micro_ros_setup/./config/freertos/nucleo_f446ze/reset.sh
[1.140s] -- Up-to-date: /home/jay/capstonerobot_ws/install/micro_ros_setup/./config/freertos/nucleo_f446ze/client_uros_packages.repos
[1.140s] -- Up-to-date: /home/jay/capstonerobot_ws/install/micro_ros_setup/./config/freertos/nucleo_f446ze/board.repos
[1.140s] -- Up-to-date: /home/jay/capstonerobot_ws/install/micro_ros_setup/./config/freertos/nucleo_f446ze/flash.sh
[1.140s] -- Up-to-date: /home/jay/capstonerobot_ws/install/micro_ros_setup/./config/freertos/nucleo_f746zg
[1.140s] -- Up-to-date: /home/jay/capstonerobot_ws/install/micro_ros_setup/./config/freertos/nucleo_f746zg/configure.sh
[1.140s] -- Up-to-date: /home/jay/capstonerobot_ws/install/micro_ros_setup/./config/freertos/nucleo_f746zg/create.sh
[1.140s] -- Up-to-date: /home/jay/capstonerobot_ws/install/micro_ros_setup/./config/freertos/nucleo_f746zg/build.sh
[1.140s] -- Up-to-date: /home/jay/capstonerobot_ws/install/micro_ros_setup/./config/freertos/nucleo_f746zg/package.xml
[1.140s] -- Up-to-date: /home/jay/capstonerobot_ws/install/micro_ros_setup/./config/freertos/nucleo_f746zg/client-colcon.meta
[1.140s] -- Up-to-date: /home/jay/capstonerobot_ws/install/micro_ros_setup/./config/freertos/nucleo_f746zg/reset.sh
[1.140s] -- Up-to-date: /home/jay/capstonerobot_ws/install/micro_ros_setup/./config/freertos/nucleo_f746zg/client_uros_packages.repos
[1.140s] -- Up-to-date: /home/jay/capstonerobot_ws/install/micro_ros_setup/./config/freertos/nucleo_f746zg/board.repos
[1.140s] -- Up-to-date: /home/jay/capstonerobot_ws/install/micro_ros_setup/./config/freertos/nucleo_f746zg/flash.sh
[1.140s] -- Up-to-date: /home/jay/capstonerobot_ws/install/micro_ros_setup/./config/client_uros_packages.repos
[1.142s] Invoked command in '/home/jay/capstonerobot_ws/build/micro_ros_setup' returned '0': CMAKE_PREFIX_PATH=${CMAKE_PREFIX_PATH}:/home/jay/capstonerobot_ws/install/turtlebot3_teleop:/home/jay/capstonerobot_ws/install/turtlebot3_example:/opt/ros/foxy /usr/bin/cmake --install /home/jay/capstonerobot_ws/build/micro_ros_setup
