[0.066s] Invoking command in '/home/jay/capstonerobot_ws/build/ydlidar_ros2_driver': CMAKE_PREFIX_PATH=${CMAKE_PREFIX_PATH}:/opt/ros/foxy /usr/bin/cmake /home/jay/capstonerobot_ws/src/ydlidar_ros2_driver -DCMAKE_INSTALL_PREFIX=/home/jay/capstonerobot_ws/install/ydlidar_ros2_driver
[0.086s] -- Found ament_cmake: 0.9.12 (/opt/ros/foxy/share/ament_cmake/cmake)
[0.109s] -- Using PYTHON_EXECUTABLE: /usr/bin/python3
[0.211s] -- Override CMake install command with custom implementation using symlinks instead of copying resources
[0.219s] -- Found rclcpp: 2.4.3 (/opt/ros/foxy/share/rclcpp/cmake)
[0.264s] -- Using all available rosidl_typesupport_c: rosidl_typesupport_microxrcedds_c;rosidl_typesupport_fastrtps_c;rosidl_typesupport_introspection_c
[0.266s] -- Found rosidl_adapter: 1.3.1 (/opt/ros/foxy/share/rosidl_adapter/cmake)
[0.386s] -- Using all available rosidl_typesupport_cpp: rosidl_typesupport_microxrcedds_cpp;rosidl_typesupport_fastrtps_cpp;rosidl_typesupport_introspection_cpp
[0.440s] -- Found rmw_implementation_cmake: 1.0.4 (/opt/ros/foxy/share/rmw_implementation_cmake/cmake)
[0.446s] -- Using RMW implementation 'rmw_cyclonedds_cpp' as default
[0.591s] -- Found sensor_msgs: 2.0.5 (/opt/ros/foxy/share/sensor_msgs/cmake)
[0.697s] -- Found visualization_msgs: 2.0.5 (/opt/ros/foxy/share/visualization_msgs/cmake)
[0.762s] -- Found std_srvs: 2.0.5 (/opt/ros/foxy/share/std_srvs/cmake)
[0.778s] -- Found ament_lint_auto: 0.9.8 (/opt/ros/foxy/share/ament_lint_auto/cmake)
[0.827s] -- Added test 'copyright' to check source files copyright and LICENSE
[0.848s] -- Added test 'cppcheck' to perform static code analysis on C / C++ code
[0.848s] -- Configured cppcheck include dirs: /home/jay/capstonerobot_ws/src/ydlidar_ros2_driver/src
[0.848s] -- Configured cppcheck exclude dirs and/or files: 
[0.853s] -- Added test 'cpplint' to check C / C++ code against the Google style
[0.853s] -- Configured cpplint exclude dirs and/or files: 
[0.854s] -- Added test 'flake8' to check Python code syntax and style conventions
[0.856s] -- Added test 'lint_cmake' to check CMake code style
[0.857s] -- Added test 'pep257' to check Python code against some of the style conventions in PEP 257
[0.862s] -- Added test 'uncrustify' to check C / C++ code style
[0.862s] -- Configured uncrustify additional arguments: 
[0.863s] -- Added test 'xmllint' to check XML markup files
[0.866s] -- Configuring done
[0.886s] -- Generating done
[0.887s] -- Build files have been written to: /home/jay/capstonerobot_ws/build/ydlidar_ros2_driver
[0.892s] Invoked command in '/home/jay/capstonerobot_ws/build/ydlidar_ros2_driver' returned '0': CMAKE_PREFIX_PATH=${CMAKE_PREFIX_PATH}:/opt/ros/foxy /usr/bin/cmake /home/jay/capstonerobot_ws/src/ydlidar_ros2_driver -DCMAKE_INSTALL_PREFIX=/home/jay/capstonerobot_ws/install/ydlidar_ros2_driver
[0.893s] Invoking command in '/home/jay/capstonerobot_ws/build/ydlidar_ros2_driver': CMAKE_PREFIX_PATH=${CMAKE_PREFIX_PATH}:/opt/ros/foxy /usr/bin/cmake --build /home/jay/capstonerobot_ws/build/ydlidar_ros2_driver -- -j4 -l4
[0.962s] [100%] Built target ydlidar_ros2_driver_node
[0.962s] [100%] Built target ydlidar_ros2_driver_client
[0.969s] Invoked command in '/home/jay/capstonerobot_ws/build/ydlidar_ros2_driver' returned '0': CMAKE_PREFIX_PATH=${CMAKE_PREFIX_PATH}:/opt/ros/foxy /usr/bin/cmake --build /home/jay/capstonerobot_ws/build/ydlidar_ros2_driver -- -j4 -l4
[1.004s] Invoking command in '/home/jay/capstonerobot_ws/build/ydlidar_ros2_driver': CMAKE_PREFIX_PATH=${CMAKE_PREFIX_PATH}:/opt/ros/foxy /usr/bin/cmake --install /home/jay/capstonerobot_ws/build/ydlidar_ros2_driver
[1.009s] -- Install configuration: ""
[1.010s] -- Execute custom install script
[1.011s] -- Up-to-date symlink: /home/jay/capstonerobot_ws/install/ydlidar_ros2_driver/lib/ydlidar_ros2_driver/ydlidar_ros2_driver_node
[1.011s] -- Up-to-date symlink: /home/jay/capstonerobot_ws/install/ydlidar_ros2_driver/lib/ydlidar_ros2_driver/ydlidar_ros2_driver_client
[1.012s] -- Up-to-date symlink: /home/jay/capstonerobot_ws/install/ydlidar_ros2_driver/share/ydlidar_ros2_driver/launch/ydlidar.py
[1.013s] -- Up-to-date symlink: /home/jay/capstonerobot_ws/install/ydlidar_ros2_driver/share/ydlidar_ros2_driver/launch/ydlidar_launch.py
[1.013s] -- Up-to-date symlink: /home/jay/capstonerobot_ws/install/ydlidar_ros2_driver/share/ydlidar_ros2_driver/launch/ydlidar_launch_view.py
[1.013s] -- Up-to-date symlink: /home/jay/capstonerobot_ws/install/ydlidar_ros2_driver/share/ydlidar_ros2_driver/params/G1.yaml
[1.014s] -- Up-to-date symlink: /home/jay/capstonerobot_ws/install/ydlidar_ros2_driver/share/ydlidar_ros2_driver/params/G2.yaml
[1.014s] -- Up-to-date symlink: /home/jay/capstonerobot_ws/install/ydlidar_ros2_driver/share/ydlidar_ros2_driver/params/G6.yaml
[1.015s] -- Up-to-date symlink: /home/jay/capstonerobot_ws/install/ydlidar_ros2_driver/share/ydlidar_ros2_driver/params/TG.yaml
[1.015s] -- Up-to-date symlink: /home/jay/capstonerobot_ws/install/ydlidar_ros2_driver/share/ydlidar_ros2_driver/params/TminiPro.yaml
[1.016s] -- Up-to-date symlink: /home/jay/capstonerobot_ws/install/ydlidar_ros2_driver/share/ydlidar_ros2_driver/params/X2.yaml
[1.016s] -- Up-to-date symlink: /home/jay/capstonerobot_ws/install/ydlidar_ros2_driver/share/ydlidar_ros2_driver/params/X4-Pro.yaml
[1.016s] -- Up-to-date symlink: /home/jay/capstonerobot_ws/install/ydlidar_ros2_driver/share/ydlidar_ros2_driver/params/X4.yaml
[1.017s] -- Up-to-date symlink: /home/jay/capstonerobot_ws/install/ydlidar_ros2_driver/share/ydlidar_ros2_driver/params/ydlidar.yaml
[1.017s] -- Up-to-date symlink: /home/jay/capstonerobot_ws/install/ydlidar_ros2_driver/share/ydlidar_ros2_driver/startup/initenv.sh
[1.018s] -- Up-to-date symlink: /home/jay/capstonerobot_ws/install/ydlidar_ros2_driver/share/ydlidar_ros2_driver/config/ydlidar.rviz
[1.019s] -- Up-to-date symlink: /home/jay/capstonerobot_ws/install/ydlidar_ros2_driver/share/ament_index/resource_index/package_run_dependencies/ydlidar_ros2_driver
[1.019s] -- Up-to-date symlink: /home/jay/capstonerobot_ws/install/ydlidar_ros2_driver/share/ament_index/resource_index/parent_prefix_path/ydlidar_ros2_driver
[1.019s] -- Up-to-date symlink: /home/jay/capstonerobot_ws/install/ydlidar_ros2_driver/share/ydlidar_ros2_driver/environment/ament_prefix_path.sh
[1.020s] -- Up-to-date symlink: /home/jay/capstonerobot_ws/install/ydlidar_ros2_driver/share/ydlidar_ros2_driver/environment/ament_prefix_path.dsv
[1.020s] -- Up-to-date symlink: /home/jay/capstonerobot_ws/install/ydlidar_ros2_driver/share/ydlidar_ros2_driver/environment/path.sh
[1.020s] -- Up-to-date symlink: /home/jay/capstonerobot_ws/install/ydlidar_ros2_driver/share/ydlidar_ros2_driver/environment/path.dsv
[1.020s] -- Up-to-date symlink: /home/jay/capstonerobot_ws/install/ydlidar_ros2_driver/share/ydlidar_ros2_driver/local_setup.bash
[1.021s] -- Up-to-date symlink: /home/jay/capstonerobot_ws/install/ydlidar_ros2_driver/share/ydlidar_ros2_driver/local_setup.sh
[1.021s] -- Up-to-date symlink: /home/jay/capstonerobot_ws/install/ydlidar_ros2_driver/share/ydlidar_ros2_driver/local_setup.zsh
[1.022s] -- Up-to-date symlink: /home/jay/capstonerobot_ws/install/ydlidar_ros2_driver/share/ydlidar_ros2_driver/local_setup.dsv
[1.022s] -- Symlinking: /home/jay/capstonerobot_ws/install/ydlidar_ros2_driver/share/ydlidar_ros2_driver/package.dsv
[1.028s] -- Up-to-date symlink: /home/jay/capstonerobot_ws/install/ydlidar_ros2_driver/share/ament_index/resource_index/packages/ydlidar_ros2_driver
[1.029s] -- Up-to-date symlink: /home/jay/capstonerobot_ws/install/ydlidar_ros2_driver/share/ydlidar_ros2_driver/cmake/ydlidar_ros2_driverConfig.cmake
[1.029s] -- Up-to-date symlink: /home/jay/capstonerobot_ws/install/ydlidar_ros2_driver/share/ydlidar_ros2_driver/cmake/ydlidar_ros2_driverConfig-version.cmake
[1.029s] -- Up-to-date symlink: /home/jay/capstonerobot_ws/install/ydlidar_ros2_driver/share/ydlidar_ros2_driver/package.xml
[1.032s] Invoked command in '/home/jay/capstonerobot_ws/build/ydlidar_ros2_driver' returned '0': CMAKE_PREFIX_PATH=${CMAKE_PREFIX_PATH}:/opt/ros/foxy /usr/bin/cmake --install /home/jay/capstonerobot_ws/build/ydlidar_ros2_driver
