[0.041s] Invoking command in '/home/jay/capstonerobot_ws/build/turtlebot3_navigation2': CMAKE_PREFIX_PATH=${CMAKE_PREFIX_PATH}:/home/jay/capstonerobot_ws/install/turtlebot3_teleop:/home/jay/capstonerobot_ws/install/turtlebot3_example:/opt/ros/foxy /usr/bin/cmake /home/jay/capstonerobot_ws/src/turtlebot3/turtlebot3_navigation2 -DCMAKE_INSTALL_PREFIX=/home/jay/capstonerobot_ws/install/turtlebot3_navigation2
[0.081s] -- Found ament_cmake: 0.9.12 (/opt/ros/foxy/share/ament_cmake/cmake)
[0.147s] -- Using PYTHON_EXECUTABLE: /usr/bin/python3
[0.384s] -- Override CMake install command with custom implementation using symlinks instead of copying resources
[0.490s] -- Configuring done
[0.498s] -- Generating done
[0.500s] -- Build files have been written to: /home/jay/capstonerobot_ws/build/turtlebot3_navigation2
[0.503s] Invoked command in '/home/jay/capstonerobot_ws/build/turtlebot3_navigation2' returned '0': CMAKE_PREFIX_PATH=${CMAKE_PREFIX_PATH}:/home/jay/capstonerobot_ws/install/turtlebot3_teleop:/home/jay/capstonerobot_ws/install/turtlebot3_example:/opt/ros/foxy /usr/bin/cmake /home/jay/capstonerobot_ws/src/turtlebot3/turtlebot3_navigation2 -DCMAKE_INSTALL_PREFIX=/home/jay/capstonerobot_ws/install/turtlebot3_navigation2
[0.506s] Invoking command in '/home/jay/capstonerobot_ws/build/turtlebot3_navigation2': CMAKE_PREFIX_PATH=${CMAKE_PREFIX_PATH}:/home/jay/capstonerobot_ws/install/turtlebot3_teleop:/home/jay/capstonerobot_ws/install/turtlebot3_example:/opt/ros/foxy /usr/bin/cmake --build /home/jay/capstonerobot_ws/build/turtlebot3_navigation2 -- -j4 -l4
[0.570s] Invoked command in '/home/jay/capstonerobot_ws/build/turtlebot3_navigation2' returned '0': CMAKE_PREFIX_PATH=${CMAKE_PREFIX_PATH}:/home/jay/capstonerobot_ws/install/turtlebot3_teleop:/home/jay/capstonerobot_ws/install/turtlebot3_example:/opt/ros/foxy /usr/bin/cmake --build /home/jay/capstonerobot_ws/build/turtlebot3_navigation2 -- -j4 -l4
[0.613s] Invoking command in '/home/jay/capstonerobot_ws/build/turtlebot3_navigation2': CMAKE_PREFIX_PATH=${CMAKE_PREFIX_PATH}:/home/jay/capstonerobot_ws/install/turtlebot3_teleop:/home/jay/capstonerobot_ws/install/turtlebot3_example:/opt/ros/foxy /usr/bin/cmake --install /home/jay/capstonerobot_ws/build/turtlebot3_navigation2
[0.626s] -- Install configuration: ""
[0.627s] -- Execute custom install script
[0.630s] -- Up-to-date symlink: /home/jay/capstonerobot_ws/install/turtlebot3_navigation2/share/turtlebot3_navigation2/launch/navigation2.launch.py
[0.633s] -- Up-to-date symlink: /home/jay/capstonerobot_ws/install/turtlebot3_navigation2/share/turtlebot3_navigation2/map/turtlebot3_world.pgm
[0.633s] -- Up-to-date symlink: /home/jay/capstonerobot_ws/install/turtlebot3_navigation2/share/turtlebot3_navigation2/map/turtlebot3_world.yaml
[0.635s] -- Up-to-date symlink: /home/jay/capstonerobot_ws/install/turtlebot3_navigation2/share/turtlebot3_navigation2/param/burger.yaml
[0.635s] -- Up-to-date symlink: /home/jay/capstonerobot_ws/install/turtlebot3_navigation2/share/turtlebot3_navigation2/param/waffle.yaml
[0.636s] -- Up-to-date symlink: /home/jay/capstonerobot_ws/install/turtlebot3_navigation2/share/turtlebot3_navigation2/param/waffle_pi.yaml
[0.637s] -- Up-to-date symlink: /home/jay/capstonerobot_ws/install/turtlebot3_navigation2/share/turtlebot3_navigation2/rviz/tb3_navigation2.rviz
[0.638s] -- Up-to-date symlink: /home/jay/capstonerobot_ws/install/turtlebot3_navigation2/share/ament_index/resource_index/package_run_dependencies/turtlebot3_navigation2
[0.638s] -- Up-to-date symlink: /home/jay/capstonerobot_ws/install/turtlebot3_navigation2/share/ament_index/resource_index/parent_prefix_path/turtlebot3_navigation2
[0.639s] -- Up-to-date symlink: /home/jay/capstonerobot_ws/install/turtlebot3_navigation2/share/turtlebot3_navigation2/environment/ament_prefix_path.sh
[0.640s] -- Up-to-date symlink: /home/jay/capstonerobot_ws/install/turtlebot3_navigation2/share/turtlebot3_navigation2/environment/ament_prefix_path.dsv
[0.640s] -- Up-to-date symlink: /home/jay/capstonerobot_ws/install/turtlebot3_navigation2/share/turtlebot3_navigation2/environment/path.sh
[0.641s] -- Up-to-date symlink: /home/jay/capstonerobot_ws/install/turtlebot3_navigation2/share/turtlebot3_navigation2/environment/path.dsv
[0.641s] -- Up-to-date symlink: /home/jay/capstonerobot_ws/install/turtlebot3_navigation2/share/turtlebot3_navigation2/local_setup.bash
[0.642s] -- Up-to-date symlink: /home/jay/capstonerobot_ws/install/turtlebot3_navigation2/share/turtlebot3_navigation2/local_setup.sh
[0.642s] -- Up-to-date symlink: /home/jay/capstonerobot_ws/install/turtlebot3_navigation2/share/turtlebot3_navigation2/local_setup.zsh
[0.643s] -- Up-to-date symlink: /home/jay/capstonerobot_ws/install/turtlebot3_navigation2/share/turtlebot3_navigation2/local_setup.dsv
[0.643s] -- Symlinking: /home/jay/capstonerobot_ws/install/turtlebot3_navigation2/share/turtlebot3_navigation2/package.dsv
[0.657s] -- Up-to-date symlink: /home/jay/capstonerobot_ws/install/turtlebot3_navigation2/share/ament_index/resource_index/packages/turtlebot3_navigation2
[0.657s] -- Up-to-date symlink: /home/jay/capstonerobot_ws/install/turtlebot3_navigation2/share/turtlebot3_navigation2/cmake/turtlebot3_navigation2Config.cmake
[0.658s] -- Up-to-date symlink: /home/jay/capstonerobot_ws/install/turtlebot3_navigation2/share/turtlebot3_navigation2/cmake/turtlebot3_navigation2Config-version.cmake
[0.659s] -- Up-to-date symlink: /home/jay/capstonerobot_ws/install/turtlebot3_navigation2/share/turtlebot3_navigation2/package.xml
[0.668s] Invoked command in '/home/jay/capstonerobot_ws/build/turtlebot3_navigation2' returned '0': CMAKE_PREFIX_PATH=${CMAKE_PREFIX_PATH}:/home/jay/capstonerobot_ws/install/turtlebot3_teleop:/home/jay/capstonerobot_ws/install/turtlebot3_example:/opt/ros/foxy /usr/bin/cmake --install /home/jay/capstonerobot_ws/build/turtlebot3_navigation2
