[0.041s] Invoking command in '/home/jay/capstonerobot_ws/build/turtlebot3_gazebo': CMAKE_PREFIX_PATH=/home/jay/capstonerobot_ws/install/turtlebot3_description:/home/jay/capstonerobot_ws/install/ydlidar_ros2_driver:/home/jay/capstonerobot_ws/install/turtlebot3:/home/jay/capstonerobot_ws/install/turtlebot3_simulations:/home/jay/capstonerobot_ws/install/turtlebot3_bringup:/home/jay/capstonerobot_ws/install/turtlebot3_node:/home/jay/capstonerobot_ws/install/turtlebot3_navigation2:/home/jay/capstonerobot_ws/install/turtlebot3_fake_node:/home/jay/capstonerobot_ws/install/turtlebot3_msgs:/home/jay/capstonerobot_ws/install/turtlebot3_gazebo:/home/jay/capstonerobot_ws/install/turtlebot3_cartographer:/home/jay/capstonerobot_ws/install/micro_ros_setup:/home/jay/capstonerobot_ws/install/micro_ros_agent:/home/jay/capstonerobot_ws/install/micro_ros_msgs:/home/jay/capstonerobot_ws/install/drive_base_msgs:/home/jay/colcon_ws/install/ydlidar_ros2_driver:/home/jay/colcon_ws/install/action_msgs:/home/jay/colcon_ws/install/unique_identifier_msgs:/home/jay/colcon_ws/install/turtlebot3_simulations:/home/jay/colcon_ws/install/turtlebot3_gazebo:/home/jay/colcon_ws/install/turtlebot3_fake_node:/home/jay/colcon_ws/install/std_srvs:/home/jay/colcon_ws/install/drive_base_msgs:/home/jay/colcon_ws/install/std_msgs:/home/jay/colcon_ws/install/rmw_microxrcedds:/home/jay/colcon_ws/install/rosidl_typesupport_microxrcedds_cpp:/home/jay/colcon_ws/install/rosidl_typesupport_microxrcedds_c:/home/jay/colcon_ws/install/rcl_interfaces:/home/jay/colcon_ws/install/microxrcedds_client:/home/jay/colcon_ws/install/microcdr:/home/jay/colcon_ws/install/micro_ros_setup:/home/jay/colcon_ws/install/micro_ros_agent:/home/jay/colcon_ws/install/micro_ros_msgs:/home/jay/colcon_ws/install/complex_msgs:/home/jay/colcon_ws/install/builtin_interfaces:/home/jay/capstonerobot_ws/install/turtlebot3_teleop:/home/jay/capstonerobot_ws/install/turtlebot3_example:/opt/ros/foxy /usr/bin/cmake --build /home/jay/capstonerobot_ws/build/turtlebot3_gazebo -- -j4 -l4
[0.374s] [ 25%] Built target turtlebot3_drive
[0.376s] [ 50%] Built target obstacle1
[0.378s] [ 75%] Built target obstacle2
[0.398s] [100%] Built target obstacles
[0.416s] Invoked command in '/home/jay/capstonerobot_ws/build/turtlebot3_gazebo' returned '0': CMAKE_PREFIX_PATH=/home/jay/capstonerobot_ws/install/turtlebot3_description:/home/jay/capstonerobot_ws/install/ydlidar_ros2_driver:/home/jay/capstonerobot_ws/install/turtlebot3:/home/jay/capstonerobot_ws/install/turtlebot3_simulations:/home/jay/capstonerobot_ws/install/turtlebot3_bringup:/home/jay/capstonerobot_ws/install/turtlebot3_node:/home/jay/capstonerobot_ws/install/turtlebot3_navigation2:/home/jay/capstonerobot_ws/install/turtlebot3_fake_node:/home/jay/capstonerobot_ws/install/turtlebot3_msgs:/home/jay/capstonerobot_ws/install/turtlebot3_gazebo:/home/jay/capstonerobot_ws/install/turtlebot3_cartographer:/home/jay/capstonerobot_ws/install/micro_ros_setup:/home/jay/capstonerobot_ws/install/micro_ros_agent:/home/jay/capstonerobot_ws/install/micro_ros_msgs:/home/jay/capstonerobot_ws/install/drive_base_msgs:/home/jay/colcon_ws/install/ydlidar_ros2_driver:/home/jay/colcon_ws/install/action_msgs:/home/jay/colcon_ws/install/unique_identifier_msgs:/home/jay/colcon_ws/install/turtlebot3_simulations:/home/jay/colcon_ws/install/turtlebot3_gazebo:/home/jay/colcon_ws/install/turtlebot3_fake_node:/home/jay/colcon_ws/install/std_srvs:/home/jay/colcon_ws/install/drive_base_msgs:/home/jay/colcon_ws/install/std_msgs:/home/jay/colcon_ws/install/rmw_microxrcedds:/home/jay/colcon_ws/install/rosidl_typesupport_microxrcedds_cpp:/home/jay/colcon_ws/install/rosidl_typesupport_microxrcedds_c:/home/jay/colcon_ws/install/rcl_interfaces:/home/jay/colcon_ws/install/microxrcedds_client:/home/jay/colcon_ws/install/microcdr:/home/jay/colcon_ws/install/micro_ros_setup:/home/jay/colcon_ws/install/micro_ros_agent:/home/jay/colcon_ws/install/micro_ros_msgs:/home/jay/colcon_ws/install/complex_msgs:/home/jay/colcon_ws/install/builtin_interfaces:/home/jay/capstonerobot_ws/install/turtlebot3_teleop:/home/jay/capstonerobot_ws/install/turtlebot3_example:/opt/ros/foxy /usr/bin/cmake --build /home/jay/capstonerobot_ws/build/turtlebot3_gazebo -- -j4 -l4
[0.600s] Invoking command in '/home/jay/capstonerobot_ws/build/turtlebot3_gazebo': CMAKE_PREFIX_PATH=/home/jay/capstonerobot_ws/install/turtlebot3_description:/home/jay/capstonerobot_ws/install/ydlidar_ros2_driver:/home/jay/capstonerobot_ws/install/turtlebot3:/home/jay/capstonerobot_ws/install/turtlebot3_simulations:/home/jay/capstonerobot_ws/install/turtlebot3_bringup:/home/jay/capstonerobot_ws/install/turtlebot3_node:/home/jay/capstonerobot_ws/install/turtlebot3_navigation2:/home/jay/capstonerobot_ws/install/turtlebot3_fake_node:/home/jay/capstonerobot_ws/install/turtlebot3_msgs:/home/jay/capstonerobot_ws/install/turtlebot3_gazebo:/home/jay/capstonerobot_ws/install/turtlebot3_cartographer:/home/jay/capstonerobot_ws/install/micro_ros_setup:/home/jay/capstonerobot_ws/install/micro_ros_agent:/home/jay/capstonerobot_ws/install/micro_ros_msgs:/home/jay/capstonerobot_ws/install/drive_base_msgs:/home/jay/colcon_ws/install/ydlidar_ros2_driver:/home/jay/colcon_ws/install/action_msgs:/home/jay/colcon_ws/install/unique_identifier_msgs:/home/jay/colcon_ws/install/turtlebot3_simulations:/home/jay/colcon_ws/install/turtlebot3_gazebo:/home/jay/colcon_ws/install/turtlebot3_fake_node:/home/jay/colcon_ws/install/std_srvs:/home/jay/colcon_ws/install/drive_base_msgs:/home/jay/colcon_ws/install/std_msgs:/home/jay/colcon_ws/install/rmw_microxrcedds:/home/jay/colcon_ws/install/rosidl_typesupport_microxrcedds_cpp:/home/jay/colcon_ws/install/rosidl_typesupport_microxrcedds_c:/home/jay/colcon_ws/install/rcl_interfaces:/home/jay/colcon_ws/install/microxrcedds_client:/home/jay/colcon_ws/install/microcdr:/home/jay/colcon_ws/install/micro_ros_setup:/home/jay/colcon_ws/install/micro_ros_agent:/home/jay/colcon_ws/install/micro_ros_msgs:/home/jay/colcon_ws/install/complex_msgs:/home/jay/colcon_ws/install/builtin_interfaces:/home/jay/capstonerobot_ws/install/turtlebot3_teleop:/home/jay/capstonerobot_ws/install/turtlebot3_example:/opt/ros/foxy /usr/bin/cmake --install /home/jay/capstonerobot_ws/build/turtlebot3_gazebo
[0.629s] -- Install configuration: ""
[0.636s] -- Execute custom install script
[0.646s] -- Up-to-date symlink: /home/jay/capstonerobot_ws/install/turtlebot3_gazebo/lib/turtlebot3_gazebo/turtlebot3_drive
[0.647s] -- Up-to-date symlink: /home/jay/capstonerobot_ws/install/turtlebot3_gazebo/share/turtlebot3_gazebo//launch/empty_world.launch.py
[0.652s] -- Up-to-date symlink: /home/jay/capstonerobot_ws/install/turtlebot3_gazebo/share/turtlebot3_gazebo//launch/library_world.launch.py
[0.653s] -- Up-to-date symlink: /home/jay/capstonerobot_ws/install/turtlebot3_gazebo/share/turtlebot3_gazebo//launch/robot_state_publisher.launch.py
[0.654s] -- Up-to-date symlink: /home/jay/capstonerobot_ws/install/turtlebot3_gazebo/share/turtlebot3_gazebo//launch/turtlebot3_autorace.launch.py
[0.655s] -- Up-to-date symlink: /home/jay/capstonerobot_ws/install/turtlebot3_gazebo/share/turtlebot3_gazebo//launch/turtlebot3_dqn_stage1.launch.py
[0.655s] -- Up-to-date symlink: /home/jay/capstonerobot_ws/install/turtlebot3_gazebo/share/turtlebot3_gazebo//launch/turtlebot3_dqn_stage2.launch.py
[0.656s] -- Up-to-date symlink: /home/jay/capstonerobot_ws/install/turtlebot3_gazebo/share/turtlebot3_gazebo//launch/turtlebot3_dqn_stage3.launch.py
[0.657s] -- Up-to-date symlink: /home/jay/capstonerobot_ws/install/turtlebot3_gazebo/share/turtlebot3_gazebo//launch/turtlebot3_dqn_stage4.launch.py
[0.657s] -- Up-to-date symlink: /home/jay/capstonerobot_ws/install/turtlebot3_gazebo/share/turtlebot3_gazebo//launch/turtlebot3_house.launch.py
[0.658s] -- Up-to-date symlink: /home/jay/capstonerobot_ws/install/turtlebot3_gazebo/share/turtlebot3_gazebo//launch/turtlebot3_world.launch.py
[0.697s] -- Up-to-date symlink: /home/jay/capstonerobot_ws/install/turtlebot3_gazebo/share/turtlebot3_gazebo//models/library_table/materials/textures/1.jpg.002.jpg
[0.698s] -- Up-to-date symlink: /home/jay/capstonerobot_ws/install/turtlebot3_gazebo/share/turtlebot3_gazebo//models/library_table/materials/textures/10.jpg
[0.699s] -- Up-to-date symlink: /home/jay/capstonerobot_ws/install/turtlebot3_gazebo/share/turtlebot3_gazebo//models/library_table/materials/textures/100.jpg
[0.699s] -- Up-to-date symlink: /home/jay/capstonerobot_ws/install/turtlebot3_gazebo/share/turtlebot3_gazebo//models/library_table/materials/textures/101.jpg.001.jpg
[0.700s] -- Up-to-date symlink: /home/jay/capstonerobot_ws/install/turtlebot3_gazebo/share/turtlebot3_gazebo//models/library_table/materials/textures/102.jpg
[0.700s] -- Up-to-date symlink: /home/jay/capstonerobot_ws/install/turtlebot3_gazebo/share/turtlebot3_gazebo//models/library_table/materials/textures/103.jpg
[0.701s] -- Up-to-date symlink: /home/jay/capstonerobot_ws/install/turtlebot3_gazebo/share/turtlebot3_gazebo//models/library_table/materials/textures/104.jpg
[0.702s] -- Up-to-date symlink: /home/jay/capstonerobot_ws/install/turtlebot3_gazebo/share/turtlebot3_gazebo//models/library_table/materials/textures/105.jpg
[0.702s] -- Up-to-date symlink: /home/jay/capstonerobot_ws/install/turtlebot3_gazebo/share/turtlebot3_gazebo//models/library_table/materials/textures/106.jpg.001.jpg
[0.704s] -- Up-to-date symlink: /home/jay/capstonerobot_ws/install/turtlebot3_gazebo/share/turtlebot3_gazebo//models/library_table/materials/textures/107.jpg
[0.704s] -- Up-to-date symlink: /home/jay/capstonerobot_ws/install/turtlebot3_gazebo/share/turtlebot3_gazebo//models/library_table/materials/textures/108.jpg
[0.705s] -- Up-to-date symlink: /home/jay/capstonerobot_ws/install/turtlebot3_gazebo/share/turtlebot3_gazebo//models/library_table/materials/textures/109.jpg
[0.705s] -- Up-to-date symlink: /home/jay/capstonerobot_ws/install/turtlebot3_gazebo/share/turtlebot3_gazebo//models/library_table/materials/textures/11.jpg
[0.706s] -- Up-to-date symlink: /home/jay/capstonerobot_ws/install/turtlebot3_gazebo/share/turtlebot3_gazebo//models/library_table/materials/textures/110.jpg
[0.707s] -- Up-to-date symlink: /home/jay/capstonerobot_ws/install/turtlebot3_gazebo/share/turtlebot3_gazebo//models/library_table/materials/textures/111.jpg
[0.708s] -- Up-to-date symlink: /home/jay/capstonerobot_ws/install/turtlebot3_gazebo/share/turtlebot3_gazebo//models/library_table/materials/textures/112.jpg
[0.709s] -- Up-to-date symlink: /home/jay/capstonerobot_ws/install/turtlebot3_gazebo/share/turtlebot3_gazebo//models/library_table/materials/textures/113.jpg
[0.710s] -- Up-to-date symlink: /home/jay/capstonerobot_ws/install/turtlebot3_gazebo/share/turtlebot3_gazebo//models/library_table/materials/textures/114.jpg
[0.711s] -- Up-to-date symlink: /home/jay/capstonerobot_ws/install/turtlebot3_gazebo/share/turtlebot3_gazebo//models/library_table/materials/textures/115.jpg
[0.711s] -- Up-to-date symlink: /home/jay/capstonerobot_ws/install/turtlebot3_gazebo/share/turtlebot3_gazebo//models/library_table/materials/textures/116.jpg
[0.712s] -- Up-to-date symlink: /home/jay/capstonerobot_ws/install/turtlebot3_gazebo/share/turtlebot3_gazebo//models/library_table/materials/textures/117.jpg
[0.712s] -- Up-to-date symlink: /home/jay/capstonerobot_ws/install/turtlebot3_gazebo/share/turtlebot3_gazebo//models/library_table/materials/textures/118.jpg
[0.713s] -- Up-to-date symlink: /home/jay/capstonerobot_ws/install/turtlebot3_gazebo/share/turtlebot3_gazebo//models/library_table/materials/textures/119.jpg
[0.715s] -- Up-to-date symlink: /home/jay/capstonerobot_ws/install/turtlebot3_gazebo/share/turtlebot3_gazebo//models/library_table/materials/textures/12.jpg
[0.715s] -- Up-to-date symlink: /home/jay/capstonerobot_ws/install/turtlebot3_gazebo/share/turtlebot3_gazebo//models/library_table/materials/textures/120.jpg
[0.716s] -- Up-to-date symlink: /home/jay/capstonerobot_ws/install/turtlebot3_gazebo/share/turtlebot3_gazebo//models/library_table/materials/textures/121.jpg
[0.717s] -- Up-to-date symlink: /home/jay/capstonerobot_ws/install/turtlebot3_gazebo/share/turtlebot3_gazebo//models/library_table/materials/textures/122.jpg
[0.718s] -- Up-to-date symlink: /home/jay/capstonerobot_ws/install/turtlebot3_gazebo/share/turtlebot3_gazebo//models/library_table/materials/textures/123.jpg
[0.719s] -- Up-to-date symlink: /home/jay/capstonerobot_ws/install/turtlebot3_gazebo/share/turtlebot3_gazebo//models/library_table/materials/textures/124.jpg
[0.720s] -- Up-to-date symlink: /home/jay/capstonerobot_ws/install/turtlebot3_gazebo/share/turtlebot3_gazebo//models/library_table/materials/textures/125.jpg
[0.721s] -- Up-to-date symlink: /home/jay/capstonerobot_ws/install/turtlebot3_gazebo/share/turtlebot3_gazebo//models/library_table/materials/textures/126.jpg
[0.723s] -- Up-to-date symlink: /home/jay/capstonerobot_ws/install/turtlebot3_gazebo/share/turtlebot3_gazebo//models/library_table/materials/textures/127.jpg
[0.724s] -- Up-to-date symlink: /home/jay/capstonerobot_ws/install/turtlebot3_gazebo/share/turtlebot3_gazebo//models/library_table/materials/textures/128.jpg
[0.724s] -- Up-to-date symlink: /home/jay/capstonerobot_ws/install/turtlebot3_gazebo/share/turtlebot3_gazebo//models/library_table/materials/textures/129.jpg
[0.725s] -- Up-to-date symlink: /home/jay/capstonerobot_ws/install/turtlebot3_gazebo/share/turtlebot3_gazebo//models/library_table/materials/textures/13.jpg
[0.726s] -- Up-to-date symlink: /home/jay/capstonerobot_ws/install/turtlebot3_gazebo/share/turtlebot3_gazebo//models/library_table/materials/textures/130.jpg
[0.727s] -- Up-to-date symlink: /home/jay/capstonerobot_ws/install/turtlebot3_gazebo/share/turtlebot3_gazebo//models/library_table/materials/textures/131.jpg
[0.728s] -- Up-to-date symlink: /home/jay/capstonerobot_ws/install/turtlebot3_gazebo/share/turtlebot3_gazebo//models/library_table/materials/textures/132.jpg
[0.731s] -- Up-to-date symlink: /home/jay/capstonerobot_ws/install/turtlebot3_gazebo/share/turtlebot3_gazebo//models/library_table/materials/textures/133.jpg
[0.733s] -- Up-to-date symlink: /home/jay/capstonerobot_ws/install/turtlebot3_gazebo/share/turtlebot3_gazebo//models/library_table/materials/textures/134.jpg
[0.734s] -- Up-to-date symlink: /home/jay/capstonerobot_ws/install/turtlebot3_gazebo/share/turtlebot3_gazebo//models/library_table/materials/textures/135.jpg
[0.736s] -- Up-to-date symlink: /home/jay/capstonerobot_ws/install/turtlebot3_gazebo/share/turtlebot3_gazebo//models/library_table/materials/textures/136.jpg
[0.736s] -- Up-to-date symlink: /home/jay/capstonerobot_ws/install/turtlebot3_gazebo/share/turtlebot3_gazebo//models/library_table/materials/textures/137.jpg
[0.736s] -- Up-to-date symlink: /home/jay/capstonerobot_ws/install/turtlebot3_gazebo/share/turtlebot3_gazebo//models/library_table/materials/textures/138.jpg
[0.737s] -- Up-to-date symlink: /home/jay/capstonerobot_ws/install/turtlebot3_gazebo/share/turtlebot3_gazebo//models/library_table/materials/textures/139.jpg
[0.738s] -- Up-to-date symlink: /home/jay/capstonerobot_ws/install/turtlebot3_gazebo/share/turtlebot3_gazebo//models/library_table/materials/textures/14.jpg
[0.740s] -- Up-to-date symlink: /home/jay/capstonerobot_ws/install/turtlebot3_gazebo/share/turtlebot3_gazebo//models/library_table/materials/textures/140.jpg
[0.740s] -- Up-to-date symlink: /home/jay/capstonerobot_ws/install/turtlebot3_gazebo/share/turtlebot3_gazebo//models/library_table/materials/textures/141.jpg
[0.741s] -- Up-to-date symlink: /home/jay/capstonerobot_ws/install/turtlebot3_gazebo/share/turtlebot3_gazebo//models/library_table/materials/textures/142.jpg
[0.743s] -- Up-to-date symlink: /home/jay/capstonerobot_ws/install/turtlebot3_gazebo/share/turtlebot3_gazebo//models/library_table/materials/textures/143.jpg
[0.755s] -- Up-to-date symlink: /home/jay/capstonerobot_ws/install/turtlebot3_gazebo/share/turtlebot3_gazebo//models/library_table/materials/textures/144.jpg
[0.756s] -- Up-to-date symlink: /home/jay/capstonerobot_ws/install/turtlebot3_gazebo/share/turtlebot3_gazebo//models/library_table/materials/textures/145.jpg
[0.757s] -- Up-to-date symlink: /home/jay/capstonerobot_ws/install/turtlebot3_gazebo/share/turtlebot3_gazebo//models/library_table/materials/textures/146.jpg
[0.757s] -- Up-to-date symlink: /home/jay/capstonerobot_ws/install/turtlebot3_gazebo/share/turtlebot3_gazebo//models/library_table/materials/textures/147.jpg
[0.760s] -- Up-to-date symlink: /home/jay/capstonerobot_ws/install/turtlebot3_gazebo/share/turtlebot3_gazebo//models/library_table/materials/textures/148.jpg
[0.762s] -- Up-to-date symlink: /home/jay/capstonerobot_ws/install/turtlebot3_gazebo/share/turtlebot3_gazebo//models/library_table/materials/textures/149.jpg
[0.762s] -- Up-to-date symlink: /home/jay/capstonerobot_ws/install/turtlebot3_gazebo/share/turtlebot3_gazebo//models/library_table/materials/textures/15.jpg
[0.762s] -- Up-to-date symlink: /home/jay/capstonerobot_ws/install/turtlebot3_gazebo/share/turtlebot3_gazebo//models/library_table/materials/textures/150.jpg
[0.763s] -- Up-to-date symlink: /home/jay/capstonerobot_ws/install/turtlebot3_gazebo/share/turtlebot3_gazebo//models/library_table/materials/textures/151.jpg
[0.765s] -- Up-to-date symlink: /home/jay/capstonerobot_ws/install/turtlebot3_gazebo/share/turtlebot3_gazebo//models/library_table/materials/textures/152.jpg
[0.765s] -- Up-to-date symlink: /home/jay/capstonerobot_ws/install/turtlebot3_gazebo/share/turtlebot3_gazebo//models/library_table/materials/textures/153.jpg
[0.767s] -- Up-to-date symlink: /home/jay/capstonerobot_ws/install/turtlebot3_gazebo/share/turtlebot3_gazebo//models/library_table/materials/textures/154.jpg
[0.768s] -- Up-to-date symlink: /home/jay/capstonerobot_ws/install/turtlebot3_gazebo/share/turtlebot3_gazebo//models/library_table/materials/textures/155.jpg
[0.768s] -- Up-to-date symlink: /home/jay/capstonerobot_ws/install/turtlebot3_gazebo/share/turtlebot3_gazebo//models/library_table/materials/textures/156.jpg
[0.768s] -- Up-to-date symlink: /home/jay/capstonerobot_ws/install/turtlebot3_gazebo/share/turtlebot3_gazebo//models/library_table/materials/textures/157.jpg
[0.771s] -- Up-to-date symlink: /home/jay/capstonerobot_ws/install/turtlebot3_gazebo/share/turtlebot3_gazebo//models/library_table/materials/textures/158.jpg
[0.772s] -- Up-to-date symlink: /home/jay/capstonerobot_ws/install/turtlebot3_gazebo/share/turtlebot3_gazebo//models/library_table/materials/textures/159.jpg
[0.773s] -- Up-to-date symlink: /home/jay/capstonerobot_ws/install/turtlebot3_gazebo/share/turtlebot3_gazebo//models/library_table/materials/textures/16.jpg
[0.775s] -- Up-to-date symlink: /home/jay/capstonerobot_ws/install/turtlebot3_gazebo/share/turtlebot3_gazebo//models/library_table/materials/textures/160.jpg
[0.779s] -- Up-to-date symlink: /home/jay/capstonerobot_ws/install/turtlebot3_gazebo/share/turtlebot3_gazebo//models/library_table/materials/textures/161.jpg
[0.779s] -- Up-to-date symlink: /home/jay/capstonerobot_ws/install/turtlebot3_gazebo/share/turtlebot3_gazebo//models/library_table/materials/textures/162.jpg
[0.779s] -- Up-to-date symlink: /home/jay/capstonerobot_ws/install/turtlebot3_gazebo/share/turtlebot3_gazebo//models/library_table/materials/textures/163.jpg
[0.779s] -- Up-to-date symlink: /home/jay/capstonerobot_ws/install/turtlebot3_gazebo/share/turtlebot3_gazebo//models/library_table/materials/textures/164.jpg
[0.779s] -- Up-to-date symlink: /home/jay/capstonerobot_ws/install/turtlebot3_gazebo/share/turtlebot3_gazebo//models/library_table/materials/textures/165.jpg
[0.779s] -- Up-to-date symlink: /home/jay/capstonerobot_ws/install/turtlebot3_gazebo/share/turtlebot3_gazebo//models/library_table/materials/textures/166.jpg
[0.780s] -- Up-to-date symlink: /home/jay/capstonerobot_ws/install/turtlebot3_gazebo/share/turtlebot3_gazebo//models/library_table/materials/textures/167.jpg
[0.780s] -- Up-to-date symlink: /home/jay/capstonerobot_ws/install/turtlebot3_gazebo/share/turtlebot3_gazebo//models/library_table/materials/textures/168.jpg
[0.780s] -- Up-to-date symlink: /home/jay/capstonerobot_ws/install/turtlebot3_gazebo/share/turtlebot3_gazebo//models/library_table/materials/textures/169.jpg
[0.781s] -- Up-to-date symlink: /home/jay/capstonerobot_ws/install/turtlebot3_gazebo/share/turtlebot3_gazebo//models/library_table/materials/textures/17.jpg
[0.781s] -- Up-to-date symlink: /home/jay/capstonerobot_ws/install/turtlebot3_gazebo/share/turtlebot3_gazebo//models/library_table/materials/textures/170.jpg
[0.781s] -- Up-to-date symlink: /home/jay/capstonerobot_ws/install/turtlebot3_gazebo/share/turtlebot3_gazebo//models/library_table/materials/textures/171.jpg
[0.781s] -- Up-to-date symlink: /home/jay/capstonerobot_ws/install/turtlebot3_gazebo/share/turtlebot3_gazebo//models/library_table/materials/textures/172.jpg
[0.782s] -- Up-to-date symlink: /home/jay/capstonerobot_ws/install/turtlebot3_gazebo/share/turtlebot3_gazebo//models/library_table/materials/textures/173.jpg
[0.783s] -- Up-to-date symlink: /home/jay/capstonerobot_ws/install/turtlebot3_gazebo/share/turtlebot3_gazebo//models/library_table/materials/textures/174.jpg
[0.783s] -- Up-to-date symlink: /home/jay/capstonerobot_ws/install/turtlebot3_gazebo/share/turtlebot3_gazebo//models/library_table/materials/textures/175.jpg
[0.783s] -- Up-to-date symlink: /home/jay/capstonerobot_ws/install/turtlebot3_gazebo/share/turtlebot3_gazebo//models/library_table/materials/textures/176.jpg
[0.783s] -- Up-to-date symlink: /home/jay/capstonerobot_ws/install/turtlebot3_gazebo/share/turtlebot3_gazebo//models/library_table/materials/textures/177.jpg
[0.783s] -- Up-to-date symlink: /home/jay/capstonerobot_ws/install/turtlebot3_gazebo/share/turtlebot3_gazebo//models/library_table/materials/textures/178.jpg
[0.784s] -- Up-to-date symlink: /home/jay/capstonerobot_ws/install/turtlebot3_gazebo/share/turtlebot3_gazebo//models/library_table/materials/textures/179.jpg
[0.784s] -- Up-to-date symlink: /home/jay/capstonerobot_ws/install/turtlebot3_gazebo/share/turtlebot3_gazebo//models/library_table/materials/textures/18.jpg
[0.785s] -- Up-to-date symlink: /home/jay/capstonerobot_ws/install/turtlebot3_gazebo/share/turtlebot3_gazebo//models/library_table/materials/textures/180.jpg
[0.787s] -- Up-to-date symlink: /home/jay/capstonerobot_ws/install/turtlebot3_gazebo/share/turtlebot3_gazebo//models/library_table/materials/textures/181.jpg
[0.789s] -- Up-to-date symlink: /home/jay/capstonerobot_ws/install/turtlebot3_gazebo/share/turtlebot3_gazebo//models/library_table/materials/textures/182.jpg
[0.794s] -- Up-to-date symlink: /home/jay/capstonerobot_ws/install/turtlebot3_gazebo/share/turtlebot3_gazebo//models/library_table/materials/textures/183.jpg
[0.795s] -- Up-to-date symlink: /home/jay/capstonerobot_ws/install/turtlebot3_gazebo/share/turtlebot3_gazebo//models/library_table/materials/textures/184.jpg
[0.796s] -- Up-to-date symlink: /home/jay/capstonerobot_ws/install/turtlebot3_gazebo/share/turtlebot3_gazebo//models/library_table/materials/textures/185.jpg
[0.797s] -- Up-to-date symlink: /home/jay/capstonerobot_ws/install/turtlebot3_gazebo/share/turtlebot3_gazebo//models/library_table/materials/textures/186.jpg
[0.798s] -- Up-to-date symlink: /home/jay/capstonerobot_ws/install/turtlebot3_gazebo/share/turtlebot3_gazebo//models/library_table/materials/textures/187.jpg
[0.799s] -- Up-to-date symlink: /home/jay/capstonerobot_ws/install/turtlebot3_gazebo/share/turtlebot3_gazebo//models/library_table/materials/textures/188.jpg
[0.800s] -- Up-to-date symlink: /home/jay/capstonerobot_ws/install/turtlebot3_gazebo/share/turtlebot3_gazebo//models/library_table/materials/textures/189.jpg
[0.802s] -- Up-to-date symlink: /home/jay/capstonerobot_ws/install/turtlebot3_gazebo/share/turtlebot3_gazebo//models/library_table/materials/textures/19.jpg
[0.803s] -- Up-to-date symlink: /home/jay/capstonerobot_ws/install/turtlebot3_gazebo/share/turtlebot3_gazebo//models/library_table/materials/textures/190.jpg
[0.804s] -- Up-to-date symlink: /home/jay/capstonerobot_ws/install/turtlebot3_gazebo/share/turtlebot3_gazebo//models/library_table/materials/textures/191.jpg
[0.805s] -- Up-to-date symlink: /home/jay/capstonerobot_ws/install/turtlebot3_gazebo/share/turtlebot3_gazebo//models/library_table/materials/textures/192.jpg
[0.806s] -- Up-to-date symlink: /home/jay/capstonerobot_ws/install/turtlebot3_gazebo/share/turtlebot3_gazebo//models/library_table/materials/textures/193.jpg
[0.807s] -- Up-to-date symlink: /home/jay/capstonerobot_ws/install/turtlebot3_gazebo/share/turtlebot3_gazebo//models/library_table/materials/textures/194.jpg
[0.808s] -- Up-to-date symlink: /home/jay/capstonerobot_ws/install/turtlebot3_gazebo/share/turtlebot3_gazebo//models/library_table/materials/textures/195.jpg
[0.809s] -- Up-to-date symlink: /home/jay/capstonerobot_ws/install/turtlebot3_gazebo/share/turtlebot3_gazebo//models/library_table/materials/textures/196.jpg
[0.810s] -- Up-to-date symlink: /home/jay/capstonerobot_ws/install/turtlebot3_gazebo/share/turtlebot3_gazebo//models/library_table/materials/textures/197.jpg
[0.812s] -- Up-to-date symlink: /home/jay/capstonerobot_ws/install/turtlebot3_gazebo/share/turtlebot3_gazebo//models/library_table/materials/textures/198.jpg
[0.813s] -- Up-to-date symlink: /home/jay/capstonerobot_ws/install/turtlebot3_gazebo/share/turtlebot3_gazebo//models/library_table/materials/textures/199.jpg
[0.814s] -- Up-to-date symlink: /home/jay/capstonerobot_ws/install/turtlebot3_gazebo/share/turtlebot3_gazebo//models/library_table/materials/textures/2.jpg
[0.815s] -- Up-to-date symlink: /home/jay/capstonerobot_ws/install/turtlebot3_gazebo/share/turtlebot3_gazebo//models/library_table/materials/textures/20.jpg
[0.816s] -- Up-to-date symlink: /home/jay/capstonerobot_ws/install/turtlebot3_gazebo/share/turtlebot3_gazebo//models/library_table/materials/textures/200.jpg
[0.817s] -- Up-to-date symlink: /home/jay/capstonerobot_ws/install/turtlebot3_gazebo/share/turtlebot3_gazebo//models/library_table/materials/textures/201.jpg
[0.819s] -- Up-to-date symlink: /home/jay/capstonerobot_ws/install/turtlebot3_gazebo/share/turtlebot3_gazebo//models/library_table/materials/textures/202.jpg
[0.820s] -- Up-to-date symlink: /home/jay/capstonerobot_ws/install/turtlebot3_gazebo/share/turtlebot3_gazebo//models/library_table/materials/textures/203.jpg
[0.821s] -- Up-to-date symlink: /home/jay/capstonerobot_ws/install/turtlebot3_gazebo/share/turtlebot3_gazebo//models/library_table/materials/textures/204.jpg
[0.822s] -- Up-to-date symlink: /home/jay/capstonerobot_ws/install/turtlebot3_gazebo/share/turtlebot3_gazebo//models/library_table/materials/textures/205.jpg
[0.823s] -- Up-to-date symlink: /home/jay/capstonerobot_ws/install/turtlebot3_gazebo/share/turtlebot3_gazebo//models/library_table/materials/textures/206.jpg
[0.824s] -- Up-to-date symlink: /home/jay/capstonerobot_ws/install/turtlebot3_gazebo/share/turtlebot3_gazebo//models/library_table/materials/textures/207.jpg
[0.825s] -- Up-to-date symlink: /home/jay/capstonerobot_ws/install/turtlebot3_gazebo/share/turtlebot3_gazebo//models/library_table/materials/textures/208.jpg
[0.826s] -- Up-to-date symlink: /home/jay/capstonerobot_ws/install/turtlebot3_gazebo/share/turtlebot3_gazebo//models/library_table/materials/textures/209.jpg
[0.827s] -- Up-to-date symlink: /home/jay/capstonerobot_ws/install/turtlebot3_gazebo/share/turtlebot3_gazebo//models/library_table/materials/textures/21.jpg
[0.828s] -- Up-to-date symlink: /home/jay/capstonerobot_ws/install/turtlebot3_gazebo/share/turtlebot3_gazebo//models/library_table/materials/textures/210.jpg
[0.828s] -- Up-to-date symlink: /home/jay/capstonerobot_ws/install/turtlebot3_gazebo/share/turtlebot3_gazebo//models/library_table/materials/textures/211.jpg
[0.829s] -- Up-to-date symlink: /home/jay/capstonerobot_ws/install/turtlebot3_gazebo/share/turtlebot3_gazebo//models/library_table/materials/textures/212.jpg
[0.830s] -- Up-to-date symlink: /home/jay/capstonerobot_ws/install/turtlebot3_gazebo/share/turtlebot3_gazebo//models/library_table/materials/textures/213.jpg
[0.831s] -- Up-to-date symlink: /home/jay/capstonerobot_ws/install/turtlebot3_gazebo/share/turtlebot3_gazebo//models/library_table/materials/textures/214.jpg
[0.832s] -- Up-to-date symlink: /home/jay/capstonerobot_ws/install/turtlebot3_gazebo/share/turtlebot3_gazebo//models/library_table/materials/textures/215.jpg
[0.832s] -- Up-to-date symlink: /home/jay/capstonerobot_ws/install/turtlebot3_gazebo/share/turtlebot3_gazebo//models/library_table/materials/textures/216.jpg
[0.833s] -- Up-to-date symlink: /home/jay/capstonerobot_ws/install/turtlebot3_gazebo/share/turtlebot3_gazebo//models/library_table/materials/textures/217.jpg
[0.834s] -- Up-to-date symlink: /home/jay/capstonerobot_ws/install/turtlebot3_gazebo/share/turtlebot3_gazebo//models/library_table/materials/textures/218.jpg
[0.835s] -- Up-to-date symlink: /home/jay/capstonerobot_ws/install/turtlebot3_gazebo/share/turtlebot3_gazebo//models/library_table/materials/textures/219.jpg
[0.835s] -- Up-to-date symlink: /home/jay/capstonerobot_ws/install/turtlebot3_gazebo/share/turtlebot3_gazebo//models/library_table/materials/textures/22.jpg
[0.836s] -- Up-to-date symlink: /home/jay/capstonerobot_ws/install/turtlebot3_gazebo/share/turtlebot3_gazebo//models/library_table/materials/textures/220.jpg
[0.837s] -- Up-to-date symlink: /home/jay/capstonerobot_ws/install/turtlebot3_gazebo/share/turtlebot3_gazebo//models/library_table/materials/textures/221.jpg
[0.838s] -- Up-to-date symlink: /home/jay/capstonerobot_ws/install/turtlebot3_gazebo/share/turtlebot3_gazebo//models/library_table/materials/textures/222.jpg
[0.839s] -- Up-to-date symlink: /home/jay/capstonerobot_ws/install/turtlebot3_gazebo/share/turtlebot3_gazebo//models/library_table/materials/textures/223.jpg
[0.840s] -- Up-to-date symlink: /home/jay/capstonerobot_ws/install/turtlebot3_gazebo/share/turtlebot3_gazebo//models/library_table/materials/textures/224.jpg
[0.841s] -- Up-to-date symlink: /home/jay/capstonerobot_ws/install/turtlebot3_gazebo/share/turtlebot3_gazebo//models/library_table/materials/textures/225.jpg
[0.842s] -- Up-to-date symlink: /home/jay/capstonerobot_ws/install/turtlebot3_gazebo/share/turtlebot3_gazebo//models/library_table/materials/textures/226.jpg
[0.843s] -- Up-to-date symlink: /home/jay/capstonerobot_ws/install/turtlebot3_gazebo/share/turtlebot3_gazebo//models/library_table/materials/textures/227.jpg
[0.844s] -- Up-to-date symlink: /home/jay/capstonerobot_ws/install/turtlebot3_gazebo/share/turtlebot3_gazebo//models/library_table/materials/textures/228.jpg
[0.845s] -- Up-to-date symlink: /home/jay/capstonerobot_ws/install/turtlebot3_gazebo/share/turtlebot3_gazebo//models/library_table/materials/textures/229.jpg
[0.846s] -- Up-to-date symlink: /home/jay/capstonerobot_ws/install/turtlebot3_gazebo/share/turtlebot3_gazebo//models/library_table/materials/textures/23.jpg
[0.847s] -- Up-to-date symlink: /home/jay/capstonerobot_ws/install/turtlebot3_gazebo/share/turtlebot3_gazebo//models/library_table/materials/textures/230.jpg
[0.848s] -- Up-to-date symlink: /home/jay/capstonerobot_ws/install/turtlebot3_gazebo/share/turtlebot3_gazebo//models/library_table/materials/textures/231.jpg
[0.849s] -- Up-to-date symlink: /home/jay/capstonerobot_ws/install/turtlebot3_gazebo/share/turtlebot3_gazebo//models/library_table/materials/textures/232.jpg
[0.849s] -- Up-to-date symlink: /home/jay/capstonerobot_ws/install/turtlebot3_gazebo/share/turtlebot3_gazebo//models/library_table/materials/textures/233.jpg
[0.850s] -- Up-to-date symlink: /home/jay/capstonerobot_ws/install/turtlebot3_gazebo/share/turtlebot3_gazebo//models/library_table/materials/textures/234.jpg
[0.851s] -- Up-to-date symlink: /home/jay/capstonerobot_ws/install/turtlebot3_gazebo/share/turtlebot3_gazebo//models/library_table/materials/textures/235.jpg
[0.852s] -- Up-to-date symlink: /home/jay/capstonerobot_ws/install/turtlebot3_gazebo/share/turtlebot3_gazebo//models/library_table/materials/textures/236.jpg
[0.853s] -- Up-to-date symlink: /home/jay/capstonerobot_ws/install/turtlebot3_gazebo/share/turtlebot3_gazebo//models/library_table/materials/textures/237.jpg
[0.854s] -- Up-to-date symlink: /home/jay/capstonerobot_ws/install/turtlebot3_gazebo/share/turtlebot3_gazebo//models/library_table/materials/textures/238.jpg
[0.855s] -- Up-to-date symlink: /home/jay/capstonerobot_ws/install/turtlebot3_gazebo/share/turtlebot3_gazebo//models/library_table/materials/textures/239.jpg
[0.856s] -- Up-to-date symlink: /home/jay/capstonerobot_ws/install/turtlebot3_gazebo/share/turtlebot3_gazebo//models/library_table/materials/textures/24.jpg
[0.857s] -- Up-to-date symlink: /home/jay/capstonerobot_ws/install/turtlebot3_gazebo/share/turtlebot3_gazebo//models/library_table/materials/textures/240.jpg
[0.858s] -- Up-to-date symlink: /home/jay/capstonerobot_ws/install/turtlebot3_gazebo/share/turtlebot3_gazebo//models/library_table/materials/textures/241.jpg
[0.859s] -- Up-to-date symlink: /home/jay/capstonerobot_ws/install/turtlebot3_gazebo/share/turtlebot3_gazebo//models/library_table/materials/textures/242.jpg
[0.859s] -- Up-to-date symlink: /home/jay/capstonerobot_ws/install/turtlebot3_gazebo/share/turtlebot3_gazebo//models/library_table/materials/textures/243.jpg
[0.860s] -- Up-to-date symlink: /home/jay/capstonerobot_ws/install/turtlebot3_gazebo/share/turtlebot3_gazebo//models/library_table/materials/textures/244.jpg
[0.860s] -- Up-to-date symlink: /home/jay/capstonerobot_ws/install/turtlebot3_gazebo/share/turtlebot3_gazebo//models/library_table/materials/textures/245.jpg
[0.861s] -- Up-to-date symlink: /home/jay/capstonerobot_ws/install/turtlebot3_gazebo/share/turtlebot3_gazebo//models/library_table/materials/textures/246.jpg
[0.862s] -- Up-to-date symlink: /home/jay/capstonerobot_ws/install/turtlebot3_gazebo/share/turtlebot3_gazebo//models/library_table/materials/textures/247.jpg
[0.868s] -- Up-to-date symlink: /home/jay/capstonerobot_ws/install/turtlebot3_gazebo/share/turtlebot3_gazebo//models/library_table/materials/textures/248.jpg
[0.868s] -- Up-to-date symlink: /home/jay/capstonerobot_ws/install/turtlebot3_gazebo/share/turtlebot3_gazebo//models/library_table/materials/textures/249.jpg
[0.868s] -- Up-to-date symlink: /home/jay/capstonerobot_ws/install/turtlebot3_gazebo/share/turtlebot3_gazebo//models/library_table/materials/textures/25.jpg
[0.868s] -- Up-to-date symlink: /home/jay/capstonerobot_ws/install/turtlebot3_gazebo/share/turtlebot3_gazebo//models/library_table/materials/textures/250.jpg
[0.869s] -- Up-to-date symlink: /home/jay/capstonerobot_ws/install/turtlebot3_gazebo/share/turtlebot3_gazebo//models/library_table/materials/textures/251.jpg
[0.869s] -- Up-to-date symlink: /home/jay/capstonerobot_ws/install/turtlebot3_gazebo/share/turtlebot3_gazebo//models/library_table/materials/textures/252.jpg
[0.869s] -- Up-to-date symlink: /home/jay/capstonerobot_ws/install/turtlebot3_gazebo/share/turtlebot3_gazebo//models/library_table/materials/textures/253.jpg
[0.869s] -- Up-to-date symlink: /home/jay/capstonerobot_ws/install/turtlebot3_gazebo/share/turtlebot3_gazebo//models/library_table/materials/textures/254.jpg
[0.869s] -- Up-to-date symlink: /home/jay/capstonerobot_ws/install/turtlebot3_gazebo/share/turtlebot3_gazebo//models/library_table/materials/textures/255.jpg
[0.869s] -- Up-to-date symlink: /home/jay/capstonerobot_ws/install/turtlebot3_gazebo/share/turtlebot3_gazebo//models/library_table/materials/textures/256.jpg
[0.869s] -- Up-to-date symlink: /home/jay/capstonerobot_ws/install/turtlebot3_gazebo/share/turtlebot3_gazebo//models/library_table/materials/textures/257.jpg
[0.869s] -- Up-to-date symlink: /home/jay/capstonerobot_ws/install/turtlebot3_gazebo/share/turtlebot3_gazebo//models/library_table/materials/textures/258.jpg
[0.869s] -- Up-to-date symlink: /home/jay/capstonerobot_ws/install/turtlebot3_gazebo/share/turtlebot3_gazebo//models/library_table/materials/textures/259.jpg
[0.869s] -- Up-to-date symlink: /home/jay/capstonerobot_ws/install/turtlebot3_gazebo/share/turtlebot3_gazebo//models/library_table/materials/textures/26.jpg
[0.870s] -- Up-to-date symlink: /home/jay/capstonerobot_ws/install/turtlebot3_gazebo/share/turtlebot3_gazebo//models/library_table/materials/textures/260.jpg
[0.871s] -- Up-to-date symlink: /home/jay/capstonerobot_ws/install/turtlebot3_gazebo/share/turtlebot3_gazebo//models/library_table/materials/textures/261.jpg
[0.871s] -- Up-to-date symlink: /home/jay/capstonerobot_ws/install/turtlebot3_gazebo/share/turtlebot3_gazebo//models/library_table/materials/textures/262.jpg
[0.872s] -- Up-to-date symlink: /home/jay/capstonerobot_ws/install/turtlebot3_gazebo/share/turtlebot3_gazebo//models/library_table/materials/textures/263.jpg
[0.872s] -- Up-to-date symlink: /home/jay/capstonerobot_ws/install/turtlebot3_gazebo/share/turtlebot3_gazebo//models/library_table/materials/textures/264.jpg
[0.873s] -- Up-to-date symlink: /home/jay/capstonerobot_ws/install/turtlebot3_gazebo/share/turtlebot3_gazebo//models/library_table/materials/textures/265.jpg
[0.874s] -- Up-to-date symlink: /home/jay/capstonerobot_ws/install/turtlebot3_gazebo/share/turtlebot3_gazebo//models/library_table/materials/textures/266.jpg
[0.874s] -- Up-to-date symlink: /home/jay/capstonerobot_ws/install/turtlebot3_gazebo/share/turtlebot3_gazebo//models/library_table/materials/textures/267.jpg
[0.875s] -- Up-to-date symlink: /home/jay/capstonerobot_ws/install/turtlebot3_gazebo/share/turtlebot3_gazebo//models/library_table/materials/textures/268.jpg
[0.876s] -- Up-to-date symlink: /home/jay/capstonerobot_ws/install/turtlebot3_gazebo/share/turtlebot3_gazebo//models/library_table/materials/textures/269.jpg
[0.877s] -- Up-to-date symlink: /home/jay/capstonerobot_ws/install/turtlebot3_gazebo/share/turtlebot3_gazebo//models/library_table/materials/textures/27.jpg
[0.877s] -- Up-to-date symlink: /home/jay/capstonerobot_ws/install/turtlebot3_gazebo/share/turtlebot3_gazebo//models/library_table/materials/textures/270.jpg
[0.878s] -- Up-to-date symlink: /home/jay/capstonerobot_ws/install/turtlebot3_gazebo/share/turtlebot3_gazebo//models/library_table/materials/textures/271.jpg
[0.879s] -- Up-to-date symlink: /home/jay/capstonerobot_ws/install/turtlebot3_gazebo/share/turtlebot3_gazebo//models/library_table/materials/textures/272.jpg
[0.880s] -- Up-to-date symlink: /home/jay/capstonerobot_ws/install/turtlebot3_gazebo/share/turtlebot3_gazebo//models/library_table/materials/textures/273.jpg
[0.880s] -- Up-to-date symlink: /home/jay/capstonerobot_ws/install/turtlebot3_gazebo/share/turtlebot3_gazebo//models/library_table/materials/textures/274.jpg
[0.881s] -- Up-to-date symlink: /home/jay/capstonerobot_ws/install/turtlebot3_gazebo/share/turtlebot3_gazebo//models/library_table/materials/textures/275.jpg
[0.882s] -- Up-to-date symlink: /home/jay/capstonerobot_ws/install/turtlebot3_gazebo/share/turtlebot3_gazebo//models/library_table/materials/textures/276.jpg
[0.882s] -- Up-to-date symlink: /home/jay/capstonerobot_ws/install/turtlebot3_gazebo/share/turtlebot3_gazebo//models/library_table/materials/textures/277.jpg
[0.887s] -- Up-to-date symlink: /home/jay/capstonerobot_ws/install/turtlebot3_gazebo/share/turtlebot3_gazebo//models/library_table/materials/textures/278.jpg
[0.888s] -- Up-to-date symlink: /home/jay/capstonerobot_ws/install/turtlebot3_gazebo/share/turtlebot3_gazebo//models/library_table/materials/textures/279.jpg
[0.889s] -- Up-to-date symlink: /home/jay/capstonerobot_ws/install/turtlebot3_gazebo/share/turtlebot3_gazebo//models/library_table/materials/textures/28.jpg
[0.890s] -- Up-to-date symlink: /home/jay/capstonerobot_ws/install/turtlebot3_gazebo/share/turtlebot3_gazebo//models/library_table/materials/textures/280.jpg
[0.891s] -- Up-to-date symlink: /home/jay/capstonerobot_ws/install/turtlebot3_gazebo/share/turtlebot3_gazebo//models/library_table/materials/textures/281.jpg
[0.892s] -- Up-to-date symlink: /home/jay/capstonerobot_ws/install/turtlebot3_gazebo/share/turtlebot3_gazebo//models/library_table/materials/textures/282.jpg
[0.893s] -- Up-to-date symlink: /home/jay/capstonerobot_ws/install/turtlebot3_gazebo/share/turtlebot3_gazebo//models/library_table/materials/textures/283.jpg
[0.895s] -- Up-to-date symlink: /home/jay/capstonerobot_ws/install/turtlebot3_gazebo/share/turtlebot3_gazebo//models/library_table/materials/textures/284.jpg
[0.896s] -- Up-to-date symlink: /home/jay/capstonerobot_ws/install/turtlebot3_gazebo/share/turtlebot3_gazebo//models/library_table/materials/textures/285.jpg
[0.897s] -- Up-to-date symlink: /home/jay/capstonerobot_ws/install/turtlebot3_gazebo/share/turtlebot3_gazebo//models/library_table/materials/textures/286.jpg
[0.898s] -- Up-to-date symlink: /home/jay/capstonerobot_ws/install/turtlebot3_gazebo/share/turtlebot3_gazebo//models/library_table/materials/textures/287.jpg
[0.898s] -- Up-to-date symlink: /home/jay/capstonerobot_ws/install/turtlebot3_gazebo/share/turtlebot3_gazebo//models/library_table/materials/textures/288.jpg
[0.899s] -- Up-to-date symlink: /home/jay/capstonerobot_ws/install/turtlebot3_gazebo/share/turtlebot3_gazebo//models/library_table/materials/textures/289.jpg
[0.900s] -- Up-to-date symlink: /home/jay/capstonerobot_ws/install/turtlebot3_gazebo/share/turtlebot3_gazebo//models/library_table/materials/textures/29.jpg
[0.901s] -- Up-to-date symlink: /home/jay/capstonerobot_ws/install/turtlebot3_gazebo/share/turtlebot3_gazebo//models/library_table/materials/textures/290.jpg
[0.903s] -- Up-to-date symlink: /home/jay/capstonerobot_ws/install/turtlebot3_gazebo/share/turtlebot3_gazebo//models/library_table/materials/textures/291.jpg
[0.904s] -- Up-to-date symlink: /home/jay/capstonerobot_ws/install/turtlebot3_gazebo/share/turtlebot3_gazebo//models/library_table/materials/textures/292.jpg
[0.905s] -- Up-to-date symlink: /home/jay/capstonerobot_ws/install/turtlebot3_gazebo/share/turtlebot3_gazebo//models/library_table/materials/textures/293.jpg
[0.906s] -- Up-to-date symlink: /home/jay/capstonerobot_ws/install/turtlebot3_gazebo/share/turtlebot3_gazebo//models/library_table/materials/textures/294.jpg
[0.907s] -- Up-to-date symlink: /home/jay/capstonerobot_ws/install/turtlebot3_gazebo/share/turtlebot3_gazebo//models/library_table/materials/textures/295.jpg
[0.907s] -- Up-to-date symlink: /home/jay/capstonerobot_ws/install/turtlebot3_gazebo/share/turtlebot3_gazebo//models/library_table/materials/textures/296.jpg
[0.908s] -- Up-to-date symlink: /home/jay/capstonerobot_ws/install/turtlebot3_gazebo/share/turtlebot3_gazebo//models/library_table/materials/textures/297.jpg
[0.909s] -- Up-to-date symlink: /home/jay/capstonerobot_ws/install/turtlebot3_gazebo/share/turtlebot3_gazebo//models/library_table/materials/textures/298.jpg
[0.910s] -- Up-to-date symlink: /home/jay/capstonerobot_ws/install/turtlebot3_gazebo/share/turtlebot3_gazebo//models/library_table/materials/textures/299.jpg
[0.911s] -- Up-to-date symlink: /home/jay/capstonerobot_ws/install/turtlebot3_gazebo/share/turtlebot3_gazebo//models/library_table/materials/textures/3.jpg
[0.912s] -- Up-to-date symlink: /home/jay/capstonerobot_ws/install/turtlebot3_gazebo/share/turtlebot3_gazebo//models/library_table/materials/textures/30.jpg
[0.913s] -- Up-to-date symlink: /home/jay/capstonerobot_ws/install/turtlebot3_gazebo/share/turtlebot3_gazebo//models/library_table/materials/textures/300.jpg
[0.915s] -- Up-to-date symlink: /home/jay/capstonerobot_ws/install/turtlebot3_gazebo/share/turtlebot3_gazebo//models/library_table/materials/textures/31.jpg
[0.915s] -- Up-to-date symlink: /home/jay/capstonerobot_ws/install/turtlebot3_gazebo/share/turtlebot3_gazebo//models/library_table/materials/textures/32.jpg
[0.916s] -- Up-to-date symlink: /home/jay/capstonerobot_ws/install/turtlebot3_gazebo/share/turtlebot3_gazebo//models/library_table/materials/textures/33.jpg
[0.917s] -- Up-to-date symlink: /home/jay/capstonerobot_ws/install/turtlebot3_gazebo/share/turtlebot3_gazebo//models/library_table/materials/textures/34.jpg
[0.919s] -- Up-to-date symlink: /home/jay/capstonerobot_ws/install/turtlebot3_gazebo/share/turtlebot3_gazebo//models/library_table/materials/textures/35.jpg
[0.920s] -- Up-to-date symlink: /home/jay/capstonerobot_ws/install/turtlebot3_gazebo/share/turtlebot3_gazebo//models/library_table/materials/textures/36.jpg
[0.921s] -- Up-to-date symlink: /home/jay/capstonerobot_ws/install/turtlebot3_gazebo/share/turtlebot3_gazebo//models/library_table/materials/textures/37.jpg
[0.922s] -- Up-to-date symlink: /home/jay/capstonerobot_ws/install/turtlebot3_gazebo/share/turtlebot3_gazebo//models/library_table/materials/textures/38.jpg
[0.923s] -- Up-to-date symlink: /home/jay/capstonerobot_ws/install/turtlebot3_gazebo/share/turtlebot3_gazebo//models/library_table/materials/textures/39.jpg
[0.923s] -- Up-to-date symlink: /home/jay/capstonerobot_ws/install/turtlebot3_gazebo/share/turtlebot3_gazebo//models/library_table/materials/textures/4.jpg
[0.924s] -- Up-to-date symlink: /home/jay/capstonerobot_ws/install/turtlebot3_gazebo/share/turtlebot3_gazebo//models/library_table/materials/textures/40.jpg
[0.925s] -- Up-to-date symlink: /home/jay/capstonerobot_ws/install/turtlebot3_gazebo/share/turtlebot3_gazebo//models/library_table/materials/textures/41.jpg
[0.926s] -- Up-to-date symlink: /home/jay/capstonerobot_ws/install/turtlebot3_gazebo/share/turtlebot3_gazebo//models/library_table/materials/textures/42.jpg
[0.927s] -- Up-to-date symlink: /home/jay/capstonerobot_ws/install/turtlebot3_gazebo/share/turtlebot3_gazebo//models/library_table/materials/textures/43.jpg
[0.929s] -- Up-to-date symlink: /home/jay/capstonerobot_ws/install/turtlebot3_gazebo/share/turtlebot3_gazebo//models/library_table/materials/textures/44.jpg
[0.930s] -- Up-to-date symlink: /home/jay/capstonerobot_ws/install/turtlebot3_gazebo/share/turtlebot3_gazebo//models/library_table/materials/textures/45.jpg
[0.931s] -- Up-to-date symlink: /home/jay/capstonerobot_ws/install/turtlebot3_gazebo/share/turtlebot3_gazebo//models/library_table/materials/textures/46.jpg
[0.932s] -- Up-to-date symlink: /home/jay/capstonerobot_ws/install/turtlebot3_gazebo/share/turtlebot3_gazebo//models/library_table/materials/textures/47.jpg
[0.934s] -- Up-to-date symlink: /home/jay/capstonerobot_ws/install/turtlebot3_gazebo/share/turtlebot3_gazebo//models/library_table/materials/textures/48.jpg
[0.935s] -- Up-to-date symlink: /home/jay/capstonerobot_ws/install/turtlebot3_gazebo/share/turtlebot3_gazebo//models/library_table/materials/textures/49.jpg
[0.935s] -- Up-to-date symlink: /home/jay/capstonerobot_ws/install/turtlebot3_gazebo/share/turtlebot3_gazebo//models/library_table/materials/textures/5.jpg
[0.936s] -- Up-to-date symlink: /home/jay/capstonerobot_ws/install/turtlebot3_gazebo/share/turtlebot3_gazebo//models/library_table/materials/textures/50.jpg
[0.937s] -- Up-to-date symlink: /home/jay/capstonerobot_ws/install/turtlebot3_gazebo/share/turtlebot3_gazebo//models/library_table/materials/textures/51.jpg
[0.938s] -- Up-to-date symlink: /home/jay/capstonerobot_ws/install/turtlebot3_gazebo/share/turtlebot3_gazebo//models/library_table/materials/textures/52.jpg
[0.939s] -- Up-to-date symlink: /home/jay/capstonerobot_ws/install/turtlebot3_gazebo/share/turtlebot3_gazebo//models/library_table/materials/textures/53.jpg
[0.940s] -- Up-to-date symlink: /home/jay/capstonerobot_ws/install/turtlebot3_gazebo/share/turtlebot3_gazebo//models/library_table/materials/textures/54.jpg
[0.941s] -- Up-to-date symlink: /home/jay/capstonerobot_ws/install/turtlebot3_gazebo/share/turtlebot3_gazebo//models/library_table/materials/textures/55.jpg
[0.942s] -- Up-to-date symlink: /home/jay/capstonerobot_ws/install/turtlebot3_gazebo/share/turtlebot3_gazebo//models/library_table/materials/textures/56.jpg
[0.943s] -- Up-to-date symlink: /home/jay/capstonerobot_ws/install/turtlebot3_gazebo/share/turtlebot3_gazebo//models/library_table/materials/textures/57.jpg
[0.944s] -- Up-to-date symlink: /home/jay/capstonerobot_ws/install/turtlebot3_gazebo/share/turtlebot3_gazebo//models/library_table/materials/textures/58.jpg
[0.945s] -- Up-to-date symlink: /home/jay/capstonerobot_ws/install/turtlebot3_gazebo/share/turtlebot3_gazebo//models/library_table/materials/textures/59.jpg
[0.945s] -- Up-to-date symlink: /home/jay/capstonerobot_ws/install/turtlebot3_gazebo/share/turtlebot3_gazebo//models/library_table/materials/textures/6.jpg
[0.947s] -- Up-to-date symlink: /home/jay/capstonerobot_ws/install/turtlebot3_gazebo/share/turtlebot3_gazebo//models/library_table/materials/textures/60.jpg
[0.947s] -- Up-to-date symlink: /home/jay/capstonerobot_ws/install/turtlebot3_gazebo/share/turtlebot3_gazebo//models/library_table/materials/textures/61.jpg
[0.948s] -- Up-to-date symlink: /home/jay/capstonerobot_ws/install/turtlebot3_gazebo/share/turtlebot3_gazebo//models/library_table/materials/textures/62.jpg
[0.949s] -- Up-to-date symlink: /home/jay/capstonerobot_ws/install/turtlebot3_gazebo/share/turtlebot3_gazebo//models/library_table/materials/textures/63.jpg
[0.950s] -- Up-to-date symlink: /home/jay/capstonerobot_ws/install/turtlebot3_gazebo/share/turtlebot3_gazebo//models/library_table/materials/textures/64.jpg
[0.951s] -- Up-to-date symlink: /home/jay/capstonerobot_ws/install/turtlebot3_gazebo/share/turtlebot3_gazebo//models/library_table/materials/textures/65.jpg
[0.953s] -- Up-to-date symlink: /home/jay/capstonerobot_ws/install/turtlebot3_gazebo/share/turtlebot3_gazebo//models/library_table/materials/textures/66.jpg
[0.954s] -- Up-to-date symlink: /home/jay/capstonerobot_ws/install/turtlebot3_gazebo/share/turtlebot3_gazebo//models/library_table/materials/textures/67.jpg
[0.955s] -- Up-to-date symlink: /home/jay/capstonerobot_ws/install/turtlebot3_gazebo/share/turtlebot3_gazebo//models/library_table/materials/textures/68.jpg
[0.956s] -- Up-to-date symlink: /home/jay/capstonerobot_ws/install/turtlebot3_gazebo/share/turtlebot3_gazebo//models/library_table/materials/textures/69.jpg
[0.958s] -- Up-to-date symlink: /home/jay/capstonerobot_ws/install/turtlebot3_gazebo/share/turtlebot3_gazebo//models/library_table/materials/textures/7.jpg
[0.960s] -- Up-to-date symlink: /home/jay/capstonerobot_ws/install/turtlebot3_gazebo/share/turtlebot3_gazebo//models/library_table/materials/textures/70.jpg
[0.960s] -- Up-to-date symlink: /home/jay/capstonerobot_ws/install/turtlebot3_gazebo/share/turtlebot3_gazebo//models/library_table/materials/textures/71.jpg
[0.962s] -- Up-to-date symlink: /home/jay/capstonerobot_ws/install/turtlebot3_gazebo/share/turtlebot3_gazebo//models/library_table/materials/textures/72.jpg
[0.962s] -- Up-to-date symlink: /home/jay/capstonerobot_ws/install/turtlebot3_gazebo/share/turtlebot3_gazebo//models/library_table/materials/textures/73.jpg
[0.963s] -- Up-to-date symlink: /home/jay/capstonerobot_ws/install/turtlebot3_gazebo/share/turtlebot3_gazebo//models/library_table/materials/textures/74.jpg
[0.964s] -- Up-to-date symlink: /home/jay/capstonerobot_ws/install/turtlebot3_gazebo/share/turtlebot3_gazebo//models/library_table/materials/textures/75.jpg
[0.965s] -- Up-to-date symlink: /home/jay/capstonerobot_ws/install/turtlebot3_gazebo/share/turtlebot3_gazebo//models/library_table/materials/textures/76.jpg
[0.966s] -- Up-to-date symlink: /home/jay/capstonerobot_ws/install/turtlebot3_gazebo/share/turtlebot3_gazebo//models/library_table/materials/textures/77.jpg
[0.967s] -- Up-to-date symlink: /home/jay/capstonerobot_ws/install/turtlebot3_gazebo/share/turtlebot3_gazebo//models/library_table/materials/textures/78.jpg
[0.968s] -- Up-to-date symlink: /home/jay/capstonerobot_ws/install/turtlebot3_gazebo/share/turtlebot3_gazebo//models/library_table/materials/textures/79.jpg
[0.969s] -- Up-to-date symlink: /home/jay/capstonerobot_ws/install/turtlebot3_gazebo/share/turtlebot3_gazebo//models/library_table/materials/textures/8.jpg
[0.972s] -- Up-to-date symlink: /home/jay/capstonerobot_ws/install/turtlebot3_gazebo/share/turtlebot3_gazebo//models/library_table/materials/textures/80.jpg
[0.973s] -- Up-to-date symlink: /home/jay/capstonerobot_ws/install/turtlebot3_gazebo/share/turtlebot3_gazebo//models/library_table/materials/textures/81.jpg
[0.973s] -- Up-to-date symlink: /home/jay/capstonerobot_ws/install/turtlebot3_gazebo/share/turtlebot3_gazebo//models/library_table/materials/textures/82.jpg
[0.978s] -- Up-to-date symlink: /home/jay/capstonerobot_ws/install/turtlebot3_gazebo/share/turtlebot3_gazebo//models/library_table/materials/textures/83.jpg
[0.980s] -- Up-to-date symlink: /home/jay/capstonerobot_ws/install/turtlebot3_gazebo/share/turtlebot3_gazebo//models/library_table/materials/textures/84.jpg
[0.980s] -- Up-to-date symlink: /home/jay/capstonerobot_ws/install/turtlebot3_gazebo/share/turtlebot3_gazebo//models/library_table/materials/textures/85.jpg
[0.980s] -- Up-to-date symlink: /home/jay/capstonerobot_ws/install/turtlebot3_gazebo/share/turtlebot3_gazebo//models/library_table/materials/textures/86.jpg
[0.980s] -- Up-to-date symlink: /home/jay/capstonerobot_ws/install/turtlebot3_gazebo/share/turtlebot3_gazebo//models/library_table/materials/textures/87.jpg
[0.987s] -- Up-to-date symlink: /home/jay/capstonerobot_ws/install/turtlebot3_gazebo/share/turtlebot3_gazebo//models/library_table/materials/textures/88.jpg
[0.988s] -- Up-to-date symlink: /home/jay/capstonerobot_ws/install/turtlebot3_gazebo/share/turtlebot3_gazebo//models/library_table/materials/textures/89.jpg
[0.989s] -- Up-to-date symlink: /home/jay/capstonerobot_ws/install/turtlebot3_gazebo/share/turtlebot3_gazebo//models/library_table/materials/textures/9.jpg
[0.991s] -- Up-to-date symlink: /home/jay/capstonerobot_ws/install/turtlebot3_gazebo/share/turtlebot3_gazebo//models/library_table/materials/textures/90.jpg
[0.992s] -- Up-to-date symlink: /home/jay/capstonerobot_ws/install/turtlebot3_gazebo/share/turtlebot3_gazebo//models/library_table/materials/textures/91.jpg
[1.000s] -- Up-to-date symlink: /home/jay/capstonerobot_ws/install/turtlebot3_gazebo/share/turtlebot3_gazebo//models/library_table/materials/textures/92.jpg
[1.000s] -- Up-to-date symlink: /home/jay/capstonerobot_ws/install/turtlebot3_gazebo/share/turtlebot3_gazebo//models/library_table/materials/textures/93.jpg
[1.000s] -- Up-to-date symlink: /home/jay/capstonerobot_ws/install/turtlebot3_gazebo/share/turtlebot3_gazebo//models/library_table/materials/textures/94.jpg
[1.003s] -- Up-to-date symlink: /home/jay/capstonerobot_ws/install/turtlebot3_gazebo/share/turtlebot3_gazebo//models/library_table/materials/textures/95.jpg
[1.003s] -- Up-to-date symlink: /home/jay/capstonerobot_ws/install/turtlebot3_gazebo/share/turtlebot3_gazebo//models/library_table/materials/textures/96.jpg
[1.003s] -- Up-to-date symlink: /home/jay/capstonerobot_ws/install/turtlebot3_gazebo/share/turtlebot3_gazebo//models/library_table/materials/textures/97.jpg
[1.004s] -- Up-to-date symlink: /home/jay/capstonerobot_ws/install/turtlebot3_gazebo/share/turtlebot3_gazebo//models/library_table/materials/textures/98.jpg
[1.005s] -- Up-to-date symlink: /home/jay/capstonerobot_ws/install/turtlebot3_gazebo/share/turtlebot3_gazebo//models/library_table/materials/textures/99.jpg
[1.007s] -- Up-to-date symlink: /home/jay/capstonerobot_ws/install/turtlebot3_gazebo/share/turtlebot3_gazebo//models/library_table/meshes/shelf1.dae
[1.007s] -- Up-to-date symlink: /home/jay/capstonerobot_ws/install/turtlebot3_gazebo/share/turtlebot3_gazebo//models/library_table/meshes/shelf2.dae
[1.008s] -- Up-to-date symlink: /home/jay/capstonerobot_ws/install/turtlebot3_gazebo/share/turtlebot3_gazebo//models/library_table/meshes/shelf3.dae
[1.008s] -- Up-to-date symlink: /home/jay/capstonerobot_ws/install/turtlebot3_gazebo/share/turtlebot3_gazebo//models/library_table/model-1_4.sdf
[1.008s] -- Up-to-date symlink: /home/jay/capstonerobot_ws/install/turtlebot3_gazebo/share/turtlebot3_gazebo//models/library_table/model.config
[1.009s] -- Up-to-date symlink: /home/jay/capstonerobot_ws/install/turtlebot3_gazebo/share/turtlebot3_gazebo//models/library_table/model.sdf
[1.017s] -- Up-to-date symlink: /home/jay/capstonerobot_ws/install/turtlebot3_gazebo/share/turtlebot3_gazebo//models/turtlebot3_autorace/course/materials/scripts/course.material
[1.019s] -- Up-to-date symlink: /home/jay/capstonerobot_ws/install/turtlebot3_gazebo/share/turtlebot3_gazebo//models/turtlebot3_autorace/course/materials/textures/course.png
[1.030s] -- Up-to-date symlink: /home/jay/capstonerobot_ws/install/turtlebot3_gazebo/share/turtlebot3_gazebo//models/turtlebot3_autorace/course/model.config
[1.032s] -- Up-to-date symlink: /home/jay/capstonerobot_ws/install/turtlebot3_gazebo/share/turtlebot3_gazebo//models/turtlebot3_autorace/course/model.sdf
[1.033s] -- Up-to-date symlink: /home/jay/capstonerobot_ws/install/turtlebot3_gazebo/share/turtlebot3_gazebo//models/turtlebot3_autorace/ground/model.config
[1.033s] -- Up-to-date symlink: /home/jay/capstonerobot_ws/install/turtlebot3_gazebo/share/turtlebot3_gazebo//models/turtlebot3_autorace/ground/model.sdf
[1.035s] -- Up-to-date symlink: /home/jay/capstonerobot_ws/install/turtlebot3_gazebo/share/turtlebot3_gazebo//models/turtlebot3_autorace/lights/model.config
[1.035s] -- Up-to-date symlink: /home/jay/capstonerobot_ws/install/turtlebot3_gazebo/share/turtlebot3_gazebo//models/turtlebot3_autorace/lights/model.sdf
[1.036s] -- Up-to-date symlink: /home/jay/capstonerobot_ws/install/turtlebot3_gazebo/share/turtlebot3_gazebo//models/turtlebot3_autorace/model.config
[1.038s] -- Up-to-date symlink: /home/jay/capstonerobot_ws/install/turtlebot3_gazebo/share/turtlebot3_gazebo//models/turtlebot3_autorace/traffic_bar_down/materials/scripts/traffic_bar.material
[1.039s] -- Up-to-date symlink: /home/jay/capstonerobot_ws/install/turtlebot3_gazebo/share/turtlebot3_gazebo//models/turtlebot3_autorace/traffic_bar_down/materials/textures/traffic_bar.png
[1.039s] -- Up-to-date symlink: /home/jay/capstonerobot_ws/install/turtlebot3_gazebo/share/turtlebot3_gazebo//models/turtlebot3_autorace/traffic_bar_down/model.config
[1.040s] -- Up-to-date symlink: /home/jay/capstonerobot_ws/install/turtlebot3_gazebo/share/turtlebot3_gazebo//models/turtlebot3_autorace/traffic_bar_down/model.sdf
[1.042s] -- Up-to-date symlink: /home/jay/capstonerobot_ws/install/turtlebot3_gazebo/share/turtlebot3_gazebo//models/turtlebot3_autorace/traffic_bar_up/materials/scripts/traffic_bar.material
[1.043s] -- Up-to-date symlink: /home/jay/capstonerobot_ws/install/turtlebot3_gazebo/share/turtlebot3_gazebo//models/turtlebot3_autorace/traffic_bar_up/materials/textures/traffic_bar.png
[1.044s] -- Up-to-date symlink: /home/jay/capstonerobot_ws/install/turtlebot3_gazebo/share/turtlebot3_gazebo//models/turtlebot3_autorace/traffic_bar_up/model.config
[1.045s] -- Up-to-date symlink: /home/jay/capstonerobot_ws/install/turtlebot3_gazebo/share/turtlebot3_gazebo//models/turtlebot3_autorace/traffic_bar_up/model.sdf
[1.046s] -- Up-to-date symlink: /home/jay/capstonerobot_ws/install/turtlebot3_gazebo/share/turtlebot3_gazebo//models/turtlebot3_autorace/traffic_light_green/model.config
[1.047s] -- Up-to-date symlink: /home/jay/capstonerobot_ws/install/turtlebot3_gazebo/share/turtlebot3_gazebo//models/turtlebot3_autorace/traffic_light_green/model.sdf
[1.048s] -- Up-to-date symlink: /home/jay/capstonerobot_ws/install/turtlebot3_gazebo/share/turtlebot3_gazebo//models/turtlebot3_autorace/traffic_light_red/model.config
[1.048s] -- Up-to-date symlink: /home/jay/capstonerobot_ws/install/turtlebot3_gazebo/share/turtlebot3_gazebo//models/turtlebot3_autorace/traffic_light_red/model.sdf
[1.050s] -- Up-to-date symlink: /home/jay/capstonerobot_ws/install/turtlebot3_gazebo/share/turtlebot3_gazebo//models/turtlebot3_autorace/traffic_light_yellow/model.config
[1.050s] -- Up-to-date symlink: /home/jay/capstonerobot_ws/install/turtlebot3_gazebo/share/turtlebot3_gazebo//models/turtlebot3_autorace/traffic_light_yellow/model.sdf
[1.052s] -- Up-to-date symlink: /home/jay/capstonerobot_ws/install/turtlebot3_gazebo/share/turtlebot3_gazebo//models/turtlebot3_autorace/traffic_parking/materials/scripts/traffic_parking.material
[1.054s] -- Up-to-date symlink: /home/jay/capstonerobot_ws/install/turtlebot3_gazebo/share/turtlebot3_gazebo//models/turtlebot3_autorace/traffic_parking/materials/textures/traffic_parking.png
[1.054s] -- Up-to-date symlink: /home/jay/capstonerobot_ws/install/turtlebot3_gazebo/share/turtlebot3_gazebo//models/turtlebot3_autorace/traffic_parking/model.config
[1.055s] -- Up-to-date symlink: /home/jay/capstonerobot_ws/install/turtlebot3_gazebo/share/turtlebot3_gazebo//models/turtlebot3_autorace/traffic_parking/model.sdf
[1.058s] -- Up-to-date symlink: /home/jay/capstonerobot_ws/install/turtlebot3_gazebo/share/turtlebot3_gazebo//models/turtlebot3_autorace/traffic_stop/materials/scripts/traffic_stop.material
[1.059s] -- Up-to-date symlink: /home/jay/capstonerobot_ws/install/turtlebot3_gazebo/share/turtlebot3_gazebo//models/turtlebot3_autorace/traffic_stop/materials/textures/traffic_stop.png
[1.060s] -- Up-to-date symlink: /home/jay/capstonerobot_ws/install/turtlebot3_gazebo/share/turtlebot3_gazebo//models/turtlebot3_autorace/traffic_stop/model.config
[1.061s] -- Up-to-date symlink: /home/jay/capstonerobot_ws/install/turtlebot3_gazebo/share/turtlebot3_gazebo//models/turtlebot3_autorace/traffic_stop/model.sdf
[1.063s] -- Up-to-date symlink: /home/jay/capstonerobot_ws/install/turtlebot3_gazebo/share/turtlebot3_gazebo//models/turtlebot3_autorace/traffic_tunnel/materials/scripts/tunnel.material
[1.064s] -- Up-to-date symlink: /home/jay/capstonerobot_ws/install/turtlebot3_gazebo/share/turtlebot3_gazebo//models/turtlebot3_autorace/traffic_tunnel/materials/textures/tunnel.png
[1.065s] -- Up-to-date symlink: /home/jay/capstonerobot_ws/install/turtlebot3_gazebo/share/turtlebot3_gazebo//models/turtlebot3_autorace/traffic_tunnel/model.config
[1.066s] -- Up-to-date symlink: /home/jay/capstonerobot_ws/install/turtlebot3_gazebo/share/turtlebot3_gazebo//models/turtlebot3_autorace/traffic_tunnel/model.sdf
[1.067s] -- Up-to-date symlink: /home/jay/capstonerobot_ws/install/turtlebot3_gazebo/share/turtlebot3_gazebo//models/turtlebot3_autorace/tunnel_obstacles/model.config
[1.068s] -- Up-to-date symlink: /home/jay/capstonerobot_ws/install/turtlebot3_gazebo/share/turtlebot3_gazebo//models/turtlebot3_autorace/tunnel_obstacles/model.sdf
[1.069s] -- Up-to-date symlink: /home/jay/capstonerobot_ws/install/turtlebot3_gazebo/share/turtlebot3_gazebo//models/turtlebot3_autorace/tunnel_wall/model.config
[1.070s] -- Up-to-date symlink: /home/jay/capstonerobot_ws/install/turtlebot3_gazebo/share/turtlebot3_gazebo//models/turtlebot3_autorace/tunnel_wall/model.sdf
[1.071s] -- Up-to-date symlink: /home/jay/capstonerobot_ws/install/turtlebot3_gazebo/share/turtlebot3_gazebo//models/turtlebot3_burger/meshes/burger_base.dae
[1.072s] -- Up-to-date symlink: /home/jay/capstonerobot_ws/install/turtlebot3_gazebo/share/turtlebot3_gazebo//models/turtlebot3_burger/meshes/lds.dae
[1.073s] -- Up-to-date symlink: /home/jay/capstonerobot_ws/install/turtlebot3_gazebo/share/turtlebot3_gazebo//models/turtlebot3_burger/meshes/tire.dae
[1.073s] -- Up-to-date symlink: /home/jay/capstonerobot_ws/install/turtlebot3_gazebo/share/turtlebot3_gazebo//models/turtlebot3_burger/model-1_4.sdf
[1.074s] -- Up-to-date symlink: /home/jay/capstonerobot_ws/install/turtlebot3_gazebo/share/turtlebot3_gazebo//models/turtlebot3_burger/model.config
[1.075s] -- Up-to-date symlink: /home/jay/capstonerobot_ws/install/turtlebot3_gazebo/share/turtlebot3_gazebo//models/turtlebot3_burger/model.sdf
[1.077s] -- Up-to-date symlink: /home/jay/capstonerobot_ws/install/turtlebot3_gazebo/share/turtlebot3_gazebo//models/turtlebot3_burger_orig/meshes/burger_base.dae
[1.078s] -- Up-to-date symlink: /home/jay/capstonerobot_ws/install/turtlebot3_gazebo/share/turtlebot3_gazebo//models/turtlebot3_burger_orig/meshes/lds.dae
[1.079s] -- Up-to-date symlink: /home/jay/capstonerobot_ws/install/turtlebot3_gazebo/share/turtlebot3_gazebo//models/turtlebot3_burger_orig/meshes/tire.dae
[1.082s] -- Up-to-date symlink: /home/jay/capstonerobot_ws/install/turtlebot3_gazebo/share/turtlebot3_gazebo//models/turtlebot3_burger_orig/model-1_4.sdf
[1.083s] -- Up-to-date symlink: /home/jay/capstonerobot_ws/install/turtlebot3_gazebo/share/turtlebot3_gazebo//models/turtlebot3_burger_orig/model.config
[1.084s] -- Up-to-date symlink: /home/jay/capstonerobot_ws/install/turtlebot3_gazebo/share/turtlebot3_gazebo//models/turtlebot3_burger_orig/model.sdf
[1.085s] -- Up-to-date symlink: /home/jay/capstonerobot_ws/install/turtlebot3_gazebo/share/turtlebot3_gazebo//models/turtlebot3_dqn_world/goal_box/model.config
[1.086s] -- Up-to-date symlink: /home/jay/capstonerobot_ws/install/turtlebot3_gazebo/share/turtlebot3_gazebo//models/turtlebot3_dqn_world/goal_box/model.sdf
[1.092s] -- Up-to-date symlink: /home/jay/capstonerobot_ws/install/turtlebot3_gazebo/share/turtlebot3_gazebo//models/turtlebot3_dqn_world/inner_walls/model.config
[1.093s] -- Up-to-date symlink: /home/jay/capstonerobot_ws/install/turtlebot3_gazebo/share/turtlebot3_gazebo//models/turtlebot3_dqn_world/inner_walls/model.sdf
[1.094s] -- Up-to-date symlink: /home/jay/capstonerobot_ws/install/turtlebot3_gazebo/share/turtlebot3_gazebo//models/turtlebot3_dqn_world/model.config
[1.098s] -- Up-to-date symlink: /home/jay/capstonerobot_ws/install/turtlebot3_gazebo/share/turtlebot3_gazebo//models/turtlebot3_dqn_world/model.sdf
[1.098s] -- Up-to-date symlink: /home/jay/capstonerobot_ws/install/turtlebot3_gazebo/share/turtlebot3_gazebo//models/turtlebot3_dqn_world/obstacle1/model.config
[1.099s] -- Up-to-date symlink: /home/jay/capstonerobot_ws/install/turtlebot3_gazebo/share/turtlebot3_gazebo//models/turtlebot3_dqn_world/obstacle1/model.sdf
[1.099s] -- Up-to-date symlink: /home/jay/capstonerobot_ws/install/turtlebot3_gazebo/share/turtlebot3_gazebo//models/turtlebot3_dqn_world/obstacle2/model.config
[1.099s] -- Up-to-date symlink: /home/jay/capstonerobot_ws/install/turtlebot3_gazebo/share/turtlebot3_gazebo//models/turtlebot3_dqn_world/obstacle2/model.sdf
[1.100s] -- Up-to-date symlink: /home/jay/capstonerobot_ws/install/turtlebot3_gazebo/share/turtlebot3_gazebo//models/turtlebot3_dqn_world/obstacle_plugin/CMakeLists.txt
[1.100s] -- Up-to-date symlink: /home/jay/capstonerobot_ws/install/turtlebot3_gazebo/share/turtlebot3_gazebo//models/turtlebot3_dqn_world/obstacle_plugin/obstacle1.cc
[1.102s] -- Up-to-date symlink: /home/jay/capstonerobot_ws/install/turtlebot3_gazebo/share/turtlebot3_gazebo//models/turtlebot3_dqn_world/obstacle_plugin/obstacle2.cc
[1.102s] -- Up-to-date symlink: /home/jay/capstonerobot_ws/install/turtlebot3_gazebo/share/turtlebot3_gazebo//models/turtlebot3_dqn_world/obstacle_plugin/obstacles.cc
[1.103s] -- Up-to-date symlink: /home/jay/capstonerobot_ws/install/turtlebot3_gazebo/share/turtlebot3_gazebo//models/turtlebot3_dqn_world/obstacles/model.config
[1.104s] -- Up-to-date symlink: /home/jay/capstonerobot_ws/install/turtlebot3_gazebo/share/turtlebot3_gazebo//models/turtlebot3_dqn_world/obstacles/model.sdf
[1.105s] -- Up-to-date symlink: /home/jay/capstonerobot_ws/install/turtlebot3_gazebo/share/turtlebot3_gazebo//models/turtlebot3_house/model.config
[1.105s] -- Up-to-date symlink: /home/jay/capstonerobot_ws/install/turtlebot3_gazebo/share/turtlebot3_gazebo//models/turtlebot3_house/model.sdf
[1.107s] -- Up-to-date symlink: /home/jay/capstonerobot_ws/install/turtlebot3_gazebo/share/turtlebot3_gazebo//models/turtlebot3_waffle/meshes/lds.dae
[1.108s] -- Up-to-date symlink: /home/jay/capstonerobot_ws/install/turtlebot3_gazebo/share/turtlebot3_gazebo//models/turtlebot3_waffle/meshes/r200.dae
[1.109s] -- Up-to-date symlink: /home/jay/capstonerobot_ws/install/turtlebot3_gazebo/share/turtlebot3_gazebo//models/turtlebot3_waffle/meshes/tire.dae
[1.110s] -- Up-to-date symlink: /home/jay/capstonerobot_ws/install/turtlebot3_gazebo/share/turtlebot3_gazebo//models/turtlebot3_waffle/meshes/waffle_base.dae
[1.110s] -- Up-to-date symlink: /home/jay/capstonerobot_ws/install/turtlebot3_gazebo/share/turtlebot3_gazebo//models/turtlebot3_waffle/model-1_4.sdf
[1.111s] -- Up-to-date symlink: /home/jay/capstonerobot_ws/install/turtlebot3_gazebo/share/turtlebot3_gazebo//models/turtlebot3_waffle/model.config
[1.111s] -- Up-to-date symlink: /home/jay/capstonerobot_ws/install/turtlebot3_gazebo/share/turtlebot3_gazebo//models/turtlebot3_waffle/model.sdf
[1.113s] -- Up-to-date symlink: /home/jay/capstonerobot_ws/install/turtlebot3_gazebo/share/turtlebot3_gazebo//models/turtlebot3_waffle_pi/meshes/lds.dae
[1.113s] -- Up-to-date symlink: /home/jay/capstonerobot_ws/install/turtlebot3_gazebo/share/turtlebot3_gazebo//models/turtlebot3_waffle_pi/meshes/tire.dae
[1.115s] -- Up-to-date symlink: /home/jay/capstonerobot_ws/install/turtlebot3_gazebo/share/turtlebot3_gazebo//models/turtlebot3_waffle_pi/meshes/waffle_pi_base.dae
[1.116s] -- Up-to-date symlink: /home/jay/capstonerobot_ws/install/turtlebot3_gazebo/share/turtlebot3_gazebo//models/turtlebot3_waffle_pi/model-1_4_.sdf
[1.117s] -- Up-to-date symlink: /home/jay/capstonerobot_ws/install/turtlebot3_gazebo/share/turtlebot3_gazebo//models/turtlebot3_waffle_pi/model.config
[1.118s] -- Up-to-date symlink: /home/jay/capstonerobot_ws/install/turtlebot3_gazebo/share/turtlebot3_gazebo//models/turtlebot3_waffle_pi/model.sdf
[1.119s] -- Up-to-date symlink: /home/jay/capstonerobot_ws/install/turtlebot3_gazebo/share/turtlebot3_gazebo//models/turtlebot3_world/meshes/hexagon.dae
[1.120s] -- Up-to-date symlink: /home/jay/capstonerobot_ws/install/turtlebot3_gazebo/share/turtlebot3_gazebo//models/turtlebot3_world/meshes/wall.dae
[1.121s] -- Up-to-date symlink: /home/jay/capstonerobot_ws/install/turtlebot3_gazebo/share/turtlebot3_gazebo//models/turtlebot3_world/model-1_4.sdf
[1.121s] -- Up-to-date symlink: /home/jay/capstonerobot_ws/install/turtlebot3_gazebo/share/turtlebot3_gazebo//models/turtlebot3_world/model.config
[1.122s] -- Up-to-date symlink: /home/jay/capstonerobot_ws/install/turtlebot3_gazebo/share/turtlebot3_gazebo//models/turtlebot3_world/model.sdf
[1.124s] -- Up-to-date symlink: /home/jay/capstonerobot_ws/install/turtlebot3_gazebo/share/turtlebot3_gazebo//rviz/tb3_gazebo.rviz
[1.131s] -- Up-to-date symlink: /home/jay/capstonerobot_ws/install/turtlebot3_gazebo/share/turtlebot3_gazebo//worlds/empty_worlds/burger.model
[1.132s] -- Up-to-date symlink: /home/jay/capstonerobot_ws/install/turtlebot3_gazebo/share/turtlebot3_gazebo//worlds/empty_worlds/waffle.model
[1.132s] -- Up-to-date symlink: /home/jay/capstonerobot_ws/install/turtlebot3_gazebo/share/turtlebot3_gazebo//worlds/empty_worlds/waffle_pi.model
[1.133s] -- Up-to-date symlink: /home/jay/capstonerobot_ws/install/turtlebot3_gazebo/share/turtlebot3_gazebo//worlds/library_table/burger.model
[1.139s] -- Up-to-date symlink: /home/jay/capstonerobot_ws/install/turtlebot3_gazebo/share/turtlebot3_gazebo//worlds/library_table/turtlebot3_custom.urdf
[1.140s] -- Up-to-date symlink: /home/jay/capstonerobot_ws/install/turtlebot3_gazebo/share/turtlebot3_gazebo//worlds/library_table/waffle.model
[1.146s] -- Up-to-date symlink: /home/jay/capstonerobot_ws/install/turtlebot3_gazebo/share/turtlebot3_gazebo//worlds/library_table/waffle_pi.model
[1.148s] -- Up-to-date symlink: /home/jay/capstonerobot_ws/install/turtlebot3_gazebo/share/turtlebot3_gazebo//worlds/turtlebot3_autoraces/burger.model
[1.148s] -- Up-to-date symlink: /home/jay/capstonerobot_ws/install/turtlebot3_gazebo/share/turtlebot3_gazebo//worlds/turtlebot3_autoraces/waffle.model
[1.150s] -- Up-to-date symlink: /home/jay/capstonerobot_ws/install/turtlebot3_gazebo/share/turtlebot3_gazebo//worlds/turtlebot3_autoraces/waffle_pi.model
[1.152s] -- Up-to-date symlink: /home/jay/capstonerobot_ws/install/turtlebot3_gazebo/share/turtlebot3_gazebo//worlds/turtlebot3_dqn_stage1/burger.model
[1.153s] -- Up-to-date symlink: /home/jay/capstonerobot_ws/install/turtlebot3_gazebo/share/turtlebot3_gazebo//worlds/turtlebot3_dqn_stage1/waffle.model
[1.155s] -- Up-to-date symlink: /home/jay/capstonerobot_ws/install/turtlebot3_gazebo/share/turtlebot3_gazebo//worlds/turtlebot3_dqn_stage1/waffle_pi.model
[1.156s] -- Up-to-date symlink: /home/jay/capstonerobot_ws/install/turtlebot3_gazebo/share/turtlebot3_gazebo//worlds/turtlebot3_dqn_stage2/burger.model
[1.156s] -- Up-to-date symlink: /home/jay/capstonerobot_ws/install/turtlebot3_gazebo/share/turtlebot3_gazebo//worlds/turtlebot3_dqn_stage2/waffle.model
[1.157s] -- Up-to-date symlink: /home/jay/capstonerobot_ws/install/turtlebot3_gazebo/share/turtlebot3_gazebo//worlds/turtlebot3_dqn_stage2/waffle_pi.model
[1.159s] -- Up-to-date symlink: /home/jay/capstonerobot_ws/install/turtlebot3_gazebo/share/turtlebot3_gazebo//worlds/turtlebot3_dqn_stage3/burger.model
[1.160s] -- Up-to-date symlink: /home/jay/capstonerobot_ws/install/turtlebot3_gazebo/share/turtlebot3_gazebo//worlds/turtlebot3_dqn_stage3/waffle.model
[1.160s] -- Up-to-date symlink: /home/jay/capstonerobot_ws/install/turtlebot3_gazebo/share/turtlebot3_gazebo//worlds/turtlebot3_dqn_stage3/waffle_pi.model
[1.161s] -- Up-to-date symlink: /home/jay/capstonerobot_ws/install/turtlebot3_gazebo/share/turtlebot3_gazebo//worlds/turtlebot3_dqn_stage4/burger.model
[1.162s] -- Up-to-date symlink: /home/jay/capstonerobot_ws/install/turtlebot3_gazebo/share/turtlebot3_gazebo//worlds/turtlebot3_dqn_stage4/waffle.model
[1.164s] -- Up-to-date symlink: /home/jay/capstonerobot_ws/install/turtlebot3_gazebo/share/turtlebot3_gazebo//worlds/turtlebot3_dqn_stage4/waffle_pi.model
[1.165s] -- Up-to-date symlink: /home/jay/capstonerobot_ws/install/turtlebot3_gazebo/share/turtlebot3_gazebo//worlds/turtlebot3_houses/burger.model
[1.166s] -- Up-to-date symlink: /home/jay/capstonerobot_ws/install/turtlebot3_gazebo/share/turtlebot3_gazebo//worlds/turtlebot3_houses/waffle.model
[1.174s] -- Up-to-date symlink: /home/jay/capstonerobot_ws/install/turtlebot3_gazebo/share/turtlebot3_gazebo//worlds/turtlebot3_houses/waffle_pi.model
[1.175s] -- Up-to-date symlink: /home/jay/capstonerobot_ws/install/turtlebot3_gazebo/share/turtlebot3_gazebo//worlds/turtlebot3_worlds/burger.model
[1.176s] -- Up-to-date symlink: /home/jay/capstonerobot_ws/install/turtlebot3_gazebo/share/turtlebot3_gazebo//worlds/turtlebot3_worlds/waffle.model
[1.177s] -- Up-to-date symlink: /home/jay/capstonerobot_ws/install/turtlebot3_gazebo/share/turtlebot3_gazebo//worlds/turtlebot3_worlds/waffle_pi.model
[1.179s] -- Up-to-date symlink: /home/jay/capstonerobot_ws/install/turtlebot3_gazebo/include//turtlebot3_gazebo/turtlebot3_drive.hpp
[1.179s] -- Up-to-date symlink: /home/jay/capstonerobot_ws/install/turtlebot3_gazebo/share/ament_index/resource_index/package_run_dependencies/turtlebot3_gazebo
[1.180s] -- Up-to-date symlink: /home/jay/capstonerobot_ws/install/turtlebot3_gazebo/share/ament_index/resource_index/parent_prefix_path/turtlebot3_gazebo
[1.181s] -- Up-to-date symlink: /home/jay/capstonerobot_ws/install/turtlebot3_gazebo/share/turtlebot3_gazebo/environment/ament_prefix_path.sh
[1.181s] -- Up-to-date symlink: /home/jay/capstonerobot_ws/install/turtlebot3_gazebo/share/turtlebot3_gazebo/environment/ament_prefix_path.dsv
[1.182s] -- Up-to-date symlink: /home/jay/capstonerobot_ws/install/turtlebot3_gazebo/share/turtlebot3_gazebo/environment/path.sh
[1.182s] -- Up-to-date symlink: /home/jay/capstonerobot_ws/install/turtlebot3_gazebo/share/turtlebot3_gazebo/environment/path.dsv
[1.183s] -- Up-to-date symlink: /home/jay/capstonerobot_ws/install/turtlebot3_gazebo/share/turtlebot3_gazebo/local_setup.bash
[1.184s] -- Up-to-date symlink: /home/jay/capstonerobot_ws/install/turtlebot3_gazebo/share/turtlebot3_gazebo/local_setup.sh
[1.185s] -- Up-to-date symlink: /home/jay/capstonerobot_ws/install/turtlebot3_gazebo/share/turtlebot3_gazebo/local_setup.zsh
[1.185s] -- Up-to-date symlink: /home/jay/capstonerobot_ws/install/turtlebot3_gazebo/share/turtlebot3_gazebo/local_setup.dsv
[1.186s] -- Symlinking: /home/jay/capstonerobot_ws/install/turtlebot3_gazebo/share/turtlebot3_gazebo/package.dsv
[1.201s] -- Up-to-date symlink: /home/jay/capstonerobot_ws/install/turtlebot3_gazebo/share/ament_index/resource_index/packages/turtlebot3_gazebo
[1.202s] -- Up-to-date symlink: /home/jay/capstonerobot_ws/install/turtlebot3_gazebo/share/turtlebot3_gazebo/cmake/ament_cmake_export_include_directories-extras.cmake
[1.203s] -- Up-to-date symlink: /home/jay/capstonerobot_ws/install/turtlebot3_gazebo/share/turtlebot3_gazebo/cmake/ament_cmake_export_dependencies-extras.cmake
[1.204s] -- Up-to-date symlink: /home/jay/capstonerobot_ws/install/turtlebot3_gazebo/share/turtlebot3_gazebo/cmake/turtlebot3_gazeboConfig.cmake
[1.204s] -- Up-to-date symlink: /home/jay/capstonerobot_ws/install/turtlebot3_gazebo/share/turtlebot3_gazebo/cmake/turtlebot3_gazeboConfig-version.cmake
[1.207s] -- Up-to-date symlink: /home/jay/capstonerobot_ws/install/turtlebot3_gazebo/share/turtlebot3_gazebo/package.xml
[1.213s] Invoked command in '/home/jay/capstonerobot_ws/build/turtlebot3_gazebo' returned '0': CMAKE_PREFIX_PATH=/home/jay/capstonerobot_ws/install/turtlebot3_description:/home/jay/capstonerobot_ws/install/ydlidar_ros2_driver:/home/jay/capstonerobot_ws/install/turtlebot3:/home/jay/capstonerobot_ws/install/turtlebot3_simulations:/home/jay/capstonerobot_ws/install/turtlebot3_bringup:/home/jay/capstonerobot_ws/install/turtlebot3_node:/home/jay/capstonerobot_ws/install/turtlebot3_navigation2:/home/jay/capstonerobot_ws/install/turtlebot3_fake_node:/home/jay/capstonerobot_ws/install/turtlebot3_msgs:/home/jay/capstonerobot_ws/install/turtlebot3_gazebo:/home/jay/capstonerobot_ws/install/turtlebot3_cartographer:/home/jay/capstonerobot_ws/install/micro_ros_setup:/home/jay/capstonerobot_ws/install/micro_ros_agent:/home/jay/capstonerobot_ws/install/micro_ros_msgs:/home/jay/capstonerobot_ws/install/drive_base_msgs:/home/jay/colcon_ws/install/ydlidar_ros2_driver:/home/jay/colcon_ws/install/action_msgs:/home/jay/colcon_ws/install/unique_identifier_msgs:/home/jay/colcon_ws/install/turtlebot3_simulations:/home/jay/colcon_ws/install/turtlebot3_gazebo:/home/jay/colcon_ws/install/turtlebot3_fake_node:/home/jay/colcon_ws/install/std_srvs:/home/jay/colcon_ws/install/drive_base_msgs:/home/jay/colcon_ws/install/std_msgs:/home/jay/colcon_ws/install/rmw_microxrcedds:/home/jay/colcon_ws/install/rosidl_typesupport_microxrcedds_cpp:/home/jay/colcon_ws/install/rosidl_typesupport_microxrcedds_c:/home/jay/colcon_ws/install/rcl_interfaces:/home/jay/colcon_ws/install/microxrcedds_client:/home/jay/colcon_ws/install/microcdr:/home/jay/colcon_ws/install/micro_ros_setup:/home/jay/colcon_ws/install/micro_ros_agent:/home/jay/colcon_ws/install/micro_ros_msgs:/home/jay/colcon_ws/install/complex_msgs:/home/jay/colcon_ws/install/builtin_interfaces:/home/jay/capstonerobot_ws/install/turtlebot3_teleop:/home/jay/capstonerobot_ws/install/turtlebot3_example:/opt/ros/foxy /usr/bin/cmake --install /home/jay/capstonerobot_ws/build/turtlebot3_gazebo
