[0.132s] Invoking command in '/home/jay/capstonerobot_ws/build/micro_ros_setup': CMAKE_PREFIX_PATH=${CMAKE_PREFIX_PATH}:/opt/ros/foxy /usr/bin/cmake /home/jay/capstonerobot_ws/src/micro_ros_setup -DAMENT_CMAKE_SYMLINK_INSTALL=1 -DCMAKE_INSTALL_PREFIX=/home/jay/capstonerobot_ws/install/micro_ros_setup
[0.249s] -- Found ament_cmake: 0.9.12 (/opt/ros/foxy/share/ament_cmake/cmake)
[0.442s] -- Using PYTHON_EXECUTABLE: /usr/bin/python3
[1.388s] -- Override CMake install command with custom implementation using symlinks instead of copying resources
[1.421s] -- Found ament_lint_auto: 0.9.8 (/opt/ros/foxy/share/ament_lint_auto/cmake)
[1.873s] -- Added test 'copyright' to check source files copyright and LICENSE
[1.926s] -- Added test 'flake8' to check Python code syntax and style conventions
[1.936s] -- Added test 'lint_cmake' to check CMake code style
[1.943s] -- Added test 'pep257' to check Python code against some of the style conventions in PEP 257
[1.976s] -- Added test 'xmllint' to check XML markup files
[2.001s] -- Configuring done
[2.045s] -- Generating done
[2.060s] -- Build files have been written to: /home/jay/capstonerobot_ws/build/micro_ros_setup
[2.067s] Invoked command in '/home/jay/capstonerobot_ws/build/micro_ros_setup' returned '0': CMAKE_PREFIX_PATH=${CMAKE_PREFIX_PATH}:/opt/ros/foxy /usr/bin/cmake /home/jay/capstonerobot_ws/src/micro_ros_setup -DAMENT_CMAKE_SYMLINK_INSTALL=1 -DCMAKE_INSTALL_PREFIX=/home/jay/capstonerobot_ws/install/micro_ros_setup
[2.069s] Invoking command in '/home/jay/capstonerobot_ws/build/micro_ros_setup': CMAKE_PREFIX_PATH=${CMAKE_PREFIX_PATH}:/opt/ros/foxy /usr/bin/cmake --build /home/jay/capstonerobot_ws/build/micro_ros_setup -- -j4 -l4
[2.360s] Invoked command in '/home/jay/capstonerobot_ws/build/micro_ros_setup' returned '0': CMAKE_PREFIX_PATH=${CMAKE_PREFIX_PATH}:/opt/ros/foxy /usr/bin/cmake --build /home/jay/capstonerobot_ws/build/micro_ros_setup -- -j4 -l4
[2.713s] Invoking command in '/home/jay/capstonerobot_ws/build/micro_ros_setup': CMAKE_PREFIX_PATH=${CMAKE_PREFIX_PATH}:/opt/ros/foxy /usr/bin/cmake --install /home/jay/capstonerobot_ws/build/micro_ros_setup
[2.760s] -- Install configuration: ""
[2.765s] -- Execute custom install script
[2.766s] -- Up-to-date symlink: /home/jay/capstonerobot_ws/install/micro_ros_setup/share/ament_index/resource_index/package_run_dependencies/micro_ros_setup
[2.769s] -- Up-to-date symlink: /home/jay/capstonerobot_ws/install/micro_ros_setup/share/ament_index/resource_index/parent_prefix_path/micro_ros_setup
[2.770s] -- Up-to-date symlink: /home/jay/capstonerobot_ws/install/micro_ros_setup/share/micro_ros_setup/environment/ament_prefix_path.sh
[2.773s] -- Up-to-date symlink: /home/jay/capstonerobot_ws/install/micro_ros_setup/share/micro_ros_setup/environment/ament_prefix_path.dsv
[2.774s] -- Up-to-date symlink: /home/jay/capstonerobot_ws/install/micro_ros_setup/share/micro_ros_setup/environment/path.sh
[2.775s] -- Up-to-date symlink: /home/jay/capstonerobot_ws/install/micro_ros_setup/share/micro_ros_setup/environment/path.dsv
[2.780s] -- Up-to-date symlink: /home/jay/capstonerobot_ws/install/micro_ros_setup/share/micro_ros_setup/local_setup.bash
[2.782s] -- Up-to-date symlink: /home/jay/capstonerobot_ws/install/micro_ros_setup/share/micro_ros_setup/local_setup.sh
[2.783s] -- Up-to-date symlink: /home/jay/capstonerobot_ws/install/micro_ros_setup/share/micro_ros_setup/local_setup.zsh
[2.784s] -- Up-to-date symlink: /home/jay/capstonerobot_ws/install/micro_ros_setup/share/micro_ros_setup/local_setup.dsv
[2.786s] -- Symlinking: /home/jay/capstonerobot_ws/install/micro_ros_setup/share/micro_ros_setup/package.dsv
[2.852s] -- Up-to-date symlink: /home/jay/capstonerobot_ws/install/micro_ros_setup/share/ament_index/resource_index/packages/micro_ros_setup
[2.852s] -- Up-to-date symlink: /home/jay/capstonerobot_ws/install/micro_ros_setup/share/micro_ros_setup/cmake/micro_ros_setupConfig.cmake
[2.853s] -- Up-to-date symlink: /home/jay/capstonerobot_ws/install/micro_ros_setup/share/micro_ros_setup/cmake/micro_ros_setupConfig-version.cmake
[2.853s] -- Up-to-date symlink: /home/jay/capstonerobot_ws/install/micro_ros_setup/share/micro_ros_setup/package.xml
[2.853s] -- Up-to-date symlink: /home/jay/capstonerobot_ws/install/micro_ros_setup/lib/micro_ros_setup/create_ws.sh
[2.855s] -- Up-to-date symlink: /home/jay/capstonerobot_ws/install/micro_ros_setup/lib/micro_ros_setup/create_agent_ws.sh
[2.858s] -- Up-to-date symlink: /home/jay/capstonerobot_ws/install/micro_ros_setup/lib/micro_ros_setup/create_firmware_ws.sh
[2.860s] -- Up-to-date symlink: /home/jay/capstonerobot_ws/install/micro_ros_setup/lib/micro_ros_setup/configure_firmware.sh
[2.862s] -- Up-to-date symlink: /home/jay/capstonerobot_ws/install/micro_ros_setup/lib/micro_ros_setup/flash_firmware.sh
[2.862s] -- Up-to-date symlink: /home/jay/capstonerobot_ws/install/micro_ros_setup/lib/micro_ros_setup/reset_firmware.sh
[2.863s] -- Up-to-date symlink: /home/jay/capstonerobot_ws/install/micro_ros_setup/lib/micro_ros_setup/build_firmware.sh
[2.863s] -- Up-to-date symlink: /home/jay/capstonerobot_ws/install/micro_ros_setup/lib/micro_ros_setup/build_agent.sh
[2.865s] -- Up-to-date symlink: /home/jay/capstonerobot_ws/install/micro_ros_setup/lib/micro_ros_setup/yaml_filter.py
[2.866s] -- Up-to-date symlink: /home/jay/capstonerobot_ws/install/micro_ros_setup/lib/micro_ros_setup/clean_env.sh
[2.866s] -- Up-to-date: /home/jay/capstonerobot_ws/install/micro_ros_setup/./config
[2.866s] -- Up-to-date: /home/jay/capstonerobot_ws/install/micro_ros_setup/./config/renesas_ra
[2.867s] -- Up-to-date: /home/jay/capstonerobot_ws/install/micro_ros_setup/./config/renesas_ra/list_apps.sh
[2.867s] -- Up-to-date: /home/jay/capstonerobot_ws/install/micro_ros_setup/./config/renesas_ra/ra6m5
[2.867s] -- Up-to-date: /home/jay/capstonerobot_ws/install/micro_ros_setup/./config/renesas_ra/ra6m5/configure.sh
[2.867s] -- Up-to-date: /home/jay/capstonerobot_ws/install/micro_ros_setup/./config/renesas_ra/ra6m5/create.sh
[2.867s] -- Up-to-date: /home/jay/capstonerobot_ws/install/micro_ros_setup/./config/renesas_ra/ra6m5/build.sh
[2.868s] -- Up-to-date: /home/jay/capstonerobot_ws/install/micro_ros_setup/./config/renesas_ra/ra6m5/client-colcon.meta
[2.872s] -- Up-to-date: /home/jay/capstonerobot_ws/install/micro_ros_setup/./config/renesas_ra/ra6m5/client_uros_packages.repos
[2.872s] -- Up-to-date: /home/jay/capstonerobot_ws/install/micro_ros_setup/./config/renesas_ra/ra6m5/board.repos
[2.872s] -- Up-to-date: /home/jay/capstonerobot_ws/install/micro_ros_setup/./config/renesas_ra/ra6m5/flash.sh
[2.872s] -- Up-to-date: /home/jay/capstonerobot_ws/install/micro_ros_setup/./config/renesas_ra/dev_uros_packages.repos
[2.873s] -- Up-to-date: /home/jay/capstonerobot_ws/install/micro_ros_setup/./config/renesas_ra/dev_ros2_packages.txt
[2.873s] -- Up-to-date: /home/jay/capstonerobot_ws/install/micro_ros_setup/./config/nuttx
[2.873s] -- Up-to-date: /home/jay/capstonerobot_ws/install/micro_ros_setup/./config/nuttx/dev_uros_packages.repos
[2.873s] -- Up-to-date: /home/jay/capstonerobot_ws/install/micro_ros_setup/./config/nuttx/dev_ros2_packages.txt
[2.874s] -- Up-to-date: /home/jay/capstonerobot_ws/install/micro_ros_setup/./config/nuttx/generic
[2.874s] -- Up-to-date: /home/jay/capstonerobot_ws/install/micro_ros_setup/./config/nuttx/generic/configure.sh
[2.874s] -- Up-to-date: /home/jay/capstonerobot_ws/install/micro_ros_setup/./config/nuttx/generic/create.sh
[2.874s] -- Up-to-date: /home/jay/capstonerobot_ws/install/micro_ros_setup/./config/nuttx/generic/build.sh
[2.874s] -- Up-to-date: /home/jay/capstonerobot_ws/install/micro_ros_setup/./config/nuttx/generic/uros_packages.repos
[2.874s] -- Up-to-date: /home/jay/capstonerobot_ws/install/micro_ros_setup/./config/nuttx/generic/package.xml
[2.875s] -- Up-to-date: /home/jay/capstonerobot_ws/install/micro_ros_setup/./config/nuttx/generic/client-colcon.meta
[2.875s] -- Up-to-date: /home/jay/capstonerobot_ws/install/micro_ros_setup/./config/nuttx/generic/reset.sh
[2.875s] -- Up-to-date: /home/jay/capstonerobot_ws/install/micro_ros_setup/./config/nuttx/generic/supported_platforms
[2.875s] -- Up-to-date: /home/jay/capstonerobot_ws/install/micro_ros_setup/./config/nuttx/generic/client_uros_packages.repos
[2.875s] -- Up-to-date: /home/jay/capstonerobot_ws/install/micro_ros_setup/./config/nuttx/generic/flash.sh
[2.875s] -- Up-to-date: /home/jay/capstonerobot_ws/install/micro_ros_setup/./config/client_ros2_packages.txt
[2.876s] -- Up-to-date: /home/jay/capstonerobot_ws/install/micro_ros_setup/./config/raspbian
[2.876s] -- Up-to-date: /home/jay/capstonerobot_ws/install/micro_ros_setup/./config/raspbian/dev_uros_packages.repos
[2.876s] -- Up-to-date: /home/jay/capstonerobot_ws/install/micro_ros_setup/./config/raspbian/dev_ros2_packages.txt
[2.876s] -- Up-to-date: /home/jay/capstonerobot_ws/install/micro_ros_setup/./config/raspbian/generic
[2.876s] -- Up-to-date: /home/jay/capstonerobot_ws/install/micro_ros_setup/./config/raspbian/generic/configure.sh
[2.877s] -- Up-to-date: /home/jay/capstonerobot_ws/install/micro_ros_setup/./config/raspbian/generic/create.sh
[2.884s] -- Up-to-date: /home/jay/capstonerobot_ws/install/micro_ros_setup/./config/raspbian/generic/build.sh
[2.884s] -- Up-to-date: /home/jay/capstonerobot_ws/install/micro_ros_setup/./config/raspbian/generic/client-colcon.meta
[2.884s] -- Up-to-date: /home/jay/capstonerobot_ws/install/micro_ros_setup/./config/raspbian/generic/supported_platforms
[2.884s] -- Up-to-date: /home/jay/capstonerobot_ws/install/micro_ros_setup/./config/raspbian/generic/client_uros_packages.repos
[2.885s] -- Up-to-date: /home/jay/capstonerobot_ws/install/micro_ros_setup/./config/raspbian/generic/flash.sh
[2.885s] -- Up-to-date: /home/jay/capstonerobot_ws/install/micro_ros_setup/./config/agent_uros_packages.repos
[2.885s] -- Up-to-date: /home/jay/capstonerobot_ws/install/micro_ros_setup/./config/agent_ros2_packages.txt
[2.885s] -- Up-to-date: /home/jay/capstonerobot_ws/install/micro_ros_setup/./config/utils.sh
[2.886s] -- Up-to-date: /home/jay/capstonerobot_ws/install/micro_ros_setup/./config/zephyr
[2.887s] -- Up-to-date: /home/jay/capstonerobot_ws/install/micro_ros_setup/./config/zephyr/list_apps.sh
[2.887s] -- Up-to-date: /home/jay/capstonerobot_ws/install/micro_ros_setup/./config/zephyr/dev_uros_packages.repos
[2.887s] -- Up-to-date: /home/jay/capstonerobot_ws/install/micro_ros_setup/./config/zephyr/dev_ros2_packages.txt
[2.887s] -- Up-to-date: /home/jay/capstonerobot_ws/install/micro_ros_setup/./config/zephyr/generic
[2.887s] -- Up-to-date: /home/jay/capstonerobot_ws/install/micro_ros_setup/./config/zephyr/generic/configure.sh
[2.888s] -- Up-to-date: /home/jay/capstonerobot_ws/install/micro_ros_setup/./config/zephyr/generic/create.sh
[2.888s] -- Up-to-date: /home/jay/capstonerobot_ws/install/micro_ros_setup/./config/zephyr/generic/build.sh
[2.888s] -- Up-to-date: /home/jay/capstonerobot_ws/install/micro_ros_setup/./config/zephyr/generic/package.xml
[2.888s] -- Up-to-date: /home/jay/capstonerobot_ws/install/micro_ros_setup/./config/zephyr/generic/client-colcon.meta
[2.888s] -- Up-to-date: /home/jay/capstonerobot_ws/install/micro_ros_setup/./config/zephyr/generic/reset.sh
[2.888s] -- Up-to-date: /home/jay/capstonerobot_ws/install/micro_ros_setup/./config/zephyr/generic/supported_platforms
[2.889s] -- Up-to-date: /home/jay/capstonerobot_ws/install/micro_ros_setup/./config/zephyr/generic/client_uros_packages.repos
[2.889s] -- Up-to-date: /home/jay/capstonerobot_ws/install/micro_ros_setup/./config/zephyr/generic/board.repos
[2.889s] -- Up-to-date: /home/jay/capstonerobot_ws/install/micro_ros_setup/./config/zephyr/generic/flash.sh
[2.889s] -- Up-to-date: /home/jay/capstonerobot_ws/install/micro_ros_setup/./config/generate_lib
[2.889s] -- Up-to-date: /home/jay/capstonerobot_ws/install/micro_ros_setup/./config/generate_lib/dev_uros_packages.repos
[2.889s] -- Up-to-date: /home/jay/capstonerobot_ws/install/micro_ros_setup/./config/generate_lib/dev_ros2_packages.txt
[2.902s] -- Up-to-date: /home/jay/capstonerobot_ws/install/micro_ros_setup/./config/generate_lib/generic
[2.902s] -- Up-to-date: /home/jay/capstonerobot_ws/install/micro_ros_setup/./config/generate_lib/generic/create.sh
[2.903s] -- Up-to-date: /home/jay/capstonerobot_ws/install/micro_ros_setup/./config/generate_lib/generic/build.sh
[2.903s] -- Up-to-date: /home/jay/capstonerobot_ws/install/micro_ros_setup/./config/generate_lib/generic/package.xml
[2.903s] -- Up-to-date: /home/jay/capstonerobot_ws/install/micro_ros_setup/./config/generate_lib/generic/client-colcon.meta
[2.903s] -- Up-to-date: /home/jay/capstonerobot_ws/install/micro_ros_setup/./config/generate_lib/generic/demo_toolchain.cmake
[2.903s] -- Up-to-date: /home/jay/capstonerobot_ws/install/micro_ros_setup/./config/generate_lib/generic/client_uros_packages.repos
[2.903s] -- Up-to-date: /home/jay/capstonerobot_ws/install/micro_ros_setup/./config/generate_lib/generic/flash.sh
[2.903s] -- Up-to-date: /home/jay/capstonerobot_ws/install/micro_ros_setup/./config/host
[2.903s] -- Up-to-date: /home/jay/capstonerobot_ws/install/micro_ros_setup/./config/host/client_ros2_packages.txt
[2.903s] -- Up-to-date: /home/jay/capstonerobot_ws/install/micro_ros_setup/./config/host/dev_uros_packages.repos
[2.903s] -- Up-to-date: /home/jay/capstonerobot_ws/install/micro_ros_setup/./config/host/dev_ros2_packages.txt
[2.903s] -- Up-to-date: /home/jay/capstonerobot_ws/install/micro_ros_setup/./config/host/generic
[2.904s] -- Up-to-date: /home/jay/capstonerobot_ws/install/micro_ros_setup/./config/host/generic/client-host-colcon.meta
[2.904s] -- Up-to-date: /home/jay/capstonerobot_ws/install/micro_ros_setup/./config/host/generic/create.sh
[2.904s] -- Up-to-date: /home/jay/capstonerobot_ws/install/micro_ros_setup/./config/host/generic/build.sh
[2.904s] -- Up-to-date: /home/jay/capstonerobot_ws/install/micro_ros_setup/./config/host/generic/package.xml
[2.904s] -- Up-to-date: /home/jay/capstonerobot_ws/install/micro_ros_setup/./config/host/generic/client_host_packages.repos
[2.904s] -- Up-to-date: /home/jay/capstonerobot_ws/install/micro_ros_setup/./config/host/generic/reset.sh
[2.904s] -- Up-to-date: /home/jay/capstonerobot_ws/install/micro_ros_setup/./config/host/generic/flash.sh
[2.904s] -- Up-to-date: /home/jay/capstonerobot_ws/install/micro_ros_setup/./config/freertos
[2.904s] -- Up-to-date: /home/jay/capstonerobot_ws/install/micro_ros_setup/./config/freertos/list_apps.sh
[2.904s] -- Up-to-date: /home/jay/capstonerobot_ws/install/micro_ros_setup/./config/freertos/nucleo_f446re
[2.904s] -- Up-to-date: /home/jay/capstonerobot_ws/install/micro_ros_setup/./config/freertos/nucleo_f446re/configure.sh
[2.904s] -- Up-to-date: /home/jay/capstonerobot_ws/install/micro_ros_setup/./config/freertos/nucleo_f446re/create.sh
[2.904s] -- Up-to-date: /home/jay/capstonerobot_ws/install/micro_ros_setup/./config/freertos/nucleo_f446re/build.sh
[2.904s] -- Up-to-date: /home/jay/capstonerobot_ws/install/micro_ros_setup/./config/freertos/nucleo_f446re/package.xml
[2.905s] -- Up-to-date: /home/jay/capstonerobot_ws/install/micro_ros_setup/./config/freertos/nucleo_f446re/client-colcon.meta
[2.905s] -- Up-to-date: /home/jay/capstonerobot_ws/install/micro_ros_setup/./config/freertos/nucleo_f446re/reset.sh
[2.905s] -- Up-to-date: /home/jay/capstonerobot_ws/install/micro_ros_setup/./config/freertos/nucleo_f446re/client_uros_packages.repos
[2.905s] -- Up-to-date: /home/jay/capstonerobot_ws/install/micro_ros_setup/./config/freertos/nucleo_f446re/board.repos
[2.905s] -- Up-to-date: /home/jay/capstonerobot_ws/install/micro_ros_setup/./config/freertos/nucleo_f446re/flash.sh
[2.905s] -- Up-to-date: /home/jay/capstonerobot_ws/install/micro_ros_setup/./config/freertos/crazyflie21
[2.905s] -- Up-to-date: /home/jay/capstonerobot_ws/install/micro_ros_setup/./config/freertos/crazyflie21/configure.sh
[2.905s] -- Up-to-date: /home/jay/capstonerobot_ws/install/micro_ros_setup/./config/freertos/crazyflie21/create.sh
[2.905s] -- Up-to-date: /home/jay/capstonerobot_ws/install/micro_ros_setup/./config/freertos/crazyflie21/build.sh
[2.905s] -- Up-to-date: /home/jay/capstonerobot_ws/install/micro_ros_setup/./config/freertos/crazyflie21/package.xml
[2.905s] -- Up-to-date: /home/jay/capstonerobot_ws/install/micro_ros_setup/./config/freertos/crazyflie21/client-colcon.meta
[2.905s] -- Up-to-date: /home/jay/capstonerobot_ws/install/micro_ros_setup/./config/freertos/crazyflie21/client_uros_packages.repos
[2.905s] -- Up-to-date: /home/jay/capstonerobot_ws/install/micro_ros_setup/./config/freertos/crazyflie21/board.repos
[2.905s] -- Up-to-date: /home/jay/capstonerobot_ws/install/micro_ros_setup/./config/freertos/crazyflie21/flash.sh
[2.905s] -- Up-to-date: /home/jay/capstonerobot_ws/install/micro_ros_setup/./config/freertos/dev_uros_packages.repos
[2.905s] -- Up-to-date: /home/jay/capstonerobot_ws/install/micro_ros_setup/./config/freertos/esp32
[2.905s] -- Up-to-date: /home/jay/capstonerobot_ws/install/micro_ros_setup/./config/freertos/esp32/configure.sh
[2.905s] -- Up-to-date: /home/jay/capstonerobot_ws/install/micro_ros_setup/./config/freertos/esp32/README.md
[2.906s] -- Up-to-date: /home/jay/capstonerobot_ws/install/micro_ros_setup/./config/freertos/esp32/create.sh
[2.906s] -- Up-to-date: /home/jay/capstonerobot_ws/install/micro_ros_setup/./config/freertos/esp32/build.sh
[2.906s] -- Up-to-date: /home/jay/capstonerobot_ws/install/micro_ros_setup/./config/freertos/esp32/package.xml
[2.906s] -- Up-to-date: /home/jay/capstonerobot_ws/install/micro_ros_setup/./config/freertos/esp32/client-colcon.meta
[2.906s] -- Up-to-date: /home/jay/capstonerobot_ws/install/micro_ros_setup/./config/freertos/esp32/client_uros_packages.repos
[2.906s] -- Up-to-date: /home/jay/capstonerobot_ws/install/micro_ros_setup/./config/freertos/esp32/board.repos
[2.906s] -- Up-to-date: /home/jay/capstonerobot_ws/install/micro_ros_setup/./config/freertos/esp32/flash.sh
[2.906s] -- Up-to-date: /home/jay/capstonerobot_ws/install/micro_ros_setup/./config/freertos/olimex-stm32-e407
[2.906s] -- Up-to-date: /home/jay/capstonerobot_ws/install/micro_ros_setup/./config/freertos/olimex-stm32-e407/configure.sh
[2.906s] -- Up-to-date: /home/jay/capstonerobot_ws/install/micro_ros_setup/./config/freertos/olimex-stm32-e407/create.sh
[2.906s] -- Up-to-date: /home/jay/capstonerobot_ws/install/micro_ros_setup/./config/freertos/olimex-stm32-e407/build.sh
[2.906s] -- Up-to-date: /home/jay/capstonerobot_ws/install/micro_ros_setup/./config/freertos/olimex-stm32-e407/package.xml
[2.906s] -- Up-to-date: /home/jay/capstonerobot_ws/install/micro_ros_setup/./config/freertos/olimex-stm32-e407/client-colcon.meta
[2.906s] -- Up-to-date: /home/jay/capstonerobot_ws/install/micro_ros_setup/./config/freertos/olimex-stm32-e407/reset.sh
[2.906s] -- Up-to-date: /home/jay/capstonerobot_ws/install/micro_ros_setup/./config/freertos/olimex-stm32-e407/client_uros_packages.repos
[2.906s] -- Up-to-date: /home/jay/capstonerobot_ws/install/micro_ros_setup/./config/freertos/olimex-stm32-e407/board.repos
[2.906s] -- Up-to-date: /home/jay/capstonerobot_ws/install/micro_ros_setup/./config/freertos/olimex-stm32-e407/flash.sh
[2.927s] -- Up-to-date: /home/jay/capstonerobot_ws/install/micro_ros_setup/./config/freertos/nucleo_f767zi
[2.927s] -- Up-to-date: /home/jay/capstonerobot_ws/install/micro_ros_setup/./config/freertos/nucleo_f767zi/configure.sh
[2.927s] -- Up-to-date: /home/jay/capstonerobot_ws/install/micro_ros_setup/./config/freertos/nucleo_f767zi/create.sh
[2.927s] -- Up-to-date: /home/jay/capstonerobot_ws/install/micro_ros_setup/./config/freertos/nucleo_f767zi/build.sh
[2.927s] -- Up-to-date: /home/jay/capstonerobot_ws/install/micro_ros_setup/./config/freertos/nucleo_f767zi/package.xml
[2.927s] -- Up-to-date: /home/jay/capstonerobot_ws/install/micro_ros_setup/./config/freertos/nucleo_f767zi/client-colcon.meta
[2.936s] -- Up-to-date: /home/jay/capstonerobot_ws/install/micro_ros_setup/./config/freertos/nucleo_f767zi/reset.sh
[2.936s] -- Up-to-date: /home/jay/capstonerobot_ws/install/micro_ros_setup/./config/freertos/nucleo_f767zi/client_uros_packages.repos
[2.936s] -- Up-to-date: /home/jay/capstonerobot_ws/install/micro_ros_setup/./config/freertos/nucleo_f767zi/board.repos
[2.937s] -- Up-to-date: /home/jay/capstonerobot_ws/install/micro_ros_setup/./config/freertos/nucleo_f767zi/flash.sh
[2.937s] -- Up-to-date: /home/jay/capstonerobot_ws/install/micro_ros_setup/./config/freertos/dev_ros2_packages.txt
[2.937s] -- Up-to-date: /home/jay/capstonerobot_ws/install/micro_ros_setup/./config/freertos/nucleo_f446ze
[2.937s] -- Up-to-date: /home/jay/capstonerobot_ws/install/micro_ros_setup/./config/freertos/nucleo_f446ze/configure.sh
[2.937s] -- Up-to-date: /home/jay/capstonerobot_ws/install/micro_ros_setup/./config/freertos/nucleo_f446ze/create.sh
[2.937s] -- Up-to-date: /home/jay/capstonerobot_ws/install/micro_ros_setup/./config/freertos/nucleo_f446ze/build.sh
[2.938s] -- Up-to-date: /home/jay/capstonerobot_ws/install/micro_ros_setup/./config/freertos/nucleo_f446ze/package.xml
[2.938s] -- Up-to-date: /home/jay/capstonerobot_ws/install/micro_ros_setup/./config/freertos/nucleo_f446ze/client-colcon.meta
[2.938s] -- Up-to-date: /home/jay/capstonerobot_ws/install/micro_ros_setup/./config/freertos/nucleo_f446ze/reset.sh
[2.938s] -- Up-to-date: /home/jay/capstonerobot_ws/install/micro_ros_setup/./config/freertos/nucleo_f446ze/client_uros_packages.repos
[2.938s] -- Up-to-date: /home/jay/capstonerobot_ws/install/micro_ros_setup/./config/freertos/nucleo_f446ze/board.repos
[2.938s] -- Up-to-date: /home/jay/capstonerobot_ws/install/micro_ros_setup/./config/freertos/nucleo_f446ze/flash.sh
[2.938s] -- Up-to-date: /home/jay/capstonerobot_ws/install/micro_ros_setup/./config/freertos/nucleo_f746zg
[2.938s] -- Up-to-date: /home/jay/capstonerobot_ws/install/micro_ros_setup/./config/freertos/nucleo_f746zg/configure.sh
[2.938s] -- Up-to-date: /home/jay/capstonerobot_ws/install/micro_ros_setup/./config/freertos/nucleo_f746zg/create.sh
[2.938s] -- Up-to-date: /home/jay/capstonerobot_ws/install/micro_ros_setup/./config/freertos/nucleo_f746zg/build.sh
[2.938s] -- Up-to-date: /home/jay/capstonerobot_ws/install/micro_ros_setup/./config/freertos/nucleo_f746zg/package.xml
[2.938s] -- Up-to-date: /home/jay/capstonerobot_ws/install/micro_ros_setup/./config/freertos/nucleo_f746zg/client-colcon.meta
[2.938s] -- Up-to-date: /home/jay/capstonerobot_ws/install/micro_ros_setup/./config/freertos/nucleo_f746zg/reset.sh
[2.938s] -- Up-to-date: /home/jay/capstonerobot_ws/install/micro_ros_setup/./config/freertos/nucleo_f746zg/client_uros_packages.repos
[2.939s] -- Up-to-date: /home/jay/capstonerobot_ws/install/micro_ros_setup/./config/freertos/nucleo_f746zg/board.repos
[2.939s] -- Up-to-date: /home/jay/capstonerobot_ws/install/micro_ros_setup/./config/freertos/nucleo_f746zg/flash.sh
[2.939s] -- Up-to-date: /home/jay/capstonerobot_ws/install/micro_ros_setup/./config/client_uros_packages.repos
[2.939s] Invoked command in '/home/jay/capstonerobot_ws/build/micro_ros_setup' returned '0': CMAKE_PREFIX_PATH=${CMAKE_PREFIX_PATH}:/opt/ros/foxy /usr/bin/cmake --install /home/jay/capstonerobot_ws/build/micro_ros_setup
