[0.068s] Invoking command in '/home/jay/capstonerobot_ws/build/turtlebot3_msgs': CMAKE_PREFIX_PATH=${CMAKE_PREFIX_PATH}:/home/jay/capstonerobot_ws/install/turtlebot3_teleop:/home/jay/capstonerobot_ws/install/turtlebot3_example:/opt/ros/foxy /usr/bin/cmake --build /home/jay/capstonerobot_ws/build/turtlebot3_msgs -- -j4 -l4
[0.299s] [  1%] Built target turtlebot3_msgs__cpp
[0.382s] [ 10%] Built target turtlebot3_msgs__rosidl_generator_c
[0.392s] [ 19%] Built target turtlebot3_msgs__rosidl_typesupport_microxrcedds_cpp
[0.393s] [ 28%] Built target turtlebot3_msgs__rosidl_typesupport_cpp
[0.422s] [ 37%] Built target turtlebot3_msgs__rosidl_typesupport_fastrtps_cpp
[0.448s] [ 46%] Built target turtlebot3_msgs__rosidl_typesupport_c
[0.452s] [ 55%] Built target turtlebot3_msgs__rosidl_typesupport_microxrcedds_c
[0.462s] [ 64%] Built target turtlebot3_msgs__rosidl_typesupport_introspection_cpp
[0.481s] [ 73%] Built target turtlebot3_msgs__rosidl_typesupport_introspection_c
[0.538s] [ 82%] Built target turtlebot3_msgs__rosidl_typesupport_fastrtps_c
[0.592s] [ 82%] Built target turtlebot3_msgs
[0.626s] [ 83%] Built target turtlebot3_msgs__py
[0.733s] [ 91%] Built target turtlebot3_msgs__python
[0.802s] [ 93%] Built target turtlebot3_msgs__rosidl_typesupport_introspection_c__pyext
[0.805s] [ 95%] Built target turtlebot3_msgs__rosidl_typesupport_fastrtps_c__pyext
[0.818s] [ 97%] Built target turtlebot3_msgs__rosidl_typesupport_microxrcedds_c__pyext
[0.828s] [100%] Built target turtlebot3_msgs__rosidl_typesupport_c__pyext
[0.884s] Invoked command in '/home/jay/capstonerobot_ws/build/turtlebot3_msgs' returned '0': CMAKE_PREFIX_PATH=${CMAKE_PREFIX_PATH}:/home/jay/capstonerobot_ws/install/turtlebot3_teleop:/home/jay/capstonerobot_ws/install/turtlebot3_example:/opt/ros/foxy /usr/bin/cmake --build /home/jay/capstonerobot_ws/build/turtlebot3_msgs -- -j4 -l4
[1.232s] Invoking command in '/home/jay/capstonerobot_ws/build/turtlebot3_msgs': CMAKE_PREFIX_PATH=${CMAKE_PREFIX_PATH}:/home/jay/capstonerobot_ws/install/turtlebot3_teleop:/home/jay/capstonerobot_ws/install/turtlebot3_example:/opt/ros/foxy /usr/bin/cmake --install /home/jay/capstonerobot_ws/build/turtlebot3_msgs
[1.242s] -- Install configuration: ""
[1.243s] -- Execute custom install script
[1.245s] -- Up-to-date symlink: /home/jay/capstonerobot_ws/install/turtlebot3_msgs/share/ament_index/resource_index/rosidl_interfaces/turtlebot3_msgs
[1.248s] -- Up-to-date symlink: /home/jay/capstonerobot_ws/install/turtlebot3_msgs/include/turtlebot3_msgs/action/detail/patrol__functions.h
[1.249s] -- Up-to-date symlink: /home/jay/capstonerobot_ws/install/turtlebot3_msgs/include/turtlebot3_msgs/action/detail/patrol__struct.h
[1.250s] -- Up-to-date symlink: /home/jay/capstonerobot_ws/install/turtlebot3_msgs/include/turtlebot3_msgs/action/detail/patrol__type_support.h
[1.251s] -- Up-to-date symlink: /home/jay/capstonerobot_ws/install/turtlebot3_msgs/include/turtlebot3_msgs/action/patrol.h
[1.253s] -- Up-to-date symlink: /home/jay/capstonerobot_ws/install/turtlebot3_msgs/include/turtlebot3_msgs/msg/detail/sensor_state__functions.h
[1.253s] -- Up-to-date symlink: /home/jay/capstonerobot_ws/install/turtlebot3_msgs/include/turtlebot3_msgs/msg/detail/sensor_state__struct.h
[1.254s] -- Up-to-date symlink: /home/jay/capstonerobot_ws/install/turtlebot3_msgs/include/turtlebot3_msgs/msg/detail/sensor_state__type_support.h
[1.255s] -- Up-to-date symlink: /home/jay/capstonerobot_ws/install/turtlebot3_msgs/include/turtlebot3_msgs/msg/detail/sound__functions.h
[1.257s] -- Up-to-date symlink: /home/jay/capstonerobot_ws/install/turtlebot3_msgs/include/turtlebot3_msgs/msg/detail/sound__struct.h
[1.257s] -- Up-to-date symlink: /home/jay/capstonerobot_ws/install/turtlebot3_msgs/include/turtlebot3_msgs/msg/detail/sound__type_support.h
[1.258s] -- Up-to-date symlink: /home/jay/capstonerobot_ws/install/turtlebot3_msgs/include/turtlebot3_msgs/msg/detail/version_info__functions.h
[1.259s] -- Up-to-date symlink: /home/jay/capstonerobot_ws/install/turtlebot3_msgs/include/turtlebot3_msgs/msg/detail/version_info__struct.h
[1.260s] -- Up-to-date symlink: /home/jay/capstonerobot_ws/install/turtlebot3_msgs/include/turtlebot3_msgs/msg/detail/version_info__type_support.h
[1.261s] -- Up-to-date symlink: /home/jay/capstonerobot_ws/install/turtlebot3_msgs/include/turtlebot3_msgs/msg/rosidl_generator_c__visibility_control.h
[1.262s] -- Up-to-date symlink: /home/jay/capstonerobot_ws/install/turtlebot3_msgs/include/turtlebot3_msgs/msg/sensor_state.h
[1.262s] -- Up-to-date symlink: /home/jay/capstonerobot_ws/install/turtlebot3_msgs/include/turtlebot3_msgs/msg/sound.h
[1.264s] -- Up-to-date symlink: /home/jay/capstonerobot_ws/install/turtlebot3_msgs/include/turtlebot3_msgs/msg/version_info.h
[1.265s] -- Up-to-date symlink: /home/jay/capstonerobot_ws/install/turtlebot3_msgs/include/turtlebot3_msgs/srv/detail/dqn__functions.h
[1.266s] -- Up-to-date symlink: /home/jay/capstonerobot_ws/install/turtlebot3_msgs/include/turtlebot3_msgs/srv/detail/dqn__struct.h
[1.267s] -- Up-to-date symlink: /home/jay/capstonerobot_ws/install/turtlebot3_msgs/include/turtlebot3_msgs/srv/detail/dqn__type_support.h
[1.268s] -- Up-to-date symlink: /home/jay/capstonerobot_ws/install/turtlebot3_msgs/include/turtlebot3_msgs/srv/detail/sound__functions.h
[1.269s] -- Up-to-date symlink: /home/jay/capstonerobot_ws/install/turtlebot3_msgs/include/turtlebot3_msgs/srv/detail/sound__struct.h
[1.269s] -- Up-to-date symlink: /home/jay/capstonerobot_ws/install/turtlebot3_msgs/include/turtlebot3_msgs/srv/detail/sound__type_support.h
[1.270s] -- Up-to-date symlink: /home/jay/capstonerobot_ws/install/turtlebot3_msgs/include/turtlebot3_msgs/srv/dqn.h
[1.270s] -- Up-to-date symlink: /home/jay/capstonerobot_ws/install/turtlebot3_msgs/include/turtlebot3_msgs/srv/sound.h
[1.271s] -- Up-to-date symlink: /home/jay/capstonerobot_ws/install/turtlebot3_msgs/share/turtlebot3_msgs/environment/library_path.sh
[1.272s] -- Up-to-date symlink: /home/jay/capstonerobot_ws/install/turtlebot3_msgs/share/turtlebot3_msgs/environment/library_path.dsv
[1.273s] -- Up-to-date symlink: /home/jay/capstonerobot_ws/install/turtlebot3_msgs/include/turtlebot3_msgs/action/detail/patrol__rosidl_typesupport_microxrcedds_c.h
[1.274s] -- Up-to-date symlink: /home/jay/capstonerobot_ws/install/turtlebot3_msgs/include/turtlebot3_msgs/msg/detail/sensor_state__rosidl_typesupport_microxrcedds_c.h
[1.275s] -- Up-to-date symlink: /home/jay/capstonerobot_ws/install/turtlebot3_msgs/include/turtlebot3_msgs/msg/detail/sound__rosidl_typesupport_microxrcedds_c.h
[1.276s] -- Up-to-date symlink: /home/jay/capstonerobot_ws/install/turtlebot3_msgs/include/turtlebot3_msgs/msg/detail/version_info__rosidl_typesupport_microxrcedds_c.h
[1.277s] -- Up-to-date symlink: /home/jay/capstonerobot_ws/install/turtlebot3_msgs/include/turtlebot3_msgs/msg/rosidl_typesupport_microxrcedds_c__visibility_control.h
[1.277s] -- Up-to-date symlink: /home/jay/capstonerobot_ws/install/turtlebot3_msgs/include/turtlebot3_msgs/srv/detail/dqn__rosidl_typesupport_microxrcedds_c.h
[1.278s] -- Up-to-date symlink: /home/jay/capstonerobot_ws/install/turtlebot3_msgs/include/turtlebot3_msgs/srv/detail/sound__rosidl_typesupport_microxrcedds_c.h
[1.279s] -- Up-to-date symlink: /home/jay/capstonerobot_ws/install/turtlebot3_msgs/lib/libturtlebot3_msgs__rosidl_typesupport_microxrcedds_c.a
[1.281s] -- Up-to-date symlink: /home/jay/capstonerobot_ws/install/turtlebot3_msgs/include/turtlebot3_msgs/action/detail/patrol__rosidl_typesupport_fastrtps_c.h
[1.281s] -- Up-to-date symlink: /home/jay/capstonerobot_ws/install/turtlebot3_msgs/include/turtlebot3_msgs/msg/detail/sensor_state__rosidl_typesupport_fastrtps_c.h
[1.282s] -- Up-to-date symlink: /home/jay/capstonerobot_ws/install/turtlebot3_msgs/include/turtlebot3_msgs/msg/detail/sound__rosidl_typesupport_fastrtps_c.h
[1.282s] -- Up-to-date symlink: /home/jay/capstonerobot_ws/install/turtlebot3_msgs/include/turtlebot3_msgs/msg/detail/version_info__rosidl_typesupport_fastrtps_c.h
[1.283s] -- Up-to-date symlink: /home/jay/capstonerobot_ws/install/turtlebot3_msgs/include/turtlebot3_msgs/msg/rosidl_typesupport_fastrtps_c__visibility_control.h
[1.283s] -- Up-to-date symlink: /home/jay/capstonerobot_ws/install/turtlebot3_msgs/include/turtlebot3_msgs/srv/detail/dqn__rosidl_typesupport_fastrtps_c.h
[1.284s] -- Up-to-date symlink: /home/jay/capstonerobot_ws/install/turtlebot3_msgs/include/turtlebot3_msgs/srv/detail/sound__rosidl_typesupport_fastrtps_c.h
[1.286s] -- Up-to-date symlink: /home/jay/capstonerobot_ws/install/turtlebot3_msgs/lib/libturtlebot3_msgs__rosidl_typesupport_fastrtps_c.so
[1.287s] -- Up-to-date symlink: /home/jay/capstonerobot_ws/install/turtlebot3_msgs/include/turtlebot3_msgs/action/detail/patrol__rosidl_typesupport_fastrtps_cpp.hpp
[1.288s] -- Up-to-date symlink: /home/jay/capstonerobot_ws/install/turtlebot3_msgs/include/turtlebot3_msgs/msg/detail/sensor_state__rosidl_typesupport_fastrtps_cpp.hpp
[1.288s] -- Up-to-date symlink: /home/jay/capstonerobot_ws/install/turtlebot3_msgs/include/turtlebot3_msgs/msg/detail/sound__rosidl_typesupport_fastrtps_cpp.hpp
[1.289s] -- Up-to-date symlink: /home/jay/capstonerobot_ws/install/turtlebot3_msgs/include/turtlebot3_msgs/msg/detail/version_info__rosidl_typesupport_fastrtps_cpp.hpp
[1.289s] -- Up-to-date symlink: /home/jay/capstonerobot_ws/install/turtlebot3_msgs/include/turtlebot3_msgs/msg/rosidl_typesupport_fastrtps_cpp__visibility_control.h
[1.290s] -- Up-to-date symlink: /home/jay/capstonerobot_ws/install/turtlebot3_msgs/include/turtlebot3_msgs/srv/detail/dqn__rosidl_typesupport_fastrtps_cpp.hpp
[1.290s] -- Up-to-date symlink: /home/jay/capstonerobot_ws/install/turtlebot3_msgs/include/turtlebot3_msgs/srv/detail/sound__rosidl_typesupport_fastrtps_cpp.hpp
[1.291s] -- Up-to-date symlink: /home/jay/capstonerobot_ws/install/turtlebot3_msgs/lib/libturtlebot3_msgs__rosidl_typesupport_fastrtps_cpp.so
[1.292s] -- Up-to-date symlink: /home/jay/capstonerobot_ws/install/turtlebot3_msgs/include/turtlebot3_msgs/action/detail/patrol__rosidl_typesupport_introspection_c.h
[1.293s] -- Up-to-date symlink: /home/jay/capstonerobot_ws/install/turtlebot3_msgs/include/turtlebot3_msgs/msg/detail/sensor_state__rosidl_typesupport_introspection_c.h
[1.294s] -- Up-to-date symlink: /home/jay/capstonerobot_ws/install/turtlebot3_msgs/include/turtlebot3_msgs/msg/detail/sound__rosidl_typesupport_introspection_c.h
[1.295s] -- Up-to-date symlink: /home/jay/capstonerobot_ws/install/turtlebot3_msgs/include/turtlebot3_msgs/msg/detail/version_info__rosidl_typesupport_introspection_c.h
[1.296s] -- Up-to-date symlink: /home/jay/capstonerobot_ws/install/turtlebot3_msgs/include/turtlebot3_msgs/msg/rosidl_typesupport_introspection_c__visibility_control.h
[1.296s] -- Up-to-date symlink: /home/jay/capstonerobot_ws/install/turtlebot3_msgs/include/turtlebot3_msgs/srv/detail/dqn__rosidl_typesupport_introspection_c.h
[1.297s] -- Up-to-date symlink: /home/jay/capstonerobot_ws/install/turtlebot3_msgs/include/turtlebot3_msgs/srv/detail/sound__rosidl_typesupport_introspection_c.h
[1.298s] -- Up-to-date symlink: /home/jay/capstonerobot_ws/install/turtlebot3_msgs/include/turtlebot3_msgs/action/detail/patrol__builder.hpp
[1.299s] -- Up-to-date symlink: /home/jay/capstonerobot_ws/install/turtlebot3_msgs/include/turtlebot3_msgs/action/detail/patrol__struct.hpp
[1.300s] -- Up-to-date symlink: /home/jay/capstonerobot_ws/install/turtlebot3_msgs/include/turtlebot3_msgs/action/detail/patrol__traits.hpp
[1.300s] -- Up-to-date symlink: /home/jay/capstonerobot_ws/install/turtlebot3_msgs/include/turtlebot3_msgs/action/detail/patrol__type_support.hpp
[1.301s] -- Up-to-date symlink: /home/jay/capstonerobot_ws/install/turtlebot3_msgs/include/turtlebot3_msgs/action/patrol.hpp
[1.302s] -- Up-to-date symlink: /home/jay/capstonerobot_ws/install/turtlebot3_msgs/include/turtlebot3_msgs/msg/detail/sensor_state__builder.hpp
[1.303s] -- Up-to-date symlink: /home/jay/capstonerobot_ws/install/turtlebot3_msgs/include/turtlebot3_msgs/msg/detail/sensor_state__struct.hpp
[1.303s] -- Up-to-date symlink: /home/jay/capstonerobot_ws/install/turtlebot3_msgs/include/turtlebot3_msgs/msg/detail/sensor_state__traits.hpp
[1.304s] -- Up-to-date symlink: /home/jay/capstonerobot_ws/install/turtlebot3_msgs/include/turtlebot3_msgs/msg/detail/sensor_state__type_support.hpp
[1.305s] -- Up-to-date symlink: /home/jay/capstonerobot_ws/install/turtlebot3_msgs/include/turtlebot3_msgs/msg/detail/sound__builder.hpp
[1.306s] -- Up-to-date symlink: /home/jay/capstonerobot_ws/install/turtlebot3_msgs/include/turtlebot3_msgs/msg/detail/sound__struct.hpp
[1.306s] -- Up-to-date symlink: /home/jay/capstonerobot_ws/install/turtlebot3_msgs/include/turtlebot3_msgs/msg/detail/sound__traits.hpp
[1.307s] -- Up-to-date symlink: /home/jay/capstonerobot_ws/install/turtlebot3_msgs/include/turtlebot3_msgs/msg/detail/sound__type_support.hpp
[1.307s] -- Up-to-date symlink: /home/jay/capstonerobot_ws/install/turtlebot3_msgs/include/turtlebot3_msgs/msg/detail/version_info__builder.hpp
[1.308s] -- Up-to-date symlink: /home/jay/capstonerobot_ws/install/turtlebot3_msgs/include/turtlebot3_msgs/msg/detail/version_info__struct.hpp
[1.309s] -- Up-to-date symlink: /home/jay/capstonerobot_ws/install/turtlebot3_msgs/include/turtlebot3_msgs/msg/detail/version_info__traits.hpp
[1.309s] -- Up-to-date symlink: /home/jay/capstonerobot_ws/install/turtlebot3_msgs/include/turtlebot3_msgs/msg/detail/version_info__type_support.hpp
[1.311s] -- Up-to-date symlink: /home/jay/capstonerobot_ws/install/turtlebot3_msgs/include/turtlebot3_msgs/msg/rosidl_generator_cpp__visibility_control.hpp
[1.311s] -- Up-to-date symlink: /home/jay/capstonerobot_ws/install/turtlebot3_msgs/include/turtlebot3_msgs/msg/sensor_state.hpp
[1.312s] -- Up-to-date symlink: /home/jay/capstonerobot_ws/install/turtlebot3_msgs/include/turtlebot3_msgs/msg/sound.hpp
[1.312s] -- Up-to-date symlink: /home/jay/capstonerobot_ws/install/turtlebot3_msgs/include/turtlebot3_msgs/msg/version_info.hpp
[1.313s] -- Up-to-date symlink: /home/jay/capstonerobot_ws/install/turtlebot3_msgs/include/turtlebot3_msgs/srv/detail/dqn__builder.hpp
[1.314s] -- Up-to-date symlink: /home/jay/capstonerobot_ws/install/turtlebot3_msgs/include/turtlebot3_msgs/srv/detail/dqn__struct.hpp
[1.315s] -- Up-to-date symlink: /home/jay/capstonerobot_ws/install/turtlebot3_msgs/include/turtlebot3_msgs/srv/detail/dqn__traits.hpp
[1.315s] -- Up-to-date symlink: /home/jay/capstonerobot_ws/install/turtlebot3_msgs/include/turtlebot3_msgs/srv/detail/dqn__type_support.hpp
[1.316s] -- Up-to-date symlink: /home/jay/capstonerobot_ws/install/turtlebot3_msgs/include/turtlebot3_msgs/srv/detail/sound__builder.hpp
[1.317s] -- Up-to-date symlink: /home/jay/capstonerobot_ws/install/turtlebot3_msgs/include/turtlebot3_msgs/srv/detail/sound__struct.hpp
[1.317s] -- Up-to-date symlink: /home/jay/capstonerobot_ws/install/turtlebot3_msgs/include/turtlebot3_msgs/srv/detail/sound__traits.hpp
[1.318s] -- Up-to-date symlink: /home/jay/capstonerobot_ws/install/turtlebot3_msgs/include/turtlebot3_msgs/srv/detail/sound__type_support.hpp
[1.319s] -- Up-to-date symlink: /home/jay/capstonerobot_ws/install/turtlebot3_msgs/include/turtlebot3_msgs/srv/dqn.hpp
[1.319s] -- Up-to-date symlink: /home/jay/capstonerobot_ws/install/turtlebot3_msgs/include/turtlebot3_msgs/srv/sound.hpp
[1.324s] -- Up-to-date symlink: /home/jay/capstonerobot_ws/install/turtlebot3_msgs/include/turtlebot3_msgs/action/detail/microxrcedds/patrol__type_support_cpp.cpp
[1.325s] -- Up-to-date symlink: /home/jay/capstonerobot_ws/install/turtlebot3_msgs/include/turtlebot3_msgs/action/detail/patrol__rosidl_typesupport_microxrcedds_cpp.hpp
[1.325s] -- Up-to-date symlink: /home/jay/capstonerobot_ws/install/turtlebot3_msgs/include/turtlebot3_msgs/msg/detail/microxrcedds/sensor_state__type_support_cpp.cpp
[1.325s] -- Up-to-date symlink: /home/jay/capstonerobot_ws/install/turtlebot3_msgs/include/turtlebot3_msgs/msg/detail/microxrcedds/sound__type_support_cpp.cpp
[1.325s] -- Up-to-date symlink: /home/jay/capstonerobot_ws/install/turtlebot3_msgs/include/turtlebot3_msgs/msg/detail/microxrcedds/version_info__type_support_cpp.cpp
[1.325s] -- Up-to-date symlink: /home/jay/capstonerobot_ws/install/turtlebot3_msgs/include/turtlebot3_msgs/msg/detail/sensor_state__rosidl_typesupport_microxrcedds_cpp.hpp
[1.326s] -- Up-to-date symlink: /home/jay/capstonerobot_ws/install/turtlebot3_msgs/include/turtlebot3_msgs/msg/detail/sound__rosidl_typesupport_microxrcedds_cpp.hpp
[1.326s] -- Up-to-date symlink: /home/jay/capstonerobot_ws/install/turtlebot3_msgs/include/turtlebot3_msgs/msg/detail/version_info__rosidl_typesupport_microxrcedds_cpp.hpp
[1.327s] -- Up-to-date symlink: /home/jay/capstonerobot_ws/install/turtlebot3_msgs/include/turtlebot3_msgs/msg/rosidl_typesupport_microxrcedds_cpp__visibility_control.h
[1.328s] -- Up-to-date symlink: /home/jay/capstonerobot_ws/install/turtlebot3_msgs/include/turtlebot3_msgs/srv/detail/dqn__rosidl_typesupport_microxrcedds_cpp.hpp
[1.328s] -- Up-to-date symlink: /home/jay/capstonerobot_ws/install/turtlebot3_msgs/include/turtlebot3_msgs/srv/detail/microxrcedds/dqn__type_support_cpp.cpp
[1.329s] -- Up-to-date symlink: /home/jay/capstonerobot_ws/install/turtlebot3_msgs/include/turtlebot3_msgs/srv/detail/microxrcedds/sound__type_support_cpp.cpp
[1.332s] -- Up-to-date symlink: /home/jay/capstonerobot_ws/install/turtlebot3_msgs/include/turtlebot3_msgs/srv/detail/sound__rosidl_typesupport_microxrcedds_cpp.hpp
[1.332s] -- Up-to-date symlink: /home/jay/capstonerobot_ws/install/turtlebot3_msgs/lib/libturtlebot3_msgs__rosidl_typesupport_microxrcedds_cpp.a
[1.334s] -- Up-to-date symlink: /home/jay/capstonerobot_ws/install/turtlebot3_msgs/include/turtlebot3_msgs/action/detail/patrol__rosidl_typesupport_introspection_cpp.hpp
[1.334s] -- Up-to-date symlink: /home/jay/capstonerobot_ws/install/turtlebot3_msgs/include/turtlebot3_msgs/msg/detail/sensor_state__rosidl_typesupport_introspection_cpp.hpp
[1.335s] -- Up-to-date symlink: /home/jay/capstonerobot_ws/install/turtlebot3_msgs/include/turtlebot3_msgs/msg/detail/sound__rosidl_typesupport_introspection_cpp.hpp
[1.335s] -- Up-to-date symlink: /home/jay/capstonerobot_ws/install/turtlebot3_msgs/include/turtlebot3_msgs/msg/detail/version_info__rosidl_typesupport_introspection_cpp.hpp
[1.336s] -- Up-to-date symlink: /home/jay/capstonerobot_ws/install/turtlebot3_msgs/include/turtlebot3_msgs/srv/detail/dqn__rosidl_typesupport_introspection_cpp.hpp
[1.336s] -- Up-to-date symlink: /home/jay/capstonerobot_ws/install/turtlebot3_msgs/include/turtlebot3_msgs/srv/detail/sound__rosidl_typesupport_introspection_cpp.hpp
[1.337s] -- Up-to-date symlink: /home/jay/capstonerobot_ws/install/turtlebot3_msgs/share/turtlebot3_msgs/environment/pythonpath.sh
[1.337s] -- Up-to-date symlink: /home/jay/capstonerobot_ws/install/turtlebot3_msgs/share/turtlebot3_msgs/environment/pythonpath.dsv
[1.338s] -- Up-to-date symlink: /home/jay/capstonerobot_ws/install/turtlebot3_msgs/lib/python3.8/site-packages/turtlebot3_msgs/__init__.py
[1.339s] -- Up-to-date symlink: /home/jay/capstonerobot_ws/install/turtlebot3_msgs/lib/python3.8/site-packages/turtlebot3_msgs/msg/__init__.py
[1.340s] -- Up-to-date symlink: /home/jay/capstonerobot_ws/install/turtlebot3_msgs/lib/python3.8/site-packages/turtlebot3_msgs/msg/_sensor_state.py
[1.340s] -- Up-to-date symlink: /home/jay/capstonerobot_ws/install/turtlebot3_msgs/lib/python3.8/site-packages/turtlebot3_msgs/msg/_sound.py
[1.340s] -- Up-to-date symlink: /home/jay/capstonerobot_ws/install/turtlebot3_msgs/lib/python3.8/site-packages/turtlebot3_msgs/msg/_version_info.py
[1.343s] -- Up-to-date symlink: /home/jay/capstonerobot_ws/install/turtlebot3_msgs/lib/python3.8/site-packages/turtlebot3_msgs/srv/__init__.py
[1.343s] -- Up-to-date symlink: /home/jay/capstonerobot_ws/install/turtlebot3_msgs/lib/python3.8/site-packages/turtlebot3_msgs/srv/_dqn.py
[1.343s] -- Up-to-date symlink: /home/jay/capstonerobot_ws/install/turtlebot3_msgs/lib/python3.8/site-packages/turtlebot3_msgs/srv/_sound.py
[1.344s] -- Up-to-date symlink: /home/jay/capstonerobot_ws/install/turtlebot3_msgs/lib/python3.8/site-packages/turtlebot3_msgs/action/__init__.py
[1.345s] -- Up-to-date symlink: /home/jay/capstonerobot_ws/install/turtlebot3_msgs/lib/python3.8/site-packages/turtlebot3_msgs/action/_patrol.py
[1.346s] -- Up-to-date symlink: /home/jay/capstonerobot_ws/install/turtlebot3_msgs/lib/python3.8/site-packages/turtlebot3_msgs/turtlebot3_msgs_s__rosidl_typesupport_microxrcedds_c.cpython-38-aarch64-linux-gnu.so
[1.348s] -- Up-to-date symlink: /home/jay/capstonerobot_ws/install/turtlebot3_msgs/lib/python3.8/site-packages/turtlebot3_msgs/turtlebot3_msgs_s__rosidl_typesupport_fastrtps_c.cpython-38-aarch64-linux-gnu.so
[1.348s] -- Up-to-date symlink: /home/jay/capstonerobot_ws/install/turtlebot3_msgs/lib/python3.8/site-packages/turtlebot3_msgs/turtlebot3_msgs_s__rosidl_typesupport_introspection_c.cpython-38-aarch64-linux-gnu.so
[1.349s] -- Up-to-date symlink: /home/jay/capstonerobot_ws/install/turtlebot3_msgs/lib/python3.8/site-packages/turtlebot3_msgs/turtlebot3_msgs_s__rosidl_typesupport_c.cpython-38-aarch64-linux-gnu.so
[1.351s] -- Up-to-date symlink: /home/jay/capstonerobot_ws/install/turtlebot3_msgs/lib/libturtlebot3_msgs__python.so
[1.352s] -- Up-to-date symlink: /home/jay/capstonerobot_ws/install/turtlebot3_msgs/share/turtlebot3_msgs/msg/SensorState.idl
[1.352s] -- Up-to-date symlink: /home/jay/capstonerobot_ws/install/turtlebot3_msgs/share/turtlebot3_msgs/msg/Sound.idl
[1.353s] -- Up-to-date symlink: /home/jay/capstonerobot_ws/install/turtlebot3_msgs/share/turtlebot3_msgs/msg/VersionInfo.idl
[1.354s] -- Up-to-date symlink: /home/jay/capstonerobot_ws/install/turtlebot3_msgs/share/turtlebot3_msgs/srv/Sound.idl
[1.354s] -- Up-to-date symlink: /home/jay/capstonerobot_ws/install/turtlebot3_msgs/share/turtlebot3_msgs/srv/Dqn.idl
[1.355s] -- Up-to-date symlink: /home/jay/capstonerobot_ws/install/turtlebot3_msgs/share/turtlebot3_msgs/action/Patrol.idl
[1.356s] -- Up-to-date symlink: /home/jay/capstonerobot_ws/install/turtlebot3_msgs/share/turtlebot3_msgs/msg/SensorState.msg
[1.356s] -- Up-to-date symlink: /home/jay/capstonerobot_ws/install/turtlebot3_msgs/share/turtlebot3_msgs/msg/Sound.msg
[1.357s] -- Up-to-date symlink: /home/jay/capstonerobot_ws/install/turtlebot3_msgs/share/turtlebot3_msgs/msg/VersionInfo.msg
[1.358s] -- Up-to-date symlink: /home/jay/capstonerobot_ws/install/turtlebot3_msgs/share/turtlebot3_msgs/srv/Sound.srv
[1.359s] -- Up-to-date symlink: /home/jay/capstonerobot_ws/install/turtlebot3_msgs/share/turtlebot3_msgs/srv/Sound_Request.msg
[1.359s] -- Up-to-date symlink: /home/jay/capstonerobot_ws/install/turtlebot3_msgs/share/turtlebot3_msgs/srv/Sound_Response.msg
[1.360s] -- Up-to-date symlink: /home/jay/capstonerobot_ws/install/turtlebot3_msgs/share/turtlebot3_msgs/srv/Dqn.srv
[1.360s] -- Up-to-date symlink: /home/jay/capstonerobot_ws/install/turtlebot3_msgs/share/turtlebot3_msgs/srv/Dqn_Request.msg
[1.361s] -- Up-to-date symlink: /home/jay/capstonerobot_ws/install/turtlebot3_msgs/share/turtlebot3_msgs/srv/Dqn_Response.msg
[1.361s] -- Up-to-date symlink: /home/jay/capstonerobot_ws/install/turtlebot3_msgs/share/turtlebot3_msgs/action/Patrol.action
[1.362s] -- Up-to-date symlink: /home/jay/capstonerobot_ws/install/turtlebot3_msgs/share/ament_index/resource_index/package_run_dependencies/turtlebot3_msgs
[1.362s] -- Up-to-date symlink: /home/jay/capstonerobot_ws/install/turtlebot3_msgs/share/ament_index/resource_index/parent_prefix_path/turtlebot3_msgs
[1.363s] -- Up-to-date symlink: /home/jay/capstonerobot_ws/install/turtlebot3_msgs/share/turtlebot3_msgs/environment/ament_prefix_path.sh
[1.364s] -- Up-to-date symlink: /home/jay/capstonerobot_ws/install/turtlebot3_msgs/share/turtlebot3_msgs/environment/ament_prefix_path.dsv
[1.364s] -- Up-to-date symlink: /home/jay/capstonerobot_ws/install/turtlebot3_msgs/share/turtlebot3_msgs/environment/path.sh
[1.365s] -- Up-to-date symlink: /home/jay/capstonerobot_ws/install/turtlebot3_msgs/share/turtlebot3_msgs/environment/path.dsv
[1.365s] -- Up-to-date symlink: /home/jay/capstonerobot_ws/install/turtlebot3_msgs/share/turtlebot3_msgs/local_setup.bash
[1.366s] -- Up-to-date symlink: /home/jay/capstonerobot_ws/install/turtlebot3_msgs/share/turtlebot3_msgs/local_setup.sh
[1.367s] -- Up-to-date symlink: /home/jay/capstonerobot_ws/install/turtlebot3_msgs/share/turtlebot3_msgs/local_setup.zsh
[1.367s] -- Up-to-date symlink: /home/jay/capstonerobot_ws/install/turtlebot3_msgs/share/turtlebot3_msgs/local_setup.dsv
[1.368s] -- Symlinking: /home/jay/capstonerobot_ws/install/turtlebot3_msgs/share/turtlebot3_msgs/package.dsv
[1.382s] -- Up-to-date symlink: /home/jay/capstonerobot_ws/install/turtlebot3_msgs/share/ament_index/resource_index/packages/turtlebot3_msgs
[1.382s] -- Up-to-date symlink: /home/jay/capstonerobot_ws/install/turtlebot3_msgs/share/turtlebot3_msgs/cmake/rosidl_cmake-extras.cmake
[1.382s] -- Up-to-date symlink: /home/jay/capstonerobot_ws/install/turtlebot3_msgs/share/turtlebot3_msgs/cmake/ament_cmake_export_dependencies-extras.cmake
[1.383s] -- Up-to-date symlink: /home/jay/capstonerobot_ws/install/turtlebot3_msgs/share/turtlebot3_msgs/cmake/ament_cmake_export_libraries-extras.cmake
[1.384s] -- Up-to-date symlink: /home/jay/capstonerobot_ws/install/turtlebot3_msgs/share/turtlebot3_msgs/cmake/ament_cmake_export_targets-extras.cmake
[1.384s] -- Up-to-date symlink: /home/jay/capstonerobot_ws/install/turtlebot3_msgs/share/turtlebot3_msgs/cmake/ament_cmake_export_include_directories-extras.cmake
[1.390s] -- Up-to-date symlink: /home/jay/capstonerobot_ws/install/turtlebot3_msgs/share/turtlebot3_msgs/cmake/rosidl_cmake_export_typesupport_libraries-extras.cmake
[1.390s] -- Up-to-date symlink: /home/jay/capstonerobot_ws/install/turtlebot3_msgs/share/turtlebot3_msgs/cmake/rosidl_cmake_export_typesupport_targets-extras.cmake
[1.391s] -- Up-to-date symlink: /home/jay/capstonerobot_ws/install/turtlebot3_msgs/share/turtlebot3_msgs/cmake/turtlebot3_msgsConfig.cmake
[1.391s] -- Up-to-date symlink: /home/jay/capstonerobot_ws/install/turtlebot3_msgs/share/turtlebot3_msgs/cmake/turtlebot3_msgsConfig-version.cmake
[1.391s] -- Up-to-date symlink: /home/jay/capstonerobot_ws/install/turtlebot3_msgs/share/turtlebot3_msgs/package.xml
[1.391s] -- Up-to-date: /home/jay/capstonerobot_ws/install/turtlebot3_msgs/lib/libturtlebot3_msgs__rosidl_generator_c.so
[1.393s] -- Up-to-date: /home/jay/capstonerobot_ws/install/turtlebot3_msgs/lib/libturtlebot3_msgs__rosidl_typesupport_introspection_c.so
[1.395s] -- Up-to-date: /home/jay/capstonerobot_ws/install/turtlebot3_msgs/lib/libturtlebot3_msgs__rosidl_typesupport_c.so
[1.397s] -- Up-to-date: /home/jay/capstonerobot_ws/install/turtlebot3_msgs/lib/libturtlebot3_msgs__rosidl_typesupport_introspection_cpp.so
[1.400s] -- Up-to-date: /home/jay/capstonerobot_ws/install/turtlebot3_msgs/lib/libturtlebot3_msgs__rosidl_typesupport_cpp.so
[1.452s] -- Up-to-date: /home/jay/capstonerobot_ws/install/turtlebot3_msgs/share/turtlebot3_msgs/cmake/turtlebot3_msgs__rosidl_generator_cExport.cmake
[1.452s] -- Up-to-date: /home/jay/capstonerobot_ws/install/turtlebot3_msgs/share/turtlebot3_msgs/cmake/turtlebot3_msgs__rosidl_generator_cExport-noconfig.cmake
[1.454s] -- Up-to-date: /home/jay/capstonerobot_ws/install/turtlebot3_msgs/share/turtlebot3_msgs/cmake/turtlebot3_msgs__rosidl_typesupport_introspection_cExport.cmake
[1.454s] -- Up-to-date: /home/jay/capstonerobot_ws/install/turtlebot3_msgs/share/turtlebot3_msgs/cmake/turtlebot3_msgs__rosidl_typesupport_introspection_cExport-noconfig.cmake
[1.456s] -- Up-to-date: /home/jay/capstonerobot_ws/install/turtlebot3_msgs/share/turtlebot3_msgs/cmake/turtlebot3_msgs__rosidl_typesupport_cExport.cmake
[1.456s] -- Up-to-date: /home/jay/capstonerobot_ws/install/turtlebot3_msgs/share/turtlebot3_msgs/cmake/turtlebot3_msgs__rosidl_typesupport_cExport-noconfig.cmake
[1.457s] -- Up-to-date: /home/jay/capstonerobot_ws/install/turtlebot3_msgs/share/turtlebot3_msgs/cmake/turtlebot3_msgs__rosidl_generator_cppExport.cmake
[1.459s] -- Up-to-date: /home/jay/capstonerobot_ws/install/turtlebot3_msgs/share/turtlebot3_msgs/cmake/turtlebot3_msgs__rosidl_typesupport_introspection_cppExport.cmake
[1.459s] -- Up-to-date: /home/jay/capstonerobot_ws/install/turtlebot3_msgs/share/turtlebot3_msgs/cmake/turtlebot3_msgs__rosidl_typesupport_introspection_cppExport-noconfig.cmake
[1.460s] -- Up-to-date: /home/jay/capstonerobot_ws/install/turtlebot3_msgs/share/turtlebot3_msgs/cmake/turtlebot3_msgs__rosidl_typesupport_cppExport.cmake
[1.461s] -- Up-to-date: /home/jay/capstonerobot_ws/install/turtlebot3_msgs/share/turtlebot3_msgs/cmake/turtlebot3_msgs__rosidl_typesupport_cppExport-noconfig.cmake
[1.467s] Invoked command in '/home/jay/capstonerobot_ws/build/turtlebot3_msgs' returned '0': CMAKE_PREFIX_PATH=${CMAKE_PREFIX_PATH}:/home/jay/capstonerobot_ws/install/turtlebot3_teleop:/home/jay/capstonerobot_ws/install/turtlebot3_example:/opt/ros/foxy /usr/bin/cmake --install /home/jay/capstonerobot_ws/build/turtlebot3_msgs
