[0.730s] DEBUG:colcon:Command line arguments: ['/usr/bin/colcon', 'build', '--packages-up-to', 'micro_ros_agent', '--cmake-args', '-DUAGENT_BUILD_EXECUTABLE=OFF', '-DUAGENT_P2P_PROFILE=OFF', '--no-warn-unused-cli']
[0.730s] DEBUG:colcon:Parsed command line arguments: Namespace(allow_overriding=[], ament_cmake_args=None, base_paths=['.'], build_base='build', catkin_cmake_args=None, catkin_skip_building_tests=False, cmake_args=['-DUAGENT_BUILD_EXECUTABLE=OFF', '-DUAGENT_P2P_PROFILE=OFF', '--no-warn-unused-cli'], cmake_clean_cache=False, cmake_clean_first=False, cmake_force_configure=False, cmake_target=None, cmake_target_skip_unavailable=False, continue_on_error=False, event_handlers=None, executor='parallel', ignore_user_meta=False, install_base='install', log_base=None, log_level=None, main=<bound method BuildVerb.main of <colcon_core.verb.build.BuildVerb object at 0xffffa8799d60>>, merge_install=False, metas=['./colcon.meta'], packages_above=None, packages_above_and_dependencies=None, packages_above_depth=None, packages_end=None, packages_ignore=None, packages_ignore_regex=None, packages_select=None, packages_select_build_failed=False, packages_select_by_dep=None, packages_select_regex=None, packages_select_test_failures=False, packages_skip=None, packages_skip_build_finished=False, packages_skip_by_dep=None, packages_skip_regex=None, packages_skip_test_passed=False, packages_skip_up_to=None, packages_start=None, packages_up_to=['micro_ros_agent'], packages_up_to_regex=None, parallel_workers=4, paths=None, symlink_install=False, test_result_base=None, verb_extension=<colcon_core.verb.build.BuildVerb object at 0xffffa8799d60>, verb_name='build', verb_parser=<colcon_defaults.argument_parser.defaults.DefaultArgumentsDecorator object at 0xffffa87a7310>)
[0.813s] Level 1:colcon.colcon_core.package_discovery:discover_packages(colcon_meta) check parameters
[0.814s] Level 1:colcon.colcon_core.package_discovery:discover_packages(recursive) check parameters
[0.814s] Level 1:colcon.colcon_core.package_discovery:discover_packages(ignore) check parameters
[0.814s] Level 1:colcon.colcon_core.package_discovery:discover_packages(path) check parameters
[0.814s] Level 1:colcon.colcon_core.package_discovery:discover_packages(colcon_meta) discover
[0.814s] Level 1:colcon.colcon_core.package_discovery:discover_packages(recursive) discover
[0.814s] INFO:colcon.colcon_core.package_discovery:Crawling recursively for packages in '/home/jay/capstonerobot_ws'
[0.814s] Level 1:colcon.colcon_core.package_identification:_identify(.) by extensions ['ignore', 'ignore_ament_install']
[0.814s] Level 1:colcon.colcon_core.package_identification:_identify(.) by extension 'ignore'
[0.814s] Level 1:colcon.colcon_core.package_identification:_identify(.) by extension 'ignore_ament_install'
[0.814s] Level 1:colcon.colcon_core.package_identification:_identify(.) by extensions ['colcon_pkg']
[0.814s] Level 1:colcon.colcon_core.package_identification:_identify(.) by extension 'colcon_pkg'
[0.814s] Level 1:colcon.colcon_core.package_identification:_identify(.) by extensions ['colcon_meta']
[0.814s] Level 1:colcon.colcon_core.package_identification:_identify(.) by extension 'colcon_meta'
[0.814s] Level 1:colcon.colcon_core.package_identification:_identify(.) by extensions ['ros']
[0.814s] Level 1:colcon.colcon_core.package_identification:_identify(.) by extension 'ros'
[0.859s] Level 1:colcon.colcon_core.package_identification:_identify(.) by extensions ['cmake', 'python']
[0.859s] Level 1:colcon.colcon_core.package_identification:_identify(.) by extension 'cmake'
[0.859s] Level 1:colcon.colcon_core.package_identification:_identify(.) by extension 'python'
[0.859s] Level 1:colcon.colcon_core.package_identification:_identify(.) by extensions ['python_setup_py']
[0.859s] Level 1:colcon.colcon_core.package_identification:_identify(.) by extension 'python_setup_py'
[0.859s] Level 1:colcon.colcon_core.package_identification:_identify(build) by extensions ['ignore', 'ignore_ament_install']
[0.860s] Level 1:colcon.colcon_core.package_identification:_identify(build) by extension 'ignore'
[0.860s] Level 1:colcon.colcon_core.package_identification:_identify(build) ignored
[0.860s] Level 1:colcon.colcon_core.package_identification:_identify(install) by extensions ['ignore', 'ignore_ament_install']
[0.861s] Level 1:colcon.colcon_core.package_identification:_identify(install) by extension 'ignore'
[0.861s] Level 1:colcon.colcon_core.package_identification:_identify(install) ignored
[0.862s] Level 1:colcon.colcon_core.package_identification:_identify(log) by extensions ['ignore', 'ignore_ament_install']
[0.862s] Level 1:colcon.colcon_core.package_identification:_identify(log) by extension 'ignore'
[0.862s] Level 1:colcon.colcon_core.package_identification:_identify(log) ignored
[0.863s] Level 1:colcon.colcon_core.package_identification:_identify(python_files) by extensions ['ignore', 'ignore_ament_install']
[0.863s] Level 1:colcon.colcon_core.package_identification:_identify(python_files) by extension 'ignore'
[0.863s] Level 1:colcon.colcon_core.package_identification:_identify(python_files) by extension 'ignore_ament_install'
[0.863s] Level 1:colcon.colcon_core.package_identification:_identify(python_files) by extensions ['colcon_pkg']
[0.863s] Level 1:colcon.colcon_core.package_identification:_identify(python_files) by extension 'colcon_pkg'
[0.863s] Level 1:colcon.colcon_core.package_identification:_identify(python_files) by extensions ['colcon_meta']
[0.863s] Level 1:colcon.colcon_core.package_identification:_identify(python_files) by extension 'colcon_meta'
[0.863s] Level 1:colcon.colcon_core.package_identification:_identify(python_files) by extensions ['ros']
[0.864s] Level 1:colcon.colcon_core.package_identification:_identify(python_files) by extension 'ros'
[0.864s] Level 1:colcon.colcon_core.package_identification:_identify(python_files) by extensions ['cmake', 'python']
[0.864s] Level 1:colcon.colcon_core.package_identification:_identify(python_files) by extension 'cmake'
[0.864s] Level 1:colcon.colcon_core.package_identification:_identify(python_files) by extension 'python'
[0.864s] Level 1:colcon.colcon_core.package_identification:_identify(python_files) by extensions ['python_setup_py']
[0.864s] Level 1:colcon.colcon_core.package_identification:_identify(python_files) by extension 'python_setup_py'
[0.864s] Level 1:colcon.colcon_core.package_identification:_identify(python_files/test_set) by extensions ['ignore', 'ignore_ament_install']
[0.864s] Level 1:colcon.colcon_core.package_identification:_identify(python_files/test_set) by extension 'ignore'
[0.864s] Level 1:colcon.colcon_core.package_identification:_identify(python_files/test_set) by extension 'ignore_ament_install'
[0.864s] Level 1:colcon.colcon_core.package_identification:_identify(python_files/test_set) by extensions ['colcon_pkg']
[0.864s] Level 1:colcon.colcon_core.package_identification:_identify(python_files/test_set) by extension 'colcon_pkg'
[0.864s] Level 1:colcon.colcon_core.package_identification:_identify(python_files/test_set) by extensions ['colcon_meta']
[0.864s] Level 1:colcon.colcon_core.package_identification:_identify(python_files/test_set) by extension 'colcon_meta'
[0.865s] Level 1:colcon.colcon_core.package_identification:_identify(python_files/test_set) by extensions ['ros']
[0.865s] Level 1:colcon.colcon_core.package_identification:_identify(python_files/test_set) by extension 'ros'
[0.865s] Level 1:colcon.colcon_core.package_identification:_identify(python_files/test_set) by extensions ['cmake', 'python']
[0.865s] Level 1:colcon.colcon_core.package_identification:_identify(python_files/test_set) by extension 'cmake'
[0.865s] Level 1:colcon.colcon_core.package_identification:_identify(python_files/test_set) by extension 'python'
[0.865s] Level 1:colcon.colcon_core.package_identification:_identify(python_files/test_set) by extensions ['python_setup_py']
[0.865s] Level 1:colcon.colcon_core.package_identification:_identify(python_files/test_set) by extension 'python_setup_py'
[0.865s] Level 1:colcon.colcon_core.package_identification:_identify(python_files/test_set/wrong) by extensions ['ignore', 'ignore_ament_install']
[0.865s] Level 1:colcon.colcon_core.package_identification:_identify(python_files/test_set/wrong) by extension 'ignore'
[0.865s] Level 1:colcon.colcon_core.package_identification:_identify(python_files/test_set/wrong) by extension 'ignore_ament_install'
[0.865s] Level 1:colcon.colcon_core.package_identification:_identify(python_files/test_set/wrong) by extensions ['colcon_pkg']
[0.865s] Level 1:colcon.colcon_core.package_identification:_identify(python_files/test_set/wrong) by extension 'colcon_pkg'
[0.865s] Level 1:colcon.colcon_core.package_identification:_identify(python_files/test_set/wrong) by extensions ['colcon_meta']
[0.865s] Level 1:colcon.colcon_core.package_identification:_identify(python_files/test_set/wrong) by extension 'colcon_meta'
[0.865s] Level 1:colcon.colcon_core.package_identification:_identify(python_files/test_set/wrong) by extensions ['ros']
[0.865s] Level 1:colcon.colcon_core.package_identification:_identify(python_files/test_set/wrong) by extension 'ros'
[0.865s] Level 1:colcon.colcon_core.package_identification:_identify(python_files/test_set/wrong) by extensions ['cmake', 'python']
[0.865s] Level 1:colcon.colcon_core.package_identification:_identify(python_files/test_set/wrong) by extension 'cmake'
[0.866s] Level 1:colcon.colcon_core.package_identification:_identify(python_files/test_set/wrong) by extension 'python'
[0.866s] Level 1:colcon.colcon_core.package_identification:_identify(python_files/test_set/wrong) by extensions ['python_setup_py']
[0.866s] Level 1:colcon.colcon_core.package_identification:_identify(python_files/test_set/wrong) by extension 'python_setup_py'
[0.866s] Level 1:colcon.colcon_core.package_identification:_identify(src) by extensions ['ignore', 'ignore_ament_install']
[0.866s] Level 1:colcon.colcon_core.package_identification:_identify(src) by extension 'ignore'
[0.866s] Level 1:colcon.colcon_core.package_identification:_identify(src) by extension 'ignore_ament_install'
[0.866s] Level 1:colcon.colcon_core.package_identification:_identify(src) by extensions ['colcon_pkg']
[0.866s] Level 1:colcon.colcon_core.package_identification:_identify(src) by extension 'colcon_pkg'
[0.866s] Level 1:colcon.colcon_core.package_identification:_identify(src) by extensions ['colcon_meta']
[0.866s] Level 1:colcon.colcon_core.package_identification:_identify(src) by extension 'colcon_meta'
[0.866s] Level 1:colcon.colcon_core.package_identification:_identify(src) by extensions ['ros']
[0.866s] Level 1:colcon.colcon_core.package_identification:_identify(src) by extension 'ros'
[0.866s] Level 1:colcon.colcon_core.package_identification:_identify(src) by extensions ['cmake', 'python']
[0.866s] Level 1:colcon.colcon_core.package_identification:_identify(src) by extension 'cmake'
[0.866s] Level 1:colcon.colcon_core.package_identification:_identify(src) by extension 'python'
[0.866s] Level 1:colcon.colcon_core.package_identification:_identify(src) by extensions ['python_setup_py']
[0.866s] Level 1:colcon.colcon_core.package_identification:_identify(src) by extension 'python_setup_py'
[0.866s] Level 1:colcon.colcon_core.package_identification:_identify(src/micro_ros_setup) by extensions ['ignore', 'ignore_ament_install']
[0.866s] Level 1:colcon.colcon_core.package_identification:_identify(src/micro_ros_setup) by extension 'ignore'
[0.866s] Level 1:colcon.colcon_core.package_identification:_identify(src/micro_ros_setup) by extension 'ignore_ament_install'
[0.867s] Level 1:colcon.colcon_core.package_identification:_identify(src/micro_ros_setup) by extensions ['colcon_pkg']
[0.867s] Level 1:colcon.colcon_core.package_identification:_identify(src/micro_ros_setup) by extension 'colcon_pkg'
[0.867s] Level 1:colcon.colcon_core.package_identification:_identify(src/micro_ros_setup) by extensions ['colcon_meta']
[0.867s] Level 1:colcon.colcon_core.package_identification:_identify(src/micro_ros_setup) by extension 'colcon_meta'
[0.867s] Level 1:colcon.colcon_core.package_identification:_identify(src/micro_ros_setup) by extensions ['ros']
[0.867s] Level 1:colcon.colcon_core.package_identification:_identify(src/micro_ros_setup) by extension 'ros'
[0.870s] DEBUG:colcon.colcon_core.package_identification:Package 'src/micro_ros_setup' with type 'ros.ament_cmake' and name 'micro_ros_setup'
[0.870s] Level 1:colcon.colcon_core.package_identification:_identify(src/turtlebot3) by extensions ['ignore', 'ignore_ament_install']
[0.871s] Level 1:colcon.colcon_core.package_identification:_identify(src/turtlebot3) by extension 'ignore'
[0.871s] Level 1:colcon.colcon_core.package_identification:_identify(src/turtlebot3) by extension 'ignore_ament_install'
[0.871s] Level 1:colcon.colcon_core.package_identification:_identify(src/turtlebot3) by extensions ['colcon_pkg']
[0.871s] Level 1:colcon.colcon_core.package_identification:_identify(src/turtlebot3) by extension 'colcon_pkg'
[0.871s] Level 1:colcon.colcon_core.package_identification:_identify(src/turtlebot3) by extensions ['colcon_meta']
[0.871s] Level 1:colcon.colcon_core.package_identification:_identify(src/turtlebot3) by extension 'colcon_meta'
[0.871s] Level 1:colcon.colcon_core.package_identification:_identify(src/turtlebot3) by extensions ['ros']
[0.871s] Level 1:colcon.colcon_core.package_identification:_identify(src/turtlebot3) by extension 'ros'
[0.871s] Level 1:colcon.colcon_core.package_identification:_identify(src/turtlebot3) by extensions ['cmake', 'python']
[0.871s] Level 1:colcon.colcon_core.package_identification:_identify(src/turtlebot3) by extension 'cmake'
[0.871s] Level 1:colcon.colcon_core.package_identification:_identify(src/turtlebot3) by extension 'python'
[0.871s] Level 1:colcon.colcon_core.package_identification:_identify(src/turtlebot3) by extensions ['python_setup_py']
[0.871s] Level 1:colcon.colcon_core.package_identification:_identify(src/turtlebot3) by extension 'python_setup_py'
[0.871s] Level 1:colcon.colcon_core.package_identification:_identify(src/turtlebot3/turtlebot3) by extensions ['ignore', 'ignore_ament_install']
[0.871s] Level 1:colcon.colcon_core.package_identification:_identify(src/turtlebot3/turtlebot3) by extension 'ignore'
[0.871s] Level 1:colcon.colcon_core.package_identification:_identify(src/turtlebot3/turtlebot3) by extension 'ignore_ament_install'
[0.871s] Level 1:colcon.colcon_core.package_identification:_identify(src/turtlebot3/turtlebot3) by extensions ['colcon_pkg']
[0.871s] Level 1:colcon.colcon_core.package_identification:_identify(src/turtlebot3/turtlebot3) by extension 'colcon_pkg'
[0.871s] Level 1:colcon.colcon_core.package_identification:_identify(src/turtlebot3/turtlebot3) by extensions ['colcon_meta']
[0.871s] Level 1:colcon.colcon_core.package_identification:_identify(src/turtlebot3/turtlebot3) by extension 'colcon_meta'
[0.872s] Level 1:colcon.colcon_core.package_identification:_identify(src/turtlebot3/turtlebot3) by extensions ['ros']
[0.872s] Level 1:colcon.colcon_core.package_identification:_identify(src/turtlebot3/turtlebot3) by extension 'ros'
[0.872s] DEBUG:colcon.colcon_core.package_identification:Package 'src/turtlebot3/turtlebot3' with type 'ros.ament_cmake' and name 'turtlebot3'
[0.873s] Level 1:colcon.colcon_core.package_identification:_identify(src/turtlebot3/turtlebot3_bringup) by extensions ['ignore', 'ignore_ament_install']
[0.873s] Level 1:colcon.colcon_core.package_identification:_identify(src/turtlebot3/turtlebot3_bringup) by extension 'ignore'
[0.873s] Level 1:colcon.colcon_core.package_identification:_identify(src/turtlebot3/turtlebot3_bringup) by extension 'ignore_ament_install'
[0.873s] Level 1:colcon.colcon_core.package_identification:_identify(src/turtlebot3/turtlebot3_bringup) by extensions ['colcon_pkg']
[0.873s] Level 1:colcon.colcon_core.package_identification:_identify(src/turtlebot3/turtlebot3_bringup) by extension 'colcon_pkg'
[0.873s] Level 1:colcon.colcon_core.package_identification:_identify(src/turtlebot3/turtlebot3_bringup) by extensions ['colcon_meta']
[0.873s] Level 1:colcon.colcon_core.package_identification:_identify(src/turtlebot3/turtlebot3_bringup) by extension 'colcon_meta'
[0.873s] Level 1:colcon.colcon_core.package_identification:_identify(src/turtlebot3/turtlebot3_bringup) by extensions ['ros']
[0.873s] Level 1:colcon.colcon_core.package_identification:_identify(src/turtlebot3/turtlebot3_bringup) by extension 'ros'
[0.874s] DEBUG:colcon.colcon_core.package_identification:Package 'src/turtlebot3/turtlebot3_bringup' with type 'ros.ament_cmake' and name 'turtlebot3_bringup'
[0.874s] Level 1:colcon.colcon_core.package_identification:_identify(src/turtlebot3/turtlebot3_cartographer) by extensions ['ignore', 'ignore_ament_install']
[0.875s] Level 1:colcon.colcon_core.package_identification:_identify(src/turtlebot3/turtlebot3_cartographer) by extension 'ignore'
[0.875s] Level 1:colcon.colcon_core.package_identification:_identify(src/turtlebot3/turtlebot3_cartographer) by extension 'ignore_ament_install'
[0.875s] Level 1:colcon.colcon_core.package_identification:_identify(src/turtlebot3/turtlebot3_cartographer) by extensions ['colcon_pkg']
[0.875s] Level 1:colcon.colcon_core.package_identification:_identify(src/turtlebot3/turtlebot3_cartographer) by extension 'colcon_pkg'
[0.875s] Level 1:colcon.colcon_core.package_identification:_identify(src/turtlebot3/turtlebot3_cartographer) by extensions ['colcon_meta']
[0.875s] Level 1:colcon.colcon_core.package_identification:_identify(src/turtlebot3/turtlebot3_cartographer) by extension 'colcon_meta'
[0.875s] Level 1:colcon.colcon_core.package_identification:_identify(src/turtlebot3/turtlebot3_cartographer) by extensions ['ros']
[0.875s] Level 1:colcon.colcon_core.package_identification:_identify(src/turtlebot3/turtlebot3_cartographer) by extension 'ros'
[0.876s] DEBUG:colcon.colcon_core.package_identification:Package 'src/turtlebot3/turtlebot3_cartographer' with type 'ros.ament_cmake' and name 'turtlebot3_cartographer'
[0.876s] Level 1:colcon.colcon_core.package_identification:_identify(src/turtlebot3/turtlebot3_description) by extensions ['ignore', 'ignore_ament_install']
[0.876s] Level 1:colcon.colcon_core.package_identification:_identify(src/turtlebot3/turtlebot3_description) by extension 'ignore'
[0.876s] Level 1:colcon.colcon_core.package_identification:_identify(src/turtlebot3/turtlebot3_description) by extension 'ignore_ament_install'
[0.876s] Level 1:colcon.colcon_core.package_identification:_identify(src/turtlebot3/turtlebot3_description) by extensions ['colcon_pkg']
[0.876s] Level 1:colcon.colcon_core.package_identification:_identify(src/turtlebot3/turtlebot3_description) by extension 'colcon_pkg'
[0.876s] Level 1:colcon.colcon_core.package_identification:_identify(src/turtlebot3/turtlebot3_description) by extensions ['colcon_meta']
[0.876s] Level 1:colcon.colcon_core.package_identification:_identify(src/turtlebot3/turtlebot3_description) by extension 'colcon_meta'
[0.876s] Level 1:colcon.colcon_core.package_identification:_identify(src/turtlebot3/turtlebot3_description) by extensions ['ros']
[0.876s] Level 1:colcon.colcon_core.package_identification:_identify(src/turtlebot3/turtlebot3_description) by extension 'ros'
[0.877s] DEBUG:colcon.colcon_core.package_identification:Package 'src/turtlebot3/turtlebot3_description' with type 'ros.ament_cmake' and name 'turtlebot3_description'
[0.877s] Level 1:colcon.colcon_core.package_identification:_identify(src/turtlebot3/turtlebot3_example) by extensions ['ignore', 'ignore_ament_install']
[0.877s] Level 1:colcon.colcon_core.package_identification:_identify(src/turtlebot3/turtlebot3_example) by extension 'ignore'
[0.877s] Level 1:colcon.colcon_core.package_identification:_identify(src/turtlebot3/turtlebot3_example) by extension 'ignore_ament_install'
[0.877s] Level 1:colcon.colcon_core.package_identification:_identify(src/turtlebot3/turtlebot3_example) by extensions ['colcon_pkg']
[0.877s] Level 1:colcon.colcon_core.package_identification:_identify(src/turtlebot3/turtlebot3_example) by extension 'colcon_pkg'
[0.877s] Level 1:colcon.colcon_core.package_identification:_identify(src/turtlebot3/turtlebot3_example) by extensions ['colcon_meta']
[0.877s] Level 1:colcon.colcon_core.package_identification:_identify(src/turtlebot3/turtlebot3_example) by extension 'colcon_meta'
[0.877s] Level 1:colcon.colcon_core.package_identification:_identify(src/turtlebot3/turtlebot3_example) by extensions ['ros']
[0.877s] Level 1:colcon.colcon_core.package_identification:_identify(src/turtlebot3/turtlebot3_example) by extension 'ros'
[0.890s] DEBUG:colcon.colcon_core.package_identification:Package 'src/turtlebot3/turtlebot3_example' with type 'ros.ament_python' and name 'turtlebot3_example'
[0.890s] Level 1:colcon.colcon_core.package_identification:_identify(src/turtlebot3/turtlebot3_navigation2) by extensions ['ignore', 'ignore_ament_install']
[0.890s] Level 1:colcon.colcon_core.package_identification:_identify(src/turtlebot3/turtlebot3_navigation2) by extension 'ignore'
[0.891s] Level 1:colcon.colcon_core.package_identification:_identify(src/turtlebot3/turtlebot3_navigation2) by extension 'ignore_ament_install'
[0.891s] Level 1:colcon.colcon_core.package_identification:_identify(src/turtlebot3/turtlebot3_navigation2) by extensions ['colcon_pkg']
[0.891s] Level 1:colcon.colcon_core.package_identification:_identify(src/turtlebot3/turtlebot3_navigation2) by extension 'colcon_pkg'
[0.891s] Level 1:colcon.colcon_core.package_identification:_identify(src/turtlebot3/turtlebot3_navigation2) by extensions ['colcon_meta']
[0.891s] Level 1:colcon.colcon_core.package_identification:_identify(src/turtlebot3/turtlebot3_navigation2) by extension 'colcon_meta'
[0.891s] Level 1:colcon.colcon_core.package_identification:_identify(src/turtlebot3/turtlebot3_navigation2) by extensions ['ros']
[0.891s] Level 1:colcon.colcon_core.package_identification:_identify(src/turtlebot3/turtlebot3_navigation2) by extension 'ros'
[0.891s] DEBUG:colcon.colcon_core.package_identification:Package 'src/turtlebot3/turtlebot3_navigation2' with type 'ros.ament_cmake' and name 'turtlebot3_navigation2'
[0.892s] Level 1:colcon.colcon_core.package_identification:_identify(src/turtlebot3/turtlebot3_node) by extensions ['ignore', 'ignore_ament_install']
[0.892s] Level 1:colcon.colcon_core.package_identification:_identify(src/turtlebot3/turtlebot3_node) by extension 'ignore'
[0.892s] Level 1:colcon.colcon_core.package_identification:_identify(src/turtlebot3/turtlebot3_node) by extension 'ignore_ament_install'
[0.892s] Level 1:colcon.colcon_core.package_identification:_identify(src/turtlebot3/turtlebot3_node) by extensions ['colcon_pkg']
[0.892s] Level 1:colcon.colcon_core.package_identification:_identify(src/turtlebot3/turtlebot3_node) by extension 'colcon_pkg'
[0.892s] Level 1:colcon.colcon_core.package_identification:_identify(src/turtlebot3/turtlebot3_node) by extensions ['colcon_meta']
[0.892s] Level 1:colcon.colcon_core.package_identification:_identify(src/turtlebot3/turtlebot3_node) by extension 'colcon_meta'
[0.892s] Level 1:colcon.colcon_core.package_identification:_identify(src/turtlebot3/turtlebot3_node) by extensions ['ros']
[0.892s] Level 1:colcon.colcon_core.package_identification:_identify(src/turtlebot3/turtlebot3_node) by extension 'ros'
[0.898s] DEBUG:colcon.colcon_core.package_identification:Package 'src/turtlebot3/turtlebot3_node' with type 'ros.ament_cmake' and name 'turtlebot3_node'
[0.898s] Level 1:colcon.colcon_core.package_identification:_identify(src/turtlebot3/turtlebot3_teleop) by extensions ['ignore', 'ignore_ament_install']
[0.899s] Level 1:colcon.colcon_core.package_identification:_identify(src/turtlebot3/turtlebot3_teleop) by extension 'ignore'
[0.899s] Level 1:colcon.colcon_core.package_identification:_identify(src/turtlebot3/turtlebot3_teleop) by extension 'ignore_ament_install'
[0.899s] Level 1:colcon.colcon_core.package_identification:_identify(src/turtlebot3/turtlebot3_teleop) by extensions ['colcon_pkg']
[0.899s] Level 1:colcon.colcon_core.package_identification:_identify(src/turtlebot3/turtlebot3_teleop) by extension 'colcon_pkg'
[0.899s] Level 1:colcon.colcon_core.package_identification:_identify(src/turtlebot3/turtlebot3_teleop) by extensions ['colcon_meta']
[0.899s] Level 1:colcon.colcon_core.package_identification:_identify(src/turtlebot3/turtlebot3_teleop) by extension 'colcon_meta'
[0.899s] Level 1:colcon.colcon_core.package_identification:_identify(src/turtlebot3/turtlebot3_teleop) by extensions ['ros']
[0.899s] Level 1:colcon.colcon_core.package_identification:_identify(src/turtlebot3/turtlebot3_teleop) by extension 'ros'
[0.900s] DEBUG:colcon.colcon_core.package_identification:Package 'src/turtlebot3/turtlebot3_teleop' with type 'ros.ament_python' and name 'turtlebot3_teleop'
[0.900s] Level 1:colcon.colcon_core.package_identification:_identify(src/turtlebot3_msgs) by extensions ['ignore', 'ignore_ament_install']
[0.900s] Level 1:colcon.colcon_core.package_identification:_identify(src/turtlebot3_msgs) by extension 'ignore'
[0.900s] Level 1:colcon.colcon_core.package_identification:_identify(src/turtlebot3_msgs) by extension 'ignore_ament_install'
[0.900s] Level 1:colcon.colcon_core.package_identification:_identify(src/turtlebot3_msgs) by extensions ['colcon_pkg']
[0.900s] Level 1:colcon.colcon_core.package_identification:_identify(src/turtlebot3_msgs) by extension 'colcon_pkg'
[0.900s] Level 1:colcon.colcon_core.package_identification:_identify(src/turtlebot3_msgs) by extensions ['colcon_meta']
[0.900s] Level 1:colcon.colcon_core.package_identification:_identify(src/turtlebot3_msgs) by extension 'colcon_meta'
[0.900s] Level 1:colcon.colcon_core.package_identification:_identify(src/turtlebot3_msgs) by extensions ['ros']
[0.900s] Level 1:colcon.colcon_core.package_identification:_identify(src/turtlebot3_msgs) by extension 'ros'
[0.901s] DEBUG:colcon.colcon_core.package_identification:Package 'src/turtlebot3_msgs' with type 'ros.ament_cmake' and name 'turtlebot3_msgs'
[0.902s] Level 1:colcon.colcon_core.package_identification:_identify(src/turtlebot3_simulations) by extensions ['ignore', 'ignore_ament_install']
[0.902s] Level 1:colcon.colcon_core.package_identification:_identify(src/turtlebot3_simulations) by extension 'ignore'
[0.902s] Level 1:colcon.colcon_core.package_identification:_identify(src/turtlebot3_simulations) by extension 'ignore_ament_install'
[0.902s] Level 1:colcon.colcon_core.package_identification:_identify(src/turtlebot3_simulations) by extensions ['colcon_pkg']
[0.902s] Level 1:colcon.colcon_core.package_identification:_identify(src/turtlebot3_simulations) by extension 'colcon_pkg'
[0.902s] Level 1:colcon.colcon_core.package_identification:_identify(src/turtlebot3_simulations) by extensions ['colcon_meta']
[0.902s] Level 1:colcon.colcon_core.package_identification:_identify(src/turtlebot3_simulations) by extension 'colcon_meta'
[0.902s] Level 1:colcon.colcon_core.package_identification:_identify(src/turtlebot3_simulations) by extensions ['ros']
[0.902s] Level 1:colcon.colcon_core.package_identification:_identify(src/turtlebot3_simulations) by extension 'ros'
[0.902s] Level 1:colcon.colcon_core.package_identification:_identify(src/turtlebot3_simulations) by extensions ['cmake', 'python']
[0.902s] Level 1:colcon.colcon_core.package_identification:_identify(src/turtlebot3_simulations) by extension 'cmake'
[0.902s] Level 1:colcon.colcon_core.package_identification:_identify(src/turtlebot3_simulations) by extension 'python'
[0.902s] Level 1:colcon.colcon_core.package_identification:_identify(src/turtlebot3_simulations) by extensions ['python_setup_py']
[0.902s] Level 1:colcon.colcon_core.package_identification:_identify(src/turtlebot3_simulations) by extension 'python_setup_py'
[0.902s] Level 1:colcon.colcon_core.package_identification:_identify(src/turtlebot3_simulations/turtlebot3_fake_node) by extensions ['ignore', 'ignore_ament_install']
[0.902s] Level 1:colcon.colcon_core.package_identification:_identify(src/turtlebot3_simulations/turtlebot3_fake_node) by extension 'ignore'
[0.905s] Level 1:colcon.colcon_core.package_identification:_identify(src/turtlebot3_simulations/turtlebot3_fake_node) by extension 'ignore_ament_install'
[0.905s] Level 1:colcon.colcon_core.package_identification:_identify(src/turtlebot3_simulations/turtlebot3_fake_node) by extensions ['colcon_pkg']
[0.905s] Level 1:colcon.colcon_core.package_identification:_identify(src/turtlebot3_simulations/turtlebot3_fake_node) by extension 'colcon_pkg'
[0.905s] Level 1:colcon.colcon_core.package_identification:_identify(src/turtlebot3_simulations/turtlebot3_fake_node) by extensions ['colcon_meta']
[0.905s] Level 1:colcon.colcon_core.package_identification:_identify(src/turtlebot3_simulations/turtlebot3_fake_node) by extension 'colcon_meta'
[0.905s] Level 1:colcon.colcon_core.package_identification:_identify(src/turtlebot3_simulations/turtlebot3_fake_node) by extensions ['ros']
[0.905s] Level 1:colcon.colcon_core.package_identification:_identify(src/turtlebot3_simulations/turtlebot3_fake_node) by extension 'ros'
[0.907s] DEBUG:colcon.colcon_core.package_identification:Package 'src/turtlebot3_simulations/turtlebot3_fake_node' with type 'ros.ament_cmake' and name 'turtlebot3_fake_node'
[0.907s] Level 1:colcon.colcon_core.package_identification:_identify(src/turtlebot3_simulations/turtlebot3_gazebo) by extensions ['ignore', 'ignore_ament_install']
[0.907s] Level 1:colcon.colcon_core.package_identification:_identify(src/turtlebot3_simulations/turtlebot3_gazebo) by extension 'ignore'
[0.907s] Level 1:colcon.colcon_core.package_identification:_identify(src/turtlebot3_simulations/turtlebot3_gazebo) by extension 'ignore_ament_install'
[0.907s] Level 1:colcon.colcon_core.package_identification:_identify(src/turtlebot3_simulations/turtlebot3_gazebo) by extensions ['colcon_pkg']
[0.907s] Level 1:colcon.colcon_core.package_identification:_identify(src/turtlebot3_simulations/turtlebot3_gazebo) by extension 'colcon_pkg'
[0.907s] Level 1:colcon.colcon_core.package_identification:_identify(src/turtlebot3_simulations/turtlebot3_gazebo) by extensions ['colcon_meta']
[0.907s] Level 1:colcon.colcon_core.package_identification:_identify(src/turtlebot3_simulations/turtlebot3_gazebo) by extension 'colcon_meta'
[0.907s] Level 1:colcon.colcon_core.package_identification:_identify(src/turtlebot3_simulations/turtlebot3_gazebo) by extensions ['ros']
[0.907s] Level 1:colcon.colcon_core.package_identification:_identify(src/turtlebot3_simulations/turtlebot3_gazebo) by extension 'ros'
[0.909s] DEBUG:colcon.colcon_core.package_identification:Package 'src/turtlebot3_simulations/turtlebot3_gazebo' with type 'ros.ament_cmake' and name 'turtlebot3_gazebo'
[0.909s] Level 1:colcon.colcon_core.package_identification:_identify(src/turtlebot3_simulations/turtlebot3_simulations) by extensions ['ignore', 'ignore_ament_install']
[0.909s] Level 1:colcon.colcon_core.package_identification:_identify(src/turtlebot3_simulations/turtlebot3_simulations) by extension 'ignore'
[0.909s] Level 1:colcon.colcon_core.package_identification:_identify(src/turtlebot3_simulations/turtlebot3_simulations) by extension 'ignore_ament_install'
[0.909s] Level 1:colcon.colcon_core.package_identification:_identify(src/turtlebot3_simulations/turtlebot3_simulations) by extensions ['colcon_pkg']
[0.909s] Level 1:colcon.colcon_core.package_identification:_identify(src/turtlebot3_simulations/turtlebot3_simulations) by extension 'colcon_pkg'
[0.909s] Level 1:colcon.colcon_core.package_identification:_identify(src/turtlebot3_simulations/turtlebot3_simulations) by extensions ['colcon_meta']
[0.909s] Level 1:colcon.colcon_core.package_identification:_identify(src/turtlebot3_simulations/turtlebot3_simulations) by extension 'colcon_meta'
[0.909s] Level 1:colcon.colcon_core.package_identification:_identify(src/turtlebot3_simulations/turtlebot3_simulations) by extensions ['ros']
[0.909s] Level 1:colcon.colcon_core.package_identification:_identify(src/turtlebot3_simulations/turtlebot3_simulations) by extension 'ros'
[0.910s] DEBUG:colcon.colcon_core.package_identification:Package 'src/turtlebot3_simulations/turtlebot3_simulations' with type 'ros.ament_cmake' and name 'turtlebot3_simulations'
[0.910s] Level 1:colcon.colcon_core.package_identification:_identify(src/uros) by extensions ['ignore', 'ignore_ament_install']
[0.910s] Level 1:colcon.colcon_core.package_identification:_identify(src/uros) by extension 'ignore'
[0.910s] Level 1:colcon.colcon_core.package_identification:_identify(src/uros) by extension 'ignore_ament_install'
[0.911s] Level 1:colcon.colcon_core.package_identification:_identify(src/uros) by extensions ['colcon_pkg']
[0.911s] Level 1:colcon.colcon_core.package_identification:_identify(src/uros) by extension 'colcon_pkg'
[0.911s] Level 1:colcon.colcon_core.package_identification:_identify(src/uros) by extensions ['colcon_meta']
[0.911s] Level 1:colcon.colcon_core.package_identification:_identify(src/uros) by extension 'colcon_meta'
[0.911s] Level 1:colcon.colcon_core.package_identification:_identify(src/uros) by extensions ['ros']
[0.911s] Level 1:colcon.colcon_core.package_identification:_identify(src/uros) by extension 'ros'
[0.911s] Level 1:colcon.colcon_core.package_identification:_identify(src/uros) by extensions ['cmake', 'python']
[0.911s] Level 1:colcon.colcon_core.package_identification:_identify(src/uros) by extension 'cmake'
[0.911s] Level 1:colcon.colcon_core.package_identification:_identify(src/uros) by extension 'python'
[0.911s] Level 1:colcon.colcon_core.package_identification:_identify(src/uros) by extensions ['python_setup_py']
[0.911s] Level 1:colcon.colcon_core.package_identification:_identify(src/uros) by extension 'python_setup_py'
[0.911s] Level 1:colcon.colcon_core.package_identification:_identify(src/uros/drive_base) by extensions ['ignore', 'ignore_ament_install']
[0.911s] Level 1:colcon.colcon_core.package_identification:_identify(src/uros/drive_base) by extension 'ignore'
[0.911s] Level 1:colcon.colcon_core.package_identification:_identify(src/uros/drive_base) by extension 'ignore_ament_install'
[0.911s] Level 1:colcon.colcon_core.package_identification:_identify(src/uros/drive_base) by extensions ['colcon_pkg']
[0.911s] Level 1:colcon.colcon_core.package_identification:_identify(src/uros/drive_base) by extension 'colcon_pkg'
[0.911s] Level 1:colcon.colcon_core.package_identification:_identify(src/uros/drive_base) by extensions ['colcon_meta']
[0.911s] Level 1:colcon.colcon_core.package_identification:_identify(src/uros/drive_base) by extension 'colcon_meta'
[0.911s] Level 1:colcon.colcon_core.package_identification:_identify(src/uros/drive_base) by extensions ['ros']
[0.911s] Level 1:colcon.colcon_core.package_identification:_identify(src/uros/drive_base) by extension 'ros'
[0.912s] Level 1:colcon.colcon_core.package_identification:_identify(src/uros/drive_base) by extensions ['cmake', 'python']
[0.912s] Level 1:colcon.colcon_core.package_identification:_identify(src/uros/drive_base) by extension 'cmake'
[0.912s] Level 1:colcon.colcon_core.package_identification:_identify(src/uros/drive_base) by extension 'python'
[0.912s] Level 1:colcon.colcon_core.package_identification:_identify(src/uros/drive_base) by extensions ['python_setup_py']
[0.912s] Level 1:colcon.colcon_core.package_identification:_identify(src/uros/drive_base) by extension 'python_setup_py'
[0.912s] Level 1:colcon.colcon_core.package_identification:_identify(src/uros/drive_base/drive_base_msgs) by extensions ['ignore', 'ignore_ament_install']
[0.912s] Level 1:colcon.colcon_core.package_identification:_identify(src/uros/drive_base/drive_base_msgs) by extension 'ignore'
[0.912s] Level 1:colcon.colcon_core.package_identification:_identify(src/uros/drive_base/drive_base_msgs) by extension 'ignore_ament_install'
[0.912s] Level 1:colcon.colcon_core.package_identification:_identify(src/uros/drive_base/drive_base_msgs) by extensions ['colcon_pkg']
[0.912s] Level 1:colcon.colcon_core.package_identification:_identify(src/uros/drive_base/drive_base_msgs) by extension 'colcon_pkg'
[0.912s] Level 1:colcon.colcon_core.package_identification:_identify(src/uros/drive_base/drive_base_msgs) by extensions ['colcon_meta']
[0.912s] Level 1:colcon.colcon_core.package_identification:_identify(src/uros/drive_base/drive_base_msgs) by extension 'colcon_meta'
[0.912s] Level 1:colcon.colcon_core.package_identification:_identify(src/uros/drive_base/drive_base_msgs) by extensions ['ros']
[0.912s] Level 1:colcon.colcon_core.package_identification:_identify(src/uros/drive_base/drive_base_msgs) by extension 'ros'
[0.921s] DEBUG:colcon.colcon_core.package_identification:Package 'src/uros/drive_base/drive_base_msgs' with type 'ros.ament_cmake' and name 'drive_base_msgs'
[0.921s] Level 1:colcon.colcon_core.package_identification:_identify(src/uros/micro-ROS-Agent) by extensions ['ignore', 'ignore_ament_install']
[0.922s] Level 1:colcon.colcon_core.package_identification:_identify(src/uros/micro-ROS-Agent) by extension 'ignore'
[0.922s] Level 1:colcon.colcon_core.package_identification:_identify(src/uros/micro-ROS-Agent) by extension 'ignore_ament_install'
[0.922s] Level 1:colcon.colcon_core.package_identification:_identify(src/uros/micro-ROS-Agent) by extensions ['colcon_pkg']
[0.922s] Level 1:colcon.colcon_core.package_identification:_identify(src/uros/micro-ROS-Agent) by extension 'colcon_pkg'
[0.922s] Level 1:colcon.colcon_core.package_identification:_identify(src/uros/micro-ROS-Agent) by extensions ['colcon_meta']
[0.922s] Level 1:colcon.colcon_core.package_identification:_identify(src/uros/micro-ROS-Agent) by extension 'colcon_meta'
[0.922s] Level 1:colcon.colcon_core.package_identification:_identify(src/uros/micro-ROS-Agent) by extensions ['ros']
[0.922s] Level 1:colcon.colcon_core.package_identification:_identify(src/uros/micro-ROS-Agent) by extension 'ros'
[0.922s] Level 1:colcon.colcon_core.package_identification:_identify(src/uros/micro-ROS-Agent) by extensions ['cmake', 'python']
[0.922s] Level 1:colcon.colcon_core.package_identification:_identify(src/uros/micro-ROS-Agent) by extension 'cmake'
[0.922s] Level 1:colcon.colcon_core.package_identification:_identify(src/uros/micro-ROS-Agent) by extension 'python'
[0.922s] Level 1:colcon.colcon_core.package_identification:_identify(src/uros/micro-ROS-Agent) by extensions ['python_setup_py']
[0.922s] Level 1:colcon.colcon_core.package_identification:_identify(src/uros/micro-ROS-Agent) by extension 'python_setup_py'
[0.922s] Level 1:colcon.colcon_core.package_identification:_identify(src/uros/micro-ROS-Agent/micro_ros_agent) by extensions ['ignore', 'ignore_ament_install']
[0.922s] Level 1:colcon.colcon_core.package_identification:_identify(src/uros/micro-ROS-Agent/micro_ros_agent) by extension 'ignore'
[0.922s] Level 1:colcon.colcon_core.package_identification:_identify(src/uros/micro-ROS-Agent/micro_ros_agent) by extension 'ignore_ament_install'
[0.922s] Level 1:colcon.colcon_core.package_identification:_identify(src/uros/micro-ROS-Agent/micro_ros_agent) by extensions ['colcon_pkg']
[0.922s] Level 1:colcon.colcon_core.package_identification:_identify(src/uros/micro-ROS-Agent/micro_ros_agent) by extension 'colcon_pkg'
[0.922s] Level 1:colcon.colcon_core.package_identification:_identify(src/uros/micro-ROS-Agent/micro_ros_agent) by extensions ['colcon_meta']
[0.922s] Level 1:colcon.colcon_core.package_identification:_identify(src/uros/micro-ROS-Agent/micro_ros_agent) by extension 'colcon_meta'
[0.922s] Level 1:colcon.colcon_core.package_identification:_identify(src/uros/micro-ROS-Agent/micro_ros_agent) by extensions ['ros']
[0.922s] Level 1:colcon.colcon_core.package_identification:_identify(src/uros/micro-ROS-Agent/micro_ros_agent) by extension 'ros'
[0.924s] DEBUG:colcon.colcon_core.package_identification:Package 'src/uros/micro-ROS-Agent/micro_ros_agent' with type 'ros.ament_cmake' and name 'micro_ros_agent'
[0.924s] Level 1:colcon.colcon_core.package_identification:_identify(src/uros/micro-ROS-Agent/snap) by extensions ['ignore', 'ignore_ament_install']
[0.924s] Level 1:colcon.colcon_core.package_identification:_identify(src/uros/micro-ROS-Agent/snap) by extension 'ignore'
[0.924s] Level 1:colcon.colcon_core.package_identification:_identify(src/uros/micro-ROS-Agent/snap) by extension 'ignore_ament_install'
[0.925s] Level 1:colcon.colcon_core.package_identification:_identify(src/uros/micro-ROS-Agent/snap) by extensions ['colcon_pkg']
[0.925s] Level 1:colcon.colcon_core.package_identification:_identify(src/uros/micro-ROS-Agent/snap) by extension 'colcon_pkg'
[0.925s] Level 1:colcon.colcon_core.package_identification:_identify(src/uros/micro-ROS-Agent/snap) by extensions ['colcon_meta']
[0.925s] Level 1:colcon.colcon_core.package_identification:_identify(src/uros/micro-ROS-Agent/snap) by extension 'colcon_meta'
[0.925s] Level 1:colcon.colcon_core.package_identification:_identify(src/uros/micro-ROS-Agent/snap) by extensions ['ros']
[0.925s] Level 1:colcon.colcon_core.package_identification:_identify(src/uros/micro-ROS-Agent/snap) by extension 'ros'
[0.925s] Level 1:colcon.colcon_core.package_identification:_identify(src/uros/micro-ROS-Agent/snap) by extensions ['cmake', 'python']
[0.925s] Level 1:colcon.colcon_core.package_identification:_identify(src/uros/micro-ROS-Agent/snap) by extension 'cmake'
[0.925s] Level 1:colcon.colcon_core.package_identification:_identify(src/uros/micro-ROS-Agent/snap) by extension 'python'
[0.925s] Level 1:colcon.colcon_core.package_identification:_identify(src/uros/micro-ROS-Agent/snap) by extensions ['python_setup_py']
[0.925s] Level 1:colcon.colcon_core.package_identification:_identify(src/uros/micro-ROS-Agent/snap) by extension 'python_setup_py'
[0.925s] Level 1:colcon.colcon_core.package_identification:_identify(src/uros/micro-ROS-Agent/snap/hooks) by extensions ['ignore', 'ignore_ament_install']
[0.925s] Level 1:colcon.colcon_core.package_identification:_identify(src/uros/micro-ROS-Agent/snap/hooks) by extension 'ignore'
[0.925s] Level 1:colcon.colcon_core.package_identification:_identify(src/uros/micro-ROS-Agent/snap/hooks) by extension 'ignore_ament_install'
[0.925s] Level 1:colcon.colcon_core.package_identification:_identify(src/uros/micro-ROS-Agent/snap/hooks) by extensions ['colcon_pkg']
[0.925s] Level 1:colcon.colcon_core.package_identification:_identify(src/uros/micro-ROS-Agent/snap/hooks) by extension 'colcon_pkg'
[0.925s] Level 1:colcon.colcon_core.package_identification:_identify(src/uros/micro-ROS-Agent/snap/hooks) by extensions ['colcon_meta']
[0.925s] Level 1:colcon.colcon_core.package_identification:_identify(src/uros/micro-ROS-Agent/snap/hooks) by extension 'colcon_meta'
[0.926s] Level 1:colcon.colcon_core.package_identification:_identify(src/uros/micro-ROS-Agent/snap/hooks) by extensions ['ros']
[0.926s] Level 1:colcon.colcon_core.package_identification:_identify(src/uros/micro-ROS-Agent/snap/hooks) by extension 'ros'
[0.926s] Level 1:colcon.colcon_core.package_identification:_identify(src/uros/micro-ROS-Agent/snap/hooks) by extensions ['cmake', 'python']
[0.926s] Level 1:colcon.colcon_core.package_identification:_identify(src/uros/micro-ROS-Agent/snap/hooks) by extension 'cmake'
[0.926s] Level 1:colcon.colcon_core.package_identification:_identify(src/uros/micro-ROS-Agent/snap/hooks) by extension 'python'
[0.926s] Level 1:colcon.colcon_core.package_identification:_identify(src/uros/micro-ROS-Agent/snap/hooks) by extensions ['python_setup_py']
[0.926s] Level 1:colcon.colcon_core.package_identification:_identify(src/uros/micro-ROS-Agent/snap/hooks) by extension 'python_setup_py'
[0.926s] Level 1:colcon.colcon_core.package_identification:_identify(src/uros/micro-ROS-Agent/snap/local) by extensions ['ignore', 'ignore_ament_install']
[0.926s] Level 1:colcon.colcon_core.package_identification:_identify(src/uros/micro-ROS-Agent/snap/local) by extension 'ignore'
[0.926s] Level 1:colcon.colcon_core.package_identification:_identify(src/uros/micro-ROS-Agent/snap/local) by extension 'ignore_ament_install'
[0.926s] Level 1:colcon.colcon_core.package_identification:_identify(src/uros/micro-ROS-Agent/snap/local) by extensions ['colcon_pkg']
[0.926s] Level 1:colcon.colcon_core.package_identification:_identify(src/uros/micro-ROS-Agent/snap/local) by extension 'colcon_pkg'
[0.926s] Level 1:colcon.colcon_core.package_identification:_identify(src/uros/micro-ROS-Agent/snap/local) by extensions ['colcon_meta']
[0.926s] Level 1:colcon.colcon_core.package_identification:_identify(src/uros/micro-ROS-Agent/snap/local) by extension 'colcon_meta'
[0.926s] Level 1:colcon.colcon_core.package_identification:_identify(src/uros/micro-ROS-Agent/snap/local) by extensions ['ros']
[0.926s] Level 1:colcon.colcon_core.package_identification:_identify(src/uros/micro-ROS-Agent/snap/local) by extension 'ros'
[0.927s] Level 1:colcon.colcon_core.package_identification:_identify(src/uros/micro-ROS-Agent/snap/local) by extensions ['cmake', 'python']
[0.927s] Level 1:colcon.colcon_core.package_identification:_identify(src/uros/micro-ROS-Agent/snap/local) by extension 'cmake'
[0.927s] Level 1:colcon.colcon_core.package_identification:_identify(src/uros/micro-ROS-Agent/snap/local) by extension 'python'
[0.927s] Level 1:colcon.colcon_core.package_identification:_identify(src/uros/micro-ROS-Agent/snap/local) by extensions ['python_setup_py']
[0.927s] Level 1:colcon.colcon_core.package_identification:_identify(src/uros/micro-ROS-Agent/snap/local) by extension 'python_setup_py'
[0.927s] Level 1:colcon.colcon_core.package_identification:_identify(src/uros/micro_ros_msgs) by extensions ['ignore', 'ignore_ament_install']
[0.927s] Level 1:colcon.colcon_core.package_identification:_identify(src/uros/micro_ros_msgs) by extension 'ignore'
[0.927s] Level 1:colcon.colcon_core.package_identification:_identify(src/uros/micro_ros_msgs) by extension 'ignore_ament_install'
[0.927s] Level 1:colcon.colcon_core.package_identification:_identify(src/uros/micro_ros_msgs) by extensions ['colcon_pkg']
[0.927s] Level 1:colcon.colcon_core.package_identification:_identify(src/uros/micro_ros_msgs) by extension 'colcon_pkg'
[0.927s] Level 1:colcon.colcon_core.package_identification:_identify(src/uros/micro_ros_msgs) by extensions ['colcon_meta']
[0.927s] Level 1:colcon.colcon_core.package_identification:_identify(src/uros/micro_ros_msgs) by extension 'colcon_meta'
[0.927s] Level 1:colcon.colcon_core.package_identification:_identify(src/uros/micro_ros_msgs) by extensions ['ros']
[0.927s] Level 1:colcon.colcon_core.package_identification:_identify(src/uros/micro_ros_msgs) by extension 'ros'
[0.928s] DEBUG:colcon.colcon_core.package_identification:Package 'src/uros/micro_ros_msgs' with type 'ros.ament_cmake' and name 'micro_ros_msgs'
[0.928s] Level 1:colcon.colcon_core.package_identification:_identify(src/ydlidar_ros2_driver) by extensions ['ignore', 'ignore_ament_install']
[0.928s] Level 1:colcon.colcon_core.package_identification:_identify(src/ydlidar_ros2_driver) by extension 'ignore'
[0.928s] Level 1:colcon.colcon_core.package_identification:_identify(src/ydlidar_ros2_driver) by extension 'ignore_ament_install'
[0.928s] Level 1:colcon.colcon_core.package_identification:_identify(src/ydlidar_ros2_driver) by extensions ['colcon_pkg']
[0.928s] Level 1:colcon.colcon_core.package_identification:_identify(src/ydlidar_ros2_driver) by extension 'colcon_pkg'
[0.928s] Level 1:colcon.colcon_core.package_identification:_identify(src/ydlidar_ros2_driver) by extensions ['colcon_meta']
[0.928s] Level 1:colcon.colcon_core.package_identification:_identify(src/ydlidar_ros2_driver) by extension 'colcon_meta'
[0.928s] Level 1:colcon.colcon_core.package_identification:_identify(src/ydlidar_ros2_driver) by extensions ['ros']
[0.928s] Level 1:colcon.colcon_core.package_identification:_identify(src/ydlidar_ros2_driver) by extension 'ros'
[0.929s] DEBUG:colcon.colcon_core.package_identification:Package 'src/ydlidar_ros2_driver' with type 'ros.ament_cmake' and name 'ydlidar_ros2_driver'
[0.929s] Level 1:colcon.colcon_core.package_discovery:discover_packages(recursive) using defaults
[0.929s] Level 1:colcon.colcon_core.package_discovery:discover_packages(ignore) discover
[0.929s] Level 1:colcon.colcon_core.package_discovery:discover_packages(ignore) using defaults
[0.929s] Level 1:colcon.colcon_core.package_discovery:discover_packages(path) discover
[0.929s] Level 1:colcon.colcon_core.package_discovery:discover_packages(path) using defaults
[1.005s] INFO:colcon.colcon_core.package_selection:Skipping package 'turtlebot3' in 'src/turtlebot3/turtlebot3'
[1.005s] INFO:colcon.colcon_core.package_selection:Skipping package 'turtlebot3_simulations' in 'src/turtlebot3_simulations/turtlebot3_simulations'
[1.005s] INFO:colcon.colcon_core.package_selection:Skipping package 'turtlebot3_bringup' in 'src/turtlebot3/turtlebot3_bringup'
[1.005s] INFO:colcon.colcon_core.package_selection:Skipping package 'turtlebot3_node' in 'src/turtlebot3/turtlebot3_node'
[1.005s] INFO:colcon.colcon_core.package_selection:Skipping package 'turtlebot3_gazebo' in 'src/turtlebot3_simulations/turtlebot3_gazebo'
[1.005s] INFO:colcon.colcon_core.package_selection:Skipping package 'turtlebot3_fake_node' in 'src/turtlebot3_simulations/turtlebot3_fake_node'
[1.005s] INFO:colcon.colcon_core.package_selection:Skipping package 'turtlebot3_example' in 'src/turtlebot3/turtlebot3_example'
[1.005s] INFO:colcon.colcon_core.package_selection:Skipping package 'ydlidar_ros2_driver' in 'src/ydlidar_ros2_driver'
[1.005s] INFO:colcon.colcon_core.package_selection:Skipping package 'turtlebot3_teleop' in 'src/turtlebot3/turtlebot3_teleop'
[1.005s] INFO:colcon.colcon_core.package_selection:Skipping package 'turtlebot3_navigation2' in 'src/turtlebot3/turtlebot3_navigation2'
[1.005s] INFO:colcon.colcon_core.package_selection:Skipping package 'turtlebot3_msgs' in 'src/turtlebot3_msgs'
[1.005s] INFO:colcon.colcon_core.package_selection:Skipping package 'turtlebot3_description' in 'src/turtlebot3/turtlebot3_description'
[1.005s] INFO:colcon.colcon_core.package_selection:Skipping package 'turtlebot3_cartographer' in 'src/turtlebot3/turtlebot3_cartographer'
[1.005s] INFO:colcon.colcon_core.package_selection:Skipping package 'micro_ros_setup' in 'src/micro_ros_setup'
[1.005s] INFO:colcon.colcon_core.package_selection:Skipping package 'drive_base_msgs' in 'src/uros/drive_base/drive_base_msgs'
[1.006s] Level 1:colcon.colcon_core.package_discovery:discover_packages(prefix_path) check parameters
[1.006s] Level 1:colcon.colcon_core.package_discovery:discover_packages(prefix_path) discover
[1.012s] DEBUG:colcon.colcon_installed_package_information.package_discovery:Found 17 installed packages in /home/jay/capstonerobot_ws/install
[1.037s] DEBUG:colcon.colcon_installed_package_information.package_discovery:Found 21 installed packages in /home/jay/colcon_ws/install
[1.041s] DEBUG:colcon.colcon_installed_package_information.package_discovery:Found 340 installed packages in /opt/ros/foxy
[1.044s] Level 1:colcon.colcon_core.package_discovery:discover_packages(prefix_path) using defaults
[1.249s] WARNING:colcon.colcon_core.package_selection:Some selected packages are already built in one or more underlay workspaces:
	'micro_ros_msgs' is in: /home/jay/capstonerobot_ws/install/micro_ros_msgs, /home/jay/colcon_ws/install/micro_ros_msgs
If a package in a merged underlay workspace is overridden and it installs headers, then all packages in the overlay must sort their include directories by workspace order. Failure to do so may result in build failures or undefined behavior at run time.
If the overridden package is used by another package in any underlay, then the overriding package in the overlay must be API and ABI compatible or undefined behavior at run time may occur.

If you understand the risks and want to override a package anyways, add the following to the command line:
	--allow-overriding micro_ros_msgs

This may be promoted to an error in a future release of colcon-override-check.
[1.251s] Level 5:colcon.colcon_core.verb:set package 'micro_ros_msgs' build argument 'cmake_args' from command line to '['-DUAGENT_BUILD_EXECUTABLE=OFF', '-DUAGENT_P2P_PROFILE=OFF', '--no-warn-unused-cli']'
[1.251s] Level 5:colcon.colcon_core.verb:set package 'micro_ros_msgs' build argument 'cmake_target' from command line to 'None'
[1.251s] Level 5:colcon.colcon_core.verb:set package 'micro_ros_msgs' build argument 'cmake_target_skip_unavailable' from command line to 'False'
[1.251s] Level 5:colcon.colcon_core.verb:set package 'micro_ros_msgs' build argument 'cmake_clean_cache' from command line to 'False'
[1.251s] Level 5:colcon.colcon_core.verb:set package 'micro_ros_msgs' build argument 'cmake_clean_first' from command line to 'False'
[1.251s] Level 5:colcon.colcon_core.verb:set package 'micro_ros_msgs' build argument 'cmake_force_configure' from command line to 'False'
[1.251s] Level 5:colcon.colcon_core.verb:set package 'micro_ros_msgs' build argument 'ament_cmake_args' from command line to 'None'
[1.252s] Level 5:colcon.colcon_core.verb:set package 'micro_ros_msgs' build argument 'catkin_cmake_args' from command line to 'None'
[1.252s] Level 5:colcon.colcon_core.verb:set package 'micro_ros_msgs' build argument 'catkin_skip_building_tests' from command line to 'False'
[1.252s] DEBUG:colcon.colcon_core.verb:Building package 'micro_ros_msgs' with the following arguments: {'ament_cmake_args': None, 'build_base': '/home/jay/capstonerobot_ws/build/micro_ros_msgs', 'catkin_cmake_args': None, 'catkin_skip_building_tests': False, 'cmake_args': ['-DUAGENT_BUILD_EXECUTABLE=OFF', '-DUAGENT_P2P_PROFILE=OFF', '--no-warn-unused-cli'], 'cmake_clean_cache': False, 'cmake_clean_first': False, 'cmake_force_configure': False, 'cmake_target': None, 'cmake_target_skip_unavailable': False, 'install_base': '/home/jay/capstonerobot_ws/install/micro_ros_msgs', 'merge_install': False, 'path': '/home/jay/capstonerobot_ws/src/uros/micro_ros_msgs', 'symlink_install': False, 'test_result_base': None}
[1.253s] Level 5:colcon.colcon_core.verb:set package 'micro_ros_agent' build argument 'cmake_args' from command line to '['-DUAGENT_BUILD_EXECUTABLE=OFF', '-DUAGENT_P2P_PROFILE=OFF', '--no-warn-unused-cli']'
[1.253s] Level 5:colcon.colcon_core.verb:set package 'micro_ros_agent' build argument 'cmake_target' from command line to 'None'
[1.253s] Level 5:colcon.colcon_core.verb:set package 'micro_ros_agent' build argument 'cmake_target_skip_unavailable' from command line to 'False'
[1.253s] Level 5:colcon.colcon_core.verb:set package 'micro_ros_agent' build argument 'cmake_clean_cache' from command line to 'False'
[1.253s] Level 5:colcon.colcon_core.verb:set package 'micro_ros_agent' build argument 'cmake_clean_first' from command line to 'False'
[1.253s] Level 5:colcon.colcon_core.verb:set package 'micro_ros_agent' build argument 'cmake_force_configure' from command line to 'False'
[1.253s] Level 5:colcon.colcon_core.verb:set package 'micro_ros_agent' build argument 'ament_cmake_args' from command line to 'None'
[1.253s] Level 5:colcon.colcon_core.verb:set package 'micro_ros_agent' build argument 'catkin_cmake_args' from command line to 'None'
[1.253s] Level 5:colcon.colcon_core.verb:set package 'micro_ros_agent' build argument 'catkin_skip_building_tests' from command line to 'False'
[1.253s] DEBUG:colcon.colcon_core.verb:Building package 'micro_ros_agent' with the following arguments: {'ament_cmake_args': None, 'build_base': '/home/jay/capstonerobot_ws/build/micro_ros_agent', 'catkin_cmake_args': None, 'catkin_skip_building_tests': False, 'cmake_args': ['-DUAGENT_BUILD_EXECUTABLE=OFF', '-DUAGENT_P2P_PROFILE=OFF', '--no-warn-unused-cli'], 'cmake_clean_cache': False, 'cmake_clean_first': False, 'cmake_force_configure': False, 'cmake_target': None, 'cmake_target_skip_unavailable': False, 'install_base': '/home/jay/capstonerobot_ws/install/micro_ros_agent', 'merge_install': False, 'path': '/home/jay/capstonerobot_ws/src/uros/micro-ROS-Agent/micro_ros_agent', 'symlink_install': False, 'test_result_base': None}
[1.254s] INFO:colcon.colcon_core.executor:Executing jobs using 'parallel' executor
[1.267s] DEBUG:colcon.colcon_parallel_executor.executor.parallel:run_until_complete
[1.267s] INFO:colcon.colcon_ros.task.ament_cmake.build:Building ROS package in '/home/jay/capstonerobot_ws/src/uros/micro_ros_msgs' with build type 'ament_cmake'
[1.267s] INFO:colcon.colcon_cmake.task.cmake.build:Building CMake package in '/home/jay/capstonerobot_ws/src/uros/micro_ros_msgs'
[1.273s] INFO:colcon.colcon_core.plugin_system:Skipping extension 'colcon_core.shell.bat': Not used on non-Windows systems
[1.273s] INFO:colcon.colcon_core.shell:Skip shell extension 'powershell' for command environment: Not usable outside of PowerShell
[1.273s] DEBUG:colcon.colcon_core.shell:Skip shell extension 'dsv' for command environment
[1.336s] DEBUG:colcon.colcon_core.event_handler.log_command:Invoking command in '/home/jay/capstonerobot_ws/build/micro_ros_msgs': CMAKE_PREFIX_PATH=${CMAKE_PREFIX_PATH}:/home/jay/capstonerobot_ws/install/turtlebot3_teleop:/home/jay/capstonerobot_ws/install/turtlebot3_example:/opt/ros/foxy /usr/bin/cmake --build /home/jay/capstonerobot_ws/build/micro_ros_msgs -- -j4 -l4
[3.054s] DEBUG:colcon.colcon_core.event_handler.log_command:Invoked command in '/home/jay/capstonerobot_ws/build/micro_ros_msgs' returned '0': CMAKE_PREFIX_PATH=${CMAKE_PREFIX_PATH}:/home/jay/capstonerobot_ws/install/turtlebot3_teleop:/home/jay/capstonerobot_ws/install/turtlebot3_example:/opt/ros/foxy /usr/bin/cmake --build /home/jay/capstonerobot_ws/build/micro_ros_msgs -- -j4 -l4
[3.433s] DEBUG:colcon.colcon_core.event_handler.log_command:Invoking command in '/home/jay/capstonerobot_ws/build/micro_ros_msgs': CMAKE_PREFIX_PATH=${CMAKE_PREFIX_PATH}:/home/jay/capstonerobot_ws/install/turtlebot3_teleop:/home/jay/capstonerobot_ws/install/turtlebot3_example:/opt/ros/foxy /usr/bin/cmake --install /home/jay/capstonerobot_ws/build/micro_ros_msgs
[3.723s] Level 1:colcon.colcon_core.environment:create_environment_scripts_only(micro_ros_msgs)
[3.726s] DEBUG:colcon.colcon_core.event_handler.log_command:Invoked command in '/home/jay/capstonerobot_ws/build/micro_ros_msgs' returned '0': CMAKE_PREFIX_PATH=${CMAKE_PREFIX_PATH}:/home/jay/capstonerobot_ws/install/turtlebot3_teleop:/home/jay/capstonerobot_ws/install/turtlebot3_example:/opt/ros/foxy /usr/bin/cmake --install /home/jay/capstonerobot_ws/build/micro_ros_msgs
[3.737s] Level 1:colcon.colcon_core.environment:checking '/home/jay/capstonerobot_ws/install/micro_ros_msgs' for CMake module files
[3.754s] Level 1:colcon.colcon_core.environment:checking '/home/jay/capstonerobot_ws/install/micro_ros_msgs' for CMake config files
[3.755s] Level 1:colcon.colcon_core.shell:create_environment_hook('micro_ros_msgs', 'cmake_prefix_path')
[3.757s] INFO:colcon.colcon_core.shell:Creating environment hook '/home/jay/capstonerobot_ws/install/micro_ros_msgs/share/micro_ros_msgs/hook/cmake_prefix_path.ps1'
[3.758s] INFO:colcon.colcon_core.shell:Creating environment descriptor '/home/jay/capstonerobot_ws/install/micro_ros_msgs/share/micro_ros_msgs/hook/cmake_prefix_path.dsv'
[3.758s] INFO:colcon.colcon_core.shell:Creating environment hook '/home/jay/capstonerobot_ws/install/micro_ros_msgs/share/micro_ros_msgs/hook/cmake_prefix_path.sh'
[3.759s] Level 1:colcon.colcon_core.environment:checking '/home/jay/capstonerobot_ws/install/micro_ros_msgs/lib'
[3.759s] Level 1:colcon.colcon_core.shell:create_environment_hook('micro_ros_msgs', 'ld_library_path_lib')
[3.774s] INFO:colcon.colcon_core.shell:Creating environment hook '/home/jay/capstonerobot_ws/install/micro_ros_msgs/share/micro_ros_msgs/hook/ld_library_path_lib.ps1'
[3.774s] INFO:colcon.colcon_core.shell:Creating environment descriptor '/home/jay/capstonerobot_ws/install/micro_ros_msgs/share/micro_ros_msgs/hook/ld_library_path_lib.dsv'
[3.775s] INFO:colcon.colcon_core.shell:Creating environment hook '/home/jay/capstonerobot_ws/install/micro_ros_msgs/share/micro_ros_msgs/hook/ld_library_path_lib.sh'
[3.775s] Level 1:colcon.colcon_core.environment:checking '/home/jay/capstonerobot_ws/install/micro_ros_msgs/bin'
[3.775s] Level 1:colcon.colcon_core.environment:checking '/home/jay/capstonerobot_ws/install/micro_ros_msgs/lib/pkgconfig/micro_ros_msgs.pc'
[3.776s] Level 1:colcon.colcon_core.environment:checking '/home/jay/capstonerobot_ws/install/micro_ros_msgs/lib/python3.8/site-packages'
[3.776s] Level 1:colcon.colcon_core.shell:create_environment_hook('micro_ros_msgs', 'pythonpath')
[3.778s] INFO:colcon.colcon_core.shell:Creating environment hook '/home/jay/capstonerobot_ws/install/micro_ros_msgs/share/micro_ros_msgs/hook/pythonpath.ps1'
[3.778s] INFO:colcon.colcon_core.shell:Creating environment descriptor '/home/jay/capstonerobot_ws/install/micro_ros_msgs/share/micro_ros_msgs/hook/pythonpath.dsv'
[3.778s] INFO:colcon.colcon_core.shell:Creating environment hook '/home/jay/capstonerobot_ws/install/micro_ros_msgs/share/micro_ros_msgs/hook/pythonpath.sh'
[3.779s] Level 1:colcon.colcon_core.environment:checking '/home/jay/capstonerobot_ws/install/micro_ros_msgs/bin'
[3.781s] INFO:colcon.colcon_core.shell:Creating package script '/home/jay/capstonerobot_ws/install/micro_ros_msgs/share/micro_ros_msgs/package.ps1'
[3.806s] INFO:colcon.colcon_core.shell:Creating package descriptor '/home/jay/capstonerobot_ws/install/micro_ros_msgs/share/micro_ros_msgs/package.dsv'
[3.807s] INFO:colcon.colcon_core.shell:Creating package script '/home/jay/capstonerobot_ws/install/micro_ros_msgs/share/micro_ros_msgs/package.sh'
[3.808s] INFO:colcon.colcon_core.shell:Creating package script '/home/jay/capstonerobot_ws/install/micro_ros_msgs/share/micro_ros_msgs/package.bash'
[3.808s] INFO:colcon.colcon_core.shell:Creating package script '/home/jay/capstonerobot_ws/install/micro_ros_msgs/share/micro_ros_msgs/package.zsh'
[3.809s] Level 1:colcon.colcon_core.environment:create_file_with_runtime_dependencies(/home/jay/capstonerobot_ws/install/micro_ros_msgs/share/colcon-core/packages/micro_ros_msgs)
[5.093s] Level 1:colcon.colcon_core.environment:create_environment_scripts_only(micro_ros_msgs)
[5.095s] Level 1:colcon.colcon_core.environment:checking '/home/jay/capstonerobot_ws/install/micro_ros_msgs' for CMake module files
[5.096s] Level 1:colcon.colcon_core.environment:checking '/home/jay/capstonerobot_ws/install/micro_ros_msgs' for CMake config files
[5.097s] Level 1:colcon.colcon_core.shell:create_environment_hook('micro_ros_msgs', 'cmake_prefix_path')
[5.112s] INFO:colcon.colcon_core.shell:Creating environment hook '/home/jay/capstonerobot_ws/install/micro_ros_msgs/share/micro_ros_msgs/hook/cmake_prefix_path.ps1'
[5.113s] INFO:colcon.colcon_core.shell:Creating environment descriptor '/home/jay/capstonerobot_ws/install/micro_ros_msgs/share/micro_ros_msgs/hook/cmake_prefix_path.dsv'
[5.114s] INFO:colcon.colcon_core.shell:Creating environment hook '/home/jay/capstonerobot_ws/install/micro_ros_msgs/share/micro_ros_msgs/hook/cmake_prefix_path.sh'
[5.114s] Level 1:colcon.colcon_core.environment:checking '/home/jay/capstonerobot_ws/install/micro_ros_msgs/lib'
[5.114s] Level 1:colcon.colcon_core.shell:create_environment_hook('micro_ros_msgs', 'ld_library_path_lib')
[5.116s] INFO:colcon.colcon_core.shell:Creating environment hook '/home/jay/capstonerobot_ws/install/micro_ros_msgs/share/micro_ros_msgs/hook/ld_library_path_lib.ps1'
[5.116s] INFO:colcon.colcon_core.shell:Creating environment descriptor '/home/jay/capstonerobot_ws/install/micro_ros_msgs/share/micro_ros_msgs/hook/ld_library_path_lib.dsv'
[5.117s] INFO:colcon.colcon_core.shell:Creating environment hook '/home/jay/capstonerobot_ws/install/micro_ros_msgs/share/micro_ros_msgs/hook/ld_library_path_lib.sh'
[5.138s] Level 1:colcon.colcon_core.environment:checking '/home/jay/capstonerobot_ws/install/micro_ros_msgs/bin'
[5.138s] Level 1:colcon.colcon_core.environment:checking '/home/jay/capstonerobot_ws/install/micro_ros_msgs/lib/pkgconfig/micro_ros_msgs.pc'
[5.153s] Level 1:colcon.colcon_core.environment:checking '/home/jay/capstonerobot_ws/install/micro_ros_msgs/lib/python3.8/site-packages'
[5.153s] Level 1:colcon.colcon_core.shell:create_environment_hook('micro_ros_msgs', 'pythonpath')
[5.155s] INFO:colcon.colcon_core.shell:Creating environment hook '/home/jay/capstonerobot_ws/install/micro_ros_msgs/share/micro_ros_msgs/hook/pythonpath.ps1'
[5.155s] INFO:colcon.colcon_core.shell:Creating environment descriptor '/home/jay/capstonerobot_ws/install/micro_ros_msgs/share/micro_ros_msgs/hook/pythonpath.dsv'
[5.156s] INFO:colcon.colcon_core.shell:Creating environment hook '/home/jay/capstonerobot_ws/install/micro_ros_msgs/share/micro_ros_msgs/hook/pythonpath.sh'
[5.157s] Level 1:colcon.colcon_core.environment:checking '/home/jay/capstonerobot_ws/install/micro_ros_msgs/bin'
[5.158s] INFO:colcon.colcon_core.shell:Creating package script '/home/jay/capstonerobot_ws/install/micro_ros_msgs/share/micro_ros_msgs/package.ps1'
[5.159s] INFO:colcon.colcon_core.shell:Creating package descriptor '/home/jay/capstonerobot_ws/install/micro_ros_msgs/share/micro_ros_msgs/package.dsv'
[5.160s] INFO:colcon.colcon_core.shell:Creating package script '/home/jay/capstonerobot_ws/install/micro_ros_msgs/share/micro_ros_msgs/package.sh'
[5.160s] INFO:colcon.colcon_core.shell:Creating package script '/home/jay/capstonerobot_ws/install/micro_ros_msgs/share/micro_ros_msgs/package.bash'
[5.161s] INFO:colcon.colcon_core.shell:Creating package script '/home/jay/capstonerobot_ws/install/micro_ros_msgs/share/micro_ros_msgs/package.zsh'
[5.172s] Level 1:colcon.colcon_core.environment:create_file_with_runtime_dependencies(/home/jay/capstonerobot_ws/install/micro_ros_msgs/share/colcon-core/packages/micro_ros_msgs)
[5.173s] INFO:colcon.colcon_ros.task.ament_cmake.build:Building ROS package in '/home/jay/capstonerobot_ws/src/uros/micro-ROS-Agent/micro_ros_agent' with build type 'ament_cmake'
[5.173s] INFO:colcon.colcon_cmake.task.cmake.build:Building CMake package in '/home/jay/capstonerobot_ws/src/uros/micro-ROS-Agent/micro_ros_agent'
[5.175s] INFO:colcon.colcon_core.shell:Skip shell extension 'powershell' for command environment: Not usable outside of PowerShell
[5.182s] DEBUG:colcon.colcon_core.shell:Skip shell extension 'dsv' for command environment
[5.219s] DEBUG:colcon.colcon_core.event_handler.log_command:Invoking command in '/home/jay/capstonerobot_ws/build/micro_ros_agent': CMAKE_PREFIX_PATH=/home/jay/capstonerobot_ws/install/micro_ros_msgs:/home/jay/capstonerobot_ws/install/ydlidar_ros2_driver:/home/jay/capstonerobot_ws/install/turtlebot3:/home/jay/capstonerobot_ws/install/turtlebot3_simulations:/home/jay/capstonerobot_ws/install/turtlebot3_bringup:/home/jay/capstonerobot_ws/install/turtlebot3_node:/home/jay/capstonerobot_ws/install/turtlebot3_navigation2:/home/jay/capstonerobot_ws/install/turtlebot3_fake_node:/home/jay/capstonerobot_ws/install/turtlebot3_msgs:/home/jay/capstonerobot_ws/install/turtlebot3_gazebo:/home/jay/capstonerobot_ws/install/turtlebot3_description:/home/jay/capstonerobot_ws/install/turtlebot3_cartographer:/home/jay/capstonerobot_ws/install/micro_ros_setup:/home/jay/capstonerobot_ws/install/micro_ros_agent:/home/jay/capstonerobot_ws/install/drive_base_msgs:/home/jay/colcon_ws/install/ydlidar_ros2_driver:/home/jay/colcon_ws/install/action_msgs:/home/jay/colcon_ws/install/unique_identifier_msgs:/home/jay/colcon_ws/install/turtlebot3_simulations:/home/jay/colcon_ws/install/turtlebot3_gazebo:/home/jay/colcon_ws/install/turtlebot3_fake_node:/home/jay/colcon_ws/install/std_srvs:/home/jay/colcon_ws/install/drive_base_msgs:/home/jay/colcon_ws/install/std_msgs:/home/jay/colcon_ws/install/rmw_microxrcedds:/home/jay/colcon_ws/install/rosidl_typesupport_microxrcedds_cpp:/home/jay/colcon_ws/install/rosidl_typesupport_microxrcedds_c:/home/jay/colcon_ws/install/rcl_interfaces:/home/jay/colcon_ws/install/microxrcedds_client:/home/jay/colcon_ws/install/microcdr:/home/jay/colcon_ws/install/micro_ros_setup:/home/jay/colcon_ws/install/micro_ros_agent:/home/jay/colcon_ws/install/micro_ros_msgs:/home/jay/colcon_ws/install/complex_msgs:/home/jay/colcon_ws/install/builtin_interfaces:/home/jay/capstonerobot_ws/install/turtlebot3_teleop:/home/jay/capstonerobot_ws/install/turtlebot3_example:/opt/ros/foxy LD_LIBRARY_PATH=/home/jay/capstonerobot_ws/install/micro_ros_msgs/lib:/home/jay/capstonerobot_ws/install/turtlebot3_msgs/lib:/home/jay/capstonerobot_ws/install/micro_ros_agent/lib:/home/jay/capstonerobot_ws/install/drive_base_msgs/lib:/home/jay/colcon_ws/install/action_msgs/lib:/home/jay/colcon_ws/install/unique_identifier_msgs/lib:/home/jay/colcon_ws/install/std_srvs/lib:/home/jay/colcon_ws/install/drive_base_msgs/lib:/home/jay/colcon_ws/install/std_msgs/lib:/home/jay/colcon_ws/install/rmw_microxrcedds/lib:/home/jay/colcon_ws/install/rosidl_typesupport_microxrcedds_cpp/lib:/home/jay/colcon_ws/install/rosidl_typesupport_microxrcedds_c/lib:/home/jay/colcon_ws/install/rcl_interfaces/lib:/home/jay/colcon_ws/install/micro_ros_agent/lib:/home/jay/colcon_ws/install/micro_ros_msgs/lib:/home/jay/colcon_ws/install/complex_msgs/lib:/home/jay/colcon_ws/install/builtin_interfaces/lib:/usr/lib/aarch64-linux-gnu/gazebo-11/plugins:/opt/ros/foxy/opt/yaml_cpp_vendor/lib:/opt/ros/foxy/opt/rviz_ogre_vendor/lib:/opt/ros/foxy/lib/aarch64-linux-gnu:/opt/ros/foxy/lib PYTHONPATH=/home/jay/capstonerobot_ws/install/micro_ros_msgs/lib/python3.8/site-packages:/home/jay/capstonerobot_ws/build/turtlebot3_teleop:/home/jay/capstonerobot_ws/install/turtlebot3_teleop/lib/python3.8/site-packages:/home/jay/capstonerobot_ws/build/turtlebot3_example:/home/jay/capstonerobot_ws/install/turtlebot3_example/lib/python3.8/site-packages:/home/jay/capstonerobot_ws/install/turtlebot3_msgs/lib/python3.8/site-packages:/home/jay/capstonerobot_ws/install/drive_base_msgs/lib/python3.8/site-packages:/home/jay/colcon_ws/install/action_msgs/lib/python3.8/site-packages:/home/jay/colcon_ws/install/unique_identifier_msgs/lib/python3.8/site-packages:/home/jay/colcon_ws/install/std_srvs/lib/python3.8/site-packages:/home/jay/colcon_ws/install/drive_base_msgs/lib/python3.8/site-packages:/home/jay/colcon_ws/install/std_msgs/lib/python3.8/site-packages:/home/jay/colcon_ws/install/rosidl_typesupport_microxrcedds_cpp/lib/python3.8/site-packages:/home/jay/colcon_ws/install/rosidl_typesupport_microxrcedds_c/lib/python3.8/site-packages:/home/jay/colcon_ws/install/rcl_interfaces/lib/python3.8/site-packages:/home/jay/colcon_ws/install/micro_ros_msgs/lib/python3.8/site-packages:/home/jay/colcon_ws/install/complex_msgs/lib/python3.8/site-packages:/home/jay/colcon_ws/install/builtin_interfaces/lib/python3.8/site-packages:/opt/ros/foxy/lib/python3.8/site-packages /usr/bin/cmake --build /home/jay/capstonerobot_ws/build/micro_ros_agent -- -j4 -l4
[5.472s] DEBUG:colcon.colcon_core.event_handler.log_command:Invoked command in '/home/jay/capstonerobot_ws/build/micro_ros_agent' returned '0': CMAKE_PREFIX_PATH=/home/jay/capstonerobot_ws/install/micro_ros_msgs:/home/jay/capstonerobot_ws/install/ydlidar_ros2_driver:/home/jay/capstonerobot_ws/install/turtlebot3:/home/jay/capstonerobot_ws/install/turtlebot3_simulations:/home/jay/capstonerobot_ws/install/turtlebot3_bringup:/home/jay/capstonerobot_ws/install/turtlebot3_node:/home/jay/capstonerobot_ws/install/turtlebot3_navigation2:/home/jay/capstonerobot_ws/install/turtlebot3_fake_node:/home/jay/capstonerobot_ws/install/turtlebot3_msgs:/home/jay/capstonerobot_ws/install/turtlebot3_gazebo:/home/jay/capstonerobot_ws/install/turtlebot3_description:/home/jay/capstonerobot_ws/install/turtlebot3_cartographer:/home/jay/capstonerobot_ws/install/micro_ros_setup:/home/jay/capstonerobot_ws/install/micro_ros_agent:/home/jay/capstonerobot_ws/install/drive_base_msgs:/home/jay/colcon_ws/install/ydlidar_ros2_driver:/home/jay/colcon_ws/install/action_msgs:/home/jay/colcon_ws/install/unique_identifier_msgs:/home/jay/colcon_ws/install/turtlebot3_simulations:/home/jay/colcon_ws/install/turtlebot3_gazebo:/home/jay/colcon_ws/install/turtlebot3_fake_node:/home/jay/colcon_ws/install/std_srvs:/home/jay/colcon_ws/install/drive_base_msgs:/home/jay/colcon_ws/install/std_msgs:/home/jay/colcon_ws/install/rmw_microxrcedds:/home/jay/colcon_ws/install/rosidl_typesupport_microxrcedds_cpp:/home/jay/colcon_ws/install/rosidl_typesupport_microxrcedds_c:/home/jay/colcon_ws/install/rcl_interfaces:/home/jay/colcon_ws/install/microxrcedds_client:/home/jay/colcon_ws/install/microcdr:/home/jay/colcon_ws/install/micro_ros_setup:/home/jay/colcon_ws/install/micro_ros_agent:/home/jay/colcon_ws/install/micro_ros_msgs:/home/jay/colcon_ws/install/complex_msgs:/home/jay/colcon_ws/install/builtin_interfaces:/home/jay/capstonerobot_ws/install/turtlebot3_teleop:/home/jay/capstonerobot_ws/install/turtlebot3_example:/opt/ros/foxy LD_LIBRARY_PATH=/home/jay/capstonerobot_ws/install/micro_ros_msgs/lib:/home/jay/capstonerobot_ws/install/turtlebot3_msgs/lib:/home/jay/capstonerobot_ws/install/micro_ros_agent/lib:/home/jay/capstonerobot_ws/install/drive_base_msgs/lib:/home/jay/colcon_ws/install/action_msgs/lib:/home/jay/colcon_ws/install/unique_identifier_msgs/lib:/home/jay/colcon_ws/install/std_srvs/lib:/home/jay/colcon_ws/install/drive_base_msgs/lib:/home/jay/colcon_ws/install/std_msgs/lib:/home/jay/colcon_ws/install/rmw_microxrcedds/lib:/home/jay/colcon_ws/install/rosidl_typesupport_microxrcedds_cpp/lib:/home/jay/colcon_ws/install/rosidl_typesupport_microxrcedds_c/lib:/home/jay/colcon_ws/install/rcl_interfaces/lib:/home/jay/colcon_ws/install/micro_ros_agent/lib:/home/jay/colcon_ws/install/micro_ros_msgs/lib:/home/jay/colcon_ws/install/complex_msgs/lib:/home/jay/colcon_ws/install/builtin_interfaces/lib:/usr/lib/aarch64-linux-gnu/gazebo-11/plugins:/opt/ros/foxy/opt/yaml_cpp_vendor/lib:/opt/ros/foxy/opt/rviz_ogre_vendor/lib:/opt/ros/foxy/lib/aarch64-linux-gnu:/opt/ros/foxy/lib PYTHONPATH=/home/jay/capstonerobot_ws/install/micro_ros_msgs/lib/python3.8/site-packages:/home/jay/capstonerobot_ws/build/turtlebot3_teleop:/home/jay/capstonerobot_ws/install/turtlebot3_teleop/lib/python3.8/site-packages:/home/jay/capstonerobot_ws/build/turtlebot3_example:/home/jay/capstonerobot_ws/install/turtlebot3_example/lib/python3.8/site-packages:/home/jay/capstonerobot_ws/install/turtlebot3_msgs/lib/python3.8/site-packages:/home/jay/capstonerobot_ws/install/drive_base_msgs/lib/python3.8/site-packages:/home/jay/colcon_ws/install/action_msgs/lib/python3.8/site-packages:/home/jay/colcon_ws/install/unique_identifier_msgs/lib/python3.8/site-packages:/home/jay/colcon_ws/install/std_srvs/lib/python3.8/site-packages:/home/jay/colcon_ws/install/drive_base_msgs/lib/python3.8/site-packages:/home/jay/colcon_ws/install/std_msgs/lib/python3.8/site-packages:/home/jay/colcon_ws/install/rosidl_typesupport_microxrcedds_cpp/lib/python3.8/site-packages:/home/jay/colcon_ws/install/rosidl_typesupport_microxrcedds_c/lib/python3.8/site-packages:/home/jay/colcon_ws/install/rcl_interfaces/lib/python3.8/site-packages:/home/jay/colcon_ws/install/micro_ros_msgs/lib/python3.8/site-packages:/home/jay/colcon_ws/install/complex_msgs/lib/python3.8/site-packages:/home/jay/colcon_ws/install/builtin_interfaces/lib/python3.8/site-packages:/opt/ros/foxy/lib/python3.8/site-packages /usr/bin/cmake --build /home/jay/capstonerobot_ws/build/micro_ros_agent -- -j4 -l4
[5.711s] DEBUG:colcon.colcon_core.event_handler.log_command:Invoking command in '/home/jay/capstonerobot_ws/build/micro_ros_agent': CMAKE_PREFIX_PATH=/home/jay/capstonerobot_ws/install/micro_ros_msgs:/home/jay/capstonerobot_ws/install/ydlidar_ros2_driver:/home/jay/capstonerobot_ws/install/turtlebot3:/home/jay/capstonerobot_ws/install/turtlebot3_simulations:/home/jay/capstonerobot_ws/install/turtlebot3_bringup:/home/jay/capstonerobot_ws/install/turtlebot3_node:/home/jay/capstonerobot_ws/install/turtlebot3_navigation2:/home/jay/capstonerobot_ws/install/turtlebot3_fake_node:/home/jay/capstonerobot_ws/install/turtlebot3_msgs:/home/jay/capstonerobot_ws/install/turtlebot3_gazebo:/home/jay/capstonerobot_ws/install/turtlebot3_description:/home/jay/capstonerobot_ws/install/turtlebot3_cartographer:/home/jay/capstonerobot_ws/install/micro_ros_setup:/home/jay/capstonerobot_ws/install/micro_ros_agent:/home/jay/capstonerobot_ws/install/drive_base_msgs:/home/jay/colcon_ws/install/ydlidar_ros2_driver:/home/jay/colcon_ws/install/action_msgs:/home/jay/colcon_ws/install/unique_identifier_msgs:/home/jay/colcon_ws/install/turtlebot3_simulations:/home/jay/colcon_ws/install/turtlebot3_gazebo:/home/jay/colcon_ws/install/turtlebot3_fake_node:/home/jay/colcon_ws/install/std_srvs:/home/jay/colcon_ws/install/drive_base_msgs:/home/jay/colcon_ws/install/std_msgs:/home/jay/colcon_ws/install/rmw_microxrcedds:/home/jay/colcon_ws/install/rosidl_typesupport_microxrcedds_cpp:/home/jay/colcon_ws/install/rosidl_typesupport_microxrcedds_c:/home/jay/colcon_ws/install/rcl_interfaces:/home/jay/colcon_ws/install/microxrcedds_client:/home/jay/colcon_ws/install/microcdr:/home/jay/colcon_ws/install/micro_ros_setup:/home/jay/colcon_ws/install/micro_ros_agent:/home/jay/colcon_ws/install/micro_ros_msgs:/home/jay/colcon_ws/install/complex_msgs:/home/jay/colcon_ws/install/builtin_interfaces:/home/jay/capstonerobot_ws/install/turtlebot3_teleop:/home/jay/capstonerobot_ws/install/turtlebot3_example:/opt/ros/foxy LD_LIBRARY_PATH=/home/jay/capstonerobot_ws/install/micro_ros_msgs/lib:/home/jay/capstonerobot_ws/install/turtlebot3_msgs/lib:/home/jay/capstonerobot_ws/install/micro_ros_agent/lib:/home/jay/capstonerobot_ws/install/drive_base_msgs/lib:/home/jay/colcon_ws/install/action_msgs/lib:/home/jay/colcon_ws/install/unique_identifier_msgs/lib:/home/jay/colcon_ws/install/std_srvs/lib:/home/jay/colcon_ws/install/drive_base_msgs/lib:/home/jay/colcon_ws/install/std_msgs/lib:/home/jay/colcon_ws/install/rmw_microxrcedds/lib:/home/jay/colcon_ws/install/rosidl_typesupport_microxrcedds_cpp/lib:/home/jay/colcon_ws/install/rosidl_typesupport_microxrcedds_c/lib:/home/jay/colcon_ws/install/rcl_interfaces/lib:/home/jay/colcon_ws/install/micro_ros_agent/lib:/home/jay/colcon_ws/install/micro_ros_msgs/lib:/home/jay/colcon_ws/install/complex_msgs/lib:/home/jay/colcon_ws/install/builtin_interfaces/lib:/usr/lib/aarch64-linux-gnu/gazebo-11/plugins:/opt/ros/foxy/opt/yaml_cpp_vendor/lib:/opt/ros/foxy/opt/rviz_ogre_vendor/lib:/opt/ros/foxy/lib/aarch64-linux-gnu:/opt/ros/foxy/lib PYTHONPATH=/home/jay/capstonerobot_ws/install/micro_ros_msgs/lib/python3.8/site-packages:/home/jay/capstonerobot_ws/build/turtlebot3_teleop:/home/jay/capstonerobot_ws/install/turtlebot3_teleop/lib/python3.8/site-packages:/home/jay/capstonerobot_ws/build/turtlebot3_example:/home/jay/capstonerobot_ws/install/turtlebot3_example/lib/python3.8/site-packages:/home/jay/capstonerobot_ws/install/turtlebot3_msgs/lib/python3.8/site-packages:/home/jay/capstonerobot_ws/install/drive_base_msgs/lib/python3.8/site-packages:/home/jay/colcon_ws/install/action_msgs/lib/python3.8/site-packages:/home/jay/colcon_ws/install/unique_identifier_msgs/lib/python3.8/site-packages:/home/jay/colcon_ws/install/std_srvs/lib/python3.8/site-packages:/home/jay/colcon_ws/install/drive_base_msgs/lib/python3.8/site-packages:/home/jay/colcon_ws/install/std_msgs/lib/python3.8/site-packages:/home/jay/colcon_ws/install/rosidl_typesupport_microxrcedds_cpp/lib/python3.8/site-packages:/home/jay/colcon_ws/install/rosidl_typesupport_microxrcedds_c/lib/python3.8/site-packages:/home/jay/colcon_ws/install/rcl_interfaces/lib/python3.8/site-packages:/home/jay/colcon_ws/install/micro_ros_msgs/lib/python3.8/site-packages:/home/jay/colcon_ws/install/complex_msgs/lib/python3.8/site-packages:/home/jay/colcon_ws/install/builtin_interfaces/lib/python3.8/site-packages:/opt/ros/foxy/lib/python3.8/site-packages /usr/bin/cmake --install /home/jay/capstonerobot_ws/build/micro_ros_agent
[5.809s] Level 1:colcon.colcon_core.environment:create_environment_scripts_only(micro_ros_agent)
[5.812s] Level 1:colcon.colcon_core.environment:checking '/home/jay/capstonerobot_ws/install/micro_ros_agent' for CMake module files
[5.812s] Level 1:colcon.colcon_core.environment:checking '/home/jay/capstonerobot_ws/install/micro_ros_agent' for CMake config files
[5.814s] DEBUG:colcon.colcon_core.event_handler.log_command:Invoked command in '/home/jay/capstonerobot_ws/build/micro_ros_agent' returned '0': CMAKE_PREFIX_PATH=/home/jay/capstonerobot_ws/install/micro_ros_msgs:/home/jay/capstonerobot_ws/install/ydlidar_ros2_driver:/home/jay/capstonerobot_ws/install/turtlebot3:/home/jay/capstonerobot_ws/install/turtlebot3_simulations:/home/jay/capstonerobot_ws/install/turtlebot3_bringup:/home/jay/capstonerobot_ws/install/turtlebot3_node:/home/jay/capstonerobot_ws/install/turtlebot3_navigation2:/home/jay/capstonerobot_ws/install/turtlebot3_fake_node:/home/jay/capstonerobot_ws/install/turtlebot3_msgs:/home/jay/capstonerobot_ws/install/turtlebot3_gazebo:/home/jay/capstonerobot_ws/install/turtlebot3_description:/home/jay/capstonerobot_ws/install/turtlebot3_cartographer:/home/jay/capstonerobot_ws/install/micro_ros_setup:/home/jay/capstonerobot_ws/install/micro_ros_agent:/home/jay/capstonerobot_ws/install/drive_base_msgs:/home/jay/colcon_ws/install/ydlidar_ros2_driver:/home/jay/colcon_ws/install/action_msgs:/home/jay/colcon_ws/install/unique_identifier_msgs:/home/jay/colcon_ws/install/turtlebot3_simulations:/home/jay/colcon_ws/install/turtlebot3_gazebo:/home/jay/colcon_ws/install/turtlebot3_fake_node:/home/jay/colcon_ws/install/std_srvs:/home/jay/colcon_ws/install/drive_base_msgs:/home/jay/colcon_ws/install/std_msgs:/home/jay/colcon_ws/install/rmw_microxrcedds:/home/jay/colcon_ws/install/rosidl_typesupport_microxrcedds_cpp:/home/jay/colcon_ws/install/rosidl_typesupport_microxrcedds_c:/home/jay/colcon_ws/install/rcl_interfaces:/home/jay/colcon_ws/install/microxrcedds_client:/home/jay/colcon_ws/install/microcdr:/home/jay/colcon_ws/install/micro_ros_setup:/home/jay/colcon_ws/install/micro_ros_agent:/home/jay/colcon_ws/install/micro_ros_msgs:/home/jay/colcon_ws/install/complex_msgs:/home/jay/colcon_ws/install/builtin_interfaces:/home/jay/capstonerobot_ws/install/turtlebot3_teleop:/home/jay/capstonerobot_ws/install/turtlebot3_example:/opt/ros/foxy LD_LIBRARY_PATH=/home/jay/capstonerobot_ws/install/micro_ros_msgs/lib:/home/jay/capstonerobot_ws/install/turtlebot3_msgs/lib:/home/jay/capstonerobot_ws/install/micro_ros_agent/lib:/home/jay/capstonerobot_ws/install/drive_base_msgs/lib:/home/jay/colcon_ws/install/action_msgs/lib:/home/jay/colcon_ws/install/unique_identifier_msgs/lib:/home/jay/colcon_ws/install/std_srvs/lib:/home/jay/colcon_ws/install/drive_base_msgs/lib:/home/jay/colcon_ws/install/std_msgs/lib:/home/jay/colcon_ws/install/rmw_microxrcedds/lib:/home/jay/colcon_ws/install/rosidl_typesupport_microxrcedds_cpp/lib:/home/jay/colcon_ws/install/rosidl_typesupport_microxrcedds_c/lib:/home/jay/colcon_ws/install/rcl_interfaces/lib:/home/jay/colcon_ws/install/micro_ros_agent/lib:/home/jay/colcon_ws/install/micro_ros_msgs/lib:/home/jay/colcon_ws/install/complex_msgs/lib:/home/jay/colcon_ws/install/builtin_interfaces/lib:/usr/lib/aarch64-linux-gnu/gazebo-11/plugins:/opt/ros/foxy/opt/yaml_cpp_vendor/lib:/opt/ros/foxy/opt/rviz_ogre_vendor/lib:/opt/ros/foxy/lib/aarch64-linux-gnu:/opt/ros/foxy/lib PYTHONPATH=/home/jay/capstonerobot_ws/install/micro_ros_msgs/lib/python3.8/site-packages:/home/jay/capstonerobot_ws/build/turtlebot3_teleop:/home/jay/capstonerobot_ws/install/turtlebot3_teleop/lib/python3.8/site-packages:/home/jay/capstonerobot_ws/build/turtlebot3_example:/home/jay/capstonerobot_ws/install/turtlebot3_example/lib/python3.8/site-packages:/home/jay/capstonerobot_ws/install/turtlebot3_msgs/lib/python3.8/site-packages:/home/jay/capstonerobot_ws/install/drive_base_msgs/lib/python3.8/site-packages:/home/jay/colcon_ws/install/action_msgs/lib/python3.8/site-packages:/home/jay/colcon_ws/install/unique_identifier_msgs/lib/python3.8/site-packages:/home/jay/colcon_ws/install/std_srvs/lib/python3.8/site-packages:/home/jay/colcon_ws/install/drive_base_msgs/lib/python3.8/site-packages:/home/jay/colcon_ws/install/std_msgs/lib/python3.8/site-packages:/home/jay/colcon_ws/install/rosidl_typesupport_microxrcedds_cpp/lib/python3.8/site-packages:/home/jay/colcon_ws/install/rosidl_typesupport_microxrcedds_c/lib/python3.8/site-packages:/home/jay/colcon_ws/install/rcl_interfaces/lib/python3.8/site-packages:/home/jay/colcon_ws/install/micro_ros_msgs/lib/python3.8/site-packages:/home/jay/colcon_ws/install/complex_msgs/lib/python3.8/site-packages:/home/jay/colcon_ws/install/builtin_interfaces/lib/python3.8/site-packages:/opt/ros/foxy/lib/python3.8/site-packages /usr/bin/cmake --install /home/jay/capstonerobot_ws/build/micro_ros_agent
[5.815s] Level 1:colcon.colcon_core.shell:create_environment_hook('micro_ros_agent', 'cmake_prefix_path')
[5.816s] INFO:colcon.colcon_core.shell:Creating environment hook '/home/jay/capstonerobot_ws/install/micro_ros_agent/share/micro_ros_agent/hook/cmake_prefix_path.ps1'
[5.819s] INFO:colcon.colcon_core.shell:Creating environment descriptor '/home/jay/capstonerobot_ws/install/micro_ros_agent/share/micro_ros_agent/hook/cmake_prefix_path.dsv'
[5.819s] INFO:colcon.colcon_core.shell:Creating environment hook '/home/jay/capstonerobot_ws/install/micro_ros_agent/share/micro_ros_agent/hook/cmake_prefix_path.sh'
[5.820s] Level 1:colcon.colcon_core.environment:checking '/home/jay/capstonerobot_ws/install/micro_ros_agent/lib'
[5.820s] Level 1:colcon.colcon_core.shell:create_environment_hook('micro_ros_agent', 'ld_library_path_lib')
[5.823s] INFO:colcon.colcon_core.shell:Creating environment hook '/home/jay/capstonerobot_ws/install/micro_ros_agent/share/micro_ros_agent/hook/ld_library_path_lib.ps1'
[5.824s] INFO:colcon.colcon_core.shell:Creating environment descriptor '/home/jay/capstonerobot_ws/install/micro_ros_agent/share/micro_ros_agent/hook/ld_library_path_lib.dsv'
[5.824s] INFO:colcon.colcon_core.shell:Creating environment hook '/home/jay/capstonerobot_ws/install/micro_ros_agent/share/micro_ros_agent/hook/ld_library_path_lib.sh'
[5.825s] Level 1:colcon.colcon_core.environment:checking '/home/jay/capstonerobot_ws/install/micro_ros_agent/bin'
[5.825s] Level 1:colcon.colcon_core.environment:checking '/home/jay/capstonerobot_ws/install/micro_ros_agent/lib/pkgconfig/micro_ros_agent.pc'
[5.827s] Level 1:colcon.colcon_core.environment:checking '/home/jay/capstonerobot_ws/install/micro_ros_agent/lib/python3.8/site-packages'
[5.828s] Level 1:colcon.colcon_core.environment:checking '/home/jay/capstonerobot_ws/install/micro_ros_agent/bin'
[5.831s] INFO:colcon.colcon_core.shell:Creating package script '/home/jay/capstonerobot_ws/install/micro_ros_agent/share/micro_ros_agent/package.ps1'
[5.832s] INFO:colcon.colcon_core.shell:Creating package descriptor '/home/jay/capstonerobot_ws/install/micro_ros_agent/share/micro_ros_agent/package.dsv'
[5.833s] INFO:colcon.colcon_core.shell:Creating package script '/home/jay/capstonerobot_ws/install/micro_ros_agent/share/micro_ros_agent/package.sh'
[5.833s] INFO:colcon.colcon_core.shell:Creating package script '/home/jay/capstonerobot_ws/install/micro_ros_agent/share/micro_ros_agent/package.bash'
[5.834s] INFO:colcon.colcon_core.shell:Creating package script '/home/jay/capstonerobot_ws/install/micro_ros_agent/share/micro_ros_agent/package.zsh'
[5.834s] Level 1:colcon.colcon_core.environment:create_file_with_runtime_dependencies(/home/jay/capstonerobot_ws/install/micro_ros_agent/share/colcon-core/packages/micro_ros_agent)
[6.320s] Level 1:colcon.colcon_core.environment:create_environment_scripts_only(micro_ros_agent)
[6.324s] Level 1:colcon.colcon_core.environment:checking '/home/jay/capstonerobot_ws/install/micro_ros_agent' for CMake module files
[6.325s] Level 1:colcon.colcon_core.environment:checking '/home/jay/capstonerobot_ws/install/micro_ros_agent' for CMake config files
[6.326s] Level 1:colcon.colcon_core.shell:create_environment_hook('micro_ros_agent', 'cmake_prefix_path')
[6.328s] INFO:colcon.colcon_core.shell:Creating environment hook '/home/jay/capstonerobot_ws/install/micro_ros_agent/share/micro_ros_agent/hook/cmake_prefix_path.ps1'
[6.328s] INFO:colcon.colcon_core.shell:Creating environment descriptor '/home/jay/capstonerobot_ws/install/micro_ros_agent/share/micro_ros_agent/hook/cmake_prefix_path.dsv'
[6.329s] INFO:colcon.colcon_core.shell:Creating environment hook '/home/jay/capstonerobot_ws/install/micro_ros_agent/share/micro_ros_agent/hook/cmake_prefix_path.sh'
[6.334s] Level 1:colcon.colcon_core.environment:checking '/home/jay/capstonerobot_ws/install/micro_ros_agent/lib'
[6.334s] Level 1:colcon.colcon_core.shell:create_environment_hook('micro_ros_agent', 'ld_library_path_lib')
[6.335s] INFO:colcon.colcon_core.shell:Creating environment hook '/home/jay/capstonerobot_ws/install/micro_ros_agent/share/micro_ros_agent/hook/ld_library_path_lib.ps1'
[6.336s] INFO:colcon.colcon_core.shell:Creating environment descriptor '/home/jay/capstonerobot_ws/install/micro_ros_agent/share/micro_ros_agent/hook/ld_library_path_lib.dsv'
[6.336s] INFO:colcon.colcon_core.shell:Creating environment hook '/home/jay/capstonerobot_ws/install/micro_ros_agent/share/micro_ros_agent/hook/ld_library_path_lib.sh'
[6.336s] Level 1:colcon.colcon_core.environment:checking '/home/jay/capstonerobot_ws/install/micro_ros_agent/bin'
[6.337s] Level 1:colcon.colcon_core.environment:checking '/home/jay/capstonerobot_ws/install/micro_ros_agent/lib/pkgconfig/micro_ros_agent.pc'
[6.338s] Level 1:colcon.colcon_core.environment:checking '/home/jay/capstonerobot_ws/install/micro_ros_agent/lib/python3.8/site-packages'
[6.338s] Level 1:colcon.colcon_core.environment:checking '/home/jay/capstonerobot_ws/install/micro_ros_agent/bin'
[6.342s] INFO:colcon.colcon_core.shell:Creating package script '/home/jay/capstonerobot_ws/install/micro_ros_agent/share/micro_ros_agent/package.ps1'
[6.342s] INFO:colcon.colcon_core.shell:Creating package descriptor '/home/jay/capstonerobot_ws/install/micro_ros_agent/share/micro_ros_agent/package.dsv'
[6.347s] INFO:colcon.colcon_core.shell:Creating package script '/home/jay/capstonerobot_ws/install/micro_ros_agent/share/micro_ros_agent/package.sh'
[6.354s] INFO:colcon.colcon_core.shell:Creating package script '/home/jay/capstonerobot_ws/install/micro_ros_agent/share/micro_ros_agent/package.bash'
[6.355s] INFO:colcon.colcon_core.shell:Creating package script '/home/jay/capstonerobot_ws/install/micro_ros_agent/share/micro_ros_agent/package.zsh'
[6.356s] Level 1:colcon.colcon_core.environment:create_file_with_runtime_dependencies(/home/jay/capstonerobot_ws/install/micro_ros_agent/share/colcon-core/packages/micro_ros_agent)
[6.359s] DEBUG:colcon.colcon_parallel_executor.executor.parallel:closing loop
[6.359s] DEBUG:colcon.colcon_parallel_executor.executor.parallel:loop closed
[6.359s] DEBUG:colcon.colcon_parallel_executor.executor.parallel:run_until_complete finished with '0'
[6.360s] DEBUG:colcon.colcon_core.event_reactor:joining thread
[6.368s] INFO:colcon.colcon_core.plugin_system:Skipping extension 'colcon_notification.desktop_notification.terminal_notifier': Not used on non-Darwin systems
[6.368s] INFO:colcon.colcon_core.plugin_system:Skipping extension 'colcon_notification.desktop_notification.win32': Not used on non-Windows systems
[6.368s] INFO:colcon.colcon_notification.desktop_notification:Sending desktop notification using 'notify2'
[6.395s] DEBUG:colcon.colcon_core.event_reactor:joined thread
[6.396s] INFO:colcon.colcon_core.shell:Creating prefix script '/home/jay/capstonerobot_ws/install/local_setup.ps1'
[6.398s] INFO:colcon.colcon_core.shell:Creating prefix util module '/home/jay/capstonerobot_ws/install/_local_setup_util_ps1.py'
[6.399s] INFO:colcon.colcon_core.shell:Creating prefix chain script '/home/jay/capstonerobot_ws/install/setup.ps1'
[6.403s] INFO:colcon.colcon_core.shell:Creating prefix script '/home/jay/capstonerobot_ws/install/local_setup.sh'
[6.404s] INFO:colcon.colcon_core.shell:Creating prefix util module '/home/jay/capstonerobot_ws/install/_local_setup_util_sh.py'
[6.405s] INFO:colcon.colcon_core.shell:Creating prefix chain script '/home/jay/capstonerobot_ws/install/setup.sh'
[6.409s] INFO:colcon.colcon_core.shell:Creating prefix script '/home/jay/capstonerobot_ws/install/local_setup.bash'
[6.413s] INFO:colcon.colcon_core.shell:Creating prefix chain script '/home/jay/capstonerobot_ws/install/setup.bash'
[6.420s] INFO:colcon.colcon_core.shell:Creating prefix script '/home/jay/capstonerobot_ws/install/local_setup.zsh'
[6.422s] INFO:colcon.colcon_core.shell:Creating prefix chain script '/home/jay/capstonerobot_ws/install/setup.zsh'
