[0.154s] Invoking command in '/home/jay/capstonerobot_ws/build/turtlebot3_cartographer': CMAKE_PREFIX_PATH=${CMAKE_PREFIX_PATH}:/home/jay/capstonerobot_ws/install/turtlebot3_teleop:/home/jay/capstonerobot_ws/install/turtlebot3_example:/opt/ros/foxy /usr/bin/cmake /home/jay/capstonerobot_ws/src/turtlebot3/turtlebot3_cartographer -DCMAKE_INSTALL_PREFIX=/home/jay/capstonerobot_ws/install/turtlebot3_cartographer
[0.218s] -- Found ament_cmake: 0.9.12 (/opt/ros/foxy/share/ament_cmake/cmake)
[0.315s] -- Using PYTHON_EXECUTABLE: /usr/bin/python3
[0.716s] -- Override CMake install command with custom implementation using symlinks instead of copying resources
[0.867s] -- Configuring done
[0.870s] -- Generating done
[0.877s] -- Build files have been written to: /home/jay/capstonerobot_ws/build/turtlebot3_cartographer
[0.895s] Invoked command in '/home/jay/capstonerobot_ws/build/turtlebot3_cartographer' returned '0': CMAKE_PREFIX_PATH=${CMAKE_PREFIX_PATH}:/home/jay/capstonerobot_ws/install/turtlebot3_teleop:/home/jay/capstonerobot_ws/install/turtlebot3_example:/opt/ros/foxy /usr/bin/cmake /home/jay/capstonerobot_ws/src/turtlebot3/turtlebot3_cartographer -DCMAKE_INSTALL_PREFIX=/home/jay/capstonerobot_ws/install/turtlebot3_cartographer
[0.896s] Invoking command in '/home/jay/capstonerobot_ws/build/turtlebot3_cartographer': CMAKE_PREFIX_PATH=${CMAKE_PREFIX_PATH}:/home/jay/capstonerobot_ws/install/turtlebot3_teleop:/home/jay/capstonerobot_ws/install/turtlebot3_example:/opt/ros/foxy /usr/bin/cmake --build /home/jay/capstonerobot_ws/build/turtlebot3_cartographer -- -j4 -l4
[1.089s] Invoked command in '/home/jay/capstonerobot_ws/build/turtlebot3_cartographer' returned '0': CMAKE_PREFIX_PATH=${CMAKE_PREFIX_PATH}:/home/jay/capstonerobot_ws/install/turtlebot3_teleop:/home/jay/capstonerobot_ws/install/turtlebot3_example:/opt/ros/foxy /usr/bin/cmake --build /home/jay/capstonerobot_ws/build/turtlebot3_cartographer -- -j4 -l4
[1.330s] Invoking command in '/home/jay/capstonerobot_ws/build/turtlebot3_cartographer': CMAKE_PREFIX_PATH=${CMAKE_PREFIX_PATH}:/home/jay/capstonerobot_ws/install/turtlebot3_teleop:/home/jay/capstonerobot_ws/install/turtlebot3_example:/opt/ros/foxy /usr/bin/cmake --install /home/jay/capstonerobot_ws/build/turtlebot3_cartographer
[1.360s] -- Install configuration: ""
[1.389s] -- Execute custom install script
[1.389s] -- Up-to-date symlink: /home/jay/capstonerobot_ws/install/turtlebot3_cartographer/share/turtlebot3_cartographer/config/turtlebot3_lds_2d.lua
[1.390s] -- Up-to-date symlink: /home/jay/capstonerobot_ws/install/turtlebot3_cartographer/share/turtlebot3_cartographer/launch/cartographer.launch.py
[1.390s] -- Up-to-date symlink: /home/jay/capstonerobot_ws/install/turtlebot3_cartographer/share/turtlebot3_cartographer/launch/occupancy_grid.launch.py
[1.390s] -- Up-to-date symlink: /home/jay/capstonerobot_ws/install/turtlebot3_cartographer/share/turtlebot3_cartographer/rviz/tb3_cartographer.rviz
[1.390s] -- Up-to-date symlink: /home/jay/capstonerobot_ws/install/turtlebot3_cartographer/share/ament_index/resource_index/package_run_dependencies/turtlebot3_cartographer
[1.391s] -- Up-to-date symlink: /home/jay/capstonerobot_ws/install/turtlebot3_cartographer/share/ament_index/resource_index/parent_prefix_path/turtlebot3_cartographer
[1.391s] -- Up-to-date symlink: /home/jay/capstonerobot_ws/install/turtlebot3_cartographer/share/turtlebot3_cartographer/environment/ament_prefix_path.sh
[1.391s] -- Up-to-date symlink: /home/jay/capstonerobot_ws/install/turtlebot3_cartographer/share/turtlebot3_cartographer/environment/ament_prefix_path.dsv
[1.392s] -- Up-to-date symlink: /home/jay/capstonerobot_ws/install/turtlebot3_cartographer/share/turtlebot3_cartographer/environment/path.sh
[1.392s] -- Up-to-date symlink: /home/jay/capstonerobot_ws/install/turtlebot3_cartographer/share/turtlebot3_cartographer/environment/path.dsv
[1.392s] -- Up-to-date symlink: /home/jay/capstonerobot_ws/install/turtlebot3_cartographer/share/turtlebot3_cartographer/local_setup.bash
[1.393s] -- Up-to-date symlink: /home/jay/capstonerobot_ws/install/turtlebot3_cartographer/share/turtlebot3_cartographer/local_setup.sh
[1.393s] -- Up-to-date symlink: /home/jay/capstonerobot_ws/install/turtlebot3_cartographer/share/turtlebot3_cartographer/local_setup.zsh
[1.393s] -- Up-to-date symlink: /home/jay/capstonerobot_ws/install/turtlebot3_cartographer/share/turtlebot3_cartographer/local_setup.dsv
[1.393s] -- Symlinking: /home/jay/capstonerobot_ws/install/turtlebot3_cartographer/share/turtlebot3_cartographer/package.dsv
[1.431s] -- Up-to-date symlink: /home/jay/capstonerobot_ws/install/turtlebot3_cartographer/share/ament_index/resource_index/packages/turtlebot3_cartographer
[1.431s] -- Up-to-date symlink: /home/jay/capstonerobot_ws/install/turtlebot3_cartographer/share/turtlebot3_cartographer/cmake/turtlebot3_cartographerConfig.cmake
[1.431s] -- Up-to-date symlink: /home/jay/capstonerobot_ws/install/turtlebot3_cartographer/share/turtlebot3_cartographer/cmake/turtlebot3_cartographerConfig-version.cmake
[1.431s] -- Up-to-date symlink: /home/jay/capstonerobot_ws/install/turtlebot3_cartographer/share/turtlebot3_cartographer/package.xml
[1.440s] Invoked command in '/home/jay/capstonerobot_ws/build/turtlebot3_cartographer' returned '0': CMAKE_PREFIX_PATH=${CMAKE_PREFIX_PATH}:/home/jay/capstonerobot_ws/install/turtlebot3_teleop:/home/jay/capstonerobot_ws/install/turtlebot3_example:/opt/ros/foxy /usr/bin/cmake --install /home/jay/capstonerobot_ws/build/turtlebot3_cartographer
