[0.669s] Invoking command in '/home/jay/capstonerobot_ws/build/turtlebot3_teleop': PYTHONPATH=/home/jay/capstonerobot_ws/build/turtlebot3_teleop/prefix_override:/home/jay/capstonerobot_ws/install/turtlebot3_teleop/lib/python3.8/site-packages:${PYTHONPATH} /usr/bin/python3 setup.py develop --uninstall --editable --build-directory /home/jay/capstonerobot_ws/build/turtlebot3_teleop/build
[0.914s] running develop
[1.129s] Invoked command in '/home/jay/capstonerobot_ws/build/turtlebot3_teleop' returned '0': PYTHONPATH=/home/jay/capstonerobot_ws/build/turtlebot3_teleop/prefix_override:/home/jay/capstonerobot_ws/install/turtlebot3_teleop/lib/python3.8/site-packages:${PYTHONPATH} /usr/bin/python3 setup.py develop --uninstall --editable --build-directory /home/jay/capstonerobot_ws/build/turtlebot3_teleop/build
[1.133s] Invoking command in '/home/jay/capstonerobot_ws/src/turtlebot3/turtlebot3_teleop': PYTHONPATH=/home/jay/capstonerobot_ws/build/turtlebot3_teleop/prefix_override:/home/jay/capstonerobot_ws/install/turtlebot3_teleop/lib/python3.8/site-packages:${PYTHONPATH} /usr/bin/python3 setup.py egg_info --egg-base ../../../build/turtlebot3_teleop build --build-base /home/jay/capstonerobot_ws/build/turtlebot3_teleop/build install --record /home/jay/capstonerobot_ws/build/turtlebot3_teleop/install.log --single-version-externally-managed
[1.391s] running egg_info
[1.392s] writing ../../../build/turtlebot3_teleop/turtlebot3_teleop.egg-info/PKG-INFO
[1.393s] writing dependency_links to ../../../build/turtlebot3_teleop/turtlebot3_teleop.egg-info/dependency_links.txt
[1.393s] writing entry points to ../../../build/turtlebot3_teleop/turtlebot3_teleop.egg-info/entry_points.txt
[1.393s] writing requirements to ../../../build/turtlebot3_teleop/turtlebot3_teleop.egg-info/requires.txt
[1.394s] writing top-level names to ../../../build/turtlebot3_teleop/turtlebot3_teleop.egg-info/top_level.txt
[1.434s] reading manifest file '../../../build/turtlebot3_teleop/turtlebot3_teleop.egg-info/SOURCES.txt'
[1.435s] writing manifest file '../../../build/turtlebot3_teleop/turtlebot3_teleop.egg-info/SOURCES.txt'
[1.435s] running build
[1.435s] running build_py
[1.435s] running install
[1.437s] running install_lib
[1.438s] running install_data
[1.439s] running install_egg_info
[1.441s] removing '/home/jay/capstonerobot_ws/install/turtlebot3_teleop/lib/python3.8/site-packages/turtlebot3_teleop-2.1.4-py3.8.egg-info' (and everything under it)
[1.441s] Copying ../../../build/turtlebot3_teleop/turtlebot3_teleop.egg-info to /home/jay/capstonerobot_ws/install/turtlebot3_teleop/lib/python3.8/site-packages/turtlebot3_teleop-2.1.4-py3.8.egg-info
[1.442s] running install_scripts
[1.467s] Installing teleop_keyboard script to /home/jay/capstonerobot_ws/install/turtlebot3_teleop/lib/turtlebot3_teleop
[1.468s] writing list of installed files to '/home/jay/capstonerobot_ws/build/turtlebot3_teleop/install.log'
[1.495s] Invoked command in '/home/jay/capstonerobot_ws/src/turtlebot3/turtlebot3_teleop' returned '0': PYTHONPATH=/home/jay/capstonerobot_ws/build/turtlebot3_teleop/prefix_override:/home/jay/capstonerobot_ws/install/turtlebot3_teleop/lib/python3.8/site-packages:${PYTHONPATH} /usr/bin/python3 setup.py egg_info --egg-base ../../../build/turtlebot3_teleop build --build-base /home/jay/capstonerobot_ws/build/turtlebot3_teleop/build install --record /home/jay/capstonerobot_ws/build/turtlebot3_teleop/install.log --single-version-externally-managed
