[0.025s] Invoking command in '/home/jay/capstonerobot_ws/build/turtlebot3_fake_node': CMAKE_PREFIX_PATH=${CMAKE_PREFIX_PATH}:/home/jay/colcon_ws/install/turtlebot3_fake_node:/opt/ros/foxy /usr/bin/cmake /home/jay/capstonerobot_ws/src/turtlebot3_simulations/turtlebot3_fake_node -DAMENT_CMAKE_SYMLINK_INSTALL=1 -DCMAKE_INSTALL_PREFIX=/home/jay/capstonerobot_ws/install/turtlebot3_fake_node
[0.104s] -- The C compiler identification is GNU 9.4.0
[0.152s] -- The CXX compiler identification is GNU 9.4.0
[0.156s] -- Check for working C compiler: /usr/bin/cc
[0.213s] -- Check for working C compiler: /usr/bin/cc -- works
[0.213s] -- Detecting C compiler ABI info
[0.276s] -- Detecting C compiler ABI info - done
[0.286s] -- Detecting C compile features
[0.287s] -- Detecting C compile features - done
[0.288s] -- Check for working CXX compiler: /usr/bin/c++
[0.364s] -- Check for working CXX compiler: /usr/bin/c++ -- works
[0.364s] -- Detecting CXX compiler ABI info
[0.431s] -- Detecting CXX compiler ABI info - done
[0.441s] -- Detecting CXX compile features
[0.441s] -- Detecting CXX compile features - done
[0.444s] -- Found ament_cmake: 0.9.12 (/opt/ros/foxy/share/ament_cmake/cmake)
[0.471s] -- Found PythonInterp: /usr/bin/python3 (found suitable version "3.8.10", minimum required is "3") 
[0.471s] -- Using PYTHON_EXECUTABLE: /usr/bin/python3
[0.598s] -- Override CMake install command with custom implementation using symlinks instead of copying resources
[0.632s] -- Found geometry_msgs: 2.0.5 (/opt/ros/foxy/share/geometry_msgs/cmake)
[0.677s] -- Using all available rosidl_typesupport_c: rosidl_typesupport_fastrtps_c;rosidl_typesupport_introspection_c
[0.685s] -- Found rosidl_adapter: 1.3.1 (/opt/ros/foxy/share/rosidl_adapter/cmake)
[0.761s] -- Found OpenSSL: /usr/lib/aarch64-linux-gnu/libcrypto.so (found version "1.1.1f")  
[0.790s] -- Found FastRTPS: /opt/ros/foxy/include  
[0.880s] -- Using all available rosidl_typesupport_cpp: rosidl_typesupport_fastrtps_cpp;rosidl_typesupport_introspection_cpp
[0.960s] -- Found nav_msgs: 2.0.5 (/opt/ros/foxy/share/nav_msgs/cmake)
[1.026s] -- Found rclcpp: 2.4.3 (/opt/ros/foxy/share/rclcpp/cmake)
[1.073s] -- Found rmw_implementation_cmake: 1.0.4 (/opt/ros/foxy/share/rmw_implementation_cmake/cmake)
[1.075s] -- Using RMW implementation 'rmw_cyclonedds_cpp' as default
[1.076s] -- Looking for pthread.h
[1.153s] -- Looking for pthread.h - found
[1.153s] -- Performing Test CMAKE_HAVE_LIBC_PTHREAD
[1.214s] -- Performing Test CMAKE_HAVE_LIBC_PTHREAD - Failed
[1.215s] -- Looking for pthread_create in pthreads
[1.291s] -- Looking for pthread_create in pthreads - not found
[1.291s] -- Looking for pthread_create in pthread
[1.369s] -- Looking for pthread_create in pthread - found
[1.371s] -- Found Threads: TRUE  
[1.493s] -- Found sensor_msgs: 2.0.5 (/opt/ros/foxy/share/sensor_msgs/cmake)
[1.566s] -- Found tf2: 0.13.14 (/opt/ros/foxy/share/tf2/cmake)
[1.577s] -- Found tf2_msgs: 0.13.14 (/opt/ros/foxy/share/tf2_msgs/cmake)
[1.752s] -- Found turtlebot3_msgs: 2.2.1 (/opt/ros/foxy/share/turtlebot3_msgs/cmake)
[1.918s] -- Configuring done
[1.929s] -- Generating done
[1.930s] -- Build files have been written to: /home/jay/capstonerobot_ws/build/turtlebot3_fake_node
[1.941s] Invoked command in '/home/jay/capstonerobot_ws/build/turtlebot3_fake_node' returned '0': CMAKE_PREFIX_PATH=${CMAKE_PREFIX_PATH}:/home/jay/colcon_ws/install/turtlebot3_fake_node:/opt/ros/foxy /usr/bin/cmake /home/jay/capstonerobot_ws/src/turtlebot3_simulations/turtlebot3_fake_node -DAMENT_CMAKE_SYMLINK_INSTALL=1 -DCMAKE_INSTALL_PREFIX=/home/jay/capstonerobot_ws/install/turtlebot3_fake_node
[1.943s] Invoking command in '/home/jay/capstonerobot_ws/build/turtlebot3_fake_node': CMAKE_PREFIX_PATH=${CMAKE_PREFIX_PATH}:/home/jay/colcon_ws/install/turtlebot3_fake_node:/opt/ros/foxy /usr/bin/cmake --build /home/jay/capstonerobot_ws/build/turtlebot3_fake_node -- -j4 -l4
[1.976s] [35m[1mScanning dependencies of target turtlebot3_fake_node[0m
[2.024s] [ 50%] [32mBuilding CXX object CMakeFiles/turtlebot3_fake_node.dir/src/turtlebot3_fake_node.cpp.o[0m
[10.773s] [100%] [32m[1mLinking CXX executable turtlebot3_fake_node[0m
[11.370s] [100%] Built target turtlebot3_fake_node
[11.399s] Invoked command in '/home/jay/capstonerobot_ws/build/turtlebot3_fake_node' returned '0': CMAKE_PREFIX_PATH=${CMAKE_PREFIX_PATH}:/home/jay/colcon_ws/install/turtlebot3_fake_node:/opt/ros/foxy /usr/bin/cmake --build /home/jay/capstonerobot_ws/build/turtlebot3_fake_node -- -j4 -l4
[11.808s] Invoking command in '/home/jay/capstonerobot_ws/build/turtlebot3_fake_node': CMAKE_PREFIX_PATH=${CMAKE_PREFIX_PATH}:/home/jay/colcon_ws/install/turtlebot3_fake_node:/opt/ros/foxy /usr/bin/cmake --install /home/jay/capstonerobot_ws/build/turtlebot3_fake_node
[11.849s] -- Install configuration: ""
[11.850s] -- Execute custom install script
[11.850s] -- Symlinking: /home/jay/capstonerobot_ws/install/turtlebot3_fake_node/lib/turtlebot3_fake_node/turtlebot3_fake_node
[11.870s] -- Symlinking: /home/jay/capstonerobot_ws/install/turtlebot3_fake_node/share/turtlebot3_fake_node/launch/rviz2.launch.py
[11.905s] -- Symlinking: /home/jay/capstonerobot_ws/install/turtlebot3_fake_node/share/turtlebot3_fake_node/launch/turtlebot3_fake_node.launch.py
[11.943s] -- Symlinking: /home/jay/capstonerobot_ws/install/turtlebot3_fake_node/share/turtlebot3_fake_node/param/burger.yaml
[11.968s] -- Symlinking: /home/jay/capstonerobot_ws/install/turtlebot3_fake_node/share/turtlebot3_fake_node/param/waffle.yaml
[11.984s] -- Symlinking: /home/jay/capstonerobot_ws/install/turtlebot3_fake_node/share/turtlebot3_fake_node/param/waffle_pi.yaml
[11.997s] -- Symlinking: /home/jay/capstonerobot_ws/install/turtlebot3_fake_node/share/turtlebot3_fake_node/rviz/model.rviz
[12.008s] -- Symlinking: /home/jay/capstonerobot_ws/install/turtlebot3_fake_node/include//turtlebot3_fake_node/turtlebot3_fake_node.hpp
[12.019s] -- Symlinking: /home/jay/capstonerobot_ws/install/turtlebot3_fake_node/share/ament_index/resource_index/package_run_dependencies/turtlebot3_fake_node
[12.028s] -- Symlinking: /home/jay/capstonerobot_ws/install/turtlebot3_fake_node/share/ament_index/resource_index/parent_prefix_path/turtlebot3_fake_node
[12.037s] -- Symlinking: /home/jay/capstonerobot_ws/install/turtlebot3_fake_node/share/turtlebot3_fake_node/environment/ament_prefix_path.sh
[12.045s] -- Symlinking: /home/jay/capstonerobot_ws/install/turtlebot3_fake_node/share/turtlebot3_fake_node/environment/ament_prefix_path.dsv
[12.054s] -- Symlinking: /home/jay/capstonerobot_ws/install/turtlebot3_fake_node/share/turtlebot3_fake_node/environment/path.sh
[12.061s] -- Symlinking: /home/jay/capstonerobot_ws/install/turtlebot3_fake_node/share/turtlebot3_fake_node/environment/path.dsv
[12.070s] -- Symlinking: /home/jay/capstonerobot_ws/install/turtlebot3_fake_node/share/turtlebot3_fake_node/local_setup.bash
[12.083s] -- Symlinking: /home/jay/capstonerobot_ws/install/turtlebot3_fake_node/share/turtlebot3_fake_node/local_setup.sh
[12.092s] -- Symlinking: /home/jay/capstonerobot_ws/install/turtlebot3_fake_node/share/turtlebot3_fake_node/local_setup.zsh
[12.101s] -- Symlinking: /home/jay/capstonerobot_ws/install/turtlebot3_fake_node/share/turtlebot3_fake_node/local_setup.dsv
[12.113s] -- Symlinking: /home/jay/capstonerobot_ws/install/turtlebot3_fake_node/share/turtlebot3_fake_node/package.dsv
[12.129s] -- Symlinking: /home/jay/capstonerobot_ws/install/turtlebot3_fake_node/share/ament_index/resource_index/packages/turtlebot3_fake_node
[12.142s] -- Symlinking: /home/jay/capstonerobot_ws/install/turtlebot3_fake_node/share/turtlebot3_fake_node/cmake/ament_cmake_export_include_directories-extras.cmake
[12.153s] -- Symlinking: /home/jay/capstonerobot_ws/install/turtlebot3_fake_node/share/turtlebot3_fake_node/cmake/ament_cmake_export_dependencies-extras.cmake
[12.162s] -- Symlinking: /home/jay/capstonerobot_ws/install/turtlebot3_fake_node/share/turtlebot3_fake_node/cmake/turtlebot3_fake_nodeConfig.cmake
[12.170s] -- Symlinking: /home/jay/capstonerobot_ws/install/turtlebot3_fake_node/share/turtlebot3_fake_node/cmake/turtlebot3_fake_nodeConfig-version.cmake
[12.187s] -- Symlinking: /home/jay/capstonerobot_ws/install/turtlebot3_fake_node/share/turtlebot3_fake_node/package.xml
[12.208s] Invoked command in '/home/jay/capstonerobot_ws/build/turtlebot3_fake_node' returned '0': CMAKE_PREFIX_PATH=${CMAKE_PREFIX_PATH}:/home/jay/colcon_ws/install/turtlebot3_fake_node:/opt/ros/foxy /usr/bin/cmake --install /home/jay/capstonerobot_ws/build/turtlebot3_fake_node
