[0.167s] DEBUG:colcon:Command line arguments: ['/usr/bin/colcon', 'build', '--packages-up-to', 'micro_ros_agent', '--cmake-args', '-DUAGENT_BUILD_EXECUTABLE=OFF', '-DUAGENT_P2P_PROFILE=OFF', '--no-warn-unused-cli']
[0.167s] DEBUG:colcon:Parsed command line arguments: Namespace(allow_overriding=[], ament_cmake_args=None, base_paths=['.'], build_base='build', catkin_cmake_args=None, catkin_skip_building_tests=False, cmake_args=['-DUAGENT_BUILD_EXECUTABLE=OFF', '-DUAGENT_P2P_PROFILE=OFF', '--no-warn-unused-cli'], cmake_clean_cache=False, cmake_clean_first=False, cmake_force_configure=False, cmake_target=None, cmake_target_skip_unavailable=False, continue_on_error=False, event_handlers=None, executor='parallel', ignore_user_meta=False, install_base='install', log_base=None, log_level=None, main=<bound method BuildVerb.main of <colcon_core.verb.build.BuildVerb object at 0xffff88f4f310>>, merge_install=False, metas=['./colcon.meta'], packages_above=None, packages_above_and_dependencies=None, packages_above_depth=None, packages_end=None, packages_ignore=None, packages_ignore_regex=None, packages_select=None, packages_select_build_failed=False, packages_select_by_dep=None, packages_select_regex=None, packages_select_test_failures=False, packages_skip=None, packages_skip_build_finished=False, packages_skip_by_dep=None, packages_skip_regex=None, packages_skip_test_passed=False, packages_skip_up_to=None, packages_start=None, packages_up_to=['micro_ros_agent'], packages_up_to_regex=None, parallel_workers=4, paths=None, symlink_install=False, test_result_base=None, verb_extension=<colcon_core.verb.build.BuildVerb object at 0xffff88f4f310>, verb_name='build', verb_parser=<colcon_defaults.argument_parser.defaults.DefaultArgumentsDecorator object at 0xffff88f4f850>)
[0.180s] Level 1:colcon.colcon_core.package_discovery:discover_packages(colcon_meta) check parameters
[0.180s] Level 1:colcon.colcon_core.package_discovery:discover_packages(recursive) check parameters
[0.180s] Level 1:colcon.colcon_core.package_discovery:discover_packages(ignore) check parameters
[0.180s] Level 1:colcon.colcon_core.package_discovery:discover_packages(path) check parameters
[0.180s] Level 1:colcon.colcon_core.package_discovery:discover_packages(colcon_meta) discover
[0.180s] Level 1:colcon.colcon_core.package_discovery:discover_packages(recursive) discover
[0.180s] INFO:colcon.colcon_core.package_discovery:Crawling recursively for packages in '/home/jay/capstonerobot_ws'
[0.180s] Level 1:colcon.colcon_core.package_identification:_identify(.) by extensions ['ignore', 'ignore_ament_install']
[0.180s] Level 1:colcon.colcon_core.package_identification:_identify(.) by extension 'ignore'
[0.180s] Level 1:colcon.colcon_core.package_identification:_identify(.) by extension 'ignore_ament_install'
[0.180s] Level 1:colcon.colcon_core.package_identification:_identify(.) by extensions ['colcon_pkg']
[0.180s] Level 1:colcon.colcon_core.package_identification:_identify(.) by extension 'colcon_pkg'
[0.180s] Level 1:colcon.colcon_core.package_identification:_identify(.) by extensions ['colcon_meta']
[0.180s] Level 1:colcon.colcon_core.package_identification:_identify(.) by extension 'colcon_meta'
[0.180s] Level 1:colcon.colcon_core.package_identification:_identify(.) by extensions ['ros']
[0.180s] Level 1:colcon.colcon_core.package_identification:_identify(.) by extension 'ros'
[0.190s] Level 1:colcon.colcon_core.package_identification:_identify(.) by extensions ['cmake', 'python']
[0.190s] Level 1:colcon.colcon_core.package_identification:_identify(.) by extension 'cmake'
[0.190s] Level 1:colcon.colcon_core.package_identification:_identify(.) by extension 'python'
[0.190s] Level 1:colcon.colcon_core.package_identification:_identify(.) by extensions ['python_setup_py']
[0.190s] Level 1:colcon.colcon_core.package_identification:_identify(.) by extension 'python_setup_py'
[0.190s] Level 1:colcon.colcon_core.package_identification:_identify(build) by extensions ['ignore', 'ignore_ament_install']
[0.190s] Level 1:colcon.colcon_core.package_identification:_identify(build) by extension 'ignore'
[0.190s] Level 1:colcon.colcon_core.package_identification:_identify(build) ignored
[0.190s] Level 1:colcon.colcon_core.package_identification:_identify(install) by extensions ['ignore', 'ignore_ament_install']
[0.190s] Level 1:colcon.colcon_core.package_identification:_identify(install) by extension 'ignore'
[0.190s] Level 1:colcon.colcon_core.package_identification:_identify(install) ignored
[0.190s] Level 1:colcon.colcon_core.package_identification:_identify(log) by extensions ['ignore', 'ignore_ament_install']
[0.190s] Level 1:colcon.colcon_core.package_identification:_identify(log) by extension 'ignore'
[0.190s] Level 1:colcon.colcon_core.package_identification:_identify(log) ignored
[0.190s] Level 1:colcon.colcon_core.package_identification:_identify(src) by extensions ['ignore', 'ignore_ament_install']
[0.191s] Level 1:colcon.colcon_core.package_identification:_identify(src) by extension 'ignore'
[0.191s] Level 1:colcon.colcon_core.package_identification:_identify(src) by extension 'ignore_ament_install'
[0.191s] Level 1:colcon.colcon_core.package_identification:_identify(src) by extensions ['colcon_pkg']
[0.191s] Level 1:colcon.colcon_core.package_identification:_identify(src) by extension 'colcon_pkg'
[0.191s] Level 1:colcon.colcon_core.package_identification:_identify(src) by extensions ['colcon_meta']
[0.191s] Level 1:colcon.colcon_core.package_identification:_identify(src) by extension 'colcon_meta'
[0.191s] Level 1:colcon.colcon_core.package_identification:_identify(src) by extensions ['ros']
[0.191s] Level 1:colcon.colcon_core.package_identification:_identify(src) by extension 'ros'
[0.191s] Level 1:colcon.colcon_core.package_identification:_identify(src) by extensions ['cmake', 'python']
[0.191s] Level 1:colcon.colcon_core.package_identification:_identify(src) by extension 'cmake'
[0.191s] Level 1:colcon.colcon_core.package_identification:_identify(src) by extension 'python'
[0.191s] Level 1:colcon.colcon_core.package_identification:_identify(src) by extensions ['python_setup_py']
[0.191s] Level 1:colcon.colcon_core.package_identification:_identify(src) by extension 'python_setup_py'
[0.191s] Level 1:colcon.colcon_core.package_identification:_identify(src/micro_ros_setup) by extensions ['ignore', 'ignore_ament_install']
[0.191s] Level 1:colcon.colcon_core.package_identification:_identify(src/micro_ros_setup) by extension 'ignore'
[0.191s] Level 1:colcon.colcon_core.package_identification:_identify(src/micro_ros_setup) by extension 'ignore_ament_install'
[0.191s] Level 1:colcon.colcon_core.package_identification:_identify(src/micro_ros_setup) by extensions ['colcon_pkg']
[0.191s] Level 1:colcon.colcon_core.package_identification:_identify(src/micro_ros_setup) by extension 'colcon_pkg'
[0.191s] Level 1:colcon.colcon_core.package_identification:_identify(src/micro_ros_setup) by extensions ['colcon_meta']
[0.191s] Level 1:colcon.colcon_core.package_identification:_identify(src/micro_ros_setup) by extension 'colcon_meta'
[0.191s] Level 1:colcon.colcon_core.package_identification:_identify(src/micro_ros_setup) by extensions ['ros']
[0.191s] Level 1:colcon.colcon_core.package_identification:_identify(src/micro_ros_setup) by extension 'ros'
[0.192s] DEBUG:colcon.colcon_core.package_identification:Package 'src/micro_ros_setup' with type 'ros.ament_cmake' and name 'micro_ros_setup'
[0.192s] Level 1:colcon.colcon_core.package_identification:_identify(src/turtlebot3_simulations) by extensions ['ignore', 'ignore_ament_install']
[0.192s] Level 1:colcon.colcon_core.package_identification:_identify(src/turtlebot3_simulations) by extension 'ignore'
[0.192s] Level 1:colcon.colcon_core.package_identification:_identify(src/turtlebot3_simulations) by extension 'ignore_ament_install'
[0.192s] Level 1:colcon.colcon_core.package_identification:_identify(src/turtlebot3_simulations) by extensions ['colcon_pkg']
[0.192s] Level 1:colcon.colcon_core.package_identification:_identify(src/turtlebot3_simulations) by extension 'colcon_pkg'
[0.192s] Level 1:colcon.colcon_core.package_identification:_identify(src/turtlebot3_simulations) by extensions ['colcon_meta']
[0.192s] Level 1:colcon.colcon_core.package_identification:_identify(src/turtlebot3_simulations) by extension 'colcon_meta'
[0.192s] Level 1:colcon.colcon_core.package_identification:_identify(src/turtlebot3_simulations) by extensions ['ros']
[0.192s] Level 1:colcon.colcon_core.package_identification:_identify(src/turtlebot3_simulations) by extension 'ros'
[0.193s] Level 1:colcon.colcon_core.package_identification:_identify(src/turtlebot3_simulations) by extensions ['cmake', 'python']
[0.193s] Level 1:colcon.colcon_core.package_identification:_identify(src/turtlebot3_simulations) by extension 'cmake'
[0.193s] Level 1:colcon.colcon_core.package_identification:_identify(src/turtlebot3_simulations) by extension 'python'
[0.193s] Level 1:colcon.colcon_core.package_identification:_identify(src/turtlebot3_simulations) by extensions ['python_setup_py']
[0.193s] Level 1:colcon.colcon_core.package_identification:_identify(src/turtlebot3_simulations) by extension 'python_setup_py'
[0.193s] Level 1:colcon.colcon_core.package_identification:_identify(src/turtlebot3_simulations/turtlebot3_fake_node) by extensions ['ignore', 'ignore_ament_install']
[0.193s] Level 1:colcon.colcon_core.package_identification:_identify(src/turtlebot3_simulations/turtlebot3_fake_node) by extension 'ignore'
[0.193s] Level 1:colcon.colcon_core.package_identification:_identify(src/turtlebot3_simulations/turtlebot3_fake_node) by extension 'ignore_ament_install'
[0.193s] Level 1:colcon.colcon_core.package_identification:_identify(src/turtlebot3_simulations/turtlebot3_fake_node) by extensions ['colcon_pkg']
[0.193s] Level 1:colcon.colcon_core.package_identification:_identify(src/turtlebot3_simulations/turtlebot3_fake_node) by extension 'colcon_pkg'
[0.193s] Level 1:colcon.colcon_core.package_identification:_identify(src/turtlebot3_simulations/turtlebot3_fake_node) by extensions ['colcon_meta']
[0.193s] Level 1:colcon.colcon_core.package_identification:_identify(src/turtlebot3_simulations/turtlebot3_fake_node) by extension 'colcon_meta'
[0.193s] Level 1:colcon.colcon_core.package_identification:_identify(src/turtlebot3_simulations/turtlebot3_fake_node) by extensions ['ros']
[0.193s] Level 1:colcon.colcon_core.package_identification:_identify(src/turtlebot3_simulations/turtlebot3_fake_node) by extension 'ros'
[0.193s] DEBUG:colcon.colcon_core.package_identification:Package 'src/turtlebot3_simulations/turtlebot3_fake_node' with type 'ros.ament_cmake' and name 'turtlebot3_fake_node'
[0.193s] Level 1:colcon.colcon_core.package_identification:_identify(src/turtlebot3_simulations/turtlebot3_gazebo) by extensions ['ignore', 'ignore_ament_install']
[0.193s] Level 1:colcon.colcon_core.package_identification:_identify(src/turtlebot3_simulations/turtlebot3_gazebo) by extension 'ignore'
[0.193s] Level 1:colcon.colcon_core.package_identification:_identify(src/turtlebot3_simulations/turtlebot3_gazebo) by extension 'ignore_ament_install'
[0.193s] Level 1:colcon.colcon_core.package_identification:_identify(src/turtlebot3_simulations/turtlebot3_gazebo) by extensions ['colcon_pkg']
[0.193s] Level 1:colcon.colcon_core.package_identification:_identify(src/turtlebot3_simulations/turtlebot3_gazebo) by extension 'colcon_pkg'
[0.194s] Level 1:colcon.colcon_core.package_identification:_identify(src/turtlebot3_simulations/turtlebot3_gazebo) by extensions ['colcon_meta']
[0.194s] Level 1:colcon.colcon_core.package_identification:_identify(src/turtlebot3_simulations/turtlebot3_gazebo) by extension 'colcon_meta'
[0.194s] Level 1:colcon.colcon_core.package_identification:_identify(src/turtlebot3_simulations/turtlebot3_gazebo) by extensions ['ros']
[0.194s] Level 1:colcon.colcon_core.package_identification:_identify(src/turtlebot3_simulations/turtlebot3_gazebo) by extension 'ros'
[0.194s] DEBUG:colcon.colcon_core.package_identification:Package 'src/turtlebot3_simulations/turtlebot3_gazebo' with type 'ros.ament_cmake' and name 'turtlebot3_gazebo'
[0.194s] Level 1:colcon.colcon_core.package_identification:_identify(src/turtlebot3_simulations/turtlebot3_simulations) by extensions ['ignore', 'ignore_ament_install']
[0.194s] Level 1:colcon.colcon_core.package_identification:_identify(src/turtlebot3_simulations/turtlebot3_simulations) by extension 'ignore'
[0.194s] Level 1:colcon.colcon_core.package_identification:_identify(src/turtlebot3_simulations/turtlebot3_simulations) by extension 'ignore_ament_install'
[0.194s] Level 1:colcon.colcon_core.package_identification:_identify(src/turtlebot3_simulations/turtlebot3_simulations) by extensions ['colcon_pkg']
[0.194s] Level 1:colcon.colcon_core.package_identification:_identify(src/turtlebot3_simulations/turtlebot3_simulations) by extension 'colcon_pkg'
[0.194s] Level 1:colcon.colcon_core.package_identification:_identify(src/turtlebot3_simulations/turtlebot3_simulations) by extensions ['colcon_meta']
[0.194s] Level 1:colcon.colcon_core.package_identification:_identify(src/turtlebot3_simulations/turtlebot3_simulations) by extension 'colcon_meta'
[0.194s] Level 1:colcon.colcon_core.package_identification:_identify(src/turtlebot3_simulations/turtlebot3_simulations) by extensions ['ros']
[0.194s] Level 1:colcon.colcon_core.package_identification:_identify(src/turtlebot3_simulations/turtlebot3_simulations) by extension 'ros'
[0.194s] DEBUG:colcon.colcon_core.package_identification:Package 'src/turtlebot3_simulations/turtlebot3_simulations' with type 'ros.ament_cmake' and name 'turtlebot3_simulations'
[0.194s] Level 1:colcon.colcon_core.package_identification:_identify(src/uros) by extensions ['ignore', 'ignore_ament_install']
[0.195s] Level 1:colcon.colcon_core.package_identification:_identify(src/uros) by extension 'ignore'
[0.195s] Level 1:colcon.colcon_core.package_identification:_identify(src/uros) by extension 'ignore_ament_install'
[0.195s] Level 1:colcon.colcon_core.package_identification:_identify(src/uros) by extensions ['colcon_pkg']
[0.195s] Level 1:colcon.colcon_core.package_identification:_identify(src/uros) by extension 'colcon_pkg'
[0.195s] Level 1:colcon.colcon_core.package_identification:_identify(src/uros) by extensions ['colcon_meta']
[0.195s] Level 1:colcon.colcon_core.package_identification:_identify(src/uros) by extension 'colcon_meta'
[0.195s] Level 1:colcon.colcon_core.package_identification:_identify(src/uros) by extensions ['ros']
[0.195s] Level 1:colcon.colcon_core.package_identification:_identify(src/uros) by extension 'ros'
[0.195s] Level 1:colcon.colcon_core.package_identification:_identify(src/uros) by extensions ['cmake', 'python']
[0.195s] Level 1:colcon.colcon_core.package_identification:_identify(src/uros) by extension 'cmake'
[0.195s] Level 1:colcon.colcon_core.package_identification:_identify(src/uros) by extension 'python'
[0.195s] Level 1:colcon.colcon_core.package_identification:_identify(src/uros) by extensions ['python_setup_py']
[0.195s] Level 1:colcon.colcon_core.package_identification:_identify(src/uros) by extension 'python_setup_py'
[0.195s] Level 1:colcon.colcon_core.package_identification:_identify(src/uros/drive_base) by extensions ['ignore', 'ignore_ament_install']
[0.195s] Level 1:colcon.colcon_core.package_identification:_identify(src/uros/drive_base) by extension 'ignore'
[0.195s] Level 1:colcon.colcon_core.package_identification:_identify(src/uros/drive_base) by extension 'ignore_ament_install'
[0.195s] Level 1:colcon.colcon_core.package_identification:_identify(src/uros/drive_base) by extensions ['colcon_pkg']
[0.195s] Level 1:colcon.colcon_core.package_identification:_identify(src/uros/drive_base) by extension 'colcon_pkg'
[0.195s] Level 1:colcon.colcon_core.package_identification:_identify(src/uros/drive_base) by extensions ['colcon_meta']
[0.195s] Level 1:colcon.colcon_core.package_identification:_identify(src/uros/drive_base) by extension 'colcon_meta'
[0.195s] Level 1:colcon.colcon_core.package_identification:_identify(src/uros/drive_base) by extensions ['ros']
[0.195s] Level 1:colcon.colcon_core.package_identification:_identify(src/uros/drive_base) by extension 'ros'
[0.195s] Level 1:colcon.colcon_core.package_identification:_identify(src/uros/drive_base) by extensions ['cmake', 'python']
[0.195s] Level 1:colcon.colcon_core.package_identification:_identify(src/uros/drive_base) by extension 'cmake'
[0.195s] Level 1:colcon.colcon_core.package_identification:_identify(src/uros/drive_base) by extension 'python'
[0.195s] Level 1:colcon.colcon_core.package_identification:_identify(src/uros/drive_base) by extensions ['python_setup_py']
[0.195s] Level 1:colcon.colcon_core.package_identification:_identify(src/uros/drive_base) by extension 'python_setup_py'
[0.195s] Level 1:colcon.colcon_core.package_identification:_identify(src/uros/drive_base/drive_base_msgs) by extensions ['ignore', 'ignore_ament_install']
[0.195s] Level 1:colcon.colcon_core.package_identification:_identify(src/uros/drive_base/drive_base_msgs) by extension 'ignore'
[0.195s] Level 1:colcon.colcon_core.package_identification:_identify(src/uros/drive_base/drive_base_msgs) by extension 'ignore_ament_install'
[0.195s] Level 1:colcon.colcon_core.package_identification:_identify(src/uros/drive_base/drive_base_msgs) by extensions ['colcon_pkg']
[0.195s] Level 1:colcon.colcon_core.package_identification:_identify(src/uros/drive_base/drive_base_msgs) by extension 'colcon_pkg'
[0.195s] Level 1:colcon.colcon_core.package_identification:_identify(src/uros/drive_base/drive_base_msgs) by extensions ['colcon_meta']
[0.195s] Level 1:colcon.colcon_core.package_identification:_identify(src/uros/drive_base/drive_base_msgs) by extension 'colcon_meta'
[0.195s] Level 1:colcon.colcon_core.package_identification:_identify(src/uros/drive_base/drive_base_msgs) by extensions ['ros']
[0.195s] Level 1:colcon.colcon_core.package_identification:_identify(src/uros/drive_base/drive_base_msgs) by extension 'ros'
[0.195s] DEBUG:colcon.colcon_core.package_identification:Package 'src/uros/drive_base/drive_base_msgs' with type 'ros.ament_cmake' and name 'drive_base_msgs'
[0.196s] Level 1:colcon.colcon_core.package_identification:_identify(src/uros/micro-ROS-Agent) by extensions ['ignore', 'ignore_ament_install']
[0.196s] Level 1:colcon.colcon_core.package_identification:_identify(src/uros/micro-ROS-Agent) by extension 'ignore'
[0.196s] Level 1:colcon.colcon_core.package_identification:_identify(src/uros/micro-ROS-Agent) by extension 'ignore_ament_install'
[0.196s] Level 1:colcon.colcon_core.package_identification:_identify(src/uros/micro-ROS-Agent) by extensions ['colcon_pkg']
[0.196s] Level 1:colcon.colcon_core.package_identification:_identify(src/uros/micro-ROS-Agent) by extension 'colcon_pkg'
[0.196s] Level 1:colcon.colcon_core.package_identification:_identify(src/uros/micro-ROS-Agent) by extensions ['colcon_meta']
[0.196s] Level 1:colcon.colcon_core.package_identification:_identify(src/uros/micro-ROS-Agent) by extension 'colcon_meta'
[0.196s] Level 1:colcon.colcon_core.package_identification:_identify(src/uros/micro-ROS-Agent) by extensions ['ros']
[0.196s] Level 1:colcon.colcon_core.package_identification:_identify(src/uros/micro-ROS-Agent) by extension 'ros'
[0.196s] Level 1:colcon.colcon_core.package_identification:_identify(src/uros/micro-ROS-Agent) by extensions ['cmake', 'python']
[0.196s] Level 1:colcon.colcon_core.package_identification:_identify(src/uros/micro-ROS-Agent) by extension 'cmake'
[0.196s] Level 1:colcon.colcon_core.package_identification:_identify(src/uros/micro-ROS-Agent) by extension 'python'
[0.196s] Level 1:colcon.colcon_core.package_identification:_identify(src/uros/micro-ROS-Agent) by extensions ['python_setup_py']
[0.196s] Level 1:colcon.colcon_core.package_identification:_identify(src/uros/micro-ROS-Agent) by extension 'python_setup_py'
[0.196s] Level 1:colcon.colcon_core.package_identification:_identify(src/uros/micro-ROS-Agent/micro_ros_agent) by extensions ['ignore', 'ignore_ament_install']
[0.196s] Level 1:colcon.colcon_core.package_identification:_identify(src/uros/micro-ROS-Agent/micro_ros_agent) by extension 'ignore'
[0.196s] Level 1:colcon.colcon_core.package_identification:_identify(src/uros/micro-ROS-Agent/micro_ros_agent) by extension 'ignore_ament_install'
[0.196s] Level 1:colcon.colcon_core.package_identification:_identify(src/uros/micro-ROS-Agent/micro_ros_agent) by extensions ['colcon_pkg']
[0.196s] Level 1:colcon.colcon_core.package_identification:_identify(src/uros/micro-ROS-Agent/micro_ros_agent) by extension 'colcon_pkg'
[0.196s] Level 1:colcon.colcon_core.package_identification:_identify(src/uros/micro-ROS-Agent/micro_ros_agent) by extensions ['colcon_meta']
[0.196s] Level 1:colcon.colcon_core.package_identification:_identify(src/uros/micro-ROS-Agent/micro_ros_agent) by extension 'colcon_meta'
[0.196s] Level 1:colcon.colcon_core.package_identification:_identify(src/uros/micro-ROS-Agent/micro_ros_agent) by extensions ['ros']
[0.196s] Level 1:colcon.colcon_core.package_identification:_identify(src/uros/micro-ROS-Agent/micro_ros_agent) by extension 'ros'
[0.196s] DEBUG:colcon.colcon_core.package_identification:Package 'src/uros/micro-ROS-Agent/micro_ros_agent' with type 'ros.ament_cmake' and name 'micro_ros_agent'
[0.196s] Level 1:colcon.colcon_core.package_identification:_identify(src/uros/micro-ROS-Agent/snap) by extensions ['ignore', 'ignore_ament_install']
[0.196s] Level 1:colcon.colcon_core.package_identification:_identify(src/uros/micro-ROS-Agent/snap) by extension 'ignore'
[0.197s] Level 1:colcon.colcon_core.package_identification:_identify(src/uros/micro-ROS-Agent/snap) by extension 'ignore_ament_install'
[0.197s] Level 1:colcon.colcon_core.package_identification:_identify(src/uros/micro-ROS-Agent/snap) by extensions ['colcon_pkg']
[0.197s] Level 1:colcon.colcon_core.package_identification:_identify(src/uros/micro-ROS-Agent/snap) by extension 'colcon_pkg'
[0.197s] Level 1:colcon.colcon_core.package_identification:_identify(src/uros/micro-ROS-Agent/snap) by extensions ['colcon_meta']
[0.197s] Level 1:colcon.colcon_core.package_identification:_identify(src/uros/micro-ROS-Agent/snap) by extension 'colcon_meta'
[0.197s] Level 1:colcon.colcon_core.package_identification:_identify(src/uros/micro-ROS-Agent/snap) by extensions ['ros']
[0.197s] Level 1:colcon.colcon_core.package_identification:_identify(src/uros/micro-ROS-Agent/snap) by extension 'ros'
[0.197s] Level 1:colcon.colcon_core.package_identification:_identify(src/uros/micro-ROS-Agent/snap) by extensions ['cmake', 'python']
[0.197s] Level 1:colcon.colcon_core.package_identification:_identify(src/uros/micro-ROS-Agent/snap) by extension 'cmake'
[0.197s] Level 1:colcon.colcon_core.package_identification:_identify(src/uros/micro-ROS-Agent/snap) by extension 'python'
[0.197s] Level 1:colcon.colcon_core.package_identification:_identify(src/uros/micro-ROS-Agent/snap) by extensions ['python_setup_py']
[0.197s] Level 1:colcon.colcon_core.package_identification:_identify(src/uros/micro-ROS-Agent/snap) by extension 'python_setup_py'
[0.197s] Level 1:colcon.colcon_core.package_identification:_identify(src/uros/micro-ROS-Agent/snap/hooks) by extensions ['ignore', 'ignore_ament_install']
[0.197s] Level 1:colcon.colcon_core.package_identification:_identify(src/uros/micro-ROS-Agent/snap/hooks) by extension 'ignore'
[0.197s] Level 1:colcon.colcon_core.package_identification:_identify(src/uros/micro-ROS-Agent/snap/hooks) by extension 'ignore_ament_install'
[0.197s] Level 1:colcon.colcon_core.package_identification:_identify(src/uros/micro-ROS-Agent/snap/hooks) by extensions ['colcon_pkg']
[0.197s] Level 1:colcon.colcon_core.package_identification:_identify(src/uros/micro-ROS-Agent/snap/hooks) by extension 'colcon_pkg'
[0.197s] Level 1:colcon.colcon_core.package_identification:_identify(src/uros/micro-ROS-Agent/snap/hooks) by extensions ['colcon_meta']
[0.197s] Level 1:colcon.colcon_core.package_identification:_identify(src/uros/micro-ROS-Agent/snap/hooks) by extension 'colcon_meta'
[0.197s] Level 1:colcon.colcon_core.package_identification:_identify(src/uros/micro-ROS-Agent/snap/hooks) by extensions ['ros']
[0.197s] Level 1:colcon.colcon_core.package_identification:_identify(src/uros/micro-ROS-Agent/snap/hooks) by extension 'ros'
[0.197s] Level 1:colcon.colcon_core.package_identification:_identify(src/uros/micro-ROS-Agent/snap/hooks) by extensions ['cmake', 'python']
[0.197s] Level 1:colcon.colcon_core.package_identification:_identify(src/uros/micro-ROS-Agent/snap/hooks) by extension 'cmake'
[0.197s] Level 1:colcon.colcon_core.package_identification:_identify(src/uros/micro-ROS-Agent/snap/hooks) by extension 'python'
[0.197s] Level 1:colcon.colcon_core.package_identification:_identify(src/uros/micro-ROS-Agent/snap/hooks) by extensions ['python_setup_py']
[0.197s] Level 1:colcon.colcon_core.package_identification:_identify(src/uros/micro-ROS-Agent/snap/hooks) by extension 'python_setup_py'
[0.197s] Level 1:colcon.colcon_core.package_identification:_identify(src/uros/micro-ROS-Agent/snap/local) by extensions ['ignore', 'ignore_ament_install']
[0.197s] Level 1:colcon.colcon_core.package_identification:_identify(src/uros/micro-ROS-Agent/snap/local) by extension 'ignore'
[0.197s] Level 1:colcon.colcon_core.package_identification:_identify(src/uros/micro-ROS-Agent/snap/local) by extension 'ignore_ament_install'
[0.197s] Level 1:colcon.colcon_core.package_identification:_identify(src/uros/micro-ROS-Agent/snap/local) by extensions ['colcon_pkg']
[0.197s] Level 1:colcon.colcon_core.package_identification:_identify(src/uros/micro-ROS-Agent/snap/local) by extension 'colcon_pkg'
[0.197s] Level 1:colcon.colcon_core.package_identification:_identify(src/uros/micro-ROS-Agent/snap/local) by extensions ['colcon_meta']
[0.197s] Level 1:colcon.colcon_core.package_identification:_identify(src/uros/micro-ROS-Agent/snap/local) by extension 'colcon_meta'
[0.197s] Level 1:colcon.colcon_core.package_identification:_identify(src/uros/micro-ROS-Agent/snap/local) by extensions ['ros']
[0.197s] Level 1:colcon.colcon_core.package_identification:_identify(src/uros/micro-ROS-Agent/snap/local) by extension 'ros'
[0.197s] Level 1:colcon.colcon_core.package_identification:_identify(src/uros/micro-ROS-Agent/snap/local) by extensions ['cmake', 'python']
[0.197s] Level 1:colcon.colcon_core.package_identification:_identify(src/uros/micro-ROS-Agent/snap/local) by extension 'cmake'
[0.197s] Level 1:colcon.colcon_core.package_identification:_identify(src/uros/micro-ROS-Agent/snap/local) by extension 'python'
[0.197s] Level 1:colcon.colcon_core.package_identification:_identify(src/uros/micro-ROS-Agent/snap/local) by extensions ['python_setup_py']
[0.197s] Level 1:colcon.colcon_core.package_identification:_identify(src/uros/micro-ROS-Agent/snap/local) by extension 'python_setup_py'
[0.197s] Level 1:colcon.colcon_core.package_identification:_identify(src/uros/micro_ros_msgs) by extensions ['ignore', 'ignore_ament_install']
[0.197s] Level 1:colcon.colcon_core.package_identification:_identify(src/uros/micro_ros_msgs) by extension 'ignore'
[0.197s] Level 1:colcon.colcon_core.package_identification:_identify(src/uros/micro_ros_msgs) by extension 'ignore_ament_install'
[0.197s] Level 1:colcon.colcon_core.package_identification:_identify(src/uros/micro_ros_msgs) by extensions ['colcon_pkg']
[0.197s] Level 1:colcon.colcon_core.package_identification:_identify(src/uros/micro_ros_msgs) by extension 'colcon_pkg'
[0.197s] Level 1:colcon.colcon_core.package_identification:_identify(src/uros/micro_ros_msgs) by extensions ['colcon_meta']
[0.197s] Level 1:colcon.colcon_core.package_identification:_identify(src/uros/micro_ros_msgs) by extension 'colcon_meta'
[0.197s] Level 1:colcon.colcon_core.package_identification:_identify(src/uros/micro_ros_msgs) by extensions ['ros']
[0.197s] Level 1:colcon.colcon_core.package_identification:_identify(src/uros/micro_ros_msgs) by extension 'ros'
[0.198s] DEBUG:colcon.colcon_core.package_identification:Package 'src/uros/micro_ros_msgs' with type 'ros.ament_cmake' and name 'micro_ros_msgs'
[0.198s] Level 1:colcon.colcon_core.package_identification:_identify(src/ydlidar_ros2_driver) by extensions ['ignore', 'ignore_ament_install']
[0.198s] Level 1:colcon.colcon_core.package_identification:_identify(src/ydlidar_ros2_driver) by extension 'ignore'
[0.198s] Level 1:colcon.colcon_core.package_identification:_identify(src/ydlidar_ros2_driver) by extension 'ignore_ament_install'
[0.198s] Level 1:colcon.colcon_core.package_identification:_identify(src/ydlidar_ros2_driver) by extensions ['colcon_pkg']
[0.198s] Level 1:colcon.colcon_core.package_identification:_identify(src/ydlidar_ros2_driver) by extension 'colcon_pkg'
[0.198s] Level 1:colcon.colcon_core.package_identification:_identify(src/ydlidar_ros2_driver) by extensions ['colcon_meta']
[0.198s] Level 1:colcon.colcon_core.package_identification:_identify(src/ydlidar_ros2_driver) by extension 'colcon_meta'
[0.198s] Level 1:colcon.colcon_core.package_identification:_identify(src/ydlidar_ros2_driver) by extensions ['ros']
[0.198s] Level 1:colcon.colcon_core.package_identification:_identify(src/ydlidar_ros2_driver) by extension 'ros'
[0.198s] DEBUG:colcon.colcon_core.package_identification:Package 'src/ydlidar_ros2_driver' with type 'ros.ament_cmake' and name 'ydlidar_ros2_driver'
[0.198s] Level 1:colcon.colcon_core.package_discovery:discover_packages(recursive) using defaults
[0.198s] Level 1:colcon.colcon_core.package_discovery:discover_packages(ignore) discover
[0.198s] Level 1:colcon.colcon_core.package_discovery:discover_packages(ignore) using defaults
[0.198s] Level 1:colcon.colcon_core.package_discovery:discover_packages(path) discover
[0.198s] Level 1:colcon.colcon_core.package_discovery:discover_packages(path) using defaults
[0.209s] INFO:colcon.colcon_core.package_selection:Skipping package 'turtlebot3_simulations' in 'src/turtlebot3_simulations/turtlebot3_simulations'
[0.209s] INFO:colcon.colcon_core.package_selection:Skipping package 'ydlidar_ros2_driver' in 'src/ydlidar_ros2_driver'
[0.209s] INFO:colcon.colcon_core.package_selection:Skipping package 'turtlebot3_gazebo' in 'src/turtlebot3_simulations/turtlebot3_gazebo'
[0.209s] INFO:colcon.colcon_core.package_selection:Skipping package 'turtlebot3_fake_node' in 'src/turtlebot3_simulations/turtlebot3_fake_node'
[0.209s] INFO:colcon.colcon_core.package_selection:Skipping package 'micro_ros_setup' in 'src/micro_ros_setup'
[0.209s] INFO:colcon.colcon_core.package_selection:Skipping package 'drive_base_msgs' in 'src/uros/drive_base/drive_base_msgs'
[0.209s] Level 1:colcon.colcon_core.package_discovery:discover_packages(prefix_path) check parameters
[0.209s] Level 1:colcon.colcon_core.package_discovery:discover_packages(prefix_path) discover
[0.211s] DEBUG:colcon.colcon_installed_package_information.package_discovery:Found 8 installed packages in /home/jay/capstonerobot_ws/install
[0.211s] DEBUG:colcon.colcon_installed_package_information.package_discovery:Found 21 installed packages in /home/jay/colcon_ws/install
[0.213s] DEBUG:colcon.colcon_installed_package_information.package_discovery:Found 340 installed packages in /opt/ros/foxy
[0.214s] Level 1:colcon.colcon_core.package_discovery:discover_packages(prefix_path) using defaults
[0.248s] WARNING:colcon.colcon_core.package_selection:Some selected packages are already built in one or more underlay workspaces:
	'micro_ros_msgs' is in: /home/jay/capstonerobot_ws/install/micro_ros_msgs, /home/jay/colcon_ws/install/micro_ros_msgs
If a package in a merged underlay workspace is overridden and it installs headers, then all packages in the overlay must sort their include directories by workspace order. Failure to do so may result in build failures or undefined behavior at run time.
If the overridden package is used by another package in any underlay, then the overriding package in the overlay must be API and ABI compatible or undefined behavior at run time may occur.

If you understand the risks and want to override a package anyways, add the following to the command line:
	--allow-overriding micro_ros_msgs

This may be promoted to an error in a future release of colcon-override-check.
[0.249s] Level 5:colcon.colcon_core.verb:set package 'micro_ros_msgs' build argument 'cmake_args' from command line to '['-DUAGENT_BUILD_EXECUTABLE=OFF', '-DUAGENT_P2P_PROFILE=OFF', '--no-warn-unused-cli']'
[0.249s] Level 5:colcon.colcon_core.verb:set package 'micro_ros_msgs' build argument 'cmake_target' from command line to 'None'
[0.249s] Level 5:colcon.colcon_core.verb:set package 'micro_ros_msgs' build argument 'cmake_target_skip_unavailable' from command line to 'False'
[0.249s] Level 5:colcon.colcon_core.verb:set package 'micro_ros_msgs' build argument 'cmake_clean_cache' from command line to 'False'
[0.249s] Level 5:colcon.colcon_core.verb:set package 'micro_ros_msgs' build argument 'cmake_clean_first' from command line to 'False'
[0.249s] Level 5:colcon.colcon_core.verb:set package 'micro_ros_msgs' build argument 'cmake_force_configure' from command line to 'False'
[0.249s] Level 5:colcon.colcon_core.verb:set package 'micro_ros_msgs' build argument 'ament_cmake_args' from command line to 'None'
[0.249s] Level 5:colcon.colcon_core.verb:set package 'micro_ros_msgs' build argument 'catkin_cmake_args' from command line to 'None'
[0.249s] Level 5:colcon.colcon_core.verb:set package 'micro_ros_msgs' build argument 'catkin_skip_building_tests' from command line to 'False'
[0.249s] DEBUG:colcon.colcon_core.verb:Building package 'micro_ros_msgs' with the following arguments: {'ament_cmake_args': None, 'build_base': '/home/jay/capstonerobot_ws/build/micro_ros_msgs', 'catkin_cmake_args': None, 'catkin_skip_building_tests': False, 'cmake_args': ['-DUAGENT_BUILD_EXECUTABLE=OFF', '-DUAGENT_P2P_PROFILE=OFF', '--no-warn-unused-cli'], 'cmake_clean_cache': False, 'cmake_clean_first': False, 'cmake_force_configure': False, 'cmake_target': None, 'cmake_target_skip_unavailable': False, 'install_base': '/home/jay/capstonerobot_ws/install/micro_ros_msgs', 'merge_install': False, 'path': '/home/jay/capstonerobot_ws/src/uros/micro_ros_msgs', 'symlink_install': False, 'test_result_base': None}
[0.249s] Level 5:colcon.colcon_core.verb:set package 'micro_ros_agent' build argument 'cmake_args' from command line to '['-DUAGENT_BUILD_EXECUTABLE=OFF', '-DUAGENT_P2P_PROFILE=OFF', '--no-warn-unused-cli']'
[0.249s] Level 5:colcon.colcon_core.verb:set package 'micro_ros_agent' build argument 'cmake_target' from command line to 'None'
[0.249s] Level 5:colcon.colcon_core.verb:set package 'micro_ros_agent' build argument 'cmake_target_skip_unavailable' from command line to 'False'
[0.249s] Level 5:colcon.colcon_core.verb:set package 'micro_ros_agent' build argument 'cmake_clean_cache' from command line to 'False'
[0.249s] Level 5:colcon.colcon_core.verb:set package 'micro_ros_agent' build argument 'cmake_clean_first' from command line to 'False'
[0.249s] Level 5:colcon.colcon_core.verb:set package 'micro_ros_agent' build argument 'cmake_force_configure' from command line to 'False'
[0.249s] Level 5:colcon.colcon_core.verb:set package 'micro_ros_agent' build argument 'ament_cmake_args' from command line to 'None'
[0.249s] Level 5:colcon.colcon_core.verb:set package 'micro_ros_agent' build argument 'catkin_cmake_args' from command line to 'None'
[0.249s] Level 5:colcon.colcon_core.verb:set package 'micro_ros_agent' build argument 'catkin_skip_building_tests' from command line to 'False'
[0.249s] DEBUG:colcon.colcon_core.verb:Building package 'micro_ros_agent' with the following arguments: {'ament_cmake_args': None, 'build_base': '/home/jay/capstonerobot_ws/build/micro_ros_agent', 'catkin_cmake_args': None, 'catkin_skip_building_tests': False, 'cmake_args': ['-DUAGENT_BUILD_EXECUTABLE=OFF', '-DUAGENT_P2P_PROFILE=OFF', '--no-warn-unused-cli'], 'cmake_clean_cache': False, 'cmake_clean_first': False, 'cmake_force_configure': False, 'cmake_target': None, 'cmake_target_skip_unavailable': False, 'install_base': '/home/jay/capstonerobot_ws/install/micro_ros_agent', 'merge_install': False, 'path': '/home/jay/capstonerobot_ws/src/uros/micro-ROS-Agent/micro_ros_agent', 'symlink_install': False, 'test_result_base': None}
[0.250s] INFO:colcon.colcon_core.executor:Executing jobs using 'parallel' executor
[0.251s] DEBUG:colcon.colcon_parallel_executor.executor.parallel:run_until_complete
[0.251s] INFO:colcon.colcon_ros.task.ament_cmake.build:Building ROS package in '/home/jay/capstonerobot_ws/src/uros/micro_ros_msgs' with build type 'ament_cmake'
[0.251s] INFO:colcon.colcon_cmake.task.cmake.build:Building CMake package in '/home/jay/capstonerobot_ws/src/uros/micro_ros_msgs'
[0.254s] INFO:colcon.colcon_core.plugin_system:Skipping extension 'colcon_core.shell.bat': Not used on non-Windows systems
[0.254s] INFO:colcon.colcon_core.shell:Skip shell extension 'powershell' for command environment: Not usable outside of PowerShell
[0.254s] DEBUG:colcon.colcon_core.shell:Skip shell extension 'dsv' for command environment
[0.262s] DEBUG:colcon.colcon_core.event_handler.log_command:Invoking command in '/home/jay/capstonerobot_ws/build/micro_ros_msgs': CMAKE_PREFIX_PATH=${CMAKE_PREFIX_PATH}:/opt/ros/foxy /usr/bin/cmake /home/jay/capstonerobot_ws/src/uros/micro_ros_msgs -DUAGENT_BUILD_EXECUTABLE=OFF -DUAGENT_P2P_PROFILE=OFF --no-warn-unused-cli -DCMAKE_INSTALL_PREFIX=/home/jay/capstonerobot_ws/install/micro_ros_msgs
[0.831s] DEBUG:colcon.colcon_core.event_handler.log_command:Invoked command in '/home/jay/capstonerobot_ws/build/micro_ros_msgs' returned '0': CMAKE_PREFIX_PATH=${CMAKE_PREFIX_PATH}:/opt/ros/foxy /usr/bin/cmake /home/jay/capstonerobot_ws/src/uros/micro_ros_msgs -DUAGENT_BUILD_EXECUTABLE=OFF -DUAGENT_P2P_PROFILE=OFF --no-warn-unused-cli -DCMAKE_INSTALL_PREFIX=/home/jay/capstonerobot_ws/install/micro_ros_msgs
[0.831s] DEBUG:colcon.colcon_core.event_handler.log_command:Invoking command in '/home/jay/capstonerobot_ws/build/micro_ros_msgs': CMAKE_PREFIX_PATH=${CMAKE_PREFIX_PATH}:/opt/ros/foxy /usr/bin/cmake --build /home/jay/capstonerobot_ws/build/micro_ros_msgs -- -j4 -l4
[0.985s] DEBUG:colcon.colcon_core.event_handler.log_command:Invoked command in '/home/jay/capstonerobot_ws/build/micro_ros_msgs' returned '0': CMAKE_PREFIX_PATH=${CMAKE_PREFIX_PATH}:/opt/ros/foxy /usr/bin/cmake --build /home/jay/capstonerobot_ws/build/micro_ros_msgs -- -j4 -l4
[1.069s] DEBUG:colcon.colcon_core.event_handler.log_command:Invoking command in '/home/jay/capstonerobot_ws/build/micro_ros_msgs': CMAKE_PREFIX_PATH=${CMAKE_PREFIX_PATH}:/opt/ros/foxy /usr/bin/cmake --install /home/jay/capstonerobot_ws/build/micro_ros_msgs
[1.125s] Level 1:colcon.colcon_core.environment:create_environment_scripts_only(micro_ros_msgs)
[1.126s] DEBUG:colcon.colcon_core.event_handler.log_command:Invoked command in '/home/jay/capstonerobot_ws/build/micro_ros_msgs' returned '0': CMAKE_PREFIX_PATH=${CMAKE_PREFIX_PATH}:/opt/ros/foxy /usr/bin/cmake --install /home/jay/capstonerobot_ws/build/micro_ros_msgs
[1.128s] Level 1:colcon.colcon_core.environment:checking '/home/jay/capstonerobot_ws/install/micro_ros_msgs' for CMake module files
[1.128s] Level 1:colcon.colcon_core.environment:checking '/home/jay/capstonerobot_ws/install/micro_ros_msgs' for CMake config files
[1.129s] Level 1:colcon.colcon_core.shell:create_environment_hook('micro_ros_msgs', 'cmake_prefix_path')
[1.130s] INFO:colcon.colcon_core.shell:Creating environment hook '/home/jay/capstonerobot_ws/install/micro_ros_msgs/share/micro_ros_msgs/hook/cmake_prefix_path.ps1'
[1.130s] INFO:colcon.colcon_core.shell:Creating environment descriptor '/home/jay/capstonerobot_ws/install/micro_ros_msgs/share/micro_ros_msgs/hook/cmake_prefix_path.dsv'
[1.130s] INFO:colcon.colcon_core.shell:Creating environment hook '/home/jay/capstonerobot_ws/install/micro_ros_msgs/share/micro_ros_msgs/hook/cmake_prefix_path.sh'
[1.131s] Level 1:colcon.colcon_core.environment:checking '/home/jay/capstonerobot_ws/install/micro_ros_msgs/lib'
[1.131s] Level 1:colcon.colcon_core.shell:create_environment_hook('micro_ros_msgs', 'ld_library_path_lib')
[1.132s] INFO:colcon.colcon_core.shell:Creating environment hook '/home/jay/capstonerobot_ws/install/micro_ros_msgs/share/micro_ros_msgs/hook/ld_library_path_lib.ps1'
[1.132s] INFO:colcon.colcon_core.shell:Creating environment descriptor '/home/jay/capstonerobot_ws/install/micro_ros_msgs/share/micro_ros_msgs/hook/ld_library_path_lib.dsv'
[1.132s] INFO:colcon.colcon_core.shell:Creating environment hook '/home/jay/capstonerobot_ws/install/micro_ros_msgs/share/micro_ros_msgs/hook/ld_library_path_lib.sh'
[1.132s] Level 1:colcon.colcon_core.environment:checking '/home/jay/capstonerobot_ws/install/micro_ros_msgs/bin'
[1.132s] Level 1:colcon.colcon_core.environment:checking '/home/jay/capstonerobot_ws/install/micro_ros_msgs/lib/pkgconfig/micro_ros_msgs.pc'
[1.132s] Level 1:colcon.colcon_core.environment:checking '/home/jay/capstonerobot_ws/install/micro_ros_msgs/lib/python3.8/site-packages'
[1.133s] Level 1:colcon.colcon_core.shell:create_environment_hook('micro_ros_msgs', 'pythonpath')
[1.133s] INFO:colcon.colcon_core.shell:Creating environment hook '/home/jay/capstonerobot_ws/install/micro_ros_msgs/share/micro_ros_msgs/hook/pythonpath.ps1'
[1.133s] INFO:colcon.colcon_core.shell:Creating environment descriptor '/home/jay/capstonerobot_ws/install/micro_ros_msgs/share/micro_ros_msgs/hook/pythonpath.dsv'
[1.134s] INFO:colcon.colcon_core.shell:Creating environment hook '/home/jay/capstonerobot_ws/install/micro_ros_msgs/share/micro_ros_msgs/hook/pythonpath.sh'
[1.134s] Level 1:colcon.colcon_core.environment:checking '/home/jay/capstonerobot_ws/install/micro_ros_msgs/bin'
[1.135s] INFO:colcon.colcon_core.shell:Creating package script '/home/jay/capstonerobot_ws/install/micro_ros_msgs/share/micro_ros_msgs/package.ps1'
[1.135s] INFO:colcon.colcon_core.shell:Creating package descriptor '/home/jay/capstonerobot_ws/install/micro_ros_msgs/share/micro_ros_msgs/package.dsv'
[1.135s] INFO:colcon.colcon_core.shell:Creating package script '/home/jay/capstonerobot_ws/install/micro_ros_msgs/share/micro_ros_msgs/package.sh'
[1.136s] INFO:colcon.colcon_core.shell:Creating package script '/home/jay/capstonerobot_ws/install/micro_ros_msgs/share/micro_ros_msgs/package.bash'
[1.136s] INFO:colcon.colcon_core.shell:Creating package script '/home/jay/capstonerobot_ws/install/micro_ros_msgs/share/micro_ros_msgs/package.zsh'
[1.137s] Level 1:colcon.colcon_core.environment:create_file_with_runtime_dependencies(/home/jay/capstonerobot_ws/install/micro_ros_msgs/share/colcon-core/packages/micro_ros_msgs)
[1.220s] Level 1:colcon.colcon_core.environment:create_environment_scripts_only(micro_ros_msgs)
[1.221s] Level 1:colcon.colcon_core.environment:checking '/home/jay/capstonerobot_ws/install/micro_ros_msgs' for CMake module files
[1.221s] Level 1:colcon.colcon_core.environment:checking '/home/jay/capstonerobot_ws/install/micro_ros_msgs' for CMake config files
[1.222s] Level 1:colcon.colcon_core.shell:create_environment_hook('micro_ros_msgs', 'cmake_prefix_path')
[1.223s] INFO:colcon.colcon_core.shell:Creating environment hook '/home/jay/capstonerobot_ws/install/micro_ros_msgs/share/micro_ros_msgs/hook/cmake_prefix_path.ps1'
[1.223s] INFO:colcon.colcon_core.shell:Creating environment descriptor '/home/jay/capstonerobot_ws/install/micro_ros_msgs/share/micro_ros_msgs/hook/cmake_prefix_path.dsv'
[1.223s] INFO:colcon.colcon_core.shell:Creating environment hook '/home/jay/capstonerobot_ws/install/micro_ros_msgs/share/micro_ros_msgs/hook/cmake_prefix_path.sh'
[1.224s] Level 1:colcon.colcon_core.environment:checking '/home/jay/capstonerobot_ws/install/micro_ros_msgs/lib'
[1.224s] Level 1:colcon.colcon_core.shell:create_environment_hook('micro_ros_msgs', 'ld_library_path_lib')
[1.224s] INFO:colcon.colcon_core.shell:Creating environment hook '/home/jay/capstonerobot_ws/install/micro_ros_msgs/share/micro_ros_msgs/hook/ld_library_path_lib.ps1'
[1.225s] INFO:colcon.colcon_core.shell:Creating environment descriptor '/home/jay/capstonerobot_ws/install/micro_ros_msgs/share/micro_ros_msgs/hook/ld_library_path_lib.dsv'
[1.225s] INFO:colcon.colcon_core.shell:Creating environment hook '/home/jay/capstonerobot_ws/install/micro_ros_msgs/share/micro_ros_msgs/hook/ld_library_path_lib.sh'
[1.225s] Level 1:colcon.colcon_core.environment:checking '/home/jay/capstonerobot_ws/install/micro_ros_msgs/bin'
[1.225s] Level 1:colcon.colcon_core.environment:checking '/home/jay/capstonerobot_ws/install/micro_ros_msgs/lib/pkgconfig/micro_ros_msgs.pc'
[1.225s] Level 1:colcon.colcon_core.environment:checking '/home/jay/capstonerobot_ws/install/micro_ros_msgs/lib/python3.8/site-packages'
[1.225s] Level 1:colcon.colcon_core.shell:create_environment_hook('micro_ros_msgs', 'pythonpath')
[1.226s] INFO:colcon.colcon_core.shell:Creating environment hook '/home/jay/capstonerobot_ws/install/micro_ros_msgs/share/micro_ros_msgs/hook/pythonpath.ps1'
[1.227s] INFO:colcon.colcon_core.shell:Creating environment descriptor '/home/jay/capstonerobot_ws/install/micro_ros_msgs/share/micro_ros_msgs/hook/pythonpath.dsv'
[1.227s] INFO:colcon.colcon_core.shell:Creating environment hook '/home/jay/capstonerobot_ws/install/micro_ros_msgs/share/micro_ros_msgs/hook/pythonpath.sh'
[1.227s] Level 1:colcon.colcon_core.environment:checking '/home/jay/capstonerobot_ws/install/micro_ros_msgs/bin'
[1.228s] INFO:colcon.colcon_core.shell:Creating package script '/home/jay/capstonerobot_ws/install/micro_ros_msgs/share/micro_ros_msgs/package.ps1'
[1.228s] INFO:colcon.colcon_core.shell:Creating package descriptor '/home/jay/capstonerobot_ws/install/micro_ros_msgs/share/micro_ros_msgs/package.dsv'
[1.228s] INFO:colcon.colcon_core.shell:Creating package script '/home/jay/capstonerobot_ws/install/micro_ros_msgs/share/micro_ros_msgs/package.sh'
[1.229s] INFO:colcon.colcon_core.shell:Creating package script '/home/jay/capstonerobot_ws/install/micro_ros_msgs/share/micro_ros_msgs/package.bash'
[1.229s] INFO:colcon.colcon_core.shell:Creating package script '/home/jay/capstonerobot_ws/install/micro_ros_msgs/share/micro_ros_msgs/package.zsh'
[1.229s] Level 1:colcon.colcon_core.environment:create_file_with_runtime_dependencies(/home/jay/capstonerobot_ws/install/micro_ros_msgs/share/colcon-core/packages/micro_ros_msgs)
[1.229s] INFO:colcon.colcon_ros.task.ament_cmake.build:Building ROS package in '/home/jay/capstonerobot_ws/src/uros/micro-ROS-Agent/micro_ros_agent' with build type 'ament_cmake'
[1.229s] INFO:colcon.colcon_cmake.task.cmake.build:Building CMake package in '/home/jay/capstonerobot_ws/src/uros/micro-ROS-Agent/micro_ros_agent'
[1.230s] INFO:colcon.colcon_core.shell:Skip shell extension 'powershell' for command environment: Not usable outside of PowerShell
[1.230s] DEBUG:colcon.colcon_core.shell:Skip shell extension 'dsv' for command environment
[1.243s] DEBUG:colcon.colcon_core.event_handler.log_command:Invoking command in '/home/jay/capstonerobot_ws/build/micro_ros_agent': CMAKE_PREFIX_PATH=/home/jay/capstonerobot_ws/install/micro_ros_msgs:/home/jay/capstonerobot_ws/install/micro_ros_agent:/home/jay/capstonerobot_ws/install/drive_base_msgs:/home/jay/capstonerobot_ws/install/ydlidar_ros2_driver:/home/jay/capstonerobot_ws/install/turtlebot3_simulations:/home/jay/capstonerobot_ws/install/turtlebot3_gazebo:/home/jay/capstonerobot_ws/install/turtlebot3_fake_node:/home/jay/capstonerobot_ws/install/micro_ros_setup:/home/jay/colcon_ws/install/std_msgs:/home/jay/colcon_ws/install/ydlidar_ros2_driver:/home/jay/colcon_ws/install/action_msgs:/home/jay/colcon_ws/install/unique_identifier_msgs:/home/jay/colcon_ws/install/turtlebot3_simulations:/home/jay/colcon_ws/install/turtlebot3_gazebo:/home/jay/colcon_ws/install/turtlebot3_fake_node:/home/jay/colcon_ws/install/std_srvs:/home/jay/colcon_ws/install/rmw_microxrcedds:/home/jay/colcon_ws/install/rosidl_typesupport_microxrcedds_cpp:/home/jay/colcon_ws/install/rosidl_typesupport_microxrcedds_c:/home/jay/colcon_ws/install/rcl_interfaces:/home/jay/colcon_ws/install/microxrcedds_client:/home/jay/colcon_ws/install/microcdr:/home/jay/colcon_ws/install/micro_ros_setup:/home/jay/colcon_ws/install/micro_ros_agent:/home/jay/colcon_ws/install/micro_ros_msgs:/home/jay/colcon_ws/install/drive_base_msgs:/home/jay/colcon_ws/install/complex_msgs:/home/jay/colcon_ws/install/builtin_interfaces:/opt/ros/foxy LD_LIBRARY_PATH=/home/jay/capstonerobot_ws/install/micro_ros_msgs/lib:/home/jay/capstonerobot_ws/install/micro_ros_agent/lib:/home/jay/capstonerobot_ws/install/drive_base_msgs/lib:/home/jay/colcon_ws/install/std_msgs/lib:/home/jay/colcon_ws/install/action_msgs/lib:/home/jay/colcon_ws/install/unique_identifier_msgs/lib:/home/jay/colcon_ws/install/std_srvs/lib:/home/jay/colcon_ws/install/rmw_microxrcedds/lib:/home/jay/colcon_ws/install/rosidl_typesupport_microxrcedds_cpp/lib:/home/jay/colcon_ws/install/rosidl_typesupport_microxrcedds_c/lib:/home/jay/colcon_ws/install/rcl_interfaces/lib:/home/jay/colcon_ws/install/micro_ros_agent/lib:/home/jay/colcon_ws/install/micro_ros_msgs/lib:/home/jay/colcon_ws/install/drive_base_msgs/lib:/home/jay/colcon_ws/install/complex_msgs/lib:/home/jay/colcon_ws/install/builtin_interfaces/lib:/usr/lib/aarch64-linux-gnu/gazebo-11/plugins:/opt/ros/foxy/opt/yaml_cpp_vendor/lib:/opt/ros/foxy/opt/rviz_ogre_vendor/lib:/opt/ros/foxy/lib/aarch64-linux-gnu:/opt/ros/foxy/lib /usr/bin/cmake /home/jay/capstonerobot_ws/src/uros/micro-ROS-Agent/micro_ros_agent -DUAGENT_BUILD_EXECUTABLE=OFF -DUAGENT_P2P_PROFILE=OFF --no-warn-unused-cli -DCMAKE_INSTALL_PREFIX=/home/jay/capstonerobot_ws/install/micro_ros_agent
[1.655s] DEBUG:colcon.colcon_core.event_handler.log_command:Invoked command in '/home/jay/capstonerobot_ws/build/micro_ros_agent' returned '0': CMAKE_PREFIX_PATH=/home/jay/capstonerobot_ws/install/micro_ros_msgs:/home/jay/capstonerobot_ws/install/micro_ros_agent:/home/jay/capstonerobot_ws/install/drive_base_msgs:/home/jay/capstonerobot_ws/install/ydlidar_ros2_driver:/home/jay/capstonerobot_ws/install/turtlebot3_simulations:/home/jay/capstonerobot_ws/install/turtlebot3_gazebo:/home/jay/capstonerobot_ws/install/turtlebot3_fake_node:/home/jay/capstonerobot_ws/install/micro_ros_setup:/home/jay/colcon_ws/install/std_msgs:/home/jay/colcon_ws/install/ydlidar_ros2_driver:/home/jay/colcon_ws/install/action_msgs:/home/jay/colcon_ws/install/unique_identifier_msgs:/home/jay/colcon_ws/install/turtlebot3_simulations:/home/jay/colcon_ws/install/turtlebot3_gazebo:/home/jay/colcon_ws/install/turtlebot3_fake_node:/home/jay/colcon_ws/install/std_srvs:/home/jay/colcon_ws/install/rmw_microxrcedds:/home/jay/colcon_ws/install/rosidl_typesupport_microxrcedds_cpp:/home/jay/colcon_ws/install/rosidl_typesupport_microxrcedds_c:/home/jay/colcon_ws/install/rcl_interfaces:/home/jay/colcon_ws/install/microxrcedds_client:/home/jay/colcon_ws/install/microcdr:/home/jay/colcon_ws/install/micro_ros_setup:/home/jay/colcon_ws/install/micro_ros_agent:/home/jay/colcon_ws/install/micro_ros_msgs:/home/jay/colcon_ws/install/drive_base_msgs:/home/jay/colcon_ws/install/complex_msgs:/home/jay/colcon_ws/install/builtin_interfaces:/opt/ros/foxy LD_LIBRARY_PATH=/home/jay/capstonerobot_ws/install/micro_ros_msgs/lib:/home/jay/capstonerobot_ws/install/micro_ros_agent/lib:/home/jay/capstonerobot_ws/install/drive_base_msgs/lib:/home/jay/colcon_ws/install/std_msgs/lib:/home/jay/colcon_ws/install/action_msgs/lib:/home/jay/colcon_ws/install/unique_identifier_msgs/lib:/home/jay/colcon_ws/install/std_srvs/lib:/home/jay/colcon_ws/install/rmw_microxrcedds/lib:/home/jay/colcon_ws/install/rosidl_typesupport_microxrcedds_cpp/lib:/home/jay/colcon_ws/install/rosidl_typesupport_microxrcedds_c/lib:/home/jay/colcon_ws/install/rcl_interfaces/lib:/home/jay/colcon_ws/install/micro_ros_agent/lib:/home/jay/colcon_ws/install/micro_ros_msgs/lib:/home/jay/colcon_ws/install/drive_base_msgs/lib:/home/jay/colcon_ws/install/complex_msgs/lib:/home/jay/colcon_ws/install/builtin_interfaces/lib:/usr/lib/aarch64-linux-gnu/gazebo-11/plugins:/opt/ros/foxy/opt/yaml_cpp_vendor/lib:/opt/ros/foxy/opt/rviz_ogre_vendor/lib:/opt/ros/foxy/lib/aarch64-linux-gnu:/opt/ros/foxy/lib /usr/bin/cmake /home/jay/capstonerobot_ws/src/uros/micro-ROS-Agent/micro_ros_agent -DUAGENT_BUILD_EXECUTABLE=OFF -DUAGENT_P2P_PROFILE=OFF --no-warn-unused-cli -DCMAKE_INSTALL_PREFIX=/home/jay/capstonerobot_ws/install/micro_ros_agent
[1.656s] DEBUG:colcon.colcon_core.event_handler.log_command:Invoking command in '/home/jay/capstonerobot_ws/build/micro_ros_agent': CMAKE_PREFIX_PATH=/home/jay/capstonerobot_ws/install/micro_ros_msgs:/home/jay/capstonerobot_ws/install/micro_ros_agent:/home/jay/capstonerobot_ws/install/drive_base_msgs:/home/jay/capstonerobot_ws/install/ydlidar_ros2_driver:/home/jay/capstonerobot_ws/install/turtlebot3_simulations:/home/jay/capstonerobot_ws/install/turtlebot3_gazebo:/home/jay/capstonerobot_ws/install/turtlebot3_fake_node:/home/jay/capstonerobot_ws/install/micro_ros_setup:/home/jay/colcon_ws/install/std_msgs:/home/jay/colcon_ws/install/ydlidar_ros2_driver:/home/jay/colcon_ws/install/action_msgs:/home/jay/colcon_ws/install/unique_identifier_msgs:/home/jay/colcon_ws/install/turtlebot3_simulations:/home/jay/colcon_ws/install/turtlebot3_gazebo:/home/jay/colcon_ws/install/turtlebot3_fake_node:/home/jay/colcon_ws/install/std_srvs:/home/jay/colcon_ws/install/rmw_microxrcedds:/home/jay/colcon_ws/install/rosidl_typesupport_microxrcedds_cpp:/home/jay/colcon_ws/install/rosidl_typesupport_microxrcedds_c:/home/jay/colcon_ws/install/rcl_interfaces:/home/jay/colcon_ws/install/microxrcedds_client:/home/jay/colcon_ws/install/microcdr:/home/jay/colcon_ws/install/micro_ros_setup:/home/jay/colcon_ws/install/micro_ros_agent:/home/jay/colcon_ws/install/micro_ros_msgs:/home/jay/colcon_ws/install/drive_base_msgs:/home/jay/colcon_ws/install/complex_msgs:/home/jay/colcon_ws/install/builtin_interfaces:/opt/ros/foxy LD_LIBRARY_PATH=/home/jay/capstonerobot_ws/install/micro_ros_msgs/lib:/home/jay/capstonerobot_ws/install/micro_ros_agent/lib:/home/jay/capstonerobot_ws/install/drive_base_msgs/lib:/home/jay/colcon_ws/install/std_msgs/lib:/home/jay/colcon_ws/install/action_msgs/lib:/home/jay/colcon_ws/install/unique_identifier_msgs/lib:/home/jay/colcon_ws/install/std_srvs/lib:/home/jay/colcon_ws/install/rmw_microxrcedds/lib:/home/jay/colcon_ws/install/rosidl_typesupport_microxrcedds_cpp/lib:/home/jay/colcon_ws/install/rosidl_typesupport_microxrcedds_c/lib:/home/jay/colcon_ws/install/rcl_interfaces/lib:/home/jay/colcon_ws/install/micro_ros_agent/lib:/home/jay/colcon_ws/install/micro_ros_msgs/lib:/home/jay/colcon_ws/install/drive_base_msgs/lib:/home/jay/colcon_ws/install/complex_msgs/lib:/home/jay/colcon_ws/install/builtin_interfaces/lib:/usr/lib/aarch64-linux-gnu/gazebo-11/plugins:/opt/ros/foxy/opt/yaml_cpp_vendor/lib:/opt/ros/foxy/opt/rviz_ogre_vendor/lib:/opt/ros/foxy/lib/aarch64-linux-gnu:/opt/ros/foxy/lib /usr/bin/cmake --build /home/jay/capstonerobot_ws/build/micro_ros_agent -- -j4 -l4
[1.712s] DEBUG:colcon.colcon_core.event_handler.log_command:Invoked command in '/home/jay/capstonerobot_ws/build/micro_ros_agent' returned '0': CMAKE_PREFIX_PATH=/home/jay/capstonerobot_ws/install/micro_ros_msgs:/home/jay/capstonerobot_ws/install/micro_ros_agent:/home/jay/capstonerobot_ws/install/drive_base_msgs:/home/jay/capstonerobot_ws/install/ydlidar_ros2_driver:/home/jay/capstonerobot_ws/install/turtlebot3_simulations:/home/jay/capstonerobot_ws/install/turtlebot3_gazebo:/home/jay/capstonerobot_ws/install/turtlebot3_fake_node:/home/jay/capstonerobot_ws/install/micro_ros_setup:/home/jay/colcon_ws/install/std_msgs:/home/jay/colcon_ws/install/ydlidar_ros2_driver:/home/jay/colcon_ws/install/action_msgs:/home/jay/colcon_ws/install/unique_identifier_msgs:/home/jay/colcon_ws/install/turtlebot3_simulations:/home/jay/colcon_ws/install/turtlebot3_gazebo:/home/jay/colcon_ws/install/turtlebot3_fake_node:/home/jay/colcon_ws/install/std_srvs:/home/jay/colcon_ws/install/rmw_microxrcedds:/home/jay/colcon_ws/install/rosidl_typesupport_microxrcedds_cpp:/home/jay/colcon_ws/install/rosidl_typesupport_microxrcedds_c:/home/jay/colcon_ws/install/rcl_interfaces:/home/jay/colcon_ws/install/microxrcedds_client:/home/jay/colcon_ws/install/microcdr:/home/jay/colcon_ws/install/micro_ros_setup:/home/jay/colcon_ws/install/micro_ros_agent:/home/jay/colcon_ws/install/micro_ros_msgs:/home/jay/colcon_ws/install/drive_base_msgs:/home/jay/colcon_ws/install/complex_msgs:/home/jay/colcon_ws/install/builtin_interfaces:/opt/ros/foxy LD_LIBRARY_PATH=/home/jay/capstonerobot_ws/install/micro_ros_msgs/lib:/home/jay/capstonerobot_ws/install/micro_ros_agent/lib:/home/jay/capstonerobot_ws/install/drive_base_msgs/lib:/home/jay/colcon_ws/install/std_msgs/lib:/home/jay/colcon_ws/install/action_msgs/lib:/home/jay/colcon_ws/install/unique_identifier_msgs/lib:/home/jay/colcon_ws/install/std_srvs/lib:/home/jay/colcon_ws/install/rmw_microxrcedds/lib:/home/jay/colcon_ws/install/rosidl_typesupport_microxrcedds_cpp/lib:/home/jay/colcon_ws/install/rosidl_typesupport_microxrcedds_c/lib:/home/jay/colcon_ws/install/rcl_interfaces/lib:/home/jay/colcon_ws/install/micro_ros_agent/lib:/home/jay/colcon_ws/install/micro_ros_msgs/lib:/home/jay/colcon_ws/install/drive_base_msgs/lib:/home/jay/colcon_ws/install/complex_msgs/lib:/home/jay/colcon_ws/install/builtin_interfaces/lib:/usr/lib/aarch64-linux-gnu/gazebo-11/plugins:/opt/ros/foxy/opt/yaml_cpp_vendor/lib:/opt/ros/foxy/opt/rviz_ogre_vendor/lib:/opt/ros/foxy/lib/aarch64-linux-gnu:/opt/ros/foxy/lib /usr/bin/cmake --build /home/jay/capstonerobot_ws/build/micro_ros_agent -- -j4 -l4
[1.737s] DEBUG:colcon.colcon_core.event_handler.log_command:Invoking command in '/home/jay/capstonerobot_ws/build/micro_ros_agent': CMAKE_PREFIX_PATH=/home/jay/capstonerobot_ws/install/micro_ros_msgs:/home/jay/capstonerobot_ws/install/micro_ros_agent:/home/jay/capstonerobot_ws/install/drive_base_msgs:/home/jay/capstonerobot_ws/install/ydlidar_ros2_driver:/home/jay/capstonerobot_ws/install/turtlebot3_simulations:/home/jay/capstonerobot_ws/install/turtlebot3_gazebo:/home/jay/capstonerobot_ws/install/turtlebot3_fake_node:/home/jay/capstonerobot_ws/install/micro_ros_setup:/home/jay/colcon_ws/install/std_msgs:/home/jay/colcon_ws/install/ydlidar_ros2_driver:/home/jay/colcon_ws/install/action_msgs:/home/jay/colcon_ws/install/unique_identifier_msgs:/home/jay/colcon_ws/install/turtlebot3_simulations:/home/jay/colcon_ws/install/turtlebot3_gazebo:/home/jay/colcon_ws/install/turtlebot3_fake_node:/home/jay/colcon_ws/install/std_srvs:/home/jay/colcon_ws/install/rmw_microxrcedds:/home/jay/colcon_ws/install/rosidl_typesupport_microxrcedds_cpp:/home/jay/colcon_ws/install/rosidl_typesupport_microxrcedds_c:/home/jay/colcon_ws/install/rcl_interfaces:/home/jay/colcon_ws/install/microxrcedds_client:/home/jay/colcon_ws/install/microcdr:/home/jay/colcon_ws/install/micro_ros_setup:/home/jay/colcon_ws/install/micro_ros_agent:/home/jay/colcon_ws/install/micro_ros_msgs:/home/jay/colcon_ws/install/drive_base_msgs:/home/jay/colcon_ws/install/complex_msgs:/home/jay/colcon_ws/install/builtin_interfaces:/opt/ros/foxy LD_LIBRARY_PATH=/home/jay/capstonerobot_ws/install/micro_ros_msgs/lib:/home/jay/capstonerobot_ws/install/micro_ros_agent/lib:/home/jay/capstonerobot_ws/install/drive_base_msgs/lib:/home/jay/colcon_ws/install/std_msgs/lib:/home/jay/colcon_ws/install/action_msgs/lib:/home/jay/colcon_ws/install/unique_identifier_msgs/lib:/home/jay/colcon_ws/install/std_srvs/lib:/home/jay/colcon_ws/install/rmw_microxrcedds/lib:/home/jay/colcon_ws/install/rosidl_typesupport_microxrcedds_cpp/lib:/home/jay/colcon_ws/install/rosidl_typesupport_microxrcedds_c/lib:/home/jay/colcon_ws/install/rcl_interfaces/lib:/home/jay/colcon_ws/install/micro_ros_agent/lib:/home/jay/colcon_ws/install/micro_ros_msgs/lib:/home/jay/colcon_ws/install/drive_base_msgs/lib:/home/jay/colcon_ws/install/complex_msgs/lib:/home/jay/colcon_ws/install/builtin_interfaces/lib:/usr/lib/aarch64-linux-gnu/gazebo-11/plugins:/opt/ros/foxy/opt/yaml_cpp_vendor/lib:/opt/ros/foxy/opt/rviz_ogre_vendor/lib:/opt/ros/foxy/lib/aarch64-linux-gnu:/opt/ros/foxy/lib /usr/bin/cmake --install /home/jay/capstonerobot_ws/build/micro_ros_agent
[1.752s] Level 1:colcon.colcon_core.environment:create_environment_scripts_only(micro_ros_agent)
[1.753s] Level 1:colcon.colcon_core.environment:checking '/home/jay/capstonerobot_ws/install/micro_ros_agent' for CMake module files
[1.754s] DEBUG:colcon.colcon_core.event_handler.log_command:Invoked command in '/home/jay/capstonerobot_ws/build/micro_ros_agent' returned '0': CMAKE_PREFIX_PATH=/home/jay/capstonerobot_ws/install/micro_ros_msgs:/home/jay/capstonerobot_ws/install/micro_ros_agent:/home/jay/capstonerobot_ws/install/drive_base_msgs:/home/jay/capstonerobot_ws/install/ydlidar_ros2_driver:/home/jay/capstonerobot_ws/install/turtlebot3_simulations:/home/jay/capstonerobot_ws/install/turtlebot3_gazebo:/home/jay/capstonerobot_ws/install/turtlebot3_fake_node:/home/jay/capstonerobot_ws/install/micro_ros_setup:/home/jay/colcon_ws/install/std_msgs:/home/jay/colcon_ws/install/ydlidar_ros2_driver:/home/jay/colcon_ws/install/action_msgs:/home/jay/colcon_ws/install/unique_identifier_msgs:/home/jay/colcon_ws/install/turtlebot3_simulations:/home/jay/colcon_ws/install/turtlebot3_gazebo:/home/jay/colcon_ws/install/turtlebot3_fake_node:/home/jay/colcon_ws/install/std_srvs:/home/jay/colcon_ws/install/rmw_microxrcedds:/home/jay/colcon_ws/install/rosidl_typesupport_microxrcedds_cpp:/home/jay/colcon_ws/install/rosidl_typesupport_microxrcedds_c:/home/jay/colcon_ws/install/rcl_interfaces:/home/jay/colcon_ws/install/microxrcedds_client:/home/jay/colcon_ws/install/microcdr:/home/jay/colcon_ws/install/micro_ros_setup:/home/jay/colcon_ws/install/micro_ros_agent:/home/jay/colcon_ws/install/micro_ros_msgs:/home/jay/colcon_ws/install/drive_base_msgs:/home/jay/colcon_ws/install/complex_msgs:/home/jay/colcon_ws/install/builtin_interfaces:/opt/ros/foxy LD_LIBRARY_PATH=/home/jay/capstonerobot_ws/install/micro_ros_msgs/lib:/home/jay/capstonerobot_ws/install/micro_ros_agent/lib:/home/jay/capstonerobot_ws/install/drive_base_msgs/lib:/home/jay/colcon_ws/install/std_msgs/lib:/home/jay/colcon_ws/install/action_msgs/lib:/home/jay/colcon_ws/install/unique_identifier_msgs/lib:/home/jay/colcon_ws/install/std_srvs/lib:/home/jay/colcon_ws/install/rmw_microxrcedds/lib:/home/jay/colcon_ws/install/rosidl_typesupport_microxrcedds_cpp/lib:/home/jay/colcon_ws/install/rosidl_typesupport_microxrcedds_c/lib:/home/jay/colcon_ws/install/rcl_interfaces/lib:/home/jay/colcon_ws/install/micro_ros_agent/lib:/home/jay/colcon_ws/install/micro_ros_msgs/lib:/home/jay/colcon_ws/install/drive_base_msgs/lib:/home/jay/colcon_ws/install/complex_msgs/lib:/home/jay/colcon_ws/install/builtin_interfaces/lib:/usr/lib/aarch64-linux-gnu/gazebo-11/plugins:/opt/ros/foxy/opt/yaml_cpp_vendor/lib:/opt/ros/foxy/opt/rviz_ogre_vendor/lib:/opt/ros/foxy/lib/aarch64-linux-gnu:/opt/ros/foxy/lib /usr/bin/cmake --install /home/jay/capstonerobot_ws/build/micro_ros_agent
[1.754s] Level 1:colcon.colcon_core.environment:checking '/home/jay/capstonerobot_ws/install/micro_ros_agent' for CMake config files
[1.755s] Level 1:colcon.colcon_core.shell:create_environment_hook('micro_ros_agent', 'cmake_prefix_path')
[1.755s] INFO:colcon.colcon_core.shell:Creating environment hook '/home/jay/capstonerobot_ws/install/micro_ros_agent/share/micro_ros_agent/hook/cmake_prefix_path.ps1'
[1.756s] INFO:colcon.colcon_core.shell:Creating environment descriptor '/home/jay/capstonerobot_ws/install/micro_ros_agent/share/micro_ros_agent/hook/cmake_prefix_path.dsv'
[1.756s] INFO:colcon.colcon_core.shell:Creating environment hook '/home/jay/capstonerobot_ws/install/micro_ros_agent/share/micro_ros_agent/hook/cmake_prefix_path.sh'
[1.756s] Level 1:colcon.colcon_core.environment:checking '/home/jay/capstonerobot_ws/install/micro_ros_agent/lib'
[1.756s] Level 1:colcon.colcon_core.shell:create_environment_hook('micro_ros_agent', 'ld_library_path_lib')
[1.757s] INFO:colcon.colcon_core.shell:Creating environment hook '/home/jay/capstonerobot_ws/install/micro_ros_agent/share/micro_ros_agent/hook/ld_library_path_lib.ps1'
[1.757s] INFO:colcon.colcon_core.shell:Creating environment descriptor '/home/jay/capstonerobot_ws/install/micro_ros_agent/share/micro_ros_agent/hook/ld_library_path_lib.dsv'
[1.757s] INFO:colcon.colcon_core.shell:Creating environment hook '/home/jay/capstonerobot_ws/install/micro_ros_agent/share/micro_ros_agent/hook/ld_library_path_lib.sh'
[1.757s] Level 1:colcon.colcon_core.environment:checking '/home/jay/capstonerobot_ws/install/micro_ros_agent/bin'
[1.757s] Level 1:colcon.colcon_core.environment:checking '/home/jay/capstonerobot_ws/install/micro_ros_agent/lib/pkgconfig/micro_ros_agent.pc'
[1.757s] Level 1:colcon.colcon_core.environment:checking '/home/jay/capstonerobot_ws/install/micro_ros_agent/lib/python3.8/site-packages'
[1.757s] Level 1:colcon.colcon_core.environment:checking '/home/jay/capstonerobot_ws/install/micro_ros_agent/bin'
[1.758s] INFO:colcon.colcon_core.shell:Creating package script '/home/jay/capstonerobot_ws/install/micro_ros_agent/share/micro_ros_agent/package.ps1'
[1.758s] INFO:colcon.colcon_core.shell:Creating package descriptor '/home/jay/capstonerobot_ws/install/micro_ros_agent/share/micro_ros_agent/package.dsv'
[1.758s] INFO:colcon.colcon_core.shell:Creating package script '/home/jay/capstonerobot_ws/install/micro_ros_agent/share/micro_ros_agent/package.sh'
[1.759s] INFO:colcon.colcon_core.shell:Creating package script '/home/jay/capstonerobot_ws/install/micro_ros_agent/share/micro_ros_agent/package.bash'
[1.759s] INFO:colcon.colcon_core.shell:Creating package script '/home/jay/capstonerobot_ws/install/micro_ros_agent/share/micro_ros_agent/package.zsh'
[1.759s] Level 1:colcon.colcon_core.environment:create_file_with_runtime_dependencies(/home/jay/capstonerobot_ws/install/micro_ros_agent/share/colcon-core/packages/micro_ros_agent)
[1.783s] Level 1:colcon.colcon_core.environment:create_environment_scripts_only(micro_ros_agent)
[1.784s] Level 1:colcon.colcon_core.environment:checking '/home/jay/capstonerobot_ws/install/micro_ros_agent' for CMake module files
[1.785s] Level 1:colcon.colcon_core.environment:checking '/home/jay/capstonerobot_ws/install/micro_ros_agent' for CMake config files
[1.785s] Level 1:colcon.colcon_core.shell:create_environment_hook('micro_ros_agent', 'cmake_prefix_path')
[1.786s] INFO:colcon.colcon_core.shell:Creating environment hook '/home/jay/capstonerobot_ws/install/micro_ros_agent/share/micro_ros_agent/hook/cmake_prefix_path.ps1'
[1.786s] INFO:colcon.colcon_core.shell:Creating environment descriptor '/home/jay/capstonerobot_ws/install/micro_ros_agent/share/micro_ros_agent/hook/cmake_prefix_path.dsv'
[1.786s] INFO:colcon.colcon_core.shell:Creating environment hook '/home/jay/capstonerobot_ws/install/micro_ros_agent/share/micro_ros_agent/hook/cmake_prefix_path.sh'
[1.787s] Level 1:colcon.colcon_core.environment:checking '/home/jay/capstonerobot_ws/install/micro_ros_agent/lib'
[1.787s] Level 1:colcon.colcon_core.shell:create_environment_hook('micro_ros_agent', 'ld_library_path_lib')
[1.787s] INFO:colcon.colcon_core.shell:Creating environment hook '/home/jay/capstonerobot_ws/install/micro_ros_agent/share/micro_ros_agent/hook/ld_library_path_lib.ps1'
[1.788s] INFO:colcon.colcon_core.shell:Creating environment descriptor '/home/jay/capstonerobot_ws/install/micro_ros_agent/share/micro_ros_agent/hook/ld_library_path_lib.dsv'
[1.788s] INFO:colcon.colcon_core.shell:Creating environment hook '/home/jay/capstonerobot_ws/install/micro_ros_agent/share/micro_ros_agent/hook/ld_library_path_lib.sh'
[1.788s] Level 1:colcon.colcon_core.environment:checking '/home/jay/capstonerobot_ws/install/micro_ros_agent/bin'
[1.788s] Level 1:colcon.colcon_core.environment:checking '/home/jay/capstonerobot_ws/install/micro_ros_agent/lib/pkgconfig/micro_ros_agent.pc'
[1.788s] Level 1:colcon.colcon_core.environment:checking '/home/jay/capstonerobot_ws/install/micro_ros_agent/lib/python3.8/site-packages'
[1.788s] Level 1:colcon.colcon_core.environment:checking '/home/jay/capstonerobot_ws/install/micro_ros_agent/bin'
[1.789s] INFO:colcon.colcon_core.shell:Creating package script '/home/jay/capstonerobot_ws/install/micro_ros_agent/share/micro_ros_agent/package.ps1'
[1.790s] INFO:colcon.colcon_core.shell:Creating package descriptor '/home/jay/capstonerobot_ws/install/micro_ros_agent/share/micro_ros_agent/package.dsv'
[1.790s] INFO:colcon.colcon_core.shell:Creating package script '/home/jay/capstonerobot_ws/install/micro_ros_agent/share/micro_ros_agent/package.sh'
[1.790s] INFO:colcon.colcon_core.shell:Creating package script '/home/jay/capstonerobot_ws/install/micro_ros_agent/share/micro_ros_agent/package.bash'
[1.791s] INFO:colcon.colcon_core.shell:Creating package script '/home/jay/capstonerobot_ws/install/micro_ros_agent/share/micro_ros_agent/package.zsh'
[1.791s] Level 1:colcon.colcon_core.environment:create_file_with_runtime_dependencies(/home/jay/capstonerobot_ws/install/micro_ros_agent/share/colcon-core/packages/micro_ros_agent)
[1.791s] DEBUG:colcon.colcon_parallel_executor.executor.parallel:closing loop
[1.792s] DEBUG:colcon.colcon_parallel_executor.executor.parallel:loop closed
[1.792s] DEBUG:colcon.colcon_parallel_executor.executor.parallel:run_until_complete finished with '0'
[1.792s] DEBUG:colcon.colcon_core.event_reactor:joining thread
[1.796s] INFO:colcon.colcon_core.plugin_system:Skipping extension 'colcon_notification.desktop_notification.terminal_notifier': Not used on non-Darwin systems
[1.796s] INFO:colcon.colcon_core.plugin_system:Skipping extension 'colcon_notification.desktop_notification.win32': Not used on non-Windows systems
[1.796s] INFO:colcon.colcon_notification.desktop_notification:Sending desktop notification using 'notify2'
[1.804s] DEBUG:colcon.colcon_core.event_reactor:joined thread
[1.805s] INFO:colcon.colcon_core.shell:Creating prefix script '/home/jay/capstonerobot_ws/install/local_setup.ps1'
[1.805s] INFO:colcon.colcon_core.shell:Creating prefix util module '/home/jay/capstonerobot_ws/install/_local_setup_util_ps1.py'
[1.806s] INFO:colcon.colcon_core.shell:Creating prefix chain script '/home/jay/capstonerobot_ws/install/setup.ps1'
[1.809s] INFO:colcon.colcon_core.shell:Creating prefix script '/home/jay/capstonerobot_ws/install/local_setup.sh'
[1.810s] INFO:colcon.colcon_core.shell:Creating prefix util module '/home/jay/capstonerobot_ws/install/_local_setup_util_sh.py'
[1.810s] INFO:colcon.colcon_core.shell:Creating prefix chain script '/home/jay/capstonerobot_ws/install/setup.sh'
[1.812s] INFO:colcon.colcon_core.shell:Creating prefix script '/home/jay/capstonerobot_ws/install/local_setup.bash'
[1.813s] INFO:colcon.colcon_core.shell:Creating prefix chain script '/home/jay/capstonerobot_ws/install/setup.bash'
[1.814s] INFO:colcon.colcon_core.shell:Creating prefix script '/home/jay/capstonerobot_ws/install/local_setup.zsh'
[1.814s] INFO:colcon.colcon_core.shell:Creating prefix chain script '/home/jay/capstonerobot_ws/install/setup.zsh'
