[0.091s] Invoking command in '/home/jay/capstonerobot_ws/build/turtlebot3_navigation2': CMAKE_PREFIX_PATH=${CMAKE_PREFIX_PATH}:/home/jay/capstonerobot_ws/install/turtlebot3_teleop:/home/jay/capstonerobot_ws/install/turtlebot3_example:/opt/ros/foxy /usr/bin/cmake /home/jay/capstonerobot_ws/src/turtlebot3/turtlebot3_navigation2 -DAMENT_CMAKE_SYMLINK_INSTALL=1 -DCMAKE_INSTALL_PREFIX=/home/jay/capstonerobot_ws/install/turtlebot3_navigation2
[0.135s] -- Found ament_cmake: 0.9.12 (/opt/ros/foxy/share/ament_cmake/cmake)
[0.241s] -- Using PYTHON_EXECUTABLE: /usr/bin/python3
[0.517s] -- Override CMake install command with custom implementation using symlinks instead of copying resources
[0.669s] -- Configuring done
[0.673s] -- Generating done
[0.674s] -- Build files have been written to: /home/jay/capstonerobot_ws/build/turtlebot3_navigation2
[0.679s] Invoked command in '/home/jay/capstonerobot_ws/build/turtlebot3_navigation2' returned '0': CMAKE_PREFIX_PATH=${CMAKE_PREFIX_PATH}:/home/jay/capstonerobot_ws/install/turtlebot3_teleop:/home/jay/capstonerobot_ws/install/turtlebot3_example:/opt/ros/foxy /usr/bin/cmake /home/jay/capstonerobot_ws/src/turtlebot3/turtlebot3_navigation2 -DAMENT_CMAKE_SYMLINK_INSTALL=1 -DCMAKE_INSTALL_PREFIX=/home/jay/capstonerobot_ws/install/turtlebot3_navigation2
[0.680s] Invoking command in '/home/jay/capstonerobot_ws/build/turtlebot3_navigation2': CMAKE_PREFIX_PATH=${CMAKE_PREFIX_PATH}:/home/jay/capstonerobot_ws/install/turtlebot3_teleop:/home/jay/capstonerobot_ws/install/turtlebot3_example:/opt/ros/foxy /usr/bin/cmake --build /home/jay/capstonerobot_ws/build/turtlebot3_navigation2 -- -j4 -l4
[0.759s] Invoked command in '/home/jay/capstonerobot_ws/build/turtlebot3_navigation2' returned '0': CMAKE_PREFIX_PATH=${CMAKE_PREFIX_PATH}:/home/jay/capstonerobot_ws/install/turtlebot3_teleop:/home/jay/capstonerobot_ws/install/turtlebot3_example:/opt/ros/foxy /usr/bin/cmake --build /home/jay/capstonerobot_ws/build/turtlebot3_navigation2 -- -j4 -l4
[0.857s] Invoking command in '/home/jay/capstonerobot_ws/build/turtlebot3_navigation2': CMAKE_PREFIX_PATH=${CMAKE_PREFIX_PATH}:/home/jay/capstonerobot_ws/install/turtlebot3_teleop:/home/jay/capstonerobot_ws/install/turtlebot3_example:/opt/ros/foxy /usr/bin/cmake --install /home/jay/capstonerobot_ws/build/turtlebot3_navigation2
[0.871s] -- Install configuration: ""
[0.873s] -- Execute custom install script
[0.874s] -- Up-to-date symlink: /home/jay/capstonerobot_ws/install/turtlebot3_navigation2/share/turtlebot3_navigation2/launch/navigation2.launch.py
[0.875s] -- Up-to-date symlink: /home/jay/capstonerobot_ws/install/turtlebot3_navigation2/share/turtlebot3_navigation2/map/turtlebot3_world.pgm
[0.875s] -- Up-to-date symlink: /home/jay/capstonerobot_ws/install/turtlebot3_navigation2/share/turtlebot3_navigation2/map/turtlebot3_world.yaml
[0.876s] -- Up-to-date symlink: /home/jay/capstonerobot_ws/install/turtlebot3_navigation2/share/turtlebot3_navigation2/param/burger.yaml
[0.876s] -- Up-to-date symlink: /home/jay/capstonerobot_ws/install/turtlebot3_navigation2/share/turtlebot3_navigation2/param/waffle.yaml
[0.876s] -- Up-to-date symlink: /home/jay/capstonerobot_ws/install/turtlebot3_navigation2/share/turtlebot3_navigation2/param/waffle_pi.yaml
[0.878s] -- Up-to-date symlink: /home/jay/capstonerobot_ws/install/turtlebot3_navigation2/share/turtlebot3_navigation2/rviz/tb3_navigation2.rviz
[0.880s] -- Up-to-date symlink: /home/jay/capstonerobot_ws/install/turtlebot3_navigation2/share/ament_index/resource_index/package_run_dependencies/turtlebot3_navigation2
[0.881s] -- Up-to-date symlink: /home/jay/capstonerobot_ws/install/turtlebot3_navigation2/share/ament_index/resource_index/parent_prefix_path/turtlebot3_navigation2
[0.881s] -- Up-to-date symlink: /home/jay/capstonerobot_ws/install/turtlebot3_navigation2/share/turtlebot3_navigation2/environment/ament_prefix_path.sh
[0.882s] -- Up-to-date symlink: /home/jay/capstonerobot_ws/install/turtlebot3_navigation2/share/turtlebot3_navigation2/environment/ament_prefix_path.dsv
[0.882s] -- Up-to-date symlink: /home/jay/capstonerobot_ws/install/turtlebot3_navigation2/share/turtlebot3_navigation2/environment/path.sh
[0.883s] -- Up-to-date symlink: /home/jay/capstonerobot_ws/install/turtlebot3_navigation2/share/turtlebot3_navigation2/environment/path.dsv
[0.885s] -- Up-to-date symlink: /home/jay/capstonerobot_ws/install/turtlebot3_navigation2/share/turtlebot3_navigation2/local_setup.bash
[0.885s] -- Up-to-date symlink: /home/jay/capstonerobot_ws/install/turtlebot3_navigation2/share/turtlebot3_navigation2/local_setup.sh
[0.886s] -- Up-to-date symlink: /home/jay/capstonerobot_ws/install/turtlebot3_navigation2/share/turtlebot3_navigation2/local_setup.zsh
[0.887s] -- Up-to-date symlink: /home/jay/capstonerobot_ws/install/turtlebot3_navigation2/share/turtlebot3_navigation2/local_setup.dsv
[0.887s] -- Symlinking: /home/jay/capstonerobot_ws/install/turtlebot3_navigation2/share/turtlebot3_navigation2/package.dsv
[0.906s] -- Up-to-date symlink: /home/jay/capstonerobot_ws/install/turtlebot3_navigation2/share/ament_index/resource_index/packages/turtlebot3_navigation2
[0.906s] -- Up-to-date symlink: /home/jay/capstonerobot_ws/install/turtlebot3_navigation2/share/turtlebot3_navigation2/cmake/turtlebot3_navigation2Config.cmake
[0.906s] -- Up-to-date symlink: /home/jay/capstonerobot_ws/install/turtlebot3_navigation2/share/turtlebot3_navigation2/cmake/turtlebot3_navigation2Config-version.cmake
[0.906s] -- Up-to-date symlink: /home/jay/capstonerobot_ws/install/turtlebot3_navigation2/share/turtlebot3_navigation2/package.xml
[0.914s] Invoked command in '/home/jay/capstonerobot_ws/build/turtlebot3_navigation2' returned '0': CMAKE_PREFIX_PATH=${CMAKE_PREFIX_PATH}:/home/jay/capstonerobot_ws/install/turtlebot3_teleop:/home/jay/capstonerobot_ws/install/turtlebot3_example:/opt/ros/foxy /usr/bin/cmake --install /home/jay/capstonerobot_ws/build/turtlebot3_navigation2
