[2.752s] Invoking command in '/home/jay/capstonerobot_ws/build/turtlebot3_example': AMENT_PREFIX_PATH=/home/jay/capstonerobot_ws/install/turtlebot3_msgs:${AMENT_PREFIX_PATH} CMAKE_PREFIX_PATH=/home/jay/capstonerobot_ws/install/turtlebot3_msgs:${CMAKE_PREFIX_PATH} LD_LIBRARY_PATH=/home/jay/capstonerobot_ws/install/turtlebot3_msgs/lib:${LD_LIBRARY_PATH} PYTHONPATH=/home/jay/capstonerobot_ws/build/turtlebot3_example/prefix_override:/home/jay/capstonerobot_ws/install/turtlebot3_example/lib/python3.8/site-packages:/home/jay/capstonerobot_ws/install/turtlebot3_msgs/lib/python3.8/site-packages:${PYTHONPATH} /usr/bin/python3 setup.py develop --editable --build-directory /home/jay/capstonerobot_ws/build/turtlebot3_example/build --no-deps install_data
[3.704s] running develop
[4.281s] running egg_info
[4.281s] creating turtlebot3_example.egg-info
[4.282s] writing turtlebot3_example.egg-info/PKG-INFO
[4.282s] writing dependency_links to turtlebot3_example.egg-info/dependency_links.txt
[4.282s] writing entry points to turtlebot3_example.egg-info/entry_points.txt
[4.283s] writing requirements to turtlebot3_example.egg-info/requires.txt
[4.284s] writing top-level names to turtlebot3_example.egg-info/top_level.txt
[4.294s] writing manifest file 'turtlebot3_example.egg-info/SOURCES.txt'
[4.443s] reading manifest file 'turtlebot3_example.egg-info/SOURCES.txt'
[4.444s] writing manifest file 'turtlebot3_example.egg-info/SOURCES.txt'
[4.589s] running build_ext
[4.590s] Creating /home/jay/capstonerobot_ws/install/turtlebot3_example/lib/python3.8/site-packages/site.py
[4.594s] Creating /home/jay/capstonerobot_ws/install/turtlebot3_example/lib/python3.8/site-packages/turtlebot3-example.egg-link (link to .)
[4.595s] Installing turtlebot3_obstacle_detection script to /home/jay/capstonerobot_ws/install/turtlebot3_example/lib/turtlebot3_example
[4.597s] Installing turtlebot3_patrol_client script to /home/jay/capstonerobot_ws/install/turtlebot3_example/lib/turtlebot3_example
[4.598s] Installing turtlebot3_patrol_server script to /home/jay/capstonerobot_ws/install/turtlebot3_example/lib/turtlebot3_example
[4.599s] Installing turtlebot3_position_control script to /home/jay/capstonerobot_ws/install/turtlebot3_example/lib/turtlebot3_example
[4.635s] 
[4.636s] Installed /home/jay/capstonerobot_ws/build/turtlebot3_example
[4.636s] running install_data
[4.636s] creating /home/jay/capstonerobot_ws/install/turtlebot3_example/share/ament_index
[4.636s] creating /home/jay/capstonerobot_ws/install/turtlebot3_example/share/ament_index/resource_index
[4.636s] creating /home/jay/capstonerobot_ws/install/turtlebot3_example/share/ament_index/resource_index/packages
[4.636s] copying resource/turtlebot3_example -> /home/jay/capstonerobot_ws/install/turtlebot3_example/share/ament_index/resource_index/packages
[4.636s] copying package.xml -> /home/jay/capstonerobot_ws/install/turtlebot3_example/share/turtlebot3_example
[4.738s] Invoked command in '/home/jay/capstonerobot_ws/build/turtlebot3_example' returned '0': AMENT_PREFIX_PATH=/home/jay/capstonerobot_ws/install/turtlebot3_msgs:${AMENT_PREFIX_PATH} CMAKE_PREFIX_PATH=/home/jay/capstonerobot_ws/install/turtlebot3_msgs:${CMAKE_PREFIX_PATH} LD_LIBRARY_PATH=/home/jay/capstonerobot_ws/install/turtlebot3_msgs/lib:${LD_LIBRARY_PATH} PYTHONPATH=/home/jay/capstonerobot_ws/build/turtlebot3_example/prefix_override:/home/jay/capstonerobot_ws/install/turtlebot3_example/lib/python3.8/site-packages:/home/jay/capstonerobot_ws/install/turtlebot3_msgs/lib/python3.8/site-packages:${PYTHONPATH} /usr/bin/python3 setup.py develop --editable --build-directory /home/jay/capstonerobot_ws/build/turtlebot3_example/build --no-deps install_data
