[0.044s] Invoking command in '/home/jay/capstonerobot_ws/build/drive_base_msgs': CMAKE_PREFIX_PATH=${CMAKE_PREFIX_PATH}:/home/jay/capstonerobot_ws/install/turtlebot3_teleop:/home/jay/capstonerobot_ws/install/turtlebot3_example:/opt/ros/foxy /usr/bin/cmake --build /home/jay/capstonerobot_ws/build/drive_base_msgs -- -j4 -l4
[0.187s] [  1%] Built target drive_base_msgs__cpp
[0.195s] [ 10%] Built target drive_base_msgs__rosidl_generator_c
[0.247s] [ 18%] Built target drive_base_msgs__rosidl_typesupport_microxrcedds_cpp
[0.261s] [ 27%] Built target drive_base_msgs__rosidl_typesupport_fastrtps_cpp
[0.275s] [ 39%] Built target drive_base_msgs__rosidl_typesupport_introspection_cpp
[0.278s] [ 44%] Built target drive_base_msgs__rosidl_typesupport_cpp
[0.316s] [ 53%] Built target drive_base_msgs__rosidl_typesupport_introspection_c
[0.331s] [ 62%] Built target drive_base_msgs__rosidl_typesupport_c
[0.354s] [ 71%] Built target drive_base_msgs__rosidl_typesupport_microxrcedds_c
[0.357s] [ 79%] Built target drive_base_msgs__rosidl_typesupport_fastrtps_c
[0.398s] [ 79%] Built target drive_base_msgs
[0.445s] [ 81%] Built target drive_base_msgs__py
[0.527s] [ 88%] Built target drive_base_msgs__python
[0.614s] [ 92%] Built target drive_base_msgs__rosidl_typesupport_c__pyext
[0.614s] [ 94%] Built target drive_base_msgs__rosidl_typesupport_microxrcedds_c__pyext
[0.615s] [ 97%] Built target drive_base_msgs__rosidl_typesupport_fastrtps_c__pyext
[0.619s] [100%] Built target drive_base_msgs__rosidl_typesupport_introspection_c__pyext
[0.656s] Invoked command in '/home/jay/capstonerobot_ws/build/drive_base_msgs' returned '0': CMAKE_PREFIX_PATH=${CMAKE_PREFIX_PATH}:/home/jay/capstonerobot_ws/install/turtlebot3_teleop:/home/jay/capstonerobot_ws/install/turtlebot3_example:/opt/ros/foxy /usr/bin/cmake --build /home/jay/capstonerobot_ws/build/drive_base_msgs -- -j4 -l4
[1.278s] Invoking command in '/home/jay/capstonerobot_ws/build/drive_base_msgs': CMAKE_PREFIX_PATH=${CMAKE_PREFIX_PATH}:/home/jay/capstonerobot_ws/install/turtlebot3_teleop:/home/jay/capstonerobot_ws/install/turtlebot3_example:/opt/ros/foxy /usr/bin/cmake --install /home/jay/capstonerobot_ws/build/drive_base_msgs
[1.295s] -- Install configuration: ""
[1.300s] -- Execute custom install script
[1.304s] -- Up-to-date symlink: /home/jay/capstonerobot_ws/install/drive_base_msgs/share/ament_index/resource_index/rosidl_interfaces/drive_base_msgs
[1.304s] -- Up-to-date symlink: /home/jay/capstonerobot_ws/install/drive_base_msgs/include/drive_base_msgs/msg/base_info.h
[1.304s] -- Up-to-date symlink: /home/jay/capstonerobot_ws/install/drive_base_msgs/include/drive_base_msgs/msg/command_header.h
[1.304s] -- Up-to-date symlink: /home/jay/capstonerobot_ws/install/drive_base_msgs/include/drive_base_msgs/msg/command_status.h
[1.305s] -- Up-to-date symlink: /home/jay/capstonerobot_ws/install/drive_base_msgs/include/drive_base_msgs/msg/detail/base_info__functions.h
[1.305s] -- Up-to-date symlink: /home/jay/capstonerobot_ws/install/drive_base_msgs/include/drive_base_msgs/msg/detail/base_info__struct.h
[1.305s] -- Up-to-date symlink: /home/jay/capstonerobot_ws/install/drive_base_msgs/include/drive_base_msgs/msg/detail/base_info__type_support.h
[1.305s] -- Up-to-date symlink: /home/jay/capstonerobot_ws/install/drive_base_msgs/include/drive_base_msgs/msg/detail/command_header__functions.h
[1.305s] -- Up-to-date symlink: /home/jay/capstonerobot_ws/install/drive_base_msgs/include/drive_base_msgs/msg/detail/command_header__struct.h
[1.305s] -- Up-to-date symlink: /home/jay/capstonerobot_ws/install/drive_base_msgs/include/drive_base_msgs/msg/detail/command_header__type_support.h
[1.305s] -- Up-to-date symlink: /home/jay/capstonerobot_ws/install/drive_base_msgs/include/drive_base_msgs/msg/detail/command_status__functions.h
[1.305s] -- Up-to-date symlink: /home/jay/capstonerobot_ws/install/drive_base_msgs/include/drive_base_msgs/msg/detail/command_status__struct.h
[1.307s] -- Up-to-date symlink: /home/jay/capstonerobot_ws/install/drive_base_msgs/include/drive_base_msgs/msg/detail/command_status__type_support.h
[1.314s] -- Up-to-date symlink: /home/jay/capstonerobot_ws/install/drive_base_msgs/include/drive_base_msgs/msg/detail/trv_command__functions.h
[1.314s] -- Up-to-date symlink: /home/jay/capstonerobot_ws/install/drive_base_msgs/include/drive_base_msgs/msg/detail/trv_command__struct.h
[1.315s] -- Up-to-date symlink: /home/jay/capstonerobot_ws/install/drive_base_msgs/include/drive_base_msgs/msg/detail/trv_command__type_support.h
[1.315s] -- Up-to-date symlink: /home/jay/capstonerobot_ws/install/drive_base_msgs/include/drive_base_msgs/msg/rosidl_generator_c__visibility_control.h
[1.315s] -- Up-to-date symlink: /home/jay/capstonerobot_ws/install/drive_base_msgs/include/drive_base_msgs/msg/trv_command.h
[1.315s] -- Up-to-date symlink: /home/jay/capstonerobot_ws/install/drive_base_msgs/share/drive_base_msgs/environment/library_path.sh
[1.316s] -- Up-to-date symlink: /home/jay/capstonerobot_ws/install/drive_base_msgs/share/drive_base_msgs/environment/library_path.dsv
[1.317s] -- Up-to-date symlink: /home/jay/capstonerobot_ws/install/drive_base_msgs/include/drive_base_msgs/msg/detail/base_info__rosidl_typesupport_microxrcedds_c.h
[1.317s] -- Up-to-date symlink: /home/jay/capstonerobot_ws/install/drive_base_msgs/include/drive_base_msgs/msg/detail/command_header__rosidl_typesupport_microxrcedds_c.h
[1.317s] -- Up-to-date symlink: /home/jay/capstonerobot_ws/install/drive_base_msgs/include/drive_base_msgs/msg/detail/command_status__rosidl_typesupport_microxrcedds_c.h
[1.319s] -- Up-to-date symlink: /home/jay/capstonerobot_ws/install/drive_base_msgs/include/drive_base_msgs/msg/detail/trv_command__rosidl_typesupport_microxrcedds_c.h
[1.319s] -- Up-to-date symlink: /home/jay/capstonerobot_ws/install/drive_base_msgs/include/drive_base_msgs/msg/rosidl_typesupport_microxrcedds_c__visibility_control.h
[1.320s] -- Up-to-date symlink: /home/jay/capstonerobot_ws/install/drive_base_msgs/lib/libdrive_base_msgs__rosidl_typesupport_microxrcedds_c.a
[1.327s] -- Up-to-date symlink: /home/jay/capstonerobot_ws/install/drive_base_msgs/include/drive_base_msgs/msg/detail/base_info__rosidl_typesupport_fastrtps_c.h
[1.329s] -- Up-to-date symlink: /home/jay/capstonerobot_ws/install/drive_base_msgs/include/drive_base_msgs/msg/detail/command_header__rosidl_typesupport_fastrtps_c.h
[1.329s] -- Up-to-date symlink: /home/jay/capstonerobot_ws/install/drive_base_msgs/include/drive_base_msgs/msg/detail/command_status__rosidl_typesupport_fastrtps_c.h
[1.330s] -- Up-to-date symlink: /home/jay/capstonerobot_ws/install/drive_base_msgs/include/drive_base_msgs/msg/detail/trv_command__rosidl_typesupport_fastrtps_c.h
[1.331s] -- Up-to-date symlink: /home/jay/capstonerobot_ws/install/drive_base_msgs/include/drive_base_msgs/msg/rosidl_typesupport_fastrtps_c__visibility_control.h
[1.333s] -- Up-to-date symlink: /home/jay/capstonerobot_ws/install/drive_base_msgs/lib/libdrive_base_msgs__rosidl_typesupport_fastrtps_c.so
[1.338s] -- Up-to-date symlink: /home/jay/capstonerobot_ws/install/drive_base_msgs/include/drive_base_msgs/msg/detail/base_info__rosidl_typesupport_fastrtps_cpp.hpp
[1.339s] -- Up-to-date symlink: /home/jay/capstonerobot_ws/install/drive_base_msgs/include/drive_base_msgs/msg/detail/command_header__rosidl_typesupport_fastrtps_cpp.hpp
[1.339s] -- Up-to-date symlink: /home/jay/capstonerobot_ws/install/drive_base_msgs/include/drive_base_msgs/msg/detail/command_status__rosidl_typesupport_fastrtps_cpp.hpp
[1.340s] -- Up-to-date symlink: /home/jay/capstonerobot_ws/install/drive_base_msgs/include/drive_base_msgs/msg/detail/trv_command__rosidl_typesupport_fastrtps_cpp.hpp
[1.340s] -- Up-to-date symlink: /home/jay/capstonerobot_ws/install/drive_base_msgs/include/drive_base_msgs/msg/rosidl_typesupport_fastrtps_cpp__visibility_control.h
[1.341s] -- Up-to-date symlink: /home/jay/capstonerobot_ws/install/drive_base_msgs/lib/libdrive_base_msgs__rosidl_typesupport_fastrtps_cpp.so
[1.343s] -- Up-to-date symlink: /home/jay/capstonerobot_ws/install/drive_base_msgs/include/drive_base_msgs/msg/detail/base_info__rosidl_typesupport_introspection_c.h
[1.343s] -- Up-to-date symlink: /home/jay/capstonerobot_ws/install/drive_base_msgs/include/drive_base_msgs/msg/detail/command_header__rosidl_typesupport_introspection_c.h
[1.345s] -- Up-to-date symlink: /home/jay/capstonerobot_ws/install/drive_base_msgs/include/drive_base_msgs/msg/detail/command_status__rosidl_typesupport_introspection_c.h
[1.345s] -- Up-to-date symlink: /home/jay/capstonerobot_ws/install/drive_base_msgs/include/drive_base_msgs/msg/detail/trv_command__rosidl_typesupport_introspection_c.h
[1.345s] -- Up-to-date symlink: /home/jay/capstonerobot_ws/install/drive_base_msgs/include/drive_base_msgs/msg/rosidl_typesupport_introspection_c__visibility_control.h
[1.347s] -- Up-to-date symlink: /home/jay/capstonerobot_ws/install/drive_base_msgs/include/drive_base_msgs/msg/base_info.hpp
[1.348s] -- Up-to-date symlink: /home/jay/capstonerobot_ws/install/drive_base_msgs/include/drive_base_msgs/msg/command_header.hpp
[1.348s] -- Up-to-date symlink: /home/jay/capstonerobot_ws/install/drive_base_msgs/include/drive_base_msgs/msg/command_status.hpp
[1.349s] -- Up-to-date symlink: /home/jay/capstonerobot_ws/install/drive_base_msgs/include/drive_base_msgs/msg/detail/base_info__builder.hpp
[1.349s] -- Up-to-date symlink: /home/jay/capstonerobot_ws/install/drive_base_msgs/include/drive_base_msgs/msg/detail/base_info__struct.hpp
[1.350s] -- Up-to-date symlink: /home/jay/capstonerobot_ws/install/drive_base_msgs/include/drive_base_msgs/msg/detail/base_info__traits.hpp
[1.351s] -- Up-to-date symlink: /home/jay/capstonerobot_ws/install/drive_base_msgs/include/drive_base_msgs/msg/detail/base_info__type_support.hpp
[1.351s] -- Up-to-date symlink: /home/jay/capstonerobot_ws/install/drive_base_msgs/include/drive_base_msgs/msg/detail/command_header__builder.hpp
[1.352s] -- Up-to-date symlink: /home/jay/capstonerobot_ws/install/drive_base_msgs/include/drive_base_msgs/msg/detail/command_header__struct.hpp
[1.352s] -- Up-to-date symlink: /home/jay/capstonerobot_ws/install/drive_base_msgs/include/drive_base_msgs/msg/detail/command_header__traits.hpp
[1.352s] -- Up-to-date symlink: /home/jay/capstonerobot_ws/install/drive_base_msgs/include/drive_base_msgs/msg/detail/command_header__type_support.hpp
[1.354s] -- Up-to-date symlink: /home/jay/capstonerobot_ws/install/drive_base_msgs/include/drive_base_msgs/msg/detail/command_status__builder.hpp
[1.354s] -- Up-to-date symlink: /home/jay/capstonerobot_ws/install/drive_base_msgs/include/drive_base_msgs/msg/detail/command_status__struct.hpp
[1.354s] -- Up-to-date symlink: /home/jay/capstonerobot_ws/install/drive_base_msgs/include/drive_base_msgs/msg/detail/command_status__traits.hpp
[1.354s] -- Up-to-date symlink: /home/jay/capstonerobot_ws/install/drive_base_msgs/include/drive_base_msgs/msg/detail/command_status__type_support.hpp
[1.359s] -- Up-to-date symlink: /home/jay/capstonerobot_ws/install/drive_base_msgs/include/drive_base_msgs/msg/detail/trv_command__builder.hpp
[1.359s] -- Up-to-date symlink: /home/jay/capstonerobot_ws/install/drive_base_msgs/include/drive_base_msgs/msg/detail/trv_command__struct.hpp
[1.359s] -- Up-to-date symlink: /home/jay/capstonerobot_ws/install/drive_base_msgs/include/drive_base_msgs/msg/detail/trv_command__traits.hpp
[1.360s] -- Up-to-date symlink: /home/jay/capstonerobot_ws/install/drive_base_msgs/include/drive_base_msgs/msg/detail/trv_command__type_support.hpp
[1.360s] -- Up-to-date symlink: /home/jay/capstonerobot_ws/install/drive_base_msgs/include/drive_base_msgs/msg/rosidl_generator_cpp__visibility_control.hpp
[1.360s] -- Up-to-date symlink: /home/jay/capstonerobot_ws/install/drive_base_msgs/include/drive_base_msgs/msg/trv_command.hpp
[1.360s] -- Up-to-date symlink: /home/jay/capstonerobot_ws/install/drive_base_msgs/include/drive_base_msgs/msg/detail/base_info__rosidl_typesupport_microxrcedds_cpp.hpp
[1.360s] -- Up-to-date symlink: /home/jay/capstonerobot_ws/install/drive_base_msgs/include/drive_base_msgs/msg/detail/command_header__rosidl_typesupport_microxrcedds_cpp.hpp
[1.360s] -- Up-to-date symlink: /home/jay/capstonerobot_ws/install/drive_base_msgs/include/drive_base_msgs/msg/detail/command_status__rosidl_typesupport_microxrcedds_cpp.hpp
[1.360s] -- Up-to-date symlink: /home/jay/capstonerobot_ws/install/drive_base_msgs/include/drive_base_msgs/msg/detail/microxrcedds/base_info__type_support_cpp.cpp
[1.360s] -- Up-to-date symlink: /home/jay/capstonerobot_ws/install/drive_base_msgs/include/drive_base_msgs/msg/detail/microxrcedds/command_header__type_support_cpp.cpp
[1.360s] -- Up-to-date symlink: /home/jay/capstonerobot_ws/install/drive_base_msgs/include/drive_base_msgs/msg/detail/microxrcedds/command_status__type_support_cpp.cpp
[1.360s] -- Up-to-date symlink: /home/jay/capstonerobot_ws/install/drive_base_msgs/include/drive_base_msgs/msg/detail/microxrcedds/trv_command__type_support_cpp.cpp
[1.360s] -- Up-to-date symlink: /home/jay/capstonerobot_ws/install/drive_base_msgs/include/drive_base_msgs/msg/detail/trv_command__rosidl_typesupport_microxrcedds_cpp.hpp
[1.361s] -- Up-to-date symlink: /home/jay/capstonerobot_ws/install/drive_base_msgs/include/drive_base_msgs/msg/rosidl_typesupport_microxrcedds_cpp__visibility_control.h
[1.362s] -- Up-to-date symlink: /home/jay/capstonerobot_ws/install/drive_base_msgs/lib/libdrive_base_msgs__rosidl_typesupport_microxrcedds_cpp.a
[1.365s] -- Up-to-date symlink: /home/jay/capstonerobot_ws/install/drive_base_msgs/include/drive_base_msgs/msg/detail/base_info__rosidl_typesupport_introspection_cpp.hpp
[1.365s] -- Up-to-date symlink: /home/jay/capstonerobot_ws/install/drive_base_msgs/include/drive_base_msgs/msg/detail/command_header__rosidl_typesupport_introspection_cpp.hpp
[1.365s] -- Up-to-date symlink: /home/jay/capstonerobot_ws/install/drive_base_msgs/include/drive_base_msgs/msg/detail/command_status__rosidl_typesupport_introspection_cpp.hpp
[1.365s] -- Up-to-date symlink: /home/jay/capstonerobot_ws/install/drive_base_msgs/include/drive_base_msgs/msg/detail/trv_command__rosidl_typesupport_introspection_cpp.hpp
[1.365s] -- Up-to-date symlink: /home/jay/capstonerobot_ws/install/drive_base_msgs/share/drive_base_msgs/environment/pythonpath.sh
[1.365s] -- Up-to-date symlink: /home/jay/capstonerobot_ws/install/drive_base_msgs/share/drive_base_msgs/environment/pythonpath.dsv
[1.365s] -- Up-to-date symlink: /home/jay/capstonerobot_ws/install/drive_base_msgs/lib/python3.8/site-packages/drive_base_msgs/__init__.py
[1.366s] -- Up-to-date symlink: /home/jay/capstonerobot_ws/install/drive_base_msgs/lib/python3.8/site-packages/drive_base_msgs/msg/__init__.py
[1.367s] -- Up-to-date symlink: /home/jay/capstonerobot_ws/install/drive_base_msgs/lib/python3.8/site-packages/drive_base_msgs/msg/_base_info.py
[1.367s] -- Up-to-date symlink: /home/jay/capstonerobot_ws/install/drive_base_msgs/lib/python3.8/site-packages/drive_base_msgs/msg/_command_header.py
[1.367s] -- Up-to-date symlink: /home/jay/capstonerobot_ws/install/drive_base_msgs/lib/python3.8/site-packages/drive_base_msgs/msg/_command_status.py
[1.367s] -- Up-to-date symlink: /home/jay/capstonerobot_ws/install/drive_base_msgs/lib/python3.8/site-packages/drive_base_msgs/msg/_trv_command.py
[1.368s] -- Up-to-date symlink: /home/jay/capstonerobot_ws/install/drive_base_msgs/lib/python3.8/site-packages/drive_base_msgs/drive_base_msgs_s__rosidl_typesupport_microxrcedds_c.cpython-38-aarch64-linux-gnu.so
[1.369s] -- Up-to-date symlink: /home/jay/capstonerobot_ws/install/drive_base_msgs/lib/python3.8/site-packages/drive_base_msgs/drive_base_msgs_s__rosidl_typesupport_fastrtps_c.cpython-38-aarch64-linux-gnu.so
[1.370s] -- Up-to-date symlink: /home/jay/capstonerobot_ws/install/drive_base_msgs/lib/python3.8/site-packages/drive_base_msgs/drive_base_msgs_s__rosidl_typesupport_introspection_c.cpython-38-aarch64-linux-gnu.so
[1.370s] -- Up-to-date symlink: /home/jay/capstonerobot_ws/install/drive_base_msgs/lib/python3.8/site-packages/drive_base_msgs/drive_base_msgs_s__rosidl_typesupport_c.cpython-38-aarch64-linux-gnu.so
[1.371s] -- Up-to-date symlink: /home/jay/capstonerobot_ws/install/drive_base_msgs/lib/libdrive_base_msgs__python.so
[1.371s] -- Up-to-date symlink: /home/jay/capstonerobot_ws/install/drive_base_msgs/share/drive_base_msgs/msg/CommandHeader.idl
[1.372s] -- Up-to-date symlink: /home/jay/capstonerobot_ws/install/drive_base_msgs/share/drive_base_msgs/msg/BaseInfo.idl
[1.372s] -- Up-to-date symlink: /home/jay/capstonerobot_ws/install/drive_base_msgs/share/drive_base_msgs/msg/CommandStatus.idl
[1.372s] -- Up-to-date symlink: /home/jay/capstonerobot_ws/install/drive_base_msgs/share/drive_base_msgs/msg/TRVCommand.idl
[1.374s] -- Up-to-date symlink: /home/jay/capstonerobot_ws/install/drive_base_msgs/share/drive_base_msgs/msg/CommandHeader.msg
[1.375s] -- Up-to-date symlink: /home/jay/capstonerobot_ws/install/drive_base_msgs/share/drive_base_msgs/msg/BaseInfo.msg
[1.375s] -- Up-to-date symlink: /home/jay/capstonerobot_ws/install/drive_base_msgs/share/drive_base_msgs/msg/CommandStatus.msg
[1.375s] -- Up-to-date symlink: /home/jay/capstonerobot_ws/install/drive_base_msgs/share/drive_base_msgs/msg/TRVCommand.msg
[1.375s] -- Up-to-date symlink: /home/jay/capstonerobot_ws/install/drive_base_msgs/share/ament_index/resource_index/package_run_dependencies/drive_base_msgs
[1.375s] -- Up-to-date symlink: /home/jay/capstonerobot_ws/install/drive_base_msgs/share/ament_index/resource_index/parent_prefix_path/drive_base_msgs
[1.376s] -- Up-to-date symlink: /home/jay/capstonerobot_ws/install/drive_base_msgs/share/drive_base_msgs/environment/ament_prefix_path.sh
[1.377s] -- Up-to-date symlink: /home/jay/capstonerobot_ws/install/drive_base_msgs/share/drive_base_msgs/environment/ament_prefix_path.dsv
[1.379s] -- Up-to-date symlink: /home/jay/capstonerobot_ws/install/drive_base_msgs/share/drive_base_msgs/environment/path.sh
[1.379s] -- Up-to-date symlink: /home/jay/capstonerobot_ws/install/drive_base_msgs/share/drive_base_msgs/environment/path.dsv
[1.381s] -- Up-to-date symlink: /home/jay/capstonerobot_ws/install/drive_base_msgs/share/drive_base_msgs/local_setup.bash
[1.381s] -- Up-to-date symlink: /home/jay/capstonerobot_ws/install/drive_base_msgs/share/drive_base_msgs/local_setup.sh
[1.382s] -- Up-to-date symlink: /home/jay/capstonerobot_ws/install/drive_base_msgs/share/drive_base_msgs/local_setup.zsh
[1.382s] -- Up-to-date symlink: /home/jay/capstonerobot_ws/install/drive_base_msgs/share/drive_base_msgs/local_setup.dsv
[1.382s] -- Symlinking: /home/jay/capstonerobot_ws/install/drive_base_msgs/share/drive_base_msgs/package.dsv
[1.400s] -- Up-to-date symlink: /home/jay/capstonerobot_ws/install/drive_base_msgs/share/ament_index/resource_index/packages/drive_base_msgs
[1.401s] -- Up-to-date symlink: /home/jay/capstonerobot_ws/install/drive_base_msgs/share/drive_base_msgs/cmake/rosidl_cmake-extras.cmake
[1.401s] -- Up-to-date symlink: /home/jay/capstonerobot_ws/install/drive_base_msgs/share/drive_base_msgs/cmake/ament_cmake_export_dependencies-extras.cmake
[1.401s] -- Up-to-date symlink: /home/jay/capstonerobot_ws/install/drive_base_msgs/share/drive_base_msgs/cmake/ament_cmake_export_libraries-extras.cmake
[1.402s] -- Up-to-date symlink: /home/jay/capstonerobot_ws/install/drive_base_msgs/share/drive_base_msgs/cmake/ament_cmake_export_targets-extras.cmake
[1.402s] -- Up-to-date symlink: /home/jay/capstonerobot_ws/install/drive_base_msgs/share/drive_base_msgs/cmake/ament_cmake_export_include_directories-extras.cmake
[1.402s] -- Up-to-date symlink: /home/jay/capstonerobot_ws/install/drive_base_msgs/share/drive_base_msgs/cmake/rosidl_cmake_export_typesupport_libraries-extras.cmake
[1.404s] -- Up-to-date symlink: /home/jay/capstonerobot_ws/install/drive_base_msgs/share/drive_base_msgs/cmake/rosidl_cmake_export_typesupport_targets-extras.cmake
[1.405s] -- Up-to-date symlink: /home/jay/capstonerobot_ws/install/drive_base_msgs/share/drive_base_msgs/cmake/drive_base_msgsConfig.cmake
[1.405s] -- Up-to-date symlink: /home/jay/capstonerobot_ws/install/drive_base_msgs/share/drive_base_msgs/cmake/drive_base_msgsConfig-version.cmake
[1.405s] -- Up-to-date symlink: /home/jay/capstonerobot_ws/install/drive_base_msgs/share/drive_base_msgs/package.xml
[1.405s] -- Up-to-date: /home/jay/capstonerobot_ws/install/drive_base_msgs/lib/libdrive_base_msgs__rosidl_generator_c.so
[1.405s] -- Up-to-date: /home/jay/capstonerobot_ws/install/drive_base_msgs/lib/libdrive_base_msgs__rosidl_typesupport_introspection_c.so
[1.406s] -- Up-to-date: /home/jay/capstonerobot_ws/install/drive_base_msgs/lib/libdrive_base_msgs__rosidl_typesupport_c.so
[1.406s] -- Up-to-date: /home/jay/capstonerobot_ws/install/drive_base_msgs/lib/libdrive_base_msgs__rosidl_typesupport_introspection_cpp.so
[1.406s] -- Up-to-date: /home/jay/capstonerobot_ws/install/drive_base_msgs/lib/libdrive_base_msgs__rosidl_typesupport_cpp.so
[1.466s] -- Up-to-date: /home/jay/capstonerobot_ws/install/drive_base_msgs/share/drive_base_msgs/cmake/drive_base_msgs__rosidl_generator_cExport.cmake
[1.466s] -- Up-to-date: /home/jay/capstonerobot_ws/install/drive_base_msgs/share/drive_base_msgs/cmake/drive_base_msgs__rosidl_generator_cExport-noconfig.cmake
[1.466s] -- Up-to-date: /home/jay/capstonerobot_ws/install/drive_base_msgs/share/drive_base_msgs/cmake/drive_base_msgs__rosidl_typesupport_introspection_cExport.cmake
[1.466s] -- Up-to-date: /home/jay/capstonerobot_ws/install/drive_base_msgs/share/drive_base_msgs/cmake/drive_base_msgs__rosidl_typesupport_introspection_cExport-noconfig.cmake
[1.467s] -- Up-to-date: /home/jay/capstonerobot_ws/install/drive_base_msgs/share/drive_base_msgs/cmake/drive_base_msgs__rosidl_typesupport_cExport.cmake
[1.467s] -- Up-to-date: /home/jay/capstonerobot_ws/install/drive_base_msgs/share/drive_base_msgs/cmake/drive_base_msgs__rosidl_typesupport_cExport-noconfig.cmake
[1.467s] -- Up-to-date: /home/jay/capstonerobot_ws/install/drive_base_msgs/share/drive_base_msgs/cmake/drive_base_msgs__rosidl_generator_cppExport.cmake
[1.467s] -- Up-to-date: /home/jay/capstonerobot_ws/install/drive_base_msgs/share/drive_base_msgs/cmake/drive_base_msgs__rosidl_typesupport_introspection_cppExport.cmake
[1.467s] -- Up-to-date: /home/jay/capstonerobot_ws/install/drive_base_msgs/share/drive_base_msgs/cmake/drive_base_msgs__rosidl_typesupport_introspection_cppExport-noconfig.cmake
[1.467s] -- Up-to-date: /home/jay/capstonerobot_ws/install/drive_base_msgs/share/drive_base_msgs/cmake/drive_base_msgs__rosidl_typesupport_cppExport.cmake
[1.467s] -- Up-to-date: /home/jay/capstonerobot_ws/install/drive_base_msgs/share/drive_base_msgs/cmake/drive_base_msgs__rosidl_typesupport_cppExport-noconfig.cmake
[1.665s] Invoked command in '/home/jay/capstonerobot_ws/build/drive_base_msgs' returned '0': CMAKE_PREFIX_PATH=${CMAKE_PREFIX_PATH}:/home/jay/capstonerobot_ws/install/turtlebot3_teleop:/home/jay/capstonerobot_ws/install/turtlebot3_example:/opt/ros/foxy /usr/bin/cmake --install /home/jay/capstonerobot_ws/build/drive_base_msgs
